[I 2025-08-14 21:08:50,120] Trial 38 finished with value: -0.6979166666666666 and parameters: {'learning_rate': 0.0002822819034812803, 'batch_size': 32, 'num_epochs': 345, 'temperature': 0.13535483074494314, 'embedding_dim': 512, 'hidden_dim': 512, 'dropout': 0.41601163299623356, 'num_layers': 2, 'num_heads': 4, 'noise_enabled': True, 'shift_enabled': True, 'scale_enabled': True, 'crop_enabled': True, 'flip_enabled': False, 'permutation_enabled': False, 'noise_level': 0.11327721675621537, 'crop_size': 0.704870903821857}. Best is trial 9 with value: -0.9270833333333334.
Actual device being used: cuda
Attempting to load data from: /vol/ecrg-solar/woodj4/fishy-business/data/REIMS.xlsx
Trial 38 finished with value: -0.6979166666666666 and parameters: {'learning_rate': 0.0002822819034812803, 'batch_size': 32, 'num_epochs': 345, 'temperature': 0.13535483074494314, 'embedding_dim': 512, 'hidden_dim': 512, 'dropout': 0.41601163299623356, 'num_layers': 2, 'num_heads': 4, 'noise_enabled': True, 'shift_enabled': True, 'scale_enabled': True, 'crop_enabled': True, 'flip_enabled': False, 'permutation_enabled': False, 'noise_level': 0.11327721675621537, 'crop_size': 0.704870903821857}. Best is trial 9 with value: -0.9270833333333334.
2025-08-14 21:08:50,146 - INFO - Using device: cuda
2025-08-14 21:08:59,782 - INFO - --- Starting Fold 1/3 ---
2025-08-14 21:08:59,783 - INFO - Generated pairs. Train: 1128 (Positive: 48). Val: 276 (Positive: 24)
2025-08-14 21:08:59,783 - INFO - Starting training for fold 1/3
2025-08-14 21:09:09,075 - INFO - Fold 1, Epoch 10: Val Acc: 0.34%
2025-08-14 21:09:11,324 - INFO - Fold 1, Epoch 20: Val Acc: 0.56%
2025-08-14 21:09:13,566 - INFO - Fold 1, Epoch 30: Val Acc: 0.44%
2025-08-14 21:09:15,824 - INFO - Fold 1, Epoch 40: Val Acc: 0.53%
2025-08-14 21:09:18,081 - INFO - Fold 1, Epoch 50: Val Acc: 0.44%
2025-08-14 21:09:20,337 - INFO - Fold 1, Epoch 60: Val Acc: 0.50%
2025-08-14 21:09:22,599 - INFO - Fold 1, Epoch 70: Val Acc: 0.50%
2025-08-14 21:09:24,854 - INFO - Fold 1, Epoch 80: Val Acc: 0.50%
2025-08-14 21:09:27,099 - INFO - Fold 1, Epoch 90: Val Acc: 0.56%
2025-08-14 21:09:29,354 - INFO - Fold 1, Epoch 100: Val Acc: 0.44%
2025-08-14 21:09:30,705 - INFO - Early stopping at epoch 106
2025-08-14 21:09:34,244 - INFO - --- Starting Fold 2/3 ---
2025-08-14 21:09:34,246 - INFO - Generated pairs. Train: 1128 (Positive: 48). Val: 276 (Positive: 24)
2025-08-14 21:09:34,247 - INFO - Starting training for fold 2/3
2025-08-14 21:09:41,316 - INFO - Fold 2, Epoch 10: Val Acc: 0.50%
2025-08-14 21:09:43,394 - INFO - Fold 2, Epoch 20: Val Acc: 0.47%
2025-08-14 21:09:45,452 - INFO - Fold 2, Epoch 30: Val Acc: 0.50%
2025-08-14 21:09:47,471 - INFO - Fold 2, Epoch 40: Val Acc: 0.56%
2025-08-14 21:09:49,673 - INFO - Fold 2, Epoch 50: Val Acc: 0.56%
2025-08-14 21:09:51,950 - INFO - Fold 2, Epoch 60: Val Acc: 0.47%
2025-08-14 21:09:54,211 - INFO - Fold 2, Epoch 70: Val Acc: 0.56%
2025-08-14 21:09:56,474 - INFO - Fold 2, Epoch 80: Val Acc: 0.56%
2025-08-14 21:09:58,723 - INFO - Fold 2, Epoch 90: Val Acc: 0.53%
2025-08-14 21:10:00,987 - INFO - Fold 2, Epoch 100: Val Acc: 0.53%
2025-08-14 21:10:02,453 - INFO - Early stopping at epoch 107
2025-08-14 21:10:03,524 - INFO - --- Starting Fold 3/3 ---
2025-08-14 21:10:03,526 - INFO - Generated pairs. Train: 1128 (Positive: 48). Val: 276 (Positive: 24)
2025-08-14 21:10:03,526 - INFO - Starting training for fold 3/3
2025-08-14 21:10:13,944 - INFO - Fold 3, Epoch 10: Val Acc: 0.44%
2025-08-14 21:10:16,291 - INFO - Fold 3, Epoch 20: Val Acc: 0.50%
2025-08-14 21:10:18,634 - INFO - Fold 3, Epoch 30: Val Acc: 0.62%
2025-08-14 21:10:20,968 - INFO - Fold 3, Epoch 40: Val Acc: 0.22%
2025-08-14 21:10:23,058 - INFO - Fold 3, Epoch 50: Val Acc: 0.62%
2025-08-14 21:10:25,138 - INFO - Fold 3, Epoch 60: Val Acc: 0.47%
2025-08-14 21:10:27,238 - INFO - Fold 3, Epoch 70: Val Acc: 0.41%
2025-08-14 21:10:29,087 - INFO - Fold 3, Epoch 80: Val Acc: 0.50%
2025-08-14 21:10:31,132 - INFO - Fold 3, Epoch 90: Val Acc: 0.50%
2025-08-14 21:10:33,304 - INFO - Fold 3, Epoch 100: Val Acc: 0.41%
2025-08-14 21:10:34,951 - INFO - Early stopping at epoch 109
2025-08-14 21:10:37,826 - INFO - Cross-validation statistics for transformer: {'train_loss': {'mean': np.float64(4.37966791788737), 'std': np.float64(0.10963865114827852)}, 'train_accuracy': {'mean': np.float64(0.5798611111111112), 'std': np.float64(0.01770492886664164)}, 'val_loss': {'mean': np.float64(4.506174405415853), 'std': np.float64(0.045021354456439795)}, 'val_accuracy': {'mean': np.float64(0.6875), 'std': np.float64(0.02551551815399144)}, 'epoch': {'mean': np.float64(6.333333333333333), 'std': np.float64(1.247219128924647)}}
[I 2025-08-14 21:10:37,838] Trial 39 finished with value: -0.6875 and parameters: {'learning_rate': 0.00016129674306002663, 'batch_size': 32, 'num_epochs': 837, 'temperature': 0.10444285969569325, 'embedding_dim': 128, 'hidden_dim': 256, 'dropout': 0.4735947825000902, 'num_layers': 5, 'num_heads': 8, 'noise_enabled': True, 'shift_enabled': False, 'scale_enabled': True, 'crop_enabled': False, 'flip_enabled': False, 'permutation_enabled': True, 'noise_level': 0.15961648659285416}. Best is trial 9 with value: -0.9270833333333334.
Actual device being used: cuda
Attempting to load data from: /vol/ecrg-solar/woodj4/fishy-business/data/REIMS.xlsx
Trial 39 finished with value: -0.6875 and parameters: {'learning_rate': 0.00016129674306002663, 'batch_size': 32, 'num_epochs': 837, 'temperature': 0.10444285969569325, 'embedding_dim': 128, 'hidden_dim': 256, 'dropout': 0.4735947825000902, 'num_layers': 5, 'num_heads': 8, 'noise_enabled': True, 'shift_enabled': False, 'scale_enabled': True, 'crop_enabled': False, 'flip_enabled': False, 'permutation_enabled': True, 'noise_level': 0.15961648659285416}. Best is trial 9 with value: -0.9270833333333334.
2025-08-14 21:10:37,910 - INFO - Using device: cuda
2025-08-14 21:10:47,832 - INFO - --- Starting Fold 1/3 ---
2025-08-14 21:10:47,834 - INFO - Generated pairs. Train: 1128 (Positive: 48). Val: 276 (Positive: 24)
2025-08-14 21:10:47,834 - WARNING - Fold 1 has insufficient pairs to form a batch. Skipping.
2025-08-14 21:10:47,834 - INFO - --- Starting Fold 2/3 ---
2025-08-14 21:10:47,836 - INFO - Generated pairs. Train: 1128 (Positive: 48). Val: 276 (Positive: 24)
2025-08-14 21:10:47,836 - WARNING - Fold 2 has insufficient pairs to form a batch. Skipping.
2025-08-14 21:10:47,836 - INFO - --- Starting Fold 3/3 ---
2025-08-14 21:10:47,837 - INFO - Generated pairs. Train: 1128 (Positive: 48). Val: 276 (Positive: 24)
2025-08-14 21:10:47,837 - WARNING - Fold 3 has insufficient pairs to form a batch. Skipping.
2025-08-14 21:10:47,838 - WARNING - No folds completed successfully to aggregate metrics.
[I 2025-08-14 21:10:47,841] Trial 40 finished with value: inf and parameters: {'learning_rate': 4.300376557453301e-05, 'batch_size': 64, 'num_epochs': 208, 'temperature': 0.2752649199199903, 'embedding_dim': 256, 'hidden_dim': 256, 'dropout': 0.35229226292957655, 'num_layers': 6, 'num_heads': 2, 'noise_enabled': False, 'shift_enabled': False, 'scale_enabled': False, 'crop_enabled': True, 'flip_enabled': True, 'permutation_enabled': False, 'crop_size': 0.7313569525510863}. Best is trial 9 with value: -0.9270833333333334.
Actual device being used: cuda
Attempting to load data from: /vol/ecrg-solar/woodj4/fishy-business/data/REIMS.xlsx
Trial 40 finished with value: inf and parameters: {'learning_rate': 4.300376557453301e-05, 'batch_size': 64, 'num_epochs': 208, 'temperature': 0.2752649199199903, 'embedding_dim': 256, 'hidden_dim': 256, 'dropout': 0.35229226292957655, 'num_layers': 6, 'num_heads': 2, 'noise_enabled': False, 'shift_enabled': False, 'scale_enabled': False, 'crop_enabled': True, 'flip_enabled': True, 'permutation_enabled': False, 'crop_size': 0.7313569525510863}. Best is trial 9 with value: -0.9270833333333334.
2025-08-14 21:10:47,874 - INFO - Using device: cuda
2025-08-14 21:10:57,839 - INFO - --- Starting Fold 1/3 ---
2025-08-14 21:10:57,842 - INFO - Generated pairs. Train: 1128 (Positive: 48). Val: 276 (Positive: 24)
2025-08-14 21:10:57,842 - INFO - Starting training for fold 1/3
2025-08-14 21:11:06,863 - INFO - Fold 1, Epoch 10: Val Acc: 0.53%
2025-08-14 21:11:11,158 - INFO - Fold 1, Epoch 20: Val Acc: 0.72%
2025-08-14 21:11:13,503 - INFO - Fold 1, Epoch 30: Val Acc: 0.69%
2025-08-14 21:11:19,697 - INFO - Fold 1, Epoch 40: Val Acc: 0.59%
2025-08-14 21:11:24,220 - INFO - Fold 1, Epoch 50: Val Acc: 0.75%
2025-08-14 21:11:29,017 - INFO - Fold 1, Epoch 60: Val Acc: 0.81%
2025-08-14 21:11:33,364 - INFO - Fold 1, Epoch 70: Val Acc: 0.78%
2025-08-14 21:11:35,581 - INFO - Fold 1, Epoch 80: Val Acc: 0.66%
2025-08-14 21:11:37,800 - INFO - Fold 1, Epoch 90: Val Acc: 0.69%
2025-08-14 21:11:40,021 - INFO - Fold 1, Epoch 100: Val Acc: 0.69%
2025-08-14 21:11:42,248 - INFO - Fold 1, Epoch 110: Val Acc: 0.72%
2025-08-14 21:11:44,461 - INFO - Fold 1, Epoch 120: Val Acc: 0.69%
2025-08-14 21:11:46,670 - INFO - Fold 1, Epoch 130: Val Acc: 0.69%
2025-08-14 21:11:48,889 - INFO - Fold 1, Epoch 140: Val Acc: 0.72%
2025-08-14 21:11:51,060 - INFO - Fold 1, Epoch 150: Val Acc: 0.69%
2025-08-14 21:11:55,573 - INFO - Fold 1, Epoch 160: Val Acc: 0.66%
2025-08-14 21:11:57,796 - INFO - Fold 1, Epoch 170: Val Acc: 0.53%
2025-08-14 21:12:00,013 - INFO - Fold 1, Epoch 180: Val Acc: 0.75%
2025-08-14 21:12:02,208 - INFO - Fold 1, Epoch 190: Val Acc: 0.62%
2025-08-14 21:12:04,502 - INFO - Fold 1, Epoch 200: Val Acc: 0.75%
2025-08-14 21:12:06,803 - INFO - Fold 1, Epoch 210: Val Acc: 0.62%
2025-08-14 21:12:09,057 - INFO - Fold 1, Epoch 220: Val Acc: 0.88%
2025-08-14 21:12:11,342 - INFO - Fold 1, Epoch 230: Val Acc: 0.72%
2025-08-14 21:12:13,568 - INFO - Fold 1, Epoch 240: Val Acc: 0.66%
2025-08-14 21:12:15,791 - INFO - Fold 1, Epoch 250: Val Acc: 0.72%
2025-08-14 21:12:17,800 - INFO - Early stopping at epoch 259
2025-08-14 21:12:21,414 - INFO - --- Starting Fold 2/3 ---
2025-08-14 21:12:21,417 - INFO - Generated pairs. Train: 1128 (Positive: 48). Val: 276 (Positive: 24)
2025-08-14 21:12:21,418 - INFO - Starting training for fold 2/3
2025-08-14 21:12:26,867 - INFO - Fold 2, Epoch 10: Val Acc: 0.62%
2025-08-14 21:12:32,057 - INFO - Fold 2, Epoch 20: Val Acc: 0.75%
2025-08-14 21:12:34,321 - INFO - Fold 2, Epoch 30: Val Acc: 0.69%
2025-08-14 21:12:39,483 - INFO - Fold 2, Epoch 40: Val Acc: 0.62%
2025-08-14 21:12:41,411 - INFO - Fold 2, Epoch 50: Val Acc: 0.69%
2025-08-14 21:12:43,285 - INFO - Fold 2, Epoch 60: Val Acc: 0.69%
2025-08-14 21:12:45,487 - INFO - Fold 2, Epoch 70: Val Acc: 0.78%
2025-08-14 21:12:47,708 - INFO - Fold 2, Epoch 80: Val Acc: 0.75%
2025-08-14 21:12:49,929 - INFO - Fold 2, Epoch 90: Val Acc: 0.62%
2025-08-14 21:12:52,108 - INFO - Fold 2, Epoch 100: Val Acc: 0.75%
2025-08-14 21:12:54,098 - INFO - Fold 2, Epoch 110: Val Acc: 0.78%
2025-08-14 21:12:56,026 - INFO - Fold 2, Epoch 120: Val Acc: 0.69%
2025-08-14 21:12:58,072 - INFO - Fold 2, Epoch 130: Val Acc: 0.78%
2025-08-14 21:13:06,931 - INFO - Fold 2, Epoch 140: Val Acc: 0.72%
2025-08-14 21:13:09,245 - INFO - Fold 2, Epoch 150: Val Acc: 0.75%
2025-08-14 21:13:11,570 - INFO - Fold 2, Epoch 160: Val Acc: 0.81%
2025-08-14 21:13:13,759 - INFO - Fold 2, Epoch 170: Val Acc: 0.69%
2025-08-14 21:13:15,980 - INFO - Fold 2, Epoch 180: Val Acc: 0.72%
2025-08-14 21:13:18,214 - INFO - Fold 2, Epoch 190: Val Acc: 0.78%
2025-08-14 21:13:20,383 - INFO - Fold 2, Epoch 200: Val Acc: 0.66%
2025-08-14 21:13:22,369 - INFO - Fold 2, Epoch 210: Val Acc: 0.78%
2025-08-14 21:13:24,594 - INFO - Fold 2, Epoch 220: Val Acc: 0.78%
2025-08-14 21:13:26,866 - INFO - Fold 2, Epoch 230: Val Acc: 0.62%
2025-08-14 21:13:27,763 - INFO - Early stopping at epoch 234
2025-08-14 21:13:30,935 - INFO - --- Starting Fold 3/3 ---
2025-08-14 21:13:30,938 - INFO - Generated pairs. Train: 1128 (Positive: 48). Val: 276 (Positive: 24)
2025-08-14 21:13:30,939 - INFO - Starting training for fold 3/3
2025-08-14 21:13:36,171 - INFO - Fold 3, Epoch 10: Val Acc: 0.56%
2025-08-14 21:13:38,384 - INFO - Fold 3, Epoch 20: Val Acc: 0.69%
2025-08-14 21:13:40,245 - INFO - Fold 3, Epoch 30: Val Acc: 0.69%
2025-08-14 21:13:43,537 - INFO - Fold 3, Epoch 40: Val Acc: 0.59%
2025-08-14 21:13:47,109 - INFO - Fold 3, Epoch 50: Val Acc: 0.56%
2025-08-14 21:13:49,109 - INFO - Fold 3, Epoch 60: Val Acc: 0.75%
2025-08-14 21:13:51,120 - INFO - Fold 3, Epoch 70: Val Acc: 0.69%
2025-08-14 21:13:53,346 - INFO - Fold 3, Epoch 80: Val Acc: 0.75%
2025-08-14 21:13:55,529 - INFO - Fold 3, Epoch 90: Val Acc: 0.75%
2025-08-14 21:13:57,413 - INFO - Fold 3, Epoch 100: Val Acc: 0.84%
2025-08-14 21:13:59,481 - INFO - Fold 3, Epoch 110: Val Acc: 0.75%
2025-08-14 21:14:01,712 - INFO - Fold 3, Epoch 120: Val Acc: 0.75%
2025-08-14 21:14:03,941 - INFO - Fold 3, Epoch 130: Val Acc: 0.59%
2025-08-14 21:14:06,156 - INFO - Fold 3, Epoch 140: Val Acc: 0.81%
2025-08-14 21:14:06,818 - INFO - Early stopping at epoch 143
2025-08-14 21:14:07,896 - INFO - Cross-validation statistics for transformer: {'train_loss': {'mean': np.float64(3.9150839911566844), 'std': np.float64(0.05397183794236344)}, 'train_accuracy': {'mean': np.float64(0.7986111111111112), 'std': np.float64(0.055338116147601465)}, 'val_loss': {'mean': np.float64(4.188106218973796), 'std': np.float64(0.14277403085523696)}, 'val_accuracy': {'mean': np.float64(0.8958333333333334), 'std': np.float64(0.03897559777889522)}, 'epoch': {'mean': np.float64(111.0), 'std': np.float64(49.846430831772366)}}
[I 2025-08-14 21:14:07,905] Trial 41 finished with value: -0.8958333333333334 and parameters: {'learning_rate': 0.0006550955477461384, 'batch_size': 32, 'num_epochs': 783, 'temperature': 0.345507539860811, 'embedding_dim': 128, 'hidden_dim': 256, 'dropout': 0.4624982597705408, 'num_layers': 5, 'num_heads': 8, 'noise_enabled': True, 'shift_enabled': False, 'scale_enabled': True, 'crop_enabled': True, 'flip_enabled': False, 'permutation_enabled': False, 'noise_level': 0.17889261102684437, 'crop_size': 0.5244282707407575}. Best is trial 9 with value: -0.9270833333333334.
Actual device being used: cuda
Attempting to load data from: /vol/ecrg-solar/woodj4/fishy-business/data/REIMS.xlsx
Trial 41 finished with value: -0.8958333333333334 and parameters: {'learning_rate': 0.0006550955477461384, 'batch_size': 32, 'num_epochs': 783, 'temperature': 0.345507539860811, 'embedding_dim': 128, 'hidden_dim': 256, 'dropout': 0.4624982597705408, 'num_layers': 5, 'num_heads': 8, 'noise_enabled': True, 'shift_enabled': False, 'scale_enabled': True, 'crop_enabled': True, 'flip_enabled': False, 'permutation_enabled': False, 'noise_level': 0.17889261102684437, 'crop_size': 0.5244282707407575}. Best is trial 9 with value: -0.9270833333333334.
2025-08-14 21:14:07,934 - INFO - Using device: cuda
2025-08-14 21:14:17,731 - INFO - --- Starting Fold 1/3 ---
2025-08-14 21:14:17,733 - INFO - Generated pairs. Train: 1128 (Positive: 48). Val: 276 (Positive: 24)
2025-08-14 21:14:17,733 - INFO - Starting training for fold 1/3
2025-08-14 21:14:22,472 - INFO - Fold 1, Epoch 10: Val Acc: 0.50%
2025-08-14 21:14:26,792 - INFO - Fold 1, Epoch 20: Val Acc: 0.56%
2025-08-14 21:14:31,372 - INFO - Fold 1, Epoch 30: Val Acc: 0.53%
2025-08-14 21:14:38,340 - INFO - Fold 1, Epoch 40: Val Acc: 0.66%
2025-08-14 21:14:42,787 - INFO - Fold 1, Epoch 50: Val Acc: 0.69%
2025-08-14 21:14:47,391 - INFO - Fold 1, Epoch 60: Val Acc: 0.62%
2025-08-14 21:14:51,821 - INFO - Fold 1, Epoch 70: Val Acc: 0.94%
2025-08-14 21:14:54,087 - INFO - Fold 1, Epoch 80: Val Acc: 0.84%
2025-08-14 21:14:56,303 - INFO - Fold 1, Epoch 90: Val Acc: 0.72%
2025-08-14 21:14:58,530 - INFO - Fold 1, Epoch 100: Val Acc: 0.75%
2025-08-14 21:15:00,764 - INFO - Fold 1, Epoch 110: Val Acc: 0.78%
2025-08-14 21:15:02,993 - INFO - Fold 1, Epoch 120: Val Acc: 0.62%
2025-08-14 21:15:05,217 - INFO - Fold 1, Epoch 130: Val Acc: 0.72%
2025-08-14 21:15:07,427 - INFO - Fold 1, Epoch 140: Val Acc: 0.78%
2025-08-14 21:15:09,645 - INFO - Fold 1, Epoch 150: Val Acc: 0.56%
2025-08-14 21:15:11,859 - INFO - Fold 1, Epoch 160: Val Acc: 0.66%
2025-08-14 21:15:14,088 - INFO - Early stopping at epoch 170
2025-08-14 21:15:17,827 - INFO - --- Starting Fold 2/3 ---
2025-08-14 21:15:17,829 - INFO - Generated pairs. Train: 1128 (Positive: 48). Val: 276 (Positive: 24)
2025-08-14 21:15:17,830 - INFO - Starting training for fold 2/3
2025-08-14 21:15:24,616 - INFO - Fold 2, Epoch 10: Val Acc: 0.50%
2025-08-14 21:15:26,938 - INFO - Fold 2, Epoch 20: Val Acc: 0.56%
2025-08-14 21:15:30,767 - INFO - Fold 2, Epoch 30: Val Acc: 0.72%
2025-08-14 21:15:36,018 - INFO - Fold 2, Epoch 40: Val Acc: 0.81%
2025-08-14 21:15:38,014 - INFO - Fold 2, Epoch 50: Val Acc: 0.78%
2025-08-14 21:15:41,331 - INFO - Fold 2, Epoch 60: Val Acc: 0.81%
2025-08-14 21:15:43,656 - INFO - Fold 2, Epoch 70: Val Acc: 0.72%
2025-08-14 21:15:45,873 - INFO - Fold 2, Epoch 80: Val Acc: 0.62%
2025-08-14 21:15:48,092 - INFO - Fold 2, Epoch 90: Val Acc: 0.72%
2025-08-14 21:15:50,318 - INFO - Fold 2, Epoch 100: Val Acc: 0.69%
2025-08-14 21:15:52,525 - INFO - Fold 2, Epoch 110: Val Acc: 0.78%
2025-08-14 21:15:54,751 - INFO - Fold 2, Epoch 120: Val Acc: 0.72%
2025-08-14 21:15:58,498 - INFO - Fold 2, Epoch 130: Val Acc: 0.84%
2025-08-14 21:16:00,737 - INFO - Fold 2, Epoch 140: Val Acc: 0.72%
2025-08-14 21:16:04,469 - INFO - Fold 2, Epoch 150: Val Acc: 0.66%
2025-08-14 21:16:06,705 - INFO - Fold 2, Epoch 160: Val Acc: 0.81%
2025-08-14 21:16:08,936 - INFO - Fold 2, Epoch 170: Val Acc: 0.72%
2025-08-14 21:16:11,169 - INFO - Fold 2, Epoch 180: Val Acc: 0.84%
2025-08-14 21:16:13,408 - INFO - Fold 2, Epoch 190: Val Acc: 0.72%
2025-08-14 21:16:15,643 - INFO - Fold 2, Epoch 200: Val Acc: 0.81%
2025-08-14 21:16:17,869 - INFO - Fold 2, Epoch 210: Val Acc: 0.78%
2025-08-14 21:16:20,093 - INFO - Fold 2, Epoch 220: Val Acc: 0.81%
2025-08-14 21:16:22,323 - INFO - Fold 2, Epoch 230: Val Acc: 0.81%
2025-08-14 21:16:24,553 - INFO - Fold 2, Epoch 240: Val Acc: 0.81%
2025-08-14 21:16:26,564 - INFO - Early stopping at epoch 249
2025-08-14 21:16:27,661 - INFO - --- Starting Fold 3/3 ---
2025-08-14 21:16:27,662 - INFO - Generated pairs. Train: 1128 (Positive: 48). Val: 276 (Positive: 24)
2025-08-14 21:16:27,663 - INFO - Starting training for fold 3/3
2025-08-14 21:16:37,126 - INFO - Fold 3, Epoch 10: Val Acc: 0.66%
2025-08-14 21:16:40,837 - INFO - Fold 3, Epoch 20: Val Acc: 0.62%
2025-08-14 21:16:44,064 - INFO - Fold 3, Epoch 30: Val Acc: 0.66%
2025-08-14 21:16:47,181 - INFO - Fold 3, Epoch 40: Val Acc: 0.72%
2025-08-14 21:16:48,937 - INFO - Fold 3, Epoch 50: Val Acc: 0.72%
2025-08-14 21:16:52,556 - INFO - Fold 3, Epoch 60: Val Acc: 0.72%
2025-08-14 21:16:54,772 - INFO - Fold 3, Epoch 70: Val Acc: 0.62%
2025-08-14 21:16:56,940 - INFO - Fold 3, Epoch 80: Val Acc: 0.75%
2025-08-14 21:16:59,157 - INFO - Fold 3, Epoch 90: Val Acc: 0.72%
2025-08-14 21:17:01,336 - INFO - Fold 3, Epoch 100: Val Acc: 0.78%
2025-08-14 21:17:03,546 - INFO - Fold 3, Epoch 110: Val Acc: 0.84%
2025-08-14 21:17:07,184 - INFO - Fold 3, Epoch 120: Val Acc: 0.84%
2025-08-14 21:17:09,411 - INFO - Fold 3, Epoch 130: Val Acc: 0.81%
2025-08-14 21:17:11,637 - INFO - Fold 3, Epoch 140: Val Acc: 0.72%
2025-08-14 21:17:13,870 - INFO - Fold 3, Epoch 150: Val Acc: 0.81%
2025-08-14 21:17:16,114 - INFO - Fold 3, Epoch 160: Val Acc: 0.59%
2025-08-14 21:17:18,356 - INFO - Fold 3, Epoch 170: Val Acc: 0.81%
2025-08-14 21:17:20,502 - INFO - Fold 3, Epoch 180: Val Acc: 0.72%
2025-08-14 21:17:22,739 - INFO - Fold 3, Epoch 190: Val Acc: 0.78%
2025-08-14 21:17:25,037 - INFO - Fold 3, Epoch 200: Val Acc: 0.84%
2025-08-14 21:17:27,346 - INFO - Fold 3, Epoch 210: Val Acc: 0.72%
2025-08-14 21:17:28,971 - INFO - Early stopping at epoch 218
2025-08-14 21:17:30,049 - INFO - Cross-validation statistics for transformer: {'train_loss': {'mean': np.float64(3.918392605251736), 'std': np.float64(0.01273904240183942)}, 'train_accuracy': {'mean': np.float64(0.7534722222222222), 'std': np.float64(0.038351947976344655)}, 'val_loss': {'mean': np.float64(4.147323290506999), 'std': np.float64(0.06581395072366839)}, 'val_accuracy': {'mean': np.float64(0.9166666666666666), 'std': np.float64(0.01473139127471974)}, 'epoch': {'mean': np.float64(111.33333333333333), 'std': np.float64(32.49957264676295)}}
[I 2025-08-14 21:17:30,057] Trial 42 finished with value: -0.9166666666666666 and parameters: {'learning_rate': 0.0005192713725677051, 'batch_size': 32, 'num_epochs': 917, 'temperature': 0.4244034461680719, 'embedding_dim': 128, 'hidden_dim': 256, 'dropout': 0.47069132583378237, 'num_layers': 5, 'num_heads': 8, 'noise_enabled': True, 'shift_enabled': False, 'scale_enabled': True, 'crop_enabled': True, 'flip_enabled': False, 'permutation_enabled': False, 'noise_level': 0.1835741046016601, 'crop_size': 0.5434292518082771}. Best is trial 9 with value: -0.9270833333333334.
Actual device being used: cuda
Attempting to load data from: /vol/ecrg-solar/woodj4/fishy-business/data/REIMS.xlsx
