Trial 27 finished with value: -0.8854166666666666 and parameters: {'learning_rate': 0.00021192033260971922, 'batch_size': 32, 'num_epochs': 924, 'temperature': 0.18940435417109208, 'embedding_dim': 128, 'hidden_dim': 256, 'dropout': 0.34647329757148604, 'num_layers': 6, 'num_heads': 8, 'noise_enabled': True, 'shift_enabled': False, 'scale_enabled': True, 'crop_enabled': True, 'flip_enabled': False, 'permutation_enabled': False, 'noise_level': 0.18088631583986903, 'crop_size': 0.8971980342960614}. Best is trial 9 with value: -0.9270833333333334.
2025-08-14 20:44:50,357 - INFO - Using device: cuda
2025-08-14 20:45:00,041 - INFO - --- Starting Fold 1/3 ---
2025-08-14 20:45:00,046 - INFO - Generated pairs. Train: 1128 (Positive: 48). Val: 276 (Positive: 24)
2025-08-14 20:45:00,047 - INFO - Starting training for fold 1/3
/usr/pkg/lib/python3.12/site-packages/torch/optim/lr_scheduler.py:227: UserWarning: Detected call of `lr_scheduler.step()` before `optimizer.step()`. In PyTorch 1.1.0 and later, you should call them in the opposite order: `optimizer.step()` before `lr_scheduler.step()`.  Failure to do this will result in PyTorch skipping the first value of the learning rate schedule. See more details at https://pytorch.org/docs/stable/optim.html#how-to-adjust-learning-rate
  warnings.warn(
2025-08-14 20:45:10,436 - INFO - Fold 1, Epoch 10: Val Acc: 0.44%
2025-08-14 20:45:15,127 - INFO - Fold 1, Epoch 20: Val Acc: 0.60%
2025-08-14 20:45:18,082 - INFO - Fold 1, Epoch 30: Val Acc: 0.62%
2025-08-14 20:45:21,060 - INFO - Fold 1, Epoch 40: Val Acc: 0.58%
2025-08-14 20:45:24,024 - INFO - Fold 1, Epoch 50: Val Acc: 0.65%
2025-08-14 20:45:28,345 - INFO - Fold 1, Epoch 60: Val Acc: 0.67%
2025-08-14 20:45:31,296 - INFO - Fold 1, Epoch 70: Val Acc: 0.60%
2025-08-14 20:45:33,790 - INFO - Fold 1, Epoch 80: Val Acc: 0.73%
2025-08-14 20:45:36,583 - INFO - Fold 1, Epoch 90: Val Acc: 0.60%
2025-08-14 20:45:39,175 - INFO - Fold 1, Epoch 100: Val Acc: 0.65%
2025-08-14 20:45:41,472 - INFO - Fold 1, Epoch 110: Val Acc: 0.62%
2025-08-14 20:45:44,444 - INFO - Fold 1, Epoch 120: Val Acc: 0.67%
2025-08-14 20:45:47,395 - INFO - Fold 1, Epoch 130: Val Acc: 0.62%
2025-08-14 20:45:50,347 - INFO - Fold 1, Epoch 140: Val Acc: 0.77%
2025-08-14 20:45:53,309 - INFO - Fold 1, Epoch 150: Val Acc: 0.65%
2025-08-14 20:45:53,606 - INFO - Early stopping at epoch 151
2025-08-14 20:45:55,829 - INFO - --- Starting Fold 2/3 ---
2025-08-14 20:45:55,831 - INFO - Generated pairs. Train: 1128 (Positive: 48). Val: 276 (Positive: 24)
2025-08-14 20:45:55,832 - INFO - Starting training for fold 2/3
/usr/pkg/lib/python3.12/site-packages/torch/optim/lr_scheduler.py:227: UserWarning: Detected call of `lr_scheduler.step()` before `optimizer.step()`. In PyTorch 1.1.0 and later, you should call them in the opposite order: `optimizer.step()` before `lr_scheduler.step()`.  Failure to do this will result in PyTorch skipping the first value of the learning rate schedule. See more details at https://pytorch.org/docs/stable/optim.html#how-to-adjust-learning-rate
  warnings.warn(
2025-08-14 20:46:01,468 - INFO - Fold 2, Epoch 10: Val Acc: 0.67%
2025-08-14 20:46:06,353 - INFO - Fold 2, Epoch 20: Val Acc: 0.67%
2025-08-14 20:46:09,328 - INFO - Fold 2, Epoch 30: Val Acc: 0.69%
2025-08-14 20:46:12,282 - INFO - Fold 2, Epoch 40: Val Acc: 0.75%
2025-08-14 20:46:16,240 - INFO - Fold 2, Epoch 50: Val Acc: 0.65%
2025-08-14 20:46:20,246 - INFO - Fold 2, Epoch 60: Val Acc: 0.71%
2025-08-14 20:46:23,152 - INFO - Fold 2, Epoch 70: Val Acc: 0.69%
2025-08-14 20:46:26,128 - INFO - Fold 2, Epoch 80: Val Acc: 0.77%
2025-08-14 20:46:29,079 - INFO - Fold 2, Epoch 90: Val Acc: 0.69%
2025-08-14 20:46:32,926 - INFO - Fold 2, Epoch 100: Val Acc: 0.85%
2025-08-14 20:46:35,844 - INFO - Fold 2, Epoch 110: Val Acc: 0.73%
2025-08-14 20:46:38,528 - INFO - Fold 2, Epoch 120: Val Acc: 0.60%
2025-08-14 20:46:41,299 - INFO - Fold 2, Epoch 130: Val Acc: 0.77%
2025-08-14 20:46:44,234 - INFO - Fold 2, Epoch 140: Val Acc: 0.81%
2025-08-14 20:46:47,133 - INFO - Fold 2, Epoch 150: Val Acc: 0.73%
2025-08-14 20:46:50,040 - INFO - Fold 2, Epoch 160: Val Acc: 0.67%
2025-08-14 20:46:52,982 - INFO - Fold 2, Epoch 170: Val Acc: 0.81%
2025-08-14 20:46:55,931 - INFO - Fold 2, Epoch 180: Val Acc: 0.73%
2025-08-14 20:46:59,921 - INFO - Fold 2, Epoch 190: Val Acc: 0.73%
2025-08-14 20:47:02,833 - INFO - Fold 2, Epoch 200: Val Acc: 0.67%
2025-08-14 20:47:05,678 - INFO - Fold 2, Epoch 210: Val Acc: 0.69%
2025-08-14 20:47:08,621 - INFO - Fold 2, Epoch 220: Val Acc: 0.75%
2025-08-14 20:47:11,301 - INFO - Fold 2, Epoch 230: Val Acc: 0.79%
2025-08-14 20:47:14,204 - INFO - Fold 2, Epoch 240: Val Acc: 0.79%
2025-08-14 20:47:17,025 - INFO - Fold 2, Epoch 250: Val Acc: 0.75%
2025-08-14 20:47:19,554 - INFO - Fold 2, Epoch 260: Val Acc: 0.69%
2025-08-14 20:47:22,500 - INFO - Fold 2, Epoch 270: Val Acc: 0.67%
2025-08-14 20:47:25,262 - INFO - Fold 2, Epoch 280: Val Acc: 0.79%
2025-08-14 20:47:26,310 - INFO - Early stopping at epoch 284
2025-08-14 20:47:26,981 - INFO - --- Starting Fold 3/3 ---
2025-08-14 20:47:26,983 - INFO - Generated pairs. Train: 1128 (Positive: 48). Val: 276 (Positive: 24)
2025-08-14 20:47:26,983 - INFO - Starting training for fold 3/3
/usr/pkg/lib/python3.12/site-packages/torch/optim/lr_scheduler.py:227: UserWarning: Detected call of `lr_scheduler.step()` before `optimizer.step()`. In PyTorch 1.1.0 and later, you should call them in the opposite order: `optimizer.step()` before `lr_scheduler.step()`.  Failure to do this will result in PyTorch skipping the first value of the learning rate schedule. See more details at https://pytorch.org/docs/stable/optim.html#how-to-adjust-learning-rate
  warnings.warn(
2025-08-14 20:47:31,824 - INFO - Fold 3, Epoch 10: Val Acc: 0.54%
2025-08-14 20:47:34,155 - INFO - Fold 3, Epoch 20: Val Acc: 0.56%
2025-08-14 20:47:37,297 - INFO - Fold 3, Epoch 30: Val Acc: 0.67%
2025-08-14 20:47:40,687 - INFO - Fold 3, Epoch 40: Val Acc: 0.77%
2025-08-14 20:47:44,646 - INFO - Fold 3, Epoch 50: Val Acc: 0.69%
2025-08-14 20:47:47,558 - INFO - Fold 3, Epoch 60: Val Acc: 0.77%
2025-08-14 20:47:50,287 - INFO - Fold 3, Epoch 70: Val Acc: 0.77%
2025-08-14 20:47:53,013 - INFO - Fold 3, Epoch 80: Val Acc: 0.75%
2025-08-14 20:47:55,708 - INFO - Fold 3, Epoch 90: Val Acc: 0.75%
2025-08-14 20:47:58,734 - INFO - Fold 3, Epoch 100: Val Acc: 0.65%
2025-08-14 20:48:01,585 - INFO - Fold 3, Epoch 110: Val Acc: 0.75%
2025-08-14 20:48:05,556 - INFO - Fold 3, Epoch 120: Val Acc: 0.60%
2025-08-14 20:48:08,488 - INFO - Fold 3, Epoch 130: Val Acc: 0.79%
2025-08-14 20:48:11,501 - INFO - Fold 3, Epoch 140: Val Acc: 0.73%
2025-08-14 20:48:14,584 - INFO - Fold 3, Epoch 150: Val Acc: 0.81%
2025-08-14 20:48:18,216 - INFO - Fold 3, Epoch 160: Val Acc: 0.67%
2025-08-14 20:48:20,883 - INFO - Fold 3, Epoch 170: Val Acc: 0.77%
2025-08-14 20:48:23,614 - INFO - Fold 3, Epoch 180: Val Acc: 0.85%
2025-08-14 20:48:26,207 - INFO - Fold 3, Epoch 190: Val Acc: 0.71%
2025-08-14 20:48:29,691 - INFO - Fold 3, Epoch 200: Val Acc: 0.67%
2025-08-14 20:48:32,430 - INFO - Fold 3, Epoch 210: Val Acc: 0.71%
2025-08-14 20:48:35,126 - INFO - Fold 3, Epoch 220: Val Acc: 0.69%
2025-08-14 20:48:38,201 - INFO - Fold 3, Epoch 230: Val Acc: 0.71%
2025-08-14 20:48:41,268 - INFO - Fold 3, Epoch 240: Val Acc: 0.69%
2025-08-14 20:48:44,354 - INFO - Fold 3, Epoch 250: Val Acc: 0.71%
2025-08-14 20:48:47,318 - INFO - Fold 3, Epoch 260: Val Acc: 0.73%
2025-08-14 20:48:50,344 - INFO - Fold 3, Epoch 270: Val Acc: 0.60%
2025-08-14 20:48:53,312 - INFO - Fold 3, Epoch 280: Val Acc: 0.88%
2025-08-14 20:48:56,288 - INFO - Fold 3, Epoch 290: Val Acc: 0.77%
2025-08-14 20:48:58,892 - INFO - Early stopping at epoch 299
2025-08-14 20:48:59,583 - INFO - Cross-validation statistics for transformer: {'train_loss': {'mean': np.float64(2.932838042577108), 'std': np.float64(0.2483211959808916)}, 'train_accuracy': {'mean': np.float64(0.857638888888889), 'std': np.float64(0.039283710065919374)}, 'val_loss': {'mean': np.float64(3.710013230641683), 'std': np.float64(0.17226853801295386)}, 'val_accuracy': {'mean': np.float64(0.875), 'std': np.float64(0.0)}, 'epoch': {'mean': np.float64(143.66666666666666), 'std': np.float64(66.51482708556208)}}
[I 2025-08-14 20:48:59,590] Trial 28 finished with value: -0.875 and parameters: {'learning_rate': 0.0007693385750395794, 'batch_size': 16, 'num_epochs': 993, 'temperature': 0.051735589327389205, 'embedding_dim': 256, 'hidden_dim': 128, 'dropout': 0.10080780072617918, 'num_layers': 3, 'num_heads': 2, 'noise_enabled': True, 'shift_enabled': False, 'scale_enabled': True, 'crop_enabled': True, 'flip_enabled': False, 'permutation_enabled': False, 'noise_level': 0.059133514804361687, 'crop_size': 0.6190498390393434}. Best is trial 9 with value: -0.9270833333333334.
Actual device being used: cuda
Attempting to load data from: /vol/ecrg-solar/woodj4/fishy-business/data/REIMS.xlsx
Trial 28 finished with value: -0.875 and parameters: {'learning_rate': 0.0007693385750395794, 'batch_size': 16, 'num_epochs': 993, 'temperature': 0.051735589327389205, 'embedding_dim': 256, 'hidden_dim': 128, 'dropout': 0.10080780072617918, 'num_layers': 3, 'num_heads': 2, 'noise_enabled': True, 'shift_enabled': False, 'scale_enabled': True, 'crop_enabled': True, 'flip_enabled': False, 'permutation_enabled': False, 'noise_level': 0.059133514804361687, 'crop_size': 0.6190498390393434}. Best is trial 9 with value: -0.9270833333333334.
2025-08-14 20:48:59,616 - INFO - Using device: cuda
2025-08-14 20:49:09,287 - INFO - --- Starting Fold 1/3 ---
2025-08-14 20:49:09,298 - INFO - Generated pairs. Train: 1128 (Positive: 48). Val: 276 (Positive: 24)
2025-08-14 20:49:09,298 - WARNING - Fold 1 has insufficient pairs to form a batch. Skipping.
2025-08-14 20:49:09,299 - INFO - --- Starting Fold 2/3 ---
2025-08-14 20:49:09,308 - INFO - Generated pairs. Train: 1128 (Positive: 48). Val: 276 (Positive: 24)
2025-08-14 20:49:09,308 - WARNING - Fold 2 has insufficient pairs to form a batch. Skipping.
2025-08-14 20:49:09,308 - INFO - --- Starting Fold 3/3 ---
2025-08-14 20:49:09,309 - INFO - Generated pairs. Train: 1128 (Positive: 48). Val: 276 (Positive: 24)
2025-08-14 20:49:09,309 - WARNING - Fold 3 has insufficient pairs to form a batch. Skipping.
2025-08-14 20:49:09,309 - WARNING - No folds completed successfully to aggregate metrics.
[I 2025-08-14 20:49:09,312] Trial 29 finished with value: inf and parameters: {'learning_rate': 0.00011748905714946802, 'batch_size': 64, 'num_epochs': 656, 'temperature': 0.30637086244029904, 'embedding_dim': 512, 'hidden_dim': 512, 'dropout': 0.37403512436889225, 'num_layers': 5, 'num_heads': 4, 'noise_enabled': True, 'shift_enabled': True, 'scale_enabled': True, 'crop_enabled': True, 'flip_enabled': False, 'permutation_enabled': False, 'noise_level': 0.14839325742066975, 'crop_size': 0.5533462879486104}. Best is trial 9 with value: -0.9270833333333334.
Actual device being used: cuda
Attempting to load data from: /vol/ecrg-solar/woodj4/fishy-business/data/REIMS.xlsx
Trial 29 finished with value: inf and parameters: {'learning_rate': 0.00011748905714946802, 'batch_size': 64, 'num_epochs': 656, 'temperature': 0.30637086244029904, 'embedding_dim': 512, 'hidden_dim': 512, 'dropout': 0.37403512436889225, 'num_layers': 5, 'num_heads': 4, 'noise_enabled': True, 'shift_enabled': True, 'scale_enabled': True, 'crop_enabled': True, 'flip_enabled': False, 'permutation_enabled': False, 'noise_level': 0.14839325742066975, 'crop_size': 0.5533462879486104}. Best is trial 9 with value: -0.9270833333333334.
2025-08-14 20:49:09,340 - INFO - Using device: cuda
2025-08-14 20:49:19,146 - INFO - --- Starting Fold 1/3 ---
2025-08-14 20:49:19,147 - INFO - Generated pairs. Train: 1128 (Positive: 48). Val: 276 (Positive: 24)
2025-08-14 20:49:19,147 - WARNING - Fold 1 has insufficient pairs to form a batch. Skipping.
2025-08-14 20:49:19,147 - INFO - --- Starting Fold 2/3 ---
2025-08-14 20:49:19,149 - INFO - Generated pairs. Train: 1128 (Positive: 48). Val: 276 (Positive: 24)
2025-08-14 20:49:19,149 - WARNING - Fold 2 has insufficient pairs to form a batch. Skipping.
2025-08-14 20:49:19,149 - INFO - --- Starting Fold 3/3 ---
2025-08-14 20:49:19,150 - INFO - Generated pairs. Train: 1128 (Positive: 48). Val: 276 (Positive: 24)
2025-08-14 20:49:19,150 - WARNING - Fold 3 has insufficient pairs to form a batch. Skipping.
2025-08-14 20:49:19,150 - WARNING - No folds completed successfully to aggregate metrics.
[I 2025-08-14 20:49:19,152] Trial 30 finished with value: inf and parameters: {'learning_rate': 0.0003631474007707104, 'batch_size': 64, 'num_epochs': 445, 'temperature': 0.405714233730752, 'embedding_dim': 512, 'hidden_dim': 128, 'dropout': 0.23518877371390884, 'num_layers': 4, 'num_heads': 8, 'noise_enabled': True, 'shift_enabled': False, 'scale_enabled': True, 'crop_enabled': True, 'flip_enabled': False, 'permutation_enabled': False, 'noise_level': 0.18448809843781475, 'crop_size': 0.5792031910344055}. Best is trial 9 with value: -0.9270833333333334.
Actual device being used: cuda
Attempting to load data from: /vol/ecrg-solar/woodj4/fishy-business/data/REIMS.xlsx
Trial 30 finished with value: inf and parameters: {'learning_rate': 0.0003631474007707104, 'batch_size': 64, 'num_epochs': 445, 'temperature': 0.405714233730752, 'embedding_dim': 512, 'hidden_dim': 128, 'dropout': 0.23518877371390884, 'num_layers': 4, 'num_heads': 8, 'noise_enabled': True, 'shift_enabled': False, 'scale_enabled': True, 'crop_enabled': True, 'flip_enabled': False, 'permutation_enabled': False, 'noise_level': 0.18448809843781475, 'crop_size': 0.5792031910344055}. Best is trial 9 with value: -0.9270833333333334.
2025-08-14 20:49:19,181 - INFO - Using device: cuda
2025-08-14 20:49:28,918 - INFO - --- Starting Fold 1/3 ---
2025-08-14 20:49:28,919 - INFO - Generated pairs. Train: 1128 (Positive: 48). Val: 276 (Positive: 24)
2025-08-14 20:49:28,920 - INFO - Starting training for fold 1/3
/usr/pkg/lib/python3.12/site-packages/torch/optim/lr_scheduler.py:227: UserWarning: Detected call of `lr_scheduler.step()` before `optimizer.step()`. In PyTorch 1.1.0 and later, you should call them in the opposite order: `optimizer.step()` before `lr_scheduler.step()`.  Failure to do this will result in PyTorch skipping the first value of the learning rate schedule. See more details at https://pytorch.org/docs/stable/optim.html#how-to-adjust-learning-rate
  warnings.warn(
2025-08-14 20:49:32,938 - INFO - Fold 1, Epoch 10: Val Acc: 0.50%
2025-08-14 20:49:38,692 - INFO - Fold 1, Epoch 20: Val Acc: 0.47%
2025-08-14 20:49:42,449 - INFO - Fold 1, Epoch 30: Val Acc: 0.66%
2025-08-14 20:49:44,433 - INFO - Fold 1, Epoch 40: Val Acc: 0.62%
2025-08-14 20:49:46,494 - INFO - Fold 1, Epoch 50: Val Acc: 0.62%
2025-08-14 20:49:48,149 - INFO - Fold 1, Epoch 60: Val Acc: 0.59%
2025-08-14 20:49:50,149 - INFO - Fold 1, Epoch 70: Val Acc: 0.53%
2025-08-14 20:49:52,238 - INFO - Fold 1, Epoch 80: Val Acc: 0.53%
2025-08-14 20:49:54,334 - INFO - Fold 1, Epoch 90: Val Acc: 0.75%
2025-08-14 20:49:58,170 - INFO - Fold 1, Epoch 100: Val Acc: 0.53%
2025-08-14 20:50:02,201 - INFO - Fold 1, Epoch 110: Val Acc: 0.50%
2025-08-14 20:50:04,187 - INFO - Fold 1, Epoch 120: Val Acc: 0.69%
2025-08-14 20:50:06,159 - INFO - Fold 1, Epoch 130: Val Acc: 0.66%
2025-08-14 20:50:08,168 - INFO - Fold 1, Epoch 140: Val Acc: 0.59%
2025-08-14 20:50:10,173 - INFO - Fold 1, Epoch 150: Val Acc: 0.66%
2025-08-14 20:50:12,191 - INFO - Fold 1, Epoch 160: Val Acc: 0.75%
2025-08-14 20:50:14,205 - INFO - Fold 1, Epoch 170: Val Acc: 0.69%
2025-08-14 20:50:16,301 - INFO - Fold 1, Epoch 180: Val Acc: 0.59%
2025-08-14 20:50:18,395 - INFO - Fold 1, Epoch 190: Val Acc: 0.78%
2025-08-14 20:50:20,499 - INFO - Fold 1, Epoch 200: Val Acc: 0.59%
2025-08-14 20:50:21,764 - INFO - Early stopping at epoch 206
2025-08-14 20:50:25,020 - INFO - --- Starting Fold 2/3 ---
2025-08-14 20:50:25,023 - INFO - Generated pairs. Train: 1128 (Positive: 48). Val: 276 (Positive: 24)
2025-08-14 20:50:25,024 - INFO - Starting training for fold 2/3
/usr/pkg/lib/python3.12/site-packages/torch/optim/lr_scheduler.py:227: UserWarning: Detected call of `lr_scheduler.step()` before `optimizer.step()`. In PyTorch 1.1.0 and later, you should call them in the opposite order: `optimizer.step()` before `lr_scheduler.step()`.  Failure to do this will result in PyTorch skipping the first value of the learning rate schedule. See more details at https://pytorch.org/docs/stable/optim.html#how-to-adjust-learning-rate
  warnings.warn(
2025-08-14 20:50:30,843 - INFO - Fold 2, Epoch 10: Val Acc: 0.62%
2025-08-14 20:50:35,302 - INFO - Fold 2, Epoch 20: Val Acc: 0.59%
2025-08-14 20:50:38,332 - INFO - Fold 2, Epoch 30: Val Acc: 0.78%
2025-08-14 20:50:40,365 - INFO - Fold 2, Epoch 40: Val Acc: 0.56%
2025-08-14 20:50:43,561 - INFO - Fold 2, Epoch 50: Val Acc: 0.59%
2025-08-14 20:50:45,574 - INFO - Fold 2, Epoch 60: Val Acc: 0.62%
2025-08-14 20:50:47,601 - INFO - Fold 2, Epoch 70: Val Acc: 0.66%
2025-08-14 20:50:49,624 - INFO - Fold 2, Epoch 80: Val Acc: 0.59%
2025-08-14 20:50:51,578 - INFO - Fold 2, Epoch 90: Val Acc: 0.59%
2025-08-14 20:50:53,631 - INFO - Fold 2, Epoch 100: Val Acc: 0.62%
2025-08-14 20:50:55,643 - INFO - Fold 2, Epoch 110: Val Acc: 0.69%
2025-08-14 20:50:57,659 - INFO - Fold 2, Epoch 120: Val Acc: 0.62%
2025-08-14 20:50:59,684 - INFO - Fold 2, Epoch 130: Val Acc: 0.62%
2025-08-14 20:51:01,702 - INFO - Fold 2, Epoch 140: Val Acc: 0.78%
2025-08-14 20:51:01,901 - INFO - Early stopping at epoch 141
2025-08-14 20:51:04,404 - INFO - --- Starting Fold 3/3 ---
2025-08-14 20:51:04,407 - INFO - Generated pairs. Train: 1128 (Positive: 48). Val: 276 (Positive: 24)
2025-08-14 20:51:04,408 - INFO - Starting training for fold 3/3
/usr/pkg/lib/python3.12/site-packages/torch/optim/lr_scheduler.py:227: UserWarning: Detected call of `lr_scheduler.step()` before `optimizer.step()`. In PyTorch 1.1.0 and later, you should call them in the opposite order: `optimizer.step()` before `lr_scheduler.step()`.  Failure to do this will result in PyTorch skipping the first value of the learning rate schedule. See more details at https://pytorch.org/docs/stable/optim.html#how-to-adjust-learning-rate
  warnings.warn(
2025-08-14 20:51:10,157 - INFO - Fold 3, Epoch 10: Val Acc: 0.62%
2025-08-14 20:51:12,170 - INFO - Fold 3, Epoch 20: Val Acc: 0.56%
2025-08-14 20:51:16,654 - INFO - Fold 3, Epoch 30: Val Acc: 0.53%
2025-08-14 20:51:18,456 - INFO - Fold 3, Epoch 40: Val Acc: 0.53%
2025-08-14 20:51:20,531 - INFO - Fold 3, Epoch 50: Val Acc: 0.62%
2025-08-14 20:51:22,554 - INFO - Fold 3, Epoch 60: Val Acc: 0.62%
2025-08-14 20:51:24,586 - INFO - Fold 3, Epoch 70: Val Acc: 0.66%
2025-08-14 20:51:27,754 - INFO - Fold 3, Epoch 80: Val Acc: 0.66%
2025-08-14 20:51:29,755 - INFO - Fold 3, Epoch 90: Val Acc: 0.75%
2025-08-14 20:51:31,783 - INFO - Fold 3, Epoch 100: Val Acc: 0.72%
2025-08-14 20:51:33,792 - INFO - Fold 3, Epoch 110: Val Acc: 0.75%
2025-08-14 20:51:35,810 - INFO - Fold 3, Epoch 120: Val Acc: 0.72%
2025-08-14 20:51:39,167 - INFO - Fold 3, Epoch 130: Val Acc: 0.59%
2025-08-14 20:51:41,211 - INFO - Fold 3, Epoch 140: Val Acc: 0.72%
2025-08-14 20:51:44,513 - INFO - Fold 3, Epoch 150: Val Acc: 0.69%
2025-08-14 20:51:46,362 - INFO - Fold 3, Epoch 160: Val Acc: 0.78%
2025-08-14 20:51:47,999 - INFO - Fold 3, Epoch 170: Val Acc: 0.72%
2025-08-14 20:51:49,557 - INFO - Fold 3, Epoch 180: Val Acc: 0.81%
2025-08-14 20:51:51,410 - INFO - Fold 3, Epoch 190: Val Acc: 0.62%
2025-08-14 20:51:53,417 - INFO - Fold 3, Epoch 200: Val Acc: 0.66%
2025-08-14 20:51:55,432 - INFO - Fold 3, Epoch 210: Val Acc: 0.78%
2025-08-14 20:51:58,659 - INFO - Fold 3, Epoch 220: Val Acc: 0.72%
2025-08-14 20:52:00,671 - INFO - Fold 3, Epoch 230: Val Acc: 0.75%
2025-08-14 20:52:02,706 - INFO - Fold 3, Epoch 240: Val Acc: 0.66%
2025-08-14 20:52:04,726 - INFO - Fold 3, Epoch 250: Val Acc: 0.62%
2025-08-14 20:52:06,753 - INFO - Fold 3, Epoch 260: Val Acc: 0.75%
2025-08-14 20:52:08,568 - INFO - Fold 3, Epoch 270: Val Acc: 0.66%
2025-08-14 20:52:10,557 - INFO - Fold 3, Epoch 280: Val Acc: 0.50%
2025-08-14 20:52:12,565 - INFO - Fold 3, Epoch 290: Val Acc: 0.72%
2025-08-14 20:52:14,582 - INFO - Fold 3, Epoch 300: Val Acc: 0.50%
2025-08-14 20:52:16,598 - INFO - Fold 3, Epoch 310: Val Acc: 0.69%
2025-08-14 20:52:16,801 - INFO - Early stopping at epoch 311
2025-08-14 20:52:17,667 - INFO - Cross-validation statistics for transformer: {'train_loss': {'mean': np.float64(4.091479937235514), 'std': np.float64(0.38874013928193707)}, 'train_accuracy': {'mean': np.float64(0.71875), 'std': np.float64(0.047354797558978645)}, 'val_loss': {'mean': np.float64(4.967770576477051), 'std': np.float64(0.4154638547240472)}, 'val_accuracy': {'mean': np.float64(0.8645833333333334), 'std': np.float64(0.01473139127471974)}, 'epoch': {'mean': np.float64(118.33333333333333), 'std': np.float64(70.03967129816898)}}
[I 2025-08-14 20:52:17,673] Trial 31 finished with value: -0.8645833333333334 and parameters: {'learning_rate': 0.0005693421897671817, 'batch_size': 32, 'num_epochs': 829, 'temperature': 0.07622737043651254, 'embedding_dim': 128, 'hidden_dim': 256, 'dropout': 0.3163771894147607, 'num_layers': 4, 'num_heads': 8, 'noise_enabled': True, 'shift_enabled': False, 'scale_enabled': True, 'crop_enabled': True, 'flip_enabled': False, 'permutation_enabled': False, 'noise_level': 0.19398623968528433, 'crop_size': 0.5462769400448599}. Best is trial 9 with value: -0.9270833333333334.
Actual device being used: cuda
Attempting to load data from: /vol/ecrg-solar/woodj4/fishy-business/data/REIMS.xlsx
