[I 2025-08-14 21:01:01,043] Trial 34 finished with value: -0.7083333333333334 and parameters: {'learning_rate': 0.0005253216406581674, 'batch_size': 32, 'num_epochs': 956, 'temperature': 0.09083538228350878, 'embedding_dim': 128, 'hidden_dim': 256, 'dropout': 0.3766696789985169, 'num_layers': 4, 'num_heads': 4, 'noise_enabled': True, 'shift_enabled': True, 'scale_enabled': True, 'crop_enabled': True, 'flip_enabled': False, 'permutation_enabled': False, 'noise_level': 0.18556081928345614, 'crop_size': 0.5679279096523825}. Best is trial 9 with value: -0.9270833333333334.
Actual device being used: cuda
Attempting to load data from: /vol/ecrg-solar/woodj4/fishy-business/data/REIMS.xlsx
Trial 34 finished with value: -0.7083333333333334 and parameters: {'learning_rate': 0.0005253216406581674, 'batch_size': 32, 'num_epochs': 956, 'temperature': 0.09083538228350878, 'embedding_dim': 128, 'hidden_dim': 256, 'dropout': 0.3766696789985169, 'num_layers': 4, 'num_heads': 4, 'noise_enabled': True, 'shift_enabled': True, 'scale_enabled': True, 'crop_enabled': True, 'flip_enabled': False, 'permutation_enabled': False, 'noise_level': 0.18556081928345614, 'crop_size': 0.5679279096523825}. Best is trial 9 with value: -0.9270833333333334.
2025-08-14 21:01:01,074 - INFO - Using device: cuda
2025-08-14 21:01:10,958 - INFO - --- Starting Fold 1/3 ---
2025-08-14 21:01:10,959 - INFO - Generated pairs. Train: 1128 (Positive: 48). Val: 276 (Positive: 24)
2025-08-14 21:01:10,960 - INFO - Starting training for fold 1/3
/usr/pkg/lib/python3.12/site-packages/torch/optim/lr_scheduler.py:227: UserWarning: Detected call of `lr_scheduler.step()` before `optimizer.step()`. In PyTorch 1.1.0 and later, you should call them in the opposite order: `optimizer.step()` before `lr_scheduler.step()`.  Failure to do this will result in PyTorch skipping the first value of the learning rate schedule. See more details at https://pytorch.org/docs/stable/optim.html#how-to-adjust-learning-rate
  warnings.warn(
2025-08-14 21:01:19,933 - INFO - Fold 1, Epoch 10: Val Acc: 0.56%
2025-08-14 21:01:22,276 - INFO - Fold 1, Epoch 20: Val Acc: 0.50%
2025-08-14 21:01:24,589 - INFO - Fold 1, Epoch 30: Val Acc: 0.47%
2025-08-14 21:01:29,124 - INFO - Fold 1, Epoch 40: Val Acc: 0.59%
2025-08-14 21:01:31,433 - INFO - Fold 1, Epoch 50: Val Acc: 0.78%
2025-08-14 21:01:33,719 - INFO - Fold 1, Epoch 60: Val Acc: 0.78%
2025-08-14 21:01:36,006 - INFO - Fold 1, Epoch 70: Val Acc: 0.72%
2025-08-14 21:01:38,313 - INFO - Fold 1, Epoch 80: Val Acc: 0.59%
2025-08-14 21:01:40,567 - INFO - Fold 1, Epoch 90: Val Acc: 0.78%
2025-08-14 21:01:46,296 - INFO - Fold 1, Epoch 100: Val Acc: 0.62%
2025-08-14 21:01:48,507 - INFO - Fold 1, Epoch 110: Val Acc: 0.62%
2025-08-14 21:01:50,834 - INFO - Fold 1, Epoch 120: Val Acc: 0.75%
2025-08-14 21:01:52,855 - INFO - Fold 1, Epoch 130: Val Acc: 0.69%
2025-08-14 21:01:54,872 - INFO - Fold 1, Epoch 140: Val Acc: 0.69%
2025-08-14 21:01:56,804 - INFO - Fold 1, Epoch 150: Val Acc: 0.72%
2025-08-14 21:02:01,287 - INFO - Fold 1, Epoch 160: Val Acc: 0.72%
2025-08-14 21:02:03,325 - INFO - Fold 1, Epoch 170: Val Acc: 0.81%
2025-08-14 21:02:05,181 - INFO - Fold 1, Epoch 180: Val Acc: 0.69%
2025-08-14 21:02:07,332 - INFO - Fold 1, Epoch 190: Val Acc: 0.62%
2025-08-14 21:02:09,573 - INFO - Fold 1, Epoch 200: Val Acc: 0.78%
2025-08-14 21:02:11,792 - INFO - Fold 1, Epoch 210: Val Acc: 0.50%
2025-08-14 21:02:14,009 - INFO - Fold 1, Epoch 220: Val Acc: 0.69%
2025-08-14 21:02:16,254 - INFO - Fold 1, Epoch 230: Val Acc: 0.66%
2025-08-14 21:02:18,480 - INFO - Fold 1, Epoch 240: Val Acc: 0.75%
2025-08-14 21:02:20,720 - INFO - Fold 1, Epoch 250: Val Acc: 0.62%
2025-08-14 21:02:20,945 - INFO - Early stopping at epoch 251
2025-08-14 21:02:24,680 - INFO - --- Starting Fold 2/3 ---
2025-08-14 21:02:24,692 - INFO - Generated pairs. Train: 1128 (Positive: 48). Val: 276 (Positive: 24)
2025-08-14 21:02:24,693 - INFO - Starting training for fold 2/3
/usr/pkg/lib/python3.12/site-packages/torch/optim/lr_scheduler.py:227: UserWarning: Detected call of `lr_scheduler.step()` before `optimizer.step()`. In PyTorch 1.1.0 and later, you should call them in the opposite order: `optimizer.step()` before `lr_scheduler.step()`.  Failure to do this will result in PyTorch skipping the first value of the learning rate schedule. See more details at https://pytorch.org/docs/stable/optim.html#how-to-adjust-learning-rate
  warnings.warn(
2025-08-14 21:02:32,908 - INFO - Fold 2, Epoch 10: Val Acc: 0.53%
2025-08-14 21:02:37,585 - INFO - Fold 2, Epoch 20: Val Acc: 0.78%
2025-08-14 21:02:39,664 - INFO - Fold 2, Epoch 30: Val Acc: 0.72%
2025-08-14 21:02:41,638 - INFO - Fold 2, Epoch 40: Val Acc: 0.69%
2025-08-14 21:02:44,967 - INFO - Fold 2, Epoch 50: Val Acc: 0.62%
2025-08-14 21:02:46,993 - INFO - Fold 2, Epoch 60: Val Acc: 0.75%
2025-08-14 21:02:49,245 - INFO - Fold 2, Epoch 70: Val Acc: 0.75%
2025-08-14 21:02:52,979 - INFO - Fold 2, Epoch 80: Val Acc: 0.69%
2025-08-14 21:02:54,993 - INFO - Fold 2, Epoch 90: Val Acc: 0.75%
2025-08-14 21:02:57,208 - INFO - Fold 2, Epoch 100: Val Acc: 0.66%
2025-08-14 21:02:59,460 - INFO - Fold 2, Epoch 110: Val Acc: 0.78%
2025-08-14 21:03:01,484 - INFO - Fold 2, Epoch 120: Val Acc: 0.72%
2025-08-14 21:03:03,685 - INFO - Fold 2, Epoch 130: Val Acc: 0.81%
2025-08-14 21:03:05,915 - INFO - Fold 2, Epoch 140: Val Acc: 0.78%
2025-08-14 21:03:08,150 - INFO - Fold 2, Epoch 150: Val Acc: 0.81%
2025-08-14 21:03:10,378 - INFO - Fold 2, Epoch 160: Val Acc: 0.75%
2025-08-14 21:03:12,602 - INFO - Fold 2, Epoch 170: Val Acc: 0.69%
2025-08-14 21:03:14,162 - INFO - Early stopping at epoch 177
2025-08-14 21:03:17,169 - INFO - --- Starting Fold 3/3 ---
2025-08-14 21:03:17,172 - INFO - Generated pairs. Train: 1128 (Positive: 48). Val: 276 (Positive: 24)
2025-08-14 21:03:17,172 - INFO - Starting training for fold 3/3
/usr/pkg/lib/python3.12/site-packages/torch/optim/lr_scheduler.py:227: UserWarning: Detected call of `lr_scheduler.step()` before `optimizer.step()`. In PyTorch 1.1.0 and later, you should call them in the opposite order: `optimizer.step()` before `lr_scheduler.step()`.  Failure to do this will result in PyTorch skipping the first value of the learning rate schedule. See more details at https://pytorch.org/docs/stable/optim.html#how-to-adjust-learning-rate
  warnings.warn(
2025-08-14 21:03:23,757 - INFO - Fold 3, Epoch 10: Val Acc: 0.53%
2025-08-14 21:03:27,726 - INFO - Fold 3, Epoch 20: Val Acc: 0.47%
2025-08-14 21:03:31,096 - INFO - Fold 3, Epoch 30: Val Acc: 0.66%
2025-08-14 21:03:33,242 - INFO - Fold 3, Epoch 40: Val Acc: 0.56%
2025-08-14 21:03:35,462 - INFO - Fold 3, Epoch 50: Val Acc: 0.47%
2025-08-14 21:03:39,147 - INFO - Fold 3, Epoch 60: Val Acc: 0.81%
2025-08-14 21:03:42,893 - INFO - Fold 3, Epoch 70: Val Acc: 0.56%
2025-08-14 21:03:45,137 - INFO - Fold 3, Epoch 80: Val Acc: 0.75%
2025-08-14 21:03:47,381 - INFO - Fold 3, Epoch 90: Val Acc: 0.56%
2025-08-14 21:03:49,665 - INFO - Fold 3, Epoch 100: Val Acc: 0.62%
2025-08-14 21:03:51,972 - INFO - Fold 3, Epoch 110: Val Acc: 0.69%
2025-08-14 21:03:54,279 - INFO - Fold 3, Epoch 120: Val Acc: 0.69%
2025-08-14 21:03:56,513 - INFO - Fold 3, Epoch 130: Val Acc: 0.72%
2025-08-14 21:03:58,575 - INFO - Fold 3, Epoch 140: Val Acc: 0.75%
2025-08-14 21:04:00,812 - INFO - Fold 3, Epoch 150: Val Acc: 0.78%
2025-08-14 21:04:03,046 - INFO - Fold 3, Epoch 160: Val Acc: 0.66%
2025-08-14 21:04:03,710 - INFO - Early stopping at epoch 163
2025-08-14 21:04:04,797 - INFO - Cross-validation statistics for transformer: {'train_loss': {'mean': np.float64(3.8855384455786806), 'std': np.float64(0.06435272077519251)}, 'train_accuracy': {'mean': np.float64(0.7534722222222222), 'std': np.float64(0.05196746370519368)}, 'val_loss': {'mean': np.float64(4.288410186767578), 'std': np.float64(0.12662566343376216)}, 'val_accuracy': {'mean': np.float64(0.8958333333333334), 'std': np.float64(0.01473139127471974)}, 'epoch': {'mean': np.float64(96.0), 'std': np.float64(38.60915262818736)}}
[I 2025-08-14 21:04:04,803] Trial 35 finished with value: -0.8958333333333334 and parameters: {'learning_rate': 0.0006955947627571872, 'batch_size': 32, 'num_epochs': 890, 'temperature': 0.1784051117002504, 'embedding_dim': 128, 'hidden_dim': 256, 'dropout': 0.29454528435837884, 'num_layers': 5, 'num_heads': 8, 'noise_enabled': True, 'shift_enabled': False, 'scale_enabled': True, 'crop_enabled': True, 'flip_enabled': False, 'permutation_enabled': False, 'noise_level': 0.13487415766762056, 'crop_size': 0.5233657434029177}. Best is trial 9 with value: -0.9270833333333334.
Actual device being used: cuda
Attempting to load data from: /vol/ecrg-solar/woodj4/fishy-business/data/REIMS.xlsx
Trial 35 finished with value: -0.8958333333333334 and parameters: {'learning_rate': 0.0006955947627571872, 'batch_size': 32, 'num_epochs': 890, 'temperature': 0.1784051117002504, 'embedding_dim': 128, 'hidden_dim': 256, 'dropout': 0.29454528435837884, 'num_layers': 5, 'num_heads': 8, 'noise_enabled': True, 'shift_enabled': False, 'scale_enabled': True, 'crop_enabled': True, 'flip_enabled': False, 'permutation_enabled': False, 'noise_level': 0.13487415766762056, 'crop_size': 0.5233657434029177}. Best is trial 9 with value: -0.9270833333333334.
2025-08-14 21:04:04,832 - INFO - Using device: cuda
2025-08-14 21:04:14,621 - INFO - --- Starting Fold 1/3 ---
2025-08-14 21:04:14,622 - INFO - Generated pairs. Train: 1128 (Positive: 48). Val: 276 (Positive: 24)
2025-08-14 21:04:14,622 - INFO - Starting training for fold 1/3
2025-08-14 21:04:20,792 - INFO - Fold 1, Epoch 10: Val Acc: 0.38%
2025-08-14 21:04:25,278 - INFO - Fold 1, Epoch 20: Val Acc: 0.50%
2025-08-14 21:04:27,943 - INFO - Fold 1, Epoch 30: Val Acc: 0.54%
2025-08-14 21:04:30,904 - INFO - Fold 1, Epoch 40: Val Acc: 0.60%
2025-08-14 21:04:33,959 - INFO - Fold 1, Epoch 50: Val Acc: 0.48%
2025-08-14 21:04:37,016 - INFO - Fold 1, Epoch 60: Val Acc: 0.52%
2025-08-14 21:04:41,592 - INFO - Fold 1, Epoch 70: Val Acc: 0.44%
2025-08-14 21:04:44,482 - INFO - Fold 1, Epoch 80: Val Acc: 0.50%
2025-08-14 21:04:47,058 - INFO - Fold 1, Epoch 90: Val Acc: 0.48%
2025-08-14 21:04:49,817 - INFO - Fold 1, Epoch 100: Val Acc: 0.56%
2025-08-14 21:04:52,370 - INFO - Fold 1, Epoch 110: Val Acc: 0.50%
2025-08-14 21:04:55,437 - INFO - Fold 1, Epoch 120: Val Acc: 0.52%
2025-08-14 21:04:58,504 - INFO - Fold 1, Epoch 130: Val Acc: 0.50%
2025-08-14 21:05:01,562 - INFO - Fold 1, Epoch 140: Val Acc: 0.52%
2025-08-14 21:05:04,639 - INFO - Fold 1, Epoch 150: Val Acc: 0.42%
2025-08-14 21:05:07,539 - INFO - Fold 1, Epoch 160: Val Acc: 0.50%
2025-08-14 21:05:08,769 - INFO - Early stopping at epoch 164
2025-08-14 21:05:11,145 - INFO - --- Starting Fold 2/3 ---
2025-08-14 21:05:11,149 - INFO - Generated pairs. Train: 1128 (Positive: 48). Val: 276 (Positive: 24)
2025-08-14 21:05:11,149 - INFO - Starting training for fold 2/3
2025-08-14 21:05:15,811 - INFO - Fold 2, Epoch 10: Val Acc: 0.38%
2025-08-14 21:05:20,114 - INFO - Fold 2, Epoch 20: Val Acc: 0.58%
2025-08-14 21:05:23,444 - INFO - Fold 2, Epoch 30: Val Acc: 0.44%
2025-08-14 21:05:27,790 - INFO - Fold 2, Epoch 40: Val Acc: 0.50%
2025-08-14 21:05:31,088 - INFO - Fold 2, Epoch 50: Val Acc: 0.58%
2025-08-14 21:05:35,252 - INFO - Fold 2, Epoch 60: Val Acc: 0.50%
2025-08-14 21:05:38,430 - INFO - Fold 2, Epoch 70: Val Acc: 0.52%
2025-08-14 21:05:41,691 - INFO - Fold 2, Epoch 80: Val Acc: 0.62%
2025-08-14 21:05:45,101 - INFO - Fold 2, Epoch 90: Val Acc: 0.44%
2025-08-14 21:05:48,385 - INFO - Fold 2, Epoch 100: Val Acc: 0.44%
2025-08-14 21:05:51,653 - INFO - Fold 2, Epoch 110: Val Acc: 0.46%
2025-08-14 21:05:54,940 - INFO - Fold 2, Epoch 120: Val Acc: 0.52%
2025-08-14 21:05:58,213 - INFO - Fold 2, Epoch 130: Val Acc: 0.54%
2025-08-14 21:06:02,519 - INFO - Fold 2, Epoch 140: Val Acc: 0.44%
2025-08-14 21:06:05,797 - INFO - Fold 2, Epoch 150: Val Acc: 0.54%
2025-08-14 21:06:09,071 - INFO - Fold 2, Epoch 160: Val Acc: 0.54%
2025-08-14 21:06:12,418 - INFO - Fold 2, Epoch 170: Val Acc: 0.42%
2025-08-14 21:06:15,705 - INFO - Fold 2, Epoch 180: Val Acc: 0.48%
2025-08-14 21:06:19,011 - INFO - Fold 2, Epoch 190: Val Acc: 0.50%
2025-08-14 21:06:22,113 - INFO - Fold 2, Epoch 200: Val Acc: 0.46%
2025-08-14 21:06:25,420 - INFO - Fold 2, Epoch 210: Val Acc: 0.58%
2025-08-14 21:06:28,557 - INFO - Fold 2, Epoch 220: Val Acc: 0.54%
2025-08-14 21:06:31,163 - INFO - Fold 2, Epoch 230: Val Acc: 0.44%
2025-08-14 21:06:32,077 - INFO - Early stopping at epoch 234
2025-08-14 21:06:34,096 - INFO - --- Starting Fold 3/3 ---
2025-08-14 21:06:34,098 - INFO - Generated pairs. Train: 1128 (Positive: 48). Val: 276 (Positive: 24)
2025-08-14 21:06:34,099 - INFO - Starting training for fold 3/3
2025-08-14 21:06:38,226 - INFO - Fold 3, Epoch 10: Val Acc: 0.44%
2025-08-14 21:06:40,969 - INFO - Fold 3, Epoch 20: Val Acc: 0.52%
2025-08-14 21:06:44,505 - INFO - Fold 3, Epoch 30: Val Acc: 0.52%
2025-08-14 21:06:47,233 - INFO - Fold 3, Epoch 40: Val Acc: 0.52%
2025-08-14 21:06:50,249 - INFO - Fold 3, Epoch 50: Val Acc: 0.46%
2025-08-14 21:06:53,136 - INFO - Fold 3, Epoch 60: Val Acc: 0.46%
2025-08-14 21:06:55,953 - INFO - Fold 3, Epoch 70: Val Acc: 0.50%
2025-08-14 21:06:58,537 - INFO - Fold 3, Epoch 80: Val Acc: 0.54%
2025-08-14 21:07:01,124 - INFO - Fold 3, Epoch 90: Val Acc: 0.52%
2025-08-14 21:07:03,381 - INFO - Fold 3, Epoch 100: Val Acc: 0.54%
2025-08-14 21:07:06,352 - INFO - Fold 3, Epoch 110: Val Acc: 0.44%
2025-08-14 21:07:09,406 - INFO - Fold 3, Epoch 120: Val Acc: 0.54%
2025-08-14 21:07:11,493 - INFO - Early stopping at epoch 128
2025-08-14 21:07:12,197 - INFO - Cross-validation statistics for transformer: {'train_loss': {'mean': np.float64(3.434370146857368), 'std': np.float64(0.020377625093812548)}, 'train_accuracy': {'mean': np.float64(0.5486111111111112), 'std': np.float64(0.027340305118096604)}, 'val_loss': {'mean': np.float64(3.5149272282918296), 'std': np.float64(0.07296063820168389)}, 'val_accuracy': {'mean': np.float64(0.6875), 'std': np.float64(0.017010345435994233)}, 'epoch': {'mean': np.float64(74.33333333333333), 'std': np.float64(44.01009985093068)}}
[I 2025-08-14 21:07:12,205] Trial 36 finished with value: -0.6875 and parameters: {'learning_rate': 0.00042633659489552366, 'batch_size': 16, 'num_epochs': 663, 'temperature': 0.23988107452968058, 'embedding_dim': 128, 'hidden_dim': 256, 'dropout': 0.4988095039112975, 'num_layers': 3, 'num_heads': 8, 'noise_enabled': True, 'shift_enabled': True, 'scale_enabled': False, 'crop_enabled': True, 'flip_enabled': False, 'permutation_enabled': True, 'noise_level': 0.19979089858190144, 'crop_size': 0.644869933684464}. Best is trial 9 with value: -0.9270833333333334.
Actual device being used: cuda
Attempting to load data from: /vol/ecrg-solar/woodj4/fishy-business/data/REIMS.xlsx
Trial 36 finished with value: -0.6875 and parameters: {'learning_rate': 0.00042633659489552366, 'batch_size': 16, 'num_epochs': 663, 'temperature': 0.23988107452968058, 'embedding_dim': 128, 'hidden_dim': 256, 'dropout': 0.4988095039112975, 'num_layers': 3, 'num_heads': 8, 'noise_enabled': True, 'shift_enabled': True, 'scale_enabled': False, 'crop_enabled': True, 'flip_enabled': False, 'permutation_enabled': True, 'noise_level': 0.19979089858190144, 'crop_size': 0.644869933684464}. Best is trial 9 with value: -0.9270833333333334.
2025-08-14 21:07:12,252 - INFO - Using device: cuda
2025-08-14 21:07:22,116 - INFO - --- Starting Fold 1/3 ---
2025-08-14 21:07:22,118 - INFO - Generated pairs. Train: 1128 (Positive: 48). Val: 276 (Positive: 24)
2025-08-14 21:07:22,118 - WARNING - Fold 1 has insufficient pairs to form a batch. Skipping.
2025-08-14 21:07:22,118 - INFO - --- Starting Fold 2/3 ---
2025-08-14 21:07:22,120 - INFO - Generated pairs. Train: 1128 (Positive: 48). Val: 276 (Positive: 24)
2025-08-14 21:07:22,120 - WARNING - Fold 2 has insufficient pairs to form a batch. Skipping.
2025-08-14 21:07:22,120 - INFO - --- Starting Fold 3/3 ---
2025-08-14 21:07:22,121 - INFO - Generated pairs. Train: 1128 (Positive: 48). Val: 276 (Positive: 24)
2025-08-14 21:07:22,121 - WARNING - Fold 3 has insufficient pairs to form a batch. Skipping.
2025-08-14 21:07:22,121 - WARNING - No folds completed successfully to aggregate metrics.
[I 2025-08-14 21:07:22,124] Trial 37 finished with value: inf and parameters: {'learning_rate': 0.0001971559604531772, 'batch_size': 64, 'num_epochs': 949, 'temperature': 0.07447547160382667, 'embedding_dim': 128, 'hidden_dim': 256, 'dropout': 0.2387977143389387, 'num_layers': 4, 'num_heads': 2, 'noise_enabled': False, 'shift_enabled': False, 'scale_enabled': True, 'crop_enabled': True, 'flip_enabled': False, 'permutation_enabled': False, 'crop_size': 0.5949563670578477}. Best is trial 9 with value: -0.9270833333333334.
Actual device being used: cuda
Attempting to load data from: /vol/ecrg-solar/woodj4/fishy-business/data/REIMS.xlsx
Trial 37 finished with value: inf and parameters: {'learning_rate': 0.0001971559604531772, 'batch_size': 64, 'num_epochs': 949, 'temperature': 0.07447547160382667, 'embedding_dim': 128, 'hidden_dim': 256, 'dropout': 0.2387977143389387, 'num_layers': 4, 'num_heads': 2, 'noise_enabled': False, 'shift_enabled': False, 'scale_enabled': True, 'crop_enabled': True, 'flip_enabled': False, 'permutation_enabled': False, 'crop_size': 0.5949563670578477}. Best is trial 9 with value: -0.9270833333333334.
2025-08-14 21:07:22,160 - INFO - Using device: cuda
2025-08-14 21:07:32,074 - INFO - --- Starting Fold 1/3 ---
2025-08-14 21:07:32,076 - INFO - Generated pairs. Train: 1128 (Positive: 48). Val: 276 (Positive: 24)
2025-08-14 21:07:32,076 - INFO - Starting training for fold 1/3
2025-08-14 21:07:35,897 - INFO - Fold 1, Epoch 10: Val Acc: 0.44%
2025-08-14 21:07:38,514 - INFO - Fold 1, Epoch 20: Val Acc: 0.38%
2025-08-14 21:07:40,009 - INFO - Fold 1, Epoch 30: Val Acc: 0.50%
2025-08-14 21:07:41,505 - INFO - Fold 1, Epoch 40: Val Acc: 0.56%
2025-08-14 21:07:43,012 - INFO - Fold 1, Epoch 50: Val Acc: 0.47%
2025-08-14 21:07:44,524 - INFO - Fold 1, Epoch 60: Val Acc: 0.44%
2025-08-14 21:07:46,014 - INFO - Fold 1, Epoch 70: Val Acc: 0.47%
2025-08-14 21:07:47,530 - INFO - Fold 1, Epoch 80: Val Acc: 0.47%
2025-08-14 21:07:49,073 - INFO - Fold 1, Epoch 90: Val Acc: 0.47%
2025-08-14 21:07:50,564 - INFO - Fold 1, Epoch 100: Val Acc: 0.44%
2025-08-14 21:07:53,226 - INFO - Fold 1, Epoch 110: Val Acc: 0.34%
2025-08-14 21:07:54,747 - INFO - Fold 1, Epoch 120: Val Acc: 0.47%
2025-08-14 21:07:56,328 - INFO - Fold 1, Epoch 130: Val Acc: 0.44%
2025-08-14 21:07:57,942 - INFO - Fold 1, Epoch 140: Val Acc: 0.34%
2025-08-14 21:07:59,492 - INFO - Fold 1, Epoch 150: Val Acc: 0.53%
2025-08-14 21:08:00,803 - INFO - Fold 1, Epoch 160: Val Acc: 0.53%
2025-08-14 21:08:02,111 - INFO - Fold 1, Epoch 170: Val Acc: 0.44%
2025-08-14 21:08:03,535 - INFO - Fold 1, Epoch 180: Val Acc: 0.38%
2025-08-14 21:08:05,189 - INFO - Fold 1, Epoch 190: Val Acc: 0.50%
2025-08-14 21:08:06,814 - INFO - Fold 1, Epoch 200: Val Acc: 0.56%
2025-08-14 21:08:07,461 - INFO - Early stopping at epoch 204
2025-08-14 21:08:09,195 - INFO - --- Starting Fold 2/3 ---
2025-08-14 21:08:09,212 - INFO - Generated pairs. Train: 1128 (Positive: 48). Val: 276 (Positive: 24)
2025-08-14 21:08:09,213 - INFO - Starting training for fold 2/3
2025-08-14 21:08:12,502 - INFO - Fold 2, Epoch 10: Val Acc: 0.66%
2025-08-14 21:08:13,973 - INFO - Fold 2, Epoch 20: Val Acc: 0.59%
2025-08-14 21:08:15,459 - INFO - Fold 2, Epoch 30: Val Acc: 0.50%
2025-08-14 21:08:16,943 - INFO - Fold 2, Epoch 40: Val Acc: 0.53%
2025-08-14 21:08:18,551 - INFO - Fold 2, Epoch 50: Val Acc: 0.47%
2025-08-14 21:08:20,181 - INFO - Fold 2, Epoch 60: Val Acc: 0.59%
2025-08-14 21:08:21,874 - INFO - Fold 2, Epoch 70: Val Acc: 0.56%
2025-08-14 21:08:23,539 - INFO - Fold 2, Epoch 80: Val Acc: 0.44%
2025-08-14 21:08:25,029 - INFO - Fold 2, Epoch 90: Val Acc: 0.34%
2025-08-14 21:08:26,586 - INFO - Fold 2, Epoch 100: Val Acc: 0.53%
2025-08-14 21:08:26,904 - INFO - Early stopping at epoch 102
2025-08-14 21:08:28,284 - INFO - --- Starting Fold 3/3 ---
2025-08-14 21:08:28,286 - INFO - Generated pairs. Train: 1128 (Positive: 48). Val: 276 (Positive: 24)
2025-08-14 21:08:28,286 - INFO - Starting training for fold 3/3
2025-08-14 21:08:32,064 - INFO - Fold 3, Epoch 10: Val Acc: 0.50%
2025-08-14 21:08:34,365 - INFO - Fold 3, Epoch 20: Val Acc: 0.50%
2025-08-14 21:08:36,690 - INFO - Fold 3, Epoch 30: Val Acc: 0.53%
2025-08-14 21:08:38,297 - INFO - Fold 3, Epoch 40: Val Acc: 0.53%
2025-08-14 21:08:39,923 - INFO - Fold 3, Epoch 50: Val Acc: 0.50%
2025-08-14 21:08:41,538 - INFO - Fold 3, Epoch 60: Val Acc: 0.50%
2025-08-14 21:08:42,906 - INFO - Fold 3, Epoch 70: Val Acc: 0.38%
2025-08-14 21:08:44,198 - INFO - Fold 3, Epoch 80: Val Acc: 0.50%
2025-08-14 21:08:45,488 - INFO - Fold 3, Epoch 90: Val Acc: 0.50%
2025-08-14 21:08:46,778 - INFO - Fold 3, Epoch 100: Val Acc: 0.47%
2025-08-14 21:08:48,070 - INFO - Fold 3, Epoch 110: Val Acc: 0.56%
2025-08-14 21:08:49,361 - INFO - Fold 3, Epoch 120: Val Acc: 0.50%
2025-08-14 21:08:49,620 - INFO - Early stopping at epoch 122
2025-08-14 21:08:50,114 - INFO - Cross-validation statistics for transformer: {'train_loss': {'mean': np.float64(4.20694965786404), 'std': np.float64(0.004198635322057283)}, 'train_accuracy': {'mean': np.float64(0.5868055555555556), 'std': np.float64(0.027340305118096552)}, 'val_loss': {'mean': np.float64(4.279623349507649), 'std': np.float64(0.08743686783812742)}, 'val_accuracy': {'mean': np.float64(0.6979166666666666), 'std': np.float64(0.01473139127471974)}, 'epoch': {'mean': np.float64(41.666666666666664), 'std': np.float64(44.13111776916097)}}
