Trial 162 finished with value: -0.8958333333333334 and parameters: {'learning_rate': 0.0005882064152125671, 'batch_size': 32, 'num_epochs': 876, 'temperature': 0.36553289966203945, 'embedding_dim': 256, 'hidden_dim': 256, 'dropout': 0.15008606630912477, 'num_layers': 5, 'num_heads': 2, 'noise_enabled': True, 'shift_enabled': False, 'scale_enabled': True, 'crop_enabled': True, 'flip_enabled': False, 'permutation_enabled': False, 'noise_level': 0.08139671461539522, 'crop_size': 0.5654817952459813}. Best is trial 92 with value: -0.9479166666666666.
2025-08-15 02:52:30,562 - INFO - Using device: cuda
2025-08-15 02:52:40,379 - INFO - --- Starting Fold 1/3 ---
2025-08-15 02:52:40,380 - INFO - Generated pairs. Train: 1128 (Positive: 48). Val: 276 (Positive: 24)
2025-08-15 02:52:40,380 - INFO - Starting training for fold 1/3
2025-08-15 02:52:49,729 - INFO - Fold 1, Epoch 10: Val Acc: 0.53%
2025-08-15 02:52:56,518 - INFO - Fold 1, Epoch 20: Val Acc: 0.56%
2025-08-15 02:52:58,758 - INFO - Fold 1, Epoch 30: Val Acc: 0.50%
2025-08-15 02:53:00,994 - INFO - Fold 1, Epoch 40: Val Acc: 0.62%
2025-08-15 02:53:03,234 - INFO - Fold 1, Epoch 50: Val Acc: 0.50%
2025-08-15 02:53:12,653 - INFO - Fold 1, Epoch 60: Val Acc: 0.84%
2025-08-15 02:53:17,201 - INFO - Fold 1, Epoch 70: Val Acc: 0.56%
2025-08-15 02:53:19,435 - INFO - Fold 1, Epoch 80: Val Acc: 0.78%
2025-08-15 02:53:21,671 - INFO - Fold 1, Epoch 90: Val Acc: 0.78%
2025-08-15 02:53:23,904 - INFO - Fold 1, Epoch 100: Val Acc: 0.59%
2025-08-15 02:53:26,130 - INFO - Fold 1, Epoch 110: Val Acc: 0.66%
2025-08-15 02:53:28,331 - INFO - Fold 1, Epoch 120: Val Acc: 0.72%
2025-08-15 02:53:30,406 - INFO - Fold 1, Epoch 130: Val Acc: 0.81%
2025-08-15 02:53:32,645 - INFO - Fold 1, Epoch 140: Val Acc: 0.66%
2025-08-15 02:53:34,375 - INFO - Fold 1, Epoch 150: Val Acc: 0.78%
2025-08-15 02:53:36,087 - INFO - Fold 1, Epoch 160: Val Acc: 0.69%
2025-08-15 02:53:37,550 - INFO - Early stopping at epoch 168
2025-08-15 02:53:43,914 - INFO - --- Starting Fold 2/3 ---
2025-08-15 02:53:43,915 - INFO - Generated pairs. Train: 1128 (Positive: 48). Val: 276 (Positive: 24)
2025-08-15 02:53:43,915 - INFO - Starting training for fold 2/3
2025-08-15 02:53:50,764 - INFO - Fold 2, Epoch 10: Val Acc: 0.66%
2025-08-15 02:53:53,006 - INFO - Fold 2, Epoch 20: Val Acc: 0.53%
2025-08-15 02:53:54,964 - INFO - Fold 2, Epoch 30: Val Acc: 0.59%
2025-08-15 02:53:58,560 - INFO - Fold 2, Epoch 40: Val Acc: 0.69%
2025-08-15 02:54:02,288 - INFO - Fold 2, Epoch 50: Val Acc: 0.62%
2025-08-15 02:54:05,981 - INFO - Fold 2, Epoch 60: Val Acc: 0.62%
2025-08-15 02:54:08,200 - INFO - Fold 2, Epoch 70: Val Acc: 0.62%
2025-08-15 02:54:10,044 - INFO - Fold 2, Epoch 80: Val Acc: 0.75%
2025-08-15 02:54:11,912 - INFO - Fold 2, Epoch 90: Val Acc: 0.81%
2025-08-15 02:54:13,950 - INFO - Fold 2, Epoch 100: Val Acc: 0.72%
2025-08-15 02:54:16,179 - INFO - Fold 2, Epoch 110: Val Acc: 0.78%
2025-08-15 02:54:18,404 - INFO - Fold 2, Epoch 120: Val Acc: 0.81%
2025-08-15 02:54:20,637 - INFO - Fold 2, Epoch 130: Val Acc: 0.69%
2025-08-15 02:54:24,379 - INFO - Fold 2, Epoch 140: Val Acc: 0.84%
2025-08-15 02:54:26,615 - INFO - Fold 2, Epoch 150: Val Acc: 0.75%
2025-08-15 02:54:28,852 - INFO - Fold 2, Epoch 160: Val Acc: 0.72%
2025-08-15 02:54:31,085 - INFO - Fold 2, Epoch 170: Val Acc: 0.75%
2025-08-15 02:54:33,311 - INFO - Fold 2, Epoch 180: Val Acc: 0.88%
2025-08-15 02:54:35,279 - INFO - Fold 2, Epoch 190: Val Acc: 0.75%
2025-08-15 02:54:37,225 - INFO - Fold 2, Epoch 200: Val Acc: 0.81%
2025-08-15 02:54:39,228 - INFO - Fold 2, Epoch 210: Val Acc: 0.78%
2025-08-15 02:54:41,212 - INFO - Fold 2, Epoch 220: Val Acc: 0.78%
2025-08-15 02:54:43,159 - INFO - Fold 2, Epoch 230: Val Acc: 0.78%
2025-08-15 02:54:44,158 - INFO - Early stopping at epoch 235
2025-08-15 02:54:47,322 - INFO - --- Starting Fold 3/3 ---
2025-08-15 02:54:47,325 - INFO - Generated pairs. Train: 1128 (Positive: 48). Val: 276 (Positive: 24)
2025-08-15 02:54:47,326 - INFO - Starting training for fold 3/3
2025-08-15 02:54:53,850 - INFO - Fold 3, Epoch 10: Val Acc: 0.53%
2025-08-15 02:54:55,856 - INFO - Fold 3, Epoch 20: Val Acc: 0.47%
2025-08-15 02:54:58,092 - INFO - Fold 3, Epoch 30: Val Acc: 0.59%
2025-08-15 02:55:01,683 - INFO - Fold 3, Epoch 40: Val Acc: 0.53%
2025-08-15 02:55:05,194 - INFO - Fold 3, Epoch 50: Val Acc: 0.75%
2025-08-15 02:55:06,917 - INFO - Fold 3, Epoch 60: Val Acc: 0.62%
2025-08-15 02:55:08,630 - INFO - Fold 3, Epoch 70: Val Acc: 0.56%
2025-08-15 02:55:10,344 - INFO - Fold 3, Epoch 80: Val Acc: 0.81%
2025-08-15 02:55:13,796 - INFO - Fold 3, Epoch 90: Val Acc: 0.78%
2025-08-15 02:55:17,509 - INFO - Fold 3, Epoch 100: Val Acc: 0.81%
2025-08-15 02:55:19,812 - INFO - Fold 3, Epoch 110: Val Acc: 0.66%
2025-08-15 02:55:22,138 - INFO - Fold 3, Epoch 120: Val Acc: 0.78%
2025-08-15 02:55:24,403 - INFO - Fold 3, Epoch 130: Val Acc: 0.81%
2025-08-15 02:55:26,643 - INFO - Fold 3, Epoch 140: Val Acc: 0.84%
2025-08-15 02:55:28,875 - INFO - Fold 3, Epoch 150: Val Acc: 0.81%
2025-08-15 02:55:31,101 - INFO - Fold 3, Epoch 160: Val Acc: 0.81%
2025-08-15 02:55:33,320 - INFO - Fold 3, Epoch 170: Val Acc: 0.84%
2025-08-15 02:55:35,577 - INFO - Fold 3, Epoch 180: Val Acc: 0.81%
2025-08-15 02:55:37,915 - INFO - Fold 3, Epoch 190: Val Acc: 0.66%
2025-08-15 02:55:39,076 - INFO - Early stopping at epoch 195
2025-08-15 02:55:40,127 - INFO - Cross-validation statistics for transformer: {'train_loss': {'mean': np.float64(3.980535401238335), 'std': np.float64(0.043318730119920455)}, 'train_accuracy': {'mean': np.float64(0.75), 'std': np.float64(0.022502571869471726)}, 'val_loss': {'mean': np.float64(4.14874792098999), 'std': np.float64(0.0878580856912898)}, 'val_accuracy': {'mean': np.float64(0.9166666666666666), 'std': np.float64(0.02946278254943948)}, 'epoch': {'mean': np.float64(98.33333333333333), 'std': np.float64(27.52372713779069)}}
[I 2025-08-15 02:55:40,133] Trial 163 finished with value: -0.9166666666666666 and parameters: {'learning_rate': 0.00022896268153120417, 'batch_size': 32, 'num_epochs': 269, 'temperature': 0.40333407155671114, 'embedding_dim': 256, 'hidden_dim': 256, 'dropout': 0.1647303638244479, 'num_layers': 5, 'num_heads': 2, 'noise_enabled': True, 'shift_enabled': False, 'scale_enabled': True, 'crop_enabled': True, 'flip_enabled': False, 'permutation_enabled': False, 'noise_level': 0.07608507444870578, 'crop_size': 0.5584789029887819}. Best is trial 92 with value: -0.9479166666666666.
Actual device being used: cuda
Attempting to load data from: /vol/ecrg-solar/woodj4/fishy-business/data/REIMS.xlsx
Trial 163 finished with value: -0.9166666666666666 and parameters: {'learning_rate': 0.00022896268153120417, 'batch_size': 32, 'num_epochs': 269, 'temperature': 0.40333407155671114, 'embedding_dim': 256, 'hidden_dim': 256, 'dropout': 0.1647303638244479, 'num_layers': 5, 'num_heads': 2, 'noise_enabled': True, 'shift_enabled': False, 'scale_enabled': True, 'crop_enabled': True, 'flip_enabled': False, 'permutation_enabled': False, 'noise_level': 0.07608507444870578, 'crop_size': 0.5584789029887819}. Best is trial 92 with value: -0.9479166666666666.
2025-08-15 02:55:40,180 - INFO - Using device: cuda
2025-08-15 02:55:49,900 - INFO - --- Starting Fold 1/3 ---
2025-08-15 02:55:49,901 - INFO - Generated pairs. Train: 1128 (Positive: 48). Val: 276 (Positive: 24)
2025-08-15 02:55:49,902 - INFO - Starting training for fold 1/3
2025-08-15 02:55:53,407 - INFO - Fold 1, Epoch 10: Val Acc: 0.66%
2025-08-15 02:55:54,938 - INFO - Fold 1, Epoch 20: Val Acc: 0.53%
2025-08-15 02:55:57,478 - INFO - Fold 1, Epoch 30: Val Acc: 0.72%
2025-08-15 02:55:59,625 - INFO - Fold 1, Epoch 40: Val Acc: 0.59%
2025-08-15 02:56:01,588 - INFO - Fold 1, Epoch 50: Val Acc: 0.66%
2025-08-15 02:56:03,039 - INFO - Fold 1, Epoch 60: Val Acc: 0.84%
2025-08-15 02:56:04,469 - INFO - Fold 1, Epoch 70: Val Acc: 0.62%
2025-08-15 02:56:06,332 - INFO - Fold 1, Epoch 80: Val Acc: 0.75%
2025-08-15 02:56:07,527 - INFO - Fold 1, Epoch 90: Val Acc: 0.75%
2025-08-15 02:56:08,884 - INFO - Fold 1, Epoch 100: Val Acc: 0.75%
2025-08-15 02:56:10,304 - INFO - Fold 1, Epoch 110: Val Acc: 0.78%
2025-08-15 02:56:11,734 - INFO - Fold 1, Epoch 120: Val Acc: 0.69%
2025-08-15 02:56:13,134 - INFO - Fold 1, Epoch 130: Val Acc: 0.84%
2025-08-15 02:56:14,560 - INFO - Fold 1, Epoch 140: Val Acc: 0.62%
2025-08-15 02:56:15,975 - INFO - Fold 1, Epoch 150: Val Acc: 0.69%
2025-08-15 02:56:17,410 - INFO - Fold 1, Epoch 160: Val Acc: 0.75%
2025-08-15 02:56:18,850 - INFO - Fold 1, Epoch 170: Val Acc: 0.72%
2025-08-15 02:56:18,990 - INFO - Early stopping at epoch 171
2025-08-15 02:56:19,869 - INFO - --- Starting Fold 2/3 ---
2025-08-15 02:56:19,872 - INFO - Generated pairs. Train: 1128 (Positive: 48). Val: 276 (Positive: 24)
2025-08-15 02:56:19,872 - INFO - Starting training for fold 2/3
2025-08-15 02:56:22,714 - INFO - Fold 2, Epoch 10: Val Acc: 0.53%
2025-08-15 02:56:25,034 - INFO - Fold 2, Epoch 20: Val Acc: 0.69%
2025-08-15 02:56:27,247 - INFO - Fold 2, Epoch 30: Val Acc: 0.75%
2025-08-15 02:56:29,004 - INFO - Fold 2, Epoch 40: Val Acc: 0.78%
2025-08-15 02:56:30,319 - INFO - Fold 2, Epoch 50: Val Acc: 0.72%
2025-08-15 02:56:31,711 - INFO - Fold 2, Epoch 60: Val Acc: 0.72%
2025-08-15 02:56:33,102 - INFO - Fold 2, Epoch 70: Val Acc: 0.78%
2025-08-15 02:56:34,495 - INFO - Fold 2, Epoch 80: Val Acc: 0.66%
2025-08-15 02:56:35,793 - INFO - Fold 2, Epoch 90: Val Acc: 0.78%
2025-08-15 02:56:37,162 - INFO - Fold 2, Epoch 100: Val Acc: 0.75%
2025-08-15 02:56:38,403 - INFO - Fold 2, Epoch 110: Val Acc: 0.81%
2025-08-15 02:56:39,755 - INFO - Fold 2, Epoch 120: Val Acc: 0.66%
2025-08-15 02:56:41,114 - INFO - Fold 2, Epoch 130: Val Acc: 0.75%
2025-08-15 02:56:42,198 - INFO - Early stopping at epoch 138
2025-08-15 02:56:42,434 - INFO - --- Starting Fold 3/3 ---
2025-08-15 02:56:42,436 - INFO - Generated pairs. Train: 1128 (Positive: 48). Val: 276 (Positive: 24)
2025-08-15 02:56:42,436 - INFO - Starting training for fold 3/3
2025-08-15 02:56:45,760 - INFO - Fold 3, Epoch 10: Val Acc: 0.53%
2025-08-15 02:56:47,569 - INFO - Fold 3, Epoch 20: Val Acc: 0.78%
2025-08-15 02:56:49,061 - INFO - Fold 3, Epoch 30: Val Acc: 0.75%
2025-08-15 02:56:51,039 - INFO - Fold 3, Epoch 40: Val Acc: 0.66%
2025-08-15 02:56:52,478 - INFO - Fold 3, Epoch 50: Val Acc: 0.69%
2025-08-15 02:56:53,879 - INFO - Fold 3, Epoch 60: Val Acc: 0.81%
2025-08-15 02:56:55,722 - INFO - Fold 3, Epoch 70: Val Acc: 0.75%
2025-08-15 02:56:57,080 - INFO - Fold 3, Epoch 80: Val Acc: 0.78%
2025-08-15 02:56:58,426 - INFO - Fold 3, Epoch 90: Val Acc: 0.66%
2025-08-15 02:56:59,724 - INFO - Fold 3, Epoch 100: Val Acc: 0.69%
2025-08-15 02:57:01,136 - INFO - Fold 3, Epoch 110: Val Acc: 0.66%
2025-08-15 02:57:02,569 - INFO - Fold 3, Epoch 120: Val Acc: 0.75%
2025-08-15 02:57:03,992 - INFO - Fold 3, Epoch 130: Val Acc: 0.72%
2025-08-15 02:57:05,379 - INFO - Fold 3, Epoch 140: Val Acc: 0.75%
2025-08-15 02:57:06,640 - INFO - Fold 3, Epoch 150: Val Acc: 0.78%
2025-08-15 02:57:07,978 - INFO - Fold 3, Epoch 160: Val Acc: 0.84%
2025-08-15 02:57:09,055 - INFO - Early stopping at epoch 168
2025-08-15 02:57:09,761 - INFO - Cross-validation statistics for transformer: {'train_loss': {'mean': np.float64(4.005481719970703), 'std': np.float64(0.06570547144864011)}, 'train_accuracy': {'mean': np.float64(0.7465277777777777), 'std': np.float64(0.021404215288086698)}, 'val_loss': {'mean': np.float64(4.160337924957275), 'std': np.float64(0.044720524016259984)}, 'val_accuracy': {'mean': np.float64(0.8958333333333334), 'std': np.float64(0.02946278254943948)}, 'epoch': {'mean': np.float64(58.0), 'std': np.float64(14.89966442575134)}}
[I 2025-08-15 02:57:09,769] Trial 164 finished with value: -0.8958333333333334 and parameters: {'learning_rate': 0.0003634690473289325, 'batch_size': 32, 'num_epochs': 917, 'temperature': 0.3826954925335112, 'embedding_dim': 256, 'hidden_dim': 256, 'dropout': 0.2107241937791643, 'num_layers': 1, 'num_heads': 2, 'noise_enabled': True, 'shift_enabled': False, 'scale_enabled': True, 'crop_enabled': True, 'flip_enabled': False, 'permutation_enabled': False, 'noise_level': 0.10034981466814498, 'crop_size': 0.5126848571175768}. Best is trial 92 with value: -0.9479166666666666.
Actual device being used: cuda
Attempting to load data from: /vol/ecrg-solar/woodj4/fishy-business/data/REIMS.xlsx
Trial 164 finished with value: -0.8958333333333334 and parameters: {'learning_rate': 0.0003634690473289325, 'batch_size': 32, 'num_epochs': 917, 'temperature': 0.3826954925335112, 'embedding_dim': 256, 'hidden_dim': 256, 'dropout': 0.2107241937791643, 'num_layers': 1, 'num_heads': 2, 'noise_enabled': True, 'shift_enabled': False, 'scale_enabled': True, 'crop_enabled': True, 'flip_enabled': False, 'permutation_enabled': False, 'noise_level': 0.10034981466814498, 'crop_size': 0.5126848571175768}. Best is trial 92 with value: -0.9479166666666666.
2025-08-15 02:57:09,855 - INFO - Using device: cuda
2025-08-15 02:57:19,857 - INFO - --- Starting Fold 1/3 ---
2025-08-15 02:57:19,859 - INFO - Generated pairs. Train: 1128 (Positive: 48). Val: 276 (Positive: 24)
2025-08-15 02:57:19,859 - INFO - Starting training for fold 1/3
2025-08-15 02:57:28,836 - INFO - Fold 1, Epoch 10: Val Acc: 0.41%
2025-08-15 02:57:35,320 - INFO - Fold 1, Epoch 20: Val Acc: 0.56%
2025-08-15 02:57:39,837 - INFO - Fold 1, Epoch 30: Val Acc: 0.62%
2025-08-15 02:57:46,335 - INFO - Fold 1, Epoch 40: Val Acc: 0.72%
2025-08-15 02:57:48,090 - INFO - Fold 1, Epoch 50: Val Acc: 0.59%
2025-08-15 02:57:49,910 - INFO - Fold 1, Epoch 60: Val Acc: 0.66%
2025-08-15 02:57:52,134 - INFO - Fold 1, Epoch 70: Val Acc: 0.66%
2025-08-15 02:57:54,347 - INFO - Fold 1, Epoch 80: Val Acc: 0.81%
2025-08-15 02:57:56,589 - INFO - Fold 1, Epoch 90: Val Acc: 0.66%
2025-08-15 02:58:01,165 - INFO - Fold 1, Epoch 100: Val Acc: 0.69%
2025-08-15 02:58:03,401 - INFO - Fold 1, Epoch 110: Val Acc: 0.59%
2025-08-15 02:58:05,629 - INFO - Fold 1, Epoch 120: Val Acc: 0.66%
2025-08-15 02:58:07,856 - INFO - Fold 1, Epoch 130: Val Acc: 0.62%
2025-08-15 02:58:10,029 - INFO - Fold 1, Epoch 140: Val Acc: 0.72%
2025-08-15 02:58:12,259 - INFO - Fold 1, Epoch 150: Val Acc: 0.59%
2025-08-15 02:58:14,256 - INFO - Fold 1, Epoch 160: Val Acc: 0.66%
2025-08-15 02:58:16,115 - INFO - Fold 1, Epoch 170: Val Acc: 0.62%
2025-08-15 02:58:18,350 - INFO - Fold 1, Epoch 180: Val Acc: 0.62%
2025-08-15 02:58:20,580 - INFO - Fold 1, Epoch 190: Val Acc: 0.78%
2025-08-15 02:58:21,920 - INFO - Early stopping at epoch 196
2025-08-15 02:58:25,524 - INFO - --- Starting Fold 2/3 ---
2025-08-15 02:58:25,526 - INFO - Generated pairs. Train: 1128 (Positive: 48). Val: 276 (Positive: 24)
2025-08-15 02:58:25,526 - INFO - Starting training for fold 2/3
2025-08-15 02:58:35,232 - INFO - Fold 2, Epoch 10: Val Acc: 0.62%
2025-08-15 02:58:39,924 - INFO - Fold 2, Epoch 20: Val Acc: 0.69%
2025-08-15 02:58:43,384 - INFO - Fold 2, Epoch 30: Val Acc: 0.81%
2025-08-15 02:58:45,704 - INFO - Fold 2, Epoch 40: Val Acc: 0.81%
2025-08-15 02:58:49,342 - INFO - Fold 2, Epoch 50: Val Acc: 0.81%
2025-08-15 02:58:51,304 - INFO - Fold 2, Epoch 60: Val Acc: 0.88%
2025-08-15 02:58:53,589 - INFO - Fold 2, Epoch 70: Val Acc: 0.78%
2025-08-15 02:58:55,761 - INFO - Fold 2, Epoch 80: Val Acc: 0.75%
2025-08-15 02:58:57,897 - INFO - Fold 2, Epoch 90: Val Acc: 0.62%
2025-08-15 02:59:00,200 - INFO - Fold 2, Epoch 100: Val Acc: 0.66%
2025-08-15 02:59:02,503 - INFO - Fold 2, Epoch 110: Val Acc: 0.72%
2025-08-15 02:59:04,388 - INFO - Fold 2, Epoch 120: Val Acc: 0.75%
2025-08-15 02:59:06,537 - INFO - Fold 2, Epoch 130: Val Acc: 0.66%
2025-08-15 02:59:08,788 - INFO - Fold 2, Epoch 140: Val Acc: 0.75%
2025-08-15 02:59:10,534 - INFO - Early stopping at epoch 149
2025-08-15 02:59:13,582 - INFO - --- Starting Fold 3/3 ---
2025-08-15 02:59:13,584 - INFO - Generated pairs. Train: 1128 (Positive: 48). Val: 276 (Positive: 24)
2025-08-15 02:59:13,585 - INFO - Starting training for fold 3/3
2025-08-15 02:59:17,243 - INFO - Fold 3, Epoch 10: Val Acc: 0.56%
2025-08-15 02:59:22,402 - INFO - Fold 3, Epoch 20: Val Acc: 0.75%
2025-08-15 02:59:24,370 - INFO - Fold 3, Epoch 30: Val Acc: 0.69%
2025-08-15 02:59:26,194 - INFO - Fold 3, Epoch 40: Val Acc: 0.62%
2025-08-15 02:59:28,422 - INFO - Fold 3, Epoch 50: Val Acc: 0.69%
2025-08-15 02:59:30,650 - INFO - Fold 3, Epoch 60: Val Acc: 0.75%
2025-08-15 02:59:32,893 - INFO - Fold 3, Epoch 70: Val Acc: 0.72%
2025-08-15 02:59:35,051 - INFO - Fold 3, Epoch 80: Val Acc: 0.72%
2025-08-15 02:59:36,770 - INFO - Fold 3, Epoch 90: Val Acc: 0.75%
2025-08-15 02:59:40,429 - INFO - Fold 3, Epoch 100: Val Acc: 0.66%
2025-08-15 02:59:42,654 - INFO - Fold 3, Epoch 110: Val Acc: 0.78%
2025-08-15 02:59:44,894 - INFO - Fold 3, Epoch 120: Val Acc: 0.81%
2025-08-15 02:59:46,968 - INFO - Fold 3, Epoch 130: Val Acc: 0.81%
2025-08-15 02:59:48,815 - INFO - Fold 3, Epoch 140: Val Acc: 0.62%
2025-08-15 02:59:50,781 - INFO - Fold 3, Epoch 150: Val Acc: 0.69%
2025-08-15 02:59:52,740 - INFO - Fold 3, Epoch 160: Val Acc: 0.69%
2025-08-15 02:59:54,724 - INFO - Fold 3, Epoch 170: Val Acc: 0.69%
2025-08-15 02:59:56,651 - INFO - Fold 3, Epoch 180: Val Acc: 0.75%
2025-08-15 02:59:58,594 - INFO - Fold 3, Epoch 190: Val Acc: 0.81%
2025-08-15 02:59:58,789 - INFO - Early stopping at epoch 191
2025-08-15 02:59:59,809 - INFO - Cross-validation statistics for transformer: {'train_loss': {'mean': np.float64(3.925282769733005), 'std': np.float64(0.06899731387189932)}, 'train_accuracy': {'mean': np.float64(0.78125), 'std': np.float64(0.0)}, 'val_loss': {'mean': np.float64(4.343721071879069), 'std': np.float64(0.07577385366441794)}, 'val_accuracy': {'mean': np.float64(0.9270833333333334), 'std': np.float64(0.03897559777889522)}, 'epoch': {'mean': np.float64(77.66666666666667), 'std': np.float64(21.076579946049648)}}
[I 2025-08-15 02:59:59,815] Trial 165 finished with value: -0.9270833333333334 and parameters: {'learning_rate': 0.0006910912259401272, 'batch_size': 32, 'num_epochs': 853, 'temperature': 0.3260881436484443, 'embedding_dim': 256, 'hidden_dim': 256, 'dropout': 0.25105178600830763, 'num_layers': 5, 'num_heads': 4, 'noise_enabled': True, 'shift_enabled': False, 'scale_enabled': True, 'crop_enabled': True, 'flip_enabled': False, 'permutation_enabled': False, 'noise_level': 0.06010712549552981, 'crop_size': 0.5305166610245561}. Best is trial 92 with value: -0.9479166666666666.
Actual device being used: cuda
Attempting to load data from: /vol/ecrg-solar/woodj4/fishy-business/data/REIMS.xlsx
