Trial 127 finished with value: -0.8958333333333334 and parameters: {'learning_rate': 0.0004897046849596265, 'batch_size': 32, 'num_epochs': 972, 'temperature': 0.30363409224916843, 'embedding_dim': 128, 'hidden_dim': 256, 'dropout': 0.4462896288389396, 'num_layers': 5, 'num_heads': 8, 'noise_enabled': True, 'shift_enabled': False, 'scale_enabled': True, 'crop_enabled': True, 'flip_enabled': False, 'permutation_enabled': False, 'noise_level': 0.0739165929140758, 'crop_size': 0.5447586541238473}. Best is trial 92 with value: -0.9479166666666666.
2025-08-15 01:12:22,554 - INFO - Using device: cuda
2025-08-15 01:12:32,002 - INFO - --- Starting Fold 1/3 ---
2025-08-15 01:12:32,003 - INFO - Generated pairs. Train: 1128 (Positive: 48). Val: 276 (Positive: 24)
2025-08-15 01:12:32,004 - INFO - Starting training for fold 1/3
2025-08-15 01:12:39,835 - INFO - Fold 1, Epoch 10: Val Acc: 0.59%
2025-08-15 01:12:41,628 - INFO - Fold 1, Epoch 20: Val Acc: 0.66%
2025-08-15 01:12:43,483 - INFO - Fold 1, Epoch 30: Val Acc: 0.50%
2025-08-15 01:12:47,362 - INFO - Fold 1, Epoch 40: Val Acc: 0.69%
2025-08-15 01:12:49,364 - INFO - Fold 1, Epoch 50: Val Acc: 0.66%
2025-08-15 01:12:51,097 - INFO - Fold 1, Epoch 60: Val Acc: 0.78%
2025-08-15 01:12:52,682 - INFO - Fold 1, Epoch 70: Val Acc: 0.75%
2025-08-15 01:12:54,665 - INFO - Fold 1, Epoch 80: Val Acc: 0.72%
2025-08-15 01:12:56,671 - INFO - Fold 1, Epoch 90: Val Acc: 0.81%
2025-08-15 01:12:58,668 - INFO - Fold 1, Epoch 100: Val Acc: 0.59%
2025-08-15 01:13:00,670 - INFO - Fold 1, Epoch 110: Val Acc: 0.72%
2025-08-15 01:13:02,687 - INFO - Fold 1, Epoch 120: Val Acc: 0.69%
2025-08-15 01:13:04,526 - INFO - Fold 1, Epoch 130: Val Acc: 0.62%
2025-08-15 01:13:05,923 - INFO - Early stopping at epoch 138
2025-08-15 01:13:08,785 - INFO - --- Starting Fold 2/3 ---
2025-08-15 01:13:08,805 - INFO - Generated pairs. Train: 1128 (Positive: 48). Val: 276 (Positive: 24)
2025-08-15 01:13:08,806 - INFO - Starting training for fold 2/3
2025-08-15 01:13:15,674 - INFO - Fold 2, Epoch 10: Val Acc: 0.66%
2025-08-15 01:13:19,970 - INFO - Fold 2, Epoch 20: Val Acc: 0.69%
2025-08-15 01:13:23,066 - INFO - Fold 2, Epoch 30: Val Acc: 0.78%
2025-08-15 01:13:24,968 - INFO - Fold 2, Epoch 40: Val Acc: 0.78%
2025-08-15 01:13:26,797 - INFO - Fold 2, Epoch 50: Val Acc: 0.69%
2025-08-15 01:13:28,593 - INFO - Fold 2, Epoch 60: Val Acc: 0.72%
2025-08-15 01:13:30,188 - INFO - Fold 2, Epoch 70: Val Acc: 0.84%
2025-08-15 01:13:31,745 - INFO - Fold 2, Epoch 80: Val Acc: 0.66%
2025-08-15 01:13:33,300 - INFO - Fold 2, Epoch 90: Val Acc: 0.88%
2025-08-15 01:13:34,907 - INFO - Fold 2, Epoch 100: Val Acc: 0.75%
2025-08-15 01:13:36,912 - INFO - Fold 2, Epoch 110: Val Acc: 0.88%
2025-08-15 01:13:38,691 - INFO - Fold 2, Epoch 120: Val Acc: 0.81%
2025-08-15 01:13:40,019 - INFO - Early stopping at epoch 127
2025-08-15 01:13:42,535 - INFO - --- Starting Fold 3/3 ---
2025-08-15 01:13:42,539 - INFO - Generated pairs. Train: 1128 (Positive: 48). Val: 276 (Positive: 24)
2025-08-15 01:13:42,539 - INFO - Starting training for fold 3/3
2025-08-15 01:13:47,930 - INFO - Fold 3, Epoch 10: Val Acc: 0.72%
2025-08-15 01:13:51,271 - INFO - Fold 3, Epoch 20: Val Acc: 0.69%
2025-08-15 01:13:54,456 - INFO - Fold 3, Epoch 30: Val Acc: 0.78%
2025-08-15 01:13:57,849 - INFO - Fold 3, Epoch 40: Val Acc: 0.62%
2025-08-15 01:13:59,927 - INFO - Fold 3, Epoch 50: Val Acc: 0.72%
2025-08-15 01:14:02,010 - INFO - Fold 3, Epoch 60: Val Acc: 0.66%
2025-08-15 01:14:05,342 - INFO - Fold 3, Epoch 70: Val Acc: 0.62%
2025-08-15 01:14:07,349 - INFO - Fold 3, Epoch 80: Val Acc: 0.84%
2025-08-15 01:14:09,350 - INFO - Fold 3, Epoch 90: Val Acc: 0.62%
2025-08-15 01:14:11,246 - INFO - Fold 3, Epoch 100: Val Acc: 0.62%
2025-08-15 01:14:13,147 - INFO - Fold 3, Epoch 110: Val Acc: 0.84%
2025-08-15 01:14:14,983 - INFO - Fold 3, Epoch 120: Val Acc: 0.53%
2025-08-15 01:14:16,832 - INFO - Fold 3, Epoch 130: Val Acc: 0.75%
2025-08-15 01:14:18,622 - INFO - Fold 3, Epoch 140: Val Acc: 0.66%
2025-08-15 01:14:20,571 - INFO - Fold 3, Epoch 150: Val Acc: 0.88%
2025-08-15 01:14:23,599 - INFO - Fold 3, Epoch 160: Val Acc: 0.69%
2025-08-15 01:14:25,651 - INFO - Fold 3, Epoch 170: Val Acc: 0.47%
2025-08-15 01:14:27,758 - INFO - Fold 3, Epoch 180: Val Acc: 0.69%
2025-08-15 01:14:29,858 - INFO - Fold 3, Epoch 190: Val Acc: 0.72%
2025-08-15 01:14:31,946 - INFO - Fold 3, Epoch 200: Val Acc: 0.62%
2025-08-15 01:14:34,043 - INFO - Fold 3, Epoch 210: Val Acc: 0.69%
2025-08-15 01:14:36,040 - INFO - Fold 3, Epoch 220: Val Acc: 0.69%
2025-08-15 01:14:38,027 - INFO - Fold 3, Epoch 230: Val Acc: 0.66%
2025-08-15 01:14:40,118 - INFO - Fold 3, Epoch 240: Val Acc: 0.78%
2025-08-15 01:14:43,427 - INFO - Fold 3, Epoch 250: Val Acc: 0.56%
2025-08-15 01:14:45,516 - INFO - Fold 3, Epoch 260: Val Acc: 0.94%
2025-08-15 01:14:47,386 - INFO - Fold 3, Epoch 270: Val Acc: 0.72%
2025-08-15 01:14:49,036 - INFO - Fold 3, Epoch 280: Val Acc: 0.59%
2025-08-15 01:14:50,684 - INFO - Fold 3, Epoch 290: Val Acc: 0.62%
2025-08-15 01:14:52,344 - INFO - Fold 3, Epoch 300: Val Acc: 0.78%
2025-08-15 01:14:54,125 - INFO - Fold 3, Epoch 310: Val Acc: 0.69%
2025-08-15 01:14:56,170 - INFO - Fold 3, Epoch 320: Val Acc: 0.62%
2025-08-15 01:14:58,248 - INFO - Fold 3, Epoch 330: Val Acc: 0.62%
2025-08-15 01:15:00,275 - INFO - Fold 3, Epoch 340: Val Acc: 0.62%
2025-08-15 01:15:00,679 - INFO - Early stopping at epoch 342
2025-08-15 01:15:03,113 - INFO - Cross-validation statistics for transformer: {'train_loss': {'mean': np.float64(3.9182776610056567), 'std': np.float64(0.1428053506366097)}, 'train_accuracy': {'mean': np.float64(0.767361111111111), 'std': np.float64(0.11326046132152834)}, 'val_loss': {'mean': np.float64(4.198487599690755), 'std': np.float64(0.036530485659295016)}, 'val_accuracy': {'mean': np.float64(0.8854166666666666), 'std': np.float64(0.03897559777889522)}, 'epoch': {'mean': np.float64(101.33333333333333), 'std': np.float64(98.86129452700666)}}
[I 2025-08-15 01:15:03,123] Trial 128 finished with value: -0.8854166666666666 and parameters: {'learning_rate': 0.0006742102240323934, 'batch_size': 32, 'num_epochs': 820, 'temperature': 0.3378501700966191, 'embedding_dim': 128, 'hidden_dim': 256, 'dropout': 0.4841007090228964, 'num_layers': 4, 'num_heads': 8, 'noise_enabled': True, 'shift_enabled': False, 'scale_enabled': True, 'crop_enabled': True, 'flip_enabled': False, 'permutation_enabled': False, 'noise_level': 0.05787783872910459, 'crop_size': 0.5347191764504639}. Best is trial 92 with value: -0.9479166666666666.
Actual device being used: cuda
Attempting to load data from: /vol/ecrg-solar/woodj4/fishy-business/data/REIMS.xlsx
Trial 128 finished with value: -0.8854166666666666 and parameters: {'learning_rate': 0.0006742102240323934, 'batch_size': 32, 'num_epochs': 820, 'temperature': 0.3378501700966191, 'embedding_dim': 128, 'hidden_dim': 256, 'dropout': 0.4841007090228964, 'num_layers': 4, 'num_heads': 8, 'noise_enabled': True, 'shift_enabled': False, 'scale_enabled': True, 'crop_enabled': True, 'flip_enabled': False, 'permutation_enabled': False, 'noise_level': 0.05787783872910459, 'crop_size': 0.5347191764504639}. Best is trial 92 with value: -0.9479166666666666.
2025-08-15 01:15:03,212 - INFO - Using device: cuda
2025-08-15 01:15:13,123 - INFO - --- Starting Fold 1/3 ---
2025-08-15 01:15:13,124 - INFO - Generated pairs. Train: 1128 (Positive: 48). Val: 276 (Positive: 24)
2025-08-15 01:15:13,125 - INFO - Starting training for fold 1/3
2025-08-15 01:15:28,793 - INFO - Fold 1, Epoch 10: Val Acc: 0.54%
2025-08-15 01:15:31,931 - INFO - Fold 1, Epoch 20: Val Acc: 0.56%
2025-08-15 01:15:41,710 - INFO - Fold 1, Epoch 30: Val Acc: 0.69%
2025-08-15 01:15:47,120 - INFO - Fold 1, Epoch 40: Val Acc: 0.65%
2025-08-15 01:15:53,071 - INFO - Fold 1, Epoch 50: Val Acc: 0.77%
2025-08-15 01:15:59,213 - INFO - Fold 1, Epoch 60: Val Acc: 0.79%
2025-08-15 01:16:03,200 - INFO - Fold 1, Epoch 70: Val Acc: 0.60%
2025-08-15 01:16:07,144 - INFO - Fold 1, Epoch 80: Val Acc: 0.71%
2025-08-15 01:16:10,827 - INFO - Fold 1, Epoch 90: Val Acc: 0.73%
2025-08-15 01:16:16,651 - INFO - Fold 1, Epoch 100: Val Acc: 0.75%
2025-08-15 01:16:20,243 - INFO - Fold 1, Epoch 110: Val Acc: 0.79%
2025-08-15 01:16:25,738 - INFO - Fold 1, Epoch 120: Val Acc: 0.67%
2025-08-15 01:16:29,433 - INFO - Fold 1, Epoch 130: Val Acc: 0.58%
2025-08-15 01:16:33,257 - INFO - Fold 1, Epoch 140: Val Acc: 0.83%
2025-08-15 01:16:37,036 - INFO - Fold 1, Epoch 150: Val Acc: 0.56%
2025-08-15 01:16:40,831 - INFO - Fold 1, Epoch 160: Val Acc: 0.62%
2025-08-15 01:16:44,627 - INFO - Fold 1, Epoch 170: Val Acc: 0.73%
2025-08-15 01:16:48,434 - INFO - Fold 1, Epoch 180: Val Acc: 0.71%
2025-08-15 01:16:52,252 - INFO - Fold 1, Epoch 190: Val Acc: 0.69%
2025-08-15 01:16:56,052 - INFO - Fold 1, Epoch 200: Val Acc: 0.77%
2025-08-15 01:16:59,689 - INFO - Fold 1, Epoch 210: Val Acc: 0.85%
2025-08-15 01:17:00,024 - INFO - Early stopping at epoch 211
2025-08-15 01:17:03,454 - INFO - --- Starting Fold 2/3 ---
2025-08-15 01:17:03,457 - INFO - Generated pairs. Train: 1128 (Positive: 48). Val: 276 (Positive: 24)
2025-08-15 01:17:03,457 - INFO - Starting training for fold 2/3
2025-08-15 01:17:13,991 - INFO - Fold 2, Epoch 10: Val Acc: 0.65%
2025-08-15 01:17:18,744 - INFO - Fold 2, Epoch 20: Val Acc: 0.60%
2025-08-15 01:17:24,802 - INFO - Fold 2, Epoch 30: Val Acc: 0.83%
2025-08-15 01:17:28,156 - INFO - Fold 2, Epoch 40: Val Acc: 0.71%
2025-08-15 01:17:31,347 - INFO - Fold 2, Epoch 50: Val Acc: 0.75%
2025-08-15 01:17:36,206 - INFO - Fold 2, Epoch 60: Val Acc: 0.79%
2025-08-15 01:17:40,967 - INFO - Fold 2, Epoch 70: Val Acc: 0.79%
2025-08-15 01:17:44,806 - INFO - Fold 2, Epoch 80: Val Acc: 0.79%
2025-08-15 01:17:48,288 - INFO - Fold 2, Epoch 90: Val Acc: 0.69%
2025-08-15 01:17:51,503 - INFO - Fold 2, Epoch 100: Val Acc: 0.79%
2025-08-15 01:17:54,784 - INFO - Fold 2, Epoch 110: Val Acc: 0.83%
2025-08-15 01:17:58,721 - INFO - Fold 2, Epoch 120: Val Acc: 0.81%
2025-08-15 01:18:04,058 - INFO - Fold 2, Epoch 130: Val Acc: 0.73%
2025-08-15 01:18:06,805 - INFO - Fold 2, Epoch 140: Val Acc: 0.73%
2025-08-15 01:18:10,147 - INFO - Fold 2, Epoch 150: Val Acc: 0.75%
2025-08-15 01:18:13,289 - INFO - Fold 2, Epoch 160: Val Acc: 0.81%
2025-08-15 01:18:17,092 - INFO - Fold 2, Epoch 170: Val Acc: 0.69%
2025-08-15 01:18:20,906 - INFO - Fold 2, Epoch 180: Val Acc: 0.79%
2025-08-15 01:18:26,210 - INFO - Fold 2, Epoch 190: Val Acc: 0.90%
2025-08-15 01:18:30,944 - INFO - Fold 2, Epoch 200: Val Acc: 0.75%
2025-08-15 01:18:33,918 - INFO - Fold 2, Epoch 210: Val Acc: 0.81%
2025-08-15 01:18:36,906 - INFO - Fold 2, Epoch 220: Val Acc: 0.79%
2025-08-15 01:18:40,086 - INFO - Fold 2, Epoch 230: Val Acc: 0.75%
2025-08-15 01:18:43,139 - INFO - Fold 2, Epoch 240: Val Acc: 0.83%
2025-08-15 01:18:46,211 - INFO - Fold 2, Epoch 250: Val Acc: 0.69%
2025-08-15 01:18:49,608 - INFO - Fold 2, Epoch 260: Val Acc: 0.69%
2025-08-15 01:18:52,806 - INFO - Fold 2, Epoch 270: Val Acc: 0.69%
2025-08-15 01:18:56,358 - INFO - Fold 2, Epoch 280: Val Acc: 0.81%
2025-08-15 01:19:00,157 - INFO - Fold 2, Epoch 290: Val Acc: 0.67%
2025-08-15 01:19:02,790 - INFO - Early stopping at epoch 297
2025-08-15 01:19:05,735 - INFO - --- Starting Fold 3/3 ---
2025-08-15 01:19:05,738 - INFO - Generated pairs. Train: 1128 (Positive: 48). Val: 276 (Positive: 24)
2025-08-15 01:19:05,738 - INFO - Starting training for fold 3/3
2025-08-15 01:19:12,440 - INFO - Fold 3, Epoch 10: Val Acc: 0.65%
2025-08-15 01:19:19,162 - INFO - Fold 3, Epoch 20: Val Acc: 0.69%
2025-08-15 01:19:27,467 - INFO - Fold 3, Epoch 30: Val Acc: 0.77%
2025-08-15 01:19:32,731 - INFO - Fold 3, Epoch 40: Val Acc: 0.73%
2025-08-15 01:19:37,986 - INFO - Fold 3, Epoch 50: Val Acc: 0.79%
2025-08-15 01:19:41,772 - INFO - Fold 3, Epoch 60: Val Acc: 0.73%
2025-08-15 01:19:45,579 - INFO - Fold 3, Epoch 70: Val Acc: 0.81%
2025-08-15 01:19:53,490 - INFO - Fold 3, Epoch 80: Val Acc: 0.71%
2025-08-15 01:19:57,286 - INFO - Fold 3, Epoch 90: Val Acc: 0.81%
2025-08-15 01:20:00,198 - INFO - Fold 3, Epoch 100: Val Acc: 0.77%
2025-08-15 01:20:03,163 - INFO - Fold 3, Epoch 110: Val Acc: 0.75%
2025-08-15 01:20:05,931 - INFO - Fold 3, Epoch 120: Val Acc: 0.81%
2025-08-15 01:20:09,219 - INFO - Fold 3, Epoch 130: Val Acc: 0.65%
2025-08-15 01:20:12,688 - INFO - Fold 3, Epoch 140: Val Acc: 0.69%
2025-08-15 01:20:15,585 - INFO - Fold 3, Epoch 150: Val Acc: 0.83%
2025-08-15 01:20:19,554 - INFO - Fold 3, Epoch 160: Val Acc: 0.69%
2025-08-15 01:20:23,549 - INFO - Fold 3, Epoch 170: Val Acc: 0.62%
2025-08-15 01:20:26,893 - INFO - Early stopping at epoch 179
2025-08-15 01:20:27,967 - INFO - Cross-validation statistics for transformer: {'train_loss': {'mean': np.float64(3.1745612091488304), 'std': np.float64(0.0843625353245884)}, 'train_accuracy': {'mean': np.float64(0.7430555555555557), 'std': np.float64(0.03540985773328324)}, 'val_loss': {'mean': np.float64(3.5303927792443166), 'std': np.float64(0.048408487356838066)}, 'val_accuracy': {'mean': np.float64(0.888888888888889), 'std': np.float64(0.03540985773328321)}, 'epoch': {'mean': np.float64(128.0), 'std': np.float64(49.82636517614612)}}
[I 2025-08-15 01:20:27,974] Trial 129 finished with value: -0.888888888888889 and parameters: {'learning_rate': 0.0005966474497398405, 'batch_size': 16, 'num_epochs': 909, 'temperature': 0.49952871000888477, 'embedding_dim': 128, 'hidden_dim': 512, 'dropout': 0.4657726157252577, 'num_layers': 5, 'num_heads': 8, 'noise_enabled': True, 'shift_enabled': False, 'scale_enabled': True, 'crop_enabled': True, 'flip_enabled': False, 'permutation_enabled': False, 'noise_level': 0.1872474479463135, 'crop_size': 0.5162400020198721}. Best is trial 92 with value: -0.9479166666666666.
Actual device being used: cuda
Attempting to load data from: /vol/ecrg-solar/woodj4/fishy-business/data/REIMS.xlsx
Trial 129 finished with value: -0.888888888888889 and parameters: {'learning_rate': 0.0005966474497398405, 'batch_size': 16, 'num_epochs': 909, 'temperature': 0.49952871000888477, 'embedding_dim': 128, 'hidden_dim': 512, 'dropout': 0.4657726157252577, 'num_layers': 5, 'num_heads': 8, 'noise_enabled': True, 'shift_enabled': False, 'scale_enabled': True, 'crop_enabled': True, 'flip_enabled': False, 'permutation_enabled': False, 'noise_level': 0.1872474479463135, 'crop_size': 0.5162400020198721}. Best is trial 92 with value: -0.9479166666666666.
2025-08-15 01:20:28,013 - INFO - Using device: cuda
2025-08-15 01:20:37,853 - INFO - --- Starting Fold 1/3 ---
2025-08-15 01:20:37,854 - INFO - Generated pairs. Train: 1128 (Positive: 48). Val: 276 (Positive: 24)
2025-08-15 01:20:37,854 - WARNING - Fold 1 has insufficient pairs to form a batch. Skipping.
2025-08-15 01:20:37,854 - INFO - --- Starting Fold 2/3 ---
2025-08-15 01:20:37,855 - INFO - Generated pairs. Train: 1128 (Positive: 48). Val: 276 (Positive: 24)
2025-08-15 01:20:37,856 - WARNING - Fold 2 has insufficient pairs to form a batch. Skipping.
2025-08-15 01:20:37,856 - INFO - --- Starting Fold 3/3 ---
2025-08-15 01:20:37,857 - INFO - Generated pairs. Train: 1128 (Positive: 48). Val: 276 (Positive: 24)
2025-08-15 01:20:37,857 - WARNING - Fold 3 has insufficient pairs to form a batch. Skipping.
2025-08-15 01:20:37,857 - WARNING - No folds completed successfully to aggregate metrics.
[I 2025-08-15 01:20:37,859] Trial 130 finished with value: inf and parameters: {'learning_rate': 0.0008152948746862971, 'batch_size': 64, 'num_epochs': 367, 'temperature': 0.39150369269124263, 'embedding_dim': 256, 'hidden_dim': 128, 'dropout': 0.4535921079700911, 'num_layers': 5, 'num_heads': 8, 'noise_enabled': True, 'shift_enabled': False, 'scale_enabled': False, 'crop_enabled': True, 'flip_enabled': False, 'permutation_enabled': False, 'noise_level': 0.11299333695876547, 'crop_size': 0.5527829399801636}. Best is trial 92 with value: -0.9479166666666666.
Actual device being used: cuda
Attempting to load data from: /vol/ecrg-solar/woodj4/fishy-business/data/REIMS.xlsx
Trial 130 finished with value: inf and parameters: {'learning_rate': 0.0008152948746862971, 'batch_size': 64, 'num_epochs': 367, 'temperature': 0.39150369269124263, 'embedding_dim': 256, 'hidden_dim': 128, 'dropout': 0.4535921079700911, 'num_layers': 5, 'num_heads': 8, 'noise_enabled': True, 'shift_enabled': False, 'scale_enabled': False, 'crop_enabled': True, 'flip_enabled': False, 'permutation_enabled': False, 'noise_level': 0.11299333695876547, 'crop_size': 0.5527829399801636}. Best is trial 92 with value: -0.9479166666666666.
2025-08-15 01:20:37,899 - INFO - Using device: cuda
2025-08-15 01:20:47,691 - INFO - --- Starting Fold 1/3 ---
2025-08-15 01:20:47,692 - INFO - Generated pairs. Train: 1128 (Positive: 48). Val: 276 (Positive: 24)
2025-08-15 01:20:47,692 - INFO - Starting training for fold 1/3
2025-08-15 01:20:56,826 - INFO - Fold 1, Epoch 10: Val Acc: 0.50%
2025-08-15 01:21:00,387 - INFO - Fold 1, Epoch 20: Val Acc: 0.56%
2025-08-15 01:21:02,402 - INFO - Fold 1, Epoch 30: Val Acc: 0.59%
2025-08-15 01:21:06,309 - INFO - Fold 1, Epoch 40: Val Acc: 0.50%
2025-08-15 01:21:08,312 - INFO - Fold 1, Epoch 50: Val Acc: 0.81%
2025-08-15 01:21:12,998 - INFO - Fold 1, Epoch 60: Val Acc: 0.69%
2025-08-15 01:21:14,543 - INFO - Fold 1, Epoch 70: Val Acc: 0.59%
2025-08-15 01:21:16,095 - INFO - Fold 1, Epoch 80: Val Acc: 0.62%
2025-08-15 01:21:19,479 - INFO - Fold 1, Epoch 90: Val Acc: 0.66%
2025-08-15 01:21:21,281 - INFO - Fold 1, Epoch 100: Val Acc: 0.72%
2025-08-15 01:21:23,280 - INFO - Fold 1, Epoch 110: Val Acc: 0.78%
2025-08-15 01:21:25,114 - INFO - Fold 1, Epoch 120: Val Acc: 0.66%
2025-08-15 01:21:27,117 - INFO - Fold 1, Epoch 130: Val Acc: 0.75%
2025-08-15 01:21:29,117 - INFO - Fold 1, Epoch 140: Val Acc: 0.66%
2025-08-15 01:21:31,131 - INFO - Fold 1, Epoch 150: Val Acc: 0.62%
2025-08-15 01:21:32,952 - INFO - Fold 1, Epoch 160: Val Acc: 0.66%
2025-08-15 01:21:34,507 - INFO - Fold 1, Epoch 170: Val Acc: 0.59%
2025-08-15 01:21:36,063 - INFO - Fold 1, Epoch 180: Val Acc: 0.72%
2025-08-15 01:21:37,152 - INFO - Early stopping at epoch 187
2025-08-15 01:21:40,085 - INFO - --- Starting Fold 2/3 ---
2025-08-15 01:21:40,088 - INFO - Generated pairs. Train: 1128 (Positive: 48). Val: 276 (Positive: 24)
2025-08-15 01:21:40,089 - INFO - Starting training for fold 2/3
2025-08-15 01:21:45,680 - INFO - Fold 2, Epoch 10: Val Acc: 0.53%
2025-08-15 01:21:47,553 - INFO - Fold 2, Epoch 20: Val Acc: 0.66%
2025-08-15 01:21:50,830 - INFO - Fold 2, Epoch 30: Val Acc: 0.69%
2025-08-15 01:21:54,018 - INFO - Fold 2, Epoch 40: Val Acc: 0.69%
2025-08-15 01:21:57,046 - INFO - Fold 2, Epoch 50: Val Acc: 0.69%
2025-08-15 01:21:58,924 - INFO - Fold 2, Epoch 60: Val Acc: 0.66%
2025-08-15 01:22:02,110 - INFO - Fold 2, Epoch 70: Val Acc: 0.75%
2025-08-15 01:22:04,200 - INFO - Fold 2, Epoch 80: Val Acc: 0.78%
2025-08-15 01:22:06,281 - INFO - Fold 2, Epoch 90: Val Acc: 0.78%
2025-08-15 01:22:08,369 - INFO - Fold 2, Epoch 100: Val Acc: 0.88%
2025-08-15 01:22:10,459 - INFO - Fold 2, Epoch 110: Val Acc: 0.84%
2025-08-15 01:22:12,509 - INFO - Fold 2, Epoch 120: Val Acc: 0.81%
2025-08-15 01:22:14,511 - INFO - Fold 2, Epoch 130: Val Acc: 0.78%
2025-08-15 01:22:16,521 - INFO - Fold 2, Epoch 140: Val Acc: 0.81%
2025-08-15 01:22:18,302 - INFO - Fold 2, Epoch 150: Val Acc: 0.72%
2025-08-15 01:22:19,843 - INFO - Fold 2, Epoch 160: Val Acc: 0.84%
2025-08-15 01:22:20,307 - INFO - Early stopping at epoch 163
2025-08-15 01:22:21,142 - INFO - --- Starting Fold 3/3 ---
2025-08-15 01:22:21,144 - INFO - Generated pairs. Train: 1128 (Positive: 48). Val: 276 (Positive: 24)
2025-08-15 01:22:21,144 - INFO - Starting training for fold 3/3
2025-08-15 01:22:28,023 - INFO - Fold 3, Epoch 10: Val Acc: 0.62%
2025-08-15 01:22:29,969 - INFO - Fold 3, Epoch 20: Val Acc: 0.62%
2025-08-15 01:22:33,030 - INFO - Fold 3, Epoch 30: Val Acc: 0.53%
2025-08-15 01:22:36,340 - INFO - Fold 3, Epoch 40: Val Acc: 0.72%
2025-08-15 01:22:39,576 - INFO - Fold 3, Epoch 50: Val Acc: 0.72%
2025-08-15 01:22:41,533 - INFO - Fold 3, Epoch 60: Val Acc: 0.72%
2025-08-15 01:22:43,542 - INFO - Fold 3, Epoch 70: Val Acc: 0.72%
2025-08-15 01:22:45,459 - INFO - Fold 3, Epoch 80: Val Acc: 0.78%
2025-08-15 01:22:47,384 - INFO - Fold 3, Epoch 90: Val Acc: 0.81%
2025-08-15 01:22:49,272 - INFO - Fold 3, Epoch 100: Val Acc: 0.69%
2025-08-15 01:22:52,464 - INFO - Fold 3, Epoch 110: Val Acc: 0.66%
2025-08-15 01:22:54,315 - INFO - Fold 3, Epoch 120: Val Acc: 0.62%
2025-08-15 01:22:56,150 - INFO - Fold 3, Epoch 130: Val Acc: 0.81%
2025-08-15 01:22:57,981 - INFO - Fold 3, Epoch 140: Val Acc: 0.88%
2025-08-15 01:22:59,803 - INFO - Fold 3, Epoch 150: Val Acc: 0.53%
2025-08-15 01:23:01,632 - INFO - Fold 3, Epoch 160: Val Acc: 0.62%
2025-08-15 01:23:03,480 - INFO - Fold 3, Epoch 170: Val Acc: 0.72%
2025-08-15 01:23:05,178 - INFO - Fold 3, Epoch 180: Val Acc: 0.59%
2025-08-15 01:23:06,999 - INFO - Fold 3, Epoch 190: Val Acc: 0.72%
2025-08-15 01:23:08,651 - INFO - Fold 3, Epoch 200: Val Acc: 0.75%
2025-08-15 01:23:09,641 - INFO - Early stopping at epoch 206
2025-08-15 01:23:10,756 - INFO - Cross-validation statistics for transformer: {'train_loss': {'mean': np.float64(3.9542445076836485), 'std': np.float64(0.07255566179300627)}, 'train_accuracy': {'mean': np.float64(0.767361111111111), 'std': np.float64(0.025983731852596764)}, 'val_loss': {'mean': np.float64(4.159587542215983), 'std': np.float64(0.06835731501795096)}, 'val_accuracy': {'mean': np.float64(0.90625), 'std': np.float64(0.0)}, 'epoch': {'mean': np.float64(84.33333333333333), 'std': np.float64(17.594190960528863)}}
