Trial 186 finished with value: -0.8958333333333334 and parameters: {'learning_rate': 0.0007900226527455622, 'batch_size': 32, 'num_epochs': 877, 'temperature': 0.4573602597778863, 'embedding_dim': 256, 'hidden_dim': 256, 'dropout': 0.449165302622857, 'num_layers': 5, 'num_heads': 8, 'noise_enabled': True, 'shift_enabled': False, 'scale_enabled': True, 'crop_enabled': True, 'flip_enabled': False, 'permutation_enabled': False, 'noise_level': 0.07003292471842433, 'crop_size': 0.562702320686159}. Best is trial 92 with value: -0.9479166666666666.
2025-08-15 04:00:13,836 - INFO - Using device: cuda
2025-08-15 04:00:23,824 - INFO - --- Starting Fold 1/3 ---
2025-08-15 04:00:23,826 - INFO - Generated pairs. Train: 1128 (Positive: 48). Val: 276 (Positive: 24)
2025-08-15 04:00:23,826 - INFO - Starting training for fold 1/3
2025-08-15 04:00:31,523 - INFO - Fold 1, Epoch 10: Val Acc: 0.50%
2025-08-15 04:00:33,345 - INFO - Fold 1, Epoch 20: Val Acc: 0.50%
2025-08-15 04:00:38,944 - INFO - Fold 1, Epoch 30: Val Acc: 0.72%
2025-08-15 04:00:40,943 - INFO - Fold 1, Epoch 40: Val Acc: 0.66%
2025-08-15 04:00:44,765 - INFO - Fold 1, Epoch 50: Val Acc: 0.69%
2025-08-15 04:00:50,148 - INFO - Fold 1, Epoch 60: Val Acc: 0.69%
2025-08-15 04:00:52,161 - INFO - Fold 1, Epoch 70: Val Acc: 0.69%
2025-08-15 04:00:54,171 - INFO - Fold 1, Epoch 80: Val Acc: 0.56%
2025-08-15 04:00:56,182 - INFO - Fold 1, Epoch 90: Val Acc: 0.75%
2025-08-15 04:00:58,162 - INFO - Fold 1, Epoch 100: Val Acc: 0.72%
2025-08-15 04:01:00,172 - INFO - Fold 1, Epoch 110: Val Acc: 0.66%
2025-08-15 04:01:02,176 - INFO - Fold 1, Epoch 120: Val Acc: 0.81%
2025-08-15 04:01:04,179 - INFO - Fold 1, Epoch 130: Val Acc: 0.53%
2025-08-15 04:01:06,191 - INFO - Fold 1, Epoch 140: Val Acc: 0.66%
2025-08-15 04:01:08,197 - INFO - Fold 1, Epoch 150: Val Acc: 0.62%
2025-08-15 04:01:12,153 - INFO - Fold 1, Epoch 160: Val Acc: 0.69%
2025-08-15 04:01:14,145 - INFO - Fold 1, Epoch 170: Val Acc: 0.75%
2025-08-15 04:01:16,137 - INFO - Fold 1, Epoch 180: Val Acc: 0.59%
2025-08-15 04:01:18,127 - INFO - Fold 1, Epoch 190: Val Acc: 0.75%
2025-08-15 04:01:20,136 - INFO - Fold 1, Epoch 200: Val Acc: 0.75%
2025-08-15 04:01:22,152 - INFO - Fold 1, Epoch 210: Val Acc: 0.69%
2025-08-15 04:01:24,157 - INFO - Fold 1, Epoch 220: Val Acc: 0.69%
2025-08-15 04:01:26,145 - INFO - Fold 1, Epoch 230: Val Acc: 0.81%
2025-08-15 04:01:28,156 - INFO - Fold 1, Epoch 240: Val Acc: 0.66%
2025-08-15 04:01:30,174 - INFO - Fold 1, Epoch 250: Val Acc: 0.78%
2025-08-15 04:01:31,185 - INFO - Early stopping at epoch 255
2025-08-15 04:01:34,093 - INFO - --- Starting Fold 2/3 ---
2025-08-15 04:01:34,102 - INFO - Generated pairs. Train: 1128 (Positive: 48). Val: 276 (Positive: 24)
2025-08-15 04:01:34,103 - INFO - Starting training for fold 2/3
2025-08-15 04:01:37,360 - INFO - Fold 2, Epoch 10: Val Acc: 0.47%
2025-08-15 04:01:42,804 - INFO - Fold 2, Epoch 20: Val Acc: 0.59%
2025-08-15 04:01:47,094 - INFO - Fold 2, Epoch 30: Val Acc: 0.50%
2025-08-15 04:01:49,123 - INFO - Fold 2, Epoch 40: Val Acc: 0.56%
2025-08-15 04:01:52,176 - INFO - Fold 2, Epoch 50: Val Acc: 0.78%
2025-08-15 04:01:53,895 - INFO - Fold 2, Epoch 60: Val Acc: 0.78%
2025-08-15 04:01:56,694 - INFO - Fold 2, Epoch 70: Val Acc: 0.72%
2025-08-15 04:01:58,327 - INFO - Fold 2, Epoch 80: Val Acc: 0.88%
2025-08-15 04:02:00,229 - INFO - Fold 2, Epoch 90: Val Acc: 0.72%
2025-08-15 04:02:02,227 - INFO - Fold 2, Epoch 100: Val Acc: 0.69%
2025-08-15 04:02:04,223 - INFO - Fold 2, Epoch 110: Val Acc: 0.75%
2025-08-15 04:02:06,213 - INFO - Fold 2, Epoch 120: Val Acc: 0.78%
2025-08-15 04:02:09,005 - INFO - Fold 2, Epoch 130: Val Acc: 0.75%
2025-08-15 04:02:10,868 - INFO - Fold 2, Epoch 140: Val Acc: 0.78%
2025-08-15 04:02:12,422 - INFO - Fold 2, Epoch 150: Val Acc: 0.56%
2025-08-15 04:02:14,427 - INFO - Fold 2, Epoch 160: Val Acc: 0.84%
2025-08-15 04:02:16,410 - INFO - Fold 2, Epoch 170: Val Acc: 0.72%
2025-08-15 04:02:18,409 - INFO - Fold 2, Epoch 180: Val Acc: 0.81%
2025-08-15 04:02:20,400 - INFO - Fold 2, Epoch 190: Val Acc: 0.78%
2025-08-15 04:02:22,407 - INFO - Fold 2, Epoch 200: Val Acc: 0.78%
2025-08-15 04:02:24,304 - INFO - Fold 2, Epoch 210: Val Acc: 0.81%
2025-08-15 04:02:26,268 - INFO - Fold 2, Epoch 220: Val Acc: 0.84%
2025-08-15 04:02:26,668 - INFO - Early stopping at epoch 222
2025-08-15 04:02:27,481 - INFO - --- Starting Fold 3/3 ---
2025-08-15 04:02:27,482 - INFO - Generated pairs. Train: 1128 (Positive: 48). Val: 276 (Positive: 24)
2025-08-15 04:02:27,483 - INFO - Starting training for fold 3/3
2025-08-15 04:02:33,360 - INFO - Fold 3, Epoch 10: Val Acc: 0.56%
2025-08-15 04:02:36,400 - INFO - Fold 3, Epoch 20: Val Acc: 0.59%
2025-08-15 04:02:38,332 - INFO - Fold 3, Epoch 30: Val Acc: 0.66%
2025-08-15 04:02:40,247 - INFO - Fold 3, Epoch 40: Val Acc: 0.78%
2025-08-15 04:02:42,252 - INFO - Fold 3, Epoch 50: Val Acc: 0.78%
2025-08-15 04:02:44,258 - INFO - Fold 3, Epoch 60: Val Acc: 0.78%
2025-08-15 04:02:46,273 - INFO - Fold 3, Epoch 70: Val Acc: 0.72%
2025-08-15 04:02:49,418 - INFO - Fold 3, Epoch 80: Val Acc: 0.69%
2025-08-15 04:02:51,443 - INFO - Fold 3, Epoch 90: Val Acc: 0.81%
2025-08-15 04:02:53,455 - INFO - Fold 3, Epoch 100: Val Acc: 0.69%
2025-08-15 04:02:56,582 - INFO - Fold 3, Epoch 110: Val Acc: 0.81%
2025-08-15 04:02:58,158 - INFO - Fold 3, Epoch 120: Val Acc: 0.75%
2025-08-15 04:02:59,809 - INFO - Fold 3, Epoch 130: Val Acc: 0.75%
2025-08-15 04:03:01,820 - INFO - Fold 3, Epoch 140: Val Acc: 0.75%
2025-08-15 04:03:03,790 - INFO - Fold 3, Epoch 150: Val Acc: 0.69%
2025-08-15 04:03:05,345 - INFO - Fold 3, Epoch 160: Val Acc: 0.69%
2025-08-15 04:03:06,901 - INFO - Fold 3, Epoch 170: Val Acc: 0.72%
2025-08-15 04:03:08,580 - INFO - Fold 3, Epoch 180: Val Acc: 0.59%
2025-08-15 04:03:10,580 - INFO - Fold 3, Epoch 190: Val Acc: 0.72%
2025-08-15 04:03:12,290 - INFO - Fold 3, Epoch 200: Val Acc: 0.69%
2025-08-15 04:03:12,445 - INFO - Early stopping at epoch 201
2025-08-15 04:03:13,263 - INFO - Cross-validation statistics for transformer: {'train_loss': {'mean': np.float64(3.8905668523576526), 'std': np.float64(0.02443573356628226)}, 'train_accuracy': {'mean': np.float64(0.7604166666666666), 'std': np.float64(0.05953620902598007)}, 'val_loss': {'mean': np.float64(4.172909100850423), 'std': np.float64(0.03472119599273659)}, 'val_accuracy': {'mean': np.float64(0.90625), 'std': np.float64(0.0)}, 'epoch': {'mean': np.float64(125.0), 'std': np.float64(22.22611077089287)}}
[I 2025-08-15 04:03:13,270] Trial 187 finished with value: -0.90625 and parameters: {'learning_rate': 0.0004868344435594249, 'batch_size': 32, 'num_epochs': 917, 'temperature': 0.47419515250592476, 'embedding_dim': 128, 'hidden_dim': 256, 'dropout': 0.19257989341401344, 'num_layers': 4, 'num_heads': 8, 'noise_enabled': True, 'shift_enabled': False, 'scale_enabled': True, 'crop_enabled': True, 'flip_enabled': False, 'permutation_enabled': False, 'noise_level': 0.04682726951282211, 'crop_size': 0.5396587955942274}. Best is trial 92 with value: -0.9479166666666666.
Actual device being used: cuda
Attempting to load data from: /vol/ecrg-solar/woodj4/fishy-business/data/REIMS.xlsx
Trial 187 finished with value: -0.90625 and parameters: {'learning_rate': 0.0004868344435594249, 'batch_size': 32, 'num_epochs': 917, 'temperature': 0.47419515250592476, 'embedding_dim': 128, 'hidden_dim': 256, 'dropout': 0.19257989341401344, 'num_layers': 4, 'num_heads': 8, 'noise_enabled': True, 'shift_enabled': False, 'scale_enabled': True, 'crop_enabled': True, 'flip_enabled': False, 'permutation_enabled': False, 'noise_level': 0.04682726951282211, 'crop_size': 0.5396587955942274}. Best is trial 92 with value: -0.9479166666666666.
2025-08-15 04:03:13,314 - INFO - Using device: cuda
2025-08-15 04:03:23,093 - INFO - --- Starting Fold 1/3 ---
2025-08-15 04:03:23,095 - INFO - Generated pairs. Train: 1128 (Positive: 48). Val: 276 (Positive: 24)
2025-08-15 04:03:23,095 - INFO - Starting training for fold 1/3
/usr/pkg/lib/python3.12/site-packages/torch/optim/lr_scheduler.py:227: UserWarning: Detected call of `lr_scheduler.step()` before `optimizer.step()`. In PyTorch 1.1.0 and later, you should call them in the opposite order: `optimizer.step()` before `lr_scheduler.step()`.  Failure to do this will result in PyTorch skipping the first value of the learning rate schedule. See more details at https://pytorch.org/docs/stable/optim.html#how-to-adjust-learning-rate
  warnings.warn(
2025-08-15 04:03:30,088 - INFO - Fold 1, Epoch 10: Val Acc: 0.53%
2025-08-15 04:03:36,865 - INFO - Fold 1, Epoch 20: Val Acc: 0.53%
2025-08-15 04:03:43,339 - INFO - Fold 1, Epoch 30: Val Acc: 0.66%
2025-08-15 04:03:45,575 - INFO - Fold 1, Epoch 40: Val Acc: 0.62%
2025-08-15 04:03:50,036 - INFO - Fold 1, Epoch 50: Val Acc: 0.72%
2025-08-15 04:03:52,295 - INFO - Fold 1, Epoch 60: Val Acc: 0.78%
2025-08-15 04:03:54,597 - INFO - Fold 1, Epoch 70: Val Acc: 0.72%
2025-08-15 04:03:56,891 - INFO - Fold 1, Epoch 80: Val Acc: 0.69%
2025-08-15 04:03:58,687 - INFO - Fold 1, Epoch 90: Val Acc: 0.78%
2025-08-15 04:04:00,535 - INFO - Fold 1, Epoch 100: Val Acc: 0.78%
2025-08-15 04:04:02,664 - INFO - Fold 1, Epoch 110: Val Acc: 0.88%
2025-08-15 04:04:04,396 - INFO - Fold 1, Epoch 120: Val Acc: 0.75%
2025-08-15 04:04:06,267 - INFO - Fold 1, Epoch 130: Val Acc: 0.66%
2025-08-15 04:04:08,274 - INFO - Fold 1, Epoch 140: Val Acc: 0.69%
2025-08-15 04:04:09,385 - INFO - Early stopping at epoch 145
2025-08-15 04:04:13,478 - INFO - --- Starting Fold 2/3 ---
2025-08-15 04:04:13,480 - INFO - Generated pairs. Train: 1128 (Positive: 48). Val: 276 (Positive: 24)
2025-08-15 04:04:13,481 - INFO - Starting training for fold 2/3
/usr/pkg/lib/python3.12/site-packages/torch/optim/lr_scheduler.py:227: UserWarning: Detected call of `lr_scheduler.step()` before `optimizer.step()`. In PyTorch 1.1.0 and later, you should call them in the opposite order: `optimizer.step()` before `lr_scheduler.step()`.  Failure to do this will result in PyTorch skipping the first value of the learning rate schedule. See more details at https://pytorch.org/docs/stable/optim.html#how-to-adjust-learning-rate
  warnings.warn(
2025-08-15 04:04:20,566 - INFO - Fold 2, Epoch 10: Val Acc: 0.66%
2025-08-15 04:04:22,736 - INFO - Fold 2, Epoch 20: Val Acc: 0.66%
2025-08-15 04:04:26,422 - INFO - Fold 2, Epoch 30: Val Acc: 0.72%
2025-08-15 04:04:29,998 - INFO - Fold 2, Epoch 40: Val Acc: 0.75%
2025-08-15 04:04:32,209 - INFO - Fold 2, Epoch 50: Val Acc: 0.81%
2025-08-15 04:04:33,944 - INFO - Fold 2, Epoch 60: Val Acc: 0.75%
2025-08-15 04:04:35,665 - INFO - Fold 2, Epoch 70: Val Acc: 0.72%
2025-08-15 04:04:39,228 - INFO - Fold 2, Epoch 80: Val Acc: 0.69%
2025-08-15 04:04:41,438 - INFO - Fold 2, Epoch 90: Val Acc: 0.75%
2025-08-15 04:04:43,656 - INFO - Fold 2, Epoch 100: Val Acc: 0.84%
2025-08-15 04:04:45,888 - INFO - Fold 2, Epoch 110: Val Acc: 0.84%
2025-08-15 04:04:48,101 - INFO - Fold 2, Epoch 120: Val Acc: 0.66%
2025-08-15 04:04:50,337 - INFO - Fold 2, Epoch 130: Val Acc: 0.78%
2025-08-15 04:04:52,578 - INFO - Fold 2, Epoch 140: Val Acc: 0.69%
2025-08-15 04:04:54,814 - INFO - Fold 2, Epoch 150: Val Acc: 0.81%
2025-08-15 04:04:57,053 - INFO - Fold 2, Epoch 160: Val Acc: 0.72%
2025-08-15 04:04:59,286 - INFO - Fold 2, Epoch 170: Val Acc: 0.81%
2025-08-15 04:05:00,626 - INFO - Early stopping at epoch 176
2025-08-15 04:05:03,786 - INFO - --- Starting Fold 3/3 ---
2025-08-15 04:05:03,789 - INFO - Generated pairs. Train: 1128 (Positive: 48). Val: 276 (Positive: 24)
2025-08-15 04:05:03,790 - INFO - Starting training for fold 3/3
/usr/pkg/lib/python3.12/site-packages/torch/optim/lr_scheduler.py:227: UserWarning: Detected call of `lr_scheduler.step()` before `optimizer.step()`. In PyTorch 1.1.0 and later, you should call them in the opposite order: `optimizer.step()` before `lr_scheduler.step()`.  Failure to do this will result in PyTorch skipping the first value of the learning rate schedule. See more details at https://pytorch.org/docs/stable/optim.html#how-to-adjust-learning-rate
  warnings.warn(
2025-08-15 04:05:10,284 - INFO - Fold 3, Epoch 10: Val Acc: 0.59%
2025-08-15 04:05:15,750 - INFO - Fold 3, Epoch 20: Val Acc: 0.72%
2025-08-15 04:05:19,387 - INFO - Fold 3, Epoch 30: Val Acc: 0.72%
2025-08-15 04:05:22,730 - INFO - Fold 3, Epoch 40: Val Acc: 0.72%
2025-08-15 04:05:24,756 - INFO - Fold 3, Epoch 50: Val Acc: 0.78%
2025-08-15 04:05:26,967 - INFO - Fold 3, Epoch 60: Val Acc: 0.69%
2025-08-15 04:05:29,194 - INFO - Fold 3, Epoch 70: Val Acc: 0.72%
2025-08-15 04:05:32,549 - INFO - Fold 3, Epoch 80: Val Acc: 0.78%
2025-08-15 04:05:34,794 - INFO - Fold 3, Epoch 90: Val Acc: 0.78%
2025-08-15 04:05:37,006 - INFO - Fold 3, Epoch 100: Val Acc: 0.72%
2025-08-15 04:05:38,978 - INFO - Fold 3, Epoch 110: Val Acc: 0.72%
2025-08-15 04:05:40,936 - INFO - Fold 3, Epoch 120: Val Acc: 0.72%
2025-08-15 04:05:42,883 - INFO - Fold 3, Epoch 130: Val Acc: 0.72%
2025-08-15 04:05:44,820 - INFO - Fold 3, Epoch 140: Val Acc: 0.69%
2025-08-15 04:05:46,816 - INFO - Fold 3, Epoch 150: Val Acc: 0.75%
2025-08-15 04:05:48,816 - INFO - Fold 3, Epoch 160: Val Acc: 0.59%
2025-08-15 04:05:51,035 - INFO - Fold 3, Epoch 170: Val Acc: 0.62%
2025-08-15 04:05:51,548 - INFO - Early stopping at epoch 173
2025-08-15 04:05:52,585 - INFO - Cross-validation statistics for transformer: {'train_loss': {'mean': np.float64(3.9309679667154946), 'std': np.float64(0.02592368447874129)}, 'train_accuracy': {'mean': np.float64(0.7743055555555557), 'std': np.float64(0.04983576421669207)}, 'val_loss': {'mean': np.float64(4.251091957092285), 'std': np.float64(0.09030322277541374)}, 'val_accuracy': {'mean': np.float64(0.875), 'std': np.float64(0.02551551815399144)}, 'epoch': {'mean': np.float64(63.666666666666664), 'std': np.float64(13.960261060914616)}}
[I 2025-08-15 04:05:52,591] Trial 188 finished with value: -0.875 and parameters: {'learning_rate': 0.0008205625324519101, 'batch_size': 32, 'num_epochs': 935, 'temperature': 0.1651420459530604, 'embedding_dim': 128, 'hidden_dim': 128, 'dropout': 0.4327909249196791, 'num_layers': 5, 'num_heads': 8, 'noise_enabled': True, 'shift_enabled': False, 'scale_enabled': True, 'crop_enabled': True, 'flip_enabled': False, 'permutation_enabled': False, 'noise_level': 0.1792574934580393, 'crop_size': 0.5729692777839531}. Best is trial 92 with value: -0.9479166666666666.
Actual device being used: cuda
Attempting to load data from: /vol/ecrg-solar/woodj4/fishy-business/data/REIMS.xlsx
Trial 188 finished with value: -0.875 and parameters: {'learning_rate': 0.0008205625324519101, 'batch_size': 32, 'num_epochs': 935, 'temperature': 0.1651420459530604, 'embedding_dim': 128, 'hidden_dim': 128, 'dropout': 0.4327909249196791, 'num_layers': 5, 'num_heads': 8, 'noise_enabled': True, 'shift_enabled': False, 'scale_enabled': True, 'crop_enabled': True, 'flip_enabled': False, 'permutation_enabled': False, 'noise_level': 0.1792574934580393, 'crop_size': 0.5729692777839531}. Best is trial 92 with value: -0.9479166666666666.
2025-08-15 04:05:52,636 - INFO - Using device: cuda
2025-08-15 04:06:02,738 - INFO - --- Starting Fold 1/3 ---
2025-08-15 04:06:02,740 - INFO - Generated pairs. Train: 1128 (Positive: 48). Val: 276 (Positive: 24)
2025-08-15 04:06:02,740 - INFO - Starting training for fold 1/3
2025-08-15 04:06:14,022 - INFO - Fold 1, Epoch 10: Val Acc: 0.69%
2025-08-15 04:06:18,116 - INFO - Fold 1, Epoch 20: Val Acc: 0.84%
2025-08-15 04:06:20,233 - INFO - Fold 1, Epoch 30: Val Acc: 0.72%
2025-08-15 04:06:24,526 - INFO - Fold 1, Epoch 40: Val Acc: 0.69%
2025-08-15 04:06:26,631 - INFO - Fold 1, Epoch 50: Val Acc: 0.72%
2025-08-15 04:06:28,734 - INFO - Fold 1, Epoch 60: Val Acc: 0.66%
2025-08-15 04:06:30,844 - INFO - Fold 1, Epoch 70: Val Acc: 0.66%
2025-08-15 04:06:32,955 - INFO - Fold 1, Epoch 80: Val Acc: 0.75%
2025-08-15 04:06:35,069 - INFO - Fold 1, Epoch 90: Val Acc: 0.59%
2025-08-15 04:06:37,189 - INFO - Fold 1, Epoch 100: Val Acc: 0.81%
2025-08-15 04:06:39,298 - INFO - Fold 1, Epoch 110: Val Acc: 0.88%
2025-08-15 04:06:41,375 - INFO - Fold 1, Epoch 120: Val Acc: 0.75%
2025-08-15 04:06:43,169 - INFO - Fold 1, Epoch 130: Val Acc: 0.50%
2025-08-15 04:06:44,687 - INFO - Early stopping at epoch 138
2025-08-15 04:06:48,276 - INFO - --- Starting Fold 2/3 ---
2025-08-15 04:06:48,280 - INFO - Generated pairs. Train: 1128 (Positive: 48). Val: 276 (Positive: 24)
2025-08-15 04:06:48,281 - INFO - Starting training for fold 2/3
2025-08-15 04:06:54,740 - INFO - Fold 2, Epoch 10: Val Acc: 0.50%
2025-08-15 04:07:00,759 - INFO - Fold 2, Epoch 20: Val Acc: 0.59%
2025-08-15 04:07:03,904 - INFO - Fold 2, Epoch 30: Val Acc: 0.78%
2025-08-15 04:07:07,409 - INFO - Fold 2, Epoch 40: Val Acc: 0.66%
2025-08-15 04:07:09,524 - INFO - Fold 2, Epoch 50: Val Acc: 0.81%
2025-08-15 04:07:11,630 - INFO - Fold 2, Epoch 60: Val Acc: 0.72%
2025-08-15 04:07:13,743 - INFO - Fold 2, Epoch 70: Val Acc: 0.78%
2025-08-15 04:07:17,209 - INFO - Fold 2, Epoch 80: Val Acc: 0.78%
2025-08-15 04:07:19,293 - INFO - Fold 2, Epoch 90: Val Acc: 0.84%
2025-08-15 04:07:21,399 - INFO - Fold 2, Epoch 100: Val Acc: 0.88%
2025-08-15 04:07:23,287 - INFO - Fold 2, Epoch 110: Val Acc: 0.72%
2025-08-15 04:07:25,398 - INFO - Fold 2, Epoch 120: Val Acc: 0.78%
2025-08-15 04:07:27,506 - INFO - Fold 2, Epoch 130: Val Acc: 0.72%
2025-08-15 04:07:29,613 - INFO - Fold 2, Epoch 140: Val Acc: 0.78%
2025-08-15 04:07:31,716 - INFO - Fold 2, Epoch 150: Val Acc: 0.72%
2025-08-15 04:07:33,822 - INFO - Fold 2, Epoch 160: Val Acc: 0.66%
2025-08-15 04:07:35,922 - INFO - Fold 2, Epoch 170: Val Acc: 0.84%
2025-08-15 04:07:37,392 - INFO - Early stopping at epoch 177
2025-08-15 04:07:40,492 - INFO - --- Starting Fold 3/3 ---
2025-08-15 04:07:40,504 - INFO - Generated pairs. Train: 1128 (Positive: 48). Val: 276 (Positive: 24)
2025-08-15 04:07:40,505 - INFO - Starting training for fold 3/3
2025-08-15 04:07:46,868 - INFO - Fold 3, Epoch 10: Val Acc: 0.59%
2025-08-15 04:07:53,194 - INFO - Fold 3, Epoch 20: Val Acc: 0.72%
2025-08-15 04:07:55,296 - INFO - Fold 3, Epoch 30: Val Acc: 0.75%
2025-08-15 04:07:57,406 - INFO - Fold 3, Epoch 40: Val Acc: 0.78%
2025-08-15 04:08:00,907 - INFO - Fold 3, Epoch 50: Val Acc: 0.75%
2025-08-15 04:08:03,016 - INFO - Fold 3, Epoch 60: Val Acc: 0.81%
2025-08-15 04:08:05,110 - INFO - Fold 3, Epoch 70: Val Acc: 0.81%
2025-08-15 04:08:07,210 - INFO - Fold 3, Epoch 80: Val Acc: 0.84%
2025-08-15 04:08:09,307 - INFO - Fold 3, Epoch 90: Val Acc: 0.72%
2025-08-15 04:08:11,402 - INFO - Fold 3, Epoch 100: Val Acc: 0.69%
2025-08-15 04:08:13,499 - INFO - Fold 3, Epoch 110: Val Acc: 0.72%
2025-08-15 04:08:15,594 - INFO - Fold 3, Epoch 120: Val Acc: 0.84%
2025-08-15 04:08:17,699 - INFO - Fold 3, Epoch 130: Val Acc: 0.66%
2025-08-15 04:08:19,801 - INFO - Fold 3, Epoch 140: Val Acc: 0.72%
2025-08-15 04:08:20,638 - INFO - Early stopping at epoch 144
2025-08-15 04:08:21,693 - INFO - Cross-validation statistics for transformer: {'train_loss': {'mean': np.float64(3.95607852935791), 'std': np.float64(0.03664639309634981)}, 'train_accuracy': {'mean': np.float64(0.7916666666666666), 'std': np.float64(0.06421264586426018)}, 'val_loss': {'mean': np.float64(4.161576747894287), 'std': np.float64(0.0605394522207801)}, 'val_accuracy': {'mean': np.float64(0.8854166666666666), 'std': np.float64(0.01473139127471974)}, 'epoch': {'mean': np.float64(52.0), 'std': np.float64(17.146428199482248)}}
[I 2025-08-15 04:08:21,700] Trial 189 finished with value: -0.8854166666666666 and parameters: {'learning_rate': 0.0007429967588174635, 'batch_size': 32, 'num_epochs': 838, 'temperature': 0.4118591523823588, 'embedding_dim': 256, 'hidden_dim': 256, 'dropout': 0.23326280720718479, 'num_layers': 5, 'num_heads': 8, 'noise_enabled': False, 'shift_enabled': False, 'scale_enabled': False, 'crop_enabled': True, 'flip_enabled': False, 'permutation_enabled': False, 'crop_size': 0.5453763724904468}. Best is trial 92 with value: -0.9479166666666666.
Actual device being used: cuda
Attempting to load data from: /vol/ecrg-solar/woodj4/fishy-business/data/REIMS.xlsx
Trial 189 finished with value: -0.8854166666666666 and parameters: {'learning_rate': 0.0007429967588174635, 'batch_size': 32, 'num_epochs': 838, 'temperature': 0.4118591523823588, 'embedding_dim': 256, 'hidden_dim': 256, 'dropout': 0.23326280720718479, 'num_layers': 5, 'num_heads': 8, 'noise_enabled': False, 'shift_enabled': False, 'scale_enabled': False, 'crop_enabled': True, 'flip_enabled': False, 'permutation_enabled': False, 'crop_size': 0.5453763724904468}. Best is trial 92 with value: -0.9479166666666666.
2025-08-15 04:08:21,748 - INFO - Using device: cuda
2025-08-15 04:08:31,533 - INFO - --- Starting Fold 1/3 ---
2025-08-15 04:08:31,535 - INFO - Generated pairs. Train: 1128 (Positive: 48). Val: 276 (Positive: 24)
2025-08-15 04:08:31,535 - WARNING - Fold 1 has insufficient pairs to form a batch. Skipping.
2025-08-15 04:08:31,535 - INFO - --- Starting Fold 2/3 ---
2025-08-15 04:08:31,537 - INFO - Generated pairs. Train: 1128 (Positive: 48). Val: 276 (Positive: 24)
2025-08-15 04:08:31,537 - WARNING - Fold 2 has insufficient pairs to form a batch. Skipping.
2025-08-15 04:08:31,537 - INFO - --- Starting Fold 3/3 ---
2025-08-15 04:08:31,538 - INFO - Generated pairs. Train: 1128 (Positive: 48). Val: 276 (Positive: 24)
2025-08-15 04:08:31,538 - WARNING - Fold 3 has insufficient pairs to form a batch. Skipping.
2025-08-15 04:08:31,538 - WARNING - No folds completed successfully to aggregate metrics.
