Trial 9 finished with value: -0.9270833333333334 and parameters: {'learning_rate': 0.0005162280557072889, 'batch_size': 32, 'num_epochs': 983, 'temperature': 0.3589825261161098, 'embedding_dim': 128, 'hidden_dim': 256, 'dropout': 0.439518236410986, 'num_layers': 5, 'num_heads': 8, 'noise_enabled': True, 'shift_enabled': False, 'scale_enabled': True, 'crop_enabled': True, 'flip_enabled': False, 'permutation_enabled': False, 'noise_level': 0.19170869921339778, 'crop_size': 0.5511402191808151}. Best is trial 9 with value: -0.9270833333333334.
2025-08-14 19:48:58,470 - INFO - Using device: cuda
2025-08-14 19:49:09,022 - INFO - --- Starting Fold 1/3 ---
2025-08-14 19:49:09,024 - INFO - Generated pairs. Train: 1128 (Positive: 48). Val: 276 (Positive: 24)
2025-08-14 19:49:09,024 - INFO - Starting training for fold 1/3
2025-08-14 19:49:13,777 - INFO - Fold 1, Epoch 10: Val Acc: 0.50%
2025-08-14 19:49:15,779 - INFO - Fold 1, Epoch 20: Val Acc: 0.50%
2025-08-14 19:49:23,316 - INFO - Fold 1, Epoch 30: Val Acc: 0.50%
2025-08-14 19:49:25,622 - INFO - Fold 1, Epoch 40: Val Acc: 0.50%
2025-08-14 19:49:27,895 - INFO - Fold 1, Epoch 50: Val Acc: 0.50%
2025-08-14 19:49:29,753 - INFO - Fold 1, Epoch 60: Val Acc: 0.50%
2025-08-14 19:49:31,634 - INFO - Fold 1, Epoch 70: Val Acc: 0.50%
2025-08-14 19:49:33,517 - INFO - Fold 1, Epoch 80: Val Acc: 0.50%
2025-08-14 19:49:35,479 - INFO - Fold 1, Epoch 90: Val Acc: 0.62%
2025-08-14 19:49:37,353 - INFO - Fold 1, Epoch 100: Val Acc: 0.50%
2025-08-14 19:49:39,210 - INFO - Fold 1, Epoch 110: Val Acc: 0.50%
2025-08-14 19:49:41,010 - INFO - Fold 1, Epoch 120: Val Acc: 0.50%
2025-08-14 19:49:42,411 - INFO - Early stopping at epoch 127
2025-08-14 19:49:46,308 - INFO - --- Starting Fold 2/3 ---
2025-08-14 19:49:46,310 - INFO - Generated pairs. Train: 1128 (Positive: 48). Val: 276 (Positive: 24)
2025-08-14 19:49:46,311 - INFO - Starting training for fold 2/3
2025-08-14 19:49:52,106 - INFO - Fold 2, Epoch 10: Val Acc: 0.53%
2025-08-14 19:49:54,476 - INFO - Fold 2, Epoch 20: Val Acc: 0.50%
2025-08-14 19:49:56,768 - INFO - Fold 2, Epoch 30: Val Acc: 0.50%
2025-08-14 19:50:00,482 - INFO - Fold 2, Epoch 40: Val Acc: 0.50%
2025-08-14 19:50:02,793 - INFO - Fold 2, Epoch 50: Val Acc: 0.50%
2025-08-14 19:50:05,110 - INFO - Fold 2, Epoch 60: Val Acc: 0.50%
2025-08-14 19:50:07,425 - INFO - Fold 2, Epoch 70: Val Acc: 0.50%
2025-08-14 19:50:09,745 - INFO - Fold 2, Epoch 80: Val Acc: 0.50%
2025-08-14 19:50:13,671 - INFO - Fold 2, Epoch 90: Val Acc: 0.50%
2025-08-14 19:50:17,617 - INFO - Fold 2, Epoch 100: Val Acc: 0.50%
2025-08-14 19:50:19,897 - INFO - Fold 2, Epoch 110: Val Acc: 0.75%
2025-08-14 19:50:22,276 - INFO - Fold 2, Epoch 120: Val Acc: 0.50%
2025-08-14 19:50:24,654 - INFO - Fold 2, Epoch 130: Val Acc: 0.50%
2025-08-14 19:50:27,060 - INFO - Fold 2, Epoch 140: Val Acc: 0.50%
2025-08-14 19:50:29,178 - INFO - Fold 2, Epoch 150: Val Acc: 0.50%
2025-08-14 19:50:31,486 - INFO - Fold 2, Epoch 160: Val Acc: 0.50%
2025-08-14 19:50:33,808 - INFO - Fold 2, Epoch 170: Val Acc: 0.50%
2025-08-14 19:50:36,117 - INFO - Fold 2, Epoch 180: Val Acc: 0.50%
2025-08-14 19:50:38,415 - INFO - Fold 2, Epoch 190: Val Acc: 0.50%
2025-08-14 19:50:38,803 - INFO - Early stopping at epoch 192
2025-08-14 19:50:42,120 - INFO - --- Starting Fold 3/3 ---
2025-08-14 19:50:42,124 - INFO - Generated pairs. Train: 1128 (Positive: 48). Val: 276 (Positive: 24)
2025-08-14 19:50:42,124 - INFO - Starting training for fold 3/3
2025-08-14 19:50:46,053 - INFO - Fold 3, Epoch 10: Val Acc: 0.50%
2025-08-14 19:50:48,086 - INFO - Fold 3, Epoch 20: Val Acc: 0.50%
2025-08-14 19:50:50,021 - INFO - Fold 3, Epoch 30: Val Acc: 0.50%
2025-08-14 19:50:52,183 - INFO - Fold 3, Epoch 40: Val Acc: 0.50%
2025-08-14 19:50:54,487 - INFO - Fold 3, Epoch 50: Val Acc: 0.50%
2025-08-14 19:50:56,782 - INFO - Fold 3, Epoch 60: Val Acc: 0.50%
2025-08-14 19:50:59,049 - INFO - Fold 3, Epoch 70: Val Acc: 0.50%
2025-08-14 19:51:03,046 - INFO - Fold 3, Epoch 80: Val Acc: 0.50%
2025-08-14 19:51:06,868 - INFO - Fold 3, Epoch 90: Val Acc: 0.50%
2025-08-14 19:51:09,171 - INFO - Fold 3, Epoch 100: Val Acc: 0.50%
2025-08-14 19:51:11,334 - INFO - Fold 3, Epoch 110: Val Acc: 0.50%
2025-08-14 19:51:13,182 - INFO - Fold 3, Epoch 120: Val Acc: 0.50%
2025-08-14 19:51:15,095 - INFO - Fold 3, Epoch 130: Val Acc: 0.50%
2025-08-14 19:51:17,289 - INFO - Fold 3, Epoch 140: Val Acc: 0.50%
2025-08-14 19:51:19,592 - INFO - Fold 3, Epoch 150: Val Acc: 0.50%
2025-08-14 19:51:21,892 - INFO - Fold 3, Epoch 160: Val Acc: 0.50%
2025-08-14 19:51:24,195 - INFO - Fold 3, Epoch 170: Val Acc: 0.50%
2025-08-14 19:51:26,498 - INFO - Fold 3, Epoch 180: Val Acc: 0.50%
2025-08-14 19:51:28,119 - INFO - Early stopping at epoch 187
2025-08-14 19:51:29,416 - INFO - Cross-validation statistics for transformer: {'train_loss': {'mean': np.float64(3.9052133560180664), 'std': np.float64(0.04819048019476778)}, 'train_accuracy': {'mean': np.float64(0.8611111111111112), 'std': np.float64(0.04195502074164788)}, 'val_loss': {'mean': np.float64(4.139924208323161), 'std': np.float64(0.08149049331835052)}, 'val_accuracy': {'mean': np.float64(0.7604166666666666), 'std': np.float64(0.03897559777889522)}, 'epoch': {'mean': np.float64(67.66666666666667), 'std': np.float64(29.53340857778225)}}
[I 2025-08-14 19:51:29,428] Trial 10 finished with value: -0.7604166666666666 and parameters: {'learning_rate': 0.0002944224841545371, 'batch_size': 32, 'num_epochs': 714, 'temperature': 0.48854593289075116, 'embedding_dim': 128, 'hidden_dim': 256, 'dropout': 0.48952393834474456, 'num_layers': 6, 'num_heads': 8, 'noise_enabled': False, 'shift_enabled': False, 'scale_enabled': False, 'crop_enabled': False, 'flip_enabled': True, 'permutation_enabled': False}. Best is trial 9 with value: -0.9270833333333334.
Actual device being used: cuda
Attempting to load data from: /vol/ecrg-solar/woodj4/fishy-business/data/REIMS.xlsx
Trial 10 finished with value: -0.7604166666666666 and parameters: {'learning_rate': 0.0002944224841545371, 'batch_size': 32, 'num_epochs': 714, 'temperature': 0.48854593289075116, 'embedding_dim': 128, 'hidden_dim': 256, 'dropout': 0.48952393834474456, 'num_layers': 6, 'num_heads': 8, 'noise_enabled': False, 'shift_enabled': False, 'scale_enabled': False, 'crop_enabled': False, 'flip_enabled': True, 'permutation_enabled': False}. Best is trial 9 with value: -0.9270833333333334.
2025-08-14 19:51:29,449 - INFO - Using device: cuda
2025-08-14 19:51:39,491 - INFO - --- Starting Fold 1/3 ---
2025-08-14 19:51:39,493 - INFO - Generated pairs. Train: 1128 (Positive: 48). Val: 276 (Positive: 24)
2025-08-14 19:51:39,493 - INFO - Starting training for fold 1/3
2025-08-14 19:51:44,633 - INFO - Fold 1, Epoch 10: Val Acc: 0.50%
2025-08-14 19:51:46,971 - INFO - Fold 1, Epoch 20: Val Acc: 0.50%
2025-08-14 19:51:49,281 - INFO - Fold 1, Epoch 30: Val Acc: 0.50%
2025-08-14 19:51:51,597 - INFO - Fold 1, Epoch 40: Val Acc: 0.50%
2025-08-14 19:51:53,910 - INFO - Fold 1, Epoch 50: Val Acc: 0.53%
2025-08-14 19:51:56,212 - INFO - Fold 1, Epoch 60: Val Acc: 0.50%
2025-08-14 19:51:58,523 - INFO - Fold 1, Epoch 70: Val Acc: 0.50%
2025-08-14 19:52:00,833 - INFO - Fold 1, Epoch 80: Val Acc: 0.50%
2025-08-14 19:52:03,149 - INFO - Fold 1, Epoch 90: Val Acc: 0.50%
2025-08-14 19:52:08,115 - INFO - Fold 1, Epoch 100: Val Acc: 0.59%
2025-08-14 19:52:10,423 - INFO - Fold 1, Epoch 110: Val Acc: 0.50%
2025-08-14 19:52:12,742 - INFO - Fold 1, Epoch 120: Val Acc: 0.50%
2025-08-14 19:52:14,797 - INFO - Fold 1, Epoch 130: Val Acc: 0.50%
2025-08-14 19:52:16,718 - INFO - Fold 1, Epoch 140: Val Acc: 0.50%
2025-08-14 19:52:21,461 - INFO - Fold 1, Epoch 150: Val Acc: 0.50%
2025-08-14 19:52:23,481 - INFO - Fold 1, Epoch 160: Val Acc: 0.50%
2025-08-14 19:52:25,727 - INFO - Fold 1, Epoch 170: Val Acc: 0.50%
2025-08-14 19:52:28,036 - INFO - Fold 1, Epoch 180: Val Acc: 0.50%
2025-08-14 19:52:30,345 - INFO - Fold 1, Epoch 190: Val Acc: 0.50%
2025-08-14 19:52:32,508 - INFO - Fold 1, Epoch 200: Val Acc: 0.50%
2025-08-14 19:52:34,453 - INFO - Fold 1, Epoch 210: Val Acc: 0.50%
2025-08-14 19:52:36,647 - INFO - Fold 1, Epoch 220: Val Acc: 0.50%
2025-08-14 19:52:41,590 - INFO - Fold 1, Epoch 230: Val Acc: 0.53%
2025-08-14 19:52:43,687 - INFO - Fold 1, Epoch 240: Val Acc: 0.69%
2025-08-14 19:52:45,990 - INFO - Fold 1, Epoch 250: Val Acc: 0.50%
2025-08-14 19:52:48,294 - INFO - Fold 1, Epoch 260: Val Acc: 0.50%
2025-08-14 19:52:50,603 - INFO - Fold 1, Epoch 270: Val Acc: 0.53%
2025-08-14 19:52:52,905 - INFO - Fold 1, Epoch 280: Val Acc: 0.50%
2025-08-14 19:52:55,253 - INFO - Fold 1, Epoch 290: Val Acc: 0.50%
2025-08-14 19:52:57,296 - INFO - Fold 1, Epoch 300: Val Acc: 0.50%
2025-08-14 19:52:59,363 - INFO - Fold 1, Epoch 310: Val Acc: 0.50%
2025-08-14 19:53:01,345 - INFO - Fold 1, Epoch 320: Val Acc: 0.53%
2025-08-14 19:53:02,273 - INFO - Early stopping at epoch 325
2025-08-14 19:53:05,951 - INFO - --- Starting Fold 2/3 ---
2025-08-14 19:53:05,953 - INFO - Generated pairs. Train: 1128 (Positive: 48). Val: 276 (Positive: 24)
2025-08-14 19:53:05,953 - INFO - Starting training for fold 2/3
2025-08-14 19:53:11,592 - INFO - Fold 2, Epoch 10: Val Acc: 0.50%
2025-08-14 19:53:13,912 - INFO - Fold 2, Epoch 20: Val Acc: 0.50%
2025-08-14 19:53:16,239 - INFO - Fold 2, Epoch 30: Val Acc: 0.50%
2025-08-14 19:53:20,148 - INFO - Fold 2, Epoch 40: Val Acc: 0.50%
2025-08-14 19:53:22,476 - INFO - Fold 2, Epoch 50: Val Acc: 0.50%
2025-08-14 19:53:24,815 - INFO - Fold 2, Epoch 60: Val Acc: 0.50%
2025-08-14 19:53:27,202 - INFO - Fold 2, Epoch 70: Val Acc: 0.50%
2025-08-14 19:53:29,603 - INFO - Fold 2, Epoch 80: Val Acc: 0.50%
2025-08-14 19:53:33,677 - INFO - Fold 2, Epoch 90: Val Acc: 0.50%
2025-08-14 19:53:35,814 - INFO - Fold 2, Epoch 100: Val Acc: 0.50%
2025-08-14 19:53:37,842 - INFO - Fold 2, Epoch 110: Val Acc: 0.50%
2025-08-14 19:53:40,103 - INFO - Fold 2, Epoch 120: Val Acc: 0.50%
2025-08-14 19:53:42,490 - INFO - Fold 2, Epoch 130: Val Acc: 0.50%
2025-08-14 19:53:44,821 - INFO - Fold 2, Epoch 140: Val Acc: 0.50%
2025-08-14 19:53:47,126 - INFO - Fold 2, Epoch 150: Val Acc: 0.50%
2025-08-14 19:53:49,398 - INFO - Fold 2, Epoch 160: Val Acc: 0.50%
2025-08-14 19:53:53,415 - INFO - Fold 2, Epoch 170: Val Acc: 0.75%
2025-08-14 19:53:55,721 - INFO - Fold 2, Epoch 180: Val Acc: 0.50%
2025-08-14 19:53:58,027 - INFO - Fold 2, Epoch 190: Val Acc: 0.50%
2025-08-14 19:54:00,349 - INFO - Fold 2, Epoch 200: Val Acc: 0.50%
2025-08-14 19:54:02,664 - INFO - Fold 2, Epoch 210: Val Acc: 0.50%
2025-08-14 19:54:04,980 - INFO - Fold 2, Epoch 220: Val Acc: 0.50%
2025-08-14 19:54:07,290 - INFO - Fold 2, Epoch 230: Val Acc: 0.59%
2025-08-14 19:54:09,612 - INFO - Fold 2, Epoch 240: Val Acc: 0.50%
2025-08-14 19:54:13,596 - INFO - Fold 2, Epoch 250: Val Acc: 0.50%
2025-08-14 19:54:15,920 - INFO - Fold 2, Epoch 260: Val Acc: 0.50%
2025-08-14 19:54:18,239 - INFO - Fold 2, Epoch 270: Val Acc: 0.50%
2025-08-14 19:54:22,114 - INFO - Fold 2, Epoch 280: Val Acc: 0.50%
2025-08-14 19:54:26,040 - INFO - Fold 2, Epoch 290: Val Acc: 0.50%
2025-08-14 19:54:28,355 - INFO - Fold 2, Epoch 300: Val Acc: 0.50%
2025-08-14 19:54:30,660 - INFO - Fold 2, Epoch 310: Val Acc: 0.56%
2025-08-14 19:54:32,968 - INFO - Fold 2, Epoch 320: Val Acc: 0.50%
2025-08-14 19:54:35,280 - INFO - Fold 2, Epoch 330: Val Acc: 0.84%
2025-08-14 19:54:37,596 - INFO - Fold 2, Epoch 340: Val Acc: 0.56%
2025-08-14 19:54:39,894 - INFO - Fold 2, Epoch 350: Val Acc: 0.69%
2025-08-14 19:54:42,160 - INFO - Fold 2, Epoch 360: Val Acc: 0.50%
2025-08-14 19:54:44,260 - INFO - Fold 2, Epoch 370: Val Acc: 0.50%
2025-08-14 19:54:46,251 - INFO - Fold 2, Epoch 380: Val Acc: 0.50%
2025-08-14 19:54:47,110 - INFO - Early stopping at epoch 385
2025-08-14 19:54:50,280 - INFO - --- Starting Fold 3/3 ---
2025-08-14 19:54:50,283 - INFO - Generated pairs. Train: 1128 (Positive: 48). Val: 276 (Positive: 24)
2025-08-14 19:54:50,283 - INFO - Starting training for fold 3/3
2025-08-14 19:54:54,552 - INFO - Fold 3, Epoch 10: Val Acc: 0.50%
2025-08-14 19:54:56,870 - INFO - Fold 3, Epoch 20: Val Acc: 0.50%
2025-08-14 19:54:59,107 - INFO - Fold 3, Epoch 30: Val Acc: 0.50%
2025-08-14 19:55:01,332 - INFO - Fold 3, Epoch 40: Val Acc: 0.50%
2025-08-14 19:55:03,716 - INFO - Fold 3, Epoch 50: Val Acc: 0.50%
2025-08-14 19:55:06,116 - INFO - Fold 3, Epoch 60: Val Acc: 0.50%
2025-08-14 19:55:08,384 - INFO - Fold 3, Epoch 70: Val Acc: 0.50%
2025-08-14 19:55:12,442 - INFO - Fold 3, Epoch 80: Val Acc: 0.72%
2025-08-14 19:55:14,821 - INFO - Fold 3, Epoch 90: Val Acc: 0.50%
2025-08-14 19:55:17,127 - INFO - Fold 3, Epoch 100: Val Acc: 0.50%
2025-08-14 19:55:19,430 - INFO - Fold 3, Epoch 110: Val Acc: 0.50%
2025-08-14 19:55:21,718 - INFO - Fold 3, Epoch 120: Val Acc: 0.50%
2025-08-14 19:55:25,427 - INFO - Fold 3, Epoch 130: Val Acc: 0.50%
2025-08-14 19:55:27,750 - INFO - Fold 3, Epoch 140: Val Acc: 0.50%
2025-08-14 19:55:29,972 - INFO - Fold 3, Epoch 150: Val Acc: 0.50%
2025-08-14 19:55:31,697 - INFO - Fold 3, Epoch 160: Val Acc: 0.59%
2025-08-14 19:55:35,232 - INFO - Fold 3, Epoch 170: Val Acc: 0.50%
2025-08-14 19:55:37,533 - INFO - Fold 3, Epoch 180: Val Acc: 0.53%
2025-08-14 19:55:39,842 - INFO - Fold 3, Epoch 190: Val Acc: 0.50%
2025-08-14 19:55:42,140 - INFO - Fold 3, Epoch 200: Val Acc: 0.50%
2025-08-14 19:55:44,455 - INFO - Fold 3, Epoch 210: Val Acc: 0.50%
2025-08-14 19:55:46,586 - INFO - Fold 3, Epoch 220: Val Acc: 0.50%
2025-08-14 19:55:48,643 - INFO - Fold 3, Epoch 230: Val Acc: 0.50%
2025-08-14 19:55:50,962 - INFO - Fold 3, Epoch 240: Val Acc: 0.50%
2025-08-14 19:55:53,310 - INFO - Fold 3, Epoch 250: Val Acc: 0.53%
2025-08-14 19:55:55,668 - INFO - Fold 3, Epoch 260: Val Acc: 0.50%
2025-08-14 19:55:57,072 - INFO - Early stopping at epoch 266
2025-08-14 19:55:58,368 - INFO - Cross-validation statistics for transformer: {'train_loss': {'mean': np.float64(3.6840292612711587), 'std': np.float64(0.07126029856579935)}, 'train_accuracy': {'mean': np.float64(0.9444444444444445), 'std': np.float64(0.02986918495500915)}, 'val_loss': {'mean': np.float64(4.160391648610433), 'std': np.float64(0.03247894799975877)}, 'val_accuracy': {'mean': np.float64(0.8854166666666666), 'std': np.float64(0.0736569563735987)}, 'epoch': {'mean': np.float64(224.33333333333334), 'std': np.float64(48.58211833815218)}}
[I 2025-08-14 19:55:58,377] Trial 11 finished with value: -0.8854166666666666 and parameters: {'learning_rate': 0.00021167470020458222, 'batch_size': 32, 'num_epochs': 740, 'temperature': 0.4254755618032718, 'embedding_dim': 128, 'hidden_dim': 256, 'dropout': 0.4948706658930031, 'num_layers': 6, 'num_heads': 8, 'noise_enabled': False, 'shift_enabled': False, 'scale_enabled': False, 'crop_enabled': False, 'flip_enabled': True, 'permutation_enabled': False}. Best is trial 9 with value: -0.9270833333333334.
Actual device being used: cuda
Attempting to load data from: /vol/ecrg-solar/woodj4/fishy-business/data/REIMS.xlsx
Trial 11 finished with value: -0.8854166666666666 and parameters: {'learning_rate': 0.00021167470020458222, 'batch_size': 32, 'num_epochs': 740, 'temperature': 0.4254755618032718, 'embedding_dim': 128, 'hidden_dim': 256, 'dropout': 0.4948706658930031, 'num_layers': 6, 'num_heads': 8, 'noise_enabled': False, 'shift_enabled': False, 'scale_enabled': False, 'crop_enabled': False, 'flip_enabled': True, 'permutation_enabled': False}. Best is trial 9 with value: -0.9270833333333334.
2025-08-14 19:55:58,398 - INFO - Using device: cuda
2025-08-14 19:56:08,267 - INFO - --- Starting Fold 1/3 ---
2025-08-14 19:56:08,269 - INFO - Generated pairs. Train: 1128 (Positive: 48). Val: 276 (Positive: 24)
2025-08-14 19:56:08,269 - INFO - Starting training for fold 1/3
2025-08-14 19:56:12,420 - INFO - Fold 1, Epoch 10: Val Acc: 0.50%
2025-08-14 19:56:14,150 - INFO - Fold 1, Epoch 20: Val Acc: 0.50%
2025-08-14 19:56:16,320 - INFO - Fold 1, Epoch 30: Val Acc: 0.50%
2025-08-14 19:56:18,474 - INFO - Fold 1, Epoch 40: Val Acc: 0.50%
2025-08-14 19:56:20,634 - INFO - Fold 1, Epoch 50: Val Acc: 0.50%
2025-08-14 19:56:22,800 - INFO - Fold 1, Epoch 60: Val Acc: 0.50%
2025-08-14 19:56:24,966 - INFO - Fold 1, Epoch 70: Val Acc: 0.50%
2025-08-14 19:56:29,268 - INFO - Fold 1, Epoch 80: Val Acc: 0.50%
2025-08-14 19:56:31,361 - INFO - Fold 1, Epoch 90: Val Acc: 0.50%
2025-08-14 19:56:33,432 - INFO - Fold 1, Epoch 100: Val Acc: 0.50%
2025-08-14 19:56:35,530 - INFO - Fold 1, Epoch 110: Val Acc: 0.53%
2025-08-14 19:56:37,615 - INFO - Fold 1, Epoch 120: Val Acc: 0.50%
2025-08-14 19:56:39,687 - INFO - Fold 1, Epoch 130: Val Acc: 0.56%
2025-08-14 19:56:43,840 - INFO - Fold 1, Epoch 140: Val Acc: 0.53%
2025-08-14 19:56:45,394 - INFO - Fold 1, Epoch 150: Val Acc: 0.50%
2025-08-14 19:56:47,278 - INFO - Fold 1, Epoch 160: Val Acc: 0.50%
2025-08-14 19:56:49,345 - INFO - Fold 1, Epoch 170: Val Acc: 0.53%
2025-08-14 19:56:51,416 - INFO - Fold 1, Epoch 180: Val Acc: 0.50%
2025-08-14 19:56:55,786 - INFO - Fold 1, Epoch 190: Val Acc: 0.50%
2025-08-14 19:56:57,851 - INFO - Fold 1, Epoch 200: Val Acc: 0.50%
2025-08-14 19:56:59,909 - INFO - Fold 1, Epoch 210: Val Acc: 0.50%
2025-08-14 19:57:01,992 - INFO - Fold 1, Epoch 220: Val Acc: 0.62%
2025-08-14 19:57:04,084 - INFO - Fold 1, Epoch 230: Val Acc: 0.56%
2025-08-14 19:57:06,177 - INFO - Fold 1, Epoch 240: Val Acc: 0.56%
2025-08-14 19:57:08,260 - INFO - Fold 1, Epoch 250: Val Acc: 0.50%
2025-08-14 19:57:10,348 - INFO - Fold 1, Epoch 260: Val Acc: 0.53%
2025-08-14 19:57:12,433 - INFO - Fold 1, Epoch 270: Val Acc: 0.50%
2025-08-14 19:57:14,524 - INFO - Fold 1, Epoch 280: Val Acc: 0.50%
2025-08-14 19:57:14,941 - INFO - Early stopping at epoch 282
2025-08-14 19:57:18,607 - INFO - --- Starting Fold 2/3 ---
2025-08-14 19:57:18,609 - INFO - Generated pairs. Train: 1128 (Positive: 48). Val: 276 (Positive: 24)
2025-08-14 19:57:18,610 - INFO - Starting training for fold 2/3
2025-08-14 19:57:23,540 - INFO - Fold 2, Epoch 10: Val Acc: 0.50%
2025-08-14 19:57:25,638 - INFO - Fold 2, Epoch 20: Val Acc: 0.50%
2025-08-14 19:57:27,729 - INFO - Fold 2, Epoch 30: Val Acc: 0.50%
2025-08-14 19:57:29,831 - INFO - Fold 2, Epoch 40: Val Acc: 0.50%
2025-08-14 19:57:31,914 - INFO - Fold 2, Epoch 50: Val Acc: 0.50%
2025-08-14 19:57:35,457 - INFO - Fold 2, Epoch 60: Val Acc: 0.50%
2025-08-14 19:57:37,552 - INFO - Fold 2, Epoch 70: Val Acc: 0.50%
2025-08-14 19:57:41,102 - INFO - Fold 2, Epoch 80: Val Acc: 0.50%
2025-08-14 19:57:43,195 - INFO - Fold 2, Epoch 90: Val Acc: 0.50%
2025-08-14 19:57:45,336 - INFO - Fold 2, Epoch 100: Val Acc: 0.50%
2025-08-14 19:57:47,508 - INFO - Fold 2, Epoch 110: Val Acc: 0.53%
2025-08-14 19:57:49,672 - INFO - Fold 2, Epoch 120: Val Acc: 0.50%
2025-08-14 19:57:51,842 - INFO - Fold 2, Epoch 130: Val Acc: 0.50%
2025-08-14 19:57:54,013 - INFO - Fold 2, Epoch 140: Val Acc: 0.50%
2025-08-14 19:57:56,186 - INFO - Fold 2, Epoch 150: Val Acc: 0.50%
2025-08-14 19:58:01,147 - INFO - Fold 2, Epoch 160: Val Acc: 0.69%
2025-08-14 19:58:03,398 - INFO - Fold 2, Epoch 170: Val Acc: 0.50%
2025-08-14 19:58:06,676 - INFO - Fold 2, Epoch 180: Val Acc: 0.50%
2025-08-14 19:58:08,695 - INFO - Fold 2, Epoch 190: Val Acc: 0.50%
2025-08-14 19:58:10,532 - INFO - Fold 2, Epoch 200: Val Acc: 0.50%
2025-08-14 19:58:12,604 - INFO - Fold 2, Epoch 210: Val Acc: 0.50%
2025-08-14 19:58:14,660 - INFO - Fold 2, Epoch 220: Val Acc: 0.50%
2025-08-14 19:58:16,737 - INFO - Fold 2, Epoch 230: Val Acc: 0.56%
2025-08-14 19:58:18,831 - INFO - Fold 2, Epoch 240: Val Acc: 0.53%
2025-08-14 19:58:20,922 - INFO - Fold 2, Epoch 250: Val Acc: 0.50%
2025-08-14 19:58:23,006 - INFO - Fold 2, Epoch 260: Val Acc: 0.50%
2025-08-14 19:58:24,800 - INFO - Fold 2, Epoch 270: Val Acc: 0.50%
2025-08-14 19:58:25,142 - INFO - Early stopping at epoch 272
2025-08-14 19:58:28,406 - INFO - --- Starting Fold 3/3 ---
2025-08-14 19:58:28,410 - INFO - Generated pairs. Train: 1128 (Positive: 48). Val: 276 (Positive: 24)
2025-08-14 19:58:28,410 - INFO - Starting training for fold 3/3
2025-08-14 19:58:31,950 - INFO - Fold 3, Epoch 10: Val Acc: 0.50%
2025-08-14 19:58:33,780 - INFO - Fold 3, Epoch 20: Val Acc: 0.53%
2025-08-14 19:58:35,929 - INFO - Fold 3, Epoch 30: Val Acc: 0.50%
2025-08-14 19:58:38,113 - INFO - Fold 3, Epoch 40: Val Acc: 0.53%
2025-08-14 19:58:40,332 - INFO - Fold 3, Epoch 50: Val Acc: 0.50%
2025-08-14 19:58:42,354 - INFO - Fold 3, Epoch 60: Val Acc: 0.53%
2025-08-14 19:58:44,540 - INFO - Fold 3, Epoch 70: Val Acc: 0.50%
2025-08-14 19:58:46,776 - INFO - Fold 3, Epoch 80: Val Acc: 0.50%
2025-08-14 19:58:49,013 - INFO - Fold 3, Epoch 90: Val Acc: 0.50%
2025-08-14 19:58:51,243 - INFO - Fold 3, Epoch 100: Val Acc: 0.50%
2025-08-14 19:58:51,467 - INFO - Early stopping at epoch 101
2025-08-14 19:58:52,498 - INFO - Cross-validation statistics for transformer: {'train_loss': {'mean': np.float64(3.798726797103882), 'std': np.float64(0.23170977802956433)}, 'train_accuracy': {'mean': np.float64(0.8298611111111112), 'std': np.float64(0.1671722655168156)}, 'val_loss': {'mean': np.float64(4.361046473185222), 'std': np.float64(0.39893573260004506)}, 'val_accuracy': {'mean': np.float64(0.75), 'std': np.float64(0.04419417382415922)}, 'epoch': {'mean': np.float64(117.33333333333333), 'std': np.float64(83.06757623900087)}}
[I 2025-08-14 19:58:52,506] Trial 12 finished with value: -0.75 and parameters: {'learning_rate': 0.0002875795230254496, 'batch_size': 32, 'num_epochs': 719, 'temperature': 0.3948521363082242, 'embedding_dim': 128, 'hidden_dim': 256, 'dropout': 0.4787928951225203, 'num_layers': 5, 'num_heads': 8, 'noise_enabled': False, 'shift_enabled': False, 'scale_enabled': False, 'crop_enabled': False, 'flip_enabled': True, 'permutation_enabled': False}. Best is trial 9 with value: -0.9270833333333334.
Actual device being used: cuda
Attempting to load data from: /vol/ecrg-solar/woodj4/fishy-business/data/REIMS.xlsx
