Trial 141 finished with value: -0.8541666666666666 and parameters: {'learning_rate': 0.00016328201343281972, 'batch_size': 32, 'num_epochs': 889, 'temperature': 0.327843291032131, 'embedding_dim': 128, 'hidden_dim': 256, 'dropout': 0.2913704126188824, 'num_layers': 4, 'num_heads': 8, 'noise_enabled': True, 'shift_enabled': False, 'scale_enabled': True, 'crop_enabled': True, 'flip_enabled': False, 'permutation_enabled': False, 'noise_level': 0.18825227343612883, 'crop_size': 0.559455935153498}. Best is trial 92 with value: -0.9479166666666666.
2025-08-15 01:49:02,235 - INFO - Using device: cuda
2025-08-15 01:49:11,626 - INFO - --- Starting Fold 1/3 ---
2025-08-15 01:49:11,628 - INFO - Generated pairs. Train: 1128 (Positive: 48). Val: 276 (Positive: 24)
2025-08-15 01:49:11,628 - INFO - Starting training for fold 1/3
2025-08-15 01:49:21,284 - INFO - Fold 1, Epoch 10: Val Acc: 0.50%
2025-08-15 01:49:23,213 - INFO - Fold 1, Epoch 20: Val Acc: 0.62%
2025-08-15 01:49:25,218 - INFO - Fold 1, Epoch 30: Val Acc: 0.50%
2025-08-15 01:49:27,233 - INFO - Fold 1, Epoch 40: Val Acc: 0.59%
2025-08-15 01:49:29,239 - INFO - Fold 1, Epoch 50: Val Acc: 0.50%
2025-08-15 01:49:31,245 - INFO - Fold 1, Epoch 60: Val Acc: 0.56%
2025-08-15 01:49:33,156 - INFO - Fold 1, Epoch 70: Val Acc: 0.50%
2025-08-15 01:49:34,991 - INFO - Fold 1, Epoch 80: Val Acc: 0.59%
2025-08-15 01:49:36,973 - INFO - Fold 1, Epoch 90: Val Acc: 0.66%
2025-08-15 01:49:40,773 - INFO - Fold 1, Epoch 100: Val Acc: 0.50%
2025-08-15 01:49:42,743 - INFO - Fold 1, Epoch 110: Val Acc: 0.47%
2025-08-15 01:49:44,670 - INFO - Fold 1, Epoch 120: Val Acc: 0.59%
2025-08-15 01:49:46,496 - INFO - Fold 1, Epoch 130: Val Acc: 0.59%
2025-08-15 01:49:48,283 - INFO - Fold 1, Epoch 140: Val Acc: 0.47%
2025-08-15 01:49:49,955 - INFO - Fold 1, Epoch 150: Val Acc: 0.50%
2025-08-15 01:49:51,734 - INFO - Fold 1, Epoch 160: Val Acc: 0.56%
2025-08-15 01:49:53,546 - INFO - Fold 1, Epoch 170: Val Acc: 0.47%
2025-08-15 01:49:57,187 - INFO - Fold 1, Epoch 180: Val Acc: 0.53%
2025-08-15 01:49:59,151 - INFO - Fold 1, Epoch 190: Val Acc: 0.66%
2025-08-15 01:50:01,210 - INFO - Fold 1, Epoch 200: Val Acc: 0.53%
2025-08-15 01:50:03,298 - INFO - Fold 1, Epoch 210: Val Acc: 0.53%
2025-08-15 01:50:05,254 - INFO - Fold 1, Epoch 220: Val Acc: 0.38%
2025-08-15 01:50:06,900 - INFO - Fold 1, Epoch 230: Val Acc: 0.44%
2025-08-15 01:50:08,546 - INFO - Fold 1, Epoch 240: Val Acc: 0.62%
2025-08-15 01:50:10,208 - INFO - Fold 1, Epoch 250: Val Acc: 0.62%
2025-08-15 01:50:12,088 - INFO - Fold 1, Epoch 260: Val Acc: 0.53%
2025-08-15 01:50:14,172 - INFO - Fold 1, Epoch 270: Val Acc: 0.62%
2025-08-15 01:50:15,990 - INFO - Early stopping at epoch 279
2025-08-15 01:50:18,967 - INFO - --- Starting Fold 2/3 ---
2025-08-15 01:50:18,969 - INFO - Generated pairs. Train: 1128 (Positive: 48). Val: 276 (Positive: 24)
2025-08-15 01:50:18,970 - INFO - Starting training for fold 2/3
2025-08-15 01:50:24,710 - INFO - Fold 2, Epoch 10: Val Acc: 0.50%
2025-08-15 01:50:27,550 - INFO - Fold 2, Epoch 20: Val Acc: 0.53%
2025-08-15 01:50:29,386 - INFO - Fold 2, Epoch 30: Val Acc: 0.53%
2025-08-15 01:50:32,584 - INFO - Fold 2, Epoch 40: Val Acc: 0.50%
2025-08-15 01:50:34,593 - INFO - Fold 2, Epoch 50: Val Acc: 0.38%
2025-08-15 01:50:37,704 - INFO - Fold 2, Epoch 60: Val Acc: 0.72%
2025-08-15 01:50:39,791 - INFO - Fold 2, Epoch 70: Val Acc: 0.62%
2025-08-15 01:50:41,686 - INFO - Fold 2, Epoch 80: Val Acc: 0.56%
2025-08-15 01:50:43,499 - INFO - Fold 2, Epoch 90: Val Acc: 0.59%
2025-08-15 01:50:45,243 - INFO - Fold 2, Epoch 100: Val Acc: 0.59%
2025-08-15 01:50:47,249 - INFO - Fold 2, Epoch 110: Val Acc: 0.53%
2025-08-15 01:50:49,067 - INFO - Fold 2, Epoch 120: Val Acc: 0.59%
2025-08-15 01:50:50,856 - INFO - Fold 2, Epoch 130: Val Acc: 0.56%
2025-08-15 01:50:53,975 - INFO - Fold 2, Epoch 140: Val Acc: 0.47%
2025-08-15 01:50:55,971 - INFO - Fold 2, Epoch 150: Val Acc: 0.41%
2025-08-15 01:50:57,970 - INFO - Fold 2, Epoch 160: Val Acc: 0.59%
2025-08-15 01:50:59,988 - INFO - Fold 2, Epoch 170: Val Acc: 0.72%
2025-08-15 01:51:02,012 - INFO - Fold 2, Epoch 180: Val Acc: 0.56%
2025-08-15 01:51:04,734 - INFO - Fold 2, Epoch 190: Val Acc: 0.62%
2025-08-15 01:51:06,301 - INFO - Fold 2, Epoch 200: Val Acc: 0.50%
2025-08-15 01:51:08,370 - INFO - Fold 2, Epoch 210: Val Acc: 0.56%
2025-08-15 01:51:10,273 - INFO - Fold 2, Epoch 220: Val Acc: 0.62%
2025-08-15 01:51:12,012 - INFO - Fold 2, Epoch 230: Val Acc: 0.56%
2025-08-15 01:51:13,777 - INFO - Fold 2, Epoch 240: Val Acc: 0.59%
2025-08-15 01:51:15,574 - INFO - Fold 2, Epoch 250: Val Acc: 0.75%
2025-08-15 01:51:17,469 - INFO - Fold 2, Epoch 260: Val Acc: 0.75%
2025-08-15 01:51:19,475 - INFO - Fold 2, Epoch 270: Val Acc: 0.59%
2025-08-15 01:51:21,248 - INFO - Fold 2, Epoch 280: Val Acc: 0.75%
2025-08-15 01:51:24,153 - INFO - Fold 2, Epoch 290: Val Acc: 0.69%
2025-08-15 01:51:26,146 - INFO - Fold 2, Epoch 300: Val Acc: 0.72%
2025-08-15 01:51:28,154 - INFO - Fold 2, Epoch 310: Val Acc: 0.72%
2025-08-15 01:51:30,173 - INFO - Fold 2, Epoch 320: Val Acc: 0.62%
2025-08-15 01:51:32,045 - INFO - Fold 2, Epoch 330: Val Acc: 0.62%
2025-08-15 01:51:34,043 - INFO - Fold 2, Epoch 340: Val Acc: 0.72%
2025-08-15 01:51:35,941 - INFO - Fold 2, Epoch 350: Val Acc: 0.75%
2025-08-15 01:51:37,949 - INFO - Fold 2, Epoch 360: Val Acc: 0.81%
2025-08-15 01:51:39,606 - INFO - Fold 2, Epoch 370: Val Acc: 0.75%
2025-08-15 01:51:41,615 - INFO - Fold 2, Epoch 380: Val Acc: 0.75%
2025-08-15 01:51:42,028 - INFO - Early stopping at epoch 382
2025-08-15 01:51:44,733 - INFO - --- Starting Fold 3/3 ---
2025-08-15 01:51:44,736 - INFO - Generated pairs. Train: 1128 (Positive: 48). Val: 276 (Positive: 24)
2025-08-15 01:51:44,737 - INFO - Starting training for fold 3/3
2025-08-15 01:51:49,313 - INFO - Fold 3, Epoch 10: Val Acc: 0.50%
2025-08-15 01:51:52,675 - INFO - Fold 3, Epoch 20: Val Acc: 0.56%
2025-08-15 01:51:54,468 - INFO - Fold 3, Epoch 30: Val Acc: 0.47%
2025-08-15 01:51:56,295 - INFO - Fold 3, Epoch 40: Val Acc: 0.47%
2025-08-15 01:51:59,304 - INFO - Fold 3, Epoch 50: Val Acc: 0.50%
2025-08-15 01:52:00,881 - INFO - Fold 3, Epoch 60: Val Acc: 0.50%
2025-08-15 01:52:04,168 - INFO - Fold 3, Epoch 70: Val Acc: 0.66%
2025-08-15 01:52:06,191 - INFO - Fold 3, Epoch 80: Val Acc: 0.66%
2025-08-15 01:52:08,055 - INFO - Fold 3, Epoch 90: Val Acc: 0.50%
2025-08-15 01:52:09,615 - INFO - Fold 3, Epoch 100: Val Acc: 0.66%
2025-08-15 01:52:11,500 - INFO - Fold 3, Epoch 110: Val Acc: 0.44%
2025-08-15 01:52:13,510 - INFO - Fold 3, Epoch 120: Val Acc: 0.66%
2025-08-15 01:52:15,515 - INFO - Fold 3, Epoch 130: Val Acc: 0.62%
2025-08-15 01:52:17,523 - INFO - Fold 3, Epoch 140: Val Acc: 0.38%
2025-08-15 01:52:19,344 - INFO - Fold 3, Epoch 150: Val Acc: 0.59%
2025-08-15 01:52:21,338 - INFO - Fold 3, Epoch 160: Val Acc: 0.56%
2025-08-15 01:52:23,152 - INFO - Early stopping at epoch 169
2025-08-15 01:52:23,994 - INFO - Cross-validation statistics for transformer: {'train_loss': {'mean': np.float64(4.07725535498725), 'std': np.float64(0.039519026701081365)}, 'train_accuracy': {'mean': np.float64(0.607638888888889), 'std': np.float64(0.06606353330014045)}, 'val_loss': {'mean': np.float64(4.165996551513672), 'std': np.float64(0.035541243221180054)}, 'val_accuracy': {'mean': np.float64(0.7604166666666666), 'std': np.float64(0.05892556509887896)}, 'epoch': {'mean': np.float64(175.66666666666666), 'std': np.float64(86.97253717250189)}}
[I 2025-08-15 01:52:24,000] Trial 142 finished with value: -0.7604166666666666 and parameters: {'learning_rate': 5.276343108827183e-05, 'batch_size': 32, 'num_epochs': 413, 'temperature': 0.37579380116410155, 'embedding_dim': 128, 'hidden_dim': 256, 'dropout': 0.3016954912246144, 'num_layers': 4, 'num_heads': 8, 'noise_enabled': True, 'shift_enabled': False, 'scale_enabled': True, 'crop_enabled': True, 'flip_enabled': False, 'permutation_enabled': False, 'noise_level': 0.19188365579221853, 'crop_size': 0.5460770062870097}. Best is trial 92 with value: -0.9479166666666666.
Actual device being used: cuda
Attempting to load data from: /vol/ecrg-solar/woodj4/fishy-business/data/REIMS.xlsx
Trial 142 finished with value: -0.7604166666666666 and parameters: {'learning_rate': 5.276343108827183e-05, 'batch_size': 32, 'num_epochs': 413, 'temperature': 0.37579380116410155, 'embedding_dim': 128, 'hidden_dim': 256, 'dropout': 0.3016954912246144, 'num_layers': 4, 'num_heads': 8, 'noise_enabled': True, 'shift_enabled': False, 'scale_enabled': True, 'crop_enabled': True, 'flip_enabled': False, 'permutation_enabled': False, 'noise_level': 0.19188365579221853, 'crop_size': 0.5460770062870097}. Best is trial 92 with value: -0.9479166666666666.
2025-08-15 01:52:24,041 - INFO - Using device: cuda
2025-08-15 01:52:34,018 - INFO - --- Starting Fold 1/3 ---
2025-08-15 01:52:34,020 - INFO - Generated pairs. Train: 1128 (Positive: 48). Val: 276 (Positive: 24)
2025-08-15 01:52:34,020 - INFO - Starting training for fold 1/3
2025-08-15 01:52:41,398 - INFO - Fold 1, Epoch 10: Val Acc: 0.44%
2025-08-15 01:52:45,105 - INFO - Fold 1, Epoch 20: Val Acc: 0.47%
2025-08-15 01:52:47,191 - INFO - Fold 1, Epoch 30: Val Acc: 0.56%
2025-08-15 01:52:49,264 - INFO - Fold 1, Epoch 40: Val Acc: 0.47%
2025-08-15 01:52:51,348 - INFO - Fold 1, Epoch 50: Val Acc: 0.50%
2025-08-15 01:52:56,635 - INFO - Fold 1, Epoch 60: Val Acc: 0.50%
2025-08-15 01:52:58,188 - INFO - Fold 1, Epoch 70: Val Acc: 0.66%
2025-08-15 01:53:01,681 - INFO - Fold 1, Epoch 80: Val Acc: 0.59%
2025-08-15 01:53:03,246 - INFO - Fold 1, Epoch 90: Val Acc: 0.59%
2025-08-15 01:53:04,799 - INFO - Fold 1, Epoch 100: Val Acc: 0.62%
2025-08-15 01:53:06,563 - INFO - Fold 1, Epoch 110: Val Acc: 0.62%
2025-08-15 01:53:08,305 - INFO - Fold 1, Epoch 120: Val Acc: 0.41%
2025-08-15 01:53:09,944 - INFO - Fold 1, Epoch 130: Val Acc: 0.59%
2025-08-15 01:53:13,705 - INFO - Fold 1, Epoch 140: Val Acc: 0.62%
2025-08-15 01:53:15,782 - INFO - Fold 1, Epoch 150: Val Acc: 0.56%
2025-08-15 01:53:19,758 - INFO - Fold 1, Epoch 160: Val Acc: 0.75%
2025-08-15 01:53:21,825 - INFO - Fold 1, Epoch 170: Val Acc: 0.69%
2025-08-15 01:53:25,714 - INFO - Fold 1, Epoch 180: Val Acc: 0.81%
2025-08-15 01:53:27,710 - INFO - Fold 1, Epoch 190: Val Acc: 0.69%
2025-08-15 01:53:29,484 - INFO - Fold 1, Epoch 200: Val Acc: 0.78%
2025-08-15 01:53:31,175 - INFO - Fold 1, Epoch 210: Val Acc: 0.84%
2025-08-15 01:53:33,171 - INFO - Fold 1, Epoch 220: Val Acc: 0.75%
2025-08-15 01:53:35,167 - INFO - Fold 1, Epoch 230: Val Acc: 0.53%
2025-08-15 01:53:37,168 - INFO - Fold 1, Epoch 240: Val Acc: 0.62%
2025-08-15 01:53:39,184 - INFO - Fold 1, Epoch 250: Val Acc: 0.66%
2025-08-15 01:53:41,157 - INFO - Fold 1, Epoch 260: Val Acc: 0.59%
2025-08-15 01:53:43,059 - INFO - Fold 1, Epoch 270: Val Acc: 0.75%
2025-08-15 01:53:46,867 - INFO - Fold 1, Epoch 280: Val Acc: 0.59%
2025-08-15 01:53:48,765 - INFO - Fold 1, Epoch 290: Val Acc: 0.66%
2025-08-15 01:53:50,659 - INFO - Fold 1, Epoch 300: Val Acc: 0.69%
2025-08-15 01:53:52,511 - INFO - Fold 1, Epoch 310: Val Acc: 0.62%
2025-08-15 01:53:54,331 - INFO - Fold 1, Epoch 320: Val Acc: 0.66%
2025-08-15 01:53:56,220 - INFO - Fold 1, Epoch 330: Val Acc: 0.78%
2025-08-15 01:53:58,036 - INFO - Fold 1, Epoch 340: Val Acc: 0.75%
2025-08-15 01:53:59,900 - INFO - Fold 1, Epoch 350: Val Acc: 0.78%
2025-08-15 01:54:01,999 - INFO - Fold 1, Epoch 360: Val Acc: 0.66%
2025-08-15 01:54:04,007 - INFO - Fold 1, Epoch 370: Val Acc: 0.75%
2025-08-15 01:54:04,610 - INFO - Early stopping at epoch 373
2025-08-15 01:54:07,557 - INFO - --- Starting Fold 2/3 ---
2025-08-15 01:54:07,568 - INFO - Generated pairs. Train: 1128 (Positive: 48). Val: 276 (Positive: 24)
2025-08-15 01:54:07,569 - INFO - Starting training for fold 2/3
2025-08-15 01:54:10,966 - INFO - Fold 2, Epoch 10: Val Acc: 0.53%
2025-08-15 01:54:14,134 - INFO - Fold 2, Epoch 20: Val Acc: 0.47%
2025-08-15 01:54:16,051 - INFO - Fold 2, Epoch 30: Val Acc: 0.56%
2025-08-15 01:54:18,053 - INFO - Fold 2, Epoch 40: Val Acc: 0.69%
2025-08-15 01:54:20,044 - INFO - Fold 2, Epoch 50: Val Acc: 0.56%
2025-08-15 01:54:23,203 - INFO - Fold 2, Epoch 60: Val Acc: 0.50%
2025-08-15 01:54:25,229 - INFO - Fold 2, Epoch 70: Val Acc: 0.56%
2025-08-15 01:54:28,472 - INFO - Fold 2, Epoch 80: Val Acc: 0.62%
2025-08-15 01:54:30,487 - INFO - Fold 2, Epoch 90: Val Acc: 0.66%
2025-08-15 01:54:32,558 - INFO - Fold 2, Epoch 100: Val Acc: 0.62%
2025-08-15 01:54:34,656 - INFO - Fold 2, Epoch 110: Val Acc: 0.69%
2025-08-15 01:54:36,734 - INFO - Fold 2, Epoch 120: Val Acc: 0.69%
2025-08-15 01:54:39,920 - INFO - Fold 2, Epoch 130: Val Acc: 0.69%
2025-08-15 01:54:41,970 - INFO - Fold 2, Epoch 140: Val Acc: 0.75%
2025-08-15 01:54:43,905 - INFO - Fold 2, Epoch 150: Val Acc: 0.59%
2025-08-15 01:54:45,460 - INFO - Fold 2, Epoch 160: Val Acc: 0.56%
2025-08-15 01:54:47,440 - INFO - Fold 2, Epoch 170: Val Acc: 0.59%
2025-08-15 01:54:49,444 - INFO - Fold 2, Epoch 180: Val Acc: 0.72%
2025-08-15 01:54:52,737 - INFO - Fold 2, Epoch 190: Val Acc: 0.72%
2025-08-15 01:54:54,737 - INFO - Fold 2, Epoch 200: Val Acc: 0.66%
2025-08-15 01:54:56,663 - INFO - Fold 2, Epoch 210: Val Acc: 0.78%
2025-08-15 01:54:58,470 - INFO - Fold 2, Epoch 220: Val Acc: 0.69%
2025-08-15 01:55:00,237 - INFO - Fold 2, Epoch 230: Val Acc: 0.72%
2025-08-15 01:55:01,909 - INFO - Fold 2, Epoch 240: Val Acc: 0.53%
2025-08-15 01:55:03,783 - INFO - Fold 2, Epoch 250: Val Acc: 0.69%
2025-08-15 01:55:05,785 - INFO - Fold 2, Epoch 260: Val Acc: 0.72%
2025-08-15 01:55:09,044 - INFO - Fold 2, Epoch 270: Val Acc: 0.59%
2025-08-15 01:55:11,038 - INFO - Fold 2, Epoch 280: Val Acc: 0.44%
2025-08-15 01:55:13,053 - INFO - Fold 2, Epoch 290: Val Acc: 0.75%
2025-08-15 01:55:15,131 - INFO - Fold 2, Epoch 300: Val Acc: 0.75%
2025-08-15 01:55:17,043 - INFO - Fold 2, Epoch 310: Val Acc: 0.69%
2025-08-15 01:55:18,850 - INFO - Fold 2, Epoch 320: Val Acc: 0.66%
2025-08-15 01:55:20,798 - INFO - Fold 2, Epoch 330: Val Acc: 0.72%
2025-08-15 01:55:22,757 - INFO - Fold 2, Epoch 340: Val Acc: 0.66%
2025-08-15 01:55:24,543 - INFO - Fold 2, Epoch 350: Val Acc: 0.78%
2025-08-15 01:55:26,327 - INFO - Fold 2, Epoch 360: Val Acc: 0.81%
2025-08-15 01:55:27,058 - INFO - Early stopping at epoch 364
2025-08-15 01:55:27,895 - INFO - --- Starting Fold 3/3 ---
2025-08-15 01:55:27,898 - INFO - Generated pairs. Train: 1128 (Positive: 48). Val: 276 (Positive: 24)
2025-08-15 01:55:27,898 - INFO - Starting training for fold 3/3
2025-08-15 01:55:32,278 - INFO - Fold 3, Epoch 10: Val Acc: 0.50%
2025-08-15 01:55:35,416 - INFO - Fold 3, Epoch 20: Val Acc: 0.56%
2025-08-15 01:55:38,437 - INFO - Fold 3, Epoch 30: Val Acc: 0.50%
2025-08-15 01:55:40,441 - INFO - Fold 3, Epoch 40: Val Acc: 0.59%
2025-08-15 01:55:42,465 - INFO - Fold 3, Epoch 50: Val Acc: 0.59%
2025-08-15 01:55:45,549 - INFO - Fold 3, Epoch 60: Val Acc: 0.59%
2025-08-15 01:55:47,571 - INFO - Fold 3, Epoch 70: Val Acc: 0.53%
2025-08-15 01:55:49,587 - INFO - Fold 3, Epoch 80: Val Acc: 0.62%
2025-08-15 01:55:51,379 - INFO - Fold 3, Epoch 90: Val Acc: 0.59%
2025-08-15 01:55:53,364 - INFO - Fold 3, Epoch 100: Val Acc: 0.59%
2025-08-15 01:55:55,355 - INFO - Fold 3, Epoch 110: Val Acc: 0.62%
2025-08-15 01:55:57,380 - INFO - Fold 3, Epoch 120: Val Acc: 0.66%
2025-08-15 01:55:59,389 - INFO - Fold 3, Epoch 130: Val Acc: 0.66%
2025-08-15 01:56:01,212 - INFO - Fold 3, Epoch 140: Val Acc: 0.62%
2025-08-15 01:56:03,230 - INFO - Fold 3, Epoch 150: Val Acc: 0.72%
2025-08-15 01:56:03,829 - INFO - Early stopping at epoch 153
2025-08-15 01:56:04,668 - INFO - Cross-validation statistics for transformer: {'train_loss': {'mean': np.float64(4.038323322931926), 'std': np.float64(0.038278132851569245)}, 'train_accuracy': {'mean': np.float64(0.6527777777777778), 'std': np.float64(0.06383602885711888)}, 'val_loss': {'mean': np.float64(4.15729284286499), 'std': np.float64(0.04130622192982425)}, 'val_accuracy': {'mean': np.float64(0.875), 'std': np.float64(0.04419417382415922)}, 'epoch': {'mean': np.float64(195.66666666666666), 'std': np.float64(101.65409758369584)}}
[I 2025-08-15 01:56:04,675] Trial 143 finished with value: -0.875 and parameters: {'learning_rate': 8.776664749620688e-05, 'batch_size': 32, 'num_epochs': 859, 'temperature': 0.45082292294936904, 'embedding_dim': 128, 'hidden_dim': 256, 'dropout': 0.3455322134906485, 'num_layers': 4, 'num_heads': 8, 'noise_enabled': True, 'shift_enabled': False, 'scale_enabled': True, 'crop_enabled': True, 'flip_enabled': False, 'permutation_enabled': False, 'noise_level': 0.09260925871541924, 'crop_size': 0.57110792211126}. Best is trial 92 with value: -0.9479166666666666.
Actual device being used: cuda
Attempting to load data from: /vol/ecrg-solar/woodj4/fishy-business/data/REIMS.xlsx
