Trial 139 finished with value: -0.9270833333333334 and parameters: {'learning_rate': 0.00013614354257425348, 'batch_size': 32, 'num_epochs': 879, 'temperature': 0.3480845419490742, 'embedding_dim': 128, 'hidden_dim': 256, 'dropout': 0.28466225842695986, 'num_layers': 4, 'num_heads': 8, 'noise_enabled': True, 'shift_enabled': False, 'scale_enabled': True, 'crop_enabled': True, 'flip_enabled': False, 'permutation_enabled': False, 'noise_level': 0.19091575187898677, 'crop_size': 0.5719857117069753}. Best is trial 92 with value: -0.9479166666666666.
2025-08-15 01:42:57,781 - INFO - Using device: cuda
2025-08-15 01:43:07,584 - INFO - --- Starting Fold 1/3 ---
2025-08-15 01:43:07,586 - INFO - Generated pairs. Train: 1128 (Positive: 48). Val: 276 (Positive: 24)
2025-08-15 01:43:07,586 - INFO - Starting training for fold 1/3
2025-08-15 01:43:13,556 - INFO - Fold 1, Epoch 10: Val Acc: 0.47%
2025-08-15 01:43:15,543 - INFO - Fold 1, Epoch 20: Val Acc: 0.38%
2025-08-15 01:43:17,222 - INFO - Fold 1, Epoch 30: Val Acc: 0.66%
2025-08-15 01:43:19,311 - INFO - Fold 1, Epoch 40: Val Acc: 0.69%
2025-08-15 01:43:21,192 - INFO - Fold 1, Epoch 50: Val Acc: 0.66%
2025-08-15 01:43:24,840 - INFO - Fold 1, Epoch 60: Val Acc: 0.72%
2025-08-15 01:43:27,015 - INFO - Fold 1, Epoch 70: Val Acc: 0.50%
2025-08-15 01:43:29,116 - INFO - Fold 1, Epoch 80: Val Acc: 0.59%
2025-08-15 01:43:33,101 - INFO - Fold 1, Epoch 90: Val Acc: 0.75%
2025-08-15 01:43:35,205 - INFO - Fold 1, Epoch 100: Val Acc: 0.72%
2025-08-15 01:43:37,243 - INFO - Fold 1, Epoch 110: Val Acc: 0.75%
2025-08-15 01:43:39,005 - INFO - Fold 1, Epoch 120: Val Acc: 0.59%
2025-08-15 01:43:41,013 - INFO - Fold 1, Epoch 130: Val Acc: 0.75%
2025-08-15 01:43:42,834 - INFO - Fold 1, Epoch 140: Val Acc: 0.78%
2025-08-15 01:43:44,605 - INFO - Fold 1, Epoch 150: Val Acc: 0.75%
2025-08-15 01:43:46,388 - INFO - Fold 1, Epoch 160: Val Acc: 0.75%
2025-08-15 01:43:48,159 - INFO - Fold 1, Epoch 170: Val Acc: 0.78%
2025-08-15 01:43:49,988 - INFO - Fold 1, Epoch 180: Val Acc: 0.50%
2025-08-15 01:43:50,531 - INFO - Early stopping at epoch 183
2025-08-15 01:43:53,643 - INFO - --- Starting Fold 2/3 ---
2025-08-15 01:43:53,655 - INFO - Generated pairs. Train: 1128 (Positive: 48). Val: 276 (Positive: 24)
2025-08-15 01:43:53,655 - INFO - Starting training for fold 2/3
2025-08-15 01:44:00,461 - INFO - Fold 2, Epoch 10: Val Acc: 0.47%
2025-08-15 01:44:02,010 - INFO - Fold 2, Epoch 20: Val Acc: 0.44%
2025-08-15 01:44:04,707 - INFO - Fold 2, Epoch 30: Val Acc: 0.59%
2025-08-15 01:44:06,633 - INFO - Fold 2, Epoch 40: Val Acc: 0.56%
2025-08-15 01:44:08,659 - INFO - Fold 2, Epoch 50: Val Acc: 0.62%
2025-08-15 01:44:10,669 - INFO - Fold 2, Epoch 60: Val Acc: 0.53%
2025-08-15 01:44:12,673 - INFO - Fold 2, Epoch 70: Val Acc: 0.53%
2025-08-15 01:44:14,656 - INFO - Fold 2, Epoch 80: Val Acc: 0.69%
2025-08-15 01:44:16,656 - INFO - Fold 2, Epoch 90: Val Acc: 0.62%
2025-08-15 01:44:18,668 - INFO - Fold 2, Epoch 100: Val Acc: 0.69%
2025-08-15 01:44:20,683 - INFO - Fold 2, Epoch 110: Val Acc: 0.69%
2025-08-15 01:44:23,794 - INFO - Fold 2, Epoch 120: Val Acc: 0.66%
2025-08-15 01:44:25,700 - INFO - Fold 2, Epoch 130: Val Acc: 0.78%
2025-08-15 01:44:28,712 - INFO - Fold 2, Epoch 140: Val Acc: 0.69%
2025-08-15 01:44:30,452 - INFO - Fold 2, Epoch 150: Val Acc: 0.72%
2025-08-15 01:44:32,459 - INFO - Fold 2, Epoch 160: Val Acc: 0.78%
2025-08-15 01:44:34,405 - INFO - Fold 2, Epoch 170: Val Acc: 0.69%
2025-08-15 01:44:36,412 - INFO - Fold 2, Epoch 180: Val Acc: 0.66%
2025-08-15 01:44:38,414 - INFO - Fold 2, Epoch 190: Val Acc: 0.53%
2025-08-15 01:44:40,422 - INFO - Fold 2, Epoch 200: Val Acc: 0.75%
2025-08-15 01:44:42,348 - INFO - Fold 2, Epoch 210: Val Acc: 0.72%
2025-08-15 01:44:43,900 - INFO - Fold 2, Epoch 220: Val Acc: 0.78%
2025-08-15 01:44:45,460 - INFO - Fold 2, Epoch 230: Val Acc: 0.75%
2025-08-15 01:44:45,615 - INFO - Early stopping at epoch 231
2025-08-15 01:44:46,473 - INFO - --- Starting Fold 3/3 ---
2025-08-15 01:44:46,474 - INFO - Generated pairs. Train: 1128 (Positive: 48). Val: 276 (Positive: 24)
2025-08-15 01:44:46,475 - INFO - Starting training for fold 3/3
2025-08-15 01:44:53,114 - INFO - Fold 3, Epoch 10: Val Acc: 0.53%
2025-08-15 01:44:54,965 - INFO - Fold 3, Epoch 20: Val Acc: 0.50%
2025-08-15 01:44:58,062 - INFO - Fold 3, Epoch 30: Val Acc: 0.44%
2025-08-15 01:44:59,863 - INFO - Fold 3, Epoch 40: Val Acc: 0.53%
2025-08-15 01:45:01,736 - INFO - Fold 3, Epoch 50: Val Acc: 0.50%
2025-08-15 01:45:03,746 - INFO - Fold 3, Epoch 60: Val Acc: 0.56%
2025-08-15 01:45:05,586 - INFO - Fold 3, Epoch 70: Val Acc: 0.47%
2025-08-15 01:45:07,355 - INFO - Fold 3, Epoch 80: Val Acc: 0.56%
2025-08-15 01:45:11,549 - INFO - Fold 3, Epoch 90: Val Acc: 0.75%
2025-08-15 01:45:13,467 - INFO - Fold 3, Epoch 100: Val Acc: 0.56%
2025-08-15 01:45:15,245 - INFO - Fold 3, Epoch 110: Val Acc: 0.66%
2025-08-15 01:45:17,255 - INFO - Fold 3, Epoch 120: Val Acc: 0.69%
2025-08-15 01:45:19,271 - INFO - Fold 3, Epoch 130: Val Acc: 0.62%
2025-08-15 01:45:21,286 - INFO - Fold 3, Epoch 140: Val Acc: 0.75%
2025-08-15 01:45:23,303 - INFO - Fold 3, Epoch 150: Val Acc: 0.72%
2025-08-15 01:45:25,190 - INFO - Fold 3, Epoch 160: Val Acc: 0.81%
2025-08-15 01:45:28,109 - INFO - Fold 3, Epoch 170: Val Acc: 0.84%
2025-08-15 01:45:29,973 - INFO - Fold 3, Epoch 180: Val Acc: 0.81%
2025-08-15 01:45:31,612 - INFO - Fold 3, Epoch 190: Val Acc: 0.75%
2025-08-15 01:45:33,615 - INFO - Fold 3, Epoch 200: Val Acc: 0.72%
2025-08-15 01:45:35,615 - INFO - Fold 3, Epoch 210: Val Acc: 0.75%
2025-08-15 01:45:38,733 - INFO - Fold 3, Epoch 220: Val Acc: 0.78%
2025-08-15 01:45:40,752 - INFO - Fold 3, Epoch 230: Val Acc: 0.84%
2025-08-15 01:45:42,774 - INFO - Fold 3, Epoch 240: Val Acc: 0.75%
2025-08-15 01:45:44,720 - INFO - Fold 3, Epoch 250: Val Acc: 0.88%
2025-08-15 01:45:46,594 - INFO - Fold 3, Epoch 260: Val Acc: 0.66%
2025-08-15 01:45:48,174 - INFO - Fold 3, Epoch 270: Val Acc: 0.78%
2025-08-15 01:45:50,164 - INFO - Fold 3, Epoch 280: Val Acc: 0.84%
2025-08-15 01:45:52,178 - INFO - Fold 3, Epoch 290: Val Acc: 0.81%
2025-08-15 01:45:54,209 - INFO - Fold 3, Epoch 300: Val Acc: 0.72%
2025-08-15 01:45:57,432 - INFO - Fold 3, Epoch 310: Val Acc: 0.78%
2025-08-15 01:45:59,531 - INFO - Fold 3, Epoch 320: Val Acc: 0.72%
2025-08-15 01:46:01,615 - INFO - Fold 3, Epoch 330: Val Acc: 0.72%
2025-08-15 01:46:03,710 - INFO - Fold 3, Epoch 340: Val Acc: 0.69%
2025-08-15 01:46:05,739 - INFO - Fold 3, Epoch 350: Val Acc: 0.75%
2025-08-15 01:46:07,397 - INFO - Fold 3, Epoch 360: Val Acc: 0.78%
2025-08-15 01:46:09,042 - INFO - Fold 3, Epoch 370: Val Acc: 0.62%
2025-08-15 01:46:10,691 - INFO - Fold 3, Epoch 380: Val Acc: 0.81%
2025-08-15 01:46:12,338 - INFO - Fold 3, Epoch 390: Val Acc: 0.78%
2025-08-15 01:46:14,055 - INFO - Fold 3, Epoch 400: Val Acc: 0.72%
2025-08-15 01:46:15,125 - INFO - Early stopping at epoch 406
2025-08-15 01:46:17,666 - INFO - Cross-validation statistics for transformer: {'train_loss': {'mean': np.float64(4.012718439102173), 'std': np.float64(0.08652473599790104)}, 'train_accuracy': {'mean': np.float64(0.7152777777777777), 'std': np.float64(0.04836245929577821)}, 'val_loss': {'mean': np.float64(4.252739588419597), 'std': np.float64(0.0493061114381616)}, 'val_accuracy': {'mean': np.float64(0.8854166666666666), 'std': np.float64(0.01473139127471974)}, 'epoch': {'mean': np.float64(172.33333333333334), 'std': np.float64(95.83434782071728)}}
[I 2025-08-15 01:46:17,676] Trial 140 finished with value: -0.8854166666666666 and parameters: {'learning_rate': 0.00019940104305614476, 'batch_size': 32, 'num_epochs': 991, 'temperature': 0.35124534374624516, 'embedding_dim': 128, 'hidden_dim': 256, 'dropout': 0.25688553866621033, 'num_layers': 4, 'num_heads': 8, 'noise_enabled': True, 'shift_enabled': False, 'scale_enabled': True, 'crop_enabled': True, 'flip_enabled': False, 'permutation_enabled': False, 'noise_level': 0.17553808152944483, 'crop_size': 0.5808614945139549}. Best is trial 92 with value: -0.9479166666666666.
Actual device being used: cuda
Attempting to load data from: /vol/ecrg-solar/woodj4/fishy-business/data/REIMS.xlsx
Trial 140 finished with value: -0.8854166666666666 and parameters: {'learning_rate': 0.00019940104305614476, 'batch_size': 32, 'num_epochs': 991, 'temperature': 0.35124534374624516, 'embedding_dim': 128, 'hidden_dim': 256, 'dropout': 0.25688553866621033, 'num_layers': 4, 'num_heads': 8, 'noise_enabled': True, 'shift_enabled': False, 'scale_enabled': True, 'crop_enabled': True, 'flip_enabled': False, 'permutation_enabled': False, 'noise_level': 0.17553808152944483, 'crop_size': 0.5808614945139549}. Best is trial 92 with value: -0.9479166666666666.
2025-08-15 01:46:17,765 - INFO - Using device: cuda
2025-08-15 01:46:27,700 - INFO - --- Starting Fold 1/3 ---
2025-08-15 01:46:27,701 - INFO - Generated pairs. Train: 1128 (Positive: 48). Val: 276 (Positive: 24)
2025-08-15 01:46:27,702 - INFO - Starting training for fold 1/3
2025-08-15 01:46:35,132 - INFO - Fold 1, Epoch 10: Val Acc: 0.53%
2025-08-15 01:46:36,841 - INFO - Fold 1, Epoch 20: Val Acc: 0.53%
2025-08-15 01:46:40,382 - INFO - Fold 1, Epoch 30: Val Acc: 0.59%
2025-08-15 01:46:44,179 - INFO - Fold 1, Epoch 40: Val Acc: 0.59%
2025-08-15 01:46:47,713 - INFO - Fold 1, Epoch 50: Val Acc: 0.69%
2025-08-15 01:46:49,606 - INFO - Fold 1, Epoch 60: Val Acc: 0.56%
2025-08-15 01:46:53,180 - INFO - Fold 1, Epoch 70: Val Acc: 0.72%
2025-08-15 01:46:54,947 - INFO - Fold 1, Epoch 80: Val Acc: 0.62%
2025-08-15 01:46:58,515 - INFO - Fold 1, Epoch 90: Val Acc: 0.50%
2025-08-15 01:47:00,498 - INFO - Fold 1, Epoch 100: Val Acc: 0.75%
2025-08-15 01:47:02,496 - INFO - Fold 1, Epoch 110: Val Acc: 0.69%
2025-08-15 01:47:04,496 - INFO - Fold 1, Epoch 120: Val Acc: 0.72%
2025-08-15 01:47:06,408 - INFO - Fold 1, Epoch 130: Val Acc: 0.72%
2025-08-15 01:47:07,948 - INFO - Fold 1, Epoch 140: Val Acc: 0.59%
2025-08-15 01:47:09,491 - INFO - Fold 1, Epoch 150: Val Acc: 0.56%
2025-08-15 01:47:11,030 - INFO - Fold 1, Epoch 160: Val Acc: 0.59%
2025-08-15 01:47:14,605 - INFO - Fold 1, Epoch 170: Val Acc: 0.62%
2025-08-15 01:47:16,428 - INFO - Fold 1, Epoch 180: Val Acc: 0.56%
2025-08-15 01:47:18,439 - INFO - Fold 1, Epoch 190: Val Acc: 0.72%
2025-08-15 01:47:20,518 - INFO - Fold 1, Epoch 200: Val Acc: 0.84%
2025-08-15 01:47:22,138 - INFO - Fold 1, Epoch 210: Val Acc: 0.69%
2025-08-15 01:47:23,688 - INFO - Fold 1, Epoch 220: Val Acc: 0.62%
2025-08-15 01:47:25,398 - INFO - Fold 1, Epoch 230: Val Acc: 0.66%
2025-08-15 01:47:27,311 - INFO - Fold 1, Epoch 240: Val Acc: 0.72%
2025-08-15 01:47:29,298 - INFO - Fold 1, Epoch 250: Val Acc: 0.53%
2025-08-15 01:47:31,295 - INFO - Fold 1, Epoch 260: Val Acc: 0.50%
2025-08-15 01:47:32,299 - INFO - Early stopping at epoch 265
2025-08-15 01:47:35,340 - INFO - --- Starting Fold 2/3 ---
2025-08-15 01:47:35,343 - INFO - Generated pairs. Train: 1128 (Positive: 48). Val: 276 (Positive: 24)
2025-08-15 01:47:35,343 - INFO - Starting training for fold 2/3
2025-08-15 01:47:42,502 - INFO - Fold 2, Epoch 10: Val Acc: 0.56%
2025-08-15 01:47:46,922 - INFO - Fold 2, Epoch 20: Val Acc: 0.69%
2025-08-15 01:47:49,030 - INFO - Fold 2, Epoch 30: Val Acc: 0.56%
2025-08-15 01:47:53,655 - INFO - Fold 2, Epoch 40: Val Acc: 0.69%
2025-08-15 01:47:56,792 - INFO - Fold 2, Epoch 50: Val Acc: 0.81%
2025-08-15 01:47:58,889 - INFO - Fold 2, Epoch 60: Val Acc: 0.78%
2025-08-15 01:48:00,904 - INFO - Fold 2, Epoch 70: Val Acc: 0.81%
2025-08-15 01:48:02,919 - INFO - Fold 2, Epoch 80: Val Acc: 0.69%
2025-08-15 01:48:04,905 - INFO - Fold 2, Epoch 90: Val Acc: 0.62%
2025-08-15 01:48:06,831 - INFO - Fold 2, Epoch 100: Val Acc: 0.66%
2025-08-15 01:48:10,111 - INFO - Fold 2, Epoch 110: Val Acc: 0.78%
2025-08-15 01:48:12,133 - INFO - Fold 2, Epoch 120: Val Acc: 0.75%
2025-08-15 01:48:16,199 - INFO - Fold 2, Epoch 130: Val Acc: 0.66%
2025-08-15 01:48:18,211 - INFO - Fold 2, Epoch 140: Val Acc: 0.75%
2025-08-15 01:48:20,216 - INFO - Fold 2, Epoch 150: Val Acc: 0.81%
2025-08-15 01:48:22,230 - INFO - Fold 2, Epoch 160: Val Acc: 0.78%
2025-08-15 01:48:24,260 - INFO - Fold 2, Epoch 170: Val Acc: 0.72%
2025-08-15 01:48:26,112 - INFO - Fold 2, Epoch 180: Val Acc: 0.75%
2025-08-15 01:48:28,130 - INFO - Fold 2, Epoch 190: Val Acc: 0.62%
2025-08-15 01:48:30,204 - INFO - Fold 2, Epoch 200: Val Acc: 0.78%
2025-08-15 01:48:32,279 - INFO - Fold 2, Epoch 210: Val Acc: 0.78%
2025-08-15 01:48:34,355 - INFO - Fold 2, Epoch 220: Val Acc: 0.81%
2025-08-15 01:48:35,605 - INFO - Early stopping at epoch 226
2025-08-15 01:48:38,159 - INFO - --- Starting Fold 3/3 ---
2025-08-15 01:48:38,163 - INFO - Generated pairs. Train: 1128 (Positive: 48). Val: 276 (Positive: 24)
2025-08-15 01:48:38,163 - INFO - Starting training for fold 3/3
2025-08-15 01:48:42,830 - INFO - Fold 3, Epoch 10: Val Acc: 0.59%
2025-08-15 01:48:44,824 - INFO - Fold 3, Epoch 20: Val Acc: 0.47%
2025-08-15 01:48:46,820 - INFO - Fold 3, Epoch 30: Val Acc: 0.56%
2025-08-15 01:48:48,818 - INFO - Fold 3, Epoch 40: Val Acc: 0.75%
2025-08-15 01:48:50,817 - INFO - Fold 3, Epoch 50: Val Acc: 0.66%
2025-08-15 01:48:52,815 - INFO - Fold 3, Epoch 60: Val Acc: 0.56%
2025-08-15 01:48:54,813 - INFO - Fold 3, Epoch 70: Val Acc: 0.72%
2025-08-15 01:48:56,813 - INFO - Fold 3, Epoch 80: Val Acc: 0.72%
2025-08-15 01:48:58,804 - INFO - Fold 3, Epoch 90: Val Acc: 0.72%
2025-08-15 01:49:00,773 - INFO - Fold 3, Epoch 100: Val Acc: 0.81%
2025-08-15 01:49:01,302 - INFO - Early stopping at epoch 103
2025-08-15 01:49:02,189 - INFO - Cross-validation statistics for transformer: {'train_loss': {'mean': np.float64(4.048957877688938), 'std': np.float64(0.08599675347218247)}, 'train_accuracy': {'mean': np.float64(0.7083333333333334), 'std': np.float64(0.04500514373894352)}, 'val_loss': {'mean': np.float64(4.172047773996989), 'std': np.float64(0.0894285525161551)}, 'val_accuracy': {'mean': np.float64(0.8541666666666666), 'std': np.float64(0.03897559777889522)}, 'epoch': {'mean': np.float64(97.0), 'std': np.float64(69.03622237637282)}}
[I 2025-08-15 01:49:02,195] Trial 141 finished with value: -0.8541666666666666 and parameters: {'learning_rate': 0.00016328201343281972, 'batch_size': 32, 'num_epochs': 889, 'temperature': 0.327843291032131, 'embedding_dim': 128, 'hidden_dim': 256, 'dropout': 0.2913704126188824, 'num_layers': 4, 'num_heads': 8, 'noise_enabled': True, 'shift_enabled': False, 'scale_enabled': True, 'crop_enabled': True, 'flip_enabled': False, 'permutation_enabled': False, 'noise_level': 0.18825227343612883, 'crop_size': 0.559455935153498}. Best is trial 92 with value: -0.9479166666666666.
Actual device being used: cuda
Attempting to load data from: /vol/ecrg-solar/woodj4/fishy-business/data/REIMS.xlsx
