Trial 12 finished with value: -0.75 and parameters: {'learning_rate': 0.0002875795230254496, 'batch_size': 32, 'num_epochs': 719, 'temperature': 0.3948521363082242, 'embedding_dim': 128, 'hidden_dim': 256, 'dropout': 0.4787928951225203, 'num_layers': 5, 'num_heads': 8, 'noise_enabled': False, 'shift_enabled': False, 'scale_enabled': False, 'crop_enabled': False, 'flip_enabled': True, 'permutation_enabled': False}. Best is trial 9 with value: -0.9270833333333334.
2025-08-14 19:58:52,531 - INFO - Using device: cuda
2025-08-14 19:59:03,658 - INFO - --- Starting Fold 1/3 ---
2025-08-14 19:59:03,660 - INFO - Generated pairs. Train: 1128 (Positive: 48). Val: 276 (Positive: 24)
2025-08-14 19:59:03,660 - INFO - Starting training for fold 1/3
/usr/pkg/lib/python3.12/site-packages/torch/optim/lr_scheduler.py:227: UserWarning: Detected call of `lr_scheduler.step()` before `optimizer.step()`. In PyTorch 1.1.0 and later, you should call them in the opposite order: `optimizer.step()` before `lr_scheduler.step()`.  Failure to do this will result in PyTorch skipping the first value of the learning rate schedule. See more details at https://pytorch.org/docs/stable/optim.html#how-to-adjust-learning-rate
  warnings.warn(
2025-08-14 19:59:08,851 - INFO - Fold 1, Epoch 10: Val Acc: 0.50%
2025-08-14 19:59:11,116 - INFO - Fold 1, Epoch 20: Val Acc: 0.50%
2025-08-14 19:59:13,439 - INFO - Fold 1, Epoch 30: Val Acc: 0.50%
2025-08-14 19:59:21,024 - INFO - Fold 1, Epoch 40: Val Acc: 0.59%
2025-08-14 19:59:23,335 - INFO - Fold 1, Epoch 50: Val Acc: 0.50%
2025-08-14 19:59:25,644 - INFO - Fold 1, Epoch 60: Val Acc: 0.50%
2025-08-14 19:59:27,928 - INFO - Fold 1, Epoch 70: Val Acc: 0.50%
2025-08-14 19:59:32,881 - INFO - Fold 1, Epoch 80: Val Acc: 0.53%
2025-08-14 19:59:35,203 - INFO - Fold 1, Epoch 90: Val Acc: 0.50%
2025-08-14 19:59:37,519 - INFO - Fold 1, Epoch 100: Val Acc: 0.50%
2025-08-14 19:59:39,831 - INFO - Fold 1, Epoch 110: Val Acc: 0.56%
2025-08-14 19:59:42,139 - INFO - Fold 1, Epoch 120: Val Acc: 0.50%
2025-08-14 19:59:44,455 - INFO - Fold 1, Epoch 130: Val Acc: 0.50%
2025-08-14 19:59:46,771 - INFO - Fold 1, Epoch 140: Val Acc: 0.56%
2025-08-14 19:59:49,034 - INFO - Fold 1, Epoch 150: Val Acc: 0.50%
2025-08-14 19:59:51,286 - INFO - Fold 1, Epoch 160: Val Acc: 0.47%
2025-08-14 19:59:56,262 - INFO - Fold 1, Epoch 170: Val Acc: 0.50%
2025-08-14 19:59:58,585 - INFO - Fold 1, Epoch 180: Val Acc: 0.50%
2025-08-14 20:00:00,924 - INFO - Fold 1, Epoch 190: Val Acc: 0.56%
2025-08-14 20:00:03,254 - INFO - Fold 1, Epoch 200: Val Acc: 0.50%
2025-08-14 20:00:05,579 - INFO - Fold 1, Epoch 210: Val Acc: 0.53%
2025-08-14 20:00:07,906 - INFO - Fold 1, Epoch 220: Val Acc: 0.50%
2025-08-14 20:00:10,228 - INFO - Fold 1, Epoch 230: Val Acc: 0.50%
2025-08-14 20:00:12,555 - INFO - Fold 1, Epoch 240: Val Acc: 0.50%
2025-08-14 20:00:14,871 - INFO - Fold 1, Epoch 250: Val Acc: 0.69%
2025-08-14 20:00:19,792 - INFO - Fold 1, Epoch 260: Val Acc: 0.53%
2025-08-14 20:00:22,120 - INFO - Fold 1, Epoch 270: Val Acc: 0.53%
2025-08-14 20:00:24,443 - INFO - Fold 1, Epoch 280: Val Acc: 0.53%
2025-08-14 20:00:26,772 - INFO - Fold 1, Epoch 290: Val Acc: 0.53%
2025-08-14 20:00:29,098 - INFO - Fold 1, Epoch 300: Val Acc: 0.50%
2025-08-14 20:00:30,982 - INFO - Fold 1, Epoch 310: Val Acc: 0.50%
2025-08-14 20:00:32,701 - INFO - Fold 1, Epoch 320: Val Acc: 0.59%
2025-08-14 20:00:34,553 - INFO - Fold 1, Epoch 330: Val Acc: 0.66%
2025-08-14 20:00:36,330 - INFO - Fold 1, Epoch 340: Val Acc: 0.50%
2025-08-14 20:00:38,183 - INFO - Fold 1, Epoch 350: Val Acc: 0.53%
2025-08-14 20:00:38,542 - INFO - Early stopping at epoch 352
2025-08-14 20:00:42,469 - INFO - --- Starting Fold 2/3 ---
2025-08-14 20:00:42,485 - INFO - Generated pairs. Train: 1128 (Positive: 48). Val: 276 (Positive: 24)
2025-08-14 20:00:42,485 - INFO - Starting training for fold 2/3
2025-08-14 20:00:46,431 - INFO - Fold 2, Epoch 10: Val Acc: 0.50%
2025-08-14 20:00:50,271 - INFO - Fold 2, Epoch 20: Val Acc: 0.50%
2025-08-14 20:00:52,669 - INFO - Fold 2, Epoch 30: Val Acc: 0.50%
2025-08-14 20:00:55,059 - INFO - Fold 2, Epoch 40: Val Acc: 0.50%
2025-08-14 20:00:59,111 - INFO - Fold 2, Epoch 50: Val Acc: 0.50%
2025-08-14 20:01:01,459 - INFO - Fold 2, Epoch 60: Val Acc: 0.50%
2025-08-14 20:01:03,786 - INFO - Fold 2, Epoch 70: Val Acc: 0.50%
2025-08-14 20:01:06,104 - INFO - Fold 2, Epoch 80: Val Acc: 0.50%
2025-08-14 20:01:08,421 - INFO - Fold 2, Epoch 90: Val Acc: 0.50%
2025-08-14 20:01:12,435 - INFO - Fold 2, Epoch 100: Val Acc: 0.50%
2025-08-14 20:01:16,384 - INFO - Fold 2, Epoch 110: Val Acc: 0.50%
2025-08-14 20:01:18,374 - INFO - Fold 2, Epoch 120: Val Acc: 0.50%
2025-08-14 20:01:20,192 - INFO - Fold 2, Epoch 130: Val Acc: 0.50%
2025-08-14 20:01:22,476 - INFO - Fold 2, Epoch 140: Val Acc: 0.50%
2025-08-14 20:01:24,854 - INFO - Fold 2, Epoch 150: Val Acc: 0.50%
2025-08-14 20:01:29,009 - INFO - Fold 2, Epoch 160: Val Acc: 0.50%
2025-08-14 20:01:31,395 - INFO - Fold 2, Epoch 170: Val Acc: 0.50%
2025-08-14 20:01:33,778 - INFO - Fold 2, Epoch 180: Val Acc: 0.81%
2025-08-14 20:01:36,167 - INFO - Fold 2, Epoch 190: Val Acc: 0.59%
2025-08-14 20:01:38,567 - INFO - Fold 2, Epoch 200: Val Acc: 0.50%
2025-08-14 20:01:40,970 - INFO - Fold 2, Epoch 210: Val Acc: 0.50%
2025-08-14 20:01:43,094 - INFO - Fold 2, Epoch 220: Val Acc: 0.50%
2025-08-14 20:01:45,094 - INFO - Fold 2, Epoch 230: Val Acc: 0.59%
2025-08-14 20:01:47,109 - INFO - Fold 2, Epoch 240: Val Acc: 0.50%
2025-08-14 20:01:49,326 - INFO - Fold 2, Epoch 250: Val Acc: 0.53%
2025-08-14 20:01:50,499 - INFO - Early stopping at epoch 255
2025-08-14 20:01:53,706 - INFO - --- Starting Fold 3/3 ---
2025-08-14 20:01:53,709 - INFO - Generated pairs. Train: 1128 (Positive: 48). Val: 276 (Positive: 24)
2025-08-14 20:01:53,710 - INFO - Starting training for fold 3/3
/usr/pkg/lib/python3.12/site-packages/torch/optim/lr_scheduler.py:227: UserWarning: Detected call of `lr_scheduler.step()` before `optimizer.step()`. In PyTorch 1.1.0 and later, you should call them in the opposite order: `optimizer.step()` before `lr_scheduler.step()`.  Failure to do this will result in PyTorch skipping the first value of the learning rate schedule. See more details at https://pytorch.org/docs/stable/optim.html#how-to-adjust-learning-rate
  warnings.warn(
2025-08-14 20:02:01,061 - INFO - Fold 3, Epoch 10: Val Acc: 0.50%
2025-08-14 20:02:03,373 - INFO - Fold 3, Epoch 20: Val Acc: 0.50%
2025-08-14 20:02:05,714 - INFO - Fold 3, Epoch 30: Val Acc: 0.50%
2025-08-14 20:02:09,626 - INFO - Fold 3, Epoch 40: Val Acc: 0.50%
2025-08-14 20:02:11,943 - INFO - Fold 3, Epoch 50: Val Acc: 0.53%
2025-08-14 20:02:15,959 - INFO - Fold 3, Epoch 60: Val Acc: 0.50%
2025-08-14 20:02:18,334 - INFO - Fold 3, Epoch 70: Val Acc: 0.50%
2025-08-14 20:02:22,362 - INFO - Fold 3, Epoch 80: Val Acc: 0.56%
2025-08-14 20:02:24,748 - INFO - Fold 3, Epoch 90: Val Acc: 0.69%
2025-08-14 20:02:27,135 - INFO - Fold 3, Epoch 100: Val Acc: 0.53%
2025-08-14 20:02:29,522 - INFO - Fold 3, Epoch 110: Val Acc: 0.50%
2025-08-14 20:02:31,878 - INFO - Fold 3, Epoch 120: Val Acc: 0.50%
2025-08-14 20:02:34,260 - INFO - Fold 3, Epoch 130: Val Acc: 0.50%
2025-08-14 20:02:36,469 - INFO - Fold 3, Epoch 140: Val Acc: 0.53%
2025-08-14 20:02:38,831 - INFO - Fold 3, Epoch 150: Val Acc: 0.50%
2025-08-14 20:02:41,194 - INFO - Fold 3, Epoch 160: Val Acc: 0.53%
2025-08-14 20:02:43,567 - INFO - Fold 3, Epoch 170: Val Acc: 0.50%
2025-08-14 20:02:47,564 - INFO - Fold 3, Epoch 180: Val Acc: 0.50%
2025-08-14 20:02:49,892 - INFO - Fold 3, Epoch 190: Val Acc: 0.50%
2025-08-14 20:02:53,904 - INFO - Fold 3, Epoch 200: Val Acc: 0.50%
2025-08-14 20:02:56,129 - INFO - Fold 3, Epoch 210: Val Acc: 0.50%
2025-08-14 20:02:57,969 - INFO - Fold 3, Epoch 220: Val Acc: 0.53%
2025-08-14 20:02:59,861 - INFO - Fold 3, Epoch 230: Val Acc: 0.53%
2025-08-14 20:03:01,734 - INFO - Fold 3, Epoch 240: Val Acc: 0.50%
2025-08-14 20:03:05,275 - INFO - Fold 3, Epoch 250: Val Acc: 0.50%
2025-08-14 20:03:07,216 - INFO - Fold 3, Epoch 260: Val Acc: 0.56%
2025-08-14 20:03:09,149 - INFO - Fold 3, Epoch 270: Val Acc: 0.50%
2025-08-14 20:03:11,386 - INFO - Fold 3, Epoch 280: Val Acc: 0.50%
2025-08-14 20:03:13,772 - INFO - Fold 3, Epoch 290: Val Acc: 0.53%
2025-08-14 20:03:16,144 - INFO - Fold 3, Epoch 300: Val Acc: 0.50%
2025-08-14 20:03:18,505 - INFO - Fold 3, Epoch 310: Val Acc: 0.66%
2025-08-14 20:03:20,902 - INFO - Fold 3, Epoch 320: Val Acc: 0.50%
2025-08-14 20:03:23,290 - INFO - Fold 3, Epoch 330: Val Acc: 0.50%
2025-08-14 20:03:25,681 - INFO - Fold 3, Epoch 340: Val Acc: 0.50%
2025-08-14 20:03:26,877 - INFO - Early stopping at epoch 345
2025-08-14 20:03:28,193 - INFO - Cross-validation statistics for transformer: {'train_loss': {'mean': np.float64(3.270179006788466), 'std': np.float64(0.05454749570434068)}, 'train_accuracy': {'mean': np.float64(0.9930555555555555), 'std': np.float64(0.004910463758239948)}, 'val_loss': {'mean': np.float64(4.222085952758789), 'std': np.float64(0.05443835187149015)}, 'val_accuracy': {'mean': np.float64(0.8125), 'std': np.float64(0.05103103630798288)}, 'epoch': {'mean': np.float64(216.33333333333334), 'std': np.float64(44.16886786967591)}}
[I 2025-08-14 20:03:28,206] Trial 13 finished with value: -0.8125 and parameters: {'learning_rate': 0.0009905394173820982, 'batch_size': 32, 'num_epochs': 768, 'temperature': 0.20247030075509825, 'embedding_dim': 128, 'hidden_dim': 256, 'dropout': 0.4325291593208286, 'num_layers': 6, 'num_heads': 8, 'noise_enabled': False, 'shift_enabled': False, 'scale_enabled': False, 'crop_enabled': False, 'flip_enabled': True, 'permutation_enabled': False}. Best is trial 9 with value: -0.9270833333333334.
Actual device being used: cuda
Attempting to load data from: /vol/ecrg-solar/woodj4/fishy-business/data/REIMS.xlsx
Trial 13 finished with value: -0.8125 and parameters: {'learning_rate': 0.0009905394173820982, 'batch_size': 32, 'num_epochs': 768, 'temperature': 0.20247030075509825, 'embedding_dim': 128, 'hidden_dim': 256, 'dropout': 0.4325291593208286, 'num_layers': 6, 'num_heads': 8, 'noise_enabled': False, 'shift_enabled': False, 'scale_enabled': False, 'crop_enabled': False, 'flip_enabled': True, 'permutation_enabled': False}. Best is trial 9 with value: -0.9270833333333334.
2025-08-14 20:03:28,257 - INFO - Using device: cuda
2025-08-14 20:03:38,336 - INFO - --- Starting Fold 1/3 ---
2025-08-14 20:03:38,338 - INFO - Generated pairs. Train: 1128 (Positive: 48). Val: 276 (Positive: 24)
2025-08-14 20:03:38,338 - INFO - Starting training for fold 1/3
2025-08-14 20:03:43,030 - INFO - Fold 1, Epoch 10: Val Acc: 0.47%
2025-08-14 20:03:47,519 - INFO - Fold 1, Epoch 20: Val Acc: 0.44%
2025-08-14 20:03:52,165 - INFO - Fold 1, Epoch 30: Val Acc: 0.62%
2025-08-14 20:03:56,743 - INFO - Fold 1, Epoch 40: Val Acc: 0.66%
2025-08-14 20:04:01,417 - INFO - Fold 1, Epoch 50: Val Acc: 0.78%
2025-08-14 20:04:03,697 - INFO - Fold 1, Epoch 60: Val Acc: 0.69%
2025-08-14 20:04:05,969 - INFO - Fold 1, Epoch 70: Val Acc: 0.72%
2025-08-14 20:04:10,361 - INFO - Fold 1, Epoch 80: Val Acc: 0.78%
2025-08-14 20:04:12,637 - INFO - Fold 1, Epoch 90: Val Acc: 0.66%
2025-08-14 20:04:14,911 - INFO - Fold 1, Epoch 100: Val Acc: 0.78%
2025-08-14 20:04:17,189 - INFO - Fold 1, Epoch 110: Val Acc: 0.78%
2025-08-14 20:04:21,673 - INFO - Fold 1, Epoch 120: Val Acc: 0.75%
2025-08-14 20:04:24,037 - INFO - Fold 1, Epoch 130: Val Acc: 0.69%
2025-08-14 20:04:26,397 - INFO - Fold 1, Epoch 140: Val Acc: 0.66%
2025-08-14 20:04:28,643 - INFO - Fold 1, Epoch 150: Val Acc: 0.78%
2025-08-14 20:04:30,982 - INFO - Fold 1, Epoch 160: Val Acc: 0.75%
2025-08-14 20:04:33,342 - INFO - Fold 1, Epoch 170: Val Acc: 0.78%
2025-08-14 20:04:35,693 - INFO - Fold 1, Epoch 180: Val Acc: 0.81%
2025-08-14 20:04:38,050 - INFO - Fold 1, Epoch 190: Val Acc: 0.62%
2025-08-14 20:04:40,410 - INFO - Fold 1, Epoch 200: Val Acc: 0.75%
2025-08-14 20:04:42,774 - INFO - Fold 1, Epoch 210: Val Acc: 0.75%
2025-08-14 20:04:44,887 - INFO - Early stopping at epoch 219
2025-08-14 20:04:48,617 - INFO - --- Starting Fold 2/3 ---
2025-08-14 20:04:48,620 - INFO - Generated pairs. Train: 1128 (Positive: 48). Val: 276 (Positive: 24)
2025-08-14 20:04:48,620 - INFO - Starting training for fold 2/3
2025-08-14 20:04:58,227 - INFO - Fold 2, Epoch 10: Val Acc: 0.75%
2025-08-14 20:05:00,620 - INFO - Fold 2, Epoch 20: Val Acc: 0.56%
2025-08-14 20:05:02,993 - INFO - Fold 2, Epoch 30: Val Acc: 0.59%
2025-08-14 20:05:05,361 - INFO - Fold 2, Epoch 40: Val Acc: 0.56%
2025-08-14 20:05:07,525 - INFO - Fold 2, Epoch 50: Val Acc: 0.62%
2025-08-14 20:05:10,967 - INFO - Fold 2, Epoch 60: Val Acc: 0.72%
2025-08-14 20:05:15,198 - INFO - Fold 2, Epoch 70: Val Acc: 0.66%
2025-08-14 20:05:17,392 - INFO - Fold 2, Epoch 80: Val Acc: 0.62%
2025-08-14 20:05:20,981 - INFO - Fold 2, Epoch 90: Val Acc: 0.91%
2025-08-14 20:05:23,211 - INFO - Fold 2, Epoch 100: Val Acc: 0.84%
2025-08-14 20:05:25,446 - INFO - Fold 2, Epoch 110: Val Acc: 0.66%
2025-08-14 20:05:27,385 - INFO - Fold 2, Epoch 120: Val Acc: 0.75%
2025-08-14 20:05:29,264 - INFO - Fold 2, Epoch 130: Val Acc: 0.78%
2025-08-14 20:05:31,335 - INFO - Fold 2, Epoch 140: Val Acc: 0.84%
2025-08-14 20:05:33,610 - INFO - Fold 2, Epoch 150: Val Acc: 0.66%
2025-08-14 20:05:37,264 - INFO - Fold 2, Epoch 160: Val Acc: 0.62%
2025-08-14 20:05:39,552 - INFO - Fold 2, Epoch 170: Val Acc: 0.62%
2025-08-14 20:05:41,846 - INFO - Fold 2, Epoch 180: Val Acc: 0.78%
2025-08-14 20:05:44,145 - INFO - Fold 2, Epoch 190: Val Acc: 0.78%
2025-08-14 20:05:46,352 - INFO - Fold 2, Epoch 200: Val Acc: 0.88%
2025-08-14 20:05:48,641 - INFO - Fold 2, Epoch 210: Val Acc: 0.69%
2025-08-14 20:05:50,937 - INFO - Fold 2, Epoch 220: Val Acc: 0.78%
2025-08-14 20:05:53,189 - INFO - Fold 2, Epoch 230: Val Acc: 0.69%
2025-08-14 20:05:55,448 - INFO - Fold 2, Epoch 240: Val Acc: 0.72%
2025-08-14 20:05:57,738 - INFO - Fold 2, Epoch 250: Val Acc: 0.75%
2025-08-14 20:05:59,562 - INFO - Early stopping at epoch 258
2025-08-14 20:06:02,674 - INFO - --- Starting Fold 3/3 ---
2025-08-14 20:06:02,678 - INFO - Generated pairs. Train: 1128 (Positive: 48). Val: 276 (Positive: 24)
2025-08-14 20:06:02,678 - INFO - Starting training for fold 3/3
2025-08-14 20:06:07,589 - INFO - Fold 3, Epoch 10: Val Acc: 0.53%
2025-08-14 20:06:09,940 - INFO - Fold 3, Epoch 20: Val Acc: 0.59%
2025-08-14 20:06:12,226 - INFO - Fold 3, Epoch 30: Val Acc: 0.59%
2025-08-14 20:06:15,935 - INFO - Fold 3, Epoch 40: Val Acc: 0.75%
2025-08-14 20:06:18,110 - INFO - Fold 3, Epoch 50: Val Acc: 0.59%
2025-08-14 20:06:19,874 - INFO - Fold 3, Epoch 60: Val Acc: 0.59%
2025-08-14 20:06:23,186 - INFO - Fold 3, Epoch 70: Val Acc: 0.59%
2025-08-14 20:06:27,148 - INFO - Fold 3, Epoch 80: Val Acc: 0.75%
2025-08-14 20:06:29,537 - INFO - Fold 3, Epoch 90: Val Acc: 0.69%
2025-08-14 20:06:31,911 - INFO - Fold 3, Epoch 100: Val Acc: 0.75%
2025-08-14 20:06:34,295 - INFO - Fold 3, Epoch 110: Val Acc: 0.81%
2025-08-14 20:06:37,996 - INFO - Fold 3, Epoch 120: Val Acc: 0.72%
2025-08-14 20:06:40,200 - INFO - Fold 3, Epoch 130: Val Acc: 0.75%
2025-08-14 20:06:42,478 - INFO - Fold 3, Epoch 140: Val Acc: 0.66%
2025-08-14 20:06:44,747 - INFO - Fold 3, Epoch 150: Val Acc: 0.69%
2025-08-14 20:06:47,025 - INFO - Fold 3, Epoch 160: Val Acc: 0.72%
2025-08-14 20:06:49,295 - INFO - Fold 3, Epoch 170: Val Acc: 0.84%
2025-08-14 20:06:51,569 - INFO - Fold 3, Epoch 180: Val Acc: 0.78%
2025-08-14 20:06:53,836 - INFO - Fold 3, Epoch 190: Val Acc: 0.69%
2025-08-14 20:06:56,095 - INFO - Fold 3, Epoch 200: Val Acc: 0.84%
2025-08-14 20:06:58,305 - INFO - Fold 3, Epoch 210: Val Acc: 0.75%
2025-08-14 20:07:00,351 - INFO - Early stopping at epoch 219
2025-08-14 20:07:01,405 - INFO - Cross-validation statistics for transformer: {'train_loss': {'mean': np.float64(3.9825677076975503), 'std': np.float64(0.017273589563367393)}, 'train_accuracy': {'mean': np.float64(0.763888888888889), 'std': np.float64(0.021404215288086736)}, 'val_loss': {'mean': np.float64(4.200973033905029), 'std': np.float64(0.08779293926367314)}, 'val_accuracy': {'mean': np.float64(0.9166666666666666), 'std': np.float64(0.03897559777889522)}, 'epoch': {'mean': np.float64(131.0), 'std': np.float64(18.384776310850235)}}
[I 2025-08-14 20:07:01,414] Trial 14 finished with value: -0.9166666666666666 and parameters: {'learning_rate': 0.00027008062223619287, 'batch_size': 32, 'num_epochs': 982, 'temperature': 0.4805659862433591, 'embedding_dim': 128, 'hidden_dim': 256, 'dropout': 0.43869981937716873, 'num_layers': 5, 'num_heads': 8, 'noise_enabled': True, 'shift_enabled': False, 'scale_enabled': True, 'crop_enabled': True, 'flip_enabled': False, 'permutation_enabled': False, 'noise_level': 0.19759250728070285, 'crop_size': 0.5269498526849873}. Best is trial 9 with value: -0.9270833333333334.
Actual device being used: cuda
Attempting to load data from: /vol/ecrg-solar/woodj4/fishy-business/data/REIMS.xlsx
