[I 2025-08-15 02:05:39,924] Trial 146 finished with value: -0.8645833333333334 and parameters: {'learning_rate': 0.0002563732179074532, 'batch_size': 32, 'num_epochs': 383, 'temperature': 0.40495777392432475, 'embedding_dim': 256, 'hidden_dim': 256, 'dropout': 0.22920377833118347, 'num_layers': 5, 'num_heads': 2, 'noise_enabled': True, 'shift_enabled': False, 'scale_enabled': True, 'crop_enabled': True, 'flip_enabled': True, 'permutation_enabled': False, 'noise_level': 0.08538821139715476, 'crop_size': 0.5159436362790399}. Best is trial 92 with value: -0.9479166666666666.
Actual device being used: cuda
Attempting to load data from: /vol/ecrg-solar/woodj4/fishy-business/data/REIMS.xlsx
Trial 146 finished with value: -0.8645833333333334 and parameters: {'learning_rate': 0.0002563732179074532, 'batch_size': 32, 'num_epochs': 383, 'temperature': 0.40495777392432475, 'embedding_dim': 256, 'hidden_dim': 256, 'dropout': 0.22920377833118347, 'num_layers': 5, 'num_heads': 2, 'noise_enabled': True, 'shift_enabled': False, 'scale_enabled': True, 'crop_enabled': True, 'flip_enabled': True, 'permutation_enabled': False, 'noise_level': 0.08538821139715476, 'crop_size': 0.5159436362790399}. Best is trial 92 with value: -0.9479166666666666.
2025-08-15 02:05:39,964 - INFO - Using device: cuda
2025-08-15 02:05:49,863 - INFO - --- Starting Fold 1/3 ---
2025-08-15 02:05:49,864 - INFO - Generated pairs. Train: 1128 (Positive: 48). Val: 276 (Positive: 24)
2025-08-15 02:05:49,865 - INFO - Starting training for fold 1/3
2025-08-15 02:05:56,816 - INFO - Fold 1, Epoch 10: Val Acc: 0.47%
2025-08-15 02:05:58,938 - INFO - Fold 1, Epoch 20: Val Acc: 0.47%
2025-08-15 02:06:01,181 - INFO - Fold 1, Epoch 30: Val Acc: 0.50%
2025-08-15 02:06:05,547 - INFO - Fold 1, Epoch 40: Val Acc: 0.59%
2025-08-15 02:06:10,040 - INFO - Fold 1, Epoch 50: Val Acc: 0.50%
2025-08-15 02:06:12,276 - INFO - Fold 1, Epoch 60: Val Acc: 0.50%
2025-08-15 02:06:14,406 - INFO - Fold 1, Epoch 70: Val Acc: 0.53%
2025-08-15 02:06:16,480 - INFO - Fold 1, Epoch 80: Val Acc: 0.44%
2025-08-15 02:06:20,782 - INFO - Fold 1, Epoch 90: Val Acc: 0.50%
2025-08-15 02:06:22,868 - INFO - Fold 1, Epoch 100: Val Acc: 0.53%
2025-08-15 02:06:24,875 - INFO - Fold 1, Epoch 110: Val Acc: 0.47%
2025-08-15 02:06:26,773 - INFO - Fold 1, Epoch 120: Val Acc: 0.56%
2025-08-15 02:06:29,120 - INFO - Fold 1, Epoch 130: Val Acc: 0.53%
2025-08-15 02:06:31,343 - INFO - Fold 1, Epoch 140: Val Acc: 0.56%
2025-08-15 02:06:33,297 - INFO - Fold 1, Epoch 150: Val Acc: 0.53%
2025-08-15 02:06:35,264 - INFO - Fold 1, Epoch 160: Val Acc: 0.53%
2025-08-15 02:06:37,122 - INFO - Fold 1, Epoch 170: Val Acc: 0.50%
2025-08-15 02:06:38,895 - INFO - Fold 1, Epoch 180: Val Acc: 0.56%
2025-08-15 02:06:39,242 - INFO - Early stopping at epoch 182
2025-08-15 02:06:42,958 - INFO - --- Starting Fold 2/3 ---
2025-08-15 02:06:42,960 - INFO - Generated pairs. Train: 1128 (Positive: 48). Val: 276 (Positive: 24)
2025-08-15 02:06:42,961 - INFO - Starting training for fold 2/3
2025-08-15 02:06:49,711 - INFO - Fold 2, Epoch 10: Val Acc: 0.50%
2025-08-15 02:06:51,821 - INFO - Fold 2, Epoch 20: Val Acc: 0.50%
2025-08-15 02:06:55,260 - INFO - Fold 2, Epoch 30: Val Acc: 0.50%
2025-08-15 02:06:57,151 - INFO - Fold 2, Epoch 40: Val Acc: 0.53%
2025-08-15 02:06:59,394 - INFO - Fold 2, Epoch 50: Val Acc: 0.34%
2025-08-15 02:07:02,958 - INFO - Fold 2, Epoch 60: Val Acc: 0.50%
2025-08-15 02:07:05,200 - INFO - Fold 2, Epoch 70: Val Acc: 0.56%
2025-08-15 02:07:07,430 - INFO - Fold 2, Epoch 80: Val Acc: 0.47%
2025-08-15 02:07:09,654 - INFO - Fold 2, Epoch 90: Val Acc: 0.56%
2025-08-15 02:07:11,891 - INFO - Fold 2, Epoch 100: Val Acc: 0.50%
2025-08-15 02:07:14,129 - INFO - Fold 2, Epoch 110: Val Acc: 0.62%
2025-08-15 02:07:16,365 - INFO - Fold 2, Epoch 120: Val Acc: 0.50%
2025-08-15 02:07:18,618 - INFO - Fold 2, Epoch 130: Val Acc: 0.38%
2025-08-15 02:07:20,872 - INFO - Fold 2, Epoch 140: Val Acc: 0.44%
2025-08-15 02:07:22,834 - INFO - Fold 2, Epoch 150: Val Acc: 0.53%
2025-08-15 02:07:24,634 - INFO - Early stopping at epoch 158
2025-08-15 02:07:27,668 - INFO - --- Starting Fold 3/3 ---
2025-08-15 02:07:27,670 - INFO - Generated pairs. Train: 1128 (Positive: 48). Val: 276 (Positive: 24)
2025-08-15 02:07:27,670 - INFO - Starting training for fold 3/3
2025-08-15 02:07:33,016 - INFO - Fold 3, Epoch 10: Val Acc: 0.47%
2025-08-15 02:07:36,694 - INFO - Fold 3, Epoch 20: Val Acc: 0.47%
2025-08-15 02:07:38,671 - INFO - Fold 3, Epoch 30: Val Acc: 0.50%
2025-08-15 02:07:40,800 - INFO - Fold 3, Epoch 40: Val Acc: 0.50%
2025-08-15 02:07:43,041 - INFO - Fold 3, Epoch 50: Val Acc: 0.62%
2025-08-15 02:07:44,883 - INFO - Fold 3, Epoch 60: Val Acc: 0.38%
2025-08-15 02:07:46,615 - INFO - Fold 3, Epoch 70: Val Acc: 0.53%
2025-08-15 02:07:48,347 - INFO - Fold 3, Epoch 80: Val Acc: 0.53%
2025-08-15 02:07:50,079 - INFO - Fold 3, Epoch 90: Val Acc: 0.38%
2025-08-15 02:07:51,812 - INFO - Fold 3, Epoch 100: Val Acc: 0.50%
2025-08-15 02:07:53,760 - INFO - Fold 3, Epoch 110: Val Acc: 0.62%
2025-08-15 02:07:53,934 - INFO - Early stopping at epoch 111
2025-08-15 02:07:55,096 - INFO - Cross-validation statistics for transformer: {'train_loss': {'mean': np.float64(4.14982197019789), 'std': np.float64(0.009576103477719344)}, 'train_accuracy': {'mean': np.float64(0.5590277777777778), 'std': np.float64(0.021404215288086736)}, 'val_loss': {'mean': np.float64(4.176311333974202), 'std': np.float64(0.011458803365812066)}, 'val_accuracy': {'mean': np.float64(0.6666666666666666), 'std': np.float64(0.03897559777889522)}, 'epoch': {'mean': np.float64(49.333333333333336), 'std': np.float64(29.48822740612863)}}
[I 2025-08-15 02:07:55,103] Trial 147 finished with value: -0.6666666666666666 and parameters: {'learning_rate': 0.00037426387643237297, 'batch_size': 32, 'num_epochs': 829, 'temperature': 0.3494082944768187, 'embedding_dim': 256, 'hidden_dim': 256, 'dropout': 0.2427467035947775, 'num_layers': 5, 'num_heads': 2, 'noise_enabled': True, 'shift_enabled': True, 'scale_enabled': False, 'crop_enabled': True, 'flip_enabled': False, 'permutation_enabled': False, 'noise_level': 0.09780376765837498, 'crop_size': 0.5074808848224834}. Best is trial 92 with value: -0.9479166666666666.
Actual device being used: cuda
Attempting to load data from: /vol/ecrg-solar/woodj4/fishy-business/data/REIMS.xlsx
Trial 147 finished with value: -0.6666666666666666 and parameters: {'learning_rate': 0.00037426387643237297, 'batch_size': 32, 'num_epochs': 829, 'temperature': 0.3494082944768187, 'embedding_dim': 256, 'hidden_dim': 256, 'dropout': 0.2427467035947775, 'num_layers': 5, 'num_heads': 2, 'noise_enabled': True, 'shift_enabled': True, 'scale_enabled': False, 'crop_enabled': True, 'flip_enabled': False, 'permutation_enabled': False, 'noise_level': 0.09780376765837498, 'crop_size': 0.5074808848224834}. Best is trial 92 with value: -0.9479166666666666.
2025-08-15 02:07:55,145 - INFO - Using device: cuda
2025-08-15 02:08:04,985 - INFO - --- Starting Fold 1/3 ---
2025-08-15 02:08:04,986 - INFO - Generated pairs. Train: 1128 (Positive: 48). Val: 276 (Positive: 24)
2025-08-15 02:08:04,987 - INFO - Starting training for fold 1/3
2025-08-15 02:08:17,076 - INFO - Fold 1, Epoch 10: Val Acc: 0.50%
2025-08-15 02:08:21,521 - INFO - Fold 1, Epoch 20: Val Acc: 0.84%
2025-08-15 02:08:23,829 - INFO - Fold 1, Epoch 30: Val Acc: 0.62%
2025-08-15 02:08:26,077 - INFO - Fold 1, Epoch 40: Val Acc: 0.81%
2025-08-15 02:08:30,570 - INFO - Fold 1, Epoch 50: Val Acc: 0.81%
2025-08-15 02:08:32,799 - INFO - Fold 1, Epoch 60: Val Acc: 0.78%
2025-08-15 02:08:35,035 - INFO - Fold 1, Epoch 70: Val Acc: 0.69%
2025-08-15 02:08:39,333 - INFO - Fold 1, Epoch 80: Val Acc: 0.91%
2025-08-15 02:08:41,659 - INFO - Fold 1, Epoch 90: Val Acc: 0.78%
2025-08-15 02:08:43,900 - INFO - Fold 1, Epoch 100: Val Acc: 0.88%
2025-08-15 02:08:46,137 - INFO - Fold 1, Epoch 110: Val Acc: 0.62%
2025-08-15 02:08:48,300 - INFO - Fold 1, Epoch 120: Val Acc: 0.75%
2025-08-15 02:08:50,520 - INFO - Fold 1, Epoch 130: Val Acc: 0.69%
2025-08-15 02:08:52,459 - INFO - Fold 1, Epoch 140: Val Acc: 0.62%
2025-08-15 02:08:54,177 - INFO - Fold 1, Epoch 150: Val Acc: 0.69%
2025-08-15 02:08:56,090 - INFO - Fold 1, Epoch 160: Val Acc: 0.59%
2025-08-15 02:08:58,415 - INFO - Fold 1, Epoch 170: Val Acc: 0.84%
2025-08-15 02:09:00,729 - INFO - Early stopping at epoch 180
2025-08-15 02:09:04,413 - INFO - --- Starting Fold 2/3 ---
2025-08-15 02:09:04,417 - INFO - Generated pairs. Train: 1128 (Positive: 48). Val: 276 (Positive: 24)
2025-08-15 02:09:04,417 - INFO - Starting training for fold 2/3
2025-08-15 02:09:11,603 - INFO - Fold 2, Epoch 10: Val Acc: 0.56%
2025-08-15 02:09:13,715 - INFO - Fold 2, Epoch 20: Val Acc: 0.56%
2025-08-15 02:09:16,011 - INFO - Fold 2, Epoch 30: Val Acc: 0.72%
2025-08-15 02:09:19,439 - INFO - Fold 2, Epoch 40: Val Acc: 0.66%
2025-08-15 02:09:23,126 - INFO - Fold 2, Epoch 50: Val Acc: 0.78%
2025-08-15 02:09:25,256 - INFO - Fold 2, Epoch 60: Val Acc: 0.78%
2025-08-15 02:09:28,802 - INFO - Fold 2, Epoch 70: Val Acc: 0.88%
2025-08-15 02:09:31,129 - INFO - Fold 2, Epoch 80: Val Acc: 0.75%
2025-08-15 02:09:33,451 - INFO - Fold 2, Epoch 90: Val Acc: 0.69%
2025-08-15 02:09:35,764 - INFO - Fold 2, Epoch 100: Val Acc: 0.72%
2025-08-15 02:09:38,084 - INFO - Fold 2, Epoch 110: Val Acc: 0.75%
2025-08-15 02:09:40,394 - INFO - Fold 2, Epoch 120: Val Acc: 0.72%
2025-08-15 02:09:42,697 - INFO - Fold 2, Epoch 130: Val Acc: 0.69%
2025-08-15 02:09:44,940 - INFO - Fold 2, Epoch 140: Val Acc: 0.72%
2025-08-15 02:09:46,634 - INFO - Fold 2, Epoch 150: Val Acc: 0.69%
2025-08-15 02:09:49,976 - INFO - Fold 2, Epoch 160: Val Acc: 0.75%
2025-08-15 02:09:51,975 - INFO - Fold 2, Epoch 170: Val Acc: 0.66%
2025-08-15 02:09:53,717 - INFO - Fold 2, Epoch 180: Val Acc: 0.78%
2025-08-15 02:09:55,929 - INFO - Fold 2, Epoch 190: Val Acc: 0.75%
2025-08-15 02:09:58,191 - INFO - Fold 2, Epoch 200: Val Acc: 0.66%
2025-08-15 02:10:00,470 - INFO - Fold 2, Epoch 210: Val Acc: 0.69%
2025-08-15 02:10:02,768 - INFO - Fold 2, Epoch 220: Val Acc: 0.75%
2025-08-15 02:10:05,068 - INFO - Fold 2, Epoch 230: Val Acc: 0.62%
2025-08-15 02:10:07,342 - INFO - Fold 2, Epoch 240: Val Acc: 0.81%
2025-08-15 02:10:09,543 - INFO - Fold 2, Epoch 250: Val Acc: 0.81%
2025-08-15 02:10:10,744 - INFO - Early stopping at epoch 257
2025-08-15 02:10:13,608 - INFO - --- Starting Fold 3/3 ---
2025-08-15 02:10:13,611 - INFO - Generated pairs. Train: 1128 (Positive: 48). Val: 276 (Positive: 24)
2025-08-15 02:10:13,611 - INFO - Starting training for fold 3/3
2025-08-15 02:10:20,426 - INFO - Fold 3, Epoch 10: Val Acc: 0.59%
2025-08-15 02:10:25,549 - INFO - Fold 3, Epoch 20: Val Acc: 0.53%
2025-08-15 02:10:27,649 - INFO - Fold 3, Epoch 30: Val Acc: 0.66%
2025-08-15 02:10:33,900 - INFO - Fold 3, Epoch 40: Val Acc: 0.66%
2025-08-15 02:10:35,614 - INFO - Fold 3, Epoch 50: Val Acc: 0.78%
2025-08-15 02:10:40,751 - INFO - Fold 3, Epoch 60: Val Acc: 0.69%
2025-08-15 02:10:43,041 - INFO - Fold 3, Epoch 70: Val Acc: 0.62%
2025-08-15 02:10:46,654 - INFO - Fold 3, Epoch 80: Val Acc: 0.88%
2025-08-15 02:10:48,905 - INFO - Fold 3, Epoch 90: Val Acc: 0.81%
2025-08-15 02:10:51,124 - INFO - Fold 3, Epoch 100: Val Acc: 0.75%
2025-08-15 02:10:53,352 - INFO - Fold 3, Epoch 110: Val Acc: 0.72%
2025-08-15 02:10:55,624 - INFO - Fold 3, Epoch 120: Val Acc: 0.75%
2025-08-15 02:10:57,876 - INFO - Fold 3, Epoch 130: Val Acc: 0.78%
2025-08-15 02:11:00,095 - INFO - Fold 3, Epoch 140: Val Acc: 0.75%
2025-08-15 02:11:02,312 - INFO - Fold 3, Epoch 150: Val Acc: 0.78%
2025-08-15 02:11:04,372 - INFO - Fold 3, Epoch 160: Val Acc: 0.69%
2025-08-15 02:11:06,399 - INFO - Fold 3, Epoch 170: Val Acc: 0.66%
2025-08-15 02:11:06,620 - INFO - Early stopping at epoch 171
2025-08-15 02:11:07,723 - INFO - Cross-validation statistics for transformer: {'train_loss': {'mean': np.float64(3.8992293410831027), 'std': np.float64(0.03308031359172313)}, 'train_accuracy': {'mean': np.float64(0.7673611111111112), 'std': np.float64(0.05663023066076419)}, 'val_loss': {'mean': np.float64(4.189688046773274), 'std': np.float64(0.05952912548085982)}, 'val_accuracy': {'mean': np.float64(0.9270833333333334), 'std': np.float64(0.02946278254943948)}, 'epoch': {'mean': np.float64(101.66666666666667), 'std': np.float64(38.59476072675611)}}
[I 2025-08-15 02:11:07,730] Trial 148 finished with value: -0.9270833333333334 and parameters: {'learning_rate': 0.00043333464083632753, 'batch_size': 32, 'num_epochs': 344, 'temperature': 0.2975106936711718, 'embedding_dim': 256, 'hidden_dim': 256, 'dropout': 0.17722426092530252, 'num_layers': 5, 'num_heads': 2, 'noise_enabled': True, 'shift_enabled': False, 'scale_enabled': True, 'crop_enabled': True, 'flip_enabled': False, 'permutation_enabled': False, 'noise_level': 0.08669204091580222, 'crop_size': 0.5210515420354109}. Best is trial 92 with value: -0.9479166666666666.
Actual device being used: cuda
Attempting to load data from: /vol/ecrg-solar/woodj4/fishy-business/data/REIMS.xlsx
Trial 148 finished with value: -0.9270833333333334 and parameters: {'learning_rate': 0.00043333464083632753, 'batch_size': 32, 'num_epochs': 344, 'temperature': 0.2975106936711718, 'embedding_dim': 256, 'hidden_dim': 256, 'dropout': 0.17722426092530252, 'num_layers': 5, 'num_heads': 2, 'noise_enabled': True, 'shift_enabled': False, 'scale_enabled': True, 'crop_enabled': True, 'flip_enabled': False, 'permutation_enabled': False, 'noise_level': 0.08669204091580222, 'crop_size': 0.5210515420354109}. Best is trial 92 with value: -0.9479166666666666.
2025-08-15 02:11:07,771 - INFO - Using device: cuda
2025-08-15 02:11:17,325 - INFO - --- Starting Fold 1/3 ---
2025-08-15 02:11:17,327 - INFO - Generated pairs. Train: 1128 (Positive: 48). Val: 276 (Positive: 24)
2025-08-15 02:11:17,327 - INFO - Starting training for fold 1/3
2025-08-15 02:11:27,669 - INFO - Fold 1, Epoch 10: Val Acc: 0.50%
2025-08-15 02:11:29,383 - INFO - Fold 1, Epoch 20: Val Acc: 0.66%
2025-08-15 02:11:31,145 - INFO - Fold 1, Epoch 30: Val Acc: 0.56%
2025-08-15 02:11:35,338 - INFO - Fold 1, Epoch 40: Val Acc: 0.69%
2025-08-15 02:11:37,270 - INFO - Fold 1, Epoch 50: Val Acc: 0.59%
2025-08-15 02:11:39,200 - INFO - Fold 1, Epoch 60: Val Acc: 0.78%
2025-08-15 02:11:43,228 - INFO - Fold 1, Epoch 70: Val Acc: 0.75%
2025-08-15 02:11:45,566 - INFO - Fold 1, Epoch 80: Val Acc: 0.72%
2025-08-15 02:11:47,740 - INFO - Fold 1, Epoch 90: Val Acc: 0.81%
2025-08-15 02:11:49,464 - INFO - Fold 1, Epoch 100: Val Acc: 0.66%
2025-08-15 02:11:51,185 - INFO - Fold 1, Epoch 110: Val Acc: 0.75%
2025-08-15 02:11:53,418 - INFO - Fold 1, Epoch 120: Val Acc: 0.75%
2025-08-15 02:11:55,661 - INFO - Fold 1, Epoch 130: Val Acc: 0.81%
2025-08-15 02:12:00,039 - INFO - Fold 1, Epoch 140: Val Acc: 0.91%
2025-08-15 02:12:02,380 - INFO - Fold 1, Epoch 150: Val Acc: 0.53%
2025-08-15 02:12:04,547 - INFO - Fold 1, Epoch 160: Val Acc: 0.75%
2025-08-15 02:12:06,777 - INFO - Fold 1, Epoch 170: Val Acc: 0.78%
2025-08-15 02:12:09,009 - INFO - Fold 1, Epoch 180: Val Acc: 0.72%
2025-08-15 02:12:11,017 - INFO - Fold 1, Epoch 190: Val Acc: 0.66%
2025-08-15 02:12:12,839 - INFO - Fold 1, Epoch 200: Val Acc: 0.78%
2025-08-15 02:12:14,836 - INFO - Fold 1, Epoch 210: Val Acc: 0.84%
2025-08-15 02:12:17,081 - INFO - Fold 1, Epoch 220: Val Acc: 0.66%
2025-08-15 02:12:19,318 - INFO - Fold 1, Epoch 230: Val Acc: 0.59%
2025-08-15 02:12:21,560 - INFO - Early stopping at epoch 240
2025-08-15 02:12:25,071 - INFO - --- Starting Fold 2/3 ---
2025-08-15 02:12:25,074 - INFO - Generated pairs. Train: 1128 (Positive: 48). Val: 276 (Positive: 24)
2025-08-15 02:12:25,074 - INFO - Starting training for fold 2/3
2025-08-15 02:12:30,584 - INFO - Fold 2, Epoch 10: Val Acc: 0.56%
2025-08-15 02:12:35,706 - INFO - Fold 2, Epoch 20: Val Acc: 0.72%
2025-08-15 02:12:37,702 - INFO - Fold 2, Epoch 30: Val Acc: 0.69%
2025-08-15 02:12:41,200 - INFO - Fold 2, Epoch 40: Val Acc: 0.69%
2025-08-15 02:12:44,400 - INFO - Fold 2, Epoch 50: Val Acc: 0.59%
2025-08-15 02:12:46,366 - INFO - Fold 2, Epoch 60: Val Acc: 0.72%
2025-08-15 02:12:48,359 - INFO - Fold 2, Epoch 70: Val Acc: 0.69%
2025-08-15 02:12:50,369 - INFO - Fold 2, Epoch 80: Val Acc: 0.75%
2025-08-15 02:12:52,375 - INFO - Fold 2, Epoch 90: Val Acc: 0.69%
2025-08-15 02:12:54,356 - INFO - Fold 2, Epoch 100: Val Acc: 0.66%
2025-08-15 02:12:57,678 - INFO - Fold 2, Epoch 110: Val Acc: 0.72%
2025-08-15 02:12:59,663 - INFO - Fold 2, Epoch 120: Val Acc: 0.69%
2025-08-15 02:13:01,647 - INFO - Fold 2, Epoch 130: Val Acc: 0.72%
2025-08-15 02:13:03,855 - INFO - Fold 2, Epoch 140: Val Acc: 0.66%
2025-08-15 02:13:05,990 - INFO - Fold 2, Epoch 150: Val Acc: 0.69%
2025-08-15 02:13:08,238 - INFO - Fold 2, Epoch 160: Val Acc: 0.72%
2025-08-15 02:13:10,423 - INFO - Fold 2, Epoch 170: Val Acc: 0.84%
2025-08-15 02:13:12,677 - INFO - Fold 2, Epoch 180: Val Acc: 0.81%
2025-08-15 02:13:14,950 - INFO - Fold 2, Epoch 190: Val Acc: 0.75%
2025-08-15 02:13:17,116 - INFO - Fold 2, Epoch 200: Val Acc: 0.78%
2025-08-15 02:13:18,238 - INFO - Early stopping at epoch 205
2025-08-15 02:13:19,303 - INFO - --- Starting Fold 3/3 ---
2025-08-15 02:13:19,305 - INFO - Generated pairs. Train: 1128 (Positive: 48). Val: 276 (Positive: 24)
2025-08-15 02:13:19,306 - INFO - Starting training for fold 3/3
2025-08-15 02:13:24,590 - INFO - Fold 3, Epoch 10: Val Acc: 0.53%
2025-08-15 02:13:28,250 - INFO - Fold 3, Epoch 20: Val Acc: 0.62%
2025-08-15 02:13:31,740 - INFO - Fold 3, Epoch 30: Val Acc: 0.59%
2025-08-15 02:13:33,583 - INFO - Fold 3, Epoch 40: Val Acc: 0.59%
2025-08-15 02:13:37,508 - INFO - Fold 3, Epoch 50: Val Acc: 0.69%
2025-08-15 02:13:39,752 - INFO - Fold 3, Epoch 60: Val Acc: 0.66%
2025-08-15 02:13:41,741 - INFO - Fold 3, Epoch 70: Val Acc: 0.69%
2025-08-15 02:13:43,846 - INFO - Fold 3, Epoch 80: Val Acc: 0.75%
2025-08-15 02:13:46,037 - INFO - Fold 3, Epoch 90: Val Acc: 0.69%
2025-08-15 02:13:49,628 - INFO - Fold 3, Epoch 100: Val Acc: 0.66%
2025-08-15 02:13:51,969 - INFO - Fold 3, Epoch 110: Val Acc: 0.75%
2025-08-15 02:13:54,297 - INFO - Fold 3, Epoch 120: Val Acc: 0.81%
2025-08-15 02:13:56,524 - INFO - Fold 3, Epoch 130: Val Acc: 0.69%
2025-08-15 02:13:58,758 - INFO - Fold 3, Epoch 140: Val Acc: 0.72%
2025-08-15 02:14:00,997 - INFO - Fold 3, Epoch 150: Val Acc: 0.72%
2025-08-15 02:14:03,233 - INFO - Fold 3, Epoch 160: Val Acc: 0.75%
2025-08-15 02:14:05,462 - INFO - Fold 3, Epoch 170: Val Acc: 0.72%
2025-08-15 02:14:07,648 - INFO - Fold 3, Epoch 180: Val Acc: 0.81%
2025-08-15 02:14:09,885 - INFO - Fold 3, Epoch 190: Val Acc: 0.78%
2025-08-15 02:14:10,107 - INFO - Early stopping at epoch 191
2025-08-15 02:14:11,278 - INFO - Cross-validation statistics for transformer: {'train_loss': {'mean': np.float64(3.943623966640896), 'std': np.float64(0.048391486169050243)}, 'train_accuracy': {'mean': np.float64(0.798611111111111), 'std': np.float64(0.04983576421669213)}, 'val_loss': {'mean': np.float64(4.1870072682698565), 'std': np.float64(0.04374866377266091)}, 'val_accuracy': {'mean': np.float64(0.8958333333333334), 'std': np.float64(0.01473139127471974)}, 'epoch': {'mean': np.float64(111.0), 'std': np.float64(20.607442021431645)}}
[I 2025-08-15 02:14:11,285] Trial 149 finished with value: -0.8958333333333334 and parameters: {'learning_rate': 0.0004051132337326043, 'batch_size': 32, 'num_epochs': 332, 'temperature': 0.28747874585952815, 'embedding_dim': 256, 'hidden_dim': 256, 'dropout': 0.18375468216271656, 'num_layers': 5, 'num_heads': 2, 'noise_enabled': True, 'shift_enabled': False, 'scale_enabled': True, 'crop_enabled': True, 'flip_enabled': False, 'permutation_enabled': False, 'noise_level': 0.08851820300905242, 'crop_size': 0.5233980928701124}. Best is trial 92 with value: -0.9479166666666666.
Actual device being used: cuda
Attempting to load data from: /vol/ecrg-solar/woodj4/fishy-business/data/REIMS.xlsx
