Trial 42 finished with value: -0.9166666666666666 and parameters: {'learning_rate': 0.0005192713725677051, 'batch_size': 32, 'num_epochs': 917, 'temperature': 0.4244034461680719, 'embedding_dim': 128, 'hidden_dim': 256, 'dropout': 0.47069132583378237, 'num_layers': 5, 'num_heads': 8, 'noise_enabled': True, 'shift_enabled': False, 'scale_enabled': True, 'crop_enabled': True, 'flip_enabled': False, 'permutation_enabled': False, 'noise_level': 0.1835741046016601, 'crop_size': 0.5434292518082771}. Best is trial 9 with value: -0.9270833333333334.
2025-08-14 21:17:30,086 - INFO - Using device: cuda
2025-08-14 21:17:39,603 - INFO - --- Starting Fold 1/3 ---
2025-08-14 21:17:39,605 - INFO - Generated pairs. Train: 1128 (Positive: 48). Val: 276 (Positive: 24)
2025-08-14 21:17:39,605 - INFO - Starting training for fold 1/3
2025-08-14 21:17:47,398 - INFO - Fold 1, Epoch 10: Val Acc: 0.47%
2025-08-14 21:17:51,313 - INFO - Fold 1, Epoch 20: Val Acc: 0.69%
2025-08-14 21:17:54,734 - INFO - Fold 1, Epoch 30: Val Acc: 0.75%
2025-08-14 21:17:58,615 - INFO - Fold 1, Epoch 40: Val Acc: 0.69%
2025-08-14 21:18:02,251 - INFO - Fold 1, Epoch 50: Val Acc: 0.91%
2025-08-14 21:18:04,167 - INFO - Fold 1, Epoch 60: Val Acc: 0.69%
2025-08-14 21:18:05,927 - INFO - Fold 1, Epoch 70: Val Acc: 0.69%
2025-08-14 21:18:07,780 - INFO - Fold 1, Epoch 80: Val Acc: 0.75%
2025-08-14 21:18:09,634 - INFO - Fold 1, Epoch 90: Val Acc: 0.72%
2025-08-14 21:18:11,430 - INFO - Fold 1, Epoch 100: Val Acc: 0.53%
2025-08-14 21:18:13,352 - INFO - Fold 1, Epoch 110: Val Acc: 0.66%
2025-08-14 21:18:15,231 - INFO - Fold 1, Epoch 120: Val Acc: 0.75%
2025-08-14 21:18:17,059 - INFO - Fold 1, Epoch 130: Val Acc: 0.69%
2025-08-14 21:18:19,051 - INFO - Fold 1, Epoch 140: Val Acc: 0.75%
2025-08-14 21:18:20,742 - INFO - Early stopping at epoch 150
2025-08-14 21:18:23,762 - INFO - --- Starting Fold 2/3 ---
2025-08-14 21:18:23,764 - INFO - Generated pairs. Train: 1128 (Positive: 48). Val: 276 (Positive: 24)
2025-08-14 21:18:23,765 - INFO - Starting training for fold 2/3
2025-08-14 21:18:31,095 - INFO - Fold 2, Epoch 10: Val Acc: 0.47%
2025-08-14 21:18:32,930 - INFO - Fold 2, Epoch 20: Val Acc: 0.66%
2025-08-14 21:18:37,078 - INFO - Fold 2, Epoch 30: Val Acc: 0.81%
2025-08-14 21:18:38,829 - INFO - Fold 2, Epoch 40: Val Acc: 0.84%
2025-08-14 21:18:40,526 - INFO - Fold 2, Epoch 50: Val Acc: 0.78%
2025-08-14 21:18:43,240 - INFO - Fold 2, Epoch 60: Val Acc: 0.66%
2025-08-14 21:18:45,079 - INFO - Fold 2, Epoch 70: Val Acc: 0.75%
2025-08-14 21:18:47,078 - INFO - Fold 2, Epoch 80: Val Acc: 0.84%
2025-08-14 21:18:50,296 - INFO - Fold 2, Epoch 90: Val Acc: 0.84%
2025-08-14 21:18:52,308 - INFO - Fold 2, Epoch 100: Val Acc: 0.78%
2025-08-14 21:18:54,316 - INFO - Fold 2, Epoch 110: Val Acc: 0.75%
2025-08-14 21:18:56,315 - INFO - Fold 2, Epoch 120: Val Acc: 0.72%
2025-08-14 21:18:58,310 - INFO - Fold 2, Epoch 130: Val Acc: 0.91%
2025-08-14 21:19:00,313 - INFO - Fold 2, Epoch 140: Val Acc: 0.72%
2025-08-14 21:19:02,313 - INFO - Fold 2, Epoch 150: Val Acc: 0.81%
2025-08-14 21:19:04,317 - INFO - Fold 2, Epoch 160: Val Acc: 0.81%
2025-08-14 21:19:06,327 - INFO - Fold 2, Epoch 170: Val Acc: 0.81%
2025-08-14 21:19:08,321 - INFO - Fold 2, Epoch 180: Val Acc: 0.81%
2025-08-14 21:19:08,525 - INFO - Early stopping at epoch 181
2025-08-14 21:19:11,300 - INFO - --- Starting Fold 3/3 ---
2025-08-14 21:19:11,303 - INFO - Generated pairs. Train: 1128 (Positive: 48). Val: 276 (Positive: 24)
2025-08-14 21:19:11,304 - INFO - Starting training for fold 3/3
2025-08-14 21:19:15,880 - INFO - Fold 3, Epoch 10: Val Acc: 0.66%
2025-08-14 21:19:18,990 - INFO - Fold 3, Epoch 20: Val Acc: 0.69%
2025-08-14 21:19:22,226 - INFO - Fold 3, Epoch 30: Val Acc: 0.69%
2025-08-14 21:19:26,763 - INFO - Fold 3, Epoch 40: Val Acc: 0.78%
2025-08-14 21:19:29,974 - INFO - Fold 3, Epoch 50: Val Acc: 0.69%
2025-08-14 21:19:31,970 - INFO - Fold 3, Epoch 60: Val Acc: 0.81%
2025-08-14 21:19:35,186 - INFO - Fold 3, Epoch 70: Val Acc: 0.81%
2025-08-14 21:19:37,182 - INFO - Fold 3, Epoch 80: Val Acc: 0.72%
2025-08-14 21:19:39,184 - INFO - Fold 3, Epoch 90: Val Acc: 0.75%
2025-08-14 21:19:41,192 - INFO - Fold 3, Epoch 100: Val Acc: 0.69%
2025-08-14 21:19:43,201 - INFO - Fold 3, Epoch 110: Val Acc: 0.66%
2025-08-14 21:19:45,209 - INFO - Fold 3, Epoch 120: Val Acc: 0.75%
2025-08-14 21:19:47,208 - INFO - Fold 3, Epoch 130: Val Acc: 0.75%
2025-08-14 21:19:49,197 - INFO - Fold 3, Epoch 140: Val Acc: 0.75%
2025-08-14 21:19:51,205 - INFO - Fold 3, Epoch 150: Val Acc: 0.62%
2025-08-14 21:19:55,078 - INFO - Fold 3, Epoch 160: Val Acc: 0.69%
2025-08-14 21:19:57,088 - INFO - Fold 3, Epoch 170: Val Acc: 0.88%
2025-08-14 21:19:59,095 - INFO - Fold 3, Epoch 180: Val Acc: 0.84%
2025-08-14 21:20:01,091 - INFO - Fold 3, Epoch 190: Val Acc: 0.75%
2025-08-14 21:20:03,080 - INFO - Fold 3, Epoch 200: Val Acc: 0.72%
2025-08-14 21:20:05,089 - INFO - Fold 3, Epoch 210: Val Acc: 0.56%
2025-08-14 21:20:07,095 - INFO - Fold 3, Epoch 220: Val Acc: 0.66%
2025-08-14 21:20:08,962 - INFO - Fold 3, Epoch 230: Val Acc: 0.78%
2025-08-14 21:20:10,778 - INFO - Fold 3, Epoch 240: Val Acc: 0.59%
2025-08-14 21:20:12,567 - INFO - Fold 3, Epoch 250: Val Acc: 0.66%
2025-08-14 21:20:13,135 - INFO - Early stopping at epoch 253
2025-08-14 21:20:14,023 - INFO - Cross-validation statistics for transformer: {'train_loss': {'mean': np.float64(3.9100026554531517), 'std': np.float64(0.06944080088803402)}, 'train_accuracy': {'mean': np.float64(0.7881944444444445), 'std': np.float64(0.021404215288086746)}, 'val_loss': {'mean': np.float64(4.191848436991374), 'std': np.float64(0.008553074334658808)}, 'val_accuracy': {'mean': np.float64(0.9270833333333334), 'std': np.float64(0.01473139127471974)}, 'epoch': {'mean': np.float64(93.66666666666667), 'std': np.float64(43.14574782705192)}}
[I 2025-08-14 21:20:14,030] Trial 43 finished with value: -0.9270833333333334 and parameters: {'learning_rate': 0.0007795985470354467, 'batch_size': 32, 'num_epochs': 765, 'temperature': 0.4797017641365143, 'embedding_dim': 128, 'hidden_dim': 256, 'dropout': 0.44630206835843894, 'num_layers': 4, 'num_heads': 8, 'noise_enabled': True, 'shift_enabled': False, 'scale_enabled': True, 'crop_enabled': True, 'flip_enabled': False, 'permutation_enabled': False, 'noise_level': 0.17142492413689533, 'crop_size': 0.5372269564364432}. Best is trial 9 with value: -0.9270833333333334.
Actual device being used: cuda
Attempting to load data from: /vol/ecrg-solar/woodj4/fishy-business/data/REIMS.xlsx
Trial 43 finished with value: -0.9270833333333334 and parameters: {'learning_rate': 0.0007795985470354467, 'batch_size': 32, 'num_epochs': 765, 'temperature': 0.4797017641365143, 'embedding_dim': 128, 'hidden_dim': 256, 'dropout': 0.44630206835843894, 'num_layers': 4, 'num_heads': 8, 'noise_enabled': True, 'shift_enabled': False, 'scale_enabled': True, 'crop_enabled': True, 'flip_enabled': False, 'permutation_enabled': False, 'noise_level': 0.17142492413689533, 'crop_size': 0.5372269564364432}. Best is trial 9 with value: -0.9270833333333334.
2025-08-14 21:20:14,061 - INFO - Using device: cuda
2025-08-14 21:20:23,474 - INFO - --- Starting Fold 1/3 ---
2025-08-14 21:20:23,475 - INFO - Generated pairs. Train: 1128 (Positive: 48). Val: 276 (Positive: 24)
2025-08-14 21:20:23,475 - INFO - Starting training for fold 1/3
2025-08-14 21:20:31,494 - INFO - Fold 1, Epoch 10: Val Acc: 0.47%
2025-08-14 21:20:37,053 - INFO - Fold 1, Epoch 20: Val Acc: 0.75%
2025-08-14 21:20:39,064 - INFO - Fold 1, Epoch 30: Val Acc: 0.75%
2025-08-14 21:20:41,077 - INFO - Fold 1, Epoch 40: Val Acc: 0.69%
2025-08-14 21:20:43,088 - INFO - Fold 1, Epoch 50: Val Acc: 0.66%
2025-08-14 21:20:45,088 - INFO - Fold 1, Epoch 60: Val Acc: 0.78%
2025-08-14 21:20:47,095 - INFO - Fold 1, Epoch 70: Val Acc: 0.78%
2025-08-14 21:20:49,100 - INFO - Fold 1, Epoch 80: Val Acc: 0.69%
2025-08-14 21:20:51,115 - INFO - Fold 1, Epoch 90: Val Acc: 0.72%
2025-08-14 21:20:53,125 - INFO - Fold 1, Epoch 100: Val Acc: 0.81%
2025-08-14 21:20:55,138 - INFO - Fold 1, Epoch 110: Val Acc: 0.78%
2025-08-14 21:20:56,931 - INFO - Early stopping at epoch 119
2025-08-14 21:20:59,995 - INFO - --- Starting Fold 2/3 ---
2025-08-14 21:20:59,997 - INFO - Generated pairs. Train: 1128 (Positive: 48). Val: 276 (Positive: 24)
2025-08-14 21:20:59,998 - INFO - Starting training for fold 2/3
2025-08-14 21:21:04,434 - INFO - Fold 2, Epoch 10: Val Acc: 0.69%
2025-08-14 21:21:09,002 - INFO - Fold 2, Epoch 20: Val Acc: 0.72%
2025-08-14 21:21:12,201 - INFO - Fold 2, Epoch 30: Val Acc: 0.72%
2025-08-14 21:21:14,201 - INFO - Fold 2, Epoch 40: Val Acc: 0.66%
2025-08-14 21:21:17,455 - INFO - Fold 2, Epoch 50: Val Acc: 0.75%
2025-08-14 21:21:19,320 - INFO - Fold 2, Epoch 60: Val Acc: 0.66%
2025-08-14 21:21:21,141 - INFO - Fold 2, Epoch 70: Val Acc: 0.66%
2025-08-14 21:21:22,951 - INFO - Fold 2, Epoch 80: Val Acc: 0.72%
2025-08-14 21:21:24,801 - INFO - Fold 2, Epoch 90: Val Acc: 0.81%
2025-08-14 21:21:26,660 - INFO - Fold 2, Epoch 100: Val Acc: 0.78%
2025-08-14 21:21:28,498 - INFO - Fold 2, Epoch 110: Val Acc: 0.84%
2025-08-14 21:21:30,364 - INFO - Fold 2, Epoch 120: Val Acc: 0.75%
2025-08-14 21:21:31,898 - INFO - Fold 2, Epoch 130: Val Acc: 0.75%
2025-08-14 21:21:33,441 - INFO - Fold 2, Epoch 140: Val Acc: 0.75%
2025-08-14 21:21:34,368 - INFO - Early stopping at epoch 146
2025-08-14 21:21:37,005 - INFO - --- Starting Fold 3/3 ---
2025-08-14 21:21:37,016 - INFO - Generated pairs. Train: 1128 (Positive: 48). Val: 276 (Positive: 24)
2025-08-14 21:21:37,017 - INFO - Starting training for fold 3/3
2025-08-14 21:21:46,916 - INFO - Fold 3, Epoch 10: Val Acc: 0.69%
2025-08-14 21:21:50,225 - INFO - Fold 3, Epoch 20: Val Acc: 0.69%
2025-08-14 21:21:53,494 - INFO - Fold 3, Epoch 30: Val Acc: 0.69%
2025-08-14 21:21:57,673 - INFO - Fold 3, Epoch 40: Val Acc: 0.66%
2025-08-14 21:21:59,684 - INFO - Fold 3, Epoch 50: Val Acc: 0.75%
2025-08-14 21:22:01,699 - INFO - Fold 3, Epoch 60: Val Acc: 0.81%
2025-08-14 21:22:03,707 - INFO - Fold 3, Epoch 70: Val Acc: 0.88%
2025-08-14 21:22:05,721 - INFO - Fold 3, Epoch 80: Val Acc: 0.72%
2025-08-14 21:22:07,797 - INFO - Fold 3, Epoch 90: Val Acc: 0.62%
2025-08-14 21:22:09,872 - INFO - Fold 3, Epoch 100: Val Acc: 0.69%
2025-08-14 21:22:11,954 - INFO - Fold 3, Epoch 110: Val Acc: 0.78%
2025-08-14 21:22:14,032 - INFO - Fold 3, Epoch 120: Val Acc: 0.62%
2025-08-14 21:22:16,096 - INFO - Fold 3, Epoch 130: Val Acc: 0.69%
2025-08-14 21:22:17,344 - INFO - Early stopping at epoch 136
2025-08-14 21:22:19,684 - INFO - Cross-validation statistics for transformer: {'train_loss': {'mean': np.float64(4.0080159240298805), 'std': np.float64(0.04590448603618426)}, 'train_accuracy': {'mean': np.float64(0.71875), 'std': np.float64(0.05577214723683687)}, 'val_loss': {'mean': np.float64(4.181942145029704), 'std': np.float64(0.014756073307036642)}, 'val_accuracy': {'mean': np.float64(0.90625), 'std': np.float64(0.02551551815399144)}, 'epoch': {'mean': np.float64(32.666666666666664), 'std': np.float64(11.145502331533658)}}
[I 2025-08-14 21:22:19,694] Trial 44 finished with value: -0.90625 and parameters: {'learning_rate': 0.0008472483346066593, 'batch_size': 32, 'num_epochs': 867, 'temperature': 0.4451018876959691, 'embedding_dim': 128, 'hidden_dim': 256, 'dropout': 0.44215126906931956, 'num_layers': 4, 'num_heads': 8, 'noise_enabled': True, 'shift_enabled': False, 'scale_enabled': True, 'crop_enabled': True, 'flip_enabled': False, 'permutation_enabled': False, 'noise_level': 0.09412193871549904, 'crop_size': 0.5677833122476417}. Best is trial 9 with value: -0.9270833333333334.
Actual device being used: cuda
Attempting to load data from: /vol/ecrg-solar/woodj4/fishy-business/data/REIMS.xlsx
Trial 44 finished with value: -0.90625 and parameters: {'learning_rate': 0.0008472483346066593, 'batch_size': 32, 'num_epochs': 867, 'temperature': 0.4451018876959691, 'embedding_dim': 128, 'hidden_dim': 256, 'dropout': 0.44215126906931956, 'num_layers': 4, 'num_heads': 8, 'noise_enabled': True, 'shift_enabled': False, 'scale_enabled': True, 'crop_enabled': True, 'flip_enabled': False, 'permutation_enabled': False, 'noise_level': 0.09412193871549904, 'crop_size': 0.5677833122476417}. Best is trial 9 with value: -0.9270833333333334.
2025-08-14 21:22:19,767 - INFO - Using device: cuda
2025-08-14 21:22:29,559 - INFO - --- Starting Fold 1/3 ---
2025-08-14 21:22:29,560 - INFO - Generated pairs. Train: 1128 (Positive: 48). Val: 276 (Positive: 24)
2025-08-14 21:22:29,561 - INFO - Starting training for fold 1/3
2025-08-14 21:22:36,152 - INFO - Fold 1, Epoch 10: Val Acc: 0.62%
2025-08-14 21:22:40,523 - INFO - Fold 1, Epoch 20: Val Acc: 0.56%
2025-08-14 21:22:42,308 - INFO - Fold 1, Epoch 30: Val Acc: 0.66%
2025-08-14 21:22:44,000 - INFO - Fold 1, Epoch 40: Val Acc: 0.59%
2025-08-14 21:22:45,647 - INFO - Fold 1, Epoch 50: Val Acc: 0.56%
2025-08-14 21:22:47,369 - INFO - Fold 1, Epoch 60: Val Acc: 0.56%
2025-08-14 21:22:49,085 - INFO - Fold 1, Epoch 70: Val Acc: 0.50%
2025-08-14 21:22:50,810 - INFO - Fold 1, Epoch 80: Val Acc: 0.56%
2025-08-14 21:22:52,529 - INFO - Fold 1, Epoch 90: Val Acc: 0.62%
2025-08-14 21:22:54,000 - INFO - Fold 1, Epoch 100: Val Acc: 0.59%
2025-08-14 21:22:55,333 - INFO - Fold 1, Epoch 110: Val Acc: 0.41%
2025-08-14 21:22:55,733 - INFO - Early stopping at epoch 113
2025-08-14 21:22:58,072 - INFO - --- Starting Fold 2/3 ---
2025-08-14 21:22:58,074 - INFO - Generated pairs. Train: 1128 (Positive: 48). Val: 276 (Positive: 24)
2025-08-14 21:22:58,075 - INFO - Starting training for fold 2/3
2025-08-14 21:23:06,828 - INFO - Fold 2, Epoch 10: Val Acc: 0.78%
2025-08-14 21:23:08,551 - INFO - Fold 2, Epoch 20: Val Acc: 0.84%
2025-08-14 21:23:09,993 - INFO - Fold 2, Epoch 30: Val Acc: 0.72%
2025-08-14 21:23:11,333 - INFO - Fold 2, Epoch 40: Val Acc: 0.81%
2025-08-14 21:23:13,651 - INFO - Fold 2, Epoch 50: Val Acc: 0.78%
2025-08-14 21:23:15,285 - INFO - Fold 2, Epoch 60: Val Acc: 0.75%
2025-08-14 21:23:16,747 - INFO - Fold 2, Epoch 70: Val Acc: 0.72%
2025-08-14 21:23:18,441 - INFO - Fold 2, Epoch 80: Val Acc: 0.72%
2025-08-14 21:23:20,157 - INFO - Fold 2, Epoch 90: Val Acc: 0.88%
2025-08-14 21:23:21,893 - INFO - Fold 2, Epoch 100: Val Acc: 0.66%
2025-08-14 21:23:23,608 - INFO - Fold 2, Epoch 110: Val Acc: 0.75%
2025-08-14 21:23:25,328 - INFO - Fold 2, Epoch 120: Val Acc: 0.66%
2025-08-14 21:23:27,053 - INFO - Fold 2, Epoch 130: Val Acc: 0.75%
2025-08-14 21:23:28,771 - INFO - Fold 2, Epoch 140: Val Acc: 0.69%
2025-08-14 21:23:29,464 - INFO - Early stopping at epoch 144
2025-08-14 21:23:31,383 - INFO - --- Starting Fold 3/3 ---
2025-08-14 21:23:31,391 - INFO - Generated pairs. Train: 1128 (Positive: 48). Val: 276 (Positive: 24)
2025-08-14 21:23:31,392 - INFO - Starting training for fold 3/3
2025-08-14 21:23:37,235 - INFO - Fold 3, Epoch 10: Val Acc: 0.72%
2025-08-14 21:23:38,946 - INFO - Fold 3, Epoch 20: Val Acc: 0.78%
2025-08-14 21:23:40,669 - INFO - Fold 3, Epoch 30: Val Acc: 0.78%
2025-08-14 21:23:42,378 - INFO - Fold 3, Epoch 40: Val Acc: 0.69%
2025-08-14 21:23:44,079 - INFO - Fold 3, Epoch 50: Val Acc: 0.69%
2025-08-14 21:23:45,711 - INFO - Fold 3, Epoch 60: Val Acc: 0.72%
2025-08-14 21:23:47,365 - INFO - Fold 3, Epoch 70: Val Acc: 0.66%
2025-08-14 21:23:48,899 - INFO - Fold 3, Epoch 80: Val Acc: 0.75%
2025-08-14 21:23:50,586 - INFO - Fold 3, Epoch 90: Val Acc: 0.72%
2025-08-14 21:23:52,229 - INFO - Fold 3, Epoch 100: Val Acc: 0.66%
2025-08-14 21:23:53,431 - INFO - Early stopping at epoch 107
2025-08-14 21:23:55,284 - INFO - Cross-validation statistics for transformer: {'train_loss': {'mean': np.float64(3.8906439940134683), 'std': np.float64(0.09008600583528725)}, 'train_accuracy': {'mean': np.float64(0.795138888888889), 'std': np.float64(0.07081971546656642)}, 'val_loss': {'mean': np.float64(4.1513298352559405), 'std': np.float64(0.09819794895667634)}, 'val_accuracy': {'mean': np.float64(0.8333333333333334), 'std': np.float64(0.0820209153542897)}, 'epoch': {'mean': np.float64(20.333333333333332), 'std': np.float64(16.21384867602041)}}
[I 2025-08-14 21:23:55,293] Trial 45 finished with value: -0.8333333333333334 and parameters: {'learning_rate': 0.0003097450741023774, 'batch_size': 32, 'num_epochs': 956, 'temperature': 0.48337808193679566, 'embedding_dim': 128, 'hidden_dim': 256, 'dropout': 0.16484570747743485, 'num_layers': 3, 'num_heads': 8, 'noise_enabled': True, 'shift_enabled': False, 'scale_enabled': True, 'crop_enabled': False, 'flip_enabled': False, 'permutation_enabled': False, 'noise_level': 0.1670914089702276}. Best is trial 9 with value: -0.9270833333333334.
Actual device being used: cuda
Attempting to load data from: /vol/ecrg-solar/woodj4/fishy-business/data/REIMS.xlsx
Trial 45 finished with value: -0.8333333333333334 and parameters: {'learning_rate': 0.0003097450741023774, 'batch_size': 32, 'num_epochs': 956, 'temperature': 0.48337808193679566, 'embedding_dim': 128, 'hidden_dim': 256, 'dropout': 0.16484570747743485, 'num_layers': 3, 'num_heads': 8, 'noise_enabled': True, 'shift_enabled': False, 'scale_enabled': True, 'crop_enabled': False, 'flip_enabled': False, 'permutation_enabled': False, 'noise_level': 0.1670914089702276}. Best is trial 9 with value: -0.9270833333333334.
2025-08-14 21:23:55,368 - INFO - Using device: cuda
2025-08-14 21:24:04,973 - INFO - --- Starting Fold 1/3 ---
2025-08-14 21:24:04,978 - INFO - Generated pairs. Train: 1128 (Positive: 48). Val: 276 (Positive: 24)
2025-08-14 21:24:04,978 - INFO - Starting training for fold 1/3
2025-08-14 21:24:12,491 - INFO - Fold 1, Epoch 10: Val Acc: 0.47%
2025-08-14 21:24:14,436 - INFO - Fold 1, Epoch 20: Val Acc: 0.59%
2025-08-14 21:24:18,131 - INFO - Fold 1, Epoch 30: Val Acc: 0.66%
2025-08-14 21:24:20,253 - INFO - Fold 1, Epoch 40: Val Acc: 0.50%
2025-08-14 21:24:22,275 - INFO - Fold 1, Epoch 50: Val Acc: 0.50%
2025-08-14 21:24:24,349 - INFO - Fold 1, Epoch 60: Val Acc: 0.50%
2025-08-14 21:24:26,433 - INFO - Fold 1, Epoch 70: Val Acc: 0.41%
2025-08-14 21:24:28,531 - INFO - Fold 1, Epoch 80: Val Acc: 0.56%
2025-08-14 21:24:30,646 - INFO - Fold 1, Epoch 90: Val Acc: 0.53%
2025-08-14 21:24:32,730 - INFO - Fold 1, Epoch 100: Val Acc: 0.56%
2025-08-14 21:24:34,469 - INFO - Fold 1, Epoch 110: Val Acc: 0.47%
2025-08-14 21:24:36,427 - INFO - Fold 1, Epoch 120: Val Acc: 0.62%
2025-08-14 21:24:38,477 - INFO - Early stopping at epoch 130
2025-08-14 21:24:41,454 - INFO - --- Starting Fold 2/3 ---
2025-08-14 21:24:41,456 - INFO - Generated pairs. Train: 1128 (Positive: 48). Val: 276 (Positive: 24)
2025-08-14 21:24:41,457 - INFO - Starting training for fold 2/3
2025-08-14 21:24:46,215 - INFO - Fold 2, Epoch 10: Val Acc: 0.50%
2025-08-14 21:24:48,327 - INFO - Fold 2, Epoch 20: Val Acc: 0.47%
2025-08-14 21:24:52,717 - INFO - Fold 2, Epoch 30: Val Acc: 0.50%
2025-08-14 21:24:55,819 - INFO - Fold 2, Epoch 40: Val Acc: 0.59%
2025-08-14 21:24:57,865 - INFO - Fold 2, Epoch 50: Val Acc: 0.53%
2025-08-14 21:24:59,969 - INFO - Fold 2, Epoch 60: Val Acc: 0.47%
2025-08-14 21:25:02,088 - INFO - Fold 2, Epoch 70: Val Acc: 0.56%
2025-08-14 21:25:04,202 - INFO - Fold 2, Epoch 80: Val Acc: 0.41%
2025-08-14 21:25:07,548 - INFO - Fold 2, Epoch 90: Val Acc: 0.44%
2025-08-14 21:25:09,592 - INFO - Fold 2, Epoch 100: Val Acc: 0.59%
2025-08-14 21:25:11,637 - INFO - Fold 2, Epoch 110: Val Acc: 0.53%
2025-08-14 21:25:13,360 - INFO - Fold 2, Epoch 120: Val Acc: 0.44%
2025-08-14 21:25:15,103 - INFO - Fold 2, Epoch 130: Val Acc: 0.50%
2025-08-14 21:25:17,154 - INFO - Fold 2, Epoch 140: Val Acc: 0.44%
2025-08-14 21:25:19,193 - INFO - Fold 2, Epoch 150: Val Acc: 0.50%
2025-08-14 21:25:21,228 - INFO - Fold 2, Epoch 160: Val Acc: 0.53%
2025-08-14 21:25:23,327 - INFO - Fold 2, Epoch 170: Val Acc: 0.59%
2025-08-14 21:25:25,429 - INFO - Fold 2, Epoch 180: Val Acc: 0.50%
2025-08-14 21:25:26,802 - INFO - Early stopping at epoch 187
2025-08-14 21:25:29,316 - INFO - --- Starting Fold 3/3 ---
2025-08-14 21:25:29,319 - INFO - Generated pairs. Train: 1128 (Positive: 48). Val: 276 (Positive: 24)
2025-08-14 21:25:29,320 - INFO - Starting training for fold 3/3
2025-08-14 21:25:34,000 - INFO - Fold 3, Epoch 10: Val Acc: 0.41%
2025-08-14 21:25:37,297 - INFO - Fold 3, Epoch 20: Val Acc: 0.47%
2025-08-14 21:25:40,569 - INFO - Fold 3, Epoch 30: Val Acc: 0.53%
2025-08-14 21:25:42,659 - INFO - Fold 3, Epoch 40: Val Acc: 0.50%
2025-08-14 21:25:44,757 - INFO - Fold 3, Epoch 50: Val Acc: 0.53%
2025-08-14 21:25:46,825 - INFO - Fold 3, Epoch 60: Val Acc: 0.47%
2025-08-14 21:25:48,762 - INFO - Fold 3, Epoch 70: Val Acc: 0.50%
2025-08-14 21:25:50,570 - INFO - Fold 3, Epoch 80: Val Acc: 0.50%
2025-08-14 21:25:52,607 - INFO - Fold 3, Epoch 90: Val Acc: 0.53%
2025-08-14 21:25:54,638 - INFO - Fold 3, Epoch 100: Val Acc: 0.62%
2025-08-14 21:25:56,679 - INFO - Fold 3, Epoch 110: Val Acc: 0.50%
2025-08-14 21:25:58,716 - INFO - Fold 3, Epoch 120: Val Acc: 0.59%
2025-08-14 21:26:00,264 - INFO - Early stopping at epoch 129
2025-08-14 21:26:02,697 - INFO - Cross-validation statistics for transformer: {'train_loss': {'mean': np.float64(4.246293677224053), 'std': np.float64(0.03468551537302175)}, 'train_accuracy': {'mean': np.float64(0.5520833333333333), 'std': np.float64(0.008505172717997162)}, 'val_loss': {'mean': np.float64(4.3475661277771), 'std': np.float64(0.10656299014455659)}, 'val_accuracy': {'mean': np.float64(0.6979166666666666), 'std': np.float64(0.03897559777889522)}, 'epoch': {'mean': np.float64(47.666666666666664), 'std': np.float64(27.10883414846328)}}
