Trial 143 finished with value: -0.875 and parameters: {'learning_rate': 8.776664749620688e-05, 'batch_size': 32, 'num_epochs': 859, 'temperature': 0.45082292294936904, 'embedding_dim': 128, 'hidden_dim': 256, 'dropout': 0.3455322134906485, 'num_layers': 4, 'num_heads': 8, 'noise_enabled': True, 'shift_enabled': False, 'scale_enabled': True, 'crop_enabled': True, 'flip_enabled': False, 'permutation_enabled': False, 'noise_level': 0.09260925871541924, 'crop_size': 0.57110792211126}. Best is trial 92 with value: -0.9479166666666666.
2025-08-15 01:56:04,716 - INFO - Using device: cuda
2025-08-15 01:56:14,471 - INFO - --- Starting Fold 1/3 ---
2025-08-15 01:56:14,472 - INFO - Generated pairs. Train: 1128 (Positive: 48). Val: 276 (Positive: 24)
2025-08-15 01:56:14,472 - INFO - Starting training for fold 1/3
/usr/pkg/lib/python3.12/site-packages/torch/optim/lr_scheduler.py:227: UserWarning: Detected call of `lr_scheduler.step()` before `optimizer.step()`. In PyTorch 1.1.0 and later, you should call them in the opposite order: `optimizer.step()` before `lr_scheduler.step()`.  Failure to do this will result in PyTorch skipping the first value of the learning rate schedule. See more details at https://pytorch.org/docs/stable/optim.html#how-to-adjust-learning-rate
  warnings.warn(
2025-08-15 01:56:23,454 - INFO - Fold 1, Epoch 10: Val Acc: 0.50%
2025-08-15 01:56:27,992 - INFO - Fold 1, Epoch 20: Val Acc: 0.47%
2025-08-15 01:56:30,234 - INFO - Fold 1, Epoch 30: Val Acc: 0.59%
2025-08-15 01:56:34,452 - INFO - Fold 1, Epoch 40: Val Acc: 0.41%
2025-08-15 01:56:36,691 - INFO - Fold 1, Epoch 50: Val Acc: 0.56%
2025-08-15 01:56:38,928 - INFO - Fold 1, Epoch 60: Val Acc: 0.56%
2025-08-15 01:56:41,149 - INFO - Fold 1, Epoch 70: Val Acc: 0.50%
2025-08-15 01:56:43,384 - INFO - Fold 1, Epoch 80: Val Acc: 0.59%
2025-08-15 01:56:45,624 - INFO - Fold 1, Epoch 90: Val Acc: 0.62%
2025-08-15 01:56:47,634 - INFO - Fold 1, Epoch 100: Val Acc: 0.62%
2025-08-15 01:56:49,519 - INFO - Fold 1, Epoch 110: Val Acc: 0.56%
2025-08-15 01:56:51,746 - INFO - Fold 1, Epoch 120: Val Acc: 0.81%
2025-08-15 01:56:53,985 - INFO - Fold 1, Epoch 130: Val Acc: 0.69%
2025-08-15 01:56:55,767 - INFO - Early stopping at epoch 138
2025-08-15 01:56:59,561 - INFO - --- Starting Fold 2/3 ---
2025-08-15 01:56:59,564 - INFO - Generated pairs. Train: 1128 (Positive: 48). Val: 276 (Positive: 24)
2025-08-15 01:56:59,565 - INFO - Starting training for fold 2/3
/usr/pkg/lib/python3.12/site-packages/torch/optim/lr_scheduler.py:227: UserWarning: Detected call of `lr_scheduler.step()` before `optimizer.step()`. In PyTorch 1.1.0 and later, you should call them in the opposite order: `optimizer.step()` before `lr_scheduler.step()`.  Failure to do this will result in PyTorch skipping the first value of the learning rate schedule. See more details at https://pytorch.org/docs/stable/optim.html#how-to-adjust-learning-rate
  warnings.warn(
2025-08-15 01:57:06,497 - INFO - Fold 2, Epoch 10: Val Acc: 0.53%
2025-08-15 01:57:08,794 - INFO - Fold 2, Epoch 20: Val Acc: 0.50%
2025-08-15 01:57:11,100 - INFO - Fold 2, Epoch 30: Val Acc: 0.62%
2025-08-15 01:57:13,416 - INFO - Fold 2, Epoch 40: Val Acc: 0.75%
2025-08-15 01:57:17,160 - INFO - Fold 2, Epoch 50: Val Acc: 0.53%
2025-08-15 01:57:19,459 - INFO - Fold 2, Epoch 60: Val Acc: 0.62%
2025-08-15 01:57:21,746 - INFO - Fold 2, Epoch 70: Val Acc: 0.69%
2025-08-15 01:57:23,962 - INFO - Fold 2, Epoch 80: Val Acc: 0.59%
2025-08-15 01:57:26,172 - INFO - Fold 2, Epoch 90: Val Acc: 0.69%
2025-08-15 01:57:28,391 - INFO - Fold 2, Epoch 100: Val Acc: 0.56%
2025-08-15 01:57:30,618 - INFO - Fold 2, Epoch 110: Val Acc: 0.53%
2025-08-15 01:57:32,749 - INFO - Fold 2, Epoch 120: Val Acc: 0.47%
2025-08-15 01:57:35,935 - INFO - Fold 2, Epoch 130: Val Acc: 0.38%
2025-08-15 01:57:37,665 - INFO - Fold 2, Epoch 140: Val Acc: 0.72%
2025-08-15 01:57:39,532 - INFO - Fold 2, Epoch 150: Val Acc: 0.66%
2025-08-15 01:57:41,470 - INFO - Fold 2, Epoch 160: Val Acc: 0.59%
2025-08-15 01:57:43,408 - INFO - Fold 2, Epoch 170: Val Acc: 0.69%
2025-08-15 01:57:45,321 - INFO - Fold 2, Epoch 180: Val Acc: 0.72%
2025-08-15 01:57:47,260 - INFO - Fold 2, Epoch 190: Val Acc: 0.66%
2025-08-15 01:57:49,127 - INFO - Fold 2, Epoch 200: Val Acc: 0.62%
2025-08-15 01:57:51,023 - INFO - Fold 2, Epoch 210: Val Acc: 0.75%
2025-08-15 01:57:52,923 - INFO - Fold 2, Epoch 220: Val Acc: 0.53%
2025-08-15 01:57:53,733 - INFO - Early stopping at epoch 224
2025-08-15 01:57:56,567 - INFO - --- Starting Fold 3/3 ---
2025-08-15 01:57:56,569 - INFO - Generated pairs. Train: 1128 (Positive: 48). Val: 276 (Positive: 24)
2025-08-15 01:57:56,570 - INFO - Starting training for fold 3/3
/usr/pkg/lib/python3.12/site-packages/torch/optim/lr_scheduler.py:227: UserWarning: Detected call of `lr_scheduler.step()` before `optimizer.step()`. In PyTorch 1.1.0 and later, you should call them in the opposite order: `optimizer.step()` before `lr_scheduler.step()`.  Failure to do this will result in PyTorch skipping the first value of the learning rate schedule. See more details at https://pytorch.org/docs/stable/optim.html#how-to-adjust-learning-rate
  warnings.warn(
2025-08-15 01:58:01,592 - INFO - Fold 3, Epoch 10: Val Acc: 0.56%
2025-08-15 01:58:05,074 - INFO - Fold 3, Epoch 20: Val Acc: 0.47%
2025-08-15 01:58:07,253 - INFO - Fold 3, Epoch 30: Val Acc: 0.41%
2025-08-15 01:58:09,452 - INFO - Fold 3, Epoch 40: Val Acc: 0.56%
2025-08-15 01:58:11,682 - INFO - Fold 3, Epoch 50: Val Acc: 0.56%
2025-08-15 01:58:13,916 - INFO - Fold 3, Epoch 60: Val Acc: 0.66%
2025-08-15 01:58:16,160 - INFO - Fold 3, Epoch 70: Val Acc: 0.59%
2025-08-15 01:58:18,154 - INFO - Fold 3, Epoch 80: Val Acc: 0.72%
2025-08-15 01:58:20,125 - INFO - Fold 3, Epoch 90: Val Acc: 0.78%
2025-08-15 01:58:22,059 - INFO - Fold 3, Epoch 100: Val Acc: 0.56%
2025-08-15 01:58:23,966 - INFO - Fold 3, Epoch 110: Val Acc: 0.62%
2025-08-15 01:58:27,378 - INFO - Fold 3, Epoch 120: Val Acc: 0.53%
2025-08-15 01:58:29,440 - INFO - Fold 3, Epoch 130: Val Acc: 0.62%
2025-08-15 01:58:31,660 - INFO - Fold 3, Epoch 140: Val Acc: 0.53%
2025-08-15 01:58:33,873 - INFO - Fold 3, Epoch 150: Val Acc: 0.66%
2025-08-15 01:58:36,106 - INFO - Fold 3, Epoch 160: Val Acc: 0.50%
2025-08-15 01:58:38,331 - INFO - Fold 3, Epoch 170: Val Acc: 0.59%
2025-08-15 01:58:40,559 - INFO - Fold 3, Epoch 180: Val Acc: 0.66%
2025-08-15 01:58:42,792 - INFO - Fold 3, Epoch 190: Val Acc: 0.75%
2025-08-15 01:58:45,023 - INFO - Fold 3, Epoch 200: Val Acc: 0.69%
2025-08-15 01:58:47,255 - INFO - Fold 3, Epoch 210: Val Acc: 0.69%
2025-08-15 01:58:47,699 - INFO - Early stopping at epoch 212
2025-08-15 01:58:48,782 - INFO - Cross-validation statistics for transformer: {'train_loss': {'mean': np.float64(4.556096659766303), 'std': np.float64(0.28416354932909604)}, 'train_accuracy': {'mean': np.float64(0.6944444444444445), 'std': np.float64(0.04910463758239917)}, 'val_loss': {'mean': np.float64(4.886332988739014), 'std': np.float64(0.3482000547354483)}, 'val_accuracy': {'mean': np.float64(0.8229166666666666), 'std': np.float64(0.01473139127471974)}, 'epoch': {'mean': np.float64(90.33333333333333), 'std': np.float64(38.029228525204424)}}
[I 2025-08-15 01:58:48,788] Trial 144 finished with value: -0.8229166666666666 and parameters: {'learning_rate': 0.00022464897931680715, 'batch_size': 32, 'num_epochs': 922, 'temperature': 0.08560850198121589, 'embedding_dim': 128, 'hidden_dim': 256, 'dropout': 0.27992835303367697, 'num_layers': 5, 'num_heads': 8, 'noise_enabled': True, 'shift_enabled': False, 'scale_enabled': True, 'crop_enabled': True, 'flip_enabled': False, 'permutation_enabled': False, 'noise_level': 0.19540316629882074, 'crop_size': 0.5341538866994}. Best is trial 92 with value: -0.9479166666666666.
Actual device being used: cuda
Attempting to load data from: /vol/ecrg-solar/woodj4/fishy-business/data/REIMS.xlsx
Trial 144 finished with value: -0.8229166666666666 and parameters: {'learning_rate': 0.00022464897931680715, 'batch_size': 32, 'num_epochs': 922, 'temperature': 0.08560850198121589, 'embedding_dim': 128, 'hidden_dim': 256, 'dropout': 0.27992835303367697, 'num_layers': 5, 'num_heads': 8, 'noise_enabled': True, 'shift_enabled': False, 'scale_enabled': True, 'crop_enabled': True, 'flip_enabled': False, 'permutation_enabled': False, 'noise_level': 0.19540316629882074, 'crop_size': 0.5341538866994}. Best is trial 92 with value: -0.9479166666666666.
2025-08-15 01:58:48,830 - INFO - Using device: cuda
2025-08-15 01:58:58,791 - INFO - --- Starting Fold 1/3 ---
2025-08-15 01:58:58,792 - INFO - Generated pairs. Train: 1128 (Positive: 48). Val: 276 (Positive: 24)
2025-08-15 01:58:58,792 - INFO - Starting training for fold 1/3
2025-08-15 01:59:05,320 - INFO - Fold 1, Epoch 10: Val Acc: 0.53%
2025-08-15 01:59:09,670 - INFO - Fold 1, Epoch 20: Val Acc: 0.56%
2025-08-15 01:59:11,884 - INFO - Fold 1, Epoch 30: Val Acc: 0.72%
2025-08-15 01:59:16,351 - INFO - Fold 1, Epoch 40: Val Acc: 0.69%
2025-08-15 01:59:20,449 - INFO - Fold 1, Epoch 50: Val Acc: 0.88%
2025-08-15 01:59:22,754 - INFO - Fold 1, Epoch 60: Val Acc: 0.78%
2025-08-15 01:59:26,927 - INFO - Fold 1, Epoch 70: Val Acc: 0.84%
2025-08-15 01:59:28,891 - INFO - Fold 1, Epoch 80: Val Acc: 0.72%
2025-08-15 01:59:31,180 - INFO - Fold 1, Epoch 90: Val Acc: 0.81%
2025-08-15 01:59:33,292 - INFO - Fold 1, Epoch 100: Val Acc: 0.75%
2025-08-15 01:59:35,305 - INFO - Fold 1, Epoch 110: Val Acc: 0.69%
2025-08-15 01:59:37,335 - INFO - Fold 1, Epoch 120: Val Acc: 0.72%
2025-08-15 01:59:39,280 - INFO - Fold 1, Epoch 130: Val Acc: 0.75%
2025-08-15 01:59:41,508 - INFO - Fold 1, Epoch 140: Val Acc: 0.78%
2025-08-15 01:59:43,849 - INFO - Fold 1, Epoch 150: Val Acc: 0.66%
2025-08-15 01:59:46,176 - INFO - Fold 1, Epoch 160: Val Acc: 0.81%
2025-08-15 01:59:47,354 - INFO - Early stopping at epoch 165
2025-08-15 01:59:50,739 - INFO - --- Starting Fold 2/3 ---
2025-08-15 01:59:50,751 - INFO - Generated pairs. Train: 1128 (Positive: 48). Val: 276 (Positive: 24)
2025-08-15 01:59:50,752 - INFO - Starting training for fold 2/3
2025-08-15 01:59:57,402 - INFO - Fold 2, Epoch 10: Val Acc: 0.66%
2025-08-15 02:00:01,094 - INFO - Fold 2, Epoch 20: Val Acc: 0.81%
2025-08-15 02:00:03,427 - INFO - Fold 2, Epoch 30: Val Acc: 0.72%
2025-08-15 02:00:07,175 - INFO - Fold 2, Epoch 40: Val Acc: 0.72%
2025-08-15 02:00:09,484 - INFO - Fold 2, Epoch 50: Val Acc: 0.62%
2025-08-15 02:00:11,721 - INFO - Fold 2, Epoch 60: Val Acc: 0.75%
2025-08-15 02:00:13,950 - INFO - Fold 2, Epoch 70: Val Acc: 0.56%
2025-08-15 02:00:16,189 - INFO - Fold 2, Epoch 80: Val Acc: 0.72%
2025-08-15 02:00:18,166 - INFO - Fold 2, Epoch 90: Val Acc: 0.72%
2025-08-15 02:00:20,136 - INFO - Fold 2, Epoch 100: Val Acc: 0.72%
2025-08-15 02:00:22,106 - INFO - Fold 2, Epoch 110: Val Acc: 0.75%
2025-08-15 02:00:24,056 - INFO - Fold 2, Epoch 120: Val Acc: 0.69%
2025-08-15 02:00:25,839 - INFO - Fold 2, Epoch 130: Val Acc: 0.81%
2025-08-15 02:00:27,036 - INFO - Early stopping at epoch 137
2025-08-15 02:00:28,124 - INFO - --- Starting Fold 3/3 ---
2025-08-15 02:00:28,126 - INFO - Generated pairs. Train: 1128 (Positive: 48). Val: 276 (Positive: 24)
2025-08-15 02:00:28,127 - INFO - Starting training for fold 3/3
2025-08-15 02:00:34,867 - INFO - Fold 3, Epoch 10: Val Acc: 0.59%
2025-08-15 02:00:39,927 - INFO - Fold 3, Epoch 20: Val Acc: 0.69%
2025-08-15 02:00:42,079 - INFO - Fold 3, Epoch 30: Val Acc: 0.66%
2025-08-15 02:00:44,297 - INFO - Fold 3, Epoch 40: Val Acc: 0.59%
2025-08-15 02:00:46,516 - INFO - Fold 3, Epoch 50: Val Acc: 0.75%
2025-08-15 02:00:48,738 - INFO - Fold 3, Epoch 60: Val Acc: 0.75%
2025-08-15 02:00:52,370 - INFO - Fold 3, Epoch 70: Val Acc: 0.69%
2025-08-15 02:00:54,494 - INFO - Fold 3, Epoch 80: Val Acc: 0.81%
2025-08-15 02:00:56,447 - INFO - Fold 3, Epoch 90: Val Acc: 0.69%
2025-08-15 02:00:59,829 - INFO - Fold 3, Epoch 100: Val Acc: 0.91%
2025-08-15 02:01:01,855 - INFO - Fold 3, Epoch 110: Val Acc: 0.66%
2025-08-15 02:01:03,789 - INFO - Fold 3, Epoch 120: Val Acc: 0.66%
2025-08-15 02:01:05,735 - INFO - Fold 3, Epoch 130: Val Acc: 0.81%
2025-08-15 02:01:09,276 - INFO - Fold 3, Epoch 140: Val Acc: 0.69%
2025-08-15 02:01:11,601 - INFO - Fold 3, Epoch 150: Val Acc: 0.78%
2025-08-15 02:01:13,851 - INFO - Fold 3, Epoch 160: Val Acc: 0.88%
2025-08-15 02:01:16,095 - INFO - Fold 3, Epoch 170: Val Acc: 0.69%
2025-08-15 02:01:18,338 - INFO - Fold 3, Epoch 180: Val Acc: 0.66%
2025-08-15 02:01:20,672 - INFO - Fold 3, Epoch 190: Val Acc: 0.75%
2025-08-15 02:01:22,979 - INFO - Fold 3, Epoch 200: Val Acc: 0.66%
2025-08-15 02:01:25,218 - INFO - Fold 3, Epoch 210: Val Acc: 0.66%
2025-08-15 02:01:27,518 - INFO - Fold 3, Epoch 220: Val Acc: 0.78%
2025-08-15 02:01:29,836 - INFO - Fold 3, Epoch 230: Val Acc: 0.75%
2025-08-15 02:01:30,520 - INFO - Early stopping at epoch 233
2025-08-15 02:01:35,630 - INFO - Cross-validation statistics for transformer: {'train_loss': {'mean': np.float64(3.9589654869503446), 'std': np.float64(0.06404184989169122)}, 'train_accuracy': {'mean': np.float64(0.7847222222222223), 'std': np.float64(0.025983731852596822)}, 'val_loss': {'mean': np.float64(4.177897930145264), 'std': np.float64(0.020238389257633913)}, 'val_accuracy': {'mean': np.float64(0.9270833333333334), 'std': np.float64(0.02946278254943948)}, 'epoch': {'mean': np.float64(77.33333333333333), 'std': np.float64(40.309910554215925)}}
[I 2025-08-15 02:01:35,641] Trial 145 finished with value: -0.9270833333333334 and parameters: {'learning_rate': 0.00040259074325568956, 'batch_size': 32, 'num_epochs': 840, 'temperature': 0.39802062716495074, 'embedding_dim': 256, 'hidden_dim': 256, 'dropout': 0.23718759986551877, 'num_layers': 5, 'num_heads': 2, 'noise_enabled': True, 'shift_enabled': False, 'scale_enabled': True, 'crop_enabled': True, 'flip_enabled': False, 'permutation_enabled': False, 'noise_level': 0.08692644298514893, 'crop_size': 0.5166250525482736}. Best is trial 92 with value: -0.9479166666666666.
Actual device being used: cuda
Attempting to load data from: /vol/ecrg-solar/woodj4/fishy-business/data/REIMS.xlsx
Trial 145 finished with value: -0.9270833333333334 and parameters: {'learning_rate': 0.00040259074325568956, 'batch_size': 32, 'num_epochs': 840, 'temperature': 0.39802062716495074, 'embedding_dim': 256, 'hidden_dim': 256, 'dropout': 0.23718759986551877, 'num_layers': 5, 'num_heads': 2, 'noise_enabled': True, 'shift_enabled': False, 'scale_enabled': True, 'crop_enabled': True, 'flip_enabled': False, 'permutation_enabled': False, 'noise_level': 0.08692644298514893, 'crop_size': 0.5166250525482736}. Best is trial 92 with value: -0.9479166666666666.
2025-08-15 02:01:35,731 - INFO - Using device: cuda
2025-08-15 02:01:45,508 - INFO - --- Starting Fold 1/3 ---
2025-08-15 02:01:45,510 - INFO - Generated pairs. Train: 1128 (Positive: 48). Val: 276 (Positive: 24)
2025-08-15 02:01:45,510 - INFO - Starting training for fold 1/3
2025-08-15 02:01:52,674 - INFO - Fold 1, Epoch 10: Val Acc: 0.50%
2025-08-15 02:01:54,900 - INFO - Fold 1, Epoch 20: Val Acc: 0.53%
2025-08-15 02:01:57,131 - INFO - Fold 1, Epoch 30: Val Acc: 0.50%
2025-08-15 02:02:01,587 - INFO - Fold 1, Epoch 40: Val Acc: 0.50%
2025-08-15 02:02:03,820 - INFO - Fold 1, Epoch 50: Val Acc: 0.56%
2025-08-15 02:02:08,194 - INFO - Fold 1, Epoch 60: Val Acc: 0.72%
2025-08-15 02:02:10,443 - INFO - Fold 1, Epoch 70: Val Acc: 0.50%
2025-08-15 02:02:12,659 - INFO - Fold 1, Epoch 80: Val Acc: 0.56%
2025-08-15 02:02:14,894 - INFO - Fold 1, Epoch 90: Val Acc: 0.56%
2025-08-15 02:02:17,111 - INFO - Fold 1, Epoch 100: Val Acc: 0.59%
2025-08-15 02:02:21,292 - INFO - Fold 1, Epoch 110: Val Acc: 0.59%
2025-08-15 02:02:23,073 - INFO - Fold 1, Epoch 120: Val Acc: 0.62%
2025-08-15 02:02:27,380 - INFO - Fold 1, Epoch 130: Val Acc: 0.81%
2025-08-15 02:02:29,599 - INFO - Fold 1, Epoch 140: Val Acc: 0.53%
2025-08-15 02:02:31,814 - INFO - Fold 1, Epoch 150: Val Acc: 0.66%
2025-08-15 02:02:34,036 - INFO - Fold 1, Epoch 160: Val Acc: 0.72%
2025-08-15 02:02:36,254 - INFO - Fold 1, Epoch 170: Val Acc: 0.78%
2025-08-15 02:02:38,480 - INFO - Fold 1, Epoch 180: Val Acc: 0.59%
2025-08-15 02:02:40,700 - INFO - Fold 1, Epoch 190: Val Acc: 0.53%
2025-08-15 02:02:42,771 - INFO - Fold 1, Epoch 200: Val Acc: 0.62%
2025-08-15 02:02:44,725 - INFO - Fold 1, Epoch 210: Val Acc: 0.50%
2025-08-15 02:02:48,945 - INFO - Fold 1, Epoch 220: Val Acc: 0.69%
2025-08-15 02:02:51,258 - INFO - Fold 1, Epoch 230: Val Acc: 0.62%
2025-08-15 02:02:53,387 - INFO - Fold 1, Epoch 240: Val Acc: 0.81%
2025-08-15 02:02:55,405 - INFO - Fold 1, Epoch 250: Val Acc: 0.75%
2025-08-15 02:02:57,420 - INFO - Fold 1, Epoch 260: Val Acc: 0.66%
2025-08-15 02:02:59,320 - INFO - Fold 1, Epoch 270: Val Acc: 0.53%
2025-08-15 02:03:01,139 - INFO - Fold 1, Epoch 280: Val Acc: 0.84%
2025-08-15 02:03:02,854 - INFO - Fold 1, Epoch 290: Val Acc: 0.66%
2025-08-15 02:03:04,568 - INFO - Fold 1, Epoch 300: Val Acc: 0.84%
2025-08-15 02:03:06,281 - INFO - Fold 1, Epoch 310: Val Acc: 0.53%
2025-08-15 02:03:07,478 - INFO - Early stopping at epoch 317
2025-08-15 02:03:11,506 - INFO - --- Starting Fold 2/3 ---
2025-08-15 02:03:11,509 - INFO - Generated pairs. Train: 1128 (Positive: 48). Val: 276 (Positive: 24)
2025-08-15 02:03:11,510 - INFO - Starting training for fold 2/3
2025-08-15 02:03:19,689 - INFO - Fold 2, Epoch 10: Val Acc: 0.62%
2025-08-15 02:03:21,706 - INFO - Fold 2, Epoch 20: Val Acc: 0.50%
2025-08-15 02:03:25,079 - INFO - Fold 2, Epoch 30: Val Acc: 0.56%
2025-08-15 02:03:26,941 - INFO - Fold 2, Epoch 40: Val Acc: 0.50%
2025-08-15 02:03:28,785 - INFO - Fold 2, Epoch 50: Val Acc: 0.56%
2025-08-15 02:03:30,624 - INFO - Fold 2, Epoch 60: Val Acc: 0.50%
2025-08-15 02:03:33,869 - INFO - Fold 2, Epoch 70: Val Acc: 0.56%
2025-08-15 02:03:37,370 - INFO - Fold 2, Epoch 80: Val Acc: 0.47%
2025-08-15 02:03:39,289 - INFO - Fold 2, Epoch 90: Val Acc: 0.56%
2025-08-15 02:03:41,400 - INFO - Fold 2, Epoch 100: Val Acc: 0.66%
2025-08-15 02:03:43,330 - INFO - Fold 2, Epoch 110: Val Acc: 0.56%
2025-08-15 02:03:46,706 - INFO - Fold 2, Epoch 120: Val Acc: 0.56%
2025-08-15 02:03:48,872 - INFO - Fold 2, Epoch 130: Val Acc: 0.56%
2025-08-15 02:03:52,624 - INFO - Fold 2, Epoch 140: Val Acc: 0.59%
2025-08-15 02:03:54,867 - INFO - Fold 2, Epoch 150: Val Acc: 0.69%
2025-08-15 02:03:57,101 - INFO - Fold 2, Epoch 160: Val Acc: 0.72%
2025-08-15 02:03:59,432 - INFO - Fold 2, Epoch 170: Val Acc: 0.66%
2025-08-15 02:04:01,754 - INFO - Fold 2, Epoch 180: Val Acc: 0.59%
2025-08-15 02:04:03,983 - INFO - Fold 2, Epoch 190: Val Acc: 0.59%
2025-08-15 02:04:06,012 - INFO - Fold 2, Epoch 200: Val Acc: 0.53%
2025-08-15 02:04:08,095 - INFO - Fold 2, Epoch 210: Val Acc: 0.59%
2025-08-15 02:04:10,318 - INFO - Fold 2, Epoch 220: Val Acc: 0.56%
2025-08-15 02:04:12,130 - INFO - Fold 2, Epoch 230: Val Acc: 0.66%
2025-08-15 02:04:13,149 - INFO - Early stopping at epoch 236
2025-08-15 02:04:16,078 - INFO - --- Starting Fold 3/3 ---
2025-08-15 02:04:16,082 - INFO - Generated pairs. Train: 1128 (Positive: 48). Val: 276 (Positive: 24)
2025-08-15 02:04:16,082 - INFO - Starting training for fold 3/3
2025-08-15 02:04:24,274 - INFO - Fold 3, Epoch 10: Val Acc: 0.50%
2025-08-15 02:04:26,265 - INFO - Fold 3, Epoch 20: Val Acc: 0.53%
2025-08-15 02:04:28,253 - INFO - Fold 3, Epoch 30: Val Acc: 0.50%
2025-08-15 02:04:30,350 - INFO - Fold 3, Epoch 40: Val Acc: 0.53%
2025-08-15 02:04:33,826 - INFO - Fold 3, Epoch 50: Val Acc: 0.62%
2025-08-15 02:04:38,876 - INFO - Fold 3, Epoch 60: Val Acc: 0.59%
2025-08-15 02:04:41,202 - INFO - Fold 3, Epoch 70: Val Acc: 0.53%
2025-08-15 02:04:43,534 - INFO - Fold 3, Epoch 80: Val Acc: 0.50%
2025-08-15 02:04:47,315 - INFO - Fold 3, Epoch 90: Val Acc: 0.66%
2025-08-15 02:04:50,920 - INFO - Fold 3, Epoch 100: Val Acc: 0.50%
2025-08-15 02:04:52,928 - INFO - Fold 3, Epoch 110: Val Acc: 0.56%
2025-08-15 02:04:56,615 - INFO - Fold 3, Epoch 120: Val Acc: 0.62%
2025-08-15 02:04:58,806 - INFO - Fold 3, Epoch 130: Val Acc: 0.50%
2025-08-15 02:05:00,833 - INFO - Fold 3, Epoch 140: Val Acc: 0.59%
2025-08-15 02:05:02,634 - INFO - Fold 3, Epoch 150: Val Acc: 0.59%
2025-08-15 02:05:04,509 - INFO - Fold 3, Epoch 160: Val Acc: 0.62%
2025-08-15 02:05:06,333 - INFO - Fold 3, Epoch 170: Val Acc: 0.62%
2025-08-15 02:05:08,293 - INFO - Fold 3, Epoch 180: Val Acc: 0.69%
2025-08-15 02:05:10,437 - INFO - Fold 3, Epoch 190: Val Acc: 0.78%
2025-08-15 02:05:12,663 - INFO - Fold 3, Epoch 200: Val Acc: 0.72%
2025-08-15 02:05:17,244 - INFO - Fold 3, Epoch 210: Val Acc: 0.47%
2025-08-15 02:05:19,327 - INFO - Fold 3, Epoch 220: Val Acc: 0.72%
2025-08-15 02:05:21,531 - INFO - Fold 3, Epoch 230: Val Acc: 0.72%
2025-08-15 02:05:23,848 - INFO - Fold 3, Epoch 240: Val Acc: 0.78%
2025-08-15 02:05:26,113 - INFO - Fold 3, Epoch 250: Val Acc: 0.59%
2025-08-15 02:05:28,346 - INFO - Fold 3, Epoch 260: Val Acc: 0.62%
2025-08-15 02:05:30,580 - INFO - Fold 3, Epoch 270: Val Acc: 0.50%
2025-08-15 02:05:32,819 - INFO - Fold 3, Epoch 280: Val Acc: 0.56%
2025-08-15 02:05:35,057 - INFO - Fold 3, Epoch 290: Val Acc: 0.75%
2025-08-15 02:05:37,286 - INFO - Fold 3, Epoch 300: Val Acc: 0.84%
2025-08-15 02:05:38,845 - INFO - Early stopping at epoch 307
2025-08-15 02:05:39,917 - INFO - Cross-validation statistics for transformer: {'train_loss': {'mean': np.float64(3.968916416168213), 'std': np.float64(0.03461794764007698)}, 'train_accuracy': {'mean': np.float64(0.7222222222222223), 'std': np.float64(0.03540985773328324)}, 'val_loss': {'mean': np.float64(4.2252373695373535), 'std': np.float64(0.13755026438422113)}, 'val_accuracy': {'mean': np.float64(0.8645833333333334), 'std': np.float64(0.01473139127471974)}, 'epoch': {'mean': np.float64(185.66666666666666), 'std': np.float64(36.05859429071275)}}
