Trial 55 finished with value: -0.7291666666666666 and parameters: {'learning_rate': 3.175042662222715e-05, 'batch_size': 32, 'num_epochs': 806, 'temperature': 0.39044895075987895, 'embedding_dim': 128, 'hidden_dim': 256, 'dropout': 0.4592872037716423, 'num_layers': 5, 'num_heads': 8, 'noise_enabled': True, 'shift_enabled': False, 'scale_enabled': True, 'crop_enabled': True, 'flip_enabled': False, 'permutation_enabled': False, 'noise_level': 0.18996856289001957, 'crop_size': 0.5689987040716477}. Best is trial 9 with value: -0.9270833333333334.
2025-08-14 21:49:45,183 - INFO - Using device: cuda
2025-08-14 21:49:54,631 - INFO - --- Starting Fold 1/3 ---
2025-08-14 21:49:54,633 - INFO - Generated pairs. Train: 1128 (Positive: 48). Val: 276 (Positive: 24)
2025-08-14 21:49:54,633 - INFO - Starting training for fold 1/3
/usr/pkg/lib/python3.12/site-packages/torch/optim/lr_scheduler.py:227: UserWarning: Detected call of `lr_scheduler.step()` before `optimizer.step()`. In PyTorch 1.1.0 and later, you should call them in the opposite order: `optimizer.step()` before `lr_scheduler.step()`.  Failure to do this will result in PyTorch skipping the first value of the learning rate schedule. See more details at https://pytorch.org/docs/stable/optim.html#how-to-adjust-learning-rate
  warnings.warn(
2025-08-14 21:49:58,887 - INFO - Fold 1, Epoch 10: Val Acc: 0.59%
2025-08-14 21:50:00,835 - INFO - Fold 1, Epoch 20: Val Acc: 0.66%
2025-08-14 21:50:02,125 - INFO - Fold 1, Epoch 30: Val Acc: 0.50%
2025-08-14 21:50:03,415 - INFO - Fold 1, Epoch 40: Val Acc: 0.53%
2025-08-14 21:50:04,697 - INFO - Fold 1, Epoch 50: Val Acc: 0.59%
2025-08-14 21:50:05,978 - INFO - Fold 1, Epoch 60: Val Acc: 0.47%
2025-08-14 21:50:07,255 - INFO - Fold 1, Epoch 70: Val Acc: 0.53%
2025-08-14 21:50:08,542 - INFO - Fold 1, Epoch 80: Val Acc: 0.59%
2025-08-14 21:50:09,838 - INFO - Fold 1, Epoch 90: Val Acc: 0.56%
2025-08-14 21:50:11,126 - INFO - Fold 1, Epoch 100: Val Acc: 0.72%
2025-08-14 21:50:12,417 - INFO - Fold 1, Epoch 110: Val Acc: 0.59%
2025-08-14 21:50:13,322 - INFO - Early stopping at epoch 117
2025-08-14 21:50:14,231 - INFO - --- Starting Fold 2/3 ---
2025-08-14 21:50:14,243 - INFO - Generated pairs. Train: 1128 (Positive: 48). Val: 276 (Positive: 24)
2025-08-14 21:50:14,244 - INFO - Starting training for fold 2/3
2025-08-14 21:50:17,922 - INFO - Fold 2, Epoch 10: Val Acc: 0.75%
2025-08-14 21:50:19,686 - INFO - Fold 2, Epoch 20: Val Acc: 0.72%
2025-08-14 21:50:21,345 - INFO - Fold 2, Epoch 30: Val Acc: 0.72%
2025-08-14 21:50:22,375 - INFO - Fold 2, Epoch 40: Val Acc: 0.81%
2025-08-14 21:50:23,622 - INFO - Fold 2, Epoch 50: Val Acc: 0.84%
2025-08-14 21:50:24,957 - INFO - Fold 2, Epoch 60: Val Acc: 0.84%
2025-08-14 21:50:26,817 - INFO - Fold 2, Epoch 70: Val Acc: 0.88%
2025-08-14 21:50:28,170 - INFO - Fold 2, Epoch 80: Val Acc: 0.81%
2025-08-14 21:50:29,526 - INFO - Fold 2, Epoch 90: Val Acc: 0.81%
2025-08-14 21:50:30,870 - INFO - Fold 2, Epoch 100: Val Acc: 0.75%
2025-08-14 21:50:32,222 - INFO - Fold 2, Epoch 110: Val Acc: 0.75%
2025-08-14 21:50:33,570 - INFO - Fold 2, Epoch 120: Val Acc: 0.84%
2025-08-14 21:50:34,924 - INFO - Fold 2, Epoch 130: Val Acc: 0.84%
2025-08-14 21:50:36,278 - INFO - Fold 2, Epoch 140: Val Acc: 0.66%
2025-08-14 21:50:37,628 - INFO - Fold 2, Epoch 150: Val Acc: 0.78%
2025-08-14 21:50:38,967 - INFO - Fold 2, Epoch 160: Val Acc: 0.62%
2025-08-14 21:50:39,635 - INFO - Early stopping at epoch 165
2025-08-14 21:50:40,289 - INFO - --- Starting Fold 3/3 ---
2025-08-14 21:50:40,292 - INFO - Generated pairs. Train: 1128 (Positive: 48). Val: 276 (Positive: 24)
2025-08-14 21:50:40,292 - INFO - Starting training for fold 3/3
/usr/pkg/lib/python3.12/site-packages/torch/optim/lr_scheduler.py:227: UserWarning: Detected call of `lr_scheduler.step()` before `optimizer.step()`. In PyTorch 1.1.0 and later, you should call them in the opposite order: `optimizer.step()` before `lr_scheduler.step()`.  Failure to do this will result in PyTorch skipping the first value of the learning rate schedule. See more details at https://pytorch.org/docs/stable/optim.html#how-to-adjust-learning-rate
  warnings.warn(
2025-08-14 21:50:43,860 - INFO - Fold 3, Epoch 10: Val Acc: 0.72%
2025-08-14 21:50:45,629 - INFO - Fold 3, Epoch 20: Val Acc: 0.84%
2025-08-14 21:50:46,903 - INFO - Fold 3, Epoch 30: Val Acc: 0.66%
2025-08-14 21:50:48,173 - INFO - Fold 3, Epoch 40: Val Acc: 0.66%
2025-08-14 21:50:49,451 - INFO - Fold 3, Epoch 50: Val Acc: 0.78%
2025-08-14 21:50:50,727 - INFO - Fold 3, Epoch 60: Val Acc: 0.66%
2025-08-14 21:50:52,010 - INFO - Fold 3, Epoch 70: Val Acc: 0.62%
2025-08-14 21:50:53,286 - INFO - Fold 3, Epoch 80: Val Acc: 0.56%
2025-08-14 21:50:54,577 - INFO - Fold 3, Epoch 90: Val Acc: 0.59%
2025-08-14 21:50:55,844 - INFO - Fold 3, Epoch 100: Val Acc: 0.62%
2025-08-14 21:50:57,114 - INFO - Fold 3, Epoch 110: Val Acc: 0.66%
2025-08-14 21:50:57,240 - INFO - Early stopping at epoch 111
2025-08-14 21:50:57,533 - INFO - Cross-validation statistics for transformer: {'train_loss': {'mean': np.float64(3.777627680036757), 'std': np.float64(0.16718483032020962)}, 'train_accuracy': {'mean': np.float64(0.9166666666666666), 'std': np.float64(0.06804138174397716)}, 'val_loss': {'mean': np.float64(4.350818316141765), 'std': np.float64(0.20640676014740603)}, 'val_accuracy': {'mean': np.float64(0.8645833333333334), 'std': np.float64(0.03897559777889522)}, 'epoch': {'mean': np.float64(30.0), 'std': np.float64(24.166091947189145)}}
[I 2025-08-14 21:50:57,538] Trial 56 finished with value: -0.8645833333333334 and parameters: {'learning_rate': 0.00045018929739661323, 'batch_size': 32, 'num_epochs': 475, 'temperature': 0.2558912064301839, 'embedding_dim': 128, 'hidden_dim': 256, 'dropout': 0.4102411249264261, 'num_layers': 1, 'num_heads': 8, 'noise_enabled': True, 'shift_enabled': False, 'scale_enabled': True, 'crop_enabled': False, 'flip_enabled': False, 'permutation_enabled': False, 'noise_level': 0.16555123189345128}. Best is trial 9 with value: -0.9270833333333334.
Actual device being used: cuda
Attempting to load data from: /vol/ecrg-solar/woodj4/fishy-business/data/REIMS.xlsx
Trial 56 finished with value: -0.8645833333333334 and parameters: {'learning_rate': 0.00045018929739661323, 'batch_size': 32, 'num_epochs': 475, 'temperature': 0.2558912064301839, 'embedding_dim': 128, 'hidden_dim': 256, 'dropout': 0.4102411249264261, 'num_layers': 1, 'num_heads': 8, 'noise_enabled': True, 'shift_enabled': False, 'scale_enabled': True, 'crop_enabled': False, 'flip_enabled': False, 'permutation_enabled': False, 'noise_level': 0.16555123189345128}. Best is trial 9 with value: -0.9270833333333334.
2025-08-14 21:50:57,568 - INFO - Using device: cuda
2025-08-14 21:51:07,467 - INFO - --- Starting Fold 1/3 ---
2025-08-14 21:51:07,468 - INFO - Generated pairs. Train: 1128 (Positive: 48). Val: 276 (Positive: 24)
2025-08-14 21:51:07,468 - INFO - Starting training for fold 1/3
2025-08-14 21:51:15,629 - INFO - Fold 1, Epoch 10: Val Acc: 0.50%
2025-08-14 21:51:17,720 - INFO - Fold 1, Epoch 20: Val Acc: 0.44%
2025-08-14 21:51:19,831 - INFO - Fold 1, Epoch 30: Val Acc: 0.41%
2025-08-14 21:51:21,947 - INFO - Fold 1, Epoch 40: Val Acc: 0.56%
2025-08-14 21:51:24,060 - INFO - Fold 1, Epoch 50: Val Acc: 0.47%
2025-08-14 21:51:26,170 - INFO - Fold 1, Epoch 60: Val Acc: 0.47%
2025-08-14 21:51:28,271 - INFO - Fold 1, Epoch 70: Val Acc: 0.50%
2025-08-14 21:51:30,113 - INFO - Fold 1, Epoch 80: Val Acc: 0.53%
2025-08-14 21:51:31,897 - INFO - Fold 1, Epoch 90: Val Acc: 0.47%
2025-08-14 21:51:34,019 - INFO - Fold 1, Epoch 100: Val Acc: 0.53%
2025-08-14 21:51:35,102 - INFO - Early stopping at epoch 105
2025-08-14 21:51:38,164 - INFO - --- Starting Fold 2/3 ---
2025-08-14 21:51:38,168 - INFO - Generated pairs. Train: 1128 (Positive: 48). Val: 276 (Positive: 24)
2025-08-14 21:51:38,168 - INFO - Starting training for fold 2/3
2025-08-14 21:51:42,961 - INFO - Fold 2, Epoch 10: Val Acc: 0.50%
2025-08-14 21:51:45,058 - INFO - Fold 2, Epoch 20: Val Acc: 0.50%
2025-08-14 21:51:48,508 - INFO - Fold 2, Epoch 30: Val Acc: 0.66%
2025-08-14 21:51:50,692 - INFO - Fold 2, Epoch 40: Val Acc: 0.47%
2025-08-14 21:51:54,128 - INFO - Fold 2, Epoch 50: Val Acc: 0.47%
2025-08-14 21:51:56,309 - INFO - Fold 2, Epoch 60: Val Acc: 0.44%
2025-08-14 21:51:58,493 - INFO - Fold 2, Epoch 70: Val Acc: 0.47%
2025-08-14 21:52:00,629 - INFO - Fold 2, Epoch 80: Val Acc: 0.50%
2025-08-14 21:52:03,988 - INFO - Fold 2, Epoch 90: Val Acc: 0.47%
2025-08-14 21:52:06,084 - INFO - Fold 2, Epoch 100: Val Acc: 0.50%
2025-08-14 21:52:08,178 - INFO - Fold 2, Epoch 110: Val Acc: 0.47%
2025-08-14 21:52:10,285 - INFO - Fold 2, Epoch 120: Val Acc: 0.44%
2025-08-14 21:52:12,387 - INFO - Fold 2, Epoch 130: Val Acc: 0.38%
2025-08-14 21:52:14,480 - INFO - Fold 2, Epoch 140: Val Acc: 0.44%
2025-08-14 21:52:16,593 - INFO - Fold 2, Epoch 150: Val Acc: 0.66%
2025-08-14 21:52:18,691 - INFO - Fold 2, Epoch 160: Val Acc: 0.38%
2025-08-14 21:52:20,790 - INFO - Fold 2, Epoch 170: Val Acc: 0.44%
2025-08-14 21:52:22,885 - INFO - Fold 2, Epoch 180: Val Acc: 0.53%
2025-08-14 21:52:23,727 - INFO - Early stopping at epoch 184
2025-08-14 21:52:26,262 - INFO - --- Starting Fold 3/3 ---
2025-08-14 21:52:26,265 - INFO - Generated pairs. Train: 1128 (Positive: 48). Val: 276 (Positive: 24)
2025-08-14 21:52:26,266 - INFO - Starting training for fold 3/3
2025-08-14 21:52:29,374 - INFO - Fold 3, Epoch 10: Val Acc: 0.47%
2025-08-14 21:52:31,022 - INFO - Fold 3, Epoch 20: Val Acc: 0.56%
2025-08-14 21:52:35,593 - INFO - Fold 3, Epoch 30: Val Acc: 0.47%
2025-08-14 21:52:37,698 - INFO - Fold 3, Epoch 40: Val Acc: 0.53%
2025-08-14 21:52:40,971 - INFO - Fold 3, Epoch 50: Val Acc: 0.47%
2025-08-14 21:52:43,072 - INFO - Fold 3, Epoch 60: Val Acc: 0.50%
2025-08-14 21:52:45,181 - INFO - Fold 3, Epoch 70: Val Acc: 0.53%
2025-08-14 21:52:47,283 - INFO - Fold 3, Epoch 80: Val Acc: 0.44%
2025-08-14 21:52:49,391 - INFO - Fold 3, Epoch 90: Val Acc: 0.56%
2025-08-14 21:52:51,499 - INFO - Fold 3, Epoch 100: Val Acc: 0.50%
2025-08-14 21:52:53,606 - INFO - Fold 3, Epoch 110: Val Acc: 0.47%
2025-08-14 21:52:55,711 - INFO - Fold 3, Epoch 120: Val Acc: 0.41%
2025-08-14 21:52:57,817 - INFO - Fold 3, Epoch 130: Val Acc: 0.38%
2025-08-14 21:52:59,914 - INFO - Fold 3, Epoch 140: Val Acc: 0.50%
2025-08-14 21:53:00,959 - INFO - Early stopping at epoch 145
2025-08-14 21:53:01,834 - INFO - Cross-validation statistics for transformer: {'train_loss': {'mean': np.float64(4.144975821177165), 'std': np.float64(0.01714757826574046)}, 'train_accuracy': {'mean': np.float64(0.6111111111111112), 'std': np.float64(0.03437324630767936)}, 'val_loss': {'mean': np.float64(4.195650577545166), 'std': np.float64(0.014194494809960307)}, 'val_accuracy': {'mean': np.float64(0.6979166666666666), 'std': np.float64(0.03897559777889522)}, 'epoch': {'mean': np.float64(43.666666666666664), 'std': np.float64(32.25247621845836)}}
[I 2025-08-14 21:53:01,840] Trial 57 finished with value: -0.6979166666666666 and parameters: {'learning_rate': 0.0009185240850466351, 'batch_size': 32, 'num_epochs': 924, 'temperature': 0.44939346410353764, 'embedding_dim': 128, 'hidden_dim': 512, 'dropout': 0.4980145325694322, 'num_layers': 4, 'num_heads': 8, 'noise_enabled': True, 'shift_enabled': False, 'scale_enabled': True, 'crop_enabled': True, 'flip_enabled': True, 'permutation_enabled': True, 'noise_level': 0.17292654516131645, 'crop_size': 0.5993862225613618}. Best is trial 9 with value: -0.9270833333333334.
Actual device being used: cuda
Attempting to load data from: /vol/ecrg-solar/woodj4/fishy-business/data/REIMS.xlsx
Trial 57 finished with value: -0.6979166666666666 and parameters: {'learning_rate': 0.0009185240850466351, 'batch_size': 32, 'num_epochs': 924, 'temperature': 0.44939346410353764, 'embedding_dim': 128, 'hidden_dim': 512, 'dropout': 0.4980145325694322, 'num_layers': 4, 'num_heads': 8, 'noise_enabled': True, 'shift_enabled': False, 'scale_enabled': True, 'crop_enabled': True, 'flip_enabled': True, 'permutation_enabled': True, 'noise_level': 0.17292654516131645, 'crop_size': 0.5993862225613618}. Best is trial 9 with value: -0.9270833333333334.
2025-08-14 21:53:01,871 - INFO - Using device: cuda
2025-08-14 21:53:11,554 - INFO - --- Starting Fold 1/3 ---
2025-08-14 21:53:11,555 - INFO - Generated pairs. Train: 1128 (Positive: 48). Val: 276 (Positive: 24)
2025-08-14 21:53:11,556 - INFO - Starting training for fold 1/3
/usr/pkg/lib/python3.12/site-packages/torch/optim/lr_scheduler.py:227: UserWarning: Detected call of `lr_scheduler.step()` before `optimizer.step()`. In PyTorch 1.1.0 and later, you should call them in the opposite order: `optimizer.step()` before `lr_scheduler.step()`.  Failure to do this will result in PyTorch skipping the first value of the learning rate schedule. See more details at https://pytorch.org/docs/stable/optim.html#how-to-adjust-learning-rate
  warnings.warn(
2025-08-14 21:53:20,159 - INFO - Fold 1, Epoch 10: Val Acc: 0.46%
2025-08-14 21:53:28,004 - INFO - Fold 1, Epoch 20: Val Acc: 0.54%
2025-08-14 21:53:31,771 - INFO - Fold 1, Epoch 30: Val Acc: 0.50%
2025-08-14 21:53:35,529 - INFO - Fold 1, Epoch 40: Val Acc: 0.69%
2025-08-14 21:53:39,304 - INFO - Fold 1, Epoch 50: Val Acc: 0.58%
2025-08-14 21:53:43,105 - INFO - Fold 1, Epoch 60: Val Acc: 0.73%
2025-08-14 21:53:46,892 - INFO - Fold 1, Epoch 70: Val Acc: 0.67%
2025-08-14 21:53:50,683 - INFO - Fold 1, Epoch 80: Val Acc: 0.67%
2025-08-14 21:53:54,482 - INFO - Fold 1, Epoch 90: Val Acc: 0.50%
2025-08-14 21:53:57,956 - INFO - Fold 1, Epoch 100: Val Acc: 0.65%
2025-08-14 21:54:00,701 - INFO - Fold 1, Epoch 110: Val Acc: 0.65%
2025-08-14 21:54:02,551 - INFO - Early stopping at epoch 115
2025-08-14 21:54:06,506 - INFO - --- Starting Fold 2/3 ---
2025-08-14 21:54:06,509 - INFO - Generated pairs. Train: 1128 (Positive: 48). Val: 276 (Positive: 24)
2025-08-14 21:54:06,510 - INFO - Starting training for fold 2/3
/usr/pkg/lib/python3.12/site-packages/torch/optim/lr_scheduler.py:227: UserWarning: Detected call of `lr_scheduler.step()` before `optimizer.step()`. In PyTorch 1.1.0 and later, you should call them in the opposite order: `optimizer.step()` before `lr_scheduler.step()`.  Failure to do this will result in PyTorch skipping the first value of the learning rate schedule. See more details at https://pytorch.org/docs/stable/optim.html#how-to-adjust-learning-rate
  warnings.warn(
2025-08-14 21:54:14,879 - INFO - Fold 2, Epoch 10: Val Acc: 0.52%
2025-08-14 21:54:20,900 - INFO - Fold 2, Epoch 20: Val Acc: 0.71%
2025-08-14 21:54:27,625 - INFO - Fold 2, Epoch 30: Val Acc: 0.52%
2025-08-14 21:54:31,362 - INFO - Fold 2, Epoch 40: Val Acc: 0.73%
2025-08-14 21:54:35,013 - INFO - Fold 2, Epoch 50: Val Acc: 0.71%
2025-08-14 21:54:38,288 - INFO - Fold 2, Epoch 60: Val Acc: 0.67%
2025-08-14 21:54:41,025 - INFO - Fold 2, Epoch 70: Val Acc: 0.71%
2025-08-14 21:54:43,755 - INFO - Fold 2, Epoch 80: Val Acc: 0.67%
2025-08-14 21:54:47,942 - INFO - Fold 2, Epoch 90: Val Acc: 0.77%
2025-08-14 21:54:51,532 - INFO - Fold 2, Epoch 100: Val Acc: 0.71%
2025-08-14 21:54:55,317 - INFO - Fold 2, Epoch 110: Val Acc: 0.83%
2025-08-14 21:54:59,081 - INFO - Fold 2, Epoch 120: Val Acc: 0.73%
2025-08-14 21:55:01,818 - INFO - Fold 2, Epoch 130: Val Acc: 0.71%
2025-08-14 21:55:05,414 - INFO - Fold 2, Epoch 140: Val Acc: 0.77%
2025-08-14 21:55:09,205 - INFO - Fold 2, Epoch 150: Val Acc: 0.62%
2025-08-14 21:55:13,016 - INFO - Fold 2, Epoch 160: Val Acc: 0.77%
2025-08-14 21:55:18,263 - INFO - Fold 2, Epoch 170: Val Acc: 0.81%
2025-08-14 21:55:22,052 - INFO - Fold 2, Epoch 180: Val Acc: 0.62%
2025-08-14 21:55:25,941 - INFO - Fold 2, Epoch 190: Val Acc: 0.77%
2025-08-14 21:55:29,832 - INFO - Fold 2, Epoch 200: Val Acc: 0.73%
2025-08-14 21:55:33,753 - INFO - Fold 2, Epoch 210: Val Acc: 0.77%
2025-08-14 21:55:37,647 - INFO - Fold 2, Epoch 220: Val Acc: 0.75%
2025-08-14 21:55:41,570 - INFO - Fold 2, Epoch 230: Val Acc: 0.73%
2025-08-14 21:55:45,407 - INFO - Fold 2, Epoch 240: Val Acc: 0.77%
2025-08-14 21:55:49,306 - INFO - Fold 2, Epoch 250: Val Acc: 0.75%
2025-08-14 21:55:53,117 - INFO - Fold 2, Epoch 260: Val Acc: 0.75%
2025-08-14 21:55:54,625 - INFO - Early stopping at epoch 264
2025-08-14 21:55:57,575 - INFO - --- Starting Fold 3/3 ---
2025-08-14 21:55:57,578 - INFO - Generated pairs. Train: 1128 (Positive: 48). Val: 276 (Positive: 24)
2025-08-14 21:55:57,578 - INFO - Starting training for fold 3/3
/usr/pkg/lib/python3.12/site-packages/torch/optim/lr_scheduler.py:227: UserWarning: Detected call of `lr_scheduler.step()` before `optimizer.step()`. In PyTorch 1.1.0 and later, you should call them in the opposite order: `optimizer.step()` before `lr_scheduler.step()`.  Failure to do this will result in PyTorch skipping the first value of the learning rate schedule. See more details at https://pytorch.org/docs/stable/optim.html#how-to-adjust-learning-rate
  warnings.warn(
2025-08-14 21:56:07,206 - INFO - Fold 3, Epoch 10: Val Acc: 0.56%
2025-08-14 21:56:12,326 - INFO - Fold 3, Epoch 20: Val Acc: 0.58%
2025-08-14 21:56:19,011 - INFO - Fold 3, Epoch 30: Val Acc: 0.67%
2025-08-14 21:56:24,275 - INFO - Fold 3, Epoch 40: Val Acc: 0.60%
2025-08-14 21:56:28,083 - INFO - Fold 3, Epoch 50: Val Acc: 0.58%
2025-08-14 21:56:31,875 - INFO - Fold 3, Epoch 60: Val Acc: 0.62%
2025-08-14 21:56:37,079 - INFO - Fold 3, Epoch 70: Val Acc: 0.67%
2025-08-14 21:56:40,881 - INFO - Fold 3, Epoch 80: Val Acc: 0.69%
2025-08-14 21:56:44,678 - INFO - Fold 3, Epoch 90: Val Acc: 0.71%
2025-08-14 21:56:48,471 - INFO - Fold 3, Epoch 100: Val Acc: 0.75%
2025-08-14 21:56:52,251 - INFO - Fold 3, Epoch 110: Val Acc: 0.73%
2025-08-14 21:56:56,019 - INFO - Fold 3, Epoch 120: Val Acc: 0.60%
2025-08-14 21:56:59,795 - INFO - Fold 3, Epoch 130: Val Acc: 0.73%
2025-08-14 21:57:03,551 - INFO - Fold 3, Epoch 140: Val Acc: 0.73%
2025-08-14 21:57:07,371 - INFO - Fold 3, Epoch 150: Val Acc: 0.77%
2025-08-14 21:57:11,136 - INFO - Fold 3, Epoch 160: Val Acc: 0.77%
2025-08-14 21:57:13,190 - INFO - Early stopping at epoch 166
2025-08-14 21:57:14,297 - INFO - Cross-validation statistics for transformer: {'train_loss': {'mean': np.float64(3.2659463352627225), 'std': np.float64(0.3045399519875702)}, 'train_accuracy': {'mean': np.float64(0.7083333333333334), 'std': np.float64(0.07654655446197427)}, 'val_loss': {'mean': np.float64(3.9012825753953724), 'std': np.float64(0.3289171556591983)}, 'val_accuracy': {'mean': np.float64(0.8402777777777778), 'std': np.float64(0.04280843057617338)}, 'epoch': {'mean': np.float64(80.66666666666667), 'std': np.float64(61.829514706884844)}}
[I 2025-08-14 21:57:14,305] Trial 58 finished with value: -0.8402777777777778 and parameters: {'learning_rate': 0.000608131064348767, 'batch_size': 16, 'num_epochs': 686, 'temperature': 0.09744729032394533, 'embedding_dim': 128, 'hidden_dim': 128, 'dropout': 0.47021476095649456, 'num_layers': 5, 'num_heads': 8, 'noise_enabled': True, 'shift_enabled': False, 'scale_enabled': True, 'crop_enabled': True, 'flip_enabled': False, 'permutation_enabled': False, 'noise_level': 0.1549142782311392, 'crop_size': 0.534653599668642}. Best is trial 9 with value: -0.9270833333333334.
Actual device being used: cuda
Attempting to load data from: /vol/ecrg-solar/woodj4/fishy-business/data/REIMS.xlsx
Trial 58 finished with value: -0.8402777777777778 and parameters: {'learning_rate': 0.000608131064348767, 'batch_size': 16, 'num_epochs': 686, 'temperature': 0.09744729032394533, 'embedding_dim': 128, 'hidden_dim': 128, 'dropout': 0.47021476095649456, 'num_layers': 5, 'num_heads': 8, 'noise_enabled': True, 'shift_enabled': False, 'scale_enabled': True, 'crop_enabled': True, 'flip_enabled': False, 'permutation_enabled': False, 'noise_level': 0.1549142782311392, 'crop_size': 0.534653599668642}. Best is trial 9 with value: -0.9270833333333334.
2025-08-14 21:57:14,340 - INFO - Using device: cuda
2025-08-14 21:57:24,272 - INFO - --- Starting Fold 1/3 ---
2025-08-14 21:57:24,274 - INFO - Generated pairs. Train: 1128 (Positive: 48). Val: 276 (Positive: 24)
2025-08-14 21:57:24,274 - WARNING - Fold 1 has insufficient pairs to form a batch. Skipping.
2025-08-14 21:57:24,274 - INFO - --- Starting Fold 2/3 ---
2025-08-14 21:57:24,275 - INFO - Generated pairs. Train: 1128 (Positive: 48). Val: 276 (Positive: 24)
2025-08-14 21:57:24,275 - WARNING - Fold 2 has insufficient pairs to form a batch. Skipping.
2025-08-14 21:57:24,275 - INFO - --- Starting Fold 3/3 ---
2025-08-14 21:57:24,277 - INFO - Generated pairs. Train: 1128 (Positive: 48). Val: 276 (Positive: 24)
2025-08-14 21:57:24,277 - WARNING - Fold 3 has insufficient pairs to form a batch. Skipping.
2025-08-14 21:57:24,277 - WARNING - No folds completed successfully to aggregate metrics.
[I 2025-08-14 21:57:24,279] Trial 59 finished with value: inf and parameters: {'learning_rate': 0.00033817102603473997, 'batch_size': 64, 'num_epochs': 847, 'temperature': 0.07017883737866265, 'embedding_dim': 256, 'hidden_dim': 256, 'dropout': 0.4491483603159302, 'num_layers': 4, 'num_heads': 8, 'noise_enabled': True, 'shift_enabled': True, 'scale_enabled': True, 'crop_enabled': True, 'flip_enabled': False, 'permutation_enabled': False, 'noise_level': 0.19067306725979905, 'crop_size': 0.5099052364263982}. Best is trial 9 with value: -0.9270833333333334.
Actual device being used: cuda
Attempting to load data from: /vol/ecrg-solar/woodj4/fishy-business/data/REIMS.xlsx
