Trial 168 finished with value: -0.7395833333333334 and parameters: {'learning_rate': 0.00031990862422904664, 'batch_size': 32, 'num_epochs': 961, 'temperature': 0.3926347808719333, 'embedding_dim': 256, 'hidden_dim': 256, 'dropout': 0.2398602787062458, 'num_layers': 5, 'num_heads': 2, 'noise_enabled': True, 'shift_enabled': False, 'scale_enabled': True, 'crop_enabled': False, 'flip_enabled': False, 'permutation_enabled': True, 'noise_level': 0.08421750111512673}. Best is trial 92 with value: -0.9479166666666666.
2025-08-15 03:08:55,030 - INFO - Using device: cuda
2025-08-15 03:09:04,696 - INFO - --- Starting Fold 1/3 ---
2025-08-15 03:09:04,697 - INFO - Generated pairs. Train: 1128 (Positive: 48). Val: 276 (Positive: 24)
2025-08-15 03:09:04,698 - INFO - Starting training for fold 1/3
2025-08-15 03:09:15,858 - INFO - Fold 1, Epoch 10: Val Acc: 0.69%
2025-08-15 03:09:17,771 - INFO - Fold 1, Epoch 20: Val Acc: 0.75%
2025-08-15 03:09:24,252 - INFO - Fold 1, Epoch 30: Val Acc: 0.78%
2025-08-15 03:09:26,414 - INFO - Fold 1, Epoch 40: Val Acc: 0.72%
2025-08-15 03:09:28,228 - INFO - Fold 1, Epoch 50: Val Acc: 0.72%
2025-08-15 03:09:30,365 - INFO - Fold 1, Epoch 60: Val Acc: 0.78%
2025-08-15 03:09:32,343 - INFO - Fold 1, Epoch 70: Val Acc: 0.84%
2025-08-15 03:09:34,180 - INFO - Fold 1, Epoch 80: Val Acc: 0.62%
2025-08-15 03:09:36,367 - INFO - Fold 1, Epoch 90: Val Acc: 0.66%
2025-08-15 03:09:38,623 - INFO - Fold 1, Epoch 100: Val Acc: 0.56%
2025-08-15 03:09:40,695 - INFO - Fold 1, Epoch 110: Val Acc: 0.69%
2025-08-15 03:09:42,925 - INFO - Fold 1, Epoch 120: Val Acc: 0.66%
2025-08-15 03:09:44,933 - INFO - Early stopping at epoch 129
2025-08-15 03:09:48,489 - INFO - --- Starting Fold 2/3 ---
2025-08-15 03:09:48,492 - INFO - Generated pairs. Train: 1128 (Positive: 48). Val: 276 (Positive: 24)
2025-08-15 03:09:48,492 - INFO - Starting training for fold 2/3
2025-08-15 03:09:55,191 - INFO - Fold 2, Epoch 10: Val Acc: 0.72%
2025-08-15 03:09:57,585 - INFO - Fold 2, Epoch 20: Val Acc: 0.59%
2025-08-15 03:10:03,089 - INFO - Fold 2, Epoch 30: Val Acc: 0.81%
2025-08-15 03:10:05,059 - INFO - Fold 2, Epoch 40: Val Acc: 0.78%
2025-08-15 03:10:07,110 - INFO - Fold 2, Epoch 50: Val Acc: 0.72%
2025-08-15 03:10:09,326 - INFO - Fold 2, Epoch 60: Val Acc: 0.75%
2025-08-15 03:10:12,926 - INFO - Fold 2, Epoch 70: Val Acc: 0.75%
2025-08-15 03:10:16,536 - INFO - Fold 2, Epoch 80: Val Acc: 0.69%
2025-08-15 03:10:18,732 - INFO - Fold 2, Epoch 90: Val Acc: 0.69%
2025-08-15 03:10:20,947 - INFO - Fold 2, Epoch 100: Val Acc: 0.69%
2025-08-15 03:10:23,165 - INFO - Fold 2, Epoch 110: Val Acc: 0.62%
2025-08-15 03:10:25,393 - INFO - Fold 2, Epoch 120: Val Acc: 0.84%
2025-08-15 03:10:27,605 - INFO - Fold 2, Epoch 130: Val Acc: 0.75%
2025-08-15 03:10:29,820 - INFO - Fold 2, Epoch 140: Val Acc: 0.88%
2025-08-15 03:10:32,044 - INFO - Fold 2, Epoch 150: Val Acc: 0.75%
2025-08-15 03:10:34,264 - INFO - Fold 2, Epoch 160: Val Acc: 0.84%
2025-08-15 03:10:36,477 - INFO - Fold 2, Epoch 170: Val Acc: 0.53%
2025-08-15 03:10:37,787 - INFO - Early stopping at epoch 176
2025-08-15 03:10:40,754 - INFO - --- Starting Fold 3/3 ---
2025-08-15 03:10:40,757 - INFO - Generated pairs. Train: 1128 (Positive: 48). Val: 276 (Positive: 24)
2025-08-15 03:10:40,758 - INFO - Starting training for fold 3/3
2025-08-15 03:10:47,592 - INFO - Fold 3, Epoch 10: Val Acc: 0.56%
2025-08-15 03:10:49,816 - INFO - Fold 3, Epoch 20: Val Acc: 0.84%
2025-08-15 03:10:52,039 - INFO - Fold 3, Epoch 30: Val Acc: 0.62%
2025-08-15 03:10:54,258 - INFO - Fold 3, Epoch 40: Val Acc: 0.56%
2025-08-15 03:10:56,437 - INFO - Fold 3, Epoch 50: Val Acc: 0.72%
2025-08-15 03:10:58,399 - INFO - Fold 3, Epoch 60: Val Acc: 0.66%
2025-08-15 03:11:00,426 - INFO - Fold 3, Epoch 70: Val Acc: 0.72%
2025-08-15 03:11:04,107 - INFO - Fold 3, Epoch 80: Val Acc: 0.75%
2025-08-15 03:11:06,326 - INFO - Fold 3, Epoch 90: Val Acc: 0.72%
2025-08-15 03:11:08,550 - INFO - Fold 3, Epoch 100: Val Acc: 0.84%
2025-08-15 03:11:10,768 - INFO - Fold 3, Epoch 110: Val Acc: 0.78%
2025-08-15 03:11:12,992 - INFO - Fold 3, Epoch 120: Val Acc: 0.69%
2025-08-15 03:11:15,213 - INFO - Fold 3, Epoch 130: Val Acc: 0.78%
2025-08-15 03:11:17,142 - INFO - Fold 3, Epoch 140: Val Acc: 0.62%
2025-08-15 03:11:19,147 - INFO - Fold 3, Epoch 150: Val Acc: 0.75%
2025-08-15 03:11:22,519 - INFO - Fold 3, Epoch 160: Val Acc: 0.69%
2025-08-15 03:11:24,683 - INFO - Fold 3, Epoch 170: Val Acc: 0.72%
2025-08-15 03:11:26,878 - INFO - Fold 3, Epoch 180: Val Acc: 0.72%
2025-08-15 03:11:29,082 - INFO - Fold 3, Epoch 190: Val Acc: 0.78%
2025-08-15 03:11:30,971 - INFO - Fold 3, Epoch 200: Val Acc: 0.81%
2025-08-15 03:11:32,779 - INFO - Fold 3, Epoch 210: Val Acc: 0.59%
2025-08-15 03:11:34,995 - INFO - Fold 3, Epoch 220: Val Acc: 0.78%
2025-08-15 03:11:37,221 - INFO - Fold 3, Epoch 230: Val Acc: 0.78%
2025-08-15 03:11:39,446 - INFO - Fold 3, Epoch 240: Val Acc: 0.66%
2025-08-15 03:11:41,518 - INFO - Fold 3, Epoch 250: Val Acc: 0.69%
2025-08-15 03:11:42,186 - INFO - Early stopping at epoch 253
2025-08-15 03:11:45,207 - INFO - Cross-validation statistics for transformer: {'train_loss': {'mean': np.float64(3.9185250335269504), 'std': np.float64(0.05881428255750029)}, 'train_accuracy': {'mean': np.float64(0.7916666666666666), 'std': np.float64(0.03897559777889522)}, 'val_loss': {'mean': np.float64(4.26935338973999), 'std': np.float64(0.012453784825015246)}, 'val_accuracy': {'mean': np.float64(0.90625), 'std': np.float64(0.02551551815399144)}, 'epoch': {'mean': np.float64(85.0), 'std': np.float64(51.11425111127685)}}
[I 2025-08-15 03:11:45,219] Trial 169 finished with value: -0.90625 and parameters: {'learning_rate': 0.0005484932054600092, 'batch_size': 32, 'num_epochs': 891, 'temperature': 0.3411819738504078, 'embedding_dim': 256, 'hidden_dim': 256, 'dropout': 0.18843936271150144, 'num_layers': 5, 'num_heads': 8, 'noise_enabled': True, 'shift_enabled': False, 'scale_enabled': False, 'crop_enabled': True, 'flip_enabled': False, 'permutation_enabled': False, 'noise_level': 0.10645740809407189, 'crop_size': 0.5032675283481993}. Best is trial 92 with value: -0.9479166666666666.
Actual device being used: cuda
Attempting to load data from: /vol/ecrg-solar/woodj4/fishy-business/data/REIMS.xlsx
Trial 169 finished with value: -0.90625 and parameters: {'learning_rate': 0.0005484932054600092, 'batch_size': 32, 'num_epochs': 891, 'temperature': 0.3411819738504078, 'embedding_dim': 256, 'hidden_dim': 256, 'dropout': 0.18843936271150144, 'num_layers': 5, 'num_heads': 8, 'noise_enabled': True, 'shift_enabled': False, 'scale_enabled': False, 'crop_enabled': True, 'flip_enabled': False, 'permutation_enabled': False, 'noise_level': 0.10645740809407189, 'crop_size': 0.5032675283481993}. Best is trial 92 with value: -0.9479166666666666.
2025-08-15 03:11:45,311 - INFO - Using device: cuda
2025-08-15 03:11:55,181 - INFO - --- Starting Fold 1/3 ---
2025-08-15 03:11:55,183 - INFO - Generated pairs. Train: 1128 (Positive: 48). Val: 276 (Positive: 24)
2025-08-15 03:11:55,183 - INFO - Starting training for fold 1/3
2025-08-15 03:12:05,366 - INFO - Fold 1, Epoch 10: Val Acc: 0.59%
2025-08-15 03:12:12,726 - INFO - Fold 1, Epoch 20: Val Acc: 0.66%
2025-08-15 03:12:17,794 - INFO - Fold 1, Epoch 30: Val Acc: 0.56%
2025-08-15 03:12:22,936 - INFO - Fold 1, Epoch 40: Val Acc: 0.59%
2025-08-15 03:12:28,055 - INFO - Fold 1, Epoch 50: Val Acc: 0.50%
2025-08-15 03:12:30,297 - INFO - Fold 1, Epoch 60: Val Acc: 0.78%
2025-08-15 03:12:32,753 - INFO - Fold 1, Epoch 70: Val Acc: 0.62%
2025-08-15 03:12:37,838 - INFO - Fold 1, Epoch 80: Val Acc: 0.62%
2025-08-15 03:12:40,293 - INFO - Fold 1, Epoch 90: Val Acc: 0.78%
2025-08-15 03:12:42,756 - INFO - Fold 1, Epoch 100: Val Acc: 0.81%
2025-08-15 03:12:45,201 - INFO - Fold 1, Epoch 110: Val Acc: 0.62%
2025-08-15 03:12:47,656 - INFO - Fold 1, Epoch 120: Val Acc: 0.78%
2025-08-15 03:12:50,116 - INFO - Fold 1, Epoch 130: Val Acc: 0.75%
2025-08-15 03:12:52,572 - INFO - Fold 1, Epoch 140: Val Acc: 0.53%
2025-08-15 03:12:55,040 - INFO - Fold 1, Epoch 150: Val Acc: 0.75%
2025-08-15 03:12:57,501 - INFO - Fold 1, Epoch 160: Val Acc: 0.72%
2025-08-15 03:12:59,958 - INFO - Fold 1, Epoch 170: Val Acc: 0.62%
2025-08-15 03:13:00,695 - INFO - Early stopping at epoch 173
2025-08-15 03:13:04,729 - INFO - --- Starting Fold 2/3 ---
2025-08-15 03:13:04,732 - INFO - Generated pairs. Train: 1128 (Positive: 48). Val: 276 (Positive: 24)
2025-08-15 03:13:04,733 - INFO - Starting training for fold 2/3
2025-08-15 03:13:15,500 - INFO - Fold 2, Epoch 10: Val Acc: 0.69%
2025-08-15 03:13:19,350 - INFO - Fold 2, Epoch 20: Val Acc: 0.62%
2025-08-15 03:13:21,386 - INFO - Fold 2, Epoch 30: Val Acc: 0.69%
2025-08-15 03:13:25,024 - INFO - Fold 2, Epoch 40: Val Acc: 0.75%
2025-08-15 03:13:27,481 - INFO - Fold 2, Epoch 50: Val Acc: 0.62%
2025-08-15 03:13:31,241 - INFO - Fold 2, Epoch 60: Val Acc: 0.62%
2025-08-15 03:13:33,265 - INFO - Fold 2, Epoch 70: Val Acc: 0.81%
2025-08-15 03:13:35,382 - INFO - Fold 2, Epoch 80: Val Acc: 0.81%
2025-08-15 03:13:37,915 - INFO - Fold 2, Epoch 90: Val Acc: 0.75%
2025-08-15 03:13:40,443 - INFO - Fold 2, Epoch 100: Val Acc: 0.81%
2025-08-15 03:13:42,981 - INFO - Fold 2, Epoch 110: Val Acc: 0.91%
2025-08-15 03:13:45,479 - INFO - Fold 2, Epoch 120: Val Acc: 0.66%
2025-08-15 03:13:47,770 - INFO - Fold 2, Epoch 130: Val Acc: 0.81%
2025-08-15 03:13:50,314 - INFO - Fold 2, Epoch 140: Val Acc: 0.84%
2025-08-15 03:13:52,702 - INFO - Fold 2, Epoch 150: Val Acc: 0.81%
2025-08-15 03:13:53,075 - INFO - Early stopping at epoch 152
2025-08-15 03:13:54,344 - INFO - --- Starting Fold 3/3 ---
2025-08-15 03:13:54,346 - INFO - Generated pairs. Train: 1128 (Positive: 48). Val: 276 (Positive: 24)
2025-08-15 03:13:54,347 - INFO - Starting training for fold 3/3
2025-08-15 03:14:03,828 - INFO - Fold 3, Epoch 10: Val Acc: 0.66%
2025-08-15 03:14:09,543 - INFO - Fold 3, Epoch 20: Val Acc: 0.53%
2025-08-15 03:14:13,466 - INFO - Fold 3, Epoch 30: Val Acc: 0.75%
2025-08-15 03:14:15,451 - INFO - Fold 3, Epoch 40: Val Acc: 0.66%
2025-08-15 03:14:17,474 - INFO - Fold 3, Epoch 50: Val Acc: 0.81%
2025-08-15 03:14:19,765 - INFO - Fold 3, Epoch 60: Val Acc: 0.69%
2025-08-15 03:14:22,138 - INFO - Fold 3, Epoch 70: Val Acc: 0.66%
2025-08-15 03:14:25,911 - INFO - Fold 3, Epoch 80: Val Acc: 0.88%
2025-08-15 03:14:30,071 - INFO - Fold 3, Epoch 90: Val Acc: 0.81%
2025-08-15 03:14:32,027 - INFO - Fold 3, Epoch 100: Val Acc: 0.72%
2025-08-15 03:14:34,233 - INFO - Fold 3, Epoch 110: Val Acc: 0.69%
2025-08-15 03:14:36,496 - INFO - Fold 3, Epoch 120: Val Acc: 0.66%
2025-08-15 03:14:38,952 - INFO - Fold 3, Epoch 130: Val Acc: 0.78%
2025-08-15 03:14:41,417 - INFO - Fold 3, Epoch 140: Val Acc: 0.72%
2025-08-15 03:14:43,590 - INFO - Fold 3, Epoch 150: Val Acc: 0.72%
2025-08-15 03:14:45,946 - INFO - Fold 3, Epoch 160: Val Acc: 0.75%
2025-08-15 03:14:48,071 - INFO - Fold 3, Epoch 170: Val Acc: 0.66%
2025-08-15 03:14:50,167 - INFO - Fold 3, Epoch 180: Val Acc: 0.69%
2025-08-15 03:14:50,382 - INFO - Early stopping at epoch 181
2025-08-15 03:14:53,642 - INFO - Cross-validation statistics for transformer: {'train_loss': {'mean': np.float64(3.9720371299319797), 'std': np.float64(0.03177547578098622)}, 'train_accuracy': {'mean': np.float64(0.7569444444444445), 'std': np.float64(0.004910463758239948)}, 'val_loss': {'mean': np.float64(4.2134528160095215), 'std': np.float64(0.1038357500380988)}, 'val_accuracy': {'mean': np.float64(0.9166666666666666), 'std': np.float64(0.01473139127471974)}, 'epoch': {'mean': np.float64(67.66666666666667), 'std': np.float64(12.229290885229426)}}
[I 2025-08-15 03:14:53,654] Trial 170 finished with value: -0.9166666666666666 and parameters: {'learning_rate': 0.0003962438521865698, 'batch_size': 32, 'num_epochs': 880, 'temperature': 0.31440776059251047, 'embedding_dim': 256, 'hidden_dim': 256, 'dropout': 0.47391171894540957, 'num_layers': 6, 'num_heads': 8, 'noise_enabled': True, 'shift_enabled': False, 'scale_enabled': True, 'crop_enabled': True, 'flip_enabled': False, 'permutation_enabled': False, 'noise_level': 0.051667719694045836, 'crop_size': 0.5382897965541226}. Best is trial 92 with value: -0.9479166666666666.
Actual device being used: cuda
Attempting to load data from: /vol/ecrg-solar/woodj4/fishy-business/data/REIMS.xlsx
Trial 170 finished with value: -0.9166666666666666 and parameters: {'learning_rate': 0.0003962438521865698, 'batch_size': 32, 'num_epochs': 880, 'temperature': 0.31440776059251047, 'embedding_dim': 256, 'hidden_dim': 256, 'dropout': 0.47391171894540957, 'num_layers': 6, 'num_heads': 8, 'noise_enabled': True, 'shift_enabled': False, 'scale_enabled': True, 'crop_enabled': True, 'flip_enabled': False, 'permutation_enabled': False, 'noise_level': 0.051667719694045836, 'crop_size': 0.5382897965541226}. Best is trial 92 with value: -0.9479166666666666.
2025-08-15 03:14:53,747 - INFO - Using device: cuda
2025-08-15 03:15:03,555 - INFO - --- Starting Fold 1/3 ---
2025-08-15 03:15:03,557 - INFO - Generated pairs. Train: 1128 (Positive: 48). Val: 276 (Positive: 24)
2025-08-15 03:15:03,557 - INFO - Starting training for fold 1/3
2025-08-15 03:15:14,758 - INFO - Fold 1, Epoch 10: Val Acc: 0.56%
2025-08-15 03:15:21,142 - INFO - Fold 1, Epoch 20: Val Acc: 0.59%
2025-08-15 03:15:23,131 - INFO - Fold 1, Epoch 30: Val Acc: 0.72%
2025-08-15 03:15:29,350 - INFO - Fold 1, Epoch 40: Val Acc: 0.72%
2025-08-15 03:15:33,138 - INFO - Fold 1, Epoch 50: Val Acc: 0.84%
2025-08-15 03:15:37,009 - INFO - Fold 1, Epoch 60: Val Acc: 0.69%
2025-08-15 03:15:38,724 - INFO - Fold 1, Epoch 70: Val Acc: 0.62%
2025-08-15 03:15:40,631 - INFO - Fold 1, Epoch 80: Val Acc: 0.66%
2025-08-15 03:15:42,344 - INFO - Fold 1, Epoch 90: Val Acc: 0.81%
2025-08-15 03:15:44,056 - INFO - Fold 1, Epoch 100: Val Acc: 0.66%
2025-08-15 03:15:45,769 - INFO - Fold 1, Epoch 110: Val Acc: 0.62%
2025-08-15 03:15:47,482 - INFO - Fold 1, Epoch 120: Val Acc: 0.69%
2025-08-15 03:15:49,208 - INFO - Fold 1, Epoch 130: Val Acc: 0.66%
2025-08-15 03:15:51,192 - INFO - Fold 1, Epoch 140: Val Acc: 0.62%
2025-08-15 03:15:53,184 - INFO - Fold 1, Epoch 150: Val Acc: 0.62%
2025-08-15 03:15:54,484 - INFO - Early stopping at epoch 156
2025-08-15 03:15:58,055 - INFO - --- Starting Fold 2/3 ---
2025-08-15 03:15:58,057 - INFO - Generated pairs. Train: 1128 (Positive: 48). Val: 276 (Positive: 24)
2025-08-15 03:15:58,058 - INFO - Starting training for fold 2/3
2025-08-15 03:16:01,988 - INFO - Fold 2, Epoch 10: Val Acc: 0.50%
2025-08-15 03:16:08,422 - INFO - Fold 2, Epoch 20: Val Acc: 0.62%
2025-08-15 03:16:13,254 - INFO - Fold 2, Epoch 30: Val Acc: 0.69%
2025-08-15 03:16:15,278 - INFO - Fold 2, Epoch 40: Val Acc: 0.72%
2025-08-15 03:16:17,505 - INFO - Fold 2, Epoch 50: Val Acc: 0.62%
2025-08-15 03:16:19,707 - INFO - Fold 2, Epoch 60: Val Acc: 0.66%
2025-08-15 03:16:21,947 - INFO - Fold 2, Epoch 70: Val Acc: 0.69%
2025-08-15 03:16:25,441 - INFO - Fold 2, Epoch 80: Val Acc: 0.78%
2025-08-15 03:16:28,827 - INFO - Fold 2, Epoch 90: Val Acc: 0.78%
2025-08-15 03:16:30,835 - INFO - Fold 2, Epoch 100: Val Acc: 0.72%
2025-08-15 03:16:33,166 - INFO - Fold 2, Epoch 110: Val Acc: 0.72%
2025-08-15 03:16:35,171 - INFO - Fold 2, Epoch 120: Val Acc: 0.78%
2025-08-15 03:16:37,504 - INFO - Fold 2, Epoch 130: Val Acc: 0.78%
2025-08-15 03:16:39,686 - INFO - Fold 2, Epoch 140: Val Acc: 0.84%
2025-08-15 03:16:41,819 - INFO - Fold 2, Epoch 150: Val Acc: 0.81%
2025-08-15 03:16:43,943 - INFO - Fold 2, Epoch 160: Val Acc: 0.84%
2025-08-15 03:16:46,171 - INFO - Fold 2, Epoch 170: Val Acc: 0.84%
2025-08-15 03:16:48,392 - INFO - Fold 2, Epoch 180: Val Acc: 0.69%
2025-08-15 03:16:48,581 - INFO - Early stopping at epoch 181
2025-08-15 03:16:51,410 - INFO - --- Starting Fold 3/3 ---
2025-08-15 03:16:51,413 - INFO - Generated pairs. Train: 1128 (Positive: 48). Val: 276 (Positive: 24)
2025-08-15 03:16:51,413 - INFO - Starting training for fold 3/3
2025-08-15 03:16:58,053 - INFO - Fold 3, Epoch 10: Val Acc: 0.59%
2025-08-15 03:17:03,092 - INFO - Fold 3, Epoch 20: Val Acc: 0.69%
2025-08-15 03:17:05,315 - INFO - Fold 3, Epoch 30: Val Acc: 0.66%
2025-08-15 03:17:09,028 - INFO - Fold 3, Epoch 40: Val Acc: 0.69%
2025-08-15 03:17:11,112 - INFO - Fold 3, Epoch 50: Val Acc: 0.62%
2025-08-15 03:17:13,153 - INFO - Fold 3, Epoch 60: Val Acc: 0.81%
2025-08-15 03:17:16,683 - INFO - Fold 3, Epoch 70: Val Acc: 0.88%
2025-08-15 03:17:20,358 - INFO - Fold 3, Epoch 80: Val Acc: 0.88%
2025-08-15 03:17:22,578 - INFO - Fold 3, Epoch 90: Val Acc: 0.56%
2025-08-15 03:17:24,792 - INFO - Fold 3, Epoch 100: Val Acc: 0.81%
2025-08-15 03:17:27,007 - INFO - Fold 3, Epoch 110: Val Acc: 0.69%
2025-08-15 03:17:29,233 - INFO - Fold 3, Epoch 120: Val Acc: 0.78%
2025-08-15 03:17:31,465 - INFO - Fold 3, Epoch 130: Val Acc: 0.72%
2025-08-15 03:17:33,688 - INFO - Fold 3, Epoch 140: Val Acc: 0.81%
2025-08-15 03:17:35,917 - INFO - Fold 3, Epoch 150: Val Acc: 0.75%
2025-08-15 03:17:38,140 - INFO - Fold 3, Epoch 160: Val Acc: 0.78%
2025-08-15 03:17:40,357 - INFO - Fold 3, Epoch 170: Val Acc: 0.72%
2025-08-15 03:17:42,131 - INFO - Early stopping at epoch 178
2025-08-15 03:17:43,164 - INFO - Cross-validation statistics for transformer: {'train_loss': {'mean': np.float64(3.9251906871795654), 'std': np.float64(0.022901970976040558)}, 'train_accuracy': {'mean': np.float64(0.7395833333333334), 'std': np.float64(0.008505172717997117)}, 'val_loss': {'mean': np.float64(4.121096928914388), 'std': np.float64(0.09056301847739713)}, 'val_accuracy': {'mean': np.float64(0.9166666666666666), 'std': np.float64(0.01473139127471974)}, 'epoch': {'mean': np.float64(70.66666666666667), 'std': np.float64(11.14550233153366)}}
[I 2025-08-15 03:17:43,170] Trial 171 finished with value: -0.9166666666666666 and parameters: {'learning_rate': 0.000419866554188736, 'batch_size': 32, 'num_epochs': 322, 'temperature': 0.302318999745944, 'embedding_dim': 256, 'hidden_dim': 256, 'dropout': 0.1780447817101292, 'num_layers': 5, 'num_heads': 2, 'noise_enabled': True, 'shift_enabled': False, 'scale_enabled': True, 'crop_enabled': True, 'flip_enabled': False, 'permutation_enabled': False, 'noise_level': 0.08785264462463246, 'crop_size': 0.516925758121089}. Best is trial 92 with value: -0.9479166666666666.
Actual device being used: cuda
Attempting to load data from: /vol/ecrg-solar/woodj4/fishy-business/data/REIMS.xlsx
