nohup: ignoring input
[I 2025-08-14 19:35:32,986] A new study created in memory with name: contrastive_simclr_transformer_optimization
A new study created in memory with name: contrastive_simclr_transformer_optimization
2025-08-14 19:35:33,144 - INFO - Using device: cuda
2025-08-14 19:35:43,346 - INFO - --- Starting Fold 1/3 ---
2025-08-14 19:35:43,348 - INFO - Generated pairs. Train: 1128 (Positive: 48). Val: 276 (Positive: 24)
2025-08-14 19:35:43,348 - WARNING - Fold 1 has insufficient pairs to form a batch. Skipping.
2025-08-14 19:35:43,348 - INFO - --- Starting Fold 2/3 ---
2025-08-14 19:35:43,349 - INFO - Generated pairs. Train: 1128 (Positive: 48). Val: 276 (Positive: 24)
2025-08-14 19:35:43,349 - WARNING - Fold 2 has insufficient pairs to form a batch. Skipping.
2025-08-14 19:35:43,350 - INFO - --- Starting Fold 3/3 ---
2025-08-14 19:35:43,351 - INFO - Generated pairs. Train: 1128 (Positive: 48). Val: 276 (Positive: 24)
2025-08-14 19:35:43,351 - WARNING - Fold 3 has insufficient pairs to form a batch. Skipping.
2025-08-14 19:35:43,351 - WARNING - No folds completed successfully to aggregate metrics.
[I 2025-08-14 19:35:43,354] Trial 0 finished with value: inf and parameters: {'learning_rate': 0.00014957534558131627, 'batch_size': 64, 'num_epochs': 125, 'temperature': 0.2868016815348735, 'embedding_dim': 512, 'hidden_dim': 128, 'dropout': 0.14337063669301872, 'num_layers': 4, 'num_heads': 8, 'noise_enabled': True, 'shift_enabled': True, 'scale_enabled': True, 'crop_enabled': False, 'flip_enabled': False, 'permutation_enabled': False, 'noise_level': 0.11733579825567615}. Best is trial 0 with value: inf.
Actual device being used: cuda
Attempting to load data from: /vol/ecrg-solar/woodj4/fishy-business/data/REIMS.xlsx
Trial 0 finished with value: inf and parameters: {'learning_rate': 0.00014957534558131627, 'batch_size': 64, 'num_epochs': 125, 'temperature': 0.2868016815348735, 'embedding_dim': 512, 'hidden_dim': 128, 'dropout': 0.14337063669301872, 'num_layers': 4, 'num_heads': 8, 'noise_enabled': True, 'shift_enabled': True, 'scale_enabled': True, 'crop_enabled': False, 'flip_enabled': False, 'permutation_enabled': False, 'noise_level': 0.11733579825567615}. Best is trial 0 with value: inf.
2025-08-14 19:35:43,355 - INFO - Using device: cuda
2025-08-14 19:35:53,355 - INFO - --- Starting Fold 1/3 ---
2025-08-14 19:35:53,356 - INFO - Generated pairs. Train: 1128 (Positive: 48). Val: 276 (Positive: 24)
2025-08-14 19:35:53,357 - INFO - Starting training for fold 1/3
2025-08-14 19:36:02,936 - INFO - Fold 1, Epoch 10: Val Acc: 0.44%
2025-08-14 19:36:06,753 - INFO - Fold 1, Epoch 20: Val Acc: 0.48%
2025-08-14 19:36:12,259 - INFO - Fold 1, Epoch 30: Val Acc: 0.50%
2025-08-14 19:36:17,996 - INFO - Fold 1, Epoch 40: Val Acc: 0.48%
2025-08-14 19:36:21,494 - INFO - Fold 1, Epoch 50: Val Acc: 0.54%
2025-08-14 19:36:24,918 - INFO - Fold 1, Epoch 60: Val Acc: 0.50%
2025-08-14 19:36:28,260 - INFO - Fold 1, Epoch 70: Val Acc: 0.52%
2025-08-14 19:36:31,736 - INFO - Fold 1, Epoch 80: Val Acc: 0.50%
2025-08-14 19:36:35,608 - INFO - Fold 1, Epoch 90: Val Acc: 0.46%
2025-08-14 19:36:39,473 - INFO - Fold 1, Epoch 100: Val Acc: 0.54%
2025-08-14 19:36:43,353 - INFO - Fold 1, Epoch 110: Val Acc: 0.50%
2025-08-14 19:36:49,623 - INFO - --- Starting Fold 2/3 ---
2025-08-14 19:36:49,626 - INFO - Generated pairs. Train: 1128 (Positive: 48). Val: 276 (Positive: 24)
2025-08-14 19:36:49,627 - INFO - Starting training for fold 2/3
2025-08-14 19:36:56,191 - INFO - Fold 2, Epoch 10: Val Acc: 0.50%
2025-08-14 19:36:58,862 - INFO - Fold 2, Epoch 20: Val Acc: 0.50%
2025-08-14 19:37:01,828 - INFO - Fold 2, Epoch 30: Val Acc: 0.48%
2025-08-14 19:37:05,561 - INFO - Fold 2, Epoch 40: Val Acc: 0.52%
2025-08-14 19:37:09,289 - INFO - Fold 2, Epoch 50: Val Acc: 0.48%
2025-08-14 19:37:13,021 - INFO - Fold 2, Epoch 60: Val Acc: 0.46%
2025-08-14 19:37:18,348 - INFO - Fold 2, Epoch 70: Val Acc: 0.54%
2025-08-14 19:37:23,512 - INFO - Fold 2, Epoch 80: Val Acc: 0.50%
2025-08-14 19:37:26,943 - INFO - Fold 2, Epoch 90: Val Acc: 0.54%
2025-08-14 19:37:30,619 - INFO - Fold 2, Epoch 100: Val Acc: 0.46%
2025-08-14 19:37:34,344 - INFO - Fold 2, Epoch 110: Val Acc: 0.50%
2025-08-14 19:37:39,889 - INFO - --- Starting Fold 3/3 ---
2025-08-14 19:37:39,893 - INFO - Generated pairs. Train: 1128 (Positive: 48). Val: 276 (Positive: 24)
2025-08-14 19:37:39,894 - INFO - Starting training for fold 3/3
/usr/pkg/lib/python3.12/site-packages/torch/optim/lr_scheduler.py:227: UserWarning: Detected call of `lr_scheduler.step()` before `optimizer.step()`. In PyTorch 1.1.0 and later, you should call them in the opposite order: `optimizer.step()` before `lr_scheduler.step()`.  Failure to do this will result in PyTorch skipping the first value of the learning rate schedule. See more details at https://pytorch.org/docs/stable/optim.html#how-to-adjust-learning-rate
  warnings.warn(
2025-08-14 19:37:47,998 - INFO - Fold 3, Epoch 10: Val Acc: 0.44%
2025-08-14 19:37:51,735 - INFO - Fold 3, Epoch 20: Val Acc: 0.44%
2025-08-14 19:37:56,933 - INFO - Fold 3, Epoch 30: Val Acc: 0.52%
2025-08-14 19:38:00,706 - INFO - Fold 3, Epoch 40: Val Acc: 0.52%
2025-08-14 19:38:04,443 - INFO - Fold 3, Epoch 50: Val Acc: 0.46%
2025-08-14 19:38:08,162 - INFO - Fold 3, Epoch 60: Val Acc: 0.48%
2025-08-14 19:38:11,900 - INFO - Fold 3, Epoch 70: Val Acc: 0.52%
2025-08-14 19:38:15,642 - INFO - Fold 3, Epoch 80: Val Acc: 0.50%
2025-08-14 19:38:19,371 - INFO - Fold 3, Epoch 90: Val Acc: 0.52%
2025-08-14 19:38:23,114 - INFO - Fold 3, Epoch 100: Val Acc: 0.58%
2025-08-14 19:38:26,869 - INFO - Fold 3, Epoch 110: Val Acc: 0.56%
2025-08-14 19:38:30,571 - INFO - Cross-validation statistics for transformer: {'train_loss': {'mean': np.float64(3.4665134615368314), 'std': np.float64(0.01239832986740185)}, 'train_accuracy': {'mean': np.float64(0.5625), 'std': np.float64(0.008505172717997117)}, 'val_loss': {'mean': np.float64(3.5954787201351586), 'std': np.float64(0.1022141626966569)}, 'val_accuracy': {'mean': np.float64(0.625), 'std': np.float64(0.03402069087198856)}, 'epoch': {'mean': np.float64(44.333333333333336), 'std': np.float64(22.83759084394752)}}
[I 2025-08-14 19:38:30,579] Trial 1 finished with value: -0.625 and parameters: {'learning_rate': 0.0005716911682023929, 'batch_size': 16, 'num_epochs': 117, 'temperature': 0.1501035989224006, 'embedding_dim': 128, 'hidden_dim': 256, 'dropout': 0.27964536358488024, 'num_layers': 5, 'num_heads': 4, 'noise_enabled': False, 'shift_enabled': True, 'scale_enabled': False, 'crop_enabled': True, 'flip_enabled': False, 'permutation_enabled': False, 'crop_size': 0.7434120330168107}. Best is trial 1 with value: -0.625.
Actual device being used: cuda
Attempting to load data from: /vol/ecrg-solar/woodj4/fishy-business/data/REIMS.xlsx
Trial 1 finished with value: -0.625 and parameters: {'learning_rate': 0.0005716911682023929, 'batch_size': 16, 'num_epochs': 117, 'temperature': 0.1501035989224006, 'embedding_dim': 128, 'hidden_dim': 256, 'dropout': 0.27964536358488024, 'num_layers': 5, 'num_heads': 4, 'noise_enabled': False, 'shift_enabled': True, 'scale_enabled': False, 'crop_enabled': True, 'flip_enabled': False, 'permutation_enabled': False, 'crop_size': 0.7434120330168107}. Best is trial 1 with value: -0.625.
2025-08-14 19:38:30,581 - INFO - Using device: cuda
2025-08-14 19:38:40,820 - INFO - --- Starting Fold 1/3 ---
2025-08-14 19:38:40,822 - INFO - Generated pairs. Train: 1128 (Positive: 48). Val: 276 (Positive: 24)
2025-08-14 19:38:40,822 - WARNING - Fold 1 has insufficient pairs to form a batch. Skipping.
2025-08-14 19:38:40,822 - INFO - --- Starting Fold 2/3 ---
2025-08-14 19:38:40,824 - INFO - Generated pairs. Train: 1128 (Positive: 48). Val: 276 (Positive: 24)
2025-08-14 19:38:40,824 - WARNING - Fold 2 has insufficient pairs to form a batch. Skipping.
2025-08-14 19:38:40,824 - INFO - --- Starting Fold 3/3 ---
2025-08-14 19:38:40,826 - INFO - Generated pairs. Train: 1128 (Positive: 48). Val: 276 (Positive: 24)
2025-08-14 19:38:40,826 - WARNING - Fold 3 has insufficient pairs to form a batch. Skipping.
2025-08-14 19:38:40,826 - WARNING - No folds completed successfully to aggregate metrics.
[I 2025-08-14 19:38:40,829] Trial 2 finished with value: inf and parameters: {'learning_rate': 0.0007967435340902455, 'batch_size': 64, 'num_epochs': 482, 'temperature': 0.260065198972609, 'embedding_dim': 128, 'hidden_dim': 256, 'dropout': 0.3891365181093104, 'num_layers': 6, 'num_heads': 4, 'noise_enabled': False, 'shift_enabled': True, 'scale_enabled': False, 'crop_enabled': True, 'flip_enabled': False, 'permutation_enabled': False, 'crop_size': 0.8274115882112321}. Best is trial 1 with value: -0.625.
Actual device being used: cuda
Attempting to load data from: /vol/ecrg-solar/woodj4/fishy-business/data/REIMS.xlsx
Trial 2 finished with value: inf and parameters: {'learning_rate': 0.0007967435340902455, 'batch_size': 64, 'num_epochs': 482, 'temperature': 0.260065198972609, 'embedding_dim': 128, 'hidden_dim': 256, 'dropout': 0.3891365181093104, 'num_layers': 6, 'num_heads': 4, 'noise_enabled': False, 'shift_enabled': True, 'scale_enabled': False, 'crop_enabled': True, 'flip_enabled': False, 'permutation_enabled': False, 'crop_size': 0.8274115882112321}. Best is trial 1 with value: -0.625.
2025-08-14 19:38:40,830 - INFO - Using device: cuda
2025-08-14 19:38:50,713 - INFO - --- Starting Fold 1/3 ---
2025-08-14 19:38:50,714 - INFO - Generated pairs. Train: 1128 (Positive: 48). Val: 276 (Positive: 24)
2025-08-14 19:38:50,714 - INFO - Starting training for fold 1/3
2025-08-14 19:38:53,883 - INFO - Fold 1, Epoch 10: Val Acc: 0.53%
2025-08-14 19:38:55,814 - INFO - Fold 1, Epoch 20: Val Acc: 0.25%
2025-08-14 19:38:57,035 - INFO - Fold 1, Epoch 30: Val Acc: 0.50%
2025-08-14 19:38:58,248 - INFO - Fold 1, Epoch 40: Val Acc: 0.44%
2025-08-14 19:38:59,466 - INFO - Fold 1, Epoch 50: Val Acc: 0.50%
2025-08-14 19:39:00,686 - INFO - Fold 1, Epoch 60: Val Acc: 0.41%
2025-08-14 19:39:01,906 - INFO - Fold 1, Epoch 70: Val Acc: 0.59%
2025-08-14 19:39:03,126 - INFO - Fold 1, Epoch 80: Val Acc: 0.59%
2025-08-14 19:39:04,974 - INFO - Fold 1, Epoch 90: Val Acc: 0.53%
2025-08-14 19:39:06,221 - INFO - Fold 1, Epoch 100: Val Acc: 0.47%
2025-08-14 19:39:07,449 - INFO - Fold 1, Epoch 110: Val Acc: 0.59%
2025-08-14 19:39:08,673 - INFO - Fold 1, Epoch 120: Val Acc: 0.44%
2025-08-14 19:39:09,897 - INFO - Fold 1, Epoch 130: Val Acc: 0.41%
2025-08-14 19:39:11,204 - INFO - Fold 1, Epoch 140: Val Acc: 0.50%
2025-08-14 19:39:12,681 - INFO - Fold 1, Epoch 150: Val Acc: 0.50%
2025-08-14 19:39:14,163 - INFO - Fold 1, Epoch 160: Val Acc: 0.62%
2025-08-14 19:39:15,520 - INFO - Fold 1, Epoch 170: Val Acc: 0.53%
2025-08-14 19:39:16,820 - INFO - Fold 1, Epoch 180: Val Acc: 0.56%
2025-08-14 19:39:17,849 - INFO - Early stopping at epoch 187
2025-08-14 19:39:18,868 - INFO - --- Starting Fold 2/3 ---
2025-08-14 19:39:18,871 - INFO - Generated pairs. Train: 1128 (Positive: 48). Val: 276 (Positive: 24)
2025-08-14 19:39:18,871 - INFO - Starting training for fold 2/3
2025-08-14 19:39:22,922 - INFO - Fold 2, Epoch 10: Val Acc: 0.50%
2025-08-14 19:39:24,267 - INFO - Fold 2, Epoch 20: Val Acc: 0.56%
2025-08-14 19:39:26,160 - INFO - Fold 2, Epoch 30: Val Acc: 0.66%
2025-08-14 19:39:27,731 - INFO - Fold 2, Epoch 40: Val Acc: 0.50%
2025-08-14 19:39:29,208 - INFO - Fold 2, Epoch 50: Val Acc: 0.59%
2025-08-14 19:39:30,644 - INFO - Fold 2, Epoch 60: Val Acc: 0.56%
2025-08-14 19:39:32,058 - INFO - Fold 2, Epoch 70: Val Acc: 0.50%
2025-08-14 19:39:33,392 - INFO - Fold 2, Epoch 80: Val Acc: 0.50%
2025-08-14 19:39:35,817 - INFO - Fold 2, Epoch 90: Val Acc: 0.50%
2025-08-14 19:39:37,163 - INFO - Fold 2, Epoch 100: Val Acc: 0.56%
2025-08-14 19:39:38,641 - INFO - Fold 2, Epoch 110: Val Acc: 0.56%
2025-08-14 19:39:40,115 - INFO - Fold 2, Epoch 120: Val Acc: 0.47%
2025-08-14 19:39:41,596 - INFO - Fold 2, Epoch 130: Val Acc: 0.47%
2025-08-14 19:39:43,059 - INFO - Fold 2, Epoch 140: Val Acc: 0.53%
2025-08-14 19:39:44,524 - INFO - Fold 2, Epoch 150: Val Acc: 0.59%
2025-08-14 19:39:45,987 - INFO - Fold 2, Epoch 160: Val Acc: 0.56%
2025-08-14 19:39:47,457 - INFO - Fold 2, Epoch 170: Val Acc: 0.59%
2025-08-14 19:39:48,905 - INFO - Fold 2, Epoch 180: Val Acc: 0.53%
2025-08-14 19:39:49,994 - INFO - Early stopping at epoch 188
2025-08-14 19:39:50,791 - INFO - --- Starting Fold 3/3 ---
2025-08-14 19:39:50,801 - INFO - Generated pairs. Train: 1128 (Positive: 48). Val: 276 (Positive: 24)
2025-08-14 19:39:50,801 - INFO - Starting training for fold 3/3
2025-08-14 19:39:54,185 - INFO - Fold 3, Epoch 10: Val Acc: 0.53%
2025-08-14 19:39:56,694 - INFO - Fold 3, Epoch 20: Val Acc: 0.53%
2025-08-14 19:39:58,414 - INFO - Fold 3, Epoch 30: Val Acc: 0.50%
2025-08-14 19:39:59,629 - INFO - Fold 3, Epoch 40: Val Acc: 0.50%
2025-08-14 19:40:01,391 - INFO - Fold 3, Epoch 50: Val Acc: 0.44%
2025-08-14 19:40:02,604 - INFO - Fold 3, Epoch 60: Val Acc: 0.50%
2025-08-14 19:40:04,040 - INFO - Fold 3, Epoch 70: Val Acc: 0.50%
2025-08-14 19:40:05,517 - INFO - Fold 3, Epoch 80: Val Acc: 0.47%
2025-08-14 19:40:06,999 - INFO - Fold 3, Epoch 90: Val Acc: 0.50%
2025-08-14 19:40:08,473 - INFO - Fold 3, Epoch 100: Val Acc: 0.47%
2025-08-14 19:40:09,826 - INFO - Fold 3, Epoch 110: Val Acc: 0.41%
2025-08-14 19:40:11,250 - INFO - Fold 3, Epoch 120: Val Acc: 0.59%
2025-08-14 19:40:12,612 - INFO - Fold 3, Epoch 130: Val Acc: 0.50%
2025-08-14 19:40:13,991 - INFO - Fold 3, Epoch 140: Val Acc: 0.50%
2025-08-14 19:40:14,263 - INFO - Early stopping at epoch 142
2025-08-14 19:40:14,533 - INFO - Cross-validation statistics for transformer: {'train_loss': {'mean': np.float64(4.11330435011122), 'std': np.float64(0.0150154791454694)}, 'train_accuracy': {'mean': np.float64(0.5625), 'std': np.float64(0.01473139127471974)}, 'val_loss': {'mean': np.float64(4.182945569356282), 'std': np.float64(0.019263693993240134)}, 'val_accuracy': {'mean': np.float64(0.7083333333333334), 'std': np.float64(0.05311478659992484)}, 'epoch': {'mean': np.float64(71.33333333333333), 'std': np.float64(21.452790546272116)}}
[I 2025-08-14 19:40:14,542] Trial 3 finished with value: -0.7083333333333334 and parameters: {'learning_rate': 0.0004794896972435329, 'batch_size': 32, 'num_epochs': 285, 'temperature': 0.28074402743958643, 'embedding_dim': 512, 'hidden_dim': 512, 'dropout': 0.2689591232886156, 'num_layers': 1, 'num_heads': 2, 'noise_enabled': True, 'shift_enabled': False, 'scale_enabled': False, 'crop_enabled': True, 'flip_enabled': False, 'permutation_enabled': True, 'noise_level': 0.09004332365471392, 'crop_size': 0.7618613574545781}. Best is trial 3 with value: -0.7083333333333334.
Actual device being used: cuda
Attempting to load data from: /vol/ecrg-solar/woodj4/fishy-business/data/REIMS.xlsx
Trial 3 finished with value: -0.7083333333333334 and parameters: {'learning_rate': 0.0004794896972435329, 'batch_size': 32, 'num_epochs': 285, 'temperature': 0.28074402743958643, 'embedding_dim': 512, 'hidden_dim': 512, 'dropout': 0.2689591232886156, 'num_layers': 1, 'num_heads': 2, 'noise_enabled': True, 'shift_enabled': False, 'scale_enabled': False, 'crop_enabled': True, 'flip_enabled': False, 'permutation_enabled': True, 'noise_level': 0.09004332365471392, 'crop_size': 0.7618613574545781}. Best is trial 3 with value: -0.7083333333333334.
2025-08-14 19:40:14,545 - INFO - Using device: cuda
2025-08-14 19:40:25,289 - INFO - --- Starting Fold 1/3 ---
2025-08-14 19:40:25,290 - INFO - Generated pairs. Train: 1128 (Positive: 48). Val: 276 (Positive: 24)
2025-08-14 19:40:25,291 - WARNING - Fold 1 has insufficient pairs to form a batch. Skipping.
2025-08-14 19:40:25,291 - INFO - --- Starting Fold 2/3 ---
2025-08-14 19:40:25,292 - INFO - Generated pairs. Train: 1128 (Positive: 48). Val: 276 (Positive: 24)
2025-08-14 19:40:25,292 - WARNING - Fold 2 has insufficient pairs to form a batch. Skipping.
2025-08-14 19:40:25,292 - INFO - --- Starting Fold 3/3 ---
2025-08-14 19:40:25,293 - INFO - Generated pairs. Train: 1128 (Positive: 48). Val: 276 (Positive: 24)
2025-08-14 19:40:25,294 - WARNING - Fold 3 has insufficient pairs to form a batch. Skipping.
2025-08-14 19:40:25,294 - WARNING - No folds completed successfully to aggregate metrics.
[I 2025-08-14 19:40:25,296] Trial 4 finished with value: inf and parameters: {'learning_rate': 3.951935893041105e-05, 'batch_size': 64, 'num_epochs': 255, 'temperature': 0.14840881478747175, 'embedding_dim': 128, 'hidden_dim': 256, 'dropout': 0.27223031783066487, 'num_layers': 5, 'num_heads': 2, 'noise_enabled': True, 'shift_enabled': True, 'scale_enabled': True, 'crop_enabled': True, 'flip_enabled': False, 'permutation_enabled': True, 'noise_level': 0.024066549217987093, 'crop_size': 0.6841359002704148}. Best is trial 3 with value: -0.7083333333333334.
Actual device being used: cuda
Attempting to load data from: /vol/ecrg-solar/woodj4/fishy-business/data/REIMS.xlsx
Trial 4 finished with value: inf and parameters: {'learning_rate': 3.951935893041105e-05, 'batch_size': 64, 'num_epochs': 255, 'temperature': 0.14840881478747175, 'embedding_dim': 128, 'hidden_dim': 256, 'dropout': 0.27223031783066487, 'num_layers': 5, 'num_heads': 2, 'noise_enabled': True, 'shift_enabled': True, 'scale_enabled': True, 'crop_enabled': True, 'flip_enabled': False, 'permutation_enabled': True, 'noise_level': 0.024066549217987093, 'crop_size': 0.6841359002704148}. Best is trial 3 with value: -0.7083333333333334.
2025-08-14 19:40:25,298 - INFO - Using device: cuda
2025-08-14 19:40:35,267 - INFO - --- Starting Fold 1/3 ---
2025-08-14 19:40:35,269 - INFO - Generated pairs. Train: 1128 (Positive: 48). Val: 276 (Positive: 24)
2025-08-14 19:40:35,269 - INFO - Starting training for fold 1/3
2025-08-14 19:40:39,966 - INFO - Fold 1, Epoch 10: Val Acc: 0.52%
2025-08-14 19:40:42,827 - INFO - Fold 1, Epoch 20: Val Acc: 0.50%
2025-08-14 19:40:46,321 - INFO - Fold 1, Epoch 30: Val Acc: 0.48%
2025-08-14 19:40:49,291 - INFO - Fold 1, Epoch 40: Val Acc: 0.52%
2025-08-14 19:40:52,442 - INFO - Fold 1, Epoch 50: Val Acc: 0.60%
2025-08-14 19:40:57,893 - INFO - Fold 1, Epoch 60: Val Acc: 0.54%
2025-08-14 19:41:01,243 - INFO - Fold 1, Epoch 70: Val Acc: 0.52%
2025-08-14 19:41:04,632 - INFO - Fold 1, Epoch 80: Val Acc: 0.48%
2025-08-14 19:41:08,024 - INFO - Fold 1, Epoch 90: Val Acc: 0.48%
2025-08-14 19:41:11,409 - INFO - Fold 1, Epoch 100: Val Acc: 0.48%
2025-08-14 19:41:14,761 - INFO - Fold 1, Epoch 110: Val Acc: 0.54%
2025-08-14 19:41:18,130 - INFO - Fold 1, Epoch 120: Val Acc: 0.60%
2025-08-14 19:41:20,773 - INFO - Fold 1, Epoch 130: Val Acc: 0.42%
2025-08-14 19:41:23,509 - INFO - Fold 1, Epoch 140: Val Acc: 0.56%
2025-08-14 19:41:26,241 - INFO - Fold 1, Epoch 150: Val Acc: 0.50%
2025-08-14 19:41:27,074 - INFO - Early stopping at epoch 153
2025-08-14 19:41:29,754 - INFO - --- Starting Fold 2/3 ---
2025-08-14 19:41:29,757 - INFO - Generated pairs. Train: 1128 (Positive: 48). Val: 276 (Positive: 24)
2025-08-14 19:41:29,757 - INFO - Starting training for fold 2/3
2025-08-14 19:41:36,858 - INFO - Fold 2, Epoch 10: Val Acc: 0.56%
2025-08-14 19:41:41,710 - INFO - Fold 2, Epoch 20: Val Acc: 0.50%
2025-08-14 19:41:46,310 - INFO - Fold 2, Epoch 30: Val Acc: 0.50%
2025-08-14 19:41:49,805 - INFO - Fold 2, Epoch 40: Val Acc: 0.46%
2025-08-14 19:41:53,319 - INFO - Fold 2, Epoch 50: Val Acc: 0.46%
2025-08-14 19:41:56,693 - INFO - Fold 2, Epoch 60: Val Acc: 0.48%
2025-08-14 19:42:00,207 - INFO - Fold 2, Epoch 70: Val Acc: 0.62%
2025-08-14 19:42:04,870 - INFO - Fold 2, Epoch 80: Val Acc: 0.50%
2025-08-14 19:42:08,388 - INFO - Fold 2, Epoch 90: Val Acc: 0.56%
2025-08-14 19:42:11,832 - INFO - Fold 2, Epoch 100: Val Acc: 0.46%
2025-08-14 19:42:15,223 - INFO - Fold 2, Epoch 110: Val Acc: 0.52%
2025-08-14 19:42:18,245 - INFO - Fold 2, Epoch 120: Val Acc: 0.46%
2025-08-14 19:42:21,107 - INFO - Fold 2, Epoch 130: Val Acc: 0.60%
2025-08-14 19:42:24,253 - INFO - Fold 2, Epoch 140: Val Acc: 0.48%
2025-08-14 19:42:27,485 - INFO - Fold 2, Epoch 150: Val Acc: 0.52%
2025-08-14 19:42:30,865 - INFO - Fold 2, Epoch 160: Val Acc: 0.50%
2025-08-14 19:42:34,257 - INFO - Fold 2, Epoch 170: Val Acc: 0.44%
2025-08-14 19:42:37,299 - INFO - Early stopping at epoch 179
2025-08-14 19:42:40,028 - INFO - --- Starting Fold 3/3 ---
2025-08-14 19:42:40,032 - INFO - Generated pairs. Train: 1128 (Positive: 48). Val: 276 (Positive: 24)
2025-08-14 19:42:40,032 - INFO - Starting training for fold 3/3
2025-08-14 19:42:46,029 - INFO - Fold 3, Epoch 10: Val Acc: 0.46%
2025-08-14 19:42:49,381 - INFO - Fold 3, Epoch 20: Val Acc: 0.50%
2025-08-14 19:42:54,105 - INFO - Fold 3, Epoch 30: Val Acc: 0.40%
2025-08-14 19:42:57,483 - INFO - Fold 3, Epoch 40: Val Acc: 0.46%
2025-08-14 19:43:00,863 - INFO - Fold 3, Epoch 50: Val Acc: 0.48%
2025-08-14 19:43:04,219 - INFO - Fold 3, Epoch 60: Val Acc: 0.48%
2025-08-14 19:43:07,585 - INFO - Fold 3, Epoch 70: Val Acc: 0.54%
2025-08-14 19:43:10,964 - INFO - Fold 3, Epoch 80: Val Acc: 0.50%
2025-08-14 19:43:14,315 - INFO - Fold 3, Epoch 90: Val Acc: 0.56%
2025-08-14 19:43:17,675 - INFO - Fold 3, Epoch 100: Val Acc: 0.50%
2025-08-14 19:43:20,829 - INFO - Fold 3, Epoch 110: Val Acc: 0.56%
2025-08-14 19:43:23,323 - INFO - Fold 3, Epoch 120: Val Acc: 0.48%
2025-08-14 19:43:24,536 - INFO - Early stopping at epoch 125
2025-08-14 19:43:25,481 - INFO - Cross-validation statistics for transformer: {'train_loss': {'mean': np.float64(3.3940724664264255), 'std': np.float64(0.020389452318861197)}, 'train_accuracy': {'mean': np.float64(0.5972222222222222), 'std': np.float64(0.025983731852596812)}, 'val_loss': {'mean': np.float64(3.538710673650106), 'std': np.float64(0.05223555037392232)}, 'val_accuracy': {'mean': np.float64(0.6666666666666666), 'std': np.float64(0.02946278254943948)}, 'epoch': {'mean': np.float64(51.333333333333336), 'std': np.float64(22.050447211388303)}}
