Trial 93 finished with value: -0.90625 and parameters: {'learning_rate': 0.0005583579921194509, 'batch_size': 32, 'num_epochs': 278, 'temperature': 0.28690976754814324, 'embedding_dim': 256, 'hidden_dim': 256, 'dropout': 0.48910997278030083, 'num_layers': 5, 'num_heads': 8, 'noise_enabled': True, 'shift_enabled': False, 'scale_enabled': False, 'crop_enabled': True, 'flip_enabled': False, 'permutation_enabled': False, 'noise_level': 0.09887362650256662, 'crop_size': 0.5371507036742992}. Best is trial 92 with value: -0.9479166666666666.
2025-08-14 23:35:33,674 - INFO - Using device: cuda
2025-08-14 23:35:43,664 - INFO - --- Starting Fold 1/3 ---
2025-08-14 23:35:43,665 - INFO - Generated pairs. Train: 1128 (Positive: 48). Val: 276 (Positive: 24)
2025-08-14 23:35:43,666 - INFO - Starting training for fold 1/3
2025-08-14 23:35:57,200 - INFO - Fold 1, Epoch 10: Val Acc: 0.66%
2025-08-14 23:36:01,574 - INFO - Fold 1, Epoch 20: Val Acc: 0.75%
2025-08-14 23:36:08,397 - INFO - Fold 1, Epoch 30: Val Acc: 0.78%
2025-08-14 23:36:10,498 - INFO - Fold 1, Epoch 40: Val Acc: 0.69%
2025-08-14 23:36:12,199 - INFO - Fold 1, Epoch 50: Val Acc: 0.62%
2025-08-14 23:36:13,903 - INFO - Fold 1, Epoch 60: Val Acc: 0.84%
2025-08-14 23:36:15,722 - INFO - Fold 1, Epoch 70: Val Acc: 0.66%
2025-08-14 23:36:17,936 - INFO - Fold 1, Epoch 80: Val Acc: 0.69%
2025-08-14 23:36:20,148 - INFO - Fold 1, Epoch 90: Val Acc: 0.62%
2025-08-14 23:36:22,359 - INFO - Fold 1, Epoch 100: Val Acc: 0.72%
2025-08-14 23:36:24,574 - INFO - Fold 1, Epoch 110: Val Acc: 0.69%
2025-08-14 23:36:26,786 - INFO - Fold 1, Epoch 120: Val Acc: 0.72%
2025-08-14 23:36:28,338 - INFO - Early stopping at epoch 127
2025-08-14 23:36:32,043 - INFO - --- Starting Fold 2/3 ---
2025-08-14 23:36:32,046 - INFO - Generated pairs. Train: 1128 (Positive: 48). Val: 276 (Positive: 24)
2025-08-14 23:36:32,046 - INFO - Starting training for fold 2/3
2025-08-14 23:36:38,707 - INFO - Fold 2, Epoch 10: Val Acc: 0.69%
2025-08-14 23:36:42,463 - INFO - Fold 2, Epoch 20: Val Acc: 0.69%
2025-08-14 23:36:44,771 - INFO - Fold 2, Epoch 30: Val Acc: 0.66%
2025-08-14 23:36:47,090 - INFO - Fold 2, Epoch 40: Val Acc: 0.72%
2025-08-14 23:36:50,921 - INFO - Fold 2, Epoch 50: Val Acc: 0.78%
2025-08-14 23:36:53,194 - INFO - Fold 2, Epoch 60: Val Acc: 0.75%
2025-08-14 23:36:55,410 - INFO - Fold 2, Epoch 70: Val Acc: 0.84%
2025-08-14 23:36:57,632 - INFO - Fold 2, Epoch 80: Val Acc: 0.81%
2025-08-14 23:36:59,846 - INFO - Fold 2, Epoch 90: Val Acc: 0.59%
2025-08-14 23:37:02,070 - INFO - Fold 2, Epoch 100: Val Acc: 0.75%
2025-08-14 23:37:04,287 - INFO - Fold 2, Epoch 110: Val Acc: 0.72%
2025-08-14 23:37:06,516 - INFO - Fold 2, Epoch 120: Val Acc: 0.88%
2025-08-14 23:37:08,734 - INFO - Fold 2, Epoch 130: Val Acc: 0.78%
2025-08-14 23:37:10,944 - INFO - Fold 2, Epoch 140: Val Acc: 0.66%
2025-08-14 23:37:11,833 - INFO - Early stopping at epoch 144
2025-08-14 23:37:14,825 - INFO - --- Starting Fold 3/3 ---
2025-08-14 23:37:14,828 - INFO - Generated pairs. Train: 1128 (Positive: 48). Val: 276 (Positive: 24)
2025-08-14 23:37:14,828 - INFO - Starting training for fold 3/3
2025-08-14 23:37:22,834 - INFO - Fold 3, Epoch 10: Val Acc: 0.62%
2025-08-14 23:37:29,505 - INFO - Fold 3, Epoch 20: Val Acc: 0.69%
2025-08-14 23:37:32,703 - INFO - Fold 3, Epoch 30: Val Acc: 0.66%
2025-08-14 23:37:36,510 - INFO - Fold 3, Epoch 40: Val Acc: 0.84%
2025-08-14 23:37:38,807 - INFO - Fold 3, Epoch 50: Val Acc: 0.69%
2025-08-14 23:37:41,116 - INFO - Fold 3, Epoch 60: Val Acc: 0.69%
2025-08-14 23:37:43,425 - INFO - Fold 3, Epoch 70: Val Acc: 0.66%
2025-08-14 23:37:45,733 - INFO - Fold 3, Epoch 80: Val Acc: 0.75%
2025-08-14 23:37:48,033 - INFO - Fold 3, Epoch 90: Val Acc: 0.69%
2025-08-14 23:37:50,337 - INFO - Fold 3, Epoch 100: Val Acc: 0.69%
2025-08-14 23:37:54,131 - INFO - Fold 3, Epoch 110: Val Acc: 0.62%
2025-08-14 23:37:56,074 - INFO - Fold 3, Epoch 120: Val Acc: 0.69%
2025-08-14 23:37:58,358 - INFO - Fold 3, Epoch 130: Val Acc: 0.69%
2025-08-14 23:38:00,365 - INFO - Fold 3, Epoch 140: Val Acc: 0.59%
2025-08-14 23:38:02,157 - INFO - Fold 3, Epoch 150: Val Acc: 0.72%
2025-08-14 23:38:03,950 - INFO - Fold 3, Epoch 160: Val Acc: 0.78%
2025-08-14 23:38:05,749 - INFO - Fold 3, Epoch 170: Val Acc: 0.66%
2025-08-14 23:38:07,528 - INFO - Fold 3, Epoch 180: Val Acc: 0.75%
2025-08-14 23:38:09,321 - INFO - Fold 3, Epoch 190: Val Acc: 0.78%
2025-08-14 23:38:11,112 - INFO - Fold 3, Epoch 200: Val Acc: 0.72%
2025-08-14 23:38:12,867 - INFO - Early stopping at epoch 209
2025-08-14 23:38:16,004 - INFO - Cross-validation statistics for transformer: {'train_loss': {'mean': np.float64(3.9243317974938283), 'std': np.float64(0.07546020992874265)}, 'train_accuracy': {'mean': np.float64(0.7847222222222223), 'std': np.float64(0.05126674673692153)}, 'val_loss': {'mean': np.float64(4.234500567118327), 'std': np.float64(0.06496554516282209)}, 'val_accuracy': {'mean': np.float64(0.875), 'std': np.float64(0.02551551815399144)}, 'epoch': {'mean': np.float64(59.0), 'std': np.float64(35.33647784749729)}}
[I 2025-08-14 23:38:16,015] Trial 94 finished with value: -0.875 and parameters: {'learning_rate': 0.0008689767598528612, 'batch_size': 32, 'num_epochs': 438, 'temperature': 0.3130414530432175, 'embedding_dim': 256, 'hidden_dim': 256, 'dropout': 0.4798804540147145, 'num_layers': 5, 'num_heads': 8, 'noise_enabled': True, 'shift_enabled': False, 'scale_enabled': False, 'crop_enabled': True, 'flip_enabled': False, 'permutation_enabled': False, 'noise_level': 0.10774697104018768, 'crop_size': 0.5568647741085796}. Best is trial 92 with value: -0.9479166666666666.
Actual device being used: cuda
Attempting to load data from: /vol/ecrg-solar/woodj4/fishy-business/data/REIMS.xlsx
Trial 94 finished with value: -0.875 and parameters: {'learning_rate': 0.0008689767598528612, 'batch_size': 32, 'num_epochs': 438, 'temperature': 0.3130414530432175, 'embedding_dim': 256, 'hidden_dim': 256, 'dropout': 0.4798804540147145, 'num_layers': 5, 'num_heads': 8, 'noise_enabled': True, 'shift_enabled': False, 'scale_enabled': False, 'crop_enabled': True, 'flip_enabled': False, 'permutation_enabled': False, 'noise_level': 0.10774697104018768, 'crop_size': 0.5568647741085796}. Best is trial 92 with value: -0.9479166666666666.
2025-08-14 23:38:16,096 - INFO - Using device: cuda
2025-08-14 23:38:25,689 - INFO - --- Starting Fold 1/3 ---
2025-08-14 23:38:25,690 - INFO - Generated pairs. Train: 1128 (Positive: 48). Val: 276 (Positive: 24)
2025-08-14 23:38:25,690 - INFO - Starting training for fold 1/3
2025-08-14 23:38:32,613 - INFO - Fold 1, Epoch 10: Val Acc: 0.59%
2025-08-14 23:38:39,265 - INFO - Fold 1, Epoch 20: Val Acc: 0.72%
2025-08-14 23:38:41,301 - INFO - Fold 1, Epoch 30: Val Acc: 0.62%
2025-08-14 23:38:48,017 - INFO - Fold 1, Epoch 40: Val Acc: 0.59%
2025-08-14 23:38:50,230 - INFO - Fold 1, Epoch 50: Val Acc: 0.66%
2025-08-14 23:38:54,602 - INFO - Fold 1, Epoch 60: Val Acc: 0.81%
2025-08-14 23:38:59,122 - INFO - Fold 1, Epoch 70: Val Acc: 0.69%
2025-08-14 23:39:01,261 - INFO - Fold 1, Epoch 80: Val Acc: 0.81%
2025-08-14 23:39:03,475 - INFO - Fold 1, Epoch 90: Val Acc: 0.81%
2025-08-14 23:39:05,694 - INFO - Fold 1, Epoch 100: Val Acc: 0.84%
2025-08-14 23:39:07,914 - INFO - Fold 1, Epoch 110: Val Acc: 0.75%
2025-08-14 23:39:10,125 - INFO - Fold 1, Epoch 120: Val Acc: 0.69%
2025-08-14 23:39:12,336 - INFO - Fold 1, Epoch 130: Val Acc: 0.72%
2025-08-14 23:39:14,557 - INFO - Fold 1, Epoch 140: Val Acc: 0.72%
2025-08-14 23:39:16,778 - INFO - Fold 1, Epoch 150: Val Acc: 0.62%
2025-08-14 23:39:21,365 - INFO - Fold 1, Epoch 160: Val Acc: 0.59%
2025-08-14 23:39:23,573 - INFO - Fold 1, Epoch 170: Val Acc: 0.78%
2025-08-14 23:39:25,785 - INFO - Fold 1, Epoch 180: Val Acc: 0.75%
2025-08-14 23:39:28,004 - INFO - Fold 1, Epoch 190: Val Acc: 0.66%
2025-08-14 23:39:29,828 - INFO - Fold 1, Epoch 200: Val Acc: 0.72%
2025-08-14 23:39:31,522 - INFO - Fold 1, Epoch 210: Val Acc: 0.59%
2025-08-14 23:39:33,219 - INFO - Fold 1, Epoch 220: Val Acc: 0.69%
2025-08-14 23:39:34,915 - INFO - Fold 1, Epoch 230: Val Acc: 0.66%
2025-08-14 23:39:36,610 - INFO - Fold 1, Epoch 240: Val Acc: 0.59%
2025-08-14 23:39:38,304 - INFO - Fold 1, Epoch 250: Val Acc: 0.72%
2025-08-14 23:39:38,813 - INFO - Early stopping at epoch 253
2025-08-14 23:39:42,536 - INFO - --- Starting Fold 2/3 ---
2025-08-14 23:39:42,538 - INFO - Generated pairs. Train: 1128 (Positive: 48). Val: 276 (Positive: 24)
2025-08-14 23:39:42,539 - INFO - Starting training for fold 2/3
2025-08-14 23:39:50,784 - INFO - Fold 2, Epoch 10: Val Acc: 0.47%
2025-08-14 23:39:54,421 - INFO - Fold 2, Epoch 20: Val Acc: 0.69%
2025-08-14 23:40:01,032 - INFO - Fold 2, Epoch 30: Val Acc: 0.59%
2025-08-14 23:40:03,229 - INFO - Fold 2, Epoch 40: Val Acc: 0.69%
2025-08-14 23:40:07,008 - INFO - Fold 2, Epoch 50: Val Acc: 0.75%
2025-08-14 23:40:09,225 - INFO - Fold 2, Epoch 60: Val Acc: 0.78%
2025-08-14 23:40:12,920 - INFO - Fold 2, Epoch 70: Val Acc: 0.88%
2025-08-14 23:40:15,128 - INFO - Fold 2, Epoch 80: Val Acc: 0.88%
2025-08-14 23:40:17,348 - INFO - Fold 2, Epoch 90: Val Acc: 0.88%
2025-08-14 23:40:19,555 - INFO - Fold 2, Epoch 100: Val Acc: 0.88%
2025-08-14 23:40:23,196 - INFO - Fold 2, Epoch 110: Val Acc: 0.69%
2025-08-14 23:40:25,413 - INFO - Fold 2, Epoch 120: Val Acc: 0.78%
2025-08-14 23:40:27,629 - INFO - Fold 2, Epoch 130: Val Acc: 0.88%
2025-08-14 23:40:29,846 - INFO - Fold 2, Epoch 140: Val Acc: 0.72%
2025-08-14 23:40:32,063 - INFO - Fold 2, Epoch 150: Val Acc: 0.72%
2025-08-14 23:40:34,274 - INFO - Fold 2, Epoch 160: Val Acc: 0.59%
2025-08-14 23:40:36,482 - INFO - Fold 2, Epoch 170: Val Acc: 0.72%
2025-08-14 23:40:38,697 - INFO - Fold 2, Epoch 180: Val Acc: 0.69%
2025-08-14 23:40:40,902 - INFO - Fold 2, Epoch 190: Val Acc: 0.66%
2025-08-14 23:40:43,098 - INFO - Fold 2, Epoch 200: Val Acc: 0.78%
2025-08-14 23:40:43,540 - INFO - Early stopping at epoch 202
2025-08-14 23:40:46,631 - INFO - --- Starting Fold 3/3 ---
2025-08-14 23:40:46,633 - INFO - Generated pairs. Train: 1128 (Positive: 48). Val: 276 (Positive: 24)
2025-08-14 23:40:46,634 - INFO - Starting training for fold 3/3
2025-08-14 23:40:53,318 - INFO - Fold 3, Epoch 10: Val Acc: 0.50%
2025-08-14 23:40:56,935 - INFO - Fold 3, Epoch 20: Val Acc: 0.78%
2025-08-14 23:40:59,255 - INFO - Fold 3, Epoch 30: Val Acc: 0.62%
2025-08-14 23:41:02,902 - INFO - Fold 3, Epoch 40: Val Acc: 0.81%
2025-08-14 23:41:05,149 - INFO - Fold 3, Epoch 50: Val Acc: 0.78%
2025-08-14 23:41:07,419 - INFO - Fold 3, Epoch 60: Val Acc: 0.75%
2025-08-14 23:41:10,656 - INFO - Fold 3, Epoch 70: Val Acc: 0.78%
2025-08-14 23:41:14,184 - INFO - Fold 3, Epoch 80: Val Acc: 0.84%
2025-08-14 23:41:17,679 - INFO - Fold 3, Epoch 90: Val Acc: 0.75%
2025-08-14 23:41:19,403 - INFO - Fold 3, Epoch 100: Val Acc: 0.75%
2025-08-14 23:41:21,546 - INFO - Fold 3, Epoch 110: Val Acc: 0.78%
2025-08-14 23:41:23,765 - INFO - Fold 3, Epoch 120: Val Acc: 0.75%
2025-08-14 23:41:25,997 - INFO - Fold 3, Epoch 130: Val Acc: 0.88%
2025-08-14 23:41:28,300 - INFO - Fold 3, Epoch 140: Val Acc: 0.53%
2025-08-14 23:41:30,172 - INFO - Fold 3, Epoch 150: Val Acc: 0.91%
2025-08-14 23:41:32,176 - INFO - Fold 3, Epoch 160: Val Acc: 0.62%
2025-08-14 23:41:34,155 - INFO - Fold 3, Epoch 170: Val Acc: 0.62%
2025-08-14 23:41:36,049 - INFO - Fold 3, Epoch 180: Val Acc: 0.75%
2025-08-14 23:41:37,226 - INFO - Early stopping at epoch 186
2025-08-14 23:41:38,291 - INFO - Cross-validation statistics for transformer: {'train_loss': {'mean': np.float64(3.900635533862644), 'std': np.float64(0.07193088944567834)}, 'train_accuracy': {'mean': np.float64(0.7916666666666666), 'std': np.float64(0.017010345435994324)}, 'val_loss': {'mean': np.float64(4.314878145853679), 'std': np.float64(0.020957904138148676)}, 'val_accuracy': {'mean': np.float64(0.9166666666666666), 'std': np.float64(0.01473139127471974)}, 'epoch': {'mean': np.float64(112.66666666666667), 'std': np.float64(28.56960311628816)}}
[I 2025-08-14 23:41:38,298] Trial 95 finished with value: -0.9166666666666666 and parameters: {'learning_rate': 0.0004235704694244595, 'batch_size': 32, 'num_epochs': 360, 'temperature': 0.35886541671063316, 'embedding_dim': 256, 'hidden_dim': 256, 'dropout': 0.49372196465013285, 'num_layers': 5, 'num_heads': 8, 'noise_enabled': True, 'shift_enabled': False, 'scale_enabled': False, 'crop_enabled': True, 'flip_enabled': False, 'permutation_enabled': False, 'noise_level': 0.0687852399101597, 'crop_size': 0.5467518818594655}. Best is trial 92 with value: -0.9479166666666666.
Actual device being used: cuda
Attempting to load data from: /vol/ecrg-solar/woodj4/fishy-business/data/REIMS.xlsx
Trial 95 finished with value: -0.9166666666666666 and parameters: {'learning_rate': 0.0004235704694244595, 'batch_size': 32, 'num_epochs': 360, 'temperature': 0.35886541671063316, 'embedding_dim': 256, 'hidden_dim': 256, 'dropout': 0.49372196465013285, 'num_layers': 5, 'num_heads': 8, 'noise_enabled': True, 'shift_enabled': False, 'scale_enabled': False, 'crop_enabled': True, 'flip_enabled': False, 'permutation_enabled': False, 'noise_level': 0.0687852399101597, 'crop_size': 0.5467518818594655}. Best is trial 92 with value: -0.9479166666666666.
2025-08-14 23:41:38,336 - INFO - Using device: cuda
2025-08-14 23:41:48,141 - INFO - --- Starting Fold 1/3 ---
2025-08-14 23:41:48,143 - INFO - Generated pairs. Train: 1128 (Positive: 48). Val: 276 (Positive: 24)
2025-08-14 23:41:48,143 - INFO - Starting training for fold 1/3
2025-08-14 23:41:59,634 - INFO - Fold 1, Epoch 10: Val Acc: 0.50%
2025-08-14 23:42:06,068 - INFO - Fold 1, Epoch 20: Val Acc: 0.56%
2025-08-14 23:42:12,443 - INFO - Fold 1, Epoch 30: Val Acc: 0.75%
2025-08-14 23:42:14,647 - INFO - Fold 1, Epoch 40: Val Acc: 0.62%
2025-08-14 23:42:18,909 - INFO - Fold 1, Epoch 50: Val Acc: 0.62%
2025-08-14 23:42:20,612 - INFO - Fold 1, Epoch 60: Val Acc: 0.62%
2025-08-14 23:42:22,312 - INFO - Fold 1, Epoch 70: Val Acc: 0.78%
2025-08-14 23:42:24,010 - INFO - Fold 1, Epoch 80: Val Acc: 0.69%
2025-08-14 23:42:25,710 - INFO - Fold 1, Epoch 90: Val Acc: 0.62%
2025-08-14 23:42:27,409 - INFO - Fold 1, Epoch 100: Val Acc: 0.81%
2025-08-14 23:42:29,113 - INFO - Fold 1, Epoch 110: Val Acc: 0.69%
2025-08-14 23:42:30,814 - INFO - Fold 1, Epoch 120: Val Acc: 0.75%
2025-08-14 23:42:33,029 - INFO - Fold 1, Epoch 130: Val Acc: 0.78%
2025-08-14 23:42:35,324 - INFO - Fold 1, Epoch 140: Val Acc: 0.88%
2025-08-14 23:42:37,244 - INFO - Early stopping at epoch 149
2025-08-14 23:42:40,805 - INFO - --- Starting Fold 2/3 ---
2025-08-14 23:42:40,808 - INFO - Generated pairs. Train: 1128 (Positive: 48). Val: 276 (Positive: 24)
2025-08-14 23:42:40,808 - INFO - Starting training for fold 2/3
2025-08-14 23:42:47,494 - INFO - Fold 2, Epoch 10: Val Acc: 0.41%
2025-08-14 23:42:51,281 - INFO - Fold 2, Epoch 20: Val Acc: 0.66%
2025-08-14 23:42:53,501 - INFO - Fold 2, Epoch 30: Val Acc: 0.62%
2025-08-14 23:42:57,136 - INFO - Fold 2, Epoch 40: Val Acc: 0.66%
2025-08-14 23:42:59,347 - INFO - Fold 2, Epoch 50: Val Acc: 0.81%
2025-08-14 23:43:01,563 - INFO - Fold 2, Epoch 60: Val Acc: 0.88%
2025-08-14 23:43:03,777 - INFO - Fold 2, Epoch 70: Val Acc: 0.88%
2025-08-14 23:43:05,976 - INFO - Fold 2, Epoch 80: Val Acc: 0.69%
2025-08-14 23:43:07,670 - INFO - Fold 2, Epoch 90: Val Acc: 0.78%
2025-08-14 23:43:09,370 - INFO - Fold 2, Epoch 100: Val Acc: 0.78%
2025-08-14 23:43:11,584 - INFO - Fold 2, Epoch 110: Val Acc: 0.78%
2025-08-14 23:43:13,772 - INFO - Fold 2, Epoch 120: Val Acc: 0.84%
2025-08-14 23:43:15,994 - INFO - Fold 2, Epoch 130: Val Acc: 0.75%
2025-08-14 23:43:17,305 - INFO - Early stopping at epoch 136
2025-08-14 23:43:18,413 - INFO - --- Starting Fold 3/3 ---
2025-08-14 23:43:18,415 - INFO - Generated pairs. Train: 1128 (Positive: 48). Val: 276 (Positive: 24)
2025-08-14 23:43:18,415 - INFO - Starting training for fold 3/3
2025-08-14 23:43:25,162 - INFO - Fold 3, Epoch 10: Val Acc: 0.56%
2025-08-14 23:43:29,000 - INFO - Fold 3, Epoch 20: Val Acc: 0.69%
2025-08-14 23:43:31,273 - INFO - Fold 3, Epoch 30: Val Acc: 0.66%
2025-08-14 23:43:33,566 - INFO - Fold 3, Epoch 40: Val Acc: 0.72%
2025-08-14 23:43:37,305 - INFO - Fold 3, Epoch 50: Val Acc: 0.72%
2025-08-14 23:43:39,509 - INFO - Fold 3, Epoch 60: Val Acc: 0.78%
2025-08-14 23:43:41,721 - INFO - Fold 3, Epoch 70: Val Acc: 0.75%
2025-08-14 23:43:43,937 - INFO - Fold 3, Epoch 80: Val Acc: 0.84%
2025-08-14 23:43:46,153 - INFO - Fold 3, Epoch 90: Val Acc: 0.78%
2025-08-14 23:43:48,367 - INFO - Fold 3, Epoch 100: Val Acc: 0.69%
2025-08-14 23:43:50,582 - INFO - Fold 3, Epoch 110: Val Acc: 0.84%
2025-08-14 23:43:52,805 - INFO - Fold 3, Epoch 120: Val Acc: 0.75%
2025-08-14 23:43:54,803 - INFO - Fold 3, Epoch 130: Val Acc: 0.88%
2025-08-14 23:43:56,500 - INFO - Fold 3, Epoch 140: Val Acc: 0.62%
2025-08-14 23:43:57,858 - INFO - Early stopping at epoch 148
2025-08-14 23:43:58,909 - INFO - Cross-validation statistics for transformer: {'train_loss': {'mean': np.float64(3.9569715658823648), 'std': np.float64(0.025625069605922295)}, 'train_accuracy': {'mean': np.float64(0.7430555555555555), 'std': np.float64(0.027340305118096573)}, 'val_loss': {'mean': np.float64(4.147192001342773), 'std': np.float64(0.06996593125670132)}, 'val_accuracy': {'mean': np.float64(0.8958333333333334), 'std': np.float64(0.01473139127471974)}, 'epoch': {'mean': np.float64(43.333333333333336), 'std': np.float64(5.90668171555645)}}
[I 2025-08-14 23:43:58,915] Trial 96 finished with value: -0.8958333333333334 and parameters: {'learning_rate': 0.0005824853692291223, 'batch_size': 32, 'num_epochs': 370, 'temperature': 0.3427829921675797, 'embedding_dim': 256, 'hidden_dim': 256, 'dropout': 0.4761449429413749, 'num_layers': 5, 'num_heads': 8, 'noise_enabled': True, 'shift_enabled': False, 'scale_enabled': False, 'crop_enabled': True, 'flip_enabled': False, 'permutation_enabled': False, 'noise_level': 0.09041705500895818, 'crop_size': 0.5204807832092091}. Best is trial 92 with value: -0.9479166666666666.
Actual device being used: cuda
Attempting to load data from: /vol/ecrg-solar/woodj4/fishy-business/data/REIMS.xlsx
