Trial 77 finished with value: -0.8854166666666666 and parameters: {'learning_rate': 0.0001813586138449173, 'batch_size': 32, 'num_epochs': 836, 'temperature': 0.3226526373980575, 'embedding_dim': 128, 'hidden_dim': 256, 'dropout': 0.40216528003296154, 'num_layers': 4, 'num_heads': 2, 'noise_enabled': True, 'shift_enabled': False, 'scale_enabled': True, 'crop_enabled': True, 'flip_enabled': False, 'permutation_enabled': False, 'noise_level': 0.19613300288392876, 'crop_size': 0.6005912272220708}. Best is trial 9 with value: -0.9270833333333334.
2025-08-14 22:51:05,915 - INFO - Using device: cuda
2025-08-14 22:51:15,941 - INFO - --- Starting Fold 1/3 ---
2025-08-14 22:51:15,942 - INFO - Generated pairs. Train: 1128 (Positive: 48). Val: 276 (Positive: 24)
2025-08-14 22:51:15,943 - INFO - Starting training for fold 1/3
2025-08-14 22:51:24,946 - INFO - Fold 1, Epoch 10: Val Acc: 0.56%
2025-08-14 22:51:29,265 - INFO - Fold 1, Epoch 20: Val Acc: 0.59%
2025-08-14 22:51:33,621 - INFO - Fold 1, Epoch 30: Val Acc: 0.66%
2025-08-14 22:51:38,038 - INFO - Fold 1, Epoch 40: Val Acc: 0.72%
2025-08-14 22:51:42,324 - INFO - Fold 1, Epoch 50: Val Acc: 0.75%
2025-08-14 22:51:44,451 - INFO - Fold 1, Epoch 60: Val Acc: 0.78%
2025-08-14 22:51:46,579 - INFO - Fold 1, Epoch 70: Val Acc: 0.72%
2025-08-14 22:51:48,702 - INFO - Fold 1, Epoch 80: Val Acc: 0.75%
2025-08-14 22:51:50,826 - INFO - Fold 1, Epoch 90: Val Acc: 0.66%
2025-08-14 22:51:52,954 - INFO - Fold 1, Epoch 100: Val Acc: 0.66%
2025-08-14 22:51:55,073 - INFO - Fold 1, Epoch 110: Val Acc: 0.72%
2025-08-14 22:51:56,909 - INFO - Fold 1, Epoch 120: Val Acc: 0.78%
2025-08-14 22:51:58,627 - INFO - Fold 1, Epoch 130: Val Acc: 0.56%
2025-08-14 22:52:00,227 - INFO - Fold 1, Epoch 140: Val Acc: 0.75%
2025-08-14 22:52:00,386 - INFO - Early stopping at epoch 141
2025-08-14 22:52:04,894 - INFO - --- Starting Fold 2/3 ---
2025-08-14 22:52:04,897 - INFO - Generated pairs. Train: 1128 (Positive: 48). Val: 276 (Positive: 24)
2025-08-14 22:52:04,897 - INFO - Starting training for fold 2/3
2025-08-14 22:52:11,501 - INFO - Fold 2, Epoch 10: Val Acc: 0.56%
2025-08-14 22:52:14,975 - INFO - Fold 2, Epoch 20: Val Acc: 0.66%
2025-08-14 22:52:20,186 - INFO - Fold 2, Epoch 30: Val Acc: 0.66%
2025-08-14 22:52:22,031 - INFO - Fold 2, Epoch 40: Val Acc: 0.75%
2025-08-14 22:52:24,230 - INFO - Fold 2, Epoch 50: Val Acc: 0.75%
2025-08-14 22:52:28,022 - INFO - Fold 2, Epoch 60: Val Acc: 0.66%
2025-08-14 22:52:31,719 - INFO - Fold 2, Epoch 70: Val Acc: 0.78%
2025-08-14 22:52:33,838 - INFO - Fold 2, Epoch 80: Val Acc: 0.78%
2025-08-14 22:52:35,960 - INFO - Fold 2, Epoch 90: Val Acc: 0.75%
2025-08-14 22:52:38,079 - INFO - Fold 2, Epoch 100: Val Acc: 0.84%
2025-08-14 22:52:40,197 - INFO - Fold 2, Epoch 110: Val Acc: 0.66%
2025-08-14 22:52:42,310 - INFO - Fold 2, Epoch 120: Val Acc: 0.69%
2025-08-14 22:52:44,418 - INFO - Fold 2, Epoch 130: Val Acc: 0.69%
2025-08-14 22:52:46,527 - INFO - Fold 2, Epoch 140: Val Acc: 0.66%
2025-08-14 22:52:48,647 - INFO - Fold 2, Epoch 150: Val Acc: 0.81%
2025-08-14 22:52:50,770 - INFO - Fold 2, Epoch 160: Val Acc: 0.47%
2025-08-14 22:52:54,305 - INFO - Fold 2, Epoch 170: Val Acc: 0.69%
2025-08-14 22:52:56,421 - INFO - Fold 2, Epoch 180: Val Acc: 0.81%
2025-08-14 22:52:59,932 - INFO - Fold 2, Epoch 190: Val Acc: 0.78%
2025-08-14 22:53:02,049 - INFO - Fold 2, Epoch 200: Val Acc: 0.75%
2025-08-14 22:53:04,147 - INFO - Fold 2, Epoch 210: Val Acc: 0.84%
2025-08-14 22:53:06,253 - INFO - Fold 2, Epoch 220: Val Acc: 0.84%
2025-08-14 22:53:08,361 - INFO - Fold 2, Epoch 230: Val Acc: 0.75%
2025-08-14 22:53:10,463 - INFO - Fold 2, Epoch 240: Val Acc: 0.88%
2025-08-14 22:53:12,562 - INFO - Fold 2, Epoch 250: Val Acc: 0.88%
2025-08-14 22:53:14,663 - INFO - Fold 2, Epoch 260: Val Acc: 0.72%
2025-08-14 22:53:16,758 - INFO - Fold 2, Epoch 270: Val Acc: 0.91%
2025-08-14 22:53:18,847 - INFO - Fold 2, Epoch 280: Val Acc: 0.78%
2025-08-14 22:53:20,740 - INFO - Early stopping at epoch 289
2025-08-14 22:53:23,654 - INFO - --- Starting Fold 3/3 ---
2025-08-14 22:53:23,673 - INFO - Generated pairs. Train: 1128 (Positive: 48). Val: 276 (Positive: 24)
2025-08-14 22:53:23,673 - INFO - Starting training for fold 3/3
2025-08-14 22:53:34,058 - INFO - Fold 3, Epoch 10: Val Acc: 0.78%
2025-08-14 22:53:37,624 - INFO - Fold 3, Epoch 20: Val Acc: 0.78%
2025-08-14 22:53:39,518 - INFO - Fold 3, Epoch 30: Val Acc: 0.72%
2025-08-14 22:53:43,285 - INFO - Fold 3, Epoch 40: Val Acc: 0.72%
2025-08-14 22:53:45,542 - INFO - Fold 3, Epoch 50: Val Acc: 0.81%
2025-08-14 22:53:49,117 - INFO - Fold 3, Epoch 60: Val Acc: 0.72%
2025-08-14 22:53:51,107 - INFO - Fold 3, Epoch 70: Val Acc: 0.84%
2025-08-14 22:53:53,372 - INFO - Fold 3, Epoch 80: Val Acc: 0.81%
2025-08-14 22:53:55,539 - INFO - Fold 3, Epoch 90: Val Acc: 0.59%
2025-08-14 22:53:57,650 - INFO - Fold 3, Epoch 100: Val Acc: 0.78%
2025-08-14 22:53:59,885 - INFO - Fold 3, Epoch 110: Val Acc: 0.81%
2025-08-14 22:54:02,155 - INFO - Fold 3, Epoch 120: Val Acc: 0.81%
2025-08-14 22:54:04,435 - INFO - Fold 3, Epoch 130: Val Acc: 0.66%
2025-08-14 22:54:06,706 - INFO - Fold 3, Epoch 140: Val Acc: 0.66%
2025-08-14 22:54:08,969 - INFO - Fold 3, Epoch 150: Val Acc: 0.81%
2025-08-14 22:54:10,095 - INFO - Early stopping at epoch 155
2025-08-14 22:54:11,162 - INFO - Cross-validation statistics for transformer: {'train_loss': {'mean': np.float64(3.8267393906911216), 'std': np.float64(0.09700884749484429)}, 'train_accuracy': {'mean': np.float64(0.7534722222222223), 'std': np.float64(0.0597383699100183)}, 'val_loss': {'mean': np.float64(4.250280062357585), 'std': np.float64(0.06749461236618201)}, 'val_accuracy': {'mean': np.float64(0.90625), 'std': np.float64(0.04419417382415922)}, 'epoch': {'mean': np.float64(94.0), 'std': np.float64(66.71331701142334)}}
[I 2025-08-14 22:54:11,169] Trial 78 finished with value: -0.90625 and parameters: {'learning_rate': 0.00032129243597457473, 'batch_size': 32, 'num_epochs': 875, 'temperature': 0.21676602436430473, 'embedding_dim': 512, 'hidden_dim': 256, 'dropout': 0.2893574604223457, 'num_layers': 5, 'num_heads': 4, 'noise_enabled': False, 'shift_enabled': False, 'scale_enabled': False, 'crop_enabled': True, 'flip_enabled': False, 'permutation_enabled': False, 'crop_size': 0.5788702386051747}. Best is trial 9 with value: -0.9270833333333334.
Actual device being used: cuda
Attempting to load data from: /vol/ecrg-solar/woodj4/fishy-business/data/REIMS.xlsx
Trial 78 finished with value: -0.90625 and parameters: {'learning_rate': 0.00032129243597457473, 'batch_size': 32, 'num_epochs': 875, 'temperature': 0.21676602436430473, 'embedding_dim': 512, 'hidden_dim': 256, 'dropout': 0.2893574604223457, 'num_layers': 5, 'num_heads': 4, 'noise_enabled': False, 'shift_enabled': False, 'scale_enabled': False, 'crop_enabled': True, 'flip_enabled': False, 'permutation_enabled': False, 'crop_size': 0.5788702386051747}. Best is trial 9 with value: -0.9270833333333334.
2025-08-14 22:54:11,207 - INFO - Using device: cuda
2025-08-14 22:54:23,933 - INFO - --- Starting Fold 1/3 ---
2025-08-14 22:54:23,935 - INFO - Generated pairs. Train: 1128 (Positive: 48). Val: 276 (Positive: 24)
2025-08-14 22:54:23,935 - INFO - Starting training for fold 1/3
2025-08-14 22:54:31,702 - INFO - Fold 1, Epoch 10: Val Acc: 0.53%
2025-08-14 22:54:34,237 - INFO - Fold 1, Epoch 20: Val Acc: 0.38%
2025-08-14 22:54:36,790 - INFO - Fold 1, Epoch 30: Val Acc: 0.47%
2025-08-14 22:54:39,336 - INFO - Fold 1, Epoch 40: Val Acc: 0.56%
2025-08-14 22:54:41,878 - INFO - Fold 1, Epoch 50: Val Acc: 0.41%
2025-08-14 22:54:44,426 - INFO - Fold 1, Epoch 60: Val Acc: 0.50%
2025-08-14 22:54:46,975 - INFO - Fold 1, Epoch 70: Val Acc: 0.53%
2025-08-14 22:54:49,495 - INFO - Fold 1, Epoch 80: Val Acc: 0.56%
2025-08-14 22:54:52,029 - INFO - Fold 1, Epoch 90: Val Acc: 0.69%
2025-08-14 22:54:54,614 - INFO - Fold 1, Epoch 100: Val Acc: 0.53%
2025-08-14 22:54:55,121 - INFO - Early stopping at epoch 102
2025-08-14 22:54:58,706 - INFO - --- Starting Fold 2/3 ---
2025-08-14 22:54:58,709 - INFO - Generated pairs. Train: 1128 (Positive: 48). Val: 276 (Positive: 24)
2025-08-14 22:54:58,709 - INFO - Starting training for fold 2/3
2025-08-14 22:55:04,905 - INFO - Fold 2, Epoch 10: Val Acc: 0.59%
2025-08-14 22:55:09,245 - INFO - Fold 2, Epoch 20: Val Acc: 0.41%
2025-08-14 22:55:11,839 - INFO - Fold 2, Epoch 30: Val Acc: 0.53%
2025-08-14 22:55:14,472 - INFO - Fold 2, Epoch 40: Val Acc: 0.44%
2025-08-14 22:55:16,825 - INFO - Fold 2, Epoch 50: Val Acc: 0.34%
2025-08-14 22:55:19,172 - INFO - Fold 2, Epoch 60: Val Acc: 0.44%
2025-08-14 22:55:23,295 - INFO - Fold 2, Epoch 70: Val Acc: 0.50%
2025-08-14 22:55:25,507 - INFO - Fold 2, Epoch 80: Val Acc: 0.50%
2025-08-14 22:55:28,126 - INFO - Fold 2, Epoch 90: Val Acc: 0.44%
2025-08-14 22:55:30,652 - INFO - Fold 2, Epoch 100: Val Acc: 0.53%
2025-08-14 22:55:33,182 - INFO - Fold 2, Epoch 110: Val Acc: 0.56%
2025-08-14 22:55:35,727 - INFO - Fold 2, Epoch 120: Val Acc: 0.56%
2025-08-14 22:55:38,285 - INFO - Fold 2, Epoch 130: Val Acc: 0.44%
2025-08-14 22:55:40,830 - INFO - Fold 2, Epoch 140: Val Acc: 0.38%
2025-08-14 22:55:43,377 - INFO - Fold 2, Epoch 150: Val Acc: 0.47%
2025-08-14 22:55:45,902 - INFO - Fold 2, Epoch 160: Val Acc: 0.50%
2025-08-14 22:55:47,414 - INFO - Early stopping at epoch 166
2025-08-14 22:55:48,698 - INFO - --- Starting Fold 3/3 ---
2025-08-14 22:55:48,700 - INFO - Generated pairs. Train: 1128 (Positive: 48). Val: 276 (Positive: 24)
2025-08-14 22:55:48,700 - INFO - Starting training for fold 3/3
/usr/pkg/lib/python3.12/site-packages/torch/optim/lr_scheduler.py:227: UserWarning: Detected call of `lr_scheduler.step()` before `optimizer.step()`. In PyTorch 1.1.0 and later, you should call them in the opposite order: `optimizer.step()` before `lr_scheduler.step()`.  Failure to do this will result in PyTorch skipping the first value of the learning rate schedule. See more details at https://pytorch.org/docs/stable/optim.html#how-to-adjust-learning-rate
  warnings.warn(
2025-08-14 22:55:52,761 - INFO - Fold 3, Epoch 10: Val Acc: 0.56%
2025-08-14 22:55:54,719 - INFO - Fold 3, Epoch 20: Val Acc: 0.53%
2025-08-14 22:55:58,684 - INFO - Fold 3, Epoch 30: Val Acc: 0.41%
2025-08-14 22:56:01,231 - INFO - Fold 3, Epoch 40: Val Acc: 0.50%
2025-08-14 22:56:03,764 - INFO - Fold 3, Epoch 50: Val Acc: 0.38%
2025-08-14 22:56:06,299 - INFO - Fold 3, Epoch 60: Val Acc: 0.59%
2025-08-14 22:56:08,837 - INFO - Fold 3, Epoch 70: Val Acc: 0.56%
2025-08-14 22:56:11,371 - INFO - Fold 3, Epoch 80: Val Acc: 0.50%
2025-08-14 22:56:13,912 - INFO - Fold 3, Epoch 90: Val Acc: 0.53%
2025-08-14 22:56:16,456 - INFO - Fold 3, Epoch 100: Val Acc: 0.56%
2025-08-14 22:56:18,985 - INFO - Fold 3, Epoch 110: Val Acc: 0.44%
2025-08-14 22:56:21,525 - INFO - Fold 3, Epoch 120: Val Acc: 0.56%
2025-08-14 22:56:22,284 - INFO - Early stopping at epoch 123
2025-08-14 22:56:23,542 - INFO - Cross-validation statistics for transformer: {'train_loss': {'mean': np.float64(4.622765329149035), 'std': np.float64(0.1326702062724672)}, 'train_accuracy': {'mean': np.float64(0.5763888888888888), 'std': np.float64(0.025983731852596822)}, 'val_loss': {'mean': np.float64(4.541309038798015), 'std': np.float64(0.12914907041089407)}, 'val_accuracy': {'mean': np.float64(0.6770833333333334), 'std': np.float64(0.02946278254943948)}, 'epoch': {'mean': np.float64(29.333333333333332), 'std': np.float64(26.637484032009397)}}
[I 2025-08-14 22:56:23,549] Trial 79 finished with value: -0.6770833333333334 and parameters: {'learning_rate': 0.0003843375965162803, 'batch_size': 32, 'num_epochs': 980, 'temperature': 0.07917576380401477, 'embedding_dim': 128, 'hidden_dim': 256, 'dropout': 0.4410934405263818, 'num_layers': 6, 'num_heads': 8, 'noise_enabled': True, 'shift_enabled': False, 'scale_enabled': True, 'crop_enabled': True, 'flip_enabled': False, 'permutation_enabled': True, 'noise_level': 0.012603420520817962, 'crop_size': 0.6299935682772629}. Best is trial 9 with value: -0.9270833333333334.
Actual device being used: cuda
Attempting to load data from: /vol/ecrg-solar/woodj4/fishy-business/data/REIMS.xlsx
Trial 79 finished with value: -0.6770833333333334 and parameters: {'learning_rate': 0.0003843375965162803, 'batch_size': 32, 'num_epochs': 980, 'temperature': 0.07917576380401477, 'embedding_dim': 128, 'hidden_dim': 256, 'dropout': 0.4410934405263818, 'num_layers': 6, 'num_heads': 8, 'noise_enabled': True, 'shift_enabled': False, 'scale_enabled': True, 'crop_enabled': True, 'flip_enabled': False, 'permutation_enabled': True, 'noise_level': 0.012603420520817962, 'crop_size': 0.6299935682772629}. Best is trial 9 with value: -0.9270833333333334.
2025-08-14 22:56:23,579 - INFO - Using device: cuda
2025-08-14 22:56:33,349 - INFO - --- Starting Fold 1/3 ---
2025-08-14 22:56:33,351 - INFO - Generated pairs. Train: 1128 (Positive: 48). Val: 276 (Positive: 24)
2025-08-14 22:56:33,351 - INFO - Starting training for fold 1/3
/usr/pkg/lib/python3.12/site-packages/torch/optim/lr_scheduler.py:227: UserWarning: Detected call of `lr_scheduler.step()` before `optimizer.step()`. In PyTorch 1.1.0 and later, you should call them in the opposite order: `optimizer.step()` before `lr_scheduler.step()`.  Failure to do this will result in PyTorch skipping the first value of the learning rate schedule. See more details at https://pytorch.org/docs/stable/optim.html#how-to-adjust-learning-rate
  warnings.warn(
2025-08-14 22:56:44,674 - INFO - Fold 1, Epoch 10: Val Acc: 0.62%
2025-08-14 22:56:46,929 - INFO - Fold 1, Epoch 20: Val Acc: 0.50%
2025-08-14 22:56:49,184 - INFO - Fold 1, Epoch 30: Val Acc: 0.50%
2025-08-14 22:56:51,429 - INFO - Fold 1, Epoch 40: Val Acc: 0.56%
2025-08-14 22:56:53,652 - INFO - Fold 1, Epoch 50: Val Acc: 0.56%
2025-08-14 22:56:55,886 - INFO - Fold 1, Epoch 60: Val Acc: 0.53%
2025-08-14 22:56:58,129 - INFO - Fold 1, Epoch 70: Val Acc: 0.56%
2025-08-14 22:57:00,373 - INFO - Fold 1, Epoch 80: Val Acc: 0.53%
2025-08-14 22:57:02,597 - INFO - Fold 1, Epoch 90: Val Acc: 0.53%
2025-08-14 22:57:04,765 - INFO - Fold 1, Epoch 100: Val Acc: 0.59%
2025-08-14 22:57:05,880 - INFO - Early stopping at epoch 105
2025-08-14 22:57:09,661 - INFO - --- Starting Fold 2/3 ---
2025-08-14 22:57:09,664 - INFO - Generated pairs. Train: 1128 (Positive: 48). Val: 276 (Positive: 24)
2025-08-14 22:57:09,664 - INFO - Starting training for fold 2/3
/usr/pkg/lib/python3.12/site-packages/torch/optim/lr_scheduler.py:227: UserWarning: Detected call of `lr_scheduler.step()` before `optimizer.step()`. In PyTorch 1.1.0 and later, you should call them in the opposite order: `optimizer.step()` before `lr_scheduler.step()`.  Failure to do this will result in PyTorch skipping the first value of the learning rate schedule. See more details at https://pytorch.org/docs/stable/optim.html#how-to-adjust-learning-rate
  warnings.warn(
2025-08-14 22:57:16,364 - INFO - Fold 2, Epoch 10: Val Acc: 0.69%
2025-08-14 22:57:18,516 - INFO - Fold 2, Epoch 20: Val Acc: 0.69%
2025-08-14 22:57:20,687 - INFO - Fold 2, Epoch 30: Val Acc: 0.62%
2025-08-14 22:57:24,210 - INFO - Fold 2, Epoch 40: Val Acc: 0.75%
2025-08-14 22:57:27,771 - INFO - Fold 2, Epoch 50: Val Acc: 0.69%
2025-08-14 22:57:29,924 - INFO - Fold 2, Epoch 60: Val Acc: 0.75%
2025-08-14 22:57:31,956 - INFO - Fold 2, Epoch 70: Val Acc: 0.69%
2025-08-14 22:57:34,107 - INFO - Fold 2, Epoch 80: Val Acc: 0.69%
2025-08-14 22:57:36,264 - INFO - Fold 2, Epoch 90: Val Acc: 0.66%
2025-08-14 22:57:38,059 - INFO - Fold 2, Epoch 100: Val Acc: 0.62%
2025-08-14 22:57:39,785 - INFO - Fold 2, Epoch 110: Val Acc: 0.75%
2025-08-14 22:57:41,588 - INFO - Fold 2, Epoch 120: Val Acc: 0.72%
2025-08-14 22:57:43,467 - INFO - Fold 2, Epoch 130: Val Acc: 0.69%
2025-08-14 22:57:45,348 - INFO - Fold 2, Epoch 140: Val Acc: 0.59%
2025-08-14 22:57:46,061 - INFO - Early stopping at epoch 144
2025-08-14 22:57:49,122 - INFO - --- Starting Fold 3/3 ---
2025-08-14 22:57:49,125 - INFO - Generated pairs. Train: 1128 (Positive: 48). Val: 276 (Positive: 24)
2025-08-14 22:57:49,125 - INFO - Starting training for fold 3/3
/usr/pkg/lib/python3.12/site-packages/torch/optim/lr_scheduler.py:227: UserWarning: Detected call of `lr_scheduler.step()` before `optimizer.step()`. In PyTorch 1.1.0 and later, you should call them in the opposite order: `optimizer.step()` before `lr_scheduler.step()`.  Failure to do this will result in PyTorch skipping the first value of the learning rate schedule. See more details at https://pytorch.org/docs/stable/optim.html#how-to-adjust-learning-rate
  warnings.warn(
2025-08-14 22:57:56,886 - INFO - Fold 3, Epoch 10: Val Acc: 0.72%
2025-08-14 22:57:58,845 - INFO - Fold 3, Epoch 20: Val Acc: 0.88%
2025-08-14 22:58:00,897 - INFO - Fold 3, Epoch 30: Val Acc: 0.62%
2025-08-14 22:58:03,068 - INFO - Fold 3, Epoch 40: Val Acc: 0.59%
2025-08-14 22:58:05,224 - INFO - Fold 3, Epoch 50: Val Acc: 0.59%
2025-08-14 22:58:07,351 - INFO - Fold 3, Epoch 60: Val Acc: 0.62%
2025-08-14 22:58:09,078 - INFO - Fold 3, Epoch 70: Val Acc: 0.53%
2025-08-14 22:58:10,725 - INFO - Fold 3, Epoch 80: Val Acc: 0.62%
2025-08-14 22:58:12,851 - INFO - Fold 3, Epoch 90: Val Acc: 0.59%
2025-08-14 22:58:15,014 - INFO - Fold 3, Epoch 100: Val Acc: 0.47%
2025-08-14 22:58:16,325 - INFO - Early stopping at epoch 106
2025-08-14 22:58:20,850 - INFO - Cross-validation statistics for transformer: {'train_loss': {'mean': np.float64(4.719583670298259), 'std': np.float64(0.8112933484835131)}, 'train_accuracy': {'mean': np.float64(0.8680555555555555), 'std': np.float64(0.07233564811110996)}, 'val_loss': {'mean': np.float64(5.832117557525635), 'std': np.float64(0.5084844887783986)}, 'val_accuracy': {'mean': np.float64(0.8229166666666666), 'std': np.float64(0.05311478659992484)}, 'epoch': {'mean': np.float64(17.333333333333332), 'std': np.float64(18.153665072253467)}}
[I 2025-08-14 22:58:20,870] Trial 80 finished with value: -0.8229166666666666 and parameters: {'learning_rate': 0.0006488643784224167, 'batch_size': 32, 'num_epochs': 934, 'temperature': 0.09475150118428446, 'embedding_dim': 128, 'hidden_dim': 256, 'dropout': 0.4172868979046141, 'num_layers': 5, 'num_heads': 8, 'noise_enabled': True, 'shift_enabled': False, 'scale_enabled': True, 'crop_enabled': False, 'flip_enabled': False, 'permutation_enabled': False, 'noise_level': 0.1222982135958599}. Best is trial 9 with value: -0.9270833333333334.
Actual device being used: cuda
Attempting to load data from: /vol/ecrg-solar/woodj4/fishy-business/data/REIMS.xlsx
