Trial 96 finished with value: -0.8958333333333334 and parameters: {'learning_rate': 0.0005824853692291223, 'batch_size': 32, 'num_epochs': 370, 'temperature': 0.3427829921675797, 'embedding_dim': 256, 'hidden_dim': 256, 'dropout': 0.4761449429413749, 'num_layers': 5, 'num_heads': 8, 'noise_enabled': True, 'shift_enabled': False, 'scale_enabled': False, 'crop_enabled': True, 'flip_enabled': False, 'permutation_enabled': False, 'noise_level': 0.09041705500895818, 'crop_size': 0.5204807832092091}. Best is trial 92 with value: -0.9479166666666666.
2025-08-14 23:43:58,947 - INFO - Using device: cuda
2025-08-14 23:44:08,530 - INFO - --- Starting Fold 1/3 ---
2025-08-14 23:44:08,532 - INFO - Generated pairs. Train: 1128 (Positive: 48). Val: 276 (Positive: 24)
2025-08-14 23:44:08,532 - INFO - Starting training for fold 1/3
2025-08-14 23:44:22,159 - INFO - Fold 1, Epoch 10: Val Acc: 0.53%
2025-08-14 23:44:26,502 - INFO - Fold 1, Epoch 20: Val Acc: 0.66%
2025-08-14 23:44:28,598 - INFO - Fold 1, Epoch 30: Val Acc: 0.72%
2025-08-14 23:44:33,008 - INFO - Fold 1, Epoch 40: Val Acc: 0.75%
2025-08-14 23:44:37,286 - INFO - Fold 1, Epoch 50: Val Acc: 0.59%
2025-08-14 23:44:39,411 - INFO - Fold 1, Epoch 60: Val Acc: 0.72%
2025-08-14 23:44:41,574 - INFO - Fold 1, Epoch 70: Val Acc: 0.53%
2025-08-14 23:44:43,706 - INFO - Fold 1, Epoch 80: Val Acc: 0.66%
2025-08-14 23:44:45,807 - INFO - Fold 1, Epoch 90: Val Acc: 0.69%
2025-08-14 23:44:47,909 - INFO - Fold 1, Epoch 100: Val Acc: 0.50%
2025-08-14 23:44:50,009 - INFO - Fold 1, Epoch 110: Val Acc: 0.72%
2025-08-14 23:44:51,861 - INFO - Fold 1, Epoch 120: Val Acc: 0.75%
2025-08-14 23:44:53,448 - INFO - Fold 1, Epoch 130: Val Acc: 0.62%
2025-08-14 23:44:55,033 - INFO - Fold 1, Epoch 140: Val Acc: 0.72%
2025-08-14 23:44:55,565 - INFO - Early stopping at epoch 143
2025-08-14 23:44:59,149 - INFO - --- Starting Fold 2/3 ---
2025-08-14 23:44:59,152 - INFO - Generated pairs. Train: 1128 (Positive: 48). Val: 276 (Positive: 24)
2025-08-14 23:44:59,153 - INFO - Starting training for fold 2/3
2025-08-14 23:45:05,751 - INFO - Fold 2, Epoch 10: Val Acc: 0.41%
2025-08-14 23:45:12,499 - INFO - Fold 2, Epoch 20: Val Acc: 0.75%
2025-08-14 23:45:18,061 - INFO - Fold 2, Epoch 30: Val Acc: 0.66%
2025-08-14 23:45:20,164 - INFO - Fold 2, Epoch 40: Val Acc: 0.75%
2025-08-14 23:45:23,732 - INFO - Fold 2, Epoch 50: Val Acc: 0.69%
2025-08-14 23:45:27,296 - INFO - Fold 2, Epoch 60: Val Acc: 0.78%
2025-08-14 23:45:29,382 - INFO - Fold 2, Epoch 70: Val Acc: 0.59%
2025-08-14 23:45:31,481 - INFO - Fold 2, Epoch 80: Val Acc: 0.62%
2025-08-14 23:45:33,572 - INFO - Fold 2, Epoch 90: Val Acc: 0.78%
2025-08-14 23:45:35,670 - INFO - Fold 2, Epoch 100: Val Acc: 0.78%
2025-08-14 23:45:37,759 - INFO - Fold 2, Epoch 110: Val Acc: 0.81%
2025-08-14 23:45:39,851 - INFO - Fold 2, Epoch 120: Val Acc: 0.84%
2025-08-14 23:45:41,947 - INFO - Fold 2, Epoch 130: Val Acc: 0.81%
2025-08-14 23:45:44,041 - INFO - Fold 2, Epoch 140: Val Acc: 0.78%
2025-08-14 23:45:46,135 - INFO - Fold 2, Epoch 150: Val Acc: 0.69%
2025-08-14 23:45:46,757 - INFO - Early stopping at epoch 153
2025-08-14 23:45:49,848 - INFO - --- Starting Fold 3/3 ---
2025-08-14 23:45:49,851 - INFO - Generated pairs. Train: 1128 (Positive: 48). Val: 276 (Positive: 24)
2025-08-14 23:45:49,851 - INFO - Starting training for fold 3/3
2025-08-14 23:45:56,529 - INFO - Fold 3, Epoch 10: Val Acc: 0.62%
2025-08-14 23:46:01,390 - INFO - Fold 3, Epoch 20: Val Acc: 0.69%
2025-08-14 23:46:04,929 - INFO - Fold 3, Epoch 30: Val Acc: 0.56%
2025-08-14 23:46:07,111 - INFO - Fold 3, Epoch 40: Val Acc: 0.66%
2025-08-14 23:46:10,728 - INFO - Fold 3, Epoch 50: Val Acc: 0.78%
2025-08-14 23:46:12,917 - INFO - Fold 3, Epoch 60: Val Acc: 0.75%
2025-08-14 23:46:16,455 - INFO - Fold 3, Epoch 70: Val Acc: 0.81%
2025-08-14 23:46:18,640 - INFO - Fold 3, Epoch 80: Val Acc: 0.69%
2025-08-14 23:46:20,818 - INFO - Fold 3, Epoch 90: Val Acc: 0.91%
2025-08-14 23:46:23,011 - INFO - Fold 3, Epoch 100: Val Acc: 0.78%
2025-08-14 23:46:25,196 - INFO - Fold 3, Epoch 110: Val Acc: 0.88%
2025-08-14 23:46:27,308 - INFO - Fold 3, Epoch 120: Val Acc: 0.81%
2025-08-14 23:46:29,410 - INFO - Fold 3, Epoch 130: Val Acc: 0.72%
2025-08-14 23:46:31,490 - INFO - Fold 3, Epoch 140: Val Acc: 0.72%
2025-08-14 23:46:33,583 - INFO - Fold 3, Epoch 150: Val Acc: 0.66%
2025-08-14 23:46:35,683 - INFO - Fold 3, Epoch 160: Val Acc: 0.81%
2025-08-14 23:46:37,560 - INFO - Early stopping at epoch 169
2025-08-14 23:46:38,631 - INFO - Cross-validation statistics for transformer: {'train_loss': {'mean': np.float64(3.9770728217230906), 'std': np.float64(0.023751024265311088)}, 'train_accuracy': {'mean': np.float64(0.7777777777777777), 'std': np.float64(0.03437324630767941)}, 'val_loss': {'mean': np.float64(4.186501979827881), 'std': np.float64(0.045971017223301956)}, 'val_accuracy': {'mean': np.float64(0.8958333333333334), 'std': np.float64(0.01473139127471974)}, 'epoch': {'mean': np.float64(54.0), 'std': np.float64(10.708252269472673)}}
[I 2025-08-14 23:46:38,638] Trial 97 finished with value: -0.8958333333333334 and parameters: {'learning_rate': 0.0006863252614772264, 'batch_size': 32, 'num_epochs': 324, 'temperature': 0.2594642833022991, 'embedding_dim': 256, 'hidden_dim': 256, 'dropout': 0.45517961180238414, 'num_layers': 5, 'num_heads': 8, 'noise_enabled': False, 'shift_enabled': False, 'scale_enabled': False, 'crop_enabled': True, 'flip_enabled': False, 'permutation_enabled': False, 'crop_size': 0.5311255771334632}. Best is trial 92 with value: -0.9479166666666666.
Actual device being used: cuda
Attempting to load data from: /vol/ecrg-solar/woodj4/fishy-business/data/REIMS.xlsx
Trial 97 finished with value: -0.8958333333333334 and parameters: {'learning_rate': 0.0006863252614772264, 'batch_size': 32, 'num_epochs': 324, 'temperature': 0.2594642833022991, 'embedding_dim': 256, 'hidden_dim': 256, 'dropout': 0.45517961180238414, 'num_layers': 5, 'num_heads': 8, 'noise_enabled': False, 'shift_enabled': False, 'scale_enabled': False, 'crop_enabled': True, 'flip_enabled': False, 'permutation_enabled': False, 'crop_size': 0.5311255771334632}. Best is trial 92 with value: -0.9479166666666666.
2025-08-14 23:46:38,673 - INFO - Using device: cuda
2025-08-14 23:46:48,438 - INFO - --- Starting Fold 1/3 ---
2025-08-14 23:46:48,439 - INFO - Generated pairs. Train: 1128 (Positive: 48). Val: 276 (Positive: 24)
2025-08-14 23:46:48,439 - INFO - Starting training for fold 1/3
2025-08-14 23:46:59,792 - INFO - Fold 1, Epoch 10: Val Acc: 0.69%
2025-08-14 23:47:02,018 - INFO - Fold 1, Epoch 20: Val Acc: 0.62%
2025-08-14 23:47:04,243 - INFO - Fold 1, Epoch 30: Val Acc: 0.72%
2025-08-14 23:47:08,678 - INFO - Fold 1, Epoch 40: Val Acc: 0.84%
2025-08-14 23:47:13,151 - INFO - Fold 1, Epoch 50: Val Acc: 0.75%
2025-08-14 23:47:15,330 - INFO - Fold 1, Epoch 60: Val Acc: 0.66%
2025-08-14 23:47:17,539 - INFO - Fold 1, Epoch 70: Val Acc: 0.62%
2025-08-14 23:47:19,760 - INFO - Fold 1, Epoch 80: Val Acc: 0.59%
2025-08-14 23:47:21,964 - INFO - Fold 1, Epoch 90: Val Acc: 0.69%
2025-08-14 23:47:24,184 - INFO - Fold 1, Epoch 100: Val Acc: 0.69%
2025-08-14 23:47:26,393 - INFO - Fold 1, Epoch 110: Val Acc: 0.88%
2025-08-14 23:47:28,601 - INFO - Fold 1, Epoch 120: Val Acc: 0.69%
2025-08-14 23:47:30,838 - INFO - Fold 1, Epoch 130: Val Acc: 0.69%
2025-08-14 23:47:33,037 - INFO - Fold 1, Epoch 140: Val Acc: 0.75%
2025-08-14 23:47:34,365 - INFO - Early stopping at epoch 146
2025-08-14 23:47:37,990 - INFO - --- Starting Fold 2/3 ---
2025-08-14 23:47:37,992 - INFO - Generated pairs. Train: 1128 (Positive: 48). Val: 276 (Positive: 24)
2025-08-14 23:47:37,993 - INFO - Starting training for fold 2/3
2025-08-14 23:47:46,045 - INFO - Fold 2, Epoch 10: Val Acc: 0.72%
2025-08-14 23:47:49,780 - INFO - Fold 2, Epoch 20: Val Acc: 0.78%
2025-08-14 23:47:53,424 - INFO - Fold 2, Epoch 30: Val Acc: 0.72%
2025-08-14 23:47:55,627 - INFO - Fold 2, Epoch 40: Val Acc: 0.88%
2025-08-14 23:47:57,812 - INFO - Fold 2, Epoch 50: Val Acc: 0.81%
2025-08-14 23:47:59,877 - INFO - Fold 2, Epoch 60: Val Acc: 0.78%
2025-08-14 23:48:01,769 - INFO - Fold 2, Epoch 70: Val Acc: 0.62%
2025-08-14 23:48:03,560 - INFO - Fold 2, Epoch 80: Val Acc: 0.88%
2025-08-14 23:48:05,416 - INFO - Fold 2, Epoch 90: Val Acc: 0.66%
2025-08-14 23:48:07,711 - INFO - Fold 2, Epoch 100: Val Acc: 0.66%
2025-08-14 23:48:10,012 - INFO - Fold 2, Epoch 110: Val Acc: 0.75%
2025-08-14 23:48:12,304 - INFO - Fold 2, Epoch 120: Val Acc: 0.72%
2025-08-14 23:48:12,532 - INFO - Early stopping at epoch 121
2025-08-14 23:48:16,935 - INFO - --- Starting Fold 3/3 ---
2025-08-14 23:48:16,938 - INFO - Generated pairs. Train: 1128 (Positive: 48). Val: 276 (Positive: 24)
2025-08-14 23:48:16,938 - INFO - Starting training for fold 3/3
2025-08-14 23:48:24,014 - INFO - Fold 3, Epoch 10: Val Acc: 0.62%
2025-08-14 23:48:27,279 - INFO - Fold 3, Epoch 20: Val Acc: 0.62%
2025-08-14 23:48:32,305 - INFO - Fold 3, Epoch 30: Val Acc: 0.88%
2025-08-14 23:48:34,486 - INFO - Fold 3, Epoch 40: Val Acc: 0.81%
2025-08-14 23:48:36,329 - INFO - Fold 3, Epoch 50: Val Acc: 0.75%
2025-08-14 23:48:39,619 - INFO - Fold 3, Epoch 60: Val Acc: 0.78%
2025-08-14 23:48:41,374 - INFO - Fold 3, Epoch 70: Val Acc: 0.84%
2025-08-14 23:48:43,063 - INFO - Fold 3, Epoch 80: Val Acc: 0.88%
2025-08-14 23:48:44,780 - INFO - Fold 3, Epoch 90: Val Acc: 0.62%
2025-08-14 23:48:46,879 - INFO - Fold 3, Epoch 100: Val Acc: 0.81%
2025-08-14 23:48:49,091 - INFO - Fold 3, Epoch 110: Val Acc: 0.81%
2025-08-14 23:48:51,322 - INFO - Fold 3, Epoch 120: Val Acc: 0.81%
2025-08-14 23:48:53,513 - INFO - Fold 3, Epoch 130: Val Acc: 0.66%
2025-08-14 23:48:55,708 - INFO - Fold 3, Epoch 140: Val Acc: 0.69%
2025-08-14 23:48:57,402 - INFO - Fold 3, Epoch 150: Val Acc: 0.69%
2025-08-14 23:48:58,910 - INFO - Early stopping at epoch 158
2025-08-14 23:49:01,694 - INFO - Cross-validation statistics for transformer: {'train_loss': {'mean': np.float64(3.947901116477119), 'std': np.float64(0.024138081803552685)}, 'train_accuracy': {'mean': np.float64(0.78125), 'std': np.float64(0.014731391274719766)}, 'val_loss': {'mean': np.float64(4.2339145342508955), 'std': np.float64(0.07466016802338163)}, 'val_accuracy': {'mean': np.float64(0.90625), 'std': np.float64(0.02551551815399144)}, 'epoch': {'mean': np.float64(40.666666666666664), 'std': np.float64(15.412837362262522)}}
[I 2025-08-14 23:49:01,704] Trial 98 finished with value: -0.90625 and parameters: {'learning_rate': 0.0007784946728515513, 'batch_size': 32, 'num_epochs': 456, 'temperature': 0.37708326029063916, 'embedding_dim': 256, 'hidden_dim': 256, 'dropout': 0.4620916916945069, 'num_layers': 5, 'num_heads': 8, 'noise_enabled': True, 'shift_enabled': False, 'scale_enabled': False, 'crop_enabled': True, 'flip_enabled': False, 'permutation_enabled': False, 'noise_level': 0.10362053443912297, 'crop_size': 0.5706235358179798}. Best is trial 92 with value: -0.9479166666666666.
Actual device being used: cuda
Attempting to load data from: /vol/ecrg-solar/woodj4/fishy-business/data/REIMS.xlsx
Trial 98 finished with value: -0.90625 and parameters: {'learning_rate': 0.0007784946728515513, 'batch_size': 32, 'num_epochs': 456, 'temperature': 0.37708326029063916, 'embedding_dim': 256, 'hidden_dim': 256, 'dropout': 0.4620916916945069, 'num_layers': 5, 'num_heads': 8, 'noise_enabled': True, 'shift_enabled': False, 'scale_enabled': False, 'crop_enabled': True, 'flip_enabled': False, 'permutation_enabled': False, 'noise_level': 0.10362053443912297, 'crop_size': 0.5706235358179798}. Best is trial 92 with value: -0.9479166666666666.
2025-08-14 23:49:01,787 - INFO - Using device: cuda
2025-08-14 23:49:11,636 - INFO - --- Starting Fold 1/3 ---
2025-08-14 23:49:11,638 - INFO - Generated pairs. Train: 1128 (Positive: 48). Val: 276 (Positive: 24)
2025-08-14 23:49:11,638 - INFO - Starting training for fold 1/3
2025-08-14 23:49:22,997 - INFO - Fold 1, Epoch 10: Val Acc: 0.59%
2025-08-14 23:49:31,910 - INFO - Fold 1, Epoch 20: Val Acc: 0.72%
2025-08-14 23:49:36,364 - INFO - Fold 1, Epoch 30: Val Acc: 0.66%
2025-08-14 23:49:38,597 - INFO - Fold 1, Epoch 40: Val Acc: 0.72%
2025-08-14 23:49:40,836 - INFO - Fold 1, Epoch 50: Val Acc: 0.84%
2025-08-14 23:49:43,086 - INFO - Fold 1, Epoch 60: Val Acc: 0.75%
2025-08-14 23:49:45,324 - INFO - Fold 1, Epoch 70: Val Acc: 0.72%
2025-08-14 23:49:47,550 - INFO - Fold 1, Epoch 80: Val Acc: 0.66%
2025-08-14 23:49:49,775 - INFO - Fold 1, Epoch 90: Val Acc: 0.69%
2025-08-14 23:49:52,005 - INFO - Fold 1, Epoch 100: Val Acc: 0.69%
2025-08-14 23:49:56,392 - INFO - Fold 1, Epoch 110: Val Acc: 0.66%
2025-08-14 23:49:58,593 - INFO - Fold 1, Epoch 120: Val Acc: 0.72%
2025-08-14 23:50:00,803 - INFO - Fold 1, Epoch 130: Val Acc: 0.72%
2025-08-14 23:50:03,020 - INFO - Fold 1, Epoch 140: Val Acc: 0.72%
2025-08-14 23:50:05,236 - INFO - Fold 1, Epoch 150: Val Acc: 0.72%
2025-08-14 23:50:07,457 - INFO - Fold 1, Epoch 160: Val Acc: 0.59%
2025-08-14 23:50:09,681 - INFO - Fold 1, Epoch 170: Val Acc: 0.81%
2025-08-14 23:50:11,910 - INFO - Fold 1, Epoch 180: Val Acc: 0.78%
2025-08-14 23:50:16,367 - INFO - Fold 1, Epoch 190: Val Acc: 0.69%
2025-08-14 23:50:18,577 - INFO - Fold 1, Epoch 200: Val Acc: 0.78%
2025-08-14 23:50:20,784 - INFO - Fold 1, Epoch 210: Val Acc: 0.69%
2025-08-14 23:50:23,000 - INFO - Fold 1, Epoch 220: Val Acc: 0.72%
2025-08-14 23:50:25,229 - INFO - Fold 1, Epoch 230: Val Acc: 0.75%
2025-08-14 23:50:27,442 - INFO - Fold 1, Epoch 240: Val Acc: 0.75%
2025-08-14 23:50:29,659 - INFO - Fold 1, Epoch 250: Val Acc: 0.72%
2025-08-14 23:50:31,873 - INFO - Fold 1, Epoch 260: Val Acc: 0.66%
2025-08-14 23:50:34,066 - INFO - Fold 1, Epoch 270: Val Acc: 0.69%
2025-08-14 23:50:36,353 - INFO - Fold 1, Epoch 280: Val Acc: 0.59%
2025-08-14 23:50:37,743 - INFO - Early stopping at epoch 286
2025-08-14 23:50:41,168 - INFO - --- Starting Fold 2/3 ---
2025-08-14 23:50:41,171 - INFO - Generated pairs. Train: 1128 (Positive: 48). Val: 276 (Positive: 24)
2025-08-14 23:50:41,171 - INFO - Starting training for fold 2/3
2025-08-14 23:50:46,394 - INFO - Fold 2, Epoch 10: Val Acc: 0.72%
2025-08-14 23:50:50,259 - INFO - Fold 2, Epoch 20: Val Acc: 0.62%
2025-08-14 23:50:53,942 - INFO - Fold 2, Epoch 30: Val Acc: 0.69%
2025-08-14 23:50:56,145 - INFO - Fold 2, Epoch 40: Val Acc: 0.78%
2025-08-14 23:51:01,155 - INFO - Fold 2, Epoch 50: Val Acc: 0.69%
2025-08-14 23:51:03,357 - INFO - Fold 2, Epoch 60: Val Acc: 0.88%
2025-08-14 23:51:05,564 - INFO - Fold 2, Epoch 70: Val Acc: 0.91%
2025-08-14 23:51:07,563 - INFO - Fold 2, Epoch 80: Val Acc: 0.75%
2025-08-14 23:51:09,252 - INFO - Fold 2, Epoch 90: Val Acc: 0.69%
2025-08-14 23:51:10,941 - INFO - Fold 2, Epoch 100: Val Acc: 0.78%
2025-08-14 23:51:12,668 - INFO - Fold 2, Epoch 110: Val Acc: 0.88%
2025-08-14 23:51:14,355 - INFO - Fold 2, Epoch 120: Val Acc: 0.78%
2025-08-14 23:51:16,040 - INFO - Fold 2, Epoch 130: Val Acc: 0.94%
2025-08-14 23:51:17,727 - INFO - Fold 2, Epoch 140: Val Acc: 0.84%
2025-08-14 23:51:19,061 - INFO - Early stopping at epoch 148
2025-08-14 23:51:21,983 - INFO - --- Starting Fold 3/3 ---
2025-08-14 23:51:21,986 - INFO - Generated pairs. Train: 1128 (Positive: 48). Val: 276 (Positive: 24)
2025-08-14 23:51:21,986 - INFO - Starting training for fold 3/3
2025-08-14 23:51:31,184 - INFO - Fold 3, Epoch 10: Val Acc: 0.69%
2025-08-14 23:51:37,765 - INFO - Fold 3, Epoch 20: Val Acc: 0.81%
2025-08-14 23:51:40,071 - INFO - Fold 3, Epoch 30: Val Acc: 0.72%
2025-08-14 23:51:44,336 - INFO - Fold 3, Epoch 40: Val Acc: 0.81%
2025-08-14 23:51:46,550 - INFO - Fold 3, Epoch 50: Val Acc: 0.69%
2025-08-14 23:51:48,775 - INFO - Fold 3, Epoch 60: Val Acc: 0.75%
2025-08-14 23:51:50,986 - INFO - Fold 3, Epoch 70: Val Acc: 0.69%
2025-08-14 23:51:53,205 - INFO - Fold 3, Epoch 80: Val Acc: 0.69%
2025-08-14 23:51:56,955 - INFO - Fold 3, Epoch 90: Val Acc: 0.69%
2025-08-14 23:51:59,158 - INFO - Fold 3, Epoch 100: Val Acc: 0.66%
2025-08-14 23:52:01,370 - INFO - Fold 3, Epoch 110: Val Acc: 0.81%
2025-08-14 23:52:03,366 - INFO - Fold 3, Epoch 120: Val Acc: 0.62%
2025-08-14 23:52:05,111 - INFO - Fold 3, Epoch 130: Val Acc: 0.75%
2025-08-14 23:52:06,854 - INFO - Fold 3, Epoch 140: Val Acc: 0.69%
2025-08-14 23:52:08,552 - INFO - Fold 3, Epoch 150: Val Acc: 0.62%
2025-08-14 23:52:10,242 - INFO - Fold 3, Epoch 160: Val Acc: 0.84%
2025-08-14 23:52:13,579 - INFO - Fold 3, Epoch 170: Val Acc: 0.75%
2025-08-14 23:52:15,778 - INFO - Fold 3, Epoch 180: Val Acc: 0.69%
2025-08-14 23:52:17,934 - INFO - Fold 3, Epoch 190: Val Acc: 0.66%
2025-08-14 23:52:20,144 - INFO - Fold 3, Epoch 200: Val Acc: 0.66%
2025-08-14 23:52:22,326 - INFO - Fold 3, Epoch 210: Val Acc: 0.53%
2025-08-14 23:52:24,441 - INFO - Fold 3, Epoch 220: Val Acc: 0.72%
2025-08-14 23:52:26,653 - INFO - Fold 3, Epoch 230: Val Acc: 0.78%
2025-08-14 23:52:28,862 - INFO - Fold 3, Epoch 240: Val Acc: 0.69%
2025-08-14 23:52:31,070 - INFO - Fold 3, Epoch 250: Val Acc: 0.56%
2025-08-14 23:52:33,284 - INFO - Fold 3, Epoch 260: Val Acc: 0.78%
2025-08-14 23:52:34,387 - INFO - Early stopping at epoch 265
2025-08-14 23:52:35,448 - INFO - Cross-validation statistics for transformer: {'train_loss': {'mean': np.float64(3.6673924658033585), 'std': np.float64(0.175996517852317)}, 'train_accuracy': {'mean': np.float64(0.8472222222222223), 'std': np.float64(0.06821834272357112)}, 'val_loss': {'mean': np.float64(4.252886136372884), 'std': np.float64(0.02808714405112783)}, 'val_accuracy': {'mean': np.float64(0.9166666666666666), 'std': np.float64(0.01473139127471974)}, 'epoch': {'mean': np.float64(132.0), 'std': np.float64(60.71243694664216)}}
[I 2025-08-14 23:52:35,455] Trial 99 finished with value: -0.9166666666666666 and parameters: {'learning_rate': 0.0009069595881342901, 'batch_size': 32, 'num_epochs': 388, 'temperature': 0.2911148504641923, 'embedding_dim': 256, 'hidden_dim': 256, 'dropout': 0.4813798960703371, 'num_layers': 5, 'num_heads': 2, 'noise_enabled': True, 'shift_enabled': False, 'scale_enabled': False, 'crop_enabled': True, 'flip_enabled': False, 'permutation_enabled': False, 'noise_level': 0.07314227434770403, 'crop_size': 0.5453611934661641}. Best is trial 92 with value: -0.9479166666666666.
Actual device being used: cuda
Attempting to load data from: /vol/ecrg-solar/woodj4/fishy-business/data/REIMS.xlsx
