Trial 124 finished with value: -0.90625 and parameters: {'learning_rate': 0.0003370295086192785, 'batch_size': 32, 'num_epochs': 920, 'temperature': 0.4351833016391332, 'embedding_dim': 128, 'hidden_dim': 256, 'dropout': 0.461949763888207, 'num_layers': 5, 'num_heads': 8, 'noise_enabled': True, 'shift_enabled': False, 'scale_enabled': True, 'crop_enabled': True, 'flip_enabled': False, 'permutation_enabled': False, 'noise_level': 0.19999230668777743, 'crop_size': 0.5250752773332361}. Best is trial 92 with value: -0.9479166666666666.
2025-08-15 01:03:56,807 - INFO - Using device: cuda
2025-08-15 01:04:06,599 - INFO - --- Starting Fold 1/3 ---
2025-08-15 01:04:06,601 - INFO - Generated pairs. Train: 1128 (Positive: 48). Val: 276 (Positive: 24)
2025-08-15 01:04:06,601 - INFO - Starting training for fold 1/3
2025-08-15 01:04:14,176 - INFO - Fold 1, Epoch 10: Val Acc: 0.53%
2025-08-15 01:04:19,940 - INFO - Fold 1, Epoch 20: Val Acc: 0.53%
2025-08-15 01:04:21,977 - INFO - Fold 1, Epoch 30: Val Acc: 0.56%
2025-08-15 01:04:24,071 - INFO - Fold 1, Epoch 40: Val Acc: 0.75%
2025-08-15 01:04:28,032 - INFO - Fold 1, Epoch 50: Val Acc: 0.47%
2025-08-15 01:04:30,131 - INFO - Fold 1, Epoch 60: Val Acc: 0.59%
2025-08-15 01:04:32,224 - INFO - Fold 1, Epoch 70: Val Acc: 0.66%
2025-08-15 01:04:34,316 - INFO - Fold 1, Epoch 80: Val Acc: 0.72%
2025-08-15 01:04:36,400 - INFO - Fold 1, Epoch 90: Val Acc: 0.66%
2025-08-15 01:04:38,499 - INFO - Fold 1, Epoch 100: Val Acc: 0.75%
2025-08-15 01:04:40,576 - INFO - Fold 1, Epoch 110: Val Acc: 0.62%
2025-08-15 01:04:42,648 - INFO - Fold 1, Epoch 120: Val Acc: 0.59%
2025-08-15 01:04:44,734 - INFO - Fold 1, Epoch 130: Val Acc: 0.75%
2025-08-15 01:04:46,487 - INFO - Fold 1, Epoch 140: Val Acc: 0.78%
2025-08-15 01:04:48,346 - INFO - Early stopping at epoch 149
2025-08-15 01:04:51,509 - INFO - --- Starting Fold 2/3 ---
2025-08-15 01:04:51,513 - INFO - Generated pairs. Train: 1128 (Positive: 48). Val: 276 (Positive: 24)
2025-08-15 01:04:51,513 - INFO - Starting training for fold 2/3
2025-08-15 01:04:58,530 - INFO - Fold 2, Epoch 10: Val Acc: 0.75%
2025-08-15 01:05:00,634 - INFO - Fold 2, Epoch 20: Val Acc: 0.72%
2025-08-15 01:05:04,892 - INFO - Fold 2, Epoch 30: Val Acc: 0.75%
2025-08-15 01:05:06,933 - INFO - Fold 2, Epoch 40: Val Acc: 0.81%
2025-08-15 01:05:08,999 - INFO - Fold 2, Epoch 50: Val Acc: 0.75%
2025-08-15 01:05:11,090 - INFO - Fold 2, Epoch 60: Val Acc: 0.66%
2025-08-15 01:05:13,137 - INFO - Fold 2, Epoch 70: Val Acc: 0.75%
2025-08-15 01:05:16,478 - INFO - Fold 2, Epoch 80: Val Acc: 0.72%
2025-08-15 01:05:18,405 - INFO - Fold 2, Epoch 90: Val Acc: 0.72%
2025-08-15 01:05:20,421 - INFO - Fold 2, Epoch 100: Val Acc: 0.75%
2025-08-15 01:05:22,437 - INFO - Fold 2, Epoch 110: Val Acc: 0.88%
2025-08-15 01:05:24,438 - INFO - Fold 2, Epoch 120: Val Acc: 0.81%
2025-08-15 01:05:26,457 - INFO - Fold 2, Epoch 130: Val Acc: 0.72%
2025-08-15 01:05:28,472 - INFO - Fold 2, Epoch 140: Val Acc: 0.72%
2025-08-15 01:05:30,483 - INFO - Fold 2, Epoch 150: Val Acc: 0.88%
2025-08-15 01:05:32,490 - INFO - Fold 2, Epoch 160: Val Acc: 0.75%
2025-08-15 01:05:35,683 - INFO - Fold 2, Epoch 170: Val Acc: 0.78%
2025-08-15 01:05:37,687 - INFO - Fold 2, Epoch 180: Val Acc: 0.78%
2025-08-15 01:05:39,692 - INFO - Fold 2, Epoch 190: Val Acc: 0.75%
2025-08-15 01:05:41,693 - INFO - Fold 2, Epoch 200: Val Acc: 0.75%
2025-08-15 01:05:43,696 - INFO - Fold 2, Epoch 210: Val Acc: 0.75%
2025-08-15 01:05:45,713 - INFO - Fold 2, Epoch 220: Val Acc: 0.75%
2025-08-15 01:05:47,734 - INFO - Fold 2, Epoch 230: Val Acc: 0.78%
2025-08-15 01:05:49,722 - INFO - Fold 2, Epoch 240: Val Acc: 0.78%
2025-08-15 01:05:51,695 - INFO - Fold 2, Epoch 250: Val Acc: 0.88%
2025-08-15 01:05:53,509 - INFO - Fold 2, Epoch 260: Val Acc: 0.72%
2025-08-15 01:05:55,201 - INFO - Early stopping at epoch 269
2025-08-15 01:05:57,474 - INFO - --- Starting Fold 3/3 ---
2025-08-15 01:05:57,476 - INFO - Generated pairs. Train: 1128 (Positive: 48). Val: 276 (Positive: 24)
2025-08-15 01:05:57,476 - INFO - Starting training for fold 3/3
2025-08-15 01:06:04,329 - INFO - Fold 3, Epoch 10: Val Acc: 0.62%
2025-08-15 01:06:06,340 - INFO - Fold 3, Epoch 20: Val Acc: 0.62%
2025-08-15 01:06:09,531 - INFO - Fold 3, Epoch 30: Val Acc: 0.62%
2025-08-15 01:06:12,438 - INFO - Fold 3, Epoch 40: Val Acc: 0.75%
2025-08-15 01:06:14,148 - INFO - Fold 3, Epoch 50: Val Acc: 0.59%
2025-08-15 01:06:15,963 - INFO - Fold 3, Epoch 60: Val Acc: 0.53%
2025-08-15 01:06:18,996 - INFO - Fold 3, Epoch 70: Val Acc: 0.81%
2025-08-15 01:06:22,094 - INFO - Fold 3, Epoch 80: Val Acc: 0.88%
2025-08-15 01:06:24,262 - INFO - Fold 3, Epoch 90: Val Acc: 0.72%
2025-08-15 01:06:27,255 - INFO - Fold 3, Epoch 100: Val Acc: 0.56%
2025-08-15 01:06:28,982 - INFO - Fold 3, Epoch 110: Val Acc: 0.69%
2025-08-15 01:06:30,704 - INFO - Fold 3, Epoch 120: Val Acc: 0.69%
2025-08-15 01:06:32,759 - INFO - Fold 3, Epoch 130: Val Acc: 0.62%
2025-08-15 01:06:34,865 - INFO - Fold 3, Epoch 140: Val Acc: 0.62%
2025-08-15 01:06:36,968 - INFO - Fold 3, Epoch 150: Val Acc: 0.75%
2025-08-15 01:06:38,863 - INFO - Fold 3, Epoch 160: Val Acc: 0.72%
2025-08-15 01:06:40,710 - INFO - Fold 3, Epoch 170: Val Acc: 0.62%
2025-08-15 01:06:42,679 - INFO - Fold 3, Epoch 180: Val Acc: 0.75%
2025-08-15 01:06:44,577 - INFO - Fold 3, Epoch 190: Val Acc: 0.69%
2025-08-15 01:06:45,825 - INFO - Early stopping at epoch 196
2025-08-15 01:06:46,665 - INFO - Cross-validation statistics for transformer: {'train_loss': {'mean': np.float64(3.8820653756459556), 'std': np.float64(0.05549490871504854)}, 'train_accuracy': {'mean': np.float64(0.7951388888888888), 'std': np.float64(0.04019387813468829)}, 'val_loss': {'mean': np.float64(4.222346941630046), 'std': np.float64(0.017204753235742016)}, 'val_accuracy': {'mean': np.float64(0.90625), 'std': np.float64(0.04419417382415922)}, 'epoch': {'mean': np.float64(103.66666666666667), 'std': np.float64(49.37160677510461)}}
[I 2025-08-15 01:06:46,671] Trial 125 finished with value: -0.90625 and parameters: {'learning_rate': 0.0007376722875473085, 'batch_size': 32, 'num_epochs': 890, 'temperature': 0.318087462736726, 'embedding_dim': 128, 'hidden_dim': 256, 'dropout': 0.2591474909095048, 'num_layers': 4, 'num_heads': 8, 'noise_enabled': True, 'shift_enabled': False, 'scale_enabled': True, 'crop_enabled': True, 'flip_enabled': False, 'permutation_enabled': False, 'noise_level': 0.0199027774679347, 'crop_size': 0.5614918640264003}. Best is trial 92 with value: -0.9479166666666666.
Actual device being used: cuda
Attempting to load data from: /vol/ecrg-solar/woodj4/fishy-business/data/REIMS.xlsx
Trial 125 finished with value: -0.90625 and parameters: {'learning_rate': 0.0007376722875473085, 'batch_size': 32, 'num_epochs': 890, 'temperature': 0.318087462736726, 'embedding_dim': 128, 'hidden_dim': 256, 'dropout': 0.2591474909095048, 'num_layers': 4, 'num_heads': 8, 'noise_enabled': True, 'shift_enabled': False, 'scale_enabled': True, 'crop_enabled': True, 'flip_enabled': False, 'permutation_enabled': False, 'noise_level': 0.0199027774679347, 'crop_size': 0.5614918640264003}. Best is trial 92 with value: -0.9479166666666666.
2025-08-15 01:06:46,714 - INFO - Using device: cuda
2025-08-15 01:06:56,762 - INFO - --- Starting Fold 1/3 ---
2025-08-15 01:06:56,763 - INFO - Generated pairs. Train: 1128 (Positive: 48). Val: 276 (Positive: 24)
2025-08-15 01:06:56,764 - INFO - Starting training for fold 1/3
/usr/pkg/lib/python3.12/site-packages/torch/optim/lr_scheduler.py:227: UserWarning: Detected call of `lr_scheduler.step()` before `optimizer.step()`. In PyTorch 1.1.0 and later, you should call them in the opposite order: `optimizer.step()` before `lr_scheduler.step()`.  Failure to do this will result in PyTorch skipping the first value of the learning rate schedule. See more details at https://pytorch.org/docs/stable/optim.html#how-to-adjust-learning-rate
  warnings.warn(
2025-08-15 01:07:05,834 - INFO - Fold 1, Epoch 10: Val Acc: 0.38%
2025-08-15 01:07:10,135 - INFO - Fold 1, Epoch 20: Val Acc: 0.69%
2025-08-15 01:07:12,258 - INFO - Fold 1, Epoch 30: Val Acc: 0.44%
2025-08-15 01:07:14,228 - INFO - Fold 1, Epoch 40: Val Acc: 0.56%
2025-08-15 01:07:16,230 - INFO - Fold 1, Epoch 50: Val Acc: 0.50%
2025-08-15 01:07:18,451 - INFO - Fold 1, Epoch 60: Val Acc: 0.59%
2025-08-15 01:07:20,720 - INFO - Fold 1, Epoch 70: Val Acc: 0.47%
2025-08-15 01:07:22,929 - INFO - Fold 1, Epoch 80: Val Acc: 0.56%
2025-08-15 01:07:24,921 - INFO - Fold 1, Epoch 90: Val Acc: 0.44%
2025-08-15 01:07:26,938 - INFO - Fold 1, Epoch 100: Val Acc: 0.50%
2025-08-15 01:07:28,916 - INFO - Fold 1, Epoch 110: Val Acc: 0.56%
2025-08-15 01:07:30,893 - INFO - Early stopping at epoch 120
2025-08-15 01:07:34,411 - INFO - --- Starting Fold 2/3 ---
2025-08-15 01:07:34,414 - INFO - Generated pairs. Train: 1128 (Positive: 48). Val: 276 (Positive: 24)
2025-08-15 01:07:34,414 - INFO - Starting training for fold 2/3
/usr/pkg/lib/python3.12/site-packages/torch/optim/lr_scheduler.py:227: UserWarning: Detected call of `lr_scheduler.step()` before `optimizer.step()`. In PyTorch 1.1.0 and later, you should call them in the opposite order: `optimizer.step()` before `lr_scheduler.step()`.  Failure to do this will result in PyTorch skipping the first value of the learning rate schedule. See more details at https://pytorch.org/docs/stable/optim.html#how-to-adjust-learning-rate
  warnings.warn(
2025-08-15 01:07:39,687 - INFO - Fold 2, Epoch 10: Val Acc: 0.59%
2025-08-15 01:07:43,410 - INFO - Fold 2, Epoch 20: Val Acc: 0.59%
2025-08-15 01:07:45,677 - INFO - Fold 2, Epoch 30: Val Acc: 0.56%
2025-08-15 01:07:49,392 - INFO - Fold 2, Epoch 40: Val Acc: 0.53%
2025-08-15 01:07:51,447 - INFO - Fold 2, Epoch 50: Val Acc: 0.44%
2025-08-15 01:07:53,703 - INFO - Fold 2, Epoch 60: Val Acc: 0.59%
2025-08-15 01:07:55,964 - INFO - Fold 2, Epoch 70: Val Acc: 0.59%
2025-08-15 01:07:59,694 - INFO - Fold 2, Epoch 80: Val Acc: 0.50%
2025-08-15 01:08:02,055 - INFO - Fold 2, Epoch 90: Val Acc: 0.50%
2025-08-15 01:08:04,398 - INFO - Fold 2, Epoch 100: Val Acc: 0.56%
2025-08-15 01:08:06,762 - INFO - Fold 2, Epoch 110: Val Acc: 0.66%
2025-08-15 01:08:09,119 - INFO - Fold 2, Epoch 120: Val Acc: 0.38%
2025-08-15 01:08:11,461 - INFO - Fold 2, Epoch 130: Val Acc: 0.53%
2025-08-15 01:08:13,731 - INFO - Fold 2, Epoch 140: Val Acc: 0.47%
2025-08-15 01:08:15,976 - INFO - Fold 2, Epoch 150: Val Acc: 0.50%
2025-08-15 01:08:17,979 - INFO - Fold 2, Epoch 160: Val Acc: 0.44%
2025-08-15 01:08:19,831 - INFO - Fold 2, Epoch 170: Val Acc: 0.56%
2025-08-15 01:08:21,312 - INFO - Early stopping at epoch 178
2025-08-15 01:08:22,404 - INFO - --- Starting Fold 3/3 ---
2025-08-15 01:08:22,407 - INFO - Generated pairs. Train: 1128 (Positive: 48). Val: 276 (Positive: 24)
2025-08-15 01:08:22,408 - INFO - Starting training for fold 3/3
/usr/pkg/lib/python3.12/site-packages/torch/optim/lr_scheduler.py:227: UserWarning: Detected call of `lr_scheduler.step()` before `optimizer.step()`. In PyTorch 1.1.0 and later, you should call them in the opposite order: `optimizer.step()` before `lr_scheduler.step()`.  Failure to do this will result in PyTorch skipping the first value of the learning rate schedule. See more details at https://pytorch.org/docs/stable/optim.html#how-to-adjust-learning-rate
  warnings.warn(
2025-08-15 01:08:30,190 - INFO - Fold 3, Epoch 10: Val Acc: 0.59%
2025-08-15 01:08:34,155 - INFO - Fold 3, Epoch 20: Val Acc: 0.47%
2025-08-15 01:08:37,995 - INFO - Fold 3, Epoch 30: Val Acc: 0.44%
2025-08-15 01:08:40,253 - INFO - Fold 3, Epoch 40: Val Acc: 0.41%
2025-08-15 01:08:42,405 - INFO - Fold 3, Epoch 50: Val Acc: 0.50%
2025-08-15 01:08:44,660 - INFO - Fold 3, Epoch 60: Val Acc: 0.56%
2025-08-15 01:08:46,922 - INFO - Fold 3, Epoch 70: Val Acc: 0.47%
2025-08-15 01:08:49,182 - INFO - Fold 3, Epoch 80: Val Acc: 0.47%
2025-08-15 01:08:51,368 - INFO - Fold 3, Epoch 90: Val Acc: 0.62%
2025-08-15 01:08:53,606 - INFO - Fold 3, Epoch 100: Val Acc: 0.44%
2025-08-15 01:08:55,860 - INFO - Fold 3, Epoch 110: Val Acc: 0.62%
2025-08-15 01:08:58,125 - INFO - Fold 3, Epoch 120: Val Acc: 0.53%
2025-08-15 01:08:59,897 - INFO - Early stopping at epoch 128
2025-08-15 01:09:03,106 - INFO - Cross-validation statistics for transformer: {'train_loss': {'mean': np.float64(5.298497094048394), 'std': np.float64(0.31993977888542063)}, 'train_accuracy': {'mean': np.float64(0.5868055555555557), 'std': np.float64(0.012991865926298411)}, 'val_loss': {'mean': np.float64(5.424802144368489), 'std': np.float64(0.26330390177764007)}, 'val_accuracy': {'mean': np.float64(0.6979166666666666), 'std': np.float64(0.01473139127471974)}, 'epoch': {'mean': np.float64(41.0), 'std': np.float64(25.664502073226878)}}
[I 2025-08-15 01:09:03,118] Trial 126 finished with value: -0.6979166666666666 and parameters: {'learning_rate': 0.0005500376657886048, 'batch_size': 32, 'num_epochs': 870, 'temperature': 0.05174263012201645, 'embedding_dim': 128, 'hidden_dim': 256, 'dropout': 0.4254674043464224, 'num_layers': 5, 'num_heads': 8, 'noise_enabled': True, 'shift_enabled': True, 'scale_enabled': True, 'crop_enabled': True, 'flip_enabled': False, 'permutation_enabled': False, 'noise_level': 0.18964889932886714, 'crop_size': 0.5088888562909354}. Best is trial 92 with value: -0.9479166666666666.
Actual device being used: cuda
Attempting to load data from: /vol/ecrg-solar/woodj4/fishy-business/data/REIMS.xlsx
Trial 126 finished with value: -0.6979166666666666 and parameters: {'learning_rate': 0.0005500376657886048, 'batch_size': 32, 'num_epochs': 870, 'temperature': 0.05174263012201645, 'embedding_dim': 128, 'hidden_dim': 256, 'dropout': 0.4254674043464224, 'num_layers': 5, 'num_heads': 8, 'noise_enabled': True, 'shift_enabled': True, 'scale_enabled': True, 'crop_enabled': True, 'flip_enabled': False, 'permutation_enabled': False, 'noise_level': 0.18964889932886714, 'crop_size': 0.5088888562909354}. Best is trial 92 with value: -0.9479166666666666.
2025-08-15 01:09:03,202 - INFO - Using device: cuda
2025-08-15 01:09:12,855 - INFO - --- Starting Fold 1/3 ---
2025-08-15 01:09:12,857 - INFO - Generated pairs. Train: 1128 (Positive: 48). Val: 276 (Positive: 24)
2025-08-15 01:09:12,857 - INFO - Starting training for fold 1/3
2025-08-15 01:09:21,893 - INFO - Fold 1, Epoch 10: Val Acc: 0.41%
2025-08-15 01:09:24,271 - INFO - Fold 1, Epoch 20: Val Acc: 0.62%
2025-08-15 01:09:31,090 - INFO - Fold 1, Epoch 30: Val Acc: 0.53%
2025-08-15 01:09:33,331 - INFO - Fold 1, Epoch 40: Val Acc: 0.69%
2025-08-15 01:09:35,547 - INFO - Fold 1, Epoch 50: Val Acc: 0.69%
2025-08-15 01:09:39,954 - INFO - Fold 1, Epoch 60: Val Acc: 0.62%
2025-08-15 01:09:42,175 - INFO - Fold 1, Epoch 70: Val Acc: 0.62%
2025-08-15 01:09:44,393 - INFO - Fold 1, Epoch 80: Val Acc: 0.72%
2025-08-15 01:09:46,686 - INFO - Fold 1, Epoch 90: Val Acc: 0.50%
2025-08-15 01:09:48,981 - INFO - Fold 1, Epoch 100: Val Acc: 0.72%
2025-08-15 01:09:51,097 - INFO - Fold 1, Epoch 110: Val Acc: 0.66%
2025-08-15 01:09:52,995 - INFO - Fold 1, Epoch 120: Val Acc: 0.81%
2025-08-15 01:09:54,699 - INFO - Fold 1, Epoch 130: Val Acc: 0.72%
2025-08-15 01:10:01,628 - INFO - Fold 1, Epoch 140: Val Acc: 0.84%
2025-08-15 01:10:03,910 - INFO - Fold 1, Epoch 150: Val Acc: 0.50%
2025-08-15 01:10:06,206 - INFO - Fold 1, Epoch 160: Val Acc: 0.62%
2025-08-15 01:10:08,532 - INFO - Fold 1, Epoch 170: Val Acc: 0.66%
2025-08-15 01:10:10,849 - INFO - Fold 1, Epoch 180: Val Acc: 0.69%
2025-08-15 01:10:13,169 - INFO - Fold 1, Epoch 190: Val Acc: 0.72%
2025-08-15 01:10:15,477 - INFO - Fold 1, Epoch 200: Val Acc: 0.62%
2025-08-15 01:10:17,775 - INFO - Fold 1, Epoch 210: Val Acc: 0.62%
2025-08-15 01:10:20,073 - INFO - Fold 1, Epoch 220: Val Acc: 0.69%
2025-08-15 01:10:22,307 - INFO - Fold 1, Epoch 230: Val Acc: 0.75%
2025-08-15 01:10:23,192 - INFO - Early stopping at epoch 234
2025-08-15 01:10:26,825 - INFO - --- Starting Fold 2/3 ---
2025-08-15 01:10:26,828 - INFO - Generated pairs. Train: 1128 (Positive: 48). Val: 276 (Positive: 24)
2025-08-15 01:10:26,828 - INFO - Starting training for fold 2/3
2025-08-15 01:10:33,372 - INFO - Fold 2, Epoch 10: Val Acc: 0.78%
2025-08-15 01:10:35,626 - INFO - Fold 2, Epoch 20: Val Acc: 0.47%
2025-08-15 01:10:37,843 - INFO - Fold 2, Epoch 30: Val Acc: 0.66%
2025-08-15 01:10:41,511 - INFO - Fold 2, Epoch 40: Val Acc: 0.75%
2025-08-15 01:10:43,728 - INFO - Fold 2, Epoch 50: Val Acc: 0.69%
2025-08-15 01:10:45,935 - INFO - Fold 2, Epoch 60: Val Acc: 0.72%
2025-08-15 01:10:48,148 - INFO - Fold 2, Epoch 70: Val Acc: 0.75%
2025-08-15 01:10:51,726 - INFO - Fold 2, Epoch 80: Val Acc: 0.81%
2025-08-15 01:10:53,948 - INFO - Fold 2, Epoch 90: Val Acc: 0.69%
2025-08-15 01:10:57,529 - INFO - Fold 2, Epoch 100: Val Acc: 0.69%
2025-08-15 01:10:59,742 - INFO - Fold 2, Epoch 110: Val Acc: 0.75%
2025-08-15 01:11:01,953 - INFO - Fold 2, Epoch 120: Val Acc: 0.84%
2025-08-15 01:11:03,993 - INFO - Fold 2, Epoch 130: Val Acc: 0.78%
2025-08-15 01:11:06,223 - INFO - Fold 2, Epoch 140: Val Acc: 0.72%
2025-08-15 01:11:08,453 - INFO - Fold 2, Epoch 150: Val Acc: 0.84%
2025-08-15 01:11:10,669 - INFO - Fold 2, Epoch 160: Val Acc: 0.75%
2025-08-15 01:11:12,896 - INFO - Fold 2, Epoch 170: Val Acc: 0.66%
2025-08-15 01:11:15,113 - INFO - Fold 2, Epoch 180: Val Acc: 0.84%
2025-08-15 01:11:16,827 - INFO - Fold 2, Epoch 190: Val Acc: 0.66%
2025-08-15 01:11:17,339 - INFO - Early stopping at epoch 193
2025-08-15 01:11:18,429 - INFO - --- Starting Fold 3/3 ---
2025-08-15 01:11:18,431 - INFO - Generated pairs. Train: 1128 (Positive: 48). Val: 276 (Positive: 24)
2025-08-15 01:11:18,431 - INFO - Starting training for fold 3/3
2025-08-15 01:11:26,230 - INFO - Fold 3, Epoch 10: Val Acc: 0.59%
2025-08-15 01:11:28,455 - INFO - Fold 3, Epoch 20: Val Acc: 0.72%
2025-08-15 01:11:31,841 - INFO - Fold 3, Epoch 30: Val Acc: 0.62%
2025-08-15 01:11:33,545 - INFO - Fold 3, Epoch 40: Val Acc: 0.66%
2025-08-15 01:11:35,427 - INFO - Fold 3, Epoch 50: Val Acc: 0.75%
2025-08-15 01:11:39,074 - INFO - Fold 3, Epoch 60: Val Acc: 0.75%
2025-08-15 01:11:41,297 - INFO - Fold 3, Epoch 70: Val Acc: 0.69%
2025-08-15 01:11:44,927 - INFO - Fold 3, Epoch 80: Val Acc: 0.62%
2025-08-15 01:11:47,146 - INFO - Fold 3, Epoch 90: Val Acc: 0.81%
2025-08-15 01:11:49,357 - INFO - Fold 3, Epoch 100: Val Acc: 0.75%
2025-08-15 01:11:51,533 - INFO - Fold 3, Epoch 110: Val Acc: 0.81%
2025-08-15 01:11:53,386 - INFO - Fold 3, Epoch 120: Val Acc: 0.84%
2025-08-15 01:11:55,592 - INFO - Fold 3, Epoch 130: Val Acc: 0.59%
2025-08-15 01:11:57,801 - INFO - Fold 3, Epoch 140: Val Acc: 0.84%
2025-08-15 01:12:01,397 - INFO - Fold 3, Epoch 150: Val Acc: 0.75%
2025-08-15 01:12:03,209 - INFO - Fold 3, Epoch 160: Val Acc: 0.78%
2025-08-15 01:12:05,231 - INFO - Fold 3, Epoch 170: Val Acc: 0.59%
2025-08-15 01:12:07,512 - INFO - Fold 3, Epoch 180: Val Acc: 0.56%
2025-08-15 01:12:09,574 - INFO - Fold 3, Epoch 190: Val Acc: 0.66%
2025-08-15 01:12:11,359 - INFO - Fold 3, Epoch 200: Val Acc: 0.69%
2025-08-15 01:12:13,126 - INFO - Fold 3, Epoch 210: Val Acc: 0.75%
2025-08-15 01:12:15,049 - INFO - Fold 3, Epoch 220: Val Acc: 0.75%
2025-08-15 01:12:16,974 - INFO - Fold 3, Epoch 230: Val Acc: 0.69%
2025-08-15 01:12:18,734 - INFO - Fold 3, Epoch 240: Val Acc: 0.72%
2025-08-15 01:12:19,397 - INFO - Early stopping at epoch 243
2025-08-15 01:12:22,455 - INFO - Cross-validation statistics for transformer: {'train_loss': {'mean': np.float64(3.8966544469197593), 'std': np.float64(0.06734378561540162)}, 'train_accuracy': {'mean': np.float64(0.7638888888888888), 'std': np.float64(0.021404215288086736)}, 'val_loss': {'mean': np.float64(4.236373583475749), 'std': np.float64(0.07084130008332803)}, 'val_accuracy': {'mean': np.float64(0.8958333333333334), 'std': np.float64(0.02946278254943948)}, 'epoch': {'mean': np.float64(122.33333333333333), 'std': np.float64(21.761331658599286)}}
[I 2025-08-15 01:12:22,466] Trial 127 finished with value: -0.8958333333333334 and parameters: {'learning_rate': 0.0004897046849596265, 'batch_size': 32, 'num_epochs': 972, 'temperature': 0.30363409224916843, 'embedding_dim': 128, 'hidden_dim': 256, 'dropout': 0.4462896288389396, 'num_layers': 5, 'num_heads': 8, 'noise_enabled': True, 'shift_enabled': False, 'scale_enabled': True, 'crop_enabled': True, 'flip_enabled': False, 'permutation_enabled': False, 'noise_level': 0.0739165929140758, 'crop_size': 0.5447586541238473}. Best is trial 92 with value: -0.9479166666666666.
Actual device being used: cuda
Attempting to load data from: /vol/ecrg-solar/woodj4/fishy-business/data/REIMS.xlsx
