Trial 118 finished with value: -0.6666666666666666 and parameters: {'learning_rate': 0.0005462445258032414, 'batch_size': 32, 'num_epochs': 965, 'temperature': 0.4087585948974623, 'embedding_dim': 256, 'hidden_dim': 256, 'dropout': 0.49997829745728267, 'num_layers': 5, 'num_heads': 2, 'noise_enabled': True, 'shift_enabled': False, 'scale_enabled': True, 'crop_enabled': False, 'flip_enabled': False, 'permutation_enabled': True, 'noise_level': 0.1025022996405689}. Best is trial 92 with value: -0.9479166666666666.
2025-08-15 00:46:02,228 - INFO - Using device: cuda
2025-08-15 00:46:11,774 - INFO - --- Starting Fold 1/3 ---
2025-08-15 00:46:11,776 - INFO - Generated pairs. Train: 1128 (Positive: 48). Val: 276 (Positive: 24)
2025-08-15 00:46:11,776 - INFO - Starting training for fold 1/3
2025-08-15 00:46:24,972 - INFO - Fold 1, Epoch 10: Val Acc: 0.56%
2025-08-15 00:46:31,466 - INFO - Fold 1, Epoch 20: Val Acc: 0.62%
2025-08-15 00:46:33,697 - INFO - Fold 1, Epoch 30: Val Acc: 0.81%
2025-08-15 00:46:35,924 - INFO - Fold 1, Epoch 40: Val Acc: 0.72%
2025-08-15 00:46:39,889 - INFO - Fold 1, Epoch 50: Val Acc: 0.72%
2025-08-15 00:46:41,963 - INFO - Fold 1, Epoch 60: Val Acc: 0.81%
2025-08-15 00:46:44,186 - INFO - Fold 1, Epoch 70: Val Acc: 0.75%
2025-08-15 00:46:46,411 - INFO - Fold 1, Epoch 80: Val Acc: 0.69%
2025-08-15 00:46:48,632 - INFO - Fold 1, Epoch 90: Val Acc: 0.81%
2025-08-15 00:46:53,163 - INFO - Fold 1, Epoch 100: Val Acc: 0.66%
2025-08-15 00:46:55,405 - INFO - Fold 1, Epoch 110: Val Acc: 0.75%
2025-08-15 00:46:57,644 - INFO - Fold 1, Epoch 120: Val Acc: 0.62%
2025-08-15 00:46:59,884 - INFO - Fold 1, Epoch 130: Val Acc: 0.59%
2025-08-15 00:47:02,126 - INFO - Fold 1, Epoch 140: Val Acc: 0.62%
2025-08-15 00:47:04,332 - INFO - Fold 1, Epoch 150: Val Acc: 0.62%
2025-08-15 00:47:06,545 - INFO - Fold 1, Epoch 160: Val Acc: 0.66%
2025-08-15 00:47:08,291 - INFO - Fold 1, Epoch 170: Val Acc: 0.69%
2025-08-15 00:47:10,000 - INFO - Fold 1, Epoch 180: Val Acc: 0.66%
2025-08-15 00:47:11,705 - INFO - Fold 1, Epoch 190: Val Acc: 0.47%
2025-08-15 00:47:11,876 - INFO - Early stopping at epoch 191
2025-08-15 00:47:15,545 - INFO - --- Starting Fold 2/3 ---
2025-08-15 00:47:15,563 - INFO - Generated pairs. Train: 1128 (Positive: 48). Val: 276 (Positive: 24)
2025-08-15 00:47:15,565 - INFO - Starting training for fold 2/3
2025-08-15 00:47:22,321 - INFO - Fold 2, Epoch 10: Val Acc: 0.66%
2025-08-15 00:47:29,051 - INFO - Fold 2, Epoch 20: Val Acc: 0.81%
2025-08-15 00:47:31,370 - INFO - Fold 2, Epoch 30: Val Acc: 0.81%
2025-08-15 00:47:35,055 - INFO - Fold 2, Epoch 40: Val Acc: 0.84%
2025-08-15 00:47:37,267 - INFO - Fold 2, Epoch 50: Val Acc: 0.69%
2025-08-15 00:47:40,928 - INFO - Fold 2, Epoch 60: Val Acc: 0.88%
2025-08-15 00:47:43,132 - INFO - Fold 2, Epoch 70: Val Acc: 0.81%
2025-08-15 00:47:45,338 - INFO - Fold 2, Epoch 80: Val Acc: 0.84%
2025-08-15 00:47:47,562 - INFO - Fold 2, Epoch 90: Val Acc: 0.75%
2025-08-15 00:47:49,786 - INFO - Fold 2, Epoch 100: Val Acc: 0.66%
2025-08-15 00:47:51,911 - INFO - Fold 2, Epoch 110: Val Acc: 0.78%
2025-08-15 00:47:53,940 - INFO - Fold 2, Epoch 120: Val Acc: 0.75%
2025-08-15 00:47:56,142 - INFO - Fold 2, Epoch 130: Val Acc: 0.69%
2025-08-15 00:47:58,360 - INFO - Fold 2, Epoch 140: Val Acc: 0.78%
2025-08-15 00:48:00,583 - INFO - Fold 2, Epoch 150: Val Acc: 0.75%
2025-08-15 00:48:01,910 - INFO - Early stopping at epoch 156
2025-08-15 00:48:02,978 - INFO - --- Starting Fold 3/3 ---
2025-08-15 00:48:02,980 - INFO - Generated pairs. Train: 1128 (Positive: 48). Val: 276 (Positive: 24)
2025-08-15 00:48:02,980 - INFO - Starting training for fold 3/3
2025-08-15 00:48:08,081 - INFO - Fold 3, Epoch 10: Val Acc: 0.50%
2025-08-15 00:48:14,177 - INFO - Fold 3, Epoch 20: Val Acc: 0.66%
2025-08-15 00:48:19,463 - INFO - Fold 3, Epoch 30: Val Acc: 0.72%
2025-08-15 00:48:22,858 - INFO - Fold 3, Epoch 40: Val Acc: 0.75%
2025-08-15 00:48:24,562 - INFO - Fold 3, Epoch 50: Val Acc: 0.72%
2025-08-15 00:48:26,271 - INFO - Fold 3, Epoch 60: Val Acc: 0.75%
2025-08-15 00:48:27,977 - INFO - Fold 3, Epoch 70: Val Acc: 0.81%
2025-08-15 00:48:30,043 - INFO - Fold 3, Epoch 80: Val Acc: 0.72%
2025-08-15 00:48:32,258 - INFO - Fold 3, Epoch 90: Val Acc: 0.81%
2025-08-15 00:48:34,481 - INFO - Fold 3, Epoch 100: Val Acc: 0.75%
2025-08-15 00:48:36,574 - INFO - Fold 3, Epoch 110: Val Acc: 0.62%
2025-08-15 00:48:40,184 - INFO - Fold 3, Epoch 120: Val Acc: 0.91%
2025-08-15 00:48:42,327 - INFO - Fold 3, Epoch 130: Val Acc: 0.72%
2025-08-15 00:48:44,423 - INFO - Fold 3, Epoch 140: Val Acc: 0.75%
2025-08-15 00:48:46,648 - INFO - Fold 3, Epoch 150: Val Acc: 0.75%
2025-08-15 00:48:48,866 - INFO - Fold 3, Epoch 160: Val Acc: 0.72%
2025-08-15 00:48:51,035 - INFO - Fold 3, Epoch 170: Val Acc: 0.81%
2025-08-15 00:48:52,972 - INFO - Fold 3, Epoch 180: Val Acc: 0.62%
2025-08-15 00:48:54,892 - INFO - Fold 3, Epoch 190: Val Acc: 0.66%
2025-08-15 00:48:56,847 - INFO - Fold 3, Epoch 200: Val Acc: 0.62%
2025-08-15 00:48:58,760 - INFO - Fold 3, Epoch 210: Val Acc: 0.62%
2025-08-15 00:49:00,702 - INFO - Early stopping at epoch 220
2025-08-15 00:49:01,794 - INFO - Cross-validation statistics for transformer: {'train_loss': {'mean': np.float64(3.9095727867550316), 'std': np.float64(0.006870592251336946)}, 'train_accuracy': {'mean': np.float64(0.78125), 'std': np.float64(0.008505172717997207)}, 'val_loss': {'mean': np.float64(4.230035781860352), 'std': np.float64(0.0758974473700749)}, 'val_accuracy': {'mean': np.float64(0.90625), 'std': np.float64(0.0)}, 'epoch': {'mean': np.float64(88.0), 'std': np.float64(26.166135875720485)}}
[I 2025-08-15 00:49:01,801] Trial 119 finished with value: -0.90625 and parameters: {'learning_rate': 0.00039744043788387585, 'batch_size': 32, 'num_epochs': 878, 'temperature': 0.3904064333520803, 'embedding_dim': 512, 'hidden_dim': 256, 'dropout': 0.45435434968899396, 'num_layers': 5, 'num_heads': 8, 'noise_enabled': True, 'shift_enabled': False, 'scale_enabled': False, 'crop_enabled': True, 'flip_enabled': False, 'permutation_enabled': False, 'noise_level': 0.1821954752715212, 'crop_size': 0.5404614291355336}. Best is trial 92 with value: -0.9479166666666666.
Actual device being used: cuda
Attempting to load data from: /vol/ecrg-solar/woodj4/fishy-business/data/REIMS.xlsx
Trial 119 finished with value: -0.90625 and parameters: {'learning_rate': 0.00039744043788387585, 'batch_size': 32, 'num_epochs': 878, 'temperature': 0.3904064333520803, 'embedding_dim': 512, 'hidden_dim': 256, 'dropout': 0.45435434968899396, 'num_layers': 5, 'num_heads': 8, 'noise_enabled': True, 'shift_enabled': False, 'scale_enabled': False, 'crop_enabled': True, 'flip_enabled': False, 'permutation_enabled': False, 'noise_level': 0.1821954752715212, 'crop_size': 0.5404614291355336}. Best is trial 92 with value: -0.9479166666666666.
2025-08-15 00:49:01,840 - INFO - Using device: cuda
2025-08-15 00:49:11,547 - INFO - --- Starting Fold 1/3 ---
2025-08-15 00:49:11,549 - INFO - Generated pairs. Train: 1128 (Positive: 48). Val: 276 (Positive: 24)
2025-08-15 00:49:11,549 - INFO - Starting training for fold 1/3
2025-08-15 00:49:18,282 - INFO - Fold 1, Epoch 10: Val Acc: 0.44%
2025-08-15 00:49:20,330 - INFO - Fold 1, Epoch 20: Val Acc: 0.50%
2025-08-15 00:49:24,437 - INFO - Fold 1, Epoch 30: Val Acc: 0.56%
2025-08-15 00:49:26,479 - INFO - Fold 1, Epoch 40: Val Acc: 0.56%
2025-08-15 00:49:28,180 - INFO - Fold 1, Epoch 50: Val Acc: 0.47%
2025-08-15 00:49:29,879 - INFO - Fold 1, Epoch 60: Val Acc: 0.53%
2025-08-15 00:49:31,579 - INFO - Fold 1, Epoch 70: Val Acc: 0.62%
2025-08-15 00:49:33,278 - INFO - Fold 1, Epoch 80: Val Acc: 0.47%
2025-08-15 00:49:35,179 - INFO - Fold 1, Epoch 90: Val Acc: 0.50%
2025-08-15 00:49:36,880 - INFO - Fold 1, Epoch 100: Val Acc: 0.53%
2025-08-15 00:49:38,586 - INFO - Fold 1, Epoch 110: Val Acc: 0.56%
2025-08-15 00:49:42,550 - INFO - Fold 1, Epoch 120: Val Acc: 0.75%
2025-08-15 00:49:44,430 - INFO - Fold 1, Epoch 130: Val Acc: 0.75%
2025-08-15 00:49:46,124 - INFO - Fold 1, Epoch 140: Val Acc: 0.50%
2025-08-15 00:49:47,826 - INFO - Fold 1, Epoch 150: Val Acc: 0.62%
2025-08-15 00:49:51,675 - INFO - Fold 1, Epoch 160: Val Acc: 0.62%
2025-08-15 00:49:53,724 - INFO - Fold 1, Epoch 170: Val Acc: 0.59%
2025-08-15 00:49:55,943 - INFO - Fold 1, Epoch 180: Val Acc: 0.62%
2025-08-15 00:49:58,178 - INFO - Fold 1, Epoch 190: Val Acc: 0.50%
2025-08-15 00:50:00,329 - INFO - Fold 1, Epoch 200: Val Acc: 0.75%
2025-08-15 00:50:04,702 - INFO - Fold 1, Epoch 210: Val Acc: 0.72%
2025-08-15 00:50:06,611 - INFO - Fold 1, Epoch 220: Val Acc: 0.69%
2025-08-15 00:50:08,599 - INFO - Fold 1, Epoch 230: Val Acc: 0.62%
2025-08-15 00:50:10,495 - INFO - Fold 1, Epoch 240: Val Acc: 0.50%
2025-08-15 00:50:12,525 - INFO - Fold 1, Epoch 250: Val Acc: 0.59%
2025-08-15 00:50:14,752 - INFO - Fold 1, Epoch 260: Val Acc: 0.50%
2025-08-15 00:50:16,972 - INFO - Fold 1, Epoch 270: Val Acc: 0.47%
2025-08-15 00:50:19,194 - INFO - Fold 1, Epoch 280: Val Acc: 0.50%
2025-08-15 00:50:21,388 - INFO - Fold 1, Epoch 290: Val Acc: 0.78%
2025-08-15 00:50:23,571 - INFO - Fold 1, Epoch 300: Val Acc: 0.84%
2025-08-15 00:50:25,127 - INFO - Early stopping at epoch 307
2025-08-15 00:50:28,664 - INFO - --- Starting Fold 2/3 ---
2025-08-15 00:50:28,666 - INFO - Generated pairs. Train: 1128 (Positive: 48). Val: 276 (Positive: 24)
2025-08-15 00:50:28,667 - INFO - Starting training for fold 2/3
2025-08-15 00:50:35,338 - INFO - Fold 2, Epoch 10: Val Acc: 0.50%
2025-08-15 00:50:37,414 - INFO - Fold 2, Epoch 20: Val Acc: 0.50%
2025-08-15 00:50:40,942 - INFO - Fold 2, Epoch 30: Val Acc: 0.62%
2025-08-15 00:50:42,881 - INFO - Fold 2, Epoch 40: Val Acc: 0.50%
2025-08-15 00:50:44,846 - INFO - Fold 2, Epoch 50: Val Acc: 0.59%
2025-08-15 00:50:48,345 - INFO - Fold 2, Epoch 60: Val Acc: 0.62%
2025-08-15 00:50:50,587 - INFO - Fold 2, Epoch 70: Val Acc: 0.50%
2025-08-15 00:50:52,812 - INFO - Fold 2, Epoch 80: Val Acc: 0.59%
2025-08-15 00:50:54,777 - INFO - Fold 2, Epoch 90: Val Acc: 0.47%
2025-08-15 00:50:56,775 - INFO - Fold 2, Epoch 100: Val Acc: 0.50%
2025-08-15 00:50:58,569 - INFO - Fold 2, Epoch 110: Val Acc: 0.56%
2025-08-15 00:51:00,478 - INFO - Fold 2, Epoch 120: Val Acc: 0.75%
2025-08-15 00:51:02,710 - INFO - Fold 2, Epoch 130: Val Acc: 0.66%
2025-08-15 00:51:04,953 - INFO - Fold 2, Epoch 140: Val Acc: 0.62%
2025-08-15 00:51:07,195 - INFO - Fold 2, Epoch 150: Val Acc: 0.50%
2025-08-15 00:51:07,424 - INFO - Early stopping at epoch 151
2025-08-15 00:51:08,467 - INFO - --- Starting Fold 3/3 ---
2025-08-15 00:51:08,469 - INFO - Generated pairs. Train: 1128 (Positive: 48). Val: 276 (Positive: 24)
2025-08-15 00:51:08,470 - INFO - Starting training for fold 3/3
2025-08-15 00:51:16,300 - INFO - Fold 3, Epoch 10: Val Acc: 0.69%
2025-08-15 00:51:18,609 - INFO - Fold 3, Epoch 20: Val Acc: 0.47%
2025-08-15 00:51:20,922 - INFO - Fold 3, Epoch 30: Val Acc: 0.44%
2025-08-15 00:51:24,692 - INFO - Fold 3, Epoch 40: Val Acc: 0.50%
2025-08-15 00:51:26,999 - INFO - Fold 3, Epoch 50: Val Acc: 0.59%
2025-08-15 00:51:29,139 - INFO - Fold 3, Epoch 60: Val Acc: 0.50%
2025-08-15 00:51:30,849 - INFO - Fold 3, Epoch 70: Val Acc: 0.50%
2025-08-15 00:51:32,692 - INFO - Fold 3, Epoch 80: Val Acc: 0.62%
2025-08-15 00:51:35,006 - INFO - Fold 3, Epoch 90: Val Acc: 0.53%
2025-08-15 00:51:38,577 - INFO - Fold 3, Epoch 100: Val Acc: 0.75%
2025-08-15 00:51:40,896 - INFO - Fold 3, Epoch 110: Val Acc: 0.56%
2025-08-15 00:51:42,893 - INFO - Fold 3, Epoch 120: Val Acc: 0.50%
2025-08-15 00:51:46,466 - INFO - Fold 3, Epoch 130: Val Acc: 0.50%
2025-08-15 00:51:48,492 - INFO - Fold 3, Epoch 140: Val Acc: 0.53%
2025-08-15 00:51:50,595 - INFO - Fold 3, Epoch 150: Val Acc: 0.75%
2025-08-15 00:51:52,909 - INFO - Fold 3, Epoch 160: Val Acc: 0.66%
2025-08-15 00:51:55,221 - INFO - Fold 3, Epoch 170: Val Acc: 0.53%
2025-08-15 00:51:57,532 - INFO - Fold 3, Epoch 180: Val Acc: 0.50%
2025-08-15 00:51:59,842 - INFO - Fold 3, Epoch 190: Val Acc: 0.75%
2025-08-15 00:52:02,156 - INFO - Fold 3, Epoch 200: Val Acc: 0.66%
2025-08-15 00:52:04,469 - INFO - Fold 3, Epoch 210: Val Acc: 0.53%
2025-08-15 00:52:06,778 - INFO - Fold 3, Epoch 220: Val Acc: 0.50%
2025-08-15 00:52:10,448 - INFO - Fold 3, Epoch 230: Val Acc: 0.56%
2025-08-15 00:52:12,533 - INFO - Fold 3, Epoch 240: Val Acc: 0.72%
2025-08-15 00:52:14,495 - INFO - Fold 3, Epoch 250: Val Acc: 0.50%
2025-08-15 00:52:17,892 - INFO - Fold 3, Epoch 260: Val Acc: 0.66%
2025-08-15 00:52:19,888 - INFO - Fold 3, Epoch 270: Val Acc: 0.50%
2025-08-15 00:52:21,846 - INFO - Fold 3, Epoch 280: Val Acc: 0.69%
2025-08-15 00:52:23,680 - INFO - Fold 3, Epoch 290: Val Acc: 0.53%
2025-08-15 00:52:25,653 - INFO - Fold 3, Epoch 300: Val Acc: 0.53%
2025-08-15 00:52:27,422 - INFO - Fold 3, Epoch 310: Val Acc: 0.53%
2025-08-15 00:52:29,136 - INFO - Fold 3, Epoch 320: Val Acc: 0.62%
2025-08-15 00:52:31,071 - INFO - Fold 3, Epoch 330: Val Acc: 0.75%
2025-08-15 00:52:34,473 - INFO - Fold 3, Epoch 340: Val Acc: 0.50%
2025-08-15 00:52:36,789 - INFO - Fold 3, Epoch 350: Val Acc: 0.56%
2025-08-15 00:52:38,854 - INFO - Fold 3, Epoch 360: Val Acc: 0.53%
2025-08-15 00:52:40,787 - INFO - Fold 3, Epoch 370: Val Acc: 0.81%
2025-08-15 00:52:42,826 - INFO - Fold 3, Epoch 380: Val Acc: 0.66%
2025-08-15 00:52:44,846 - INFO - Fold 3, Epoch 390: Val Acc: 0.59%
2025-08-15 00:52:47,083 - INFO - Fold 3, Epoch 400: Val Acc: 0.53%
2025-08-15 00:52:49,319 - INFO - Fold 3, Epoch 410: Val Acc: 0.50%
2025-08-15 00:52:51,552 - INFO - Fold 3, Epoch 420: Val Acc: 0.69%
2025-08-15 00:52:53,779 - INFO - Fold 3, Epoch 430: Val Acc: 0.56%
2025-08-15 00:52:54,452 - INFO - Early stopping at epoch 433
2025-08-15 00:52:57,364 - INFO - Cross-validation statistics for transformer: {'train_loss': {'mean': np.float64(3.984975258509318), 'std': np.float64(0.08110243427022137)}, 'train_accuracy': {'mean': np.float64(0.7256944444444445), 'std': np.float64(0.08933805784908755)}, 'val_loss': {'mean': np.float64(4.309761206309001), 'std': np.float64(0.1852909856829392)}, 'val_accuracy': {'mean': np.float64(0.84375), 'std': np.float64(0.05103103630798288)}, 'epoch': {'mean': np.float64(196.0), 'std': np.float64(115.34296684236972)}}
[I 2025-08-15 00:52:57,376] Trial 120 finished with value: -0.84375 and parameters: {'learning_rate': 0.0004648404745013422, 'batch_size': 32, 'num_epochs': 976, 'temperature': 0.4290679087617985, 'embedding_dim': 128, 'hidden_dim': 256, 'dropout': 0.4768220631717741, 'num_layers': 5, 'num_heads': 4, 'noise_enabled': True, 'shift_enabled': False, 'scale_enabled': True, 'crop_enabled': True, 'flip_enabled': True, 'permutation_enabled': False, 'noise_level': 0.17687507071558414, 'crop_size': 0.5758779033650161}. Best is trial 92 with value: -0.9479166666666666.
Actual device being used: cuda
Attempting to load data from: /vol/ecrg-solar/woodj4/fishy-business/data/REIMS.xlsx
Trial 120 finished with value: -0.84375 and parameters: {'learning_rate': 0.0004648404745013422, 'batch_size': 32, 'num_epochs': 976, 'temperature': 0.4290679087617985, 'embedding_dim': 128, 'hidden_dim': 256, 'dropout': 0.4768220631717741, 'num_layers': 5, 'num_heads': 4, 'noise_enabled': True, 'shift_enabled': False, 'scale_enabled': True, 'crop_enabled': True, 'flip_enabled': True, 'permutation_enabled': False, 'noise_level': 0.17687507071558414, 'crop_size': 0.5758779033650161}. Best is trial 92 with value: -0.9479166666666666.
2025-08-15 00:52:57,466 - INFO - Using device: cuda
2025-08-15 00:53:07,298 - INFO - --- Starting Fold 1/3 ---
2025-08-15 00:53:07,300 - INFO - Generated pairs. Train: 1128 (Positive: 48). Val: 276 (Positive: 24)
2025-08-15 00:53:07,300 - INFO - Starting training for fold 1/3
2025-08-15 00:53:14,978 - INFO - Fold 1, Epoch 10: Val Acc: 0.56%
2025-08-15 00:53:17,060 - INFO - Fold 1, Epoch 20: Val Acc: 0.62%
2025-08-15 00:53:20,846 - INFO - Fold 1, Epoch 30: Val Acc: 0.56%
2025-08-15 00:53:22,484 - INFO - Fold 1, Epoch 40: Val Acc: 0.75%
2025-08-15 00:53:27,667 - INFO - Fold 1, Epoch 50: Val Acc: 0.81%
2025-08-15 00:53:29,214 - INFO - Fold 1, Epoch 60: Val Acc: 0.81%
2025-08-15 00:53:30,760 - INFO - Fold 1, Epoch 70: Val Acc: 0.72%
2025-08-15 00:53:34,602 - INFO - Fold 1, Epoch 80: Val Acc: 0.78%
2025-08-15 00:53:36,724 - INFO - Fold 1, Epoch 90: Val Acc: 0.69%
2025-08-15 00:53:38,577 - INFO - Fold 1, Epoch 100: Val Acc: 0.69%
2025-08-15 00:53:40,225 - INFO - Fold 1, Epoch 110: Val Acc: 0.81%
2025-08-15 00:53:42,227 - INFO - Fold 1, Epoch 120: Val Acc: 0.81%
2025-08-15 00:53:44,128 - INFO - Fold 1, Epoch 130: Val Acc: 0.62%
2025-08-15 00:53:45,686 - INFO - Fold 1, Epoch 140: Val Acc: 0.84%
2025-08-15 00:53:47,240 - INFO - Fold 1, Epoch 150: Val Acc: 0.72%
2025-08-15 00:53:48,796 - INFO - Fold 1, Epoch 160: Val Acc: 0.72%
2025-08-15 00:53:50,352 - INFO - Fold 1, Epoch 170: Val Acc: 0.66%
2025-08-15 00:53:51,750 - INFO - Early stopping at epoch 179
2025-08-15 00:53:55,982 - INFO - --- Starting Fold 2/3 ---
2025-08-15 00:53:55,986 - INFO - Generated pairs. Train: 1128 (Positive: 48). Val: 276 (Positive: 24)
2025-08-15 00:53:55,986 - INFO - Starting training for fold 2/3
2025-08-15 00:54:01,789 - INFO - Fold 2, Epoch 10: Val Acc: 0.44%
2025-08-15 00:54:06,264 - INFO - Fold 2, Epoch 20: Val Acc: 0.66%
2025-08-15 00:54:09,380 - INFO - Fold 2, Epoch 30: Val Acc: 0.78%
2025-08-15 00:54:12,677 - INFO - Fold 2, Epoch 40: Val Acc: 0.72%
2025-08-15 00:54:15,926 - INFO - Fold 2, Epoch 50: Val Acc: 0.78%
2025-08-15 00:54:17,986 - INFO - Fold 2, Epoch 60: Val Acc: 0.88%
2025-08-15 00:54:20,059 - INFO - Fold 2, Epoch 70: Val Acc: 0.78%
2025-08-15 00:54:22,139 - INFO - Fold 2, Epoch 80: Val Acc: 0.75%
2025-08-15 00:54:23,963 - INFO - Fold 2, Epoch 90: Val Acc: 0.59%
2025-08-15 00:54:26,053 - INFO - Fold 2, Epoch 100: Val Acc: 0.84%
2025-08-15 00:54:28,130 - INFO - Fold 2, Epoch 110: Val Acc: 0.62%
2025-08-15 00:54:30,192 - INFO - Fold 2, Epoch 120: Val Acc: 0.69%
2025-08-15 00:54:32,186 - INFO - Fold 2, Epoch 130: Val Acc: 0.75%
2025-08-15 00:54:34,235 - INFO - Fold 2, Epoch 140: Val Acc: 0.75%
2025-08-15 00:54:36,091 - INFO - Early stopping at epoch 149
2025-08-15 00:54:38,641 - INFO - --- Starting Fold 3/3 ---
2025-08-15 00:54:38,644 - INFO - Generated pairs. Train: 1128 (Positive: 48). Val: 276 (Positive: 24)
2025-08-15 00:54:38,644 - INFO - Starting training for fold 3/3
2025-08-15 00:54:43,225 - INFO - Fold 3, Epoch 10: Val Acc: 0.62%
2025-08-15 00:54:46,480 - INFO - Fold 3, Epoch 20: Val Acc: 0.56%
2025-08-15 00:54:49,674 - INFO - Fold 3, Epoch 30: Val Acc: 0.59%
2025-08-15 00:54:51,758 - INFO - Fold 3, Epoch 40: Val Acc: 0.78%
2025-08-15 00:54:54,919 - INFO - Fold 3, Epoch 50: Val Acc: 0.66%
2025-08-15 00:54:58,183 - INFO - Fold 3, Epoch 60: Val Acc: 0.75%
2025-08-15 00:55:00,279 - INFO - Fold 3, Epoch 70: Val Acc: 0.78%
2025-08-15 00:55:02,236 - INFO - Fold 3, Epoch 80: Val Acc: 0.72%
2025-08-15 00:55:04,292 - INFO - Fold 3, Epoch 90: Val Acc: 0.75%
2025-08-15 00:55:06,388 - INFO - Fold 3, Epoch 100: Val Acc: 0.72%
2025-08-15 00:55:09,554 - INFO - Fold 3, Epoch 110: Val Acc: 0.78%
2025-08-15 00:55:11,648 - INFO - Fold 3, Epoch 120: Val Acc: 0.78%
2025-08-15 00:55:13,748 - INFO - Fold 3, Epoch 130: Val Acc: 0.72%
2025-08-15 00:55:15,852 - INFO - Fold 3, Epoch 140: Val Acc: 0.84%
2025-08-15 00:55:19,179 - INFO - Fold 3, Epoch 150: Val Acc: 0.53%
2025-08-15 00:55:21,279 - INFO - Fold 3, Epoch 160: Val Acc: 0.66%
2025-08-15 00:55:23,380 - INFO - Fold 3, Epoch 170: Val Acc: 0.66%
2025-08-15 00:55:25,479 - INFO - Fold 3, Epoch 180: Val Acc: 0.69%
2025-08-15 00:55:28,658 - INFO - Fold 3, Epoch 190: Val Acc: 0.59%
2025-08-15 00:55:30,751 - INFO - Fold 3, Epoch 200: Val Acc: 0.62%
2025-08-15 00:55:32,854 - INFO - Fold 3, Epoch 210: Val Acc: 0.69%
2025-08-15 00:55:34,949 - INFO - Fold 3, Epoch 220: Val Acc: 0.56%
2025-08-15 00:55:36,933 - INFO - Fold 3, Epoch 230: Val Acc: 0.50%
2025-08-15 00:55:38,581 - INFO - Fold 3, Epoch 240: Val Acc: 0.69%
2025-08-15 00:55:40,296 - INFO - Fold 3, Epoch 250: Val Acc: 0.72%
2025-08-15 00:55:42,148 - INFO - Fold 3, Epoch 260: Val Acc: 0.72%
2025-08-15 00:55:43,794 - INFO - Fold 3, Epoch 270: Val Acc: 0.72%
2025-08-15 00:55:45,441 - INFO - Fold 3, Epoch 280: Val Acc: 0.50%
2025-08-15 00:55:47,282 - INFO - Early stopping at epoch 289
2025-08-15 00:55:48,122 - INFO - Cross-validation statistics for transformer: {'train_loss': {'mean': np.float64(3.925505744086372), 'std': np.float64(0.1063528409233139)}, 'train_accuracy': {'mean': np.float64(0.798611111111111), 'std': np.float64(0.01964185503295969)}, 'val_loss': {'mean': np.float64(4.181310653686523), 'std': np.float64(0.05313874602631432)}, 'val_accuracy': {'mean': np.float64(0.9270833333333334), 'std': np.float64(0.01473139127471974)}, 'epoch': {'mean': np.float64(104.66666666666667), 'std': np.float64(60.18490028422596)}}
[I 2025-08-15 00:55:48,128] Trial 121 finished with value: -0.9270833333333334 and parameters: {'learning_rate': 0.0006428994110582725, 'batch_size': 32, 'num_epochs': 915, 'temperature': 0.4979371508662697, 'embedding_dim': 128, 'hidden_dim': 256, 'dropout': 0.3283927166207974, 'num_layers': 4, 'num_heads': 8, 'noise_enabled': True, 'shift_enabled': False, 'scale_enabled': True, 'crop_enabled': True, 'flip_enabled': False, 'permutation_enabled': False, 'noise_level': 0.1999172438285186, 'crop_size': 0.5263485464842296}. Best is trial 92 with value: -0.9479166666666666.
Actual device being used: cuda
Attempting to load data from: /vol/ecrg-solar/woodj4/fishy-business/data/REIMS.xlsx
