Trial 90 finished with value: -0.9375 and parameters: {'learning_rate': 0.0005651198764447992, 'batch_size': 32, 'num_epochs': 392, 'temperature': 0.36350117996633236, 'embedding_dim': 256, 'hidden_dim': 256, 'dropout': 0.4830043619829427, 'num_layers': 5, 'num_heads': 8, 'noise_enabled': True, 'shift_enabled': False, 'scale_enabled': False, 'crop_enabled': True, 'flip_enabled': False, 'permutation_enabled': False, 'noise_level': 0.10106895320384918, 'crop_size': 0.5410111325780634}. Best is trial 90 with value: -0.9375.
2025-08-14 23:26:01,106 - INFO - Using device: cuda
2025-08-14 23:26:11,123 - INFO - --- Starting Fold 1/3 ---
2025-08-14 23:26:11,125 - INFO - Generated pairs. Train: 1128 (Positive: 48). Val: 276 (Positive: 24)
2025-08-14 23:26:11,125 - INFO - Starting training for fold 1/3
2025-08-14 23:26:20,169 - INFO - Fold 1, Epoch 10: Val Acc: 0.66%
2025-08-14 23:26:24,446 - INFO - Fold 1, Epoch 20: Val Acc: 0.72%
2025-08-14 23:26:28,313 - INFO - Fold 1, Epoch 30: Val Acc: 0.66%
2025-08-14 23:26:30,016 - INFO - Fold 1, Epoch 40: Val Acc: 0.75%
2025-08-14 23:26:34,131 - INFO - Fold 1, Epoch 50: Val Acc: 0.72%
2025-08-14 23:26:38,201 - INFO - Fold 1, Epoch 60: Val Acc: 0.75%
2025-08-14 23:26:39,909 - INFO - Fold 1, Epoch 70: Val Acc: 0.62%
2025-08-14 23:26:41,851 - INFO - Fold 1, Epoch 80: Val Acc: 0.72%
2025-08-14 23:26:44,081 - INFO - Fold 1, Epoch 90: Val Acc: 0.72%
2025-08-14 23:26:46,308 - INFO - Fold 1, Epoch 100: Val Acc: 0.66%
2025-08-14 23:26:48,538 - INFO - Fold 1, Epoch 110: Val Acc: 0.72%
2025-08-14 23:26:50,769 - INFO - Fold 1, Epoch 120: Val Acc: 0.81%
2025-08-14 23:26:53,082 - INFO - Fold 1, Epoch 130: Val Acc: 0.66%
2025-08-14 23:26:55,378 - INFO - Fold 1, Epoch 140: Val Acc: 0.81%
2025-08-14 23:26:57,686 - INFO - Fold 1, Epoch 150: Val Acc: 0.72%
2025-08-14 23:26:58,835 - INFO - Early stopping at epoch 155
2025-08-14 23:27:02,613 - INFO - --- Starting Fold 2/3 ---
2025-08-14 23:27:02,616 - INFO - Generated pairs. Train: 1128 (Positive: 48). Val: 276 (Positive: 24)
2025-08-14 23:27:02,616 - INFO - Starting training for fold 2/3
2025-08-14 23:27:09,601 - INFO - Fold 2, Epoch 10: Val Acc: 0.59%
2025-08-14 23:27:13,272 - INFO - Fold 2, Epoch 20: Val Acc: 0.62%
2025-08-14 23:27:18,467 - INFO - Fold 2, Epoch 30: Val Acc: 0.78%
2025-08-14 23:27:22,239 - INFO - Fold 2, Epoch 40: Val Acc: 0.69%
2025-08-14 23:27:24,454 - INFO - Fold 2, Epoch 50: Val Acc: 0.66%
2025-08-14 23:27:26,671 - INFO - Fold 2, Epoch 60: Val Acc: 0.62%
2025-08-14 23:27:28,888 - INFO - Fold 2, Epoch 70: Val Acc: 0.75%
2025-08-14 23:27:31,098 - INFO - Fold 2, Epoch 80: Val Acc: 0.72%
2025-08-14 23:27:34,625 - INFO - Fold 2, Epoch 90: Val Acc: 0.88%
2025-08-14 23:27:36,904 - INFO - Fold 2, Epoch 100: Val Acc: 0.81%
2025-08-14 23:27:39,098 - INFO - Fold 2, Epoch 110: Val Acc: 0.69%
2025-08-14 23:27:41,025 - INFO - Fold 2, Epoch 120: Val Acc: 0.81%
2025-08-14 23:27:43,198 - INFO - Fold 2, Epoch 130: Val Acc: 0.81%
2025-08-14 23:27:45,388 - INFO - Fold 2, Epoch 140: Val Acc: 0.78%
2025-08-14 23:27:47,549 - INFO - Fold 2, Epoch 150: Val Acc: 0.81%
2025-08-14 23:27:49,768 - INFO - Fold 2, Epoch 160: Val Acc: 0.72%
2025-08-14 23:27:51,995 - INFO - Fold 2, Epoch 170: Val Acc: 0.84%
2025-08-14 23:27:54,221 - INFO - Fold 2, Epoch 180: Val Acc: 0.72%
2025-08-14 23:27:57,842 - INFO - Fold 2, Epoch 190: Val Acc: 0.88%
2025-08-14 23:28:00,082 - INFO - Fold 2, Epoch 200: Val Acc: 0.78%
2025-08-14 23:28:03,616 - INFO - Fold 2, Epoch 210: Val Acc: 0.72%
2025-08-14 23:28:05,708 - INFO - Fold 2, Epoch 220: Val Acc: 0.88%
2025-08-14 23:28:07,858 - INFO - Fold 2, Epoch 230: Val Acc: 0.81%
2025-08-14 23:28:10,077 - INFO - Fold 2, Epoch 240: Val Acc: 0.78%
2025-08-14 23:28:12,291 - INFO - Fold 2, Epoch 250: Val Acc: 0.81%
2025-08-14 23:28:14,517 - INFO - Fold 2, Epoch 260: Val Acc: 0.75%
2025-08-14 23:28:16,811 - INFO - Fold 2, Epoch 270: Val Acc: 0.66%
2025-08-14 23:28:19,108 - INFO - Fold 2, Epoch 280: Val Acc: 0.75%
2025-08-14 23:28:21,339 - INFO - Fold 2, Epoch 290: Val Acc: 0.75%
2025-08-14 23:28:23,577 - INFO - Fold 2, Epoch 300: Val Acc: 0.75%
2025-08-14 23:28:25,377 - INFO - Early stopping at epoch 308
2025-08-14 23:28:26,456 - INFO - --- Starting Fold 3/3 ---
2025-08-14 23:28:26,458 - INFO - Generated pairs. Train: 1128 (Positive: 48). Val: 276 (Positive: 24)
2025-08-14 23:28:26,459 - INFO - Starting training for fold 3/3
2025-08-14 23:28:33,255 - INFO - Fold 3, Epoch 10: Val Acc: 0.62%
2025-08-14 23:28:39,802 - INFO - Fold 3, Epoch 20: Val Acc: 0.72%
2025-08-14 23:28:43,303 - INFO - Fold 3, Epoch 30: Val Acc: 0.81%
2025-08-14 23:28:45,615 - INFO - Fold 3, Epoch 40: Val Acc: 0.75%
2025-08-14 23:28:47,894 - INFO - Fold 3, Epoch 50: Val Acc: 0.78%
2025-08-14 23:28:51,659 - INFO - Fold 3, Epoch 60: Val Acc: 0.69%
2025-08-14 23:28:53,953 - INFO - Fold 3, Epoch 70: Val Acc: 0.66%
2025-08-14 23:28:56,253 - INFO - Fold 3, Epoch 80: Val Acc: 0.81%
2025-08-14 23:28:58,550 - INFO - Fold 3, Epoch 90: Val Acc: 0.59%
2025-08-14 23:29:00,846 - INFO - Fold 3, Epoch 100: Val Acc: 0.78%
2025-08-14 23:29:03,145 - INFO - Fold 3, Epoch 110: Val Acc: 0.78%
2025-08-14 23:29:06,754 - INFO - Fold 3, Epoch 120: Val Acc: 0.94%
2025-08-14 23:29:09,055 - INFO - Fold 3, Epoch 130: Val Acc: 0.62%
2025-08-14 23:29:11,266 - INFO - Fold 3, Epoch 140: Val Acc: 0.75%
2025-08-14 23:29:13,480 - INFO - Fold 3, Epoch 150: Val Acc: 0.69%
2025-08-14 23:29:15,689 - INFO - Fold 3, Epoch 160: Val Acc: 0.81%
2025-08-14 23:29:17,902 - INFO - Fold 3, Epoch 170: Val Acc: 0.72%
2025-08-14 23:29:20,105 - INFO - Fold 3, Epoch 180: Val Acc: 0.84%
2025-08-14 23:29:22,316 - INFO - Fold 3, Epoch 190: Val Acc: 0.78%
2025-08-14 23:29:24,514 - INFO - Fold 3, Epoch 200: Val Acc: 0.66%
2025-08-14 23:29:26,727 - INFO - Fold 3, Epoch 210: Val Acc: 0.72%
2025-08-14 23:29:28,944 - INFO - Early stopping at epoch 220
2025-08-14 23:29:30,040 - INFO - Cross-validation statistics for transformer: {'train_loss': {'mean': np.float64(3.837152984407213), 'std': np.float64(0.09985700189464064)}, 'train_accuracy': {'mean': np.float64(0.8229166666666666), 'std': np.float64(0.03897559777889522)}, 'val_loss': {'mean': np.float64(4.175854206085205), 'std': np.float64(0.10111607396709908)}, 'val_accuracy': {'mean': np.float64(0.9375), 'std': np.float64(0.0)}, 'epoch': {'mean': np.float64(126.66666666666667), 'std': np.float64(62.69680126520721)}}
[I 2025-08-14 23:29:30,047] Trial 91 finished with value: -0.9375 and parameters: {'learning_rate': 0.000583145059609407, 'batch_size': 32, 'num_epochs': 387, 'temperature': 0.36450667433915757, 'embedding_dim': 256, 'hidden_dim': 256, 'dropout': 0.4810290475482115, 'num_layers': 5, 'num_heads': 8, 'noise_enabled': True, 'shift_enabled': False, 'scale_enabled': False, 'crop_enabled': True, 'flip_enabled': False, 'permutation_enabled': False, 'noise_level': 0.06868372993579419, 'crop_size': 0.5409646865963132}. Best is trial 90 with value: -0.9375.
Actual device being used: cuda
Attempting to load data from: /vol/ecrg-solar/woodj4/fishy-business/data/REIMS.xlsx
Trial 91 finished with value: -0.9375 and parameters: {'learning_rate': 0.000583145059609407, 'batch_size': 32, 'num_epochs': 387, 'temperature': 0.36450667433915757, 'embedding_dim': 256, 'hidden_dim': 256, 'dropout': 0.4810290475482115, 'num_layers': 5, 'num_heads': 8, 'noise_enabled': True, 'shift_enabled': False, 'scale_enabled': False, 'crop_enabled': True, 'flip_enabled': False, 'permutation_enabled': False, 'noise_level': 0.06868372993579419, 'crop_size': 0.5409646865963132}. Best is trial 90 with value: -0.9375.
2025-08-14 23:29:30,083 - INFO - Using device: cuda
2025-08-14 23:29:39,820 - INFO - --- Starting Fold 1/3 ---
2025-08-14 23:29:39,821 - INFO - Generated pairs. Train: 1128 (Positive: 48). Val: 276 (Positive: 24)
2025-08-14 23:29:39,821 - INFO - Starting training for fold 1/3
2025-08-14 23:29:46,740 - INFO - Fold 1, Epoch 10: Val Acc: 0.59%
2025-08-14 23:29:51,184 - INFO - Fold 1, Epoch 20: Val Acc: 0.81%
2025-08-14 23:29:53,405 - INFO - Fold 1, Epoch 30: Val Acc: 0.59%
2025-08-14 23:29:55,625 - INFO - Fold 1, Epoch 40: Val Acc: 0.66%
2025-08-14 23:30:00,078 - INFO - Fold 1, Epoch 50: Val Acc: 0.91%
2025-08-14 23:30:02,303 - INFO - Fold 1, Epoch 60: Val Acc: 0.78%
2025-08-14 23:30:04,503 - INFO - Fold 1, Epoch 70: Val Acc: 0.62%
2025-08-14 23:30:06,684 - INFO - Fold 1, Epoch 80: Val Acc: 0.72%
2025-08-14 23:30:08,384 - INFO - Fold 1, Epoch 90: Val Acc: 0.81%
2025-08-14 23:30:10,077 - INFO - Fold 1, Epoch 100: Val Acc: 0.66%
2025-08-14 23:30:11,772 - INFO - Fold 1, Epoch 110: Val Acc: 0.69%
2025-08-14 23:30:13,466 - INFO - Fold 1, Epoch 120: Val Acc: 0.66%
2025-08-14 23:30:15,162 - INFO - Fold 1, Epoch 130: Val Acc: 0.81%
2025-08-14 23:30:16,856 - INFO - Fold 1, Epoch 140: Val Acc: 0.62%
2025-08-14 23:30:17,026 - INFO - Early stopping at epoch 141
2025-08-14 23:30:20,950 - INFO - --- Starting Fold 2/3 ---
2025-08-14 23:30:20,953 - INFO - Generated pairs. Train: 1128 (Positive: 48). Val: 276 (Positive: 24)
2025-08-14 23:30:20,953 - INFO - Starting training for fold 2/3
2025-08-14 23:30:27,674 - INFO - Fold 2, Epoch 10: Val Acc: 0.66%
2025-08-14 23:30:31,224 - INFO - Fold 2, Epoch 20: Val Acc: 0.75%
2025-08-14 23:30:34,924 - INFO - Fold 2, Epoch 30: Val Acc: 0.72%
2025-08-14 23:30:38,497 - INFO - Fold 2, Epoch 40: Val Acc: 0.88%
2025-08-14 23:30:40,789 - INFO - Fold 2, Epoch 50: Val Acc: 0.66%
2025-08-14 23:30:42,925 - INFO - Fold 2, Epoch 60: Val Acc: 0.78%
2025-08-14 23:30:45,136 - INFO - Fold 2, Epoch 70: Val Acc: 0.66%
2025-08-14 23:30:47,349 - INFO - Fold 2, Epoch 80: Val Acc: 0.69%
2025-08-14 23:30:49,512 - INFO - Fold 2, Epoch 90: Val Acc: 0.78%
2025-08-14 23:30:51,675 - INFO - Fold 2, Epoch 100: Val Acc: 0.59%
2025-08-14 23:30:53,867 - INFO - Fold 2, Epoch 110: Val Acc: 0.69%
2025-08-14 23:30:56,063 - INFO - Fold 2, Epoch 120: Val Acc: 0.81%
2025-08-14 23:30:58,268 - INFO - Fold 2, Epoch 130: Val Acc: 0.75%
2025-08-14 23:31:02,011 - INFO - Fold 2, Epoch 140: Val Acc: 0.72%
2025-08-14 23:31:04,215 - INFO - Fold 2, Epoch 150: Val Acc: 0.66%
2025-08-14 23:31:06,407 - INFO - Fold 2, Epoch 160: Val Acc: 0.84%
2025-08-14 23:31:08,620 - INFO - Fold 2, Epoch 170: Val Acc: 0.84%
2025-08-14 23:31:10,840 - INFO - Fold 2, Epoch 180: Val Acc: 0.72%
2025-08-14 23:31:13,053 - INFO - Fold 2, Epoch 190: Val Acc: 0.72%
2025-08-14 23:31:15,277 - INFO - Fold 2, Epoch 200: Val Acc: 0.62%
2025-08-14 23:31:17,495 - INFO - Fold 2, Epoch 210: Val Acc: 0.94%
2025-08-14 23:31:19,719 - INFO - Fold 2, Epoch 220: Val Acc: 0.78%
2025-08-14 23:31:22,013 - INFO - Fold 2, Epoch 230: Val Acc: 0.72%
2025-08-14 23:31:22,241 - INFO - Early stopping at epoch 231
2025-08-14 23:31:25,481 - INFO - --- Starting Fold 3/3 ---
2025-08-14 23:31:25,484 - INFO - Generated pairs. Train: 1128 (Positive: 48). Val: 276 (Positive: 24)
2025-08-14 23:31:25,484 - INFO - Starting training for fold 3/3
2025-08-14 23:31:33,694 - INFO - Fold 3, Epoch 10: Val Acc: 0.72%
2025-08-14 23:31:37,464 - INFO - Fold 3, Epoch 20: Val Acc: 0.69%
2025-08-14 23:31:39,757 - INFO - Fold 3, Epoch 30: Val Acc: 0.66%
2025-08-14 23:31:42,032 - INFO - Fold 3, Epoch 40: Val Acc: 0.66%
2025-08-14 23:31:44,318 - INFO - Fold 3, Epoch 50: Val Acc: 0.66%
2025-08-14 23:31:46,137 - INFO - Fold 3, Epoch 60: Val Acc: 0.62%
2025-08-14 23:31:47,934 - INFO - Fold 3, Epoch 70: Val Acc: 0.72%
2025-08-14 23:31:51,322 - INFO - Fold 3, Epoch 80: Val Acc: 0.84%
2025-08-14 23:31:55,124 - INFO - Fold 3, Epoch 90: Val Acc: 0.78%
2025-08-14 23:31:57,346 - INFO - Fold 3, Epoch 100: Val Acc: 0.72%
2025-08-14 23:31:59,595 - INFO - Fold 3, Epoch 110: Val Acc: 0.78%
2025-08-14 23:32:01,890 - INFO - Fold 3, Epoch 120: Val Acc: 0.69%
2025-08-14 23:32:04,191 - INFO - Fold 3, Epoch 130: Val Acc: 0.69%
2025-08-14 23:32:06,405 - INFO - Fold 3, Epoch 140: Val Acc: 0.88%
2025-08-14 23:32:08,603 - INFO - Fold 3, Epoch 150: Val Acc: 0.59%
2025-08-14 23:32:10,808 - INFO - Fold 3, Epoch 160: Val Acc: 0.69%
2025-08-14 23:32:14,432 - INFO - Fold 3, Epoch 170: Val Acc: 0.66%
2025-08-14 23:32:16,645 - INFO - Fold 3, Epoch 180: Val Acc: 0.75%
2025-08-14 23:32:18,855 - INFO - Fold 3, Epoch 190: Val Acc: 0.62%
2025-08-14 23:32:21,069 - INFO - Fold 3, Epoch 200: Val Acc: 0.75%
2025-08-14 23:32:23,286 - INFO - Fold 3, Epoch 210: Val Acc: 0.62%
2025-08-14 23:32:25,496 - INFO - Fold 3, Epoch 220: Val Acc: 0.66%
2025-08-14 23:32:27,714 - INFO - Fold 3, Epoch 230: Val Acc: 0.78%
2025-08-14 23:32:29,938 - INFO - Fold 3, Epoch 240: Val Acc: 0.72%
2025-08-14 23:32:32,140 - INFO - Fold 3, Epoch 250: Val Acc: 0.62%
2025-08-14 23:32:34,344 - INFO - Fold 3, Epoch 260: Val Acc: 0.75%
2025-08-14 23:32:35,448 - INFO - Early stopping at epoch 265
2025-08-14 23:32:38,161 - INFO - Cross-validation statistics for transformer: {'train_loss': {'mean': np.float64(3.85190118683709), 'std': np.float64(0.09037780566143006)}, 'train_accuracy': {'mean': np.float64(0.8020833333333334), 'std': np.float64(0.07795119555779044)}, 'val_loss': {'mean': np.float64(4.199009259541829), 'std': np.float64(0.02589670500586246)}, 'val_accuracy': {'mean': np.float64(0.9479166666666666), 'std': np.float64(0.03897559777889522)}, 'epoch': {'mean': np.float64(111.33333333333333), 'std': np.float64(52.315283511502535)}}
[I 2025-08-14 23:32:38,171] Trial 92 finished with value: -0.9479166666666666 and parameters: {'learning_rate': 0.0005679322945498316, 'batch_size': 32, 'num_epochs': 375, 'temperature': 0.29063452579262367, 'embedding_dim': 256, 'hidden_dim': 256, 'dropout': 0.48991175948539684, 'num_layers': 5, 'num_heads': 8, 'noise_enabled': True, 'shift_enabled': False, 'scale_enabled': False, 'crop_enabled': True, 'flip_enabled': False, 'permutation_enabled': False, 'noise_level': 0.0984100262799093, 'crop_size': 0.537691257614809}. Best is trial 92 with value: -0.9479166666666666.
Actual device being used: cuda
Attempting to load data from: /vol/ecrg-solar/woodj4/fishy-business/data/REIMS.xlsx
Trial 92 finished with value: -0.9479166666666666 and parameters: {'learning_rate': 0.0005679322945498316, 'batch_size': 32, 'num_epochs': 375, 'temperature': 0.29063452579262367, 'embedding_dim': 256, 'hidden_dim': 256, 'dropout': 0.48991175948539684, 'num_layers': 5, 'num_heads': 8, 'noise_enabled': True, 'shift_enabled': False, 'scale_enabled': False, 'crop_enabled': True, 'flip_enabled': False, 'permutation_enabled': False, 'noise_level': 0.0984100262799093, 'crop_size': 0.537691257614809}. Best is trial 92 with value: -0.9479166666666666.
2025-08-14 23:32:38,257 - INFO - Using device: cuda
2025-08-14 23:32:48,110 - INFO - --- Starting Fold 1/3 ---
2025-08-14 23:32:48,111 - INFO - Generated pairs. Train: 1128 (Positive: 48). Val: 276 (Positive: 24)
2025-08-14 23:32:48,111 - INFO - Starting training for fold 1/3
2025-08-14 23:32:59,509 - INFO - Fold 1, Epoch 10: Val Acc: 0.72%
2025-08-14 23:33:03,448 - INFO - Fold 1, Epoch 20: Val Acc: 0.75%
2025-08-14 23:33:05,839 - INFO - Fold 1, Epoch 30: Val Acc: 0.69%
2025-08-14 23:33:09,950 - INFO - Fold 1, Epoch 40: Val Acc: 0.78%
2025-08-14 23:33:16,892 - INFO - Fold 1, Epoch 50: Val Acc: 0.66%
2025-08-14 23:33:19,109 - INFO - Fold 1, Epoch 60: Val Acc: 0.69%
2025-08-14 23:33:21,324 - INFO - Fold 1, Epoch 70: Val Acc: 0.50%
2025-08-14 23:33:23,546 - INFO - Fold 1, Epoch 80: Val Acc: 0.62%
2025-08-14 23:33:25,757 - INFO - Fold 1, Epoch 90: Val Acc: 0.59%
2025-08-14 23:33:27,967 - INFO - Fold 1, Epoch 100: Val Acc: 0.78%
2025-08-14 23:33:30,183 - INFO - Fold 1, Epoch 110: Val Acc: 0.81%
2025-08-14 23:33:32,405 - INFO - Fold 1, Epoch 120: Val Acc: 0.72%
2025-08-14 23:33:34,622 - INFO - Fold 1, Epoch 130: Val Acc: 0.62%
2025-08-14 23:33:36,837 - INFO - Fold 1, Epoch 140: Val Acc: 0.84%
2025-08-14 23:33:38,611 - INFO - Early stopping at epoch 148
2025-08-14 23:33:42,149 - INFO - --- Starting Fold 2/3 ---
2025-08-14 23:33:42,161 - INFO - Generated pairs. Train: 1128 (Positive: 48). Val: 276 (Positive: 24)
2025-08-14 23:33:42,162 - INFO - Starting training for fold 2/3
2025-08-14 23:33:47,429 - INFO - Fold 2, Epoch 10: Val Acc: 0.50%
2025-08-14 23:33:51,029 - INFO - Fold 2, Epoch 20: Val Acc: 0.53%
2025-08-14 23:33:53,238 - INFO - Fold 2, Epoch 30: Val Acc: 0.75%
2025-08-14 23:33:58,374 - INFO - Fold 2, Epoch 40: Val Acc: 0.69%
2025-08-14 23:34:00,586 - INFO - Fold 2, Epoch 50: Val Acc: 0.78%
2025-08-14 23:34:02,807 - INFO - Fold 2, Epoch 60: Val Acc: 0.75%
2025-08-14 23:34:07,879 - INFO - Fold 2, Epoch 70: Val Acc: 0.78%
2025-08-14 23:34:10,137 - INFO - Fold 2, Epoch 80: Val Acc: 0.78%
2025-08-14 23:34:12,451 - INFO - Fold 2, Epoch 90: Val Acc: 0.69%
2025-08-14 23:34:14,757 - INFO - Fold 2, Epoch 100: Val Acc: 0.56%
2025-08-14 23:34:17,060 - INFO - Fold 2, Epoch 110: Val Acc: 0.78%
2025-08-14 23:34:19,369 - INFO - Fold 2, Epoch 120: Val Acc: 0.84%
2025-08-14 23:34:21,672 - INFO - Fold 2, Epoch 130: Val Acc: 0.78%
2025-08-14 23:34:23,977 - INFO - Fold 2, Epoch 140: Val Acc: 0.84%
2025-08-14 23:34:26,278 - INFO - Fold 2, Epoch 150: Val Acc: 0.66%
2025-08-14 23:34:28,576 - INFO - Fold 2, Epoch 160: Val Acc: 0.88%
2025-08-14 23:34:29,780 - INFO - Early stopping at epoch 166
2025-08-14 23:34:30,858 - INFO - --- Starting Fold 3/3 ---
2025-08-14 23:34:30,860 - INFO - Generated pairs. Train: 1128 (Positive: 48). Val: 276 (Positive: 24)
2025-08-14 23:34:30,860 - INFO - Starting training for fold 3/3
2025-08-14 23:34:39,022 - INFO - Fold 3, Epoch 10: Val Acc: 0.62%
2025-08-14 23:34:42,795 - INFO - Fold 3, Epoch 20: Val Acc: 0.69%
2025-08-14 23:34:47,908 - INFO - Fold 3, Epoch 30: Val Acc: 0.59%
2025-08-14 23:34:50,116 - INFO - Fold 3, Epoch 40: Val Acc: 0.72%
2025-08-14 23:34:53,586 - INFO - Fold 3, Epoch 50: Val Acc: 0.78%
2025-08-14 23:34:55,643 - INFO - Fold 3, Epoch 60: Val Acc: 0.78%
2025-08-14 23:34:57,378 - INFO - Fold 3, Epoch 70: Val Acc: 0.66%
2025-08-14 23:34:59,566 - INFO - Fold 3, Epoch 80: Val Acc: 0.88%
2025-08-14 23:35:01,772 - INFO - Fold 3, Epoch 90: Val Acc: 0.75%
2025-08-14 23:35:03,976 - INFO - Fold 3, Epoch 100: Val Acc: 0.69%
2025-08-14 23:35:06,180 - INFO - Fold 3, Epoch 110: Val Acc: 0.78%
2025-08-14 23:35:08,391 - INFO - Fold 3, Epoch 120: Val Acc: 0.78%
2025-08-14 23:35:11,936 - INFO - Fold 3, Epoch 130: Val Acc: 0.75%
2025-08-14 23:35:14,158 - INFO - Fold 3, Epoch 140: Val Acc: 0.84%
2025-08-14 23:35:16,054 - INFO - Fold 3, Epoch 150: Val Acc: 0.72%
2025-08-14 23:35:17,749 - INFO - Fold 3, Epoch 160: Val Acc: 0.69%
2025-08-14 23:35:19,952 - INFO - Fold 3, Epoch 170: Val Acc: 0.66%
2025-08-14 23:35:22,135 - INFO - Fold 3, Epoch 180: Val Acc: 0.84%
2025-08-14 23:35:24,343 - INFO - Fold 3, Epoch 190: Val Acc: 0.75%
2025-08-14 23:35:26,562 - INFO - Fold 3, Epoch 200: Val Acc: 0.53%
2025-08-14 23:35:28,785 - INFO - Fold 3, Epoch 210: Val Acc: 0.84%
2025-08-14 23:35:31,008 - INFO - Fold 3, Epoch 220: Val Acc: 0.78%
2025-08-14 23:35:32,558 - INFO - Early stopping at epoch 227
2025-08-14 23:35:33,632 - INFO - Cross-validation statistics for transformer: {'train_loss': {'mean': np.float64(3.9158018430074057), 'std': np.float64(0.027960464997216092)}, 'train_accuracy': {'mean': np.float64(0.8020833333333334), 'std': np.float64(0.008505172717997117)}, 'val_loss': {'mean': np.float64(4.295488039652507), 'std': np.float64(0.08740602759714305)}, 'val_accuracy': {'mean': np.float64(0.90625), 'std': np.float64(0.0)}, 'epoch': {'mean': np.float64(79.33333333333333), 'std': np.float64(33.8066397160216)}}
[I 2025-08-14 23:35:33,639] Trial 93 finished with value: -0.90625 and parameters: {'learning_rate': 0.0005583579921194509, 'batch_size': 32, 'num_epochs': 278, 'temperature': 0.28690976754814324, 'embedding_dim': 256, 'hidden_dim': 256, 'dropout': 0.48910997278030083, 'num_layers': 5, 'num_heads': 8, 'noise_enabled': True, 'shift_enabled': False, 'scale_enabled': False, 'crop_enabled': True, 'flip_enabled': False, 'permutation_enabled': False, 'noise_level': 0.09887362650256662, 'crop_size': 0.5371507036742992}. Best is trial 92 with value: -0.9479166666666666.
Actual device being used: cuda
Attempting to load data from: /vol/ecrg-solar/woodj4/fishy-business/data/REIMS.xlsx
