Trial 17 finished with value: -0.8333333333333334 and parameters: {'learning_rate': 8.499212888479729e-05, 'batch_size': 32, 'num_epochs': 872, 'temperature': 0.4844418552105284, 'embedding_dim': 128, 'hidden_dim': 256, 'dropout': 0.3294008178026585, 'num_layers': 5, 'num_heads': 8, 'noise_enabled': True, 'shift_enabled': False, 'scale_enabled': True, 'crop_enabled': True, 'flip_enabled': False, 'permutation_enabled': False, 'noise_level': 0.13904693353640224, 'crop_size': 0.5865355174793682}. Best is trial 9 with value: -0.9270833333333334.
2025-08-14 20:16:16,793 - INFO - Using device: cuda
2025-08-14 20:16:27,062 - INFO - --- Starting Fold 1/3 ---
2025-08-14 20:16:27,063 - INFO - Generated pairs. Train: 1128 (Positive: 48). Val: 276 (Positive: 24)
2025-08-14 20:16:27,064 - INFO - Starting training for fold 1/3
2025-08-14 20:16:36,174 - INFO - Fold 1, Epoch 10: Val Acc: 0.47%
2025-08-14 20:16:42,764 - INFO - Fold 1, Epoch 20: Val Acc: 0.34%
2025-08-14 20:16:44,969 - INFO - Fold 1, Epoch 30: Val Acc: 0.41%
2025-08-14 20:16:49,001 - INFO - Fold 1, Epoch 40: Val Acc: 0.50%
2025-08-14 20:16:51,049 - INFO - Fold 1, Epoch 50: Val Acc: 0.47%
2025-08-14 20:16:53,213 - INFO - Fold 1, Epoch 60: Val Acc: 0.50%
2025-08-14 20:16:55,381 - INFO - Fold 1, Epoch 70: Val Acc: 0.66%
2025-08-14 20:16:57,433 - INFO - Fold 1, Epoch 80: Val Acc: 0.38%
2025-08-14 20:16:59,286 - INFO - Fold 1, Epoch 90: Val Acc: 0.50%
2025-08-14 20:17:01,139 - INFO - Fold 1, Epoch 100: Val Acc: 0.41%
2025-08-14 20:17:03,220 - INFO - Fold 1, Epoch 110: Val Acc: 0.44%
2025-08-14 20:17:05,356 - INFO - Fold 1, Epoch 120: Val Acc: 0.62%
2025-08-14 20:17:07,395 - INFO - Fold 1, Epoch 130: Val Acc: 0.50%
2025-08-14 20:17:08,634 - INFO - Early stopping at epoch 136
2025-08-14 20:17:11,949 - INFO - --- Starting Fold 2/3 ---
2025-08-14 20:17:11,952 - INFO - Generated pairs. Train: 1128 (Positive: 48). Val: 276 (Positive: 24)
2025-08-14 20:17:11,953 - INFO - Starting training for fold 2/3
2025-08-14 20:17:18,970 - INFO - Fold 2, Epoch 10: Val Acc: 0.47%
2025-08-14 20:17:21,239 - INFO - Fold 2, Epoch 20: Val Acc: 0.53%
2025-08-14 20:17:23,350 - INFO - Fold 2, Epoch 30: Val Acc: 0.59%
2025-08-14 20:17:25,829 - INFO - Fold 2, Epoch 40: Val Acc: 0.50%
2025-08-14 20:17:28,293 - INFO - Fold 2, Epoch 50: Val Acc: 0.50%
2025-08-14 20:17:30,758 - INFO - Fold 2, Epoch 60: Val Acc: 0.56%
2025-08-14 20:17:33,153 - INFO - Fold 2, Epoch 70: Val Acc: 0.53%
2025-08-14 20:17:35,614 - INFO - Fold 2, Epoch 80: Val Acc: 0.53%
2025-08-14 20:17:38,073 - INFO - Fold 2, Epoch 90: Val Acc: 0.41%
2025-08-14 20:17:40,536 - INFO - Fold 2, Epoch 100: Val Acc: 0.50%
2025-08-14 20:17:42,010 - INFO - Early stopping at epoch 106
2025-08-14 20:17:43,087 - INFO - --- Starting Fold 3/3 ---
2025-08-14 20:17:43,090 - INFO - Generated pairs. Train: 1128 (Positive: 48). Val: 276 (Positive: 24)
2025-08-14 20:17:43,091 - INFO - Starting training for fold 3/3
2025-08-14 20:17:49,957 - INFO - Fold 3, Epoch 10: Val Acc: 0.66%
2025-08-14 20:17:52,427 - INFO - Fold 3, Epoch 20: Val Acc: 0.62%
2025-08-14 20:17:54,745 - INFO - Fold 3, Epoch 30: Val Acc: 0.44%
2025-08-14 20:17:57,123 - INFO - Fold 3, Epoch 40: Val Acc: 0.53%
2025-08-14 20:17:59,222 - INFO - Fold 3, Epoch 50: Val Acc: 0.44%
2025-08-14 20:18:02,995 - INFO - Fold 3, Epoch 60: Val Acc: 0.56%
2025-08-14 20:18:05,024 - INFO - Fold 3, Epoch 70: Val Acc: 0.50%
2025-08-14 20:18:06,900 - INFO - Fold 3, Epoch 80: Val Acc: 0.66%
2025-08-14 20:18:09,264 - INFO - Fold 3, Epoch 90: Val Acc: 0.53%
2025-08-14 20:18:11,625 - INFO - Fold 3, Epoch 100: Val Acc: 0.56%
2025-08-14 20:18:14,000 - INFO - Fold 3, Epoch 110: Val Acc: 0.59%
2025-08-14 20:18:16,377 - INFO - Fold 3, Epoch 120: Val Acc: 0.44%
2025-08-14 20:18:18,832 - INFO - Fold 3, Epoch 130: Val Acc: 0.44%
2025-08-14 20:18:21,295 - INFO - Fold 3, Epoch 140: Val Acc: 0.53%
2025-08-14 20:18:23,771 - INFO - Fold 3, Epoch 150: Val Acc: 0.44%
2025-08-14 20:18:25,759 - INFO - Early stopping at epoch 158
2025-08-14 20:18:29,044 - INFO - Cross-validation statistics for transformer: {'train_loss': {'mean': np.float64(4.128691514333089), 'std': np.float64(0.012337247278851037)}, 'train_accuracy': {'mean': np.float64(0.5798611111111112), 'std': np.float64(0.04684283876122233)}, 'val_loss': {'mean': np.float64(4.2372846603393555), 'std': np.float64(0.03103401581559036)}, 'val_accuracy': {'mean': np.float64(0.6666666666666666), 'std': np.float64(0.06421264586426018)}, 'epoch': {'mean': np.float64(32.333333333333336), 'std': np.float64(21.312489817527705)}}
[I 2025-08-14 20:18:29,066] Trial 18 finished with value: -0.6666666666666666 and parameters: {'learning_rate': 0.0003034568475363462, 'batch_size': 32, 'num_epochs': 542, 'temperature': 0.23223622059307988, 'embedding_dim': 256, 'hidden_dim': 128, 'dropout': 0.2132267591126318, 'num_layers': 5, 'num_heads': 8, 'noise_enabled': True, 'shift_enabled': False, 'scale_enabled': True, 'crop_enabled': True, 'flip_enabled': False, 'permutation_enabled': True, 'noise_level': 0.07594341607863495, 'crop_size': 0.5897060370464998}. Best is trial 9 with value: -0.9270833333333334.
Actual device being used: cuda
Attempting to load data from: /vol/ecrg-solar/woodj4/fishy-business/data/REIMS.xlsx
Trial 18 finished with value: -0.6666666666666666 and parameters: {'learning_rate': 0.0003034568475363462, 'batch_size': 32, 'num_epochs': 542, 'temperature': 0.23223622059307988, 'embedding_dim': 256, 'hidden_dim': 128, 'dropout': 0.2132267591126318, 'num_layers': 5, 'num_heads': 8, 'noise_enabled': True, 'shift_enabled': False, 'scale_enabled': True, 'crop_enabled': True, 'flip_enabled': False, 'permutation_enabled': True, 'noise_level': 0.07594341607863495, 'crop_size': 0.5897060370464998}. Best is trial 9 with value: -0.9270833333333334.
2025-08-14 20:18:29,141 - INFO - Using device: cuda
2025-08-14 20:18:40,197 - INFO - --- Starting Fold 1/3 ---
2025-08-14 20:18:40,206 - INFO - Generated pairs. Train: 1128 (Positive: 48). Val: 276 (Positive: 24)
2025-08-14 20:18:40,206 - INFO - Starting training for fold 1/3
2025-08-14 20:18:50,691 - INFO - Fold 1, Epoch 10: Val Acc: 0.46%
2025-08-14 20:18:57,814 - INFO - Fold 1, Epoch 20: Val Acc: 0.42%
2025-08-14 20:19:00,824 - INFO - Fold 1, Epoch 30: Val Acc: 0.69%
2025-08-14 20:19:03,832 - INFO - Fold 1, Epoch 40: Val Acc: 0.75%
2025-08-14 20:19:06,851 - INFO - Fold 1, Epoch 50: Val Acc: 0.71%
2025-08-14 20:19:12,732 - INFO - Fold 1, Epoch 60: Val Acc: 0.85%
2025-08-14 20:19:15,855 - INFO - Fold 1, Epoch 70: Val Acc: 0.71%
2025-08-14 20:19:20,324 - INFO - Fold 1, Epoch 80: Val Acc: 0.77%
2025-08-14 20:19:23,163 - INFO - Fold 1, Epoch 90: Val Acc: 0.73%
2025-08-14 20:19:25,501 - INFO - Fold 1, Epoch 100: Val Acc: 0.77%
2025-08-14 20:19:28,328 - INFO - Fold 1, Epoch 110: Val Acc: 0.73%
2025-08-14 20:19:30,936 - INFO - Fold 1, Epoch 120: Val Acc: 0.71%
2025-08-14 20:19:33,588 - INFO - Fold 1, Epoch 130: Val Acc: 0.69%
2025-08-14 20:19:36,302 - INFO - Fold 1, Epoch 140: Val Acc: 0.77%
2025-08-14 20:19:39,286 - INFO - Fold 1, Epoch 150: Val Acc: 0.81%
2025-08-14 20:19:42,319 - INFO - Fold 1, Epoch 160: Val Acc: 0.71%
2025-08-14 20:19:45,432 - INFO - Fold 1, Epoch 170: Val Acc: 0.77%
2025-08-14 20:19:46,363 - INFO - Early stopping at epoch 173
2025-08-14 20:19:48,598 - INFO - --- Starting Fold 2/3 ---
2025-08-14 20:19:48,616 - INFO - Generated pairs. Train: 1128 (Positive: 48). Val: 276 (Positive: 24)
2025-08-14 20:19:48,616 - INFO - Starting training for fold 2/3
2025-08-14 20:19:53,968 - INFO - Fold 2, Epoch 10: Val Acc: 0.48%
2025-08-14 20:19:57,080 - INFO - Fold 2, Epoch 20: Val Acc: 0.58%
2025-08-14 20:20:00,179 - INFO - Fold 2, Epoch 30: Val Acc: 0.54%
2025-08-14 20:20:03,297 - INFO - Fold 2, Epoch 40: Val Acc: 0.69%
2025-08-14 20:20:08,230 - INFO - Fold 2, Epoch 50: Val Acc: 0.77%
2025-08-14 20:20:12,170 - INFO - Fold 2, Epoch 60: Val Acc: 0.73%
2025-08-14 20:20:14,367 - INFO - Fold 2, Epoch 70: Val Acc: 0.71%
2025-08-14 20:20:17,035 - INFO - Fold 2, Epoch 80: Val Acc: 0.69%
2025-08-14 20:20:20,037 - INFO - Fold 2, Epoch 90: Val Acc: 0.73%
2025-08-14 20:20:23,042 - INFO - Fold 2, Epoch 100: Val Acc: 0.77%
2025-08-14 20:20:27,061 - INFO - Fold 2, Epoch 110: Val Acc: 0.75%
2025-08-14 20:20:30,050 - INFO - Fold 2, Epoch 120: Val Acc: 0.69%
2025-08-14 20:20:33,102 - INFO - Fold 2, Epoch 130: Val Acc: 0.56%
2025-08-14 20:20:36,024 - INFO - Fold 2, Epoch 140: Val Acc: 0.79%
2025-08-14 20:20:39,160 - INFO - Fold 2, Epoch 150: Val Acc: 0.79%
2025-08-14 20:20:42,292 - INFO - Fold 2, Epoch 160: Val Acc: 0.90%
2025-08-14 20:20:45,400 - INFO - Fold 2, Epoch 170: Val Acc: 0.79%
2025-08-14 20:20:48,396 - INFO - Fold 2, Epoch 180: Val Acc: 0.77%
2025-08-14 20:20:51,396 - INFO - Fold 2, Epoch 190: Val Acc: 0.77%
2025-08-14 20:20:53,711 - INFO - Fold 2, Epoch 200: Val Acc: 0.77%
2025-08-14 20:20:53,935 - INFO - Early stopping at epoch 201
2025-08-14 20:20:55,940 - INFO - --- Starting Fold 3/3 ---
2025-08-14 20:20:55,958 - INFO - Generated pairs. Train: 1128 (Positive: 48). Val: 276 (Positive: 24)
2025-08-14 20:20:55,959 - INFO - Starting training for fold 3/3
2025-08-14 20:21:02,671 - INFO - Fold 3, Epoch 10: Val Acc: 0.48%
2025-08-14 20:21:07,755 - INFO - Fold 3, Epoch 20: Val Acc: 0.54%
2025-08-14 20:21:10,439 - INFO - Fold 3, Epoch 30: Val Acc: 0.65%
2025-08-14 20:21:13,506 - INFO - Fold 3, Epoch 40: Val Acc: 0.71%
2025-08-14 20:21:16,513 - INFO - Fold 3, Epoch 50: Val Acc: 0.60%
2025-08-14 20:21:20,578 - INFO - Fold 3, Epoch 60: Val Acc: 0.81%
2025-08-14 20:21:23,724 - INFO - Fold 3, Epoch 70: Val Acc: 0.75%
2025-08-14 20:21:26,724 - INFO - Fold 3, Epoch 80: Val Acc: 0.67%
2025-08-14 20:21:29,717 - INFO - Fold 3, Epoch 90: Val Acc: 0.77%
2025-08-14 20:21:32,615 - INFO - Fold 3, Epoch 100: Val Acc: 0.67%
2025-08-14 20:21:36,664 - INFO - Fold 3, Epoch 110: Val Acc: 0.71%
2025-08-14 20:21:39,393 - INFO - Fold 3, Epoch 120: Val Acc: 0.71%
2025-08-14 20:21:42,262 - INFO - Fold 3, Epoch 130: Val Acc: 0.83%
2025-08-14 20:21:45,283 - INFO - Fold 3, Epoch 140: Val Acc: 0.79%
2025-08-14 20:21:48,293 - INFO - Fold 3, Epoch 150: Val Acc: 0.75%
2025-08-14 20:21:51,040 - INFO - Fold 3, Epoch 160: Val Acc: 0.75%
2025-08-14 20:21:54,039 - INFO - Fold 3, Epoch 170: Val Acc: 0.75%
2025-08-14 20:21:57,055 - INFO - Fold 3, Epoch 180: Val Acc: 0.67%
2025-08-14 20:22:00,086 - INFO - Fold 3, Epoch 190: Val Acc: 0.75%
2025-08-14 20:22:03,085 - INFO - Fold 3, Epoch 200: Val Acc: 0.71%
2025-08-14 20:22:03,982 - INFO - Early stopping at epoch 203
2025-08-14 20:22:04,669 - INFO - Cross-validation statistics for transformer: {'train_loss': {'mean': np.float64(3.1444162262810598), 'std': np.float64(0.008941380455830558)}, 'train_accuracy': {'mean': np.float64(0.75), 'std': np.float64(0.01473139127471974)}, 'val_loss': {'mean': np.float64(3.526452991697523), 'std': np.float64(0.009614225018206425)}, 'val_accuracy': {'mean': np.float64(0.875), 'std': np.float64(0.01701034543599428)}, 'epoch': {'mean': np.float64(91.33333333333333), 'std': np.float64(13.695092389449425)}}
[I 2025-08-14 20:22:04,677] Trial 19 finished with value: -0.875 and parameters: {'learning_rate': 0.00015064643145299277, 'batch_size': 16, 'num_epochs': 1000, 'temperature': 0.21235176850774493, 'embedding_dim': 512, 'hidden_dim': 512, 'dropout': 0.39711822220109877, 'num_layers': 3, 'num_heads': 4, 'noise_enabled': True, 'shift_enabled': False, 'scale_enabled': True, 'crop_enabled': True, 'flip_enabled': False, 'permutation_enabled': False, 'noise_level': 0.16386573749212538, 'crop_size': 0.5861100191320092}. Best is trial 9 with value: -0.9270833333333334.
Actual device being used: cuda
Attempting to load data from: /vol/ecrg-solar/woodj4/fishy-business/data/REIMS.xlsx
Trial 19 finished with value: -0.875 and parameters: {'learning_rate': 0.00015064643145299277, 'batch_size': 16, 'num_epochs': 1000, 'temperature': 0.21235176850774493, 'embedding_dim': 512, 'hidden_dim': 512, 'dropout': 0.39711822220109877, 'num_layers': 3, 'num_heads': 4, 'noise_enabled': True, 'shift_enabled': False, 'scale_enabled': True, 'crop_enabled': True, 'flip_enabled': False, 'permutation_enabled': False, 'noise_level': 0.16386573749212538, 'crop_size': 0.5861100191320092}. Best is trial 9 with value: -0.9270833333333334.
2025-08-14 20:22:04,704 - INFO - Using device: cuda
2025-08-14 20:22:14,662 - INFO - --- Starting Fold 1/3 ---
2025-08-14 20:22:14,664 - INFO - Generated pairs. Train: 1128 (Positive: 48). Val: 276 (Positive: 24)
2025-08-14 20:22:14,664 - INFO - Starting training for fold 1/3
/usr/pkg/lib/python3.12/site-packages/torch/optim/lr_scheduler.py:227: UserWarning: Detected call of `lr_scheduler.step()` before `optimizer.step()`. In PyTorch 1.1.0 and later, you should call them in the opposite order: `optimizer.step()` before `lr_scheduler.step()`.  Failure to do this will result in PyTorch skipping the first value of the learning rate schedule. See more details at https://pytorch.org/docs/stable/optim.html#how-to-adjust-learning-rate
  warnings.warn(
2025-08-14 20:22:22,214 - INFO - Fold 1, Epoch 10: Val Acc: 0.47%
2025-08-14 20:22:26,259 - INFO - Fold 1, Epoch 20: Val Acc: 0.56%
2025-08-14 20:22:28,322 - INFO - Fold 1, Epoch 30: Val Acc: 0.56%
2025-08-14 20:22:30,378 - INFO - Fold 1, Epoch 40: Val Acc: 0.56%
2025-08-14 20:22:34,190 - INFO - Fold 1, Epoch 50: Val Acc: 0.56%
2025-08-14 20:22:36,249 - INFO - Fold 1, Epoch 60: Val Acc: 0.69%
2025-08-14 20:22:38,300 - INFO - Fold 1, Epoch 70: Val Acc: 0.53%
2025-08-14 20:22:42,309 - INFO - Fold 1, Epoch 80: Val Acc: 0.62%
2025-08-14 20:22:44,292 - INFO - Fold 1, Epoch 90: Val Acc: 0.62%
2025-08-14 20:22:46,354 - INFO - Fold 1, Epoch 100: Val Acc: 0.66%
2025-08-14 20:22:48,420 - INFO - Fold 1, Epoch 110: Val Acc: 0.69%
2025-08-14 20:22:50,473 - INFO - Fold 1, Epoch 120: Val Acc: 0.72%
2025-08-14 20:22:52,531 - INFO - Fold 1, Epoch 130: Val Acc: 0.69%
2025-08-14 20:22:54,585 - INFO - Fold 1, Epoch 140: Val Acc: 0.69%
2025-08-14 20:22:58,447 - INFO - Fold 1, Epoch 150: Val Acc: 0.62%
2025-08-14 20:23:00,237 - INFO - Fold 1, Epoch 160: Val Acc: 0.69%
2025-08-14 20:23:02,157 - INFO - Fold 1, Epoch 170: Val Acc: 0.81%
2025-08-14 20:23:04,209 - INFO - Fold 1, Epoch 180: Val Acc: 0.66%
2025-08-14 20:23:06,259 - INFO - Fold 1, Epoch 190: Val Acc: 0.66%
2025-08-14 20:23:08,325 - INFO - Fold 1, Epoch 200: Val Acc: 0.72%
2025-08-14 20:23:10,386 - INFO - Fold 1, Epoch 210: Val Acc: 0.53%
2025-08-14 20:23:12,445 - INFO - Fold 1, Epoch 220: Val Acc: 0.81%
2025-08-14 20:23:14,499 - INFO - Fold 1, Epoch 230: Val Acc: 0.69%
2025-08-14 20:23:16,547 - INFO - Fold 1, Epoch 240: Val Acc: 0.69%
2025-08-14 20:23:17,168 - INFO - Early stopping at epoch 243
2025-08-14 20:23:20,021 - INFO - --- Starting Fold 2/3 ---
2025-08-14 20:23:20,036 - INFO - Generated pairs. Train: 1128 (Positive: 48). Val: 276 (Positive: 24)
2025-08-14 20:23:20,036 - INFO - Starting training for fold 2/3
/usr/pkg/lib/python3.12/site-packages/torch/optim/lr_scheduler.py:227: UserWarning: Detected call of `lr_scheduler.step()` before `optimizer.step()`. In PyTorch 1.1.0 and later, you should call them in the opposite order: `optimizer.step()` before `lr_scheduler.step()`.  Failure to do this will result in PyTorch skipping the first value of the learning rate schedule. See more details at https://pytorch.org/docs/stable/optim.html#how-to-adjust-learning-rate
  warnings.warn(
2025-08-14 20:23:29,189 - INFO - Fold 2, Epoch 10: Val Acc: 0.56%
2025-08-14 20:23:32,459 - INFO - Fold 2, Epoch 20: Val Acc: 0.59%
2025-08-14 20:23:35,673 - INFO - Fold 2, Epoch 30: Val Acc: 0.59%
2025-08-14 20:23:38,866 - INFO - Fold 2, Epoch 40: Val Acc: 0.69%
2025-08-14 20:23:40,914 - INFO - Fold 2, Epoch 50: Val Acc: 0.69%
2025-08-14 20:23:42,953 - INFO - Fold 2, Epoch 60: Val Acc: 0.62%
2025-08-14 20:23:44,996 - INFO - Fold 2, Epoch 70: Val Acc: 0.78%
2025-08-14 20:23:47,040 - INFO - Fold 2, Epoch 80: Val Acc: 0.72%
2025-08-14 20:23:49,094 - INFO - Fold 2, Epoch 90: Val Acc: 0.75%
2025-08-14 20:23:51,150 - INFO - Fold 2, Epoch 100: Val Acc: 0.75%
2025-08-14 20:23:53,203 - INFO - Fold 2, Epoch 110: Val Acc: 0.72%
2025-08-14 20:23:55,239 - INFO - Fold 2, Epoch 120: Val Acc: 0.59%
2025-08-14 20:23:57,286 - INFO - Fold 2, Epoch 130: Val Acc: 0.62%
2025-08-14 20:23:58,513 - INFO - Early stopping at epoch 136
2025-08-14 20:24:01,219 - INFO - --- Starting Fold 3/3 ---
2025-08-14 20:24:01,222 - INFO - Generated pairs. Train: 1128 (Positive: 48). Val: 276 (Positive: 24)
2025-08-14 20:24:01,222 - INFO - Starting training for fold 3/3
/usr/pkg/lib/python3.12/site-packages/torch/optim/lr_scheduler.py:227: UserWarning: Detected call of `lr_scheduler.step()` before `optimizer.step()`. In PyTorch 1.1.0 and later, you should call them in the opposite order: `optimizer.step()` before `lr_scheduler.step()`.  Failure to do this will result in PyTorch skipping the first value of the learning rate schedule. See more details at https://pytorch.org/docs/stable/optim.html#how-to-adjust-learning-rate
  warnings.warn(
2025-08-14 20:24:05,839 - INFO - Fold 3, Epoch 10: Val Acc: 0.50%
2025-08-14 20:24:09,079 - INFO - Fold 3, Epoch 20: Val Acc: 0.47%
2025-08-14 20:24:12,077 - INFO - Fold 3, Epoch 30: Val Acc: 0.56%
2025-08-14 20:24:14,121 - INFO - Fold 3, Epoch 40: Val Acc: 0.62%
2025-08-14 20:24:18,469 - INFO - Fold 3, Epoch 50: Val Acc: 0.72%
2025-08-14 20:24:20,500 - INFO - Fold 3, Epoch 60: Val Acc: 0.66%
2025-08-14 20:24:22,522 - INFO - Fold 3, Epoch 70: Val Acc: 0.78%
2025-08-14 20:24:24,246 - INFO - Fold 3, Epoch 80: Val Acc: 0.66%
2025-08-14 20:24:26,206 - INFO - Fold 3, Epoch 90: Val Acc: 0.75%
2025-08-14 20:24:28,234 - INFO - Fold 3, Epoch 100: Val Acc: 0.72%
2025-08-14 20:24:30,286 - INFO - Fold 3, Epoch 110: Val Acc: 0.59%
2025-08-14 20:24:33,613 - INFO - Fold 3, Epoch 120: Val Acc: 0.66%
2025-08-14 20:24:35,669 - INFO - Fold 3, Epoch 130: Val Acc: 0.62%
2025-08-14 20:24:37,727 - INFO - Fold 3, Epoch 140: Val Acc: 0.66%
2025-08-14 20:24:39,789 - INFO - Fold 3, Epoch 150: Val Acc: 0.84%
2025-08-14 20:24:41,856 - INFO - Fold 3, Epoch 160: Val Acc: 0.81%
2025-08-14 20:24:43,912 - INFO - Fold 3, Epoch 170: Val Acc: 0.78%
2025-08-14 20:24:45,783 - INFO - Fold 3, Epoch 180: Val Acc: 0.78%
2025-08-14 20:24:47,580 - INFO - Fold 3, Epoch 190: Val Acc: 0.66%
2025-08-14 20:24:49,542 - INFO - Fold 3, Epoch 200: Val Acc: 0.66%
2025-08-14 20:24:51,579 - INFO - Fold 3, Epoch 210: Val Acc: 0.62%
2025-08-14 20:24:52,397 - INFO - Early stopping at epoch 214
2025-08-14 20:24:53,280 - INFO - Cross-validation statistics for transformer: {'train_loss': {'mean': np.float64(4.0732035636901855), 'std': np.float64(0.23421708583366607)}, 'train_accuracy': {'mean': np.float64(0.7465277777777777), 'std': np.float64(0.0597383699100183)}, 'val_loss': {'mean': np.float64(4.538129806518555), 'std': np.float64(0.047938560144346866)}, 'val_accuracy': {'mean': np.float64(0.9166666666666666), 'std': np.float64(0.02946278254943948)}, 'epoch': {'mean': np.float64(96.66666666666667), 'std': np.float64(45.18357617050199)}}
[I 2025-08-14 20:24:53,289] Trial 20 finished with value: -0.9166666666666666 and parameters: {'learning_rate': 0.0005291319140340516, 'batch_size': 32, 'num_epochs': 843, 'temperature': 0.10022138225048215, 'embedding_dim': 128, 'hidden_dim': 256, 'dropout': 0.31993271959326175, 'num_layers': 4, 'num_heads': 8, 'noise_enabled': True, 'shift_enabled': False, 'scale_enabled': True, 'crop_enabled': True, 'flip_enabled': False, 'permutation_enabled': False, 'noise_level': 0.19776714085468816, 'crop_size': 0.5511637379978878}. Best is trial 9 with value: -0.9270833333333334.
Actual device being used: cuda
Attempting to load data from: /vol/ecrg-solar/woodj4/fishy-business/data/REIMS.xlsx
