Trial 115 finished with value: -0.8958333333333334 and parameters: {'learning_rate': 0.0007299936041013703, 'batch_size': 32, 'num_epochs': 937, 'temperature': 0.46858250245215705, 'embedding_dim': 128, 'hidden_dim': 256, 'dropout': 0.48237914302458496, 'num_layers': 5, 'num_heads': 8, 'noise_enabled': True, 'shift_enabled': False, 'scale_enabled': True, 'crop_enabled': True, 'flip_enabled': False, 'permutation_enabled': False, 'noise_level': 0.18014148182655865, 'crop_size': 0.5205235719375194}. Best is trial 92 with value: -0.9479166666666666.
2025-08-15 00:37:44,824 - INFO - Using device: cuda
2025-08-15 00:37:54,511 - INFO - --- Starting Fold 1/3 ---
2025-08-15 00:37:54,515 - INFO - Generated pairs. Train: 1128 (Positive: 48). Val: 276 (Positive: 24)
2025-08-15 00:37:54,516 - INFO - Starting training for fold 1/3
2025-08-15 00:38:03,250 - INFO - Fold 1, Epoch 10: Val Acc: 0.44%
2025-08-15 00:38:09,381 - INFO - Fold 1, Epoch 20: Val Acc: 0.75%
2025-08-15 00:38:11,101 - INFO - Fold 1, Epoch 30: Val Acc: 0.50%
2025-08-15 00:38:12,971 - INFO - Fold 1, Epoch 40: Val Acc: 0.66%
2025-08-15 00:38:14,774 - INFO - Fold 1, Epoch 50: Val Acc: 0.53%
2025-08-15 00:38:16,603 - INFO - Fold 1, Epoch 60: Val Acc: 0.59%
2025-08-15 00:38:18,352 - INFO - Fold 1, Epoch 70: Val Acc: 0.53%
2025-08-15 00:38:20,106 - INFO - Fold 1, Epoch 80: Val Acc: 0.50%
2025-08-15 00:38:21,973 - INFO - Fold 1, Epoch 90: Val Acc: 0.44%
2025-08-15 00:38:23,800 - INFO - Fold 1, Epoch 100: Val Acc: 0.41%
2025-08-15 00:38:25,826 - INFO - Fold 1, Epoch 110: Val Acc: 0.62%
2025-08-15 00:38:27,881 - INFO - Early stopping at epoch 120
2025-08-15 00:38:31,419 - INFO - --- Starting Fold 2/3 ---
2025-08-15 00:38:31,421 - INFO - Generated pairs. Train: 1128 (Positive: 48). Val: 276 (Positive: 24)
2025-08-15 00:38:31,422 - INFO - Starting training for fold 2/3
2025-08-15 00:38:37,944 - INFO - Fold 2, Epoch 10: Val Acc: 0.66%
2025-08-15 00:38:40,058 - INFO - Fold 2, Epoch 20: Val Acc: 0.38%
2025-08-15 00:38:42,173 - INFO - Fold 2, Epoch 30: Val Acc: 0.53%
2025-08-15 00:38:44,290 - INFO - Fold 2, Epoch 40: Val Acc: 0.50%
2025-08-15 00:38:47,803 - INFO - Fold 2, Epoch 50: Val Acc: 0.72%
2025-08-15 00:38:49,996 - INFO - Fold 2, Epoch 60: Val Acc: 0.53%
2025-08-15 00:38:52,111 - INFO - Fold 2, Epoch 70: Val Acc: 0.53%
2025-08-15 00:38:54,214 - INFO - Fold 2, Epoch 80: Val Acc: 0.53%
2025-08-15 00:38:56,095 - INFO - Fold 2, Epoch 90: Val Acc: 0.50%
2025-08-15 00:38:58,161 - INFO - Fold 2, Epoch 100: Val Acc: 0.59%
2025-08-15 00:39:00,279 - INFO - Fold 2, Epoch 110: Val Acc: 0.62%
2025-08-15 00:39:02,387 - INFO - Fold 2, Epoch 120: Val Acc: 0.59%
2025-08-15 00:39:04,490 - INFO - Fold 2, Epoch 130: Val Acc: 0.53%
2025-08-15 00:39:08,031 - INFO - Fold 2, Epoch 140: Val Acc: 0.62%
2025-08-15 00:39:10,143 - INFO - Fold 2, Epoch 150: Val Acc: 0.53%
2025-08-15 00:39:12,253 - INFO - Fold 2, Epoch 160: Val Acc: 0.66%
2025-08-15 00:39:14,045 - INFO - Fold 2, Epoch 170: Val Acc: 0.50%
2025-08-15 00:39:15,867 - INFO - Fold 2, Epoch 180: Val Acc: 0.47%
2025-08-15 00:39:17,725 - INFO - Fold 2, Epoch 190: Val Acc: 0.81%
2025-08-15 00:39:19,326 - INFO - Fold 2, Epoch 200: Val Acc: 0.53%
2025-08-15 00:39:21,120 - INFO - Fold 2, Epoch 210: Val Acc: 0.72%
2025-08-15 00:39:23,241 - INFO - Fold 2, Epoch 220: Val Acc: 0.56%
2025-08-15 00:39:25,368 - INFO - Fold 2, Epoch 230: Val Acc: 0.59%
2025-08-15 00:39:25,579 - INFO - Early stopping at epoch 231
2025-08-15 00:39:28,641 - INFO - --- Starting Fold 3/3 ---
2025-08-15 00:39:28,645 - INFO - Generated pairs. Train: 1128 (Positive: 48). Val: 276 (Positive: 24)
2025-08-15 00:39:28,646 - INFO - Starting training for fold 3/3
2025-08-15 00:39:36,609 - INFO - Fold 3, Epoch 10: Val Acc: 0.56%
2025-08-15 00:39:41,563 - INFO - Fold 3, Epoch 20: Val Acc: 0.56%
2025-08-15 00:39:45,013 - INFO - Fold 3, Epoch 30: Val Acc: 0.62%
2025-08-15 00:39:48,302 - INFO - Fold 3, Epoch 40: Val Acc: 0.38%
2025-08-15 00:39:50,368 - INFO - Fold 3, Epoch 50: Val Acc: 0.50%
2025-08-15 00:39:53,823 - INFO - Fold 3, Epoch 60: Val Acc: 0.81%
2025-08-15 00:39:55,964 - INFO - Fold 3, Epoch 70: Val Acc: 0.53%
2025-08-15 00:39:58,080 - INFO - Fold 3, Epoch 80: Val Acc: 0.53%
2025-08-15 00:40:00,203 - INFO - Fold 3, Epoch 90: Val Acc: 0.47%
2025-08-15 00:40:02,328 - INFO - Fold 3, Epoch 100: Val Acc: 0.62%
2025-08-15 00:40:04,437 - INFO - Fold 3, Epoch 110: Val Acc: 0.62%
2025-08-15 00:40:06,552 - INFO - Fold 3, Epoch 120: Val Acc: 0.59%
2025-08-15 00:40:08,667 - INFO - Fold 3, Epoch 130: Val Acc: 0.53%
2025-08-15 00:40:10,783 - INFO - Fold 3, Epoch 140: Val Acc: 0.56%
2025-08-15 00:40:12,902 - INFO - Fold 3, Epoch 150: Val Acc: 0.62%
2025-08-15 00:40:14,721 - INFO - Early stopping at epoch 160
2025-08-15 00:40:15,790 - INFO - Cross-validation statistics for transformer: {'train_loss': {'mean': np.float64(4.1943948533799915), 'std': np.float64(0.0358121363015275)}, 'train_accuracy': {'mean': np.float64(0.5972222222222222), 'std': np.float64(0.009820927516479843)}, 'val_loss': {'mean': np.float64(4.2441450754801435), 'std': np.float64(0.1006844299978486)}, 'val_accuracy': {'mean': np.float64(0.7916666666666666), 'std': np.float64(0.02946278254943948)}, 'epoch': {'mean': np.float64(69.33333333333333), 'std': np.float64(45.900859348043674)}}
[I 2025-08-15 00:40:15,796] Trial 116 finished with value: -0.7916666666666666 and parameters: {'learning_rate': 2.0802661081730697e-05, 'batch_size': 32, 'num_epochs': 955, 'temperature': 0.3597963405882436, 'embedding_dim': 128, 'hidden_dim': 256, 'dropout': 0.44156724914075796, 'num_layers': 5, 'num_heads': 8, 'noise_enabled': False, 'shift_enabled': False, 'scale_enabled': True, 'crop_enabled': True, 'flip_enabled': False, 'permutation_enabled': False, 'crop_size': 0.5005508701647717}. Best is trial 92 with value: -0.9479166666666666.
Actual device being used: cuda
Attempting to load data from: /vol/ecrg-solar/woodj4/fishy-business/data/REIMS.xlsx
Trial 116 finished with value: -0.7916666666666666 and parameters: {'learning_rate': 2.0802661081730697e-05, 'batch_size': 32, 'num_epochs': 955, 'temperature': 0.3597963405882436, 'embedding_dim': 128, 'hidden_dim': 256, 'dropout': 0.44156724914075796, 'num_layers': 5, 'num_heads': 8, 'noise_enabled': False, 'shift_enabled': False, 'scale_enabled': True, 'crop_enabled': True, 'flip_enabled': False, 'permutation_enabled': False, 'crop_size': 0.5005508701647717}. Best is trial 92 with value: -0.9479166666666666.
2025-08-15 00:40:15,834 - INFO - Using device: cuda
2025-08-15 00:40:25,721 - INFO - --- Starting Fold 1/3 ---
2025-08-15 00:40:25,723 - INFO - Generated pairs. Train: 1128 (Positive: 48). Val: 276 (Positive: 24)
2025-08-15 00:40:25,723 - INFO - Starting training for fold 1/3
2025-08-15 00:40:41,233 - INFO - Fold 1, Epoch 10: Val Acc: 0.59%
2025-08-15 00:40:50,239 - INFO - Fold 1, Epoch 20: Val Acc: 0.59%
2025-08-15 00:40:52,461 - INFO - Fold 1, Epoch 30: Val Acc: 0.72%
2025-08-15 00:40:54,780 - INFO - Fold 1, Epoch 40: Val Acc: 0.66%
2025-08-15 00:40:59,112 - INFO - Fold 1, Epoch 50: Val Acc: 0.66%
2025-08-15 00:41:03,535 - INFO - Fold 1, Epoch 60: Val Acc: 0.72%
2025-08-15 00:41:08,551 - INFO - Fold 1, Epoch 70: Val Acc: 0.84%
2025-08-15 00:41:10,713 - INFO - Fold 1, Epoch 80: Val Acc: 0.72%
2025-08-15 00:41:12,626 - INFO - Fold 1, Epoch 90: Val Acc: 0.88%
2025-08-15 00:41:14,852 - INFO - Fold 1, Epoch 100: Val Acc: 0.66%
2025-08-15 00:41:17,076 - INFO - Fold 1, Epoch 110: Val Acc: 0.56%
2025-08-15 00:41:19,302 - INFO - Fold 1, Epoch 120: Val Acc: 0.66%
2025-08-15 00:41:21,519 - INFO - Fold 1, Epoch 130: Val Acc: 0.69%
2025-08-15 00:41:23,743 - INFO - Fold 1, Epoch 140: Val Acc: 0.72%
2025-08-15 00:41:25,963 - INFO - Fold 1, Epoch 150: Val Acc: 0.75%
2025-08-15 00:41:28,178 - INFO - Fold 1, Epoch 160: Val Acc: 0.62%
2025-08-15 00:41:30,171 - INFO - Early stopping at epoch 169
2025-08-15 00:41:33,876 - INFO - --- Starting Fold 2/3 ---
2025-08-15 00:41:33,878 - INFO - Generated pairs. Train: 1128 (Positive: 48). Val: 276 (Positive: 24)
2025-08-15 00:41:33,879 - INFO - Starting training for fold 2/3
2025-08-15 00:41:40,076 - INFO - Fold 2, Epoch 10: Val Acc: 0.62%
2025-08-15 00:41:45,024 - INFO - Fold 2, Epoch 20: Val Acc: 0.72%
2025-08-15 00:41:48,701 - INFO - Fold 2, Epoch 30: Val Acc: 0.78%
2025-08-15 00:41:51,000 - INFO - Fold 2, Epoch 40: Val Acc: 0.47%
2025-08-15 00:41:53,308 - INFO - Fold 2, Epoch 50: Val Acc: 0.66%
2025-08-15 00:41:55,594 - INFO - Fold 2, Epoch 60: Val Acc: 0.84%
2025-08-15 00:41:59,298 - INFO - Fold 2, Epoch 70: Val Acc: 0.69%
2025-08-15 00:42:01,531 - INFO - Fold 2, Epoch 80: Val Acc: 0.69%
2025-08-15 00:42:05,098 - INFO - Fold 2, Epoch 90: Val Acc: 0.88%
2025-08-15 00:42:07,369 - INFO - Fold 2, Epoch 100: Val Acc: 0.78%
2025-08-15 00:42:09,684 - INFO - Fold 2, Epoch 110: Val Acc: 0.69%
2025-08-15 00:42:11,992 - INFO - Fold 2, Epoch 120: Val Acc: 0.78%
2025-08-15 00:42:14,298 - INFO - Fold 2, Epoch 130: Val Acc: 0.75%
2025-08-15 00:42:16,500 - INFO - Fold 2, Epoch 140: Val Acc: 0.72%
2025-08-15 00:42:18,675 - INFO - Fold 2, Epoch 150: Val Acc: 0.75%
2025-08-15 00:42:20,878 - INFO - Fold 2, Epoch 160: Val Acc: 0.78%
2025-08-15 00:42:23,004 - INFO - Fold 2, Epoch 170: Val Acc: 0.94%
2025-08-15 00:42:25,228 - INFO - Fold 2, Epoch 180: Val Acc: 0.78%
2025-08-15 00:42:26,105 - INFO - Early stopping at epoch 184
2025-08-15 00:42:29,124 - INFO - --- Starting Fold 3/3 ---
2025-08-15 00:42:29,127 - INFO - Generated pairs. Train: 1128 (Positive: 48). Val: 276 (Positive: 24)
2025-08-15 00:42:29,127 - INFO - Starting training for fold 3/3
2025-08-15 00:42:35,707 - INFO - Fold 3, Epoch 10: Val Acc: 0.50%
2025-08-15 00:42:39,464 - INFO - Fold 3, Epoch 20: Val Acc: 0.59%
2025-08-15 00:42:44,631 - INFO - Fold 3, Epoch 30: Val Acc: 0.66%
2025-08-15 00:42:48,176 - INFO - Fold 3, Epoch 40: Val Acc: 0.75%
2025-08-15 00:42:50,226 - INFO - Fold 3, Epoch 50: Val Acc: 0.50%
2025-08-15 00:42:54,083 - INFO - Fold 3, Epoch 60: Val Acc: 0.66%
2025-08-15 00:42:56,381 - INFO - Fold 3, Epoch 70: Val Acc: 0.72%
2025-08-15 00:42:58,687 - INFO - Fold 3, Epoch 80: Val Acc: 0.75%
2025-08-15 00:43:00,926 - INFO - Fold 3, Epoch 90: Val Acc: 0.75%
2025-08-15 00:43:04,531 - INFO - Fold 3, Epoch 100: Val Acc: 0.81%
2025-08-15 00:43:08,161 - INFO - Fold 3, Epoch 110: Val Acc: 0.72%
2025-08-15 00:43:10,412 - INFO - Fold 3, Epoch 120: Val Acc: 0.72%
2025-08-15 00:43:12,389 - INFO - Fold 3, Epoch 130: Val Acc: 0.66%
2025-08-15 00:43:14,232 - INFO - Fold 3, Epoch 140: Val Acc: 0.72%
2025-08-15 00:43:16,451 - INFO - Fold 3, Epoch 150: Val Acc: 0.72%
2025-08-15 00:43:18,669 - INFO - Fold 3, Epoch 160: Val Acc: 0.66%
2025-08-15 00:43:20,889 - INFO - Fold 3, Epoch 170: Val Acc: 0.69%
2025-08-15 00:43:23,109 - INFO - Fold 3, Epoch 180: Val Acc: 0.72%
2025-08-15 00:43:25,335 - INFO - Fold 3, Epoch 190: Val Acc: 0.69%
2025-08-15 00:43:27,563 - INFO - Fold 3, Epoch 200: Val Acc: 0.62%
2025-08-15 00:43:29,562 - INFO - Early stopping at epoch 209
2025-08-15 00:43:30,663 - INFO - Cross-validation statistics for transformer: {'train_loss': {'mean': np.float64(3.9203531477186417), 'std': np.float64(0.009781750081052898)}, 'train_accuracy': {'mean': np.float64(0.8020833333333334), 'std': np.float64(0.05892556509887896)}, 'val_loss': {'mean': np.float64(4.222835540771484), 'std': np.float64(0.05431209506048671)}, 'val_accuracy': {'mean': np.float64(0.9166666666666666), 'std': np.float64(0.01473139127471974)}, 'epoch': {'mean': np.float64(86.33333333333333), 'std': np.float64(16.49915822768611)}}
[I 2025-08-15 00:43:30,669] Trial 117 finished with value: -0.9166666666666666 and parameters: {'learning_rate': 0.000630028677236892, 'batch_size': 32, 'num_epochs': 1000, 'temperature': 0.27109635289746087, 'embedding_dim': 128, 'hidden_dim': 256, 'dropout': 0.47205125240618345, 'num_layers': 5, 'num_heads': 8, 'noise_enabled': True, 'shift_enabled': False, 'scale_enabled': True, 'crop_enabled': True, 'flip_enabled': False, 'permutation_enabled': False, 'noise_level': 0.18812535875567946, 'crop_size': 0.5509700380922102}. Best is trial 92 with value: -0.9479166666666666.
Actual device being used: cuda
Attempting to load data from: /vol/ecrg-solar/woodj4/fishy-business/data/REIMS.xlsx
Trial 117 finished with value: -0.9166666666666666 and parameters: {'learning_rate': 0.000630028677236892, 'batch_size': 32, 'num_epochs': 1000, 'temperature': 0.27109635289746087, 'embedding_dim': 128, 'hidden_dim': 256, 'dropout': 0.47205125240618345, 'num_layers': 5, 'num_heads': 8, 'noise_enabled': True, 'shift_enabled': False, 'scale_enabled': True, 'crop_enabled': True, 'flip_enabled': False, 'permutation_enabled': False, 'noise_level': 0.18812535875567946, 'crop_size': 0.5509700380922102}. Best is trial 92 with value: -0.9479166666666666.
2025-08-15 00:43:30,704 - INFO - Using device: cuda
2025-08-15 00:43:40,446 - INFO - --- Starting Fold 1/3 ---
2025-08-15 00:43:40,450 - INFO - Generated pairs. Train: 1128 (Positive: 48). Val: 276 (Positive: 24)
2025-08-15 00:43:40,450 - INFO - Starting training for fold 1/3
2025-08-15 00:43:49,529 - INFO - Fold 1, Epoch 10: Val Acc: 0.56%
2025-08-15 00:43:51,607 - INFO - Fold 1, Epoch 20: Val Acc: 0.53%
2025-08-15 00:43:55,914 - INFO - Fold 1, Epoch 30: Val Acc: 0.44%
2025-08-15 00:43:58,185 - INFO - Fold 1, Epoch 40: Val Acc: 0.50%
2025-08-15 00:44:00,452 - INFO - Fold 1, Epoch 50: Val Acc: 0.59%
2025-08-15 00:44:02,719 - INFO - Fold 1, Epoch 60: Val Acc: 0.44%
2025-08-15 00:44:04,991 - INFO - Fold 1, Epoch 70: Val Acc: 0.38%
2025-08-15 00:44:07,269 - INFO - Fold 1, Epoch 80: Val Acc: 0.50%
2025-08-15 00:44:09,546 - INFO - Fold 1, Epoch 90: Val Acc: 0.47%
2025-08-15 00:44:11,821 - INFO - Fold 1, Epoch 100: Val Acc: 0.47%
2025-08-15 00:44:16,523 - INFO - Fold 1, Epoch 110: Val Acc: 0.44%
2025-08-15 00:44:18,791 - INFO - Fold 1, Epoch 120: Val Acc: 0.47%
2025-08-15 00:44:21,102 - INFO - Fold 1, Epoch 130: Val Acc: 0.44%
2025-08-15 00:44:23,443 - INFO - Fold 1, Epoch 140: Val Acc: 0.41%
2025-08-15 00:44:25,433 - INFO - Fold 1, Epoch 150: Val Acc: 0.47%
2025-08-15 00:44:27,562 - INFO - Fold 1, Epoch 160: Val Acc: 0.41%
2025-08-15 00:44:29,834 - INFO - Fold 1, Epoch 170: Val Acc: 0.47%
2025-08-15 00:44:32,103 - INFO - Fold 1, Epoch 180: Val Acc: 0.50%
2025-08-15 00:44:34,374 - INFO - Fold 1, Epoch 190: Val Acc: 0.44%
2025-08-15 00:44:36,342 - INFO - Fold 1, Epoch 200: Val Acc: 0.50%
2025-08-15 00:44:36,532 - INFO - Early stopping at epoch 201
2025-08-15 00:44:40,032 - INFO - --- Starting Fold 2/3 ---
2025-08-15 00:44:40,035 - INFO - Generated pairs. Train: 1128 (Positive: 48). Val: 276 (Positive: 24)
2025-08-15 00:44:40,035 - INFO - Starting training for fold 2/3
2025-08-15 00:44:46,523 - INFO - Fold 2, Epoch 10: Val Acc: 0.47%
2025-08-15 00:44:48,569 - INFO - Fold 2, Epoch 20: Val Acc: 0.56%
2025-08-15 00:44:52,203 - INFO - Fold 2, Epoch 30: Val Acc: 0.50%
2025-08-15 00:44:54,461 - INFO - Fold 2, Epoch 40: Val Acc: 0.47%
2025-08-15 00:44:56,709 - INFO - Fold 2, Epoch 50: Val Acc: 0.47%
2025-08-15 00:44:58,966 - INFO - Fold 2, Epoch 60: Val Acc: 0.53%
2025-08-15 00:45:01,191 - INFO - Fold 2, Epoch 70: Val Acc: 0.59%
2025-08-15 00:45:03,424 - INFO - Fold 2, Epoch 80: Val Acc: 0.38%
2025-08-15 00:45:05,669 - INFO - Fold 2, Epoch 90: Val Acc: 0.56%
2025-08-15 00:45:07,947 - INFO - Fold 2, Epoch 100: Val Acc: 0.59%
2025-08-15 00:45:09,980 - INFO - Fold 2, Epoch 110: Val Acc: 0.47%
2025-08-15 00:45:12,230 - INFO - Fold 2, Epoch 120: Val Acc: 0.50%
2025-08-15 00:45:13,993 - INFO - Early stopping at epoch 129
2025-08-15 00:45:15,067 - INFO - --- Starting Fold 3/3 ---
2025-08-15 00:45:15,068 - INFO - Generated pairs. Train: 1128 (Positive: 48). Val: 276 (Positive: 24)
2025-08-15 00:45:15,069 - INFO - Starting training for fold 3/3
2025-08-15 00:45:20,318 - INFO - Fold 3, Epoch 10: Val Acc: 0.53%
2025-08-15 00:45:23,937 - INFO - Fold 3, Epoch 20: Val Acc: 0.56%
2025-08-15 00:45:29,024 - INFO - Fold 3, Epoch 30: Val Acc: 0.53%
2025-08-15 00:45:32,859 - INFO - Fold 3, Epoch 40: Val Acc: 0.56%
2025-08-15 00:45:34,833 - INFO - Fold 3, Epoch 50: Val Acc: 0.47%
2025-08-15 00:45:36,582 - INFO - Fold 3, Epoch 60: Val Acc: 0.59%
2025-08-15 00:45:39,746 - INFO - Fold 3, Epoch 70: Val Acc: 0.69%
2025-08-15 00:45:41,595 - INFO - Fold 3, Epoch 80: Val Acc: 0.53%
2025-08-15 00:45:43,350 - INFO - Fold 3, Epoch 90: Val Acc: 0.53%
2025-08-15 00:45:45,233 - INFO - Fold 3, Epoch 100: Val Acc: 0.56%
2025-08-15 00:45:47,593 - INFO - Fold 3, Epoch 110: Val Acc: 0.47%
2025-08-15 00:45:49,726 - INFO - Fold 3, Epoch 120: Val Acc: 0.53%
2025-08-15 00:45:52,010 - INFO - Fold 3, Epoch 130: Val Acc: 0.47%
2025-08-15 00:45:54,289 - INFO - Fold 3, Epoch 140: Val Acc: 0.50%
2025-08-15 00:45:56,567 - INFO - Fold 3, Epoch 150: Val Acc: 0.62%
2025-08-15 00:45:58,845 - INFO - Fold 3, Epoch 160: Val Acc: 0.47%
2025-08-15 00:46:01,110 - INFO - Early stopping at epoch 170
2025-08-15 00:46:02,182 - INFO - Cross-validation statistics for transformer: {'train_loss': {'mean': np.float64(4.142159197065566), 'std': np.float64(0.012626039238423755)}, 'train_accuracy': {'mean': np.float64(0.5555555555555556), 'std': np.float64(0.025983731852596812)}, 'val_loss': {'mean': np.float64(4.13437541325887), 'std': np.float64(0.027601492675739144)}, 'val_accuracy': {'mean': np.float64(0.6666666666666666), 'std': np.float64(0.02946278254943948)}, 'epoch': {'mean': np.float64(65.66666666666667), 'std': np.float64(29.48822740612863)}}
[I 2025-08-15 00:46:02,189] Trial 118 finished with value: -0.6666666666666666 and parameters: {'learning_rate': 0.0005462445258032414, 'batch_size': 32, 'num_epochs': 965, 'temperature': 0.4087585948974623, 'embedding_dim': 256, 'hidden_dim': 256, 'dropout': 0.49997829745728267, 'num_layers': 5, 'num_heads': 2, 'noise_enabled': True, 'shift_enabled': False, 'scale_enabled': True, 'crop_enabled': False, 'flip_enabled': False, 'permutation_enabled': True, 'noise_level': 0.1025022996405689}. Best is trial 92 with value: -0.9479166666666666.
Actual device being used: cuda
Attempting to load data from: /vol/ecrg-solar/woodj4/fishy-business/data/REIMS.xlsx
