Trial 152 finished with value: -0.8854166666666666 and parameters: {'learning_rate': 0.00034069187030775784, 'batch_size': 32, 'num_epochs': 941, 'temperature': 0.38173121826307993, 'embedding_dim': 256, 'hidden_dim': 256, 'dropout': 0.17440470699852603, 'num_layers': 5, 'num_heads': 2, 'noise_enabled': True, 'shift_enabled': False, 'scale_enabled': True, 'crop_enabled': True, 'flip_enabled': False, 'permutation_enabled': False, 'noise_level': 0.09577264365049817, 'crop_size': 0.5470000298939772}. Best is trial 92 with value: -0.9479166666666666.
2025-08-15 02:23:29,317 - INFO - Using device: cuda
2025-08-15 02:23:39,345 - INFO - --- Starting Fold 1/3 ---
2025-08-15 02:23:39,347 - INFO - Generated pairs. Train: 1128 (Positive: 48). Val: 276 (Positive: 24)
2025-08-15 02:23:39,347 - INFO - Starting training for fold 1/3
2025-08-15 02:23:48,294 - INFO - Fold 1, Epoch 10: Val Acc: 0.62%
2025-08-15 02:23:50,601 - INFO - Fold 1, Epoch 20: Val Acc: 0.59%
2025-08-15 02:23:55,047 - INFO - Fold 1, Epoch 30: Val Acc: 0.81%
2025-08-15 02:23:59,378 - INFO - Fold 1, Epoch 40: Val Acc: 0.66%
2025-08-15 02:24:01,553 - INFO - Fold 1, Epoch 50: Val Acc: 0.69%
2025-08-15 02:24:03,777 - INFO - Fold 1, Epoch 60: Val Acc: 0.69%
2025-08-15 02:24:06,009 - INFO - Fold 1, Epoch 70: Val Acc: 0.69%
2025-08-15 02:24:12,486 - INFO - Fold 1, Epoch 80: Val Acc: 0.84%
2025-08-15 02:24:14,349 - INFO - Fold 1, Epoch 90: Val Acc: 0.78%
2025-08-15 02:24:18,821 - INFO - Fold 1, Epoch 100: Val Acc: 0.78%
2025-08-15 02:24:21,054 - INFO - Fold 1, Epoch 110: Val Acc: 0.66%
2025-08-15 02:24:23,290 - INFO - Fold 1, Epoch 120: Val Acc: 0.69%
2025-08-15 02:24:25,517 - INFO - Fold 1, Epoch 130: Val Acc: 0.75%
2025-08-15 02:24:27,756 - INFO - Fold 1, Epoch 140: Val Acc: 0.59%
2025-08-15 02:24:29,984 - INFO - Fold 1, Epoch 150: Val Acc: 0.62%
2025-08-15 02:24:32,220 - INFO - Fold 1, Epoch 160: Val Acc: 0.78%
2025-08-15 02:24:34,455 - INFO - Fold 1, Epoch 170: Val Acc: 0.78%
2025-08-15 02:24:36,680 - INFO - Fold 1, Epoch 180: Val Acc: 0.59%
2025-08-15 02:24:38,922 - INFO - Fold 1, Epoch 190: Val Acc: 0.75%
2025-08-15 02:24:39,645 - INFO - Early stopping at epoch 194
2025-08-15 02:24:43,273 - INFO - --- Starting Fold 2/3 ---
2025-08-15 02:24:43,276 - INFO - Generated pairs. Train: 1128 (Positive: 48). Val: 276 (Positive: 24)
2025-08-15 02:24:43,276 - INFO - Starting training for fold 2/3
2025-08-15 02:24:49,963 - INFO - Fold 2, Epoch 10: Val Acc: 0.50%
2025-08-15 02:24:53,632 - INFO - Fold 2, Epoch 20: Val Acc: 0.66%
2025-08-15 02:24:57,275 - INFO - Fold 2, Epoch 30: Val Acc: 0.72%
2025-08-15 02:24:59,499 - INFO - Fold 2, Epoch 40: Val Acc: 0.66%
2025-08-15 02:25:02,964 - INFO - Fold 2, Epoch 50: Val Acc: 0.62%
2025-08-15 02:25:04,666 - INFO - Fold 2, Epoch 60: Val Acc: 0.75%
2025-08-15 02:25:06,779 - INFO - Fold 2, Epoch 70: Val Acc: 0.81%
2025-08-15 02:25:10,494 - INFO - Fold 2, Epoch 80: Val Acc: 0.72%
2025-08-15 02:25:12,732 - INFO - Fold 2, Epoch 90: Val Acc: 0.69%
2025-08-15 02:25:14,960 - INFO - Fold 2, Epoch 100: Val Acc: 0.81%
2025-08-15 02:25:17,038 - INFO - Fold 2, Epoch 110: Val Acc: 0.72%
2025-08-15 02:25:19,035 - INFO - Fold 2, Epoch 120: Val Acc: 0.72%
2025-08-15 02:25:21,014 - INFO - Fold 2, Epoch 130: Val Acc: 0.78%
2025-08-15 02:25:22,946 - INFO - Fold 2, Epoch 140: Val Acc: 0.75%
2025-08-15 02:25:26,300 - INFO - Fold 2, Epoch 150: Val Acc: 0.69%
2025-08-15 02:25:28,271 - INFO - Fold 2, Epoch 160: Val Acc: 0.78%
2025-08-15 02:25:30,243 - INFO - Fold 2, Epoch 170: Val Acc: 0.81%
2025-08-15 02:25:32,344 - INFO - Fold 2, Epoch 180: Val Acc: 0.72%
2025-08-15 02:25:34,557 - INFO - Fold 2, Epoch 190: Val Acc: 0.59%
2025-08-15 02:25:36,772 - INFO - Fold 2, Epoch 200: Val Acc: 0.84%
2025-08-15 02:25:38,989 - INFO - Fold 2, Epoch 210: Val Acc: 0.69%
2025-08-15 02:25:41,208 - INFO - Fold 2, Epoch 220: Val Acc: 0.81%
2025-08-15 02:25:43,432 - INFO - Fold 2, Epoch 230: Val Acc: 0.72%
2025-08-15 02:25:45,650 - INFO - Fold 2, Epoch 240: Val Acc: 0.75%
2025-08-15 02:25:47,271 - INFO - Early stopping at epoch 248
2025-08-15 02:25:48,334 - INFO - --- Starting Fold 3/3 ---
2025-08-15 02:25:48,336 - INFO - Generated pairs. Train: 1128 (Positive: 48). Val: 276 (Positive: 24)
2025-08-15 02:25:48,336 - INFO - Starting training for fold 3/3
2025-08-15 02:25:57,703 - INFO - Fold 3, Epoch 10: Val Acc: 0.75%
2025-08-15 02:26:00,005 - INFO - Fold 3, Epoch 20: Val Acc: 0.53%
2025-08-15 02:26:03,664 - INFO - Fold 3, Epoch 30: Val Acc: 0.66%
2025-08-15 02:26:05,769 - INFO - Fold 3, Epoch 40: Val Acc: 0.69%
2025-08-15 02:26:07,779 - INFO - Fold 3, Epoch 50: Val Acc: 0.72%
2025-08-15 02:26:11,150 - INFO - Fold 3, Epoch 60: Val Acc: 0.62%
2025-08-15 02:26:13,077 - INFO - Fold 3, Epoch 70: Val Acc: 0.69%
2025-08-15 02:26:15,139 - INFO - Fold 3, Epoch 80: Val Acc: 0.72%
2025-08-15 02:26:17,346 - INFO - Fold 3, Epoch 90: Val Acc: 0.72%
2025-08-15 02:26:19,448 - INFO - Fold 3, Epoch 100: Val Acc: 0.72%
2025-08-15 02:26:21,362 - INFO - Fold 3, Epoch 110: Val Acc: 0.78%
2025-08-15 02:26:23,058 - INFO - Fold 3, Epoch 120: Val Acc: 0.81%
2025-08-15 02:26:27,778 - INFO - Fold 3, Epoch 130: Val Acc: 0.88%
2025-08-15 02:26:29,702 - INFO - Fold 3, Epoch 140: Val Acc: 0.78%
2025-08-15 02:26:31,931 - INFO - Fold 3, Epoch 150: Val Acc: 0.62%
2025-08-15 02:26:34,135 - INFO - Fold 3, Epoch 160: Val Acc: 0.62%
2025-08-15 02:26:36,362 - INFO - Fold 3, Epoch 170: Val Acc: 0.84%
2025-08-15 02:26:38,499 - INFO - Fold 3, Epoch 180: Val Acc: 0.69%
2025-08-15 02:26:40,655 - INFO - Fold 3, Epoch 190: Val Acc: 0.72%
2025-08-15 02:26:42,879 - INFO - Fold 3, Epoch 200: Val Acc: 0.72%
2025-08-15 02:26:45,108 - INFO - Fold 3, Epoch 210: Val Acc: 0.75%
2025-08-15 02:26:47,345 - INFO - Fold 3, Epoch 220: Val Acc: 0.62%
2025-08-15 02:26:48,682 - INFO - Early stopping at epoch 226
2025-08-15 02:26:49,742 - INFO - Cross-validation statistics for transformer: {'train_loss': {'mean': np.float64(3.9411449432373047), 'std': np.float64(0.038502747771677615)}, 'train_accuracy': {'mean': np.float64(0.7534722222222223), 'std': np.float64(0.04195502074164781)}, 'val_loss': {'mean': np.float64(4.286753972371419), 'std': np.float64(0.08785629547250944)}, 'val_accuracy': {'mean': np.float64(0.9375), 'std': np.float64(0.02551551815399144)}, 'epoch': {'mean': np.float64(121.66666666666667), 'std': np.float64(22.17105219775452)}}
[I 2025-08-15 02:26:49,749] Trial 153 finished with value: -0.9375 and parameters: {'learning_rate': 0.0002993757468820272, 'batch_size': 32, 'num_epochs': 911, 'temperature': 0.3302586386054941, 'embedding_dim': 256, 'hidden_dim': 256, 'dropout': 0.20546243706455475, 'num_layers': 5, 'num_heads': 2, 'noise_enabled': True, 'shift_enabled': False, 'scale_enabled': True, 'crop_enabled': True, 'flip_enabled': False, 'permutation_enabled': False, 'noise_level': 0.07665706058765871, 'crop_size': 0.5292996054097349}. Best is trial 92 with value: -0.9479166666666666.
Actual device being used: cuda
Attempting to load data from: /vol/ecrg-solar/woodj4/fishy-business/data/REIMS.xlsx
Trial 153 finished with value: -0.9375 and parameters: {'learning_rate': 0.0002993757468820272, 'batch_size': 32, 'num_epochs': 911, 'temperature': 0.3302586386054941, 'embedding_dim': 256, 'hidden_dim': 256, 'dropout': 0.20546243706455475, 'num_layers': 5, 'num_heads': 2, 'noise_enabled': True, 'shift_enabled': False, 'scale_enabled': True, 'crop_enabled': True, 'flip_enabled': False, 'permutation_enabled': False, 'noise_level': 0.07665706058765871, 'crop_size': 0.5292996054097349}. Best is trial 92 with value: -0.9479166666666666.
2025-08-15 02:26:49,790 - INFO - Using device: cuda
2025-08-15 02:26:59,646 - INFO - --- Starting Fold 1/3 ---
2025-08-15 02:26:59,648 - INFO - Generated pairs. Train: 1128 (Positive: 48). Val: 276 (Positive: 24)
2025-08-15 02:26:59,648 - INFO - Starting training for fold 1/3
2025-08-15 02:27:09,134 - INFO - Fold 1, Epoch 10: Val Acc: 0.53%
2025-08-15 02:27:13,429 - INFO - Fold 1, Epoch 20: Val Acc: 0.62%
2025-08-15 02:27:15,361 - INFO - Fold 1, Epoch 30: Val Acc: 0.66%
2025-08-15 02:27:19,615 - INFO - Fold 1, Epoch 40: Val Acc: 0.78%
2025-08-15 02:27:21,579 - INFO - Fold 1, Epoch 50: Val Acc: 0.66%
2025-08-15 02:27:23,553 - INFO - Fold 1, Epoch 60: Val Acc: 0.66%
2025-08-15 02:27:27,837 - INFO - Fold 1, Epoch 70: Val Acc: 0.81%
2025-08-15 02:27:30,236 - INFO - Fold 1, Epoch 80: Val Acc: 0.66%
2025-08-15 02:27:32,553 - INFO - Fold 1, Epoch 90: Val Acc: 0.75%
2025-08-15 02:27:34,787 - INFO - Fold 1, Epoch 100: Val Acc: 0.75%
2025-08-15 02:27:39,419 - INFO - Fold 1, Epoch 110: Val Acc: 0.69%
2025-08-15 02:27:41,654 - INFO - Fold 1, Epoch 120: Val Acc: 0.69%
2025-08-15 02:27:45,863 - INFO - Fold 1, Epoch 130: Val Acc: 0.75%
2025-08-15 02:27:50,107 - INFO - Fold 1, Epoch 140: Val Acc: 0.78%
2025-08-15 02:27:52,336 - INFO - Fold 1, Epoch 150: Val Acc: 0.81%
2025-08-15 02:27:54,427 - INFO - Fold 1, Epoch 160: Val Acc: 0.66%
2025-08-15 02:27:56,370 - INFO - Fold 1, Epoch 170: Val Acc: 0.66%
2025-08-15 02:27:58,315 - INFO - Fold 1, Epoch 180: Val Acc: 0.75%
2025-08-15 02:28:00,177 - INFO - Fold 1, Epoch 190: Val Acc: 0.72%
2025-08-15 02:28:01,895 - INFO - Fold 1, Epoch 200: Val Acc: 0.62%
2025-08-15 02:28:03,611 - INFO - Fold 1, Epoch 210: Val Acc: 0.66%
2025-08-15 02:28:05,357 - INFO - Fold 1, Epoch 220: Val Acc: 0.78%
2025-08-15 02:28:07,075 - INFO - Fold 1, Epoch 230: Val Acc: 0.66%
2025-08-15 02:28:07,417 - INFO - Early stopping at epoch 232
2025-08-15 02:28:11,062 - INFO - --- Starting Fold 2/3 ---
2025-08-15 02:28:11,065 - INFO - Generated pairs. Train: 1128 (Positive: 48). Val: 276 (Positive: 24)
2025-08-15 02:28:11,066 - INFO - Starting training for fold 2/3
2025-08-15 02:28:21,095 - INFO - Fold 2, Epoch 10: Val Acc: 0.56%
2025-08-15 02:28:24,330 - INFO - Fold 2, Epoch 20: Val Acc: 0.53%
2025-08-15 02:28:27,508 - INFO - Fold 2, Epoch 30: Val Acc: 0.59%
2025-08-15 02:28:29,676 - INFO - Fold 2, Epoch 40: Val Acc: 0.50%
2025-08-15 02:28:33,243 - INFO - Fold 2, Epoch 50: Val Acc: 0.72%
2025-08-15 02:28:35,473 - INFO - Fold 2, Epoch 60: Val Acc: 0.72%
2025-08-15 02:28:37,705 - INFO - Fold 2, Epoch 70: Val Acc: 0.88%
2025-08-15 02:28:39,941 - INFO - Fold 2, Epoch 80: Val Acc: 0.69%
2025-08-15 02:28:42,171 - INFO - Fold 2, Epoch 90: Val Acc: 0.81%
2025-08-15 02:28:44,394 - INFO - Fold 2, Epoch 100: Val Acc: 0.66%
2025-08-15 02:28:46,611 - INFO - Fold 2, Epoch 110: Val Acc: 0.78%
2025-08-15 02:28:50,372 - INFO - Fold 2, Epoch 120: Val Acc: 0.81%
2025-08-15 02:28:52,596 - INFO - Fold 2, Epoch 130: Val Acc: 0.69%
2025-08-15 02:28:54,814 - INFO - Fold 2, Epoch 140: Val Acc: 0.75%
2025-08-15 02:28:57,040 - INFO - Fold 2, Epoch 150: Val Acc: 0.84%
2025-08-15 02:28:59,094 - INFO - Fold 2, Epoch 160: Val Acc: 0.72%
2025-08-15 02:29:01,223 - INFO - Fold 2, Epoch 170: Val Acc: 0.78%
2025-08-15 02:29:03,309 - INFO - Fold 2, Epoch 180: Val Acc: 0.78%
2025-08-15 02:29:05,247 - INFO - Fold 2, Epoch 190: Val Acc: 0.81%
2025-08-15 02:29:07,385 - INFO - Fold 2, Epoch 200: Val Acc: 0.69%
2025-08-15 02:29:09,618 - INFO - Fold 2, Epoch 210: Val Acc: 0.75%
2025-08-15 02:29:11,174 - INFO - Early stopping at epoch 217
2025-08-15 02:29:14,025 - INFO - --- Starting Fold 3/3 ---
2025-08-15 02:29:14,030 - INFO - Generated pairs. Train: 1128 (Positive: 48). Val: 276 (Positive: 24)
2025-08-15 02:29:14,030 - INFO - Starting training for fold 3/3
2025-08-15 02:29:23,497 - INFO - Fold 3, Epoch 10: Val Acc: 0.66%
2025-08-15 02:29:27,126 - INFO - Fold 3, Epoch 20: Val Acc: 0.56%
2025-08-15 02:29:29,357 - INFO - Fold 3, Epoch 30: Val Acc: 0.72%
2025-08-15 02:29:33,000 - INFO - Fold 3, Epoch 40: Val Acc: 0.78%
2025-08-15 02:29:36,493 - INFO - Fold 3, Epoch 50: Val Acc: 0.69%
2025-08-15 02:29:38,726 - INFO - Fold 3, Epoch 60: Val Acc: 0.72%
2025-08-15 02:29:40,934 - INFO - Fold 3, Epoch 70: Val Acc: 0.75%
2025-08-15 02:29:42,801 - INFO - Fold 3, Epoch 80: Val Acc: 0.69%
2025-08-15 02:29:45,885 - INFO - Fold 3, Epoch 90: Val Acc: 0.81%
2025-08-15 02:29:48,114 - INFO - Fold 3, Epoch 100: Val Acc: 0.69%
2025-08-15 02:29:51,815 - INFO - Fold 3, Epoch 110: Val Acc: 0.78%
2025-08-15 02:29:53,784 - INFO - Fold 3, Epoch 120: Val Acc: 0.84%
2025-08-15 02:29:56,012 - INFO - Fold 3, Epoch 130: Val Acc: 0.81%
2025-08-15 02:29:58,256 - INFO - Fold 3, Epoch 140: Val Acc: 0.81%
2025-08-15 02:30:00,497 - INFO - Fold 3, Epoch 150: Val Acc: 0.81%
2025-08-15 02:30:02,808 - INFO - Fold 3, Epoch 160: Val Acc: 0.59%
2025-08-15 02:30:05,114 - INFO - Fold 3, Epoch 170: Val Acc: 0.78%
2025-08-15 02:30:09,020 - INFO - Fold 3, Epoch 180: Val Acc: 0.72%
2025-08-15 02:30:11,253 - INFO - Fold 3, Epoch 190: Val Acc: 0.88%
2025-08-15 02:30:13,478 - INFO - Fold 3, Epoch 200: Val Acc: 0.69%
2025-08-15 02:30:15,697 - INFO - Fold 3, Epoch 210: Val Acc: 0.81%
2025-08-15 02:30:17,805 - INFO - Fold 3, Epoch 220: Val Acc: 0.75%
2025-08-15 02:30:20,031 - INFO - Fold 3, Epoch 230: Val Acc: 0.78%
2025-08-15 02:30:22,313 - INFO - Fold 3, Epoch 240: Val Acc: 0.50%
2025-08-15 02:30:24,549 - INFO - Fold 3, Epoch 250: Val Acc: 0.84%
2025-08-15 02:30:26,763 - INFO - Fold 3, Epoch 260: Val Acc: 0.69%
2025-08-15 02:30:28,997 - INFO - Fold 3, Epoch 270: Val Acc: 0.53%
2025-08-15 02:30:30,777 - INFO - Early stopping at epoch 278
2025-08-15 02:30:31,835 - INFO - Cross-validation statistics for transformer: {'train_loss': {'mean': np.float64(3.9059312873416476), 'std': np.float64(0.03392392304487202)}, 'train_accuracy': {'mean': np.float64(0.78125), 'std': np.float64(0.0)}, 'val_loss': {'mean': np.float64(4.21218729019165), 'std': np.float64(0.054475201221728414)}, 'val_accuracy': {'mean': np.float64(0.9479166666666666), 'std': np.float64(0.01473139127471974)}, 'epoch': {'mean': np.float64(141.33333333333334), 'std': np.float64(25.952948879762307)}}
[I 2025-08-15 02:30:31,842] Trial 154 finished with value: -0.9479166666666666 and parameters: {'learning_rate': 0.00029104481073119985, 'batch_size': 32, 'num_epochs': 295, 'temperature': 0.3237884207254674, 'embedding_dim': 256, 'hidden_dim': 256, 'dropout': 0.20145091831078346, 'num_layers': 5, 'num_heads': 2, 'noise_enabled': True, 'shift_enabled': False, 'scale_enabled': True, 'crop_enabled': True, 'flip_enabled': False, 'permutation_enabled': False, 'noise_level': 0.07560109007382021, 'crop_size': 0.5312985289543445}. Best is trial 92 with value: -0.9479166666666666.
Actual device being used: cuda
Attempting to load data from: /vol/ecrg-solar/woodj4/fishy-business/data/REIMS.xlsx
Trial 154 finished with value: -0.9479166666666666 and parameters: {'learning_rate': 0.00029104481073119985, 'batch_size': 32, 'num_epochs': 295, 'temperature': 0.3237884207254674, 'embedding_dim': 256, 'hidden_dim': 256, 'dropout': 0.20145091831078346, 'num_layers': 5, 'num_heads': 2, 'noise_enabled': True, 'shift_enabled': False, 'scale_enabled': True, 'crop_enabled': True, 'flip_enabled': False, 'permutation_enabled': False, 'noise_level': 0.07560109007382021, 'crop_size': 0.5312985289543445}. Best is trial 92 with value: -0.9479166666666666.
2025-08-15 02:30:31,884 - INFO - Using device: cuda
2025-08-15 02:30:41,711 - INFO - --- Starting Fold 1/3 ---
2025-08-15 02:30:41,713 - INFO - Generated pairs. Train: 1128 (Positive: 48). Val: 276 (Positive: 24)
2025-08-15 02:30:41,713 - INFO - Starting training for fold 1/3
2025-08-15 02:30:50,868 - INFO - Fold 1, Epoch 10: Val Acc: 0.62%
2025-08-15 02:30:57,304 - INFO - Fold 1, Epoch 20: Val Acc: 0.81%
2025-08-15 02:30:59,640 - INFO - Fold 1, Epoch 30: Val Acc: 0.62%
2025-08-15 02:31:04,153 - INFO - Fold 1, Epoch 40: Val Acc: 0.72%
2025-08-15 02:31:06,473 - INFO - Fold 1, Epoch 50: Val Acc: 0.75%
2025-08-15 02:31:10,880 - INFO - Fold 1, Epoch 60: Val Acc: 0.72%
2025-08-15 02:31:13,109 - INFO - Fold 1, Epoch 70: Val Acc: 0.88%
2025-08-15 02:31:15,210 - INFO - Fold 1, Epoch 80: Val Acc: 0.72%
2025-08-15 02:31:17,427 - INFO - Fold 1, Epoch 90: Val Acc: 0.72%
2025-08-15 02:31:19,657 - INFO - Fold 1, Epoch 100: Val Acc: 0.75%
2025-08-15 02:31:21,887 - INFO - Fold 1, Epoch 110: Val Acc: 0.66%
2025-08-15 02:31:23,894 - INFO - Fold 1, Epoch 120: Val Acc: 0.75%
2025-08-15 02:31:25,650 - INFO - Fold 1, Epoch 130: Val Acc: 0.72%
2025-08-15 02:31:29,261 - INFO - --- Starting Fold 2/3 ---
2025-08-15 02:31:29,273 - INFO - Generated pairs. Train: 1128 (Positive: 48). Val: 276 (Positive: 24)
2025-08-15 02:31:29,273 - INFO - Starting training for fold 2/3
2025-08-15 02:31:38,363 - INFO - Fold 2, Epoch 10: Val Acc: 0.50%
2025-08-15 02:31:43,424 - INFO - Fold 2, Epoch 20: Val Acc: 0.75%
2025-08-15 02:31:47,133 - INFO - Fold 2, Epoch 30: Val Acc: 0.84%
2025-08-15 02:31:49,151 - INFO - Fold 2, Epoch 40: Val Acc: 0.72%
2025-08-15 02:31:52,859 - INFO - Fold 2, Epoch 50: Val Acc: 0.81%
2025-08-15 02:31:55,091 - INFO - Fold 2, Epoch 60: Val Acc: 0.78%
2025-08-15 02:31:57,322 - INFO - Fold 2, Epoch 70: Val Acc: 0.81%
2025-08-15 02:31:59,550 - INFO - Fold 2, Epoch 80: Val Acc: 0.78%
2025-08-15 02:32:01,515 - INFO - Fold 2, Epoch 90: Val Acc: 0.78%
2025-08-15 02:32:03,217 - INFO - Fold 2, Epoch 100: Val Acc: 0.66%
2025-08-15 02:32:04,919 - INFO - Fold 2, Epoch 110: Val Acc: 0.59%
2025-08-15 02:32:06,989 - INFO - Fold 2, Epoch 120: Val Acc: 0.72%
2025-08-15 02:32:09,224 - INFO - Fold 2, Epoch 130: Val Acc: 0.56%
2025-08-15 02:32:12,270 - INFO - --- Starting Fold 3/3 ---
2025-08-15 02:32:12,273 - INFO - Generated pairs. Train: 1128 (Positive: 48). Val: 276 (Positive: 24)
2025-08-15 02:32:12,273 - INFO - Starting training for fold 3/3
2025-08-15 02:32:20,567 - INFO - Fold 3, Epoch 10: Val Acc: 0.62%
2025-08-15 02:32:25,597 - INFO - Fold 3, Epoch 20: Val Acc: 0.72%
2025-08-15 02:32:27,799 - INFO - Fold 3, Epoch 30: Val Acc: 0.72%
2025-08-15 02:32:31,588 - INFO - Fold 3, Epoch 40: Val Acc: 0.75%
2025-08-15 02:32:34,893 - INFO - Fold 3, Epoch 50: Val Acc: 0.81%
2025-08-15 02:32:36,606 - INFO - Fold 3, Epoch 60: Val Acc: 0.66%
2025-08-15 02:32:39,648 - INFO - Fold 3, Epoch 70: Val Acc: 0.56%
2025-08-15 02:32:41,827 - INFO - Fold 3, Epoch 80: Val Acc: 0.78%
2025-08-15 02:32:44,057 - INFO - Fold 3, Epoch 90: Val Acc: 0.78%
2025-08-15 02:32:46,289 - INFO - Fold 3, Epoch 100: Val Acc: 0.81%
2025-08-15 02:32:48,530 - INFO - Fold 3, Epoch 110: Val Acc: 0.75%
2025-08-15 02:32:50,763 - INFO - Fold 3, Epoch 120: Val Acc: 0.66%
2025-08-15 02:32:52,991 - INFO - Fold 3, Epoch 130: Val Acc: 0.78%
2025-08-15 02:32:55,839 - INFO - Cross-validation statistics for transformer: {'train_loss': {'mean': np.float64(3.941317531797621), 'std': np.float64(0.02028608279347693)}, 'train_accuracy': {'mean': np.float64(0.7916666666666666), 'std': np.float64(0.01701034543599428)}, 'val_loss': {'mean': np.float64(4.222233136494954), 'std': np.float64(0.048042345866900614)}, 'val_accuracy': {'mean': np.float64(0.90625), 'std': np.float64(0.02551551815399144)}, 'epoch': {'mean': np.float64(53.666666666666664), 'std': np.float64(9.741092797468305)}}
[I 2025-08-15 02:32:55,848] Trial 155 finished with value: -0.90625 and parameters: {'learning_rate': 0.0007717240701077952, 'batch_size': 32, 'num_epochs': 130, 'temperature': 0.32669582409838216, 'embedding_dim': 256, 'hidden_dim': 256, 'dropout': 0.19859544899833476, 'num_layers': 5, 'num_heads': 2, 'noise_enabled': True, 'shift_enabled': False, 'scale_enabled': True, 'crop_enabled': True, 'flip_enabled': False, 'permutation_enabled': False, 'noise_level': 0.06640498908673262, 'crop_size': 0.5306241754662557}. Best is trial 92 with value: -0.9479166666666666.
Actual device being used: cuda
Attempting to load data from: /vol/ecrg-solar/woodj4/fishy-business/data/REIMS.xlsx
