Trial 86 finished with value: -0.8854166666666666 and parameters: {'learning_rate': 0.0008021744569060321, 'batch_size': 32, 'num_epochs': 964, 'temperature': 0.27368630873958677, 'embedding_dim': 128, 'hidden_dim': 256, 'dropout': 0.3092371122351169, 'num_layers': 6, 'num_heads': 8, 'noise_enabled': True, 'shift_enabled': False, 'scale_enabled': True, 'crop_enabled': True, 'flip_enabled': False, 'permutation_enabled': False, 'noise_level': 0.06295819085040885, 'crop_size': 0.5477361605591952}. Best is trial 9 with value: -0.9270833333333334.
2025-08-14 23:17:16,339 - INFO - Using device: cuda
2025-08-14 23:17:26,144 - INFO - --- Starting Fold 1/3 ---
2025-08-14 23:17:26,145 - INFO - Generated pairs. Train: 1128 (Positive: 48). Val: 276 (Positive: 24)
2025-08-14 23:17:26,145 - INFO - Starting training for fold 1/3
2025-08-14 23:17:31,683 - INFO - Fold 1, Epoch 10: Val Acc: 0.56%
2025-08-14 23:17:33,834 - INFO - Fold 1, Epoch 20: Val Acc: 0.47%
2025-08-14 23:17:35,878 - INFO - Fold 1, Epoch 30: Val Acc: 0.50%
2025-08-14 23:17:39,693 - INFO - Fold 1, Epoch 40: Val Acc: 0.59%
2025-08-14 23:17:41,811 - INFO - Fold 1, Epoch 50: Val Acc: 0.56%
2025-08-14 23:17:45,591 - INFO - Fold 1, Epoch 60: Val Acc: 0.47%
2025-08-14 23:17:47,636 - INFO - Fold 1, Epoch 70: Val Acc: 0.44%
2025-08-14 23:17:49,639 - INFO - Fold 1, Epoch 80: Val Acc: 0.47%
2025-08-14 23:17:51,679 - INFO - Fold 1, Epoch 90: Val Acc: 0.50%
2025-08-14 23:17:53,715 - INFO - Fold 1, Epoch 100: Val Acc: 0.41%
2025-08-14 23:17:55,640 - INFO - Fold 1, Epoch 110: Val Acc: 0.50%
2025-08-14 23:17:57,552 - INFO - Fold 1, Epoch 120: Val Acc: 0.53%
2025-08-14 23:17:59,251 - INFO - Fold 1, Epoch 130: Val Acc: 0.41%
2025-08-14 23:18:01,298 - INFO - Fold 1, Epoch 140: Val Acc: 0.53%
2025-08-14 23:18:03,337 - INFO - Fold 1, Epoch 150: Val Acc: 0.44%
2025-08-14 23:18:04,153 - INFO - Early stopping at epoch 154
2025-08-14 23:18:06,939 - INFO - --- Starting Fold 2/3 ---
2025-08-14 23:18:06,941 - INFO - Generated pairs. Train: 1128 (Positive: 48). Val: 276 (Positive: 24)
2025-08-14 23:18:06,941 - INFO - Starting training for fold 2/3
2025-08-14 23:18:11,607 - INFO - Fold 2, Epoch 10: Val Acc: 0.56%
2025-08-14 23:18:13,736 - INFO - Fold 2, Epoch 20: Val Acc: 0.41%
2025-08-14 23:18:17,036 - INFO - Fold 2, Epoch 30: Val Acc: 0.50%
2025-08-14 23:18:19,095 - INFO - Fold 2, Epoch 40: Val Acc: 0.44%
2025-08-14 23:18:21,151 - INFO - Fold 2, Epoch 50: Val Acc: 0.56%
2025-08-14 23:18:23,217 - INFO - Fold 2, Epoch 60: Val Acc: 0.44%
2025-08-14 23:18:25,281 - INFO - Fold 2, Epoch 70: Val Acc: 0.53%
2025-08-14 23:18:27,328 - INFO - Fold 2, Epoch 80: Val Acc: 0.47%
2025-08-14 23:18:29,394 - INFO - Fold 2, Epoch 90: Val Acc: 0.41%
2025-08-14 23:18:31,445 - INFO - Fold 2, Epoch 100: Val Acc: 0.53%
2025-08-14 23:18:33,548 - INFO - Fold 2, Epoch 110: Val Acc: 0.47%
2025-08-14 23:18:35,660 - INFO - Fold 2, Epoch 120: Val Acc: 0.50%
2025-08-14 23:18:37,121 - INFO - Early stopping at epoch 127
2025-08-14 23:18:37,985 - INFO - --- Starting Fold 3/3 ---
2025-08-14 23:18:37,987 - INFO - Generated pairs. Train: 1128 (Positive: 48). Val: 276 (Positive: 24)
2025-08-14 23:18:37,987 - INFO - Starting training for fold 3/3
2025-08-14 23:18:42,668 - INFO - Fold 3, Epoch 10: Val Acc: 0.50%
2025-08-14 23:18:44,719 - INFO - Fold 3, Epoch 20: Val Acc: 0.53%
2025-08-14 23:18:46,757 - INFO - Fold 3, Epoch 30: Val Acc: 0.50%
2025-08-14 23:18:48,522 - INFO - Fold 3, Epoch 40: Val Acc: 0.56%
2025-08-14 23:18:50,382 - INFO - Fold 3, Epoch 50: Val Acc: 0.38%
2025-08-14 23:18:53,646 - INFO - Fold 3, Epoch 60: Val Acc: 0.50%
2025-08-14 23:18:55,679 - INFO - Fold 3, Epoch 70: Val Acc: 0.47%
2025-08-14 23:18:57,710 - INFO - Fold 3, Epoch 80: Val Acc: 0.56%
2025-08-14 23:18:59,747 - INFO - Fold 3, Epoch 90: Val Acc: 0.53%
2025-08-14 23:19:01,792 - INFO - Fold 3, Epoch 100: Val Acc: 0.69%
2025-08-14 23:19:03,837 - INFO - Fold 3, Epoch 110: Val Acc: 0.47%
2025-08-14 23:19:05,893 - INFO - Fold 3, Epoch 120: Val Acc: 0.53%
2025-08-14 23:19:07,952 - INFO - Fold 3, Epoch 130: Val Acc: 0.41%
2025-08-14 23:19:10,024 - INFO - Fold 3, Epoch 140: Val Acc: 0.53%
2025-08-14 23:19:12,049 - INFO - Fold 3, Epoch 150: Val Acc: 0.47%
2025-08-14 23:19:13,322 - INFO - Early stopping at epoch 156
2025-08-14 23:19:15,770 - INFO - Cross-validation statistics for transformer: {'train_loss': {'mean': np.float64(4.156563440958659), 'std': np.float64(0.021090523749672394)}, 'train_accuracy': {'mean': np.float64(0.5833333333333334), 'std': np.float64(0.030665836341416113)}, 'val_loss': {'mean': np.float64(4.167566140492757), 'std': np.float64(0.018464452820016578)}, 'val_accuracy': {'mean': np.float64(0.6666666666666666), 'std': np.float64(0.01473139127471974)}, 'epoch': {'mean': np.float64(44.666666666666664), 'std': np.float64(13.224556283251582)}}
[I 2025-08-14 23:19:15,779] Trial 87 finished with value: -0.6666666666666666 and parameters: {'learning_rate': 0.000752580003236727, 'batch_size': 32, 'num_epochs': 864, 'temperature': 0.4151053768498774, 'embedding_dim': 128, 'hidden_dim': 128, 'dropout': 0.4383642676219941, 'num_layers': 4, 'num_heads': 8, 'noise_enabled': True, 'shift_enabled': True, 'scale_enabled': True, 'crop_enabled': True, 'flip_enabled': True, 'permutation_enabled': False, 'noise_level': 0.029630570681475003, 'crop_size': 0.8853160642245878}. Best is trial 9 with value: -0.9270833333333334.
Actual device being used: cuda
Attempting to load data from: /vol/ecrg-solar/woodj4/fishy-business/data/REIMS.xlsx
Trial 87 finished with value: -0.6666666666666666 and parameters: {'learning_rate': 0.000752580003236727, 'batch_size': 32, 'num_epochs': 864, 'temperature': 0.4151053768498774, 'embedding_dim': 128, 'hidden_dim': 128, 'dropout': 0.4383642676219941, 'num_layers': 4, 'num_heads': 8, 'noise_enabled': True, 'shift_enabled': True, 'scale_enabled': True, 'crop_enabled': True, 'flip_enabled': True, 'permutation_enabled': False, 'noise_level': 0.029630570681475003, 'crop_size': 0.8853160642245878}. Best is trial 9 with value: -0.9270833333333334.
2025-08-14 23:19:15,859 - INFO - Using device: cuda
2025-08-14 23:19:26,015 - INFO - --- Starting Fold 1/3 ---
2025-08-14 23:19:26,016 - INFO - Generated pairs. Train: 1128 (Positive: 48). Val: 276 (Positive: 24)
2025-08-14 23:19:26,016 - WARNING - Fold 1 has insufficient pairs to form a batch. Skipping.
2025-08-14 23:19:26,017 - INFO - --- Starting Fold 2/3 ---
2025-08-14 23:19:26,018 - INFO - Generated pairs. Train: 1128 (Positive: 48). Val: 276 (Positive: 24)
2025-08-14 23:19:26,018 - WARNING - Fold 2 has insufficient pairs to form a batch. Skipping.
2025-08-14 23:19:26,018 - INFO - --- Starting Fold 3/3 ---
2025-08-14 23:19:26,019 - INFO - Generated pairs. Train: 1128 (Positive: 48). Val: 276 (Positive: 24)
2025-08-14 23:19:26,019 - WARNING - Fold 3 has insufficient pairs to form a batch. Skipping.
2025-08-14 23:19:26,019 - WARNING - No folds completed successfully to aggregate metrics.
[I 2025-08-14 23:19:26,022] Trial 88 finished with value: inf and parameters: {'learning_rate': 0.0004949224720321423, 'batch_size': 64, 'num_epochs': 891, 'temperature': 0.39325813523736053, 'embedding_dim': 128, 'hidden_dim': 512, 'dropout': 0.39180082275016925, 'num_layers': 5, 'num_heads': 8, 'noise_enabled': True, 'shift_enabled': False, 'scale_enabled': True, 'crop_enabled': True, 'flip_enabled': False, 'permutation_enabled': False, 'noise_level': 0.08311682857580138, 'crop_size': 0.5264666793810785}. Best is trial 9 with value: -0.9270833333333334.
Actual device being used: cuda
Attempting to load data from: /vol/ecrg-solar/woodj4/fishy-business/data/REIMS.xlsx
Trial 88 finished with value: inf and parameters: {'learning_rate': 0.0004949224720321423, 'batch_size': 64, 'num_epochs': 891, 'temperature': 0.39325813523736053, 'embedding_dim': 128, 'hidden_dim': 512, 'dropout': 0.39180082275016925, 'num_layers': 5, 'num_heads': 8, 'noise_enabled': True, 'shift_enabled': False, 'scale_enabled': True, 'crop_enabled': True, 'flip_enabled': False, 'permutation_enabled': False, 'noise_level': 0.08311682857580138, 'crop_size': 0.5264666793810785}. Best is trial 9 with value: -0.9270833333333334.
2025-08-14 23:19:26,056 - INFO - Using device: cuda
2025-08-14 23:19:35,846 - INFO - --- Starting Fold 1/3 ---
2025-08-14 23:19:35,848 - INFO - Generated pairs. Train: 1128 (Positive: 48). Val: 276 (Positive: 24)
2025-08-14 23:19:35,848 - INFO - Starting training for fold 1/3
2025-08-14 23:19:45,095 - INFO - Fold 1, Epoch 10: Val Acc: 0.56%
2025-08-14 23:19:49,860 - INFO - Fold 1, Epoch 20: Val Acc: 0.69%
2025-08-14 23:19:54,351 - INFO - Fold 1, Epoch 30: Val Acc: 0.58%
2025-08-14 23:19:59,092 - INFO - Fold 1, Epoch 40: Val Acc: 0.73%
2025-08-14 23:20:06,201 - INFO - Fold 1, Epoch 50: Val Acc: 0.75%
2025-08-14 23:20:08,778 - INFO - Fold 1, Epoch 60: Val Acc: 0.71%
2025-08-14 23:20:11,476 - INFO - Fold 1, Epoch 70: Val Acc: 0.81%
2025-08-14 23:20:14,447 - INFO - Fold 1, Epoch 80: Val Acc: 0.71%
2025-08-14 23:20:19,515 - INFO - Fold 1, Epoch 90: Val Acc: 0.73%
2025-08-14 23:20:23,027 - INFO - Fold 1, Epoch 100: Val Acc: 0.67%
2025-08-14 23:20:26,505 - INFO - Fold 1, Epoch 110: Val Acc: 0.73%
2025-08-14 23:20:29,817 - INFO - Fold 1, Epoch 120: Val Acc: 0.69%
2025-08-14 23:20:32,744 - INFO - Fold 1, Epoch 130: Val Acc: 0.71%
2025-08-14 23:20:36,117 - INFO - Fold 1, Epoch 140: Val Acc: 0.60%
2025-08-14 23:20:39,444 - INFO - Fold 1, Epoch 150: Val Acc: 0.83%
2025-08-14 23:20:42,822 - INFO - Fold 1, Epoch 160: Val Acc: 0.60%
2025-08-14 23:20:45,983 - INFO - Fold 1, Epoch 170: Val Acc: 0.67%
2025-08-14 23:20:49,231 - INFO - Fold 1, Epoch 180: Val Acc: 0.77%
2025-08-14 23:20:50,920 - INFO - Early stopping at epoch 185
2025-08-14 23:20:53,834 - INFO - --- Starting Fold 2/3 ---
2025-08-14 23:20:53,837 - INFO - Generated pairs. Train: 1128 (Positive: 48). Val: 276 (Positive: 24)
2025-08-14 23:20:53,838 - INFO - Starting training for fold 2/3
2025-08-14 23:20:59,998 - INFO - Fold 2, Epoch 10: Val Acc: 0.56%
2025-08-14 23:21:07,095 - INFO - Fold 2, Epoch 20: Val Acc: 0.62%
2025-08-14 23:21:14,757 - INFO - Fold 2, Epoch 30: Val Acc: 0.71%
2025-08-14 23:21:18,401 - INFO - Fold 2, Epoch 40: Val Acc: 0.73%
2025-08-14 23:21:22,773 - INFO - Fold 2, Epoch 50: Val Acc: 0.71%
2025-08-14 23:21:26,777 - INFO - Fold 2, Epoch 60: Val Acc: 0.81%
2025-08-14 23:21:30,179 - INFO - Fold 2, Epoch 70: Val Acc: 0.81%
2025-08-14 23:21:33,534 - INFO - Fold 2, Epoch 80: Val Acc: 0.67%
2025-08-14 23:21:36,957 - INFO - Fold 2, Epoch 90: Val Acc: 0.81%
2025-08-14 23:21:40,406 - INFO - Fold 2, Epoch 100: Val Acc: 0.75%
2025-08-14 23:21:43,404 - INFO - Fold 2, Epoch 110: Val Acc: 0.69%
2025-08-14 23:21:46,665 - INFO - Fold 2, Epoch 120: Val Acc: 0.81%
2025-08-14 23:21:50,146 - INFO - Fold 2, Epoch 130: Val Acc: 0.85%
2025-08-14 23:21:53,336 - INFO - Fold 2, Epoch 140: Val Acc: 0.69%
2025-08-14 23:21:56,547 - INFO - Fold 2, Epoch 150: Val Acc: 0.75%
2025-08-14 23:21:59,047 - INFO - Early stopping at epoch 159
2025-08-14 23:22:01,723 - INFO - --- Starting Fold 3/3 ---
2025-08-14 23:22:01,726 - INFO - Generated pairs. Train: 1128 (Positive: 48). Val: 276 (Positive: 24)
2025-08-14 23:22:01,726 - INFO - Starting training for fold 3/3
2025-08-14 23:22:07,967 - INFO - Fold 3, Epoch 10: Val Acc: 0.56%
2025-08-14 23:22:13,945 - INFO - Fold 3, Epoch 20: Val Acc: 0.58%
2025-08-14 23:22:19,833 - INFO - Fold 3, Epoch 30: Val Acc: 0.71%
2025-08-14 23:22:22,918 - INFO - Fold 3, Epoch 40: Val Acc: 0.67%
2025-08-14 23:22:26,014 - INFO - Fold 3, Epoch 50: Val Acc: 0.62%
2025-08-14 23:22:28,446 - INFO - Fold 3, Epoch 60: Val Acc: 0.69%
2025-08-14 23:22:30,880 - INFO - Fold 3, Epoch 70: Val Acc: 0.71%
2025-08-14 23:22:33,315 - INFO - Fold 3, Epoch 80: Val Acc: 0.71%
2025-08-14 23:22:36,761 - INFO - Fold 3, Epoch 90: Val Acc: 0.88%
2025-08-14 23:22:39,782 - INFO - Fold 3, Epoch 100: Val Acc: 0.77%
2025-08-14 23:22:43,147 - INFO - Fold 3, Epoch 110: Val Acc: 0.79%
2025-08-14 23:22:46,510 - INFO - Fold 3, Epoch 120: Val Acc: 0.81%
2025-08-14 23:22:50,027 - INFO - Fold 3, Epoch 130: Val Acc: 0.77%
2025-08-14 23:22:53,526 - INFO - Fold 3, Epoch 140: Val Acc: 0.69%
2025-08-14 23:22:56,962 - INFO - Fold 3, Epoch 150: Val Acc: 0.71%
2025-08-14 23:23:00,466 - INFO - Fold 3, Epoch 160: Val Acc: 0.62%
2025-08-14 23:23:03,864 - INFO - Fold 3, Epoch 170: Val Acc: 0.75%
2025-08-14 23:23:07,240 - INFO - Fold 3, Epoch 180: Val Acc: 0.69%
2025-08-14 23:23:10,702 - INFO - Early stopping at epoch 190
2025-08-14 23:23:11,549 - INFO - Cross-validation statistics for transformer: {'train_loss': {'mean': np.float64(3.2438840733634096), 'std': np.float64(0.014812346316840768)}, 'train_accuracy': {'mean': np.float64(0.7951388888888888), 'std': np.float64(0.009820927516479817)}, 'val_loss': {'mean': np.float64(3.5507686403062606), 'std': np.float64(0.032864321678333135)}, 'val_accuracy': {'mean': np.float64(0.888888888888889), 'std': np.float64(0.01964185503295969)}, 'epoch': {'mean': np.float64(77.0), 'std': np.float64(13.589211407093005)}}
[I 2025-08-14 23:23:11,556] Trial 89 finished with value: -0.888888888888889 and parameters: {'learning_rate': 0.0006799445715016386, 'batch_size': 16, 'num_epochs': 988, 'temperature': 0.45945348345172105, 'embedding_dim': 128, 'hidden_dim': 256, 'dropout': 0.4080721975996448, 'num_layers': 4, 'num_heads': 8, 'noise_enabled': True, 'shift_enabled': False, 'scale_enabled': True, 'crop_enabled': True, 'flip_enabled': False, 'permutation_enabled': False, 'noise_level': 0.045447304168501276, 'crop_size': 0.5693263019199052}. Best is trial 9 with value: -0.9270833333333334.
Actual device being used: cuda
Attempting to load data from: /vol/ecrg-solar/woodj4/fishy-business/data/REIMS.xlsx
Trial 89 finished with value: -0.888888888888889 and parameters: {'learning_rate': 0.0006799445715016386, 'batch_size': 16, 'num_epochs': 988, 'temperature': 0.45945348345172105, 'embedding_dim': 128, 'hidden_dim': 256, 'dropout': 0.4080721975996448, 'num_layers': 4, 'num_heads': 8, 'noise_enabled': True, 'shift_enabled': False, 'scale_enabled': True, 'crop_enabled': True, 'flip_enabled': False, 'permutation_enabled': False, 'noise_level': 0.045447304168501276, 'crop_size': 0.5693263019199052}. Best is trial 9 with value: -0.9270833333333334.
2025-08-14 23:23:11,589 - INFO - Using device: cuda
2025-08-14 23:23:21,550 - INFO - --- Starting Fold 1/3 ---
2025-08-14 23:23:21,551 - INFO - Generated pairs. Train: 1128 (Positive: 48). Val: 276 (Positive: 24)
2025-08-14 23:23:21,551 - INFO - Starting training for fold 1/3
2025-08-14 23:23:33,081 - INFO - Fold 1, Epoch 10: Val Acc: 0.72%
2025-08-14 23:23:39,746 - INFO - Fold 1, Epoch 20: Val Acc: 0.81%
2025-08-14 23:23:42,147 - INFO - Fold 1, Epoch 30: Val Acc: 0.75%
2025-08-14 23:23:46,494 - INFO - Fold 1, Epoch 40: Val Acc: 0.81%
2025-08-14 23:23:48,777 - INFO - Fold 1, Epoch 50: Val Acc: 0.72%
2025-08-14 23:23:53,368 - INFO - Fold 1, Epoch 60: Val Acc: 0.75%
2025-08-14 23:23:55,639 - INFO - Fold 1, Epoch 70: Val Acc: 0.75%
2025-08-14 23:23:57,867 - INFO - Fold 1, Epoch 80: Val Acc: 0.66%
2025-08-14 23:24:00,088 - INFO - Fold 1, Epoch 90: Val Acc: 0.81%
2025-08-14 23:24:02,308 - INFO - Fold 1, Epoch 100: Val Acc: 0.72%
2025-08-14 23:24:04,523 - INFO - Fold 1, Epoch 110: Val Acc: 0.88%
2025-08-14 23:24:06,772 - INFO - Fold 1, Epoch 120: Val Acc: 0.69%
2025-08-14 23:24:09,075 - INFO - Fold 1, Epoch 130: Val Acc: 0.62%
2025-08-14 23:24:11,386 - INFO - Fold 1, Epoch 140: Val Acc: 0.69%
2025-08-14 23:24:13,569 - INFO - Fold 1, Epoch 150: Val Acc: 0.75%
2025-08-14 23:24:15,189 - INFO - Early stopping at epoch 157
2025-08-14 23:24:18,757 - INFO - --- Starting Fold 2/3 ---
2025-08-14 23:24:18,760 - INFO - Generated pairs. Train: 1128 (Positive: 48). Val: 276 (Positive: 24)
2025-08-14 23:24:18,761 - INFO - Starting training for fold 2/3
2025-08-14 23:24:22,702 - INFO - Fold 2, Epoch 10: Val Acc: 0.47%
2025-08-14 23:24:29,127 - INFO - Fold 2, Epoch 20: Val Acc: 0.81%
2025-08-14 23:24:31,435 - INFO - Fold 2, Epoch 30: Val Acc: 0.81%
2025-08-14 23:24:35,207 - INFO - Fold 2, Epoch 40: Val Acc: 0.62%
2025-08-14 23:24:37,446 - INFO - Fold 2, Epoch 50: Val Acc: 0.78%
2025-08-14 23:24:41,162 - INFO - Fold 2, Epoch 60: Val Acc: 0.66%
2025-08-14 23:24:43,385 - INFO - Fold 2, Epoch 70: Val Acc: 0.88%
2025-08-14 23:24:45,608 - INFO - Fold 2, Epoch 80: Val Acc: 0.75%
2025-08-14 23:24:47,841 - INFO - Fold 2, Epoch 90: Val Acc: 0.81%
2025-08-14 23:24:50,072 - INFO - Fold 2, Epoch 100: Val Acc: 0.72%
2025-08-14 23:24:52,281 - INFO - Fold 2, Epoch 110: Val Acc: 0.66%
2025-08-14 23:24:54,498 - INFO - Fold 2, Epoch 120: Val Acc: 0.72%
2025-08-14 23:24:56,710 - INFO - Fold 2, Epoch 130: Val Acc: 0.69%
2025-08-14 23:24:58,924 - INFO - Fold 2, Epoch 140: Val Acc: 0.78%
2025-08-14 23:25:01,138 - INFO - Fold 2, Epoch 150: Val Acc: 0.75%
2025-08-14 23:25:01,358 - INFO - Early stopping at epoch 151
2025-08-14 23:25:02,423 - INFO - --- Starting Fold 3/3 ---
2025-08-14 23:25:02,425 - INFO - Generated pairs. Train: 1128 (Positive: 48). Val: 276 (Positive: 24)
2025-08-14 23:25:02,425 - INFO - Starting training for fold 3/3
2025-08-14 23:25:07,733 - INFO - Fold 3, Epoch 10: Val Acc: 0.53%
2025-08-14 23:25:14,394 - INFO - Fold 3, Epoch 20: Val Acc: 0.66%
2025-08-14 23:25:16,611 - INFO - Fold 3, Epoch 30: Val Acc: 0.66%
2025-08-14 23:25:18,837 - INFO - Fold 3, Epoch 40: Val Acc: 0.78%
2025-08-14 23:25:21,064 - INFO - Fold 3, Epoch 50: Val Acc: 0.72%
2025-08-14 23:25:23,283 - INFO - Fold 3, Epoch 60: Val Acc: 0.78%
2025-08-14 23:25:25,603 - INFO - Fold 3, Epoch 70: Val Acc: 0.75%
2025-08-14 23:25:27,915 - INFO - Fold 3, Epoch 80: Val Acc: 0.66%
2025-08-14 23:25:31,742 - INFO - Fold 3, Epoch 90: Val Acc: 0.72%
2025-08-14 23:25:34,130 - INFO - Fold 3, Epoch 100: Val Acc: 0.75%
2025-08-14 23:25:36,362 - INFO - Fold 3, Epoch 110: Val Acc: 0.69%
2025-08-14 23:25:38,623 - INFO - Fold 3, Epoch 120: Val Acc: 0.72%
2025-08-14 23:25:42,087 - INFO - Fold 3, Epoch 130: Val Acc: 0.81%
2025-08-14 23:25:44,185 - INFO - Fold 3, Epoch 140: Val Acc: 0.62%
2025-08-14 23:25:45,985 - INFO - Fold 3, Epoch 150: Val Acc: 0.78%
2025-08-14 23:25:47,781 - INFO - Fold 3, Epoch 160: Val Acc: 0.88%
2025-08-14 23:25:49,577 - INFO - Fold 3, Epoch 170: Val Acc: 0.75%
2025-08-14 23:25:51,375 - INFO - Fold 3, Epoch 180: Val Acc: 0.66%
2025-08-14 23:25:53,605 - INFO - Fold 3, Epoch 190: Val Acc: 0.59%
2025-08-14 23:25:55,899 - INFO - Fold 3, Epoch 200: Val Acc: 0.78%
2025-08-14 23:25:57,605 - INFO - Fold 3, Epoch 210: Val Acc: 0.78%
2025-08-14 23:25:59,566 - INFO - Fold 3, Epoch 220: Val Acc: 0.66%
2025-08-14 23:26:00,007 - INFO - Early stopping at epoch 222
2025-08-14 23:26:01,066 - INFO - Cross-validation statistics for transformer: {'train_loss': {'mean': np.float64(3.9318211608462863), 'std': np.float64(0.02871549192640392)}, 'train_accuracy': {'mean': np.float64(0.7604166666666666), 'std': np.float64(0.017010345435994324)}, 'val_loss': {'mean': np.float64(4.2997260093688965), 'std': np.float64(0.06822858622594909)}, 'val_accuracy': {'mean': np.float64(0.9375), 'std': np.float64(0.0)}, 'epoch': {'mean': np.float64(75.66666666666667), 'std': np.float64(32.14895885647863)}}
[I 2025-08-14 23:26:01,072] Trial 90 finished with value: -0.9375 and parameters: {'learning_rate': 0.0005651198764447992, 'batch_size': 32, 'num_epochs': 392, 'temperature': 0.36350117996633236, 'embedding_dim': 256, 'hidden_dim': 256, 'dropout': 0.4830043619829427, 'num_layers': 5, 'num_heads': 8, 'noise_enabled': True, 'shift_enabled': False, 'scale_enabled': False, 'crop_enabled': True, 'flip_enabled': False, 'permutation_enabled': False, 'noise_level': 0.10106895320384918, 'crop_size': 0.5410111325780634}. Best is trial 90 with value: -0.9375.
Actual device being used: cuda
Attempting to load data from: /vol/ecrg-solar/woodj4/fishy-business/data/REIMS.xlsx
