Trial 177 finished with value: -0.6979166666666666 and parameters: {'learning_rate': 0.0002827965181219658, 'batch_size': 32, 'num_epochs': 911, 'temperature': 0.3007694470874489, 'embedding_dim': 256, 'hidden_dim': 256, 'dropout': 0.159558269489068, 'num_layers': 5, 'num_heads': 8, 'noise_enabled': True, 'shift_enabled': True, 'scale_enabled': True, 'crop_enabled': True, 'flip_enabled': False, 'permutation_enabled': False, 'noise_level': 0.07151210868091015, 'crop_size': 0.511457369668455}. Best is trial 92 with value: -0.9479166666666666.
2025-08-15 03:34:58,100 - INFO - Using device: cuda
2025-08-15 03:35:07,727 - INFO - --- Starting Fold 1/3 ---
2025-08-15 03:35:07,734 - INFO - Generated pairs. Train: 1128 (Positive: 48). Val: 276 (Positive: 24)
2025-08-15 03:35:07,734 - INFO - Starting training for fold 1/3
2025-08-15 03:35:15,304 - INFO - Fold 1, Epoch 10: Val Acc: 0.59%
2025-08-15 03:35:19,211 - INFO - Fold 1, Epoch 20: Val Acc: 0.72%
2025-08-15 03:35:20,924 - INFO - Fold 1, Epoch 30: Val Acc: 0.75%
2025-08-15 03:35:22,640 - INFO - Fold 1, Epoch 40: Val Acc: 0.69%
2025-08-15 03:35:26,760 - INFO - Fold 1, Epoch 50: Val Acc: 0.72%
2025-08-15 03:35:29,083 - INFO - Fold 1, Epoch 60: Val Acc: 0.62%
2025-08-15 03:35:31,407 - INFO - Fold 1, Epoch 70: Val Acc: 0.69%
2025-08-15 03:35:33,712 - INFO - Fold 1, Epoch 80: Val Acc: 0.78%
2025-08-15 03:35:36,020 - INFO - Fold 1, Epoch 90: Val Acc: 0.75%
2025-08-15 03:35:38,297 - INFO - Fold 1, Epoch 100: Val Acc: 0.81%
2025-08-15 03:35:40,502 - INFO - Fold 1, Epoch 110: Val Acc: 0.84%
2025-08-15 03:35:42,772 - INFO - Fold 1, Epoch 120: Val Acc: 0.66%
2025-08-15 03:35:45,011 - INFO - Fold 1, Epoch 130: Val Acc: 0.47%
2025-08-15 03:35:47,330 - INFO - Fold 1, Epoch 140: Val Acc: 0.72%
2025-08-15 03:35:48,022 - INFO - Early stopping at epoch 143
2025-08-15 03:35:51,552 - INFO - --- Starting Fold 2/3 ---
2025-08-15 03:35:51,554 - INFO - Generated pairs. Train: 1128 (Positive: 48). Val: 276 (Positive: 24)
2025-08-15 03:35:51,554 - INFO - Starting training for fold 2/3
2025-08-15 03:35:56,850 - INFO - Fold 2, Epoch 10: Val Acc: 0.53%
2025-08-15 03:36:01,813 - INFO - Fold 2, Epoch 20: Val Acc: 0.62%
2025-08-15 03:36:05,536 - INFO - Fold 2, Epoch 30: Val Acc: 0.66%
2025-08-15 03:36:09,123 - INFO - Fold 2, Epoch 40: Val Acc: 0.81%
2025-08-15 03:36:11,424 - INFO - Fold 2, Epoch 50: Val Acc: 0.69%
2025-08-15 03:36:13,733 - INFO - Fold 2, Epoch 60: Val Acc: 0.69%
2025-08-15 03:36:15,966 - INFO - Fold 2, Epoch 70: Val Acc: 0.75%
2025-08-15 03:36:18,026 - INFO - Fold 2, Epoch 80: Val Acc: 0.69%
2025-08-15 03:36:20,265 - INFO - Fold 2, Epoch 90: Val Acc: 0.66%
2025-08-15 03:36:22,073 - INFO - Fold 2, Epoch 100: Val Acc: 0.72%
2025-08-15 03:36:23,766 - INFO - Fold 2, Epoch 110: Val Acc: 0.75%
2025-08-15 03:36:25,480 - INFO - Fold 2, Epoch 120: Val Acc: 0.72%
2025-08-15 03:36:27,188 - INFO - Fold 2, Epoch 130: Val Acc: 0.66%
2025-08-15 03:36:27,361 - INFO - Early stopping at epoch 131
2025-08-15 03:36:30,333 - INFO - --- Starting Fold 3/3 ---
2025-08-15 03:36:30,336 - INFO - Generated pairs. Train: 1128 (Positive: 48). Val: 276 (Positive: 24)
2025-08-15 03:36:30,336 - INFO - Starting training for fold 3/3
2025-08-15 03:36:37,072 - INFO - Fold 3, Epoch 10: Val Acc: 0.50%
2025-08-15 03:36:39,291 - INFO - Fold 3, Epoch 20: Val Acc: 0.62%
2025-08-15 03:36:44,341 - INFO - Fold 3, Epoch 30: Val Acc: 0.72%
2025-08-15 03:36:47,912 - INFO - Fold 3, Epoch 40: Val Acc: 0.50%
2025-08-15 03:36:51,528 - INFO - Fold 3, Epoch 50: Val Acc: 0.72%
2025-08-15 03:36:55,161 - INFO - Fold 3, Epoch 60: Val Acc: 0.69%
2025-08-15 03:36:57,389 - INFO - Fold 3, Epoch 70: Val Acc: 0.81%
2025-08-15 03:36:59,603 - INFO - Fold 3, Epoch 80: Val Acc: 0.75%
2025-08-15 03:37:01,810 - INFO - Fold 3, Epoch 90: Val Acc: 0.75%
2025-08-15 03:37:03,610 - INFO - Fold 3, Epoch 100: Val Acc: 0.78%
2025-08-15 03:37:05,830 - INFO - Fold 3, Epoch 110: Val Acc: 0.69%
2025-08-15 03:37:09,487 - INFO - Fold 3, Epoch 120: Val Acc: 0.66%
2025-08-15 03:37:11,718 - INFO - Fold 3, Epoch 130: Val Acc: 0.72%
2025-08-15 03:37:13,538 - INFO - Fold 3, Epoch 140: Val Acc: 0.72%
2025-08-15 03:37:15,761 - INFO - Fold 3, Epoch 150: Val Acc: 0.69%
2025-08-15 03:37:17,989 - INFO - Fold 3, Epoch 160: Val Acc: 0.78%
2025-08-15 03:37:20,256 - INFO - Fold 3, Epoch 170: Val Acc: 0.78%
2025-08-15 03:37:22,558 - INFO - Fold 3, Epoch 180: Val Acc: 0.81%
2025-08-15 03:37:24,779 - INFO - Fold 3, Epoch 190: Val Acc: 0.88%
2025-08-15 03:37:27,007 - INFO - Fold 3, Epoch 200: Val Acc: 0.78%
2025-08-15 03:37:28,906 - INFO - Fold 3, Epoch 210: Val Acc: 0.72%
2025-08-15 03:37:29,574 - INFO - Early stopping at epoch 213
2025-08-15 03:37:30,615 - INFO - Cross-validation statistics for transformer: {'train_loss': {'mean': np.float64(3.9855469862620043), 'std': np.float64(0.04940402097831996)}, 'train_accuracy': {'mean': np.float64(0.732638888888889), 'std': np.float64(0.04364515656241856)}, 'val_loss': {'mean': np.float64(4.191720167795817), 'std': np.float64(0.057227845505068924)}, 'val_accuracy': {'mean': np.float64(0.9270833333333334), 'std': np.float64(0.01473139127471974)}, 'epoch': {'mean': np.float64(61.333333333333336), 'std': np.float64(36.160137659521645)}}
[I 2025-08-15 03:37:30,622] Trial 178 finished with value: -0.9270833333333334 and parameters: {'learning_rate': 0.0006567200522378861, 'batch_size': 32, 'num_epochs': 935, 'temperature': 0.3903814289733004, 'embedding_dim': 128, 'hidden_dim': 256, 'dropout': 0.18041828932681286, 'num_layers': 5, 'num_heads': 4, 'noise_enabled': True, 'shift_enabled': False, 'scale_enabled': True, 'crop_enabled': True, 'flip_enabled': False, 'permutation_enabled': False, 'noise_level': 0.1996502982024172, 'crop_size': 0.5304282893387605}. Best is trial 92 with value: -0.9479166666666666.
Actual device being used: cuda
Attempting to load data from: /vol/ecrg-solar/woodj4/fishy-business/data/REIMS.xlsx
Trial 178 finished with value: -0.9270833333333334 and parameters: {'learning_rate': 0.0006567200522378861, 'batch_size': 32, 'num_epochs': 935, 'temperature': 0.3903814289733004, 'embedding_dim': 128, 'hidden_dim': 256, 'dropout': 0.18041828932681286, 'num_layers': 5, 'num_heads': 4, 'noise_enabled': True, 'shift_enabled': False, 'scale_enabled': True, 'crop_enabled': True, 'flip_enabled': False, 'permutation_enabled': False, 'noise_level': 0.1996502982024172, 'crop_size': 0.5304282893387605}. Best is trial 92 with value: -0.9479166666666666.
2025-08-15 03:37:30,665 - INFO - Using device: cuda
2025-08-15 03:37:40,526 - INFO - --- Starting Fold 1/3 ---
2025-08-15 03:37:40,527 - INFO - Generated pairs. Train: 1128 (Positive: 48). Val: 276 (Positive: 24)
2025-08-15 03:37:40,528 - INFO - Starting training for fold 1/3
/usr/pkg/lib/python3.12/site-packages/torch/optim/lr_scheduler.py:227: UserWarning: Detected call of `lr_scheduler.step()` before `optimizer.step()`. In PyTorch 1.1.0 and later, you should call them in the opposite order: `optimizer.step()` before `lr_scheduler.step()`.  Failure to do this will result in PyTorch skipping the first value of the learning rate schedule. See more details at https://pytorch.org/docs/stable/optim.html#how-to-adjust-learning-rate
  warnings.warn(
2025-08-15 03:37:51,333 - INFO - Fold 1, Epoch 10: Val Acc: 0.56%
2025-08-15 03:37:53,461 - INFO - Fold 1, Epoch 20: Val Acc: 0.66%
2025-08-15 03:37:57,639 - INFO - Fold 1, Epoch 30: Val Acc: 0.75%
2025-08-15 03:37:59,718 - INFO - Fold 1, Epoch 40: Val Acc: 0.72%
2025-08-15 03:38:01,810 - INFO - Fold 1, Epoch 50: Val Acc: 0.69%
2025-08-15 03:38:08,109 - INFO - Fold 1, Epoch 60: Val Acc: 0.69%
2025-08-15 03:38:10,188 - INFO - Fold 1, Epoch 70: Val Acc: 0.72%
2025-08-15 03:38:11,986 - INFO - Fold 1, Epoch 80: Val Acc: 0.78%
2025-08-15 03:38:13,671 - INFO - Fold 1, Epoch 90: Val Acc: 0.75%
2025-08-15 03:38:15,777 - INFO - Fold 1, Epoch 100: Val Acc: 0.62%
2025-08-15 03:38:17,995 - INFO - Fold 1, Epoch 110: Val Acc: 0.66%
2025-08-15 03:38:22,325 - INFO - Fold 1, Epoch 120: Val Acc: 0.69%
2025-08-15 03:38:24,440 - INFO - Fold 1, Epoch 130: Val Acc: 0.59%
2025-08-15 03:38:26,556 - INFO - Fold 1, Epoch 140: Val Acc: 0.72%
2025-08-15 03:38:28,710 - INFO - Fold 1, Epoch 150: Val Acc: 0.75%
2025-08-15 03:38:30,852 - INFO - Fold 1, Epoch 160: Val Acc: 0.66%
2025-08-15 03:38:33,064 - INFO - Fold 1, Epoch 170: Val Acc: 0.66%
2025-08-15 03:38:35,268 - INFO - Fold 1, Epoch 180: Val Acc: 0.81%
2025-08-15 03:38:37,506 - INFO - Fold 1, Epoch 190: Val Acc: 0.69%
2025-08-15 03:38:39,794 - INFO - Fold 1, Epoch 200: Val Acc: 0.69%
2025-08-15 03:38:42,094 - INFO - Fold 1, Epoch 210: Val Acc: 0.75%
2025-08-15 03:38:43,449 - INFO - Early stopping at epoch 216
2025-08-15 03:38:46,913 - INFO - --- Starting Fold 2/3 ---
2025-08-15 03:38:46,915 - INFO - Generated pairs. Train: 1128 (Positive: 48). Val: 276 (Positive: 24)
2025-08-15 03:38:46,916 - INFO - Starting training for fold 2/3
2025-08-15 03:38:52,300 - INFO - Fold 2, Epoch 10: Val Acc: 0.53%
2025-08-15 03:38:55,703 - INFO - Fold 2, Epoch 20: Val Acc: 0.59%
2025-08-15 03:38:58,909 - INFO - Fold 2, Epoch 30: Val Acc: 0.78%
2025-08-15 03:39:02,554 - INFO - Fold 2, Epoch 40: Val Acc: 0.56%
2025-08-15 03:39:06,045 - INFO - Fold 2, Epoch 50: Val Acc: 0.62%
2025-08-15 03:39:07,732 - INFO - Fold 2, Epoch 60: Val Acc: 0.59%
2025-08-15 03:39:09,417 - INFO - Fold 2, Epoch 70: Val Acc: 0.81%
2025-08-15 03:39:11,102 - INFO - Fold 2, Epoch 80: Val Acc: 0.66%
2025-08-15 03:39:12,785 - INFO - Fold 2, Epoch 90: Val Acc: 0.72%
2025-08-15 03:39:14,468 - INFO - Fold 2, Epoch 100: Val Acc: 0.72%
2025-08-15 03:39:16,151 - INFO - Fold 2, Epoch 110: Val Acc: 0.62%
2025-08-15 03:39:19,557 - INFO - Fold 2, Epoch 120: Val Acc: 0.72%
2025-08-15 03:39:21,762 - INFO - Fold 2, Epoch 130: Val Acc: 0.72%
2025-08-15 03:39:23,963 - INFO - Fold 2, Epoch 140: Val Acc: 0.72%
2025-08-15 03:39:26,165 - INFO - Fold 2, Epoch 150: Val Acc: 0.75%
2025-08-15 03:39:28,371 - INFO - Fold 2, Epoch 160: Val Acc: 0.66%
2025-08-15 03:39:30,572 - INFO - Fold 2, Epoch 170: Val Acc: 0.72%
2025-08-15 03:39:32,772 - INFO - Fold 2, Epoch 180: Val Acc: 0.91%
2025-08-15 03:39:34,975 - INFO - Fold 2, Epoch 190: Val Acc: 0.78%
2025-08-15 03:39:37,186 - INFO - Fold 2, Epoch 200: Val Acc: 0.62%
2025-08-15 03:39:39,333 - INFO - Fold 2, Epoch 210: Val Acc: 0.72%
2025-08-15 03:39:39,990 - INFO - Early stopping at epoch 213
2025-08-15 03:39:42,795 - INFO - --- Starting Fold 3/3 ---
2025-08-15 03:39:42,797 - INFO - Generated pairs. Train: 1128 (Positive: 48). Val: 276 (Positive: 24)
2025-08-15 03:39:42,798 - INFO - Starting training for fold 3/3
2025-08-15 03:39:49,179 - INFO - Fold 3, Epoch 10: Val Acc: 0.56%
2025-08-15 03:39:52,532 - INFO - Fold 3, Epoch 20: Val Acc: 0.41%
2025-08-15 03:39:55,945 - INFO - Fold 3, Epoch 30: Val Acc: 0.69%
2025-08-15 03:39:59,383 - INFO - Fold 3, Epoch 40: Val Acc: 0.75%
2025-08-15 03:40:02,988 - INFO - Fold 3, Epoch 50: Val Acc: 0.69%
2025-08-15 03:40:06,017 - INFO - Fold 3, Epoch 60: Val Acc: 0.88%
2025-08-15 03:40:08,046 - INFO - Fold 3, Epoch 70: Val Acc: 0.84%
2025-08-15 03:40:09,743 - INFO - Fold 3, Epoch 80: Val Acc: 0.69%
2025-08-15 03:40:13,406 - INFO - Fold 3, Epoch 90: Val Acc: 0.81%
2025-08-15 03:40:15,623 - INFO - Fold 3, Epoch 100: Val Acc: 0.75%
2025-08-15 03:40:17,850 - INFO - Fold 3, Epoch 110: Val Acc: 0.59%
2025-08-15 03:40:20,066 - INFO - Fold 3, Epoch 120: Val Acc: 0.72%
2025-08-15 03:40:22,289 - INFO - Fold 3, Epoch 130: Val Acc: 0.75%
2025-08-15 03:40:24,508 - INFO - Fold 3, Epoch 140: Val Acc: 0.84%
2025-08-15 03:40:26,456 - INFO - Fold 3, Epoch 150: Val Acc: 0.62%
2025-08-15 03:40:28,521 - INFO - Fold 3, Epoch 160: Val Acc: 0.91%
2025-08-15 03:40:30,218 - INFO - Fold 3, Epoch 170: Val Acc: 0.72%
2025-08-15 03:40:32,186 - INFO - Fold 3, Epoch 180: Val Acc: 0.81%
2025-08-15 03:40:33,740 - INFO - Early stopping at epoch 187
2025-08-15 03:40:35,098 - INFO - Cross-validation statistics for transformer: {'train_loss': {'mean': np.float64(3.9498063723246255), 'std': np.float64(0.05904038320400908)}, 'train_accuracy': {'mean': np.float64(0.7291666666666666), 'std': np.float64(0.025515518153991484)}, 'val_loss': {'mean': np.float64(4.212924321492513), 'std': np.float64(0.09080785920689097)}, 'val_accuracy': {'mean': np.float64(0.9166666666666666), 'std': np.float64(0.02946278254943948)}, 'epoch': {'mean': np.float64(104.33333333333333), 'std': np.float64(13.021349989749739)}}
[I 2025-08-15 03:40:35,109] Trial 179 finished with value: -0.9166666666666666 and parameters: {'learning_rate': 0.0004201420434402039, 'batch_size': 32, 'num_epochs': 411, 'temperature': 0.3395475936660261, 'embedding_dim': 128, 'hidden_dim': 256, 'dropout': 0.46117695560550087, 'num_layers': 5, 'num_heads': 8, 'noise_enabled': True, 'shift_enabled': False, 'scale_enabled': False, 'crop_enabled': True, 'flip_enabled': False, 'permutation_enabled': False, 'noise_level': 0.10244934898921852, 'crop_size': 0.5557376311272019}. Best is trial 92 with value: -0.9479166666666666.
Actual device being used: cuda
Attempting to load data from: /vol/ecrg-solar/woodj4/fishy-business/data/REIMS.xlsx
Trial 179 finished with value: -0.9166666666666666 and parameters: {'learning_rate': 0.0004201420434402039, 'batch_size': 32, 'num_epochs': 411, 'temperature': 0.3395475936660261, 'embedding_dim': 128, 'hidden_dim': 256, 'dropout': 0.46117695560550087, 'num_layers': 5, 'num_heads': 8, 'noise_enabled': True, 'shift_enabled': False, 'scale_enabled': False, 'crop_enabled': True, 'flip_enabled': False, 'permutation_enabled': False, 'noise_level': 0.10244934898921852, 'crop_size': 0.5557376311272019}. Best is trial 92 with value: -0.9479166666666666.
2025-08-15 03:40:35,164 - INFO - Using device: cuda
2025-08-15 03:40:44,839 - INFO - --- Starting Fold 1/3 ---
2025-08-15 03:40:44,841 - INFO - Generated pairs. Train: 1128 (Positive: 48). Val: 276 (Positive: 24)
2025-08-15 03:40:44,841 - INFO - Starting training for fold 1/3
2025-08-15 03:40:53,767 - INFO - Fold 1, Epoch 10: Val Acc: 0.62%
2025-08-15 03:41:02,748 - INFO - Fold 1, Epoch 20: Val Acc: 0.78%
2025-08-15 03:41:04,986 - INFO - Fold 1, Epoch 30: Val Acc: 0.69%
2025-08-15 03:41:07,223 - INFO - Fold 1, Epoch 40: Val Acc: 0.69%
2025-08-15 03:41:09,446 - INFO - Fold 1, Epoch 50: Val Acc: 0.78%
2025-08-15 03:41:11,681 - INFO - Fold 1, Epoch 60: Val Acc: 0.81%
2025-08-15 03:41:13,620 - INFO - Fold 1, Epoch 70: Val Acc: 0.69%
2025-08-15 03:41:18,300 - INFO - Fold 1, Epoch 80: Val Acc: 0.75%
2025-08-15 03:41:20,539 - INFO - Fold 1, Epoch 90: Val Acc: 0.78%
2025-08-15 03:41:22,782 - INFO - Fold 1, Epoch 100: Val Acc: 0.72%
2025-08-15 03:41:25,006 - INFO - Fold 1, Epoch 110: Val Acc: 0.59%
2025-08-15 03:41:27,236 - INFO - Fold 1, Epoch 120: Val Acc: 0.66%
2025-08-15 03:41:29,467 - INFO - Fold 1, Epoch 130: Val Acc: 0.69%
2025-08-15 03:41:31,713 - INFO - Fold 1, Epoch 140: Val Acc: 0.62%
2025-08-15 03:41:36,332 - INFO - Fold 1, Epoch 150: Val Acc: 0.84%
2025-08-15 03:41:38,573 - INFO - Fold 1, Epoch 160: Val Acc: 0.84%
2025-08-15 03:41:40,812 - INFO - Fold 1, Epoch 170: Val Acc: 0.72%
2025-08-15 03:41:42,886 - INFO - Fold 1, Epoch 180: Val Acc: 0.66%
2025-08-15 03:41:45,040 - INFO - Fold 1, Epoch 190: Val Acc: 0.59%
2025-08-15 03:41:47,264 - INFO - Fold 1, Epoch 200: Val Acc: 0.78%
2025-08-15 03:41:49,483 - INFO - Fold 1, Epoch 210: Val Acc: 0.56%
2025-08-15 03:41:51,705 - INFO - Fold 1, Epoch 220: Val Acc: 0.72%
2025-08-15 03:41:53,935 - INFO - Fold 1, Epoch 230: Val Acc: 0.72%
2025-08-15 03:41:56,159 - INFO - Fold 1, Epoch 240: Val Acc: 0.75%
2025-08-15 03:41:56,992 - INFO - Early stopping at epoch 244
2025-08-15 03:42:00,501 - INFO - --- Starting Fold 2/3 ---
2025-08-15 03:42:00,505 - INFO - Generated pairs. Train: 1128 (Positive: 48). Val: 276 (Positive: 24)
2025-08-15 03:42:00,505 - INFO - Starting training for fold 2/3
2025-08-15 03:42:12,419 - INFO - Fold 2, Epoch 10: Val Acc: 0.75%
2025-08-15 03:42:15,662 - INFO - Fold 2, Epoch 20: Val Acc: 0.78%
2025-08-15 03:42:17,754 - INFO - Fold 2, Epoch 30: Val Acc: 0.72%
2025-08-15 03:42:20,035 - INFO - Fold 2, Epoch 40: Val Acc: 0.69%
2025-08-15 03:42:22,381 - INFO - Fold 2, Epoch 50: Val Acc: 0.81%
2025-08-15 03:42:26,110 - INFO - Fold 2, Epoch 60: Val Acc: 0.72%
2025-08-15 03:42:28,425 - INFO - Fold 2, Epoch 70: Val Acc: 0.72%
2025-08-15 03:42:30,730 - INFO - Fold 2, Epoch 80: Val Acc: 0.81%
2025-08-15 03:42:33,033 - INFO - Fold 2, Epoch 90: Val Acc: 0.78%
2025-08-15 03:42:35,364 - INFO - Fold 2, Epoch 100: Val Acc: 0.84%
2025-08-15 03:42:37,678 - INFO - Fold 2, Epoch 110: Val Acc: 0.78%
2025-08-15 03:42:39,983 - INFO - Fold 2, Epoch 120: Val Acc: 0.84%
2025-08-15 03:42:42,270 - INFO - Fold 2, Epoch 130: Val Acc: 0.78%
2025-08-15 03:42:44,542 - INFO - Fold 2, Epoch 140: Val Acc: 0.75%
2025-08-15 03:42:46,709 - INFO - Fold 2, Epoch 150: Val Acc: 0.91%
2025-08-15 03:42:46,913 - INFO - Early stopping at epoch 151
2025-08-15 03:42:49,777 - INFO - --- Starting Fold 3/3 ---
2025-08-15 03:42:49,780 - INFO - Generated pairs. Train: 1128 (Positive: 48). Val: 276 (Positive: 24)
2025-08-15 03:42:49,780 - INFO - Starting training for fold 3/3
2025-08-15 03:42:56,238 - INFO - Fold 3, Epoch 10: Val Acc: 0.72%
2025-08-15 03:42:59,652 - INFO - Fold 3, Epoch 20: Val Acc: 0.69%
2025-08-15 03:43:03,167 - INFO - Fold 3, Epoch 30: Val Acc: 0.78%
2025-08-15 03:43:05,387 - INFO - Fold 3, Epoch 40: Val Acc: 0.72%
2025-08-15 03:43:07,613 - INFO - Fold 3, Epoch 50: Val Acc: 0.72%
2025-08-15 03:43:11,088 - INFO - Fold 3, Epoch 60: Val Acc: 0.62%
2025-08-15 03:43:13,306 - INFO - Fold 3, Epoch 70: Val Acc: 0.69%
2025-08-15 03:43:15,527 - INFO - Fold 3, Epoch 80: Val Acc: 0.75%
2025-08-15 03:43:17,748 - INFO - Fold 3, Epoch 90: Val Acc: 0.72%
2025-08-15 03:43:21,381 - INFO - Fold 3, Epoch 100: Val Acc: 0.69%
2025-08-15 03:43:23,606 - INFO - Fold 3, Epoch 110: Val Acc: 0.75%
2025-08-15 03:43:27,284 - INFO - Fold 3, Epoch 120: Val Acc: 0.75%
2025-08-15 03:43:29,515 - INFO - Fold 3, Epoch 130: Val Acc: 0.69%
2025-08-15 03:43:31,744 - INFO - Fold 3, Epoch 140: Val Acc: 0.69%
2025-08-15 03:43:33,979 - INFO - Fold 3, Epoch 150: Val Acc: 0.69%
2025-08-15 03:43:36,210 - INFO - Fold 3, Epoch 160: Val Acc: 0.81%
2025-08-15 03:43:38,447 - INFO - Fold 3, Epoch 170: Val Acc: 0.59%
2025-08-15 03:43:40,734 - INFO - Fold 3, Epoch 180: Val Acc: 0.53%
2025-08-15 03:43:43,056 - INFO - Fold 3, Epoch 190: Val Acc: 0.69%
2025-08-15 03:43:45,384 - INFO - Fold 3, Epoch 200: Val Acc: 0.72%
2025-08-15 03:43:47,688 - INFO - Fold 3, Epoch 210: Val Acc: 0.62%
2025-08-15 03:43:49,101 - INFO - Early stopping at epoch 217
2025-08-15 03:43:50,125 - INFO - Cross-validation statistics for transformer: {'train_loss': {'mean': np.float64(3.778421296013726), 'std': np.float64(0.10601799950560517)}, 'train_accuracy': {'mean': np.float64(0.8194444444444445), 'std': np.float64(0.057893513890739795)}, 'val_loss': {'mean': np.float64(4.235650380452474), 'std': np.float64(0.04095797957576026)}, 'val_accuracy': {'mean': np.float64(0.9166666666666666), 'std': np.float64(0.01473139127471974)}, 'epoch': {'mean': np.float64(103.0), 'std': np.float64(39.06404996924922)}}
[I 2025-08-15 03:43:50,131] Trial 180 finished with value: -0.9166666666666666 and parameters: {'learning_rate': 0.0006194119002198034, 'batch_size': 32, 'num_epochs': 678, 'temperature': 0.24554854477650792, 'embedding_dim': 512, 'hidden_dim': 256, 'dropout': 0.2045675079746324, 'num_layers': 5, 'num_heads': 2, 'noise_enabled': True, 'shift_enabled': False, 'scale_enabled': True, 'crop_enabled': True, 'flip_enabled': False, 'permutation_enabled': False, 'noise_level': 0.1708564377825846, 'crop_size': 0.543698884709665}. Best is trial 92 with value: -0.9479166666666666.
Actual device being used: cuda
Attempting to load data from: /vol/ecrg-solar/woodj4/fishy-business/data/REIMS.xlsx
