Trial 52 finished with value: -0.9166666666666666 and parameters: {'learning_rate': 0.0003551974230631874, 'batch_size': 32, 'num_epochs': 743, 'temperature': 0.35713467247234604, 'embedding_dim': 128, 'hidden_dim': 256, 'dropout': 0.48565925587997966, 'num_layers': 4, 'num_heads': 8, 'noise_enabled': True, 'shift_enabled': False, 'scale_enabled': True, 'crop_enabled': True, 'flip_enabled': False, 'permutation_enabled': False, 'noise_level': 0.03717203755432058, 'crop_size': 0.5378245186252557}. Best is trial 9 with value: -0.9270833333333334.
2025-08-14 21:41:10,563 - INFO - Using device: cuda
2025-08-14 21:41:20,521 - INFO - --- Starting Fold 1/3 ---
2025-08-14 21:41:20,522 - INFO - Generated pairs. Train: 1128 (Positive: 48). Val: 276 (Positive: 24)
2025-08-14 21:41:20,523 - INFO - Starting training for fold 1/3
2025-08-14 21:41:27,688 - INFO - Fold 1, Epoch 10: Val Acc: 0.50%
2025-08-14 21:41:33,923 - INFO - Fold 1, Epoch 20: Val Acc: 0.72%
2025-08-14 21:41:38,438 - INFO - Fold 1, Epoch 30: Val Acc: 0.75%
2025-08-14 21:41:40,737 - INFO - Fold 1, Epoch 40: Val Acc: 0.56%
2025-08-14 21:41:42,997 - INFO - Fold 1, Epoch 50: Val Acc: 0.66%
2025-08-14 21:41:47,530 - INFO - Fold 1, Epoch 60: Val Acc: 0.69%
2025-08-14 21:41:49,726 - INFO - Fold 1, Epoch 70: Val Acc: 0.81%
2025-08-14 21:41:51,732 - INFO - Fold 1, Epoch 80: Val Acc: 0.81%
2025-08-14 21:41:53,731 - INFO - Fold 1, Epoch 90: Val Acc: 0.72%
2025-08-14 21:41:55,710 - INFO - Fold 1, Epoch 100: Val Acc: 0.66%
2025-08-14 21:41:57,964 - INFO - Fold 1, Epoch 110: Val Acc: 0.66%
2025-08-14 21:41:59,977 - INFO - Fold 1, Epoch 120: Val Acc: 0.81%
2025-08-14 21:42:01,931 - INFO - Fold 1, Epoch 130: Val Acc: 0.78%
2025-08-14 21:42:06,217 - INFO - Fold 1, Epoch 140: Val Acc: 0.62%
2025-08-14 21:42:08,189 - INFO - Fold 1, Epoch 150: Val Acc: 0.69%
2025-08-14 21:42:10,170 - INFO - Fold 1, Epoch 160: Val Acc: 0.72%
2025-08-14 21:42:12,158 - INFO - Fold 1, Epoch 170: Val Acc: 0.75%
2025-08-14 21:42:14,242 - INFO - Fold 1, Epoch 180: Val Acc: 0.62%
2025-08-14 21:42:16,555 - INFO - Fold 1, Epoch 190: Val Acc: 0.66%
2025-08-14 21:42:18,731 - INFO - Fold 1, Epoch 200: Val Acc: 0.66%
2025-08-14 21:42:21,048 - INFO - Fold 1, Epoch 210: Val Acc: 0.78%
2025-08-14 21:42:23,323 - INFO - Fold 1, Epoch 220: Val Acc: 0.75%
2025-08-14 21:42:25,393 - INFO - Fold 1, Epoch 230: Val Acc: 0.72%
2025-08-14 21:42:25,564 - INFO - Early stopping at epoch 231
2025-08-14 21:42:29,371 - INFO - --- Starting Fold 2/3 ---
2025-08-14 21:42:29,373 - INFO - Generated pairs. Train: 1128 (Positive: 48). Val: 276 (Positive: 24)
2025-08-14 21:42:29,374 - INFO - Starting training for fold 2/3
2025-08-14 21:42:37,343 - INFO - Fold 2, Epoch 10: Val Acc: 0.50%
2025-08-14 21:42:41,046 - INFO - Fold 2, Epoch 20: Val Acc: 0.50%
2025-08-14 21:42:44,507 - INFO - Fold 2, Epoch 30: Val Acc: 0.62%
2025-08-14 21:42:48,105 - INFO - Fold 2, Epoch 40: Val Acc: 0.75%
2025-08-14 21:42:51,572 - INFO - Fold 2, Epoch 50: Val Acc: 0.81%
2025-08-14 21:42:53,567 - INFO - Fold 2, Epoch 60: Val Acc: 0.66%
2025-08-14 21:42:56,739 - INFO - Fold 2, Epoch 70: Val Acc: 0.88%
2025-08-14 21:42:58,786 - INFO - Fold 2, Epoch 80: Val Acc: 0.66%
2025-08-14 21:43:00,840 - INFO - Fold 2, Epoch 90: Val Acc: 0.72%
2025-08-14 21:43:04,593 - INFO - Fold 2, Epoch 100: Val Acc: 0.84%
2025-08-14 21:43:06,825 - INFO - Fold 2, Epoch 110: Val Acc: 0.75%
2025-08-14 21:43:09,050 - INFO - Fold 2, Epoch 120: Val Acc: 0.78%
2025-08-14 21:43:11,284 - INFO - Fold 2, Epoch 130: Val Acc: 0.78%
2025-08-14 21:43:13,509 - INFO - Fold 2, Epoch 140: Val Acc: 0.69%
2025-08-14 21:43:15,684 - INFO - Fold 2, Epoch 150: Val Acc: 0.75%
2025-08-14 21:43:17,853 - INFO - Fold 2, Epoch 160: Val Acc: 0.69%
2025-08-14 21:43:19,845 - INFO - Fold 2, Epoch 170: Val Acc: 0.72%
2025-08-14 21:43:21,603 - INFO - Fold 2, Epoch 180: Val Acc: 0.75%
2025-08-14 21:43:23,298 - INFO - Fold 2, Epoch 190: Val Acc: 0.72%
2025-08-14 21:43:23,977 - INFO - Early stopping at epoch 194
2025-08-14 21:43:25,073 - INFO - --- Starting Fold 3/3 ---
2025-08-14 21:43:25,079 - INFO - Generated pairs. Train: 1128 (Positive: 48). Val: 276 (Positive: 24)
2025-08-14 21:43:25,080 - INFO - Starting training for fold 3/3
2025-08-14 21:43:30,473 - INFO - Fold 3, Epoch 10: Val Acc: 0.38%
2025-08-14 21:43:32,664 - INFO - Fold 3, Epoch 20: Val Acc: 0.62%
2025-08-14 21:43:37,184 - INFO - Fold 3, Epoch 30: Val Acc: 0.66%
2025-08-14 21:43:40,779 - INFO - Fold 3, Epoch 40: Val Acc: 0.69%
2025-08-14 21:43:42,811 - INFO - Fold 3, Epoch 50: Val Acc: 0.69%
2025-08-14 21:43:46,532 - INFO - Fold 3, Epoch 60: Val Acc: 0.66%
2025-08-14 21:43:50,127 - INFO - Fold 3, Epoch 70: Val Acc: 0.81%
2025-08-14 21:43:52,363 - INFO - Fold 3, Epoch 80: Val Acc: 0.72%
2025-08-14 21:43:55,974 - INFO - Fold 3, Epoch 90: Val Acc: 0.56%
2025-08-14 21:43:58,209 - INFO - Fold 3, Epoch 100: Val Acc: 0.75%
2025-08-14 21:44:00,449 - INFO - Fold 3, Epoch 110: Val Acc: 0.66%
2025-08-14 21:44:02,663 - INFO - Fold 3, Epoch 120: Val Acc: 0.78%
2025-08-14 21:44:04,879 - INFO - Fold 3, Epoch 130: Val Acc: 0.66%
2025-08-14 21:44:07,097 - INFO - Fold 3, Epoch 140: Val Acc: 0.66%
2025-08-14 21:44:09,320 - INFO - Fold 3, Epoch 150: Val Acc: 0.75%
2025-08-14 21:44:11,544 - INFO - Fold 3, Epoch 160: Val Acc: 0.75%
2025-08-14 21:44:13,768 - INFO - Fold 3, Epoch 170: Val Acc: 0.69%
2025-08-14 21:44:15,989 - INFO - Fold 3, Epoch 180: Val Acc: 0.56%
2025-08-14 21:44:17,100 - INFO - Early stopping at epoch 185
2025-08-14 21:44:18,218 - INFO - Cross-validation statistics for transformer: {'train_loss': {'mean': np.float64(3.8707498709360757), 'std': np.float64(0.04043617214117235)}, 'train_accuracy': {'mean': np.float64(0.7708333333333334), 'std': np.float64(0.03707318837510874)}, 'val_loss': {'mean': np.float64(4.181634426116943), 'std': np.float64(0.09778021104182402)}, 'val_accuracy': {'mean': np.float64(0.90625), 'std': np.float64(0.0)}, 'epoch': {'mean': np.float64(102.33333333333333), 'std': np.float64(19.90533150244482)}}
[I 2025-08-14 21:44:18,229] Trial 53 finished with value: -0.90625 and parameters: {'learning_rate': 0.0005929208910595332, 'batch_size': 32, 'num_epochs': 716, 'temperature': 0.32791533354885427, 'embedding_dim': 128, 'hidden_dim': 256, 'dropout': 0.42875296049776745, 'num_layers': 5, 'num_heads': 8, 'noise_enabled': True, 'shift_enabled': False, 'scale_enabled': True, 'crop_enabled': True, 'flip_enabled': False, 'permutation_enabled': False, 'noise_level': 0.19110964664908642, 'crop_size': 0.5659229465455194}. Best is trial 9 with value: -0.9270833333333334.
Actual device being used: cuda
Attempting to load data from: /vol/ecrg-solar/woodj4/fishy-business/data/REIMS.xlsx
Trial 53 finished with value: -0.90625 and parameters: {'learning_rate': 0.0005929208910595332, 'batch_size': 32, 'num_epochs': 716, 'temperature': 0.32791533354885427, 'embedding_dim': 128, 'hidden_dim': 256, 'dropout': 0.42875296049776745, 'num_layers': 5, 'num_heads': 8, 'noise_enabled': True, 'shift_enabled': False, 'scale_enabled': True, 'crop_enabled': True, 'flip_enabled': False, 'permutation_enabled': False, 'noise_level': 0.19110964664908642, 'crop_size': 0.5659229465455194}. Best is trial 9 with value: -0.9270833333333334.
2025-08-14 21:44:18,259 - INFO - Using device: cuda
2025-08-14 21:44:28,025 - INFO - --- Starting Fold 1/3 ---
2025-08-14 21:44:28,027 - INFO - Generated pairs. Train: 1128 (Positive: 48). Val: 276 (Positive: 24)
2025-08-14 21:44:28,027 - INFO - Starting training for fold 1/3
2025-08-14 21:44:38,296 - INFO - Fold 1, Epoch 10: Val Acc: 0.72%
2025-08-14 21:44:43,236 - INFO - Fold 1, Epoch 20: Val Acc: 0.72%
2025-08-14 21:44:45,103 - INFO - Fold 1, Epoch 30: Val Acc: 0.62%
2025-08-14 21:44:47,317 - INFO - Fold 1, Epoch 40: Val Acc: 0.72%
2025-08-14 21:44:54,980 - INFO - Fold 1, Epoch 50: Val Acc: 0.62%
2025-08-14 21:44:57,422 - INFO - Fold 1, Epoch 60: Val Acc: 0.75%
2025-08-14 21:45:02,515 - INFO - Fold 1, Epoch 70: Val Acc: 0.75%
2025-08-14 21:45:04,966 - INFO - Fold 1, Epoch 80: Val Acc: 0.66%
2025-08-14 21:45:07,422 - INFO - Fold 1, Epoch 90: Val Acc: 0.78%
2025-08-14 21:45:09,871 - INFO - Fold 1, Epoch 100: Val Acc: 0.75%
2025-08-14 21:45:11,803 - INFO - Fold 1, Epoch 110: Val Acc: 0.72%
2025-08-14 21:45:13,938 - INFO - Fold 1, Epoch 120: Val Acc: 0.78%
2025-08-14 21:45:16,394 - INFO - Fold 1, Epoch 130: Val Acc: 0.66%
2025-08-14 21:45:18,819 - INFO - Fold 1, Epoch 140: Val Acc: 0.56%
2025-08-14 21:45:21,271 - INFO - Fold 1, Epoch 150: Val Acc: 0.72%
2025-08-14 21:45:23,710 - INFO - Fold 1, Epoch 160: Val Acc: 0.66%
2025-08-14 21:45:23,964 - INFO - Early stopping at epoch 161
2025-08-14 21:45:28,049 - INFO - --- Starting Fold 2/3 ---
2025-08-14 21:45:28,053 - INFO - Generated pairs. Train: 1128 (Positive: 48). Val: 276 (Positive: 24)
2025-08-14 21:45:28,054 - INFO - Starting training for fold 2/3
2025-08-14 21:45:37,312 - INFO - Fold 2, Epoch 10: Val Acc: 0.66%
2025-08-14 21:45:44,956 - INFO - Fold 2, Epoch 20: Val Acc: 0.75%
2025-08-14 21:45:49,241 - INFO - Fold 2, Epoch 30: Val Acc: 0.78%
2025-08-14 21:45:51,687 - INFO - Fold 2, Epoch 40: Val Acc: 0.81%
2025-08-14 21:45:54,144 - INFO - Fold 2, Epoch 50: Val Acc: 0.84%
2025-08-14 21:45:56,649 - INFO - Fold 2, Epoch 60: Val Acc: 0.88%
2025-08-14 21:45:59,042 - INFO - Fold 2, Epoch 70: Val Acc: 0.84%
2025-08-14 21:46:02,495 - INFO - Fold 2, Epoch 80: Val Acc: 0.91%
2025-08-14 21:46:06,177 - INFO - Fold 2, Epoch 90: Val Acc: 0.66%
2025-08-14 21:46:08,636 - INFO - Fold 2, Epoch 100: Val Acc: 0.69%
2025-08-14 21:46:11,100 - INFO - Fold 2, Epoch 110: Val Acc: 0.81%
2025-08-14 21:46:13,558 - INFO - Fold 2, Epoch 120: Val Acc: 0.88%
2025-08-14 21:46:16,006 - INFO - Fold 2, Epoch 130: Val Acc: 0.81%
2025-08-14 21:46:18,468 - INFO - Fold 2, Epoch 140: Val Acc: 0.75%
2025-08-14 21:46:20,911 - INFO - Fold 2, Epoch 150: Val Acc: 0.69%
2025-08-14 21:46:23,381 - INFO - Fold 2, Epoch 160: Val Acc: 0.78%
2025-08-14 21:46:25,837 - INFO - Fold 2, Epoch 170: Val Acc: 0.69%
2025-08-14 21:46:28,289 - INFO - Fold 2, Epoch 180: Val Acc: 0.66%
2025-08-14 21:46:30,496 - INFO - Early stopping at epoch 189
2025-08-14 21:46:33,755 - INFO - --- Starting Fold 3/3 ---
2025-08-14 21:46:33,758 - INFO - Generated pairs. Train: 1128 (Positive: 48). Val: 276 (Positive: 24)
2025-08-14 21:46:33,758 - INFO - Starting training for fold 3/3
2025-08-14 21:46:43,125 - INFO - Fold 3, Epoch 10: Val Acc: 0.75%
2025-08-14 21:46:45,658 - INFO - Fold 3, Epoch 20: Val Acc: 0.59%
2025-08-14 21:46:48,193 - INFO - Fold 3, Epoch 30: Val Acc: 0.59%
2025-08-14 21:46:52,300 - INFO - Fold 3, Epoch 40: Val Acc: 0.72%
2025-08-14 21:46:54,746 - INFO - Fold 3, Epoch 50: Val Acc: 0.72%
2025-08-14 21:46:58,931 - INFO - Fold 3, Epoch 60: Val Acc: 0.84%
2025-08-14 21:47:01,216 - INFO - Fold 3, Epoch 70: Val Acc: 0.81%
2025-08-14 21:47:03,624 - INFO - Fold 3, Epoch 80: Val Acc: 0.75%
2025-08-14 21:47:06,173 - INFO - Fold 3, Epoch 90: Val Acc: 0.78%
2025-08-14 21:47:08,696 - INFO - Fold 3, Epoch 100: Val Acc: 0.84%
2025-08-14 21:47:11,222 - INFO - Fold 3, Epoch 110: Val Acc: 0.62%
2025-08-14 21:47:13,758 - INFO - Fold 3, Epoch 120: Val Acc: 0.75%
2025-08-14 21:47:16,302 - INFO - Fold 3, Epoch 130: Val Acc: 0.75%
2025-08-14 21:47:18,842 - INFO - Fold 3, Epoch 140: Val Acc: 0.62%
2025-08-14 21:47:21,379 - INFO - Fold 3, Epoch 150: Val Acc: 0.69%
2025-08-14 21:47:22,649 - INFO - Early stopping at epoch 155
2025-08-14 21:47:23,934 - INFO - Cross-validation statistics for transformer: {'train_loss': {'mean': np.float64(3.960854636298286), 'std': np.float64(0.006980862216528223)}, 'train_accuracy': {'mean': np.float64(0.7118055555555557), 'std': np.float64(0.01299186592629842)}, 'val_loss': {'mean': np.float64(4.233368714650472), 'std': np.float64(0.08769145406745935)}, 'val_accuracy': {'mean': np.float64(0.90625), 'std': np.float64(0.02551551815399144)}, 'epoch': {'mean': np.float64(67.33333333333333), 'std': np.float64(14.817407180595247)}}
[I 2025-08-14 21:47:23,941] Trial 54 finished with value: -0.90625 and parameters: {'learning_rate': 0.0007340519950666874, 'batch_size': 32, 'num_epochs': 602, 'temperature': 0.4838432671520784, 'embedding_dim': 128, 'hidden_dim': 256, 'dropout': 0.38964462901374897, 'num_layers': 6, 'num_heads': 8, 'noise_enabled': True, 'shift_enabled': False, 'scale_enabled': True, 'crop_enabled': True, 'flip_enabled': False, 'permutation_enabled': False, 'noise_level': 0.1745905720053316, 'crop_size': 0.5188991044585726}. Best is trial 9 with value: -0.9270833333333334.
Actual device being used: cuda
Attempting to load data from: /vol/ecrg-solar/woodj4/fishy-business/data/REIMS.xlsx
Trial 54 finished with value: -0.90625 and parameters: {'learning_rate': 0.0007340519950666874, 'batch_size': 32, 'num_epochs': 602, 'temperature': 0.4838432671520784, 'embedding_dim': 128, 'hidden_dim': 256, 'dropout': 0.38964462901374897, 'num_layers': 6, 'num_heads': 8, 'noise_enabled': True, 'shift_enabled': False, 'scale_enabled': True, 'crop_enabled': True, 'flip_enabled': False, 'permutation_enabled': False, 'noise_level': 0.1745905720053316, 'crop_size': 0.5188991044585726}. Best is trial 9 with value: -0.9270833333333334.
2025-08-14 21:47:23,972 - INFO - Using device: cuda
2025-08-14 21:47:33,555 - INFO - --- Starting Fold 1/3 ---
2025-08-14 21:47:33,556 - INFO - Generated pairs. Train: 1128 (Positive: 48). Val: 276 (Positive: 24)
2025-08-14 21:47:33,557 - INFO - Starting training for fold 1/3
2025-08-14 21:47:44,937 - INFO - Fold 1, Epoch 10: Val Acc: 0.50%
2025-08-14 21:47:49,335 - INFO - Fold 1, Epoch 20: Val Acc: 0.47%
2025-08-14 21:47:51,571 - INFO - Fold 1, Epoch 30: Val Acc: 0.38%
2025-08-14 21:47:53,880 - INFO - Fold 1, Epoch 40: Val Acc: 0.56%
2025-08-14 21:47:56,112 - INFO - Fold 1, Epoch 50: Val Acc: 0.56%
2025-08-14 21:47:58,426 - INFO - Fold 1, Epoch 60: Val Acc: 0.50%
2025-08-14 21:48:00,751 - INFO - Fold 1, Epoch 70: Val Acc: 0.62%
2025-08-14 21:48:03,086 - INFO - Fold 1, Epoch 80: Val Acc: 0.56%
2025-08-14 21:48:05,406 - INFO - Fold 1, Epoch 90: Val Acc: 0.50%
2025-08-14 21:48:07,673 - INFO - Fold 1, Epoch 100: Val Acc: 0.62%
2025-08-14 21:48:09,896 - INFO - Fold 1, Epoch 110: Val Acc: 0.62%
2025-08-14 21:48:10,782 - INFO - Early stopping at epoch 114
2025-08-14 21:48:14,302 - INFO - --- Starting Fold 2/3 ---
2025-08-14 21:48:14,314 - INFO - Generated pairs. Train: 1128 (Positive: 48). Val: 276 (Positive: 24)
2025-08-14 21:48:14,315 - INFO - Starting training for fold 2/3
2025-08-14 21:48:22,275 - INFO - Fold 2, Epoch 10: Val Acc: 0.47%
2025-08-14 21:48:24,512 - INFO - Fold 2, Epoch 20: Val Acc: 0.50%
2025-08-14 21:48:26,748 - INFO - Fold 2, Epoch 30: Val Acc: 0.44%
2025-08-14 21:48:28,984 - INFO - Fold 2, Epoch 40: Val Acc: 0.53%
2025-08-14 21:48:31,217 - INFO - Fold 2, Epoch 50: Val Acc: 0.56%
2025-08-14 21:48:33,459 - INFO - Fold 2, Epoch 60: Val Acc: 0.50%
2025-08-14 21:48:35,696 - INFO - Fold 2, Epoch 70: Val Acc: 0.56%
2025-08-14 21:48:37,409 - INFO - Fold 2, Epoch 80: Val Acc: 0.53%
2025-08-14 21:48:39,512 - INFO - Fold 2, Epoch 90: Val Acc: 0.41%
2025-08-14 21:48:41,746 - INFO - Fold 2, Epoch 100: Val Acc: 0.56%
2025-08-14 21:48:42,421 - INFO - Early stopping at epoch 103
2025-08-14 21:48:45,273 - INFO - --- Starting Fold 3/3 ---
2025-08-14 21:48:45,276 - INFO - Generated pairs. Train: 1128 (Positive: 48). Val: 276 (Positive: 24)
2025-08-14 21:48:45,276 - INFO - Starting training for fold 3/3
2025-08-14 21:48:55,581 - INFO - Fold 3, Epoch 10: Val Acc: 0.47%
2025-08-14 21:48:57,852 - INFO - Fold 3, Epoch 20: Val Acc: 0.59%
2025-08-14 21:49:00,044 - INFO - Fold 3, Epoch 30: Val Acc: 0.47%
2025-08-14 21:49:02,270 - INFO - Fold 3, Epoch 40: Val Acc: 0.50%
2025-08-14 21:49:04,495 - INFO - Fold 3, Epoch 50: Val Acc: 0.56%
2025-08-14 21:49:06,725 - INFO - Fold 3, Epoch 60: Val Acc: 0.66%
2025-08-14 21:49:10,273 - INFO - Fold 3, Epoch 70: Val Acc: 0.53%
2025-08-14 21:49:12,487 - INFO - Fold 3, Epoch 80: Val Acc: 0.38%
2025-08-14 21:49:14,693 - INFO - Fold 3, Epoch 90: Val Acc: 0.53%
2025-08-14 21:49:16,910 - INFO - Fold 3, Epoch 100: Val Acc: 0.50%
2025-08-14 21:49:19,133 - INFO - Fold 3, Epoch 110: Val Acc: 0.50%
2025-08-14 21:49:22,909 - INFO - Fold 3, Epoch 120: Val Acc: 0.47%
2025-08-14 21:49:25,119 - INFO - Fold 3, Epoch 130: Val Acc: 0.56%
2025-08-14 21:49:27,328 - INFO - Fold 3, Epoch 140: Val Acc: 0.66%
2025-08-14 21:49:29,539 - INFO - Fold 3, Epoch 150: Val Acc: 0.44%
2025-08-14 21:49:31,710 - INFO - Fold 3, Epoch 160: Val Acc: 0.62%
2025-08-14 21:49:33,412 - INFO - Fold 3, Epoch 170: Val Acc: 0.66%
2025-08-14 21:49:35,348 - INFO - Fold 3, Epoch 180: Val Acc: 0.62%
2025-08-14 21:49:37,569 - INFO - Fold 3, Epoch 190: Val Acc: 0.53%
2025-08-14 21:49:39,779 - INFO - Fold 3, Epoch 200: Val Acc: 0.53%
2025-08-14 21:49:41,997 - INFO - Fold 3, Epoch 210: Val Acc: 0.66%
2025-08-14 21:49:42,218 - INFO - Early stopping at epoch 211
2025-08-14 21:49:45,105 - INFO - Cross-validation statistics for transformer: {'train_loss': {'mean': np.float64(4.231067763434516), 'std': np.float64(0.011852523254783788)}, 'train_accuracy': {'mean': np.float64(0.5972222222222222), 'std': np.float64(0.03220006422047118)}, 'val_loss': {'mean': np.float64(4.17744239171346), 'std': np.float64(0.07006442366653147)}, 'val_accuracy': {'mean': np.float64(0.7291666666666666), 'std': np.float64(0.03897559777889522)}, 'epoch': {'mean': np.float64(41.666666666666664), 'std': np.float64(48.52719741432519)}}
[I 2025-08-14 21:49:45,117] Trial 55 finished with value: -0.7291666666666666 and parameters: {'learning_rate': 3.175042662222715e-05, 'batch_size': 32, 'num_epochs': 806, 'temperature': 0.39044895075987895, 'embedding_dim': 128, 'hidden_dim': 256, 'dropout': 0.4592872037716423, 'num_layers': 5, 'num_heads': 8, 'noise_enabled': True, 'shift_enabled': False, 'scale_enabled': True, 'crop_enabled': True, 'flip_enabled': False, 'permutation_enabled': False, 'noise_level': 0.18996856289001957, 'crop_size': 0.5689987040716477}. Best is trial 9 with value: -0.9270833333333334.
Actual device being used: cuda
Attempting to load data from: /vol/ecrg-solar/woodj4/fishy-business/data/REIMS.xlsx
