[I 2025-08-14 21:26:02,706] Trial 46 finished with value: -0.6979166666666666 and parameters: {'learning_rate': 1.1552449595058517e-05, 'batch_size': 32, 'num_epochs': 700, 'temperature': 0.15874242434890476, 'embedding_dim': 128, 'hidden_dim': 512, 'dropout': 0.3813964018343766, 'num_layers': 4, 'num_heads': 8, 'noise_enabled': True, 'shift_enabled': True, 'scale_enabled': False, 'crop_enabled': True, 'flip_enabled': True, 'permutation_enabled': False, 'noise_level': 0.18863065477667687, 'crop_size': 0.503000471865898}. Best is trial 9 with value: -0.9270833333333334.
Actual device being used: cuda
Attempting to load data from: /vol/ecrg-solar/woodj4/fishy-business/data/REIMS.xlsx
Trial 46 finished with value: -0.6979166666666666 and parameters: {'learning_rate': 1.1552449595058517e-05, 'batch_size': 32, 'num_epochs': 700, 'temperature': 0.15874242434890476, 'embedding_dim': 128, 'hidden_dim': 512, 'dropout': 0.3813964018343766, 'num_layers': 4, 'num_heads': 8, 'noise_enabled': True, 'shift_enabled': True, 'scale_enabled': False, 'crop_enabled': True, 'flip_enabled': True, 'permutation_enabled': False, 'noise_level': 0.18863065477667687, 'crop_size': 0.503000471865898}. Best is trial 9 with value: -0.9270833333333334.
2025-08-14 21:26:02,776 - INFO - Using device: cuda
2025-08-14 21:26:12,466 - INFO - --- Starting Fold 1/3 ---
2025-08-14 21:26:12,467 - INFO - Generated pairs. Train: 1128 (Positive: 48). Val: 276 (Positive: 24)
2025-08-14 21:26:12,467 - INFO - Starting training for fold 1/3
2025-08-14 21:26:17,135 - INFO - Fold 1, Epoch 10: Val Acc: 0.53%
2025-08-14 21:26:20,249 - INFO - Fold 1, Epoch 20: Val Acc: 0.56%
2025-08-14 21:26:21,962 - INFO - Fold 1, Epoch 30: Val Acc: 0.47%
2025-08-14 21:26:23,685 - INFO - Fold 1, Epoch 40: Val Acc: 0.59%
2025-08-14 21:26:25,261 - INFO - Fold 1, Epoch 50: Val Acc: 0.47%
2025-08-14 21:26:26,803 - INFO - Fold 1, Epoch 60: Val Acc: 0.41%
2025-08-14 21:26:29,737 - INFO - Fold 1, Epoch 70: Val Acc: 0.59%
2025-08-14 21:26:31,319 - INFO - Fold 1, Epoch 80: Val Acc: 0.53%
2025-08-14 21:26:32,922 - INFO - Fold 1, Epoch 90: Val Acc: 0.50%
2025-08-14 21:26:34,782 - INFO - Fold 1, Epoch 100: Val Acc: 0.50%
2025-08-14 21:26:36,649 - INFO - Fold 1, Epoch 110: Val Acc: 0.53%
2025-08-14 21:26:38,504 - INFO - Fold 1, Epoch 120: Val Acc: 0.53%
2025-08-14 21:26:40,355 - INFO - Fold 1, Epoch 130: Val Acc: 0.44%
2025-08-14 21:26:42,218 - INFO - Fold 1, Epoch 140: Val Acc: 0.66%
2025-08-14 21:26:43,962 - INFO - Fold 1, Epoch 150: Val Acc: 0.44%
2025-08-14 21:26:45,629 - INFO - Fold 1, Epoch 160: Val Acc: 0.56%
2025-08-14 21:26:45,811 - INFO - Early stopping at epoch 161
2025-08-14 21:26:48,134 - INFO - --- Starting Fold 2/3 ---
2025-08-14 21:26:48,138 - INFO - Generated pairs. Train: 1128 (Positive: 48). Val: 276 (Positive: 24)
2025-08-14 21:26:48,138 - INFO - Starting training for fold 2/3
2025-08-14 21:26:53,664 - INFO - Fold 2, Epoch 10: Val Acc: 0.69%
2025-08-14 21:26:55,608 - INFO - Fold 2, Epoch 20: Val Acc: 0.66%
2025-08-14 21:26:57,447 - INFO - Fold 2, Epoch 30: Val Acc: 0.53%
2025-08-14 21:26:59,293 - INFO - Fold 2, Epoch 40: Val Acc: 0.53%
2025-08-14 21:27:01,138 - INFO - Fold 2, Epoch 50: Val Acc: 0.38%
2025-08-14 21:27:02,932 - INFO - Fold 2, Epoch 60: Val Acc: 0.50%
2025-08-14 21:27:04,771 - INFO - Fold 2, Epoch 70: Val Acc: 0.53%
2025-08-14 21:27:06,616 - INFO - Fold 2, Epoch 80: Val Acc: 0.50%
2025-08-14 21:27:08,386 - INFO - Fold 2, Epoch 90: Val Acc: 0.69%
2025-08-14 21:27:10,149 - INFO - Fold 2, Epoch 100: Val Acc: 0.50%
2025-08-14 21:27:11,911 - INFO - Early stopping at epoch 110
2025-08-14 21:27:12,579 - INFO - --- Starting Fold 3/3 ---
2025-08-14 21:27:12,580 - INFO - Generated pairs. Train: 1128 (Positive: 48). Val: 276 (Positive: 24)
2025-08-14 21:27:12,581 - INFO - Starting training for fold 3/3
2025-08-14 21:27:18,442 - INFO - Fold 3, Epoch 10: Val Acc: 0.59%
2025-08-14 21:27:21,304 - INFO - Fold 3, Epoch 20: Val Acc: 0.50%
2025-08-14 21:27:23,065 - INFO - Fold 3, Epoch 30: Val Acc: 0.50%
2025-08-14 21:27:25,756 - INFO - Fold 3, Epoch 40: Val Acc: 0.50%
2025-08-14 21:27:27,519 - INFO - Fold 3, Epoch 50: Val Acc: 0.53%
2025-08-14 21:27:29,284 - INFO - Fold 3, Epoch 60: Val Acc: 0.50%
2025-08-14 21:27:31,047 - INFO - Fold 3, Epoch 70: Val Acc: 0.56%
2025-08-14 21:27:32,831 - INFO - Fold 3, Epoch 80: Val Acc: 0.47%
2025-08-14 21:27:34,601 - INFO - Fold 3, Epoch 90: Val Acc: 0.66%
2025-08-14 21:27:36,375 - INFO - Fold 3, Epoch 100: Val Acc: 0.50%
2025-08-14 21:27:38,151 - INFO - Fold 3, Epoch 110: Val Acc: 0.44%
2025-08-14 21:27:39,918 - INFO - Fold 3, Epoch 120: Val Acc: 0.62%
2025-08-14 21:27:41,752 - INFO - Fold 3, Epoch 130: Val Acc: 0.41%
2025-08-14 21:27:43,403 - INFO - Early stopping at epoch 139
2025-08-14 21:27:44,110 - INFO - Cross-validation statistics for transformer: {'train_loss': {'mean': np.float64(4.147909641265869), 'std': np.float64(0.004761714595918521)}, 'train_accuracy': {'mean': np.float64(0.5729166666666666), 'std': np.float64(0.02250257186947174)}, 'val_loss': {'mean': np.float64(4.168127536773682), 'std': np.float64(0.04075175245000332)}, 'val_accuracy': {'mean': np.float64(0.6875), 'std': np.float64(0.0)}, 'epoch': {'mean': np.float64(35.666666666666664), 'std': np.float64(20.885933597094056)}}
[I 2025-08-14 21:27:44,116] Trial 47 finished with value: -0.6875 and parameters: {'learning_rate': 0.0004688530821249759, 'batch_size': 32, 'num_epochs': 759, 'temperature': 0.38641244630422933, 'embedding_dim': 128, 'hidden_dim': 256, 'dropout': 0.4371317937784402, 'num_layers': 3, 'num_heads': 8, 'noise_enabled': False, 'shift_enabled': False, 'scale_enabled': True, 'crop_enabled': True, 'flip_enabled': False, 'permutation_enabled': True, 'crop_size': 0.7892515074723868}. Best is trial 9 with value: -0.9270833333333334.
Actual device being used: cuda
Attempting to load data from: /vol/ecrg-solar/woodj4/fishy-business/data/REIMS.xlsx
Trial 47 finished with value: -0.6875 and parameters: {'learning_rate': 0.0004688530821249759, 'batch_size': 32, 'num_epochs': 759, 'temperature': 0.38641244630422933, 'embedding_dim': 128, 'hidden_dim': 256, 'dropout': 0.4371317937784402, 'num_layers': 3, 'num_heads': 8, 'noise_enabled': False, 'shift_enabled': False, 'scale_enabled': True, 'crop_enabled': True, 'flip_enabled': False, 'permutation_enabled': True, 'crop_size': 0.7892515074723868}. Best is trial 9 with value: -0.9270833333333334.
2025-08-14 21:27:44,143 - INFO - Using device: cuda
2025-08-14 21:27:53,872 - INFO - --- Starting Fold 1/3 ---
2025-08-14 21:27:53,873 - INFO - Generated pairs. Train: 1128 (Positive: 48). Val: 276 (Positive: 24)
2025-08-14 21:27:53,874 - INFO - Starting training for fold 1/3
/usr/pkg/lib/python3.12/site-packages/torch/optim/lr_scheduler.py:227: UserWarning: Detected call of `lr_scheduler.step()` before `optimizer.step()`. In PyTorch 1.1.0 and later, you should call them in the opposite order: `optimizer.step()` before `lr_scheduler.step()`.  Failure to do this will result in PyTorch skipping the first value of the learning rate schedule. See more details at https://pytorch.org/docs/stable/optim.html#how-to-adjust-learning-rate
  warnings.warn(
2025-08-14 21:28:03,229 - INFO - Fold 1, Epoch 10: Val Acc: 0.56%
2025-08-14 21:28:06,159 - INFO - Fold 1, Epoch 20: Val Acc: 0.65%
2025-08-14 21:28:08,933 - INFO - Fold 1, Epoch 30: Val Acc: 0.52%
2025-08-14 21:28:11,290 - INFO - Fold 1, Epoch 40: Val Acc: 0.50%
2025-08-14 21:28:13,876 - INFO - Fold 1, Epoch 50: Val Acc: 0.58%
2025-08-14 21:28:16,643 - INFO - Fold 1, Epoch 60: Val Acc: 0.58%
2025-08-14 21:28:19,662 - INFO - Fold 1, Epoch 70: Val Acc: 0.52%
2025-08-14 21:28:22,986 - INFO - Fold 1, Epoch 80: Val Acc: 0.54%
2025-08-14 21:28:26,256 - INFO - Fold 1, Epoch 90: Val Acc: 0.54%
2025-08-14 21:28:29,566 - INFO - Fold 1, Epoch 100: Val Acc: 0.52%
2025-08-14 21:28:31,877 - INFO - Early stopping at epoch 107
2025-08-14 21:28:35,015 - INFO - --- Starting Fold 2/3 ---
2025-08-14 21:28:35,034 - INFO - Generated pairs. Train: 1128 (Positive: 48). Val: 276 (Positive: 24)
2025-08-14 21:28:35,034 - INFO - Starting training for fold 2/3
/usr/pkg/lib/python3.12/site-packages/torch/optim/lr_scheduler.py:227: UserWarning: Detected call of `lr_scheduler.step()` before `optimizer.step()`. In PyTorch 1.1.0 and later, you should call them in the opposite order: `optimizer.step()` before `lr_scheduler.step()`.  Failure to do this will result in PyTorch skipping the first value of the learning rate schedule. See more details at https://pytorch.org/docs/stable/optim.html#how-to-adjust-learning-rate
  warnings.warn(
2025-08-14 21:28:42,051 - INFO - Fold 2, Epoch 10: Val Acc: 0.73%
2025-08-14 21:28:47,692 - INFO - Fold 2, Epoch 20: Val Acc: 0.90%
2025-08-14 21:28:50,889 - INFO - Fold 2, Epoch 30: Val Acc: 0.77%
2025-08-14 21:28:55,072 - INFO - Fold 2, Epoch 40: Val Acc: 0.81%
2025-08-14 21:28:58,369 - INFO - Fold 2, Epoch 50: Val Acc: 0.77%
2025-08-14 21:29:01,669 - INFO - Fold 2, Epoch 60: Val Acc: 0.85%
2025-08-14 21:29:04,973 - INFO - Fold 2, Epoch 70: Val Acc: 0.77%
2025-08-14 21:29:08,265 - INFO - Fold 2, Epoch 80: Val Acc: 0.69%
2025-08-14 21:29:11,456 - INFO - Fold 2, Epoch 90: Val Acc: 0.81%
2025-08-14 21:29:14,317 - INFO - Fold 2, Epoch 100: Val Acc: 0.73%
2025-08-14 21:29:17,594 - INFO - Fold 2, Epoch 110: Val Acc: 0.73%
2025-08-14 21:29:20,863 - INFO - Fold 2, Epoch 120: Val Acc: 0.75%
2025-08-14 21:29:24,153 - INFO - Fold 2, Epoch 130: Val Acc: 0.73%
2025-08-14 21:29:25,149 - INFO - Early stopping at epoch 133
2025-08-14 21:29:27,801 - INFO - --- Starting Fold 3/3 ---
2025-08-14 21:29:27,804 - INFO - Generated pairs. Train: 1128 (Positive: 48). Val: 276 (Positive: 24)
2025-08-14 21:29:27,805 - INFO - Starting training for fold 3/3
/usr/pkg/lib/python3.12/site-packages/torch/optim/lr_scheduler.py:227: UserWarning: Detected call of `lr_scheduler.step()` before `optimizer.step()`. In PyTorch 1.1.0 and later, you should call them in the opposite order: `optimizer.step()` before `lr_scheduler.step()`.  Failure to do this will result in PyTorch skipping the first value of the learning rate schedule. See more details at https://pytorch.org/docs/stable/optim.html#how-to-adjust-learning-rate
  warnings.warn(
2025-08-14 21:29:37,407 - INFO - Fold 3, Epoch 10: Val Acc: 0.73%
2025-08-14 21:29:41,530 - INFO - Fold 3, Epoch 20: Val Acc: 0.79%
2025-08-14 21:29:44,185 - INFO - Fold 3, Epoch 30: Val Acc: 0.81%
2025-08-14 21:29:47,283 - INFO - Fold 3, Epoch 40: Val Acc: 0.79%
2025-08-14 21:29:50,569 - INFO - Fold 3, Epoch 50: Val Acc: 0.75%
2025-08-14 21:29:53,362 - INFO - Fold 3, Epoch 60: Val Acc: 0.79%
2025-08-14 21:29:56,598 - INFO - Fold 3, Epoch 70: Val Acc: 0.73%
2025-08-14 21:29:59,873 - INFO - Fold 3, Epoch 80: Val Acc: 0.73%
2025-08-14 21:30:02,841 - INFO - Fold 3, Epoch 90: Val Acc: 0.81%
2025-08-14 21:30:06,222 - INFO - Fold 3, Epoch 100: Val Acc: 0.71%
2025-08-14 21:30:08,934 - INFO - Fold 3, Epoch 110: Val Acc: 0.77%
2025-08-14 21:30:10,556 - INFO - Early stopping at epoch 116
2025-08-14 21:30:11,436 - INFO - Cross-validation statistics for transformer: {'train_loss': {'mean': np.float64(3.149533364507887), 'std': np.float64(0.10107169298756595)}, 'train_accuracy': {'mean': np.float64(0.8159722222222222), 'std': np.float64(0.012991865926298363)}, 'val_loss': {'mean': np.float64(3.635895676083035), 'std': np.float64(0.17700297159177278)}, 'val_accuracy': {'mean': np.float64(0.8333333333333334), 'std': np.float64(0.10346989184549539)}, 'epoch': {'mean': np.float64(17.666666666666668), 'std': np.float64(10.780641085864152)}}
[I 2025-08-14 21:30:11,443] Trial 48 finished with value: -0.8333333333333334 and parameters: {'learning_rate': 0.0002456132855936577, 'batch_size': 16, 'num_epochs': 973, 'temperature': 0.3054523201354772, 'embedding_dim': 128, 'hidden_dim': 128, 'dropout': 0.41174687824212053, 'num_layers': 4, 'num_heads': 2, 'noise_enabled': True, 'shift_enabled': False, 'scale_enabled': True, 'crop_enabled': False, 'flip_enabled': False, 'permutation_enabled': False, 'noise_level': 0.19966013098963262}. Best is trial 9 with value: -0.9270833333333334.
Actual device being used: cuda
Attempting to load data from: /vol/ecrg-solar/woodj4/fishy-business/data/REIMS.xlsx
Trial 48 finished with value: -0.8333333333333334 and parameters: {'learning_rate': 0.0002456132855936577, 'batch_size': 16, 'num_epochs': 973, 'temperature': 0.3054523201354772, 'embedding_dim': 128, 'hidden_dim': 128, 'dropout': 0.41174687824212053, 'num_layers': 4, 'num_heads': 2, 'noise_enabled': True, 'shift_enabled': False, 'scale_enabled': True, 'crop_enabled': False, 'flip_enabled': False, 'permutation_enabled': False, 'noise_level': 0.19966013098963262}. Best is trial 9 with value: -0.9270833333333334.
2025-08-14 21:30:11,472 - INFO - Using device: cuda
2025-08-14 21:30:21,123 - INFO - --- Starting Fold 1/3 ---
2025-08-14 21:30:21,125 - INFO - Generated pairs. Train: 1128 (Positive: 48). Val: 276 (Positive: 24)
2025-08-14 21:30:21,125 - INFO - Starting training for fold 1/3
2025-08-14 21:30:31,456 - INFO - Fold 1, Epoch 10: Val Acc: 0.56%
2025-08-14 21:30:33,862 - INFO - Fold 1, Epoch 20: Val Acc: 0.50%
2025-08-14 21:30:36,305 - INFO - Fold 1, Epoch 30: Val Acc: 0.50%
2025-08-14 21:30:38,753 - INFO - Fold 1, Epoch 40: Val Acc: 0.50%
2025-08-14 21:30:41,190 - INFO - Fold 1, Epoch 50: Val Acc: 0.50%
2025-08-14 21:30:43,632 - INFO - Fold 1, Epoch 60: Val Acc: 0.50%
2025-08-14 21:30:46,087 - INFO - Fold 1, Epoch 70: Val Acc: 0.56%
2025-08-14 21:30:48,361 - INFO - Fold 1, Epoch 80: Val Acc: 0.50%
2025-08-14 21:30:52,927 - INFO - Fold 1, Epoch 90: Val Acc: 0.50%
2025-08-14 21:30:55,373 - INFO - Fold 1, Epoch 100: Val Acc: 0.59%
2025-08-14 21:30:57,830 - INFO - Fold 1, Epoch 110: Val Acc: 0.50%
2025-08-14 21:31:00,041 - INFO - Fold 1, Epoch 120: Val Acc: 0.50%
2025-08-14 21:31:01,895 - INFO - Fold 1, Epoch 130: Val Acc: 0.50%
2025-08-14 21:31:03,751 - INFO - Fold 1, Epoch 140: Val Acc: 0.50%
2025-08-14 21:31:05,885 - INFO - Fold 1, Epoch 150: Val Acc: 0.50%
2025-08-14 21:31:08,315 - INFO - Fold 1, Epoch 160: Val Acc: 0.47%
2025-08-14 21:31:10,729 - INFO - Fold 1, Epoch 170: Val Acc: 0.50%
2025-08-14 21:31:13,166 - INFO - Fold 1, Epoch 180: Val Acc: 0.50%
2025-08-14 21:31:15,118 - INFO - Early stopping at epoch 188
2025-08-14 21:31:18,787 - INFO - --- Starting Fold 2/3 ---
2025-08-14 21:31:18,790 - INFO - Generated pairs. Train: 1128 (Positive: 48). Val: 276 (Positive: 24)
2025-08-14 21:31:18,790 - INFO - Starting training for fold 2/3
2025-08-14 21:31:26,499 - INFO - Fold 2, Epoch 10: Val Acc: 0.53%
2025-08-14 21:31:30,708 - INFO - Fold 2, Epoch 20: Val Acc: 0.53%
2025-08-14 21:31:33,158 - INFO - Fold 2, Epoch 30: Val Acc: 0.50%
2025-08-14 21:31:35,627 - INFO - Fold 2, Epoch 40: Val Acc: 0.50%
2025-08-14 21:31:41,955 - INFO - Fold 2, Epoch 50: Val Acc: 0.56%
2025-08-14 21:31:44,280 - INFO - Fold 2, Epoch 60: Val Acc: 0.50%
2025-08-14 21:31:46,738 - INFO - Fold 2, Epoch 70: Val Acc: 0.50%
2025-08-14 21:31:49,192 - INFO - Fold 2, Epoch 80: Val Acc: 0.50%
2025-08-14 21:31:51,364 - INFO - Fold 2, Epoch 90: Val Acc: 0.59%
2025-08-14 21:31:53,438 - INFO - Fold 2, Epoch 100: Val Acc: 0.50%
2025-08-14 21:31:55,505 - INFO - Fold 2, Epoch 110: Val Acc: 0.53%
2025-08-14 21:31:57,554 - INFO - Fold 2, Epoch 120: Val Acc: 0.53%
2025-08-14 21:31:59,631 - INFO - Fold 2, Epoch 130: Val Acc: 0.47%
2025-08-14 21:32:01,677 - INFO - Fold 2, Epoch 140: Val Acc: 0.50%
2025-08-14 21:32:03,684 - INFO - Early stopping at epoch 148
2025-08-14 21:32:06,985 - INFO - --- Starting Fold 3/3 ---
2025-08-14 21:32:07,000 - INFO - Generated pairs. Train: 1128 (Positive: 48). Val: 276 (Positive: 24)
2025-08-14 21:32:07,000 - INFO - Starting training for fold 3/3
/usr/pkg/lib/python3.12/site-packages/torch/optim/lr_scheduler.py:227: UserWarning: Detected call of `lr_scheduler.step()` before `optimizer.step()`. In PyTorch 1.1.0 and later, you should call them in the opposite order: `optimizer.step()` before `lr_scheduler.step()`.  Failure to do this will result in PyTorch skipping the first value of the learning rate schedule. See more details at https://pytorch.org/docs/stable/optim.html#how-to-adjust-learning-rate
  warnings.warn(
2025-08-14 21:32:13,097 - INFO - Fold 3, Epoch 10: Val Acc: 0.50%
2025-08-14 21:32:15,628 - INFO - Fold 3, Epoch 20: Val Acc: 0.50%
2025-08-14 21:32:19,861 - INFO - Fold 3, Epoch 30: Val Acc: 0.50%
2025-08-14 21:32:22,403 - INFO - Fold 3, Epoch 40: Val Acc: 0.47%
2025-08-14 21:32:24,974 - INFO - Fold 3, Epoch 50: Val Acc: 0.44%
2025-08-14 21:32:27,500 - INFO - Fold 3, Epoch 60: Val Acc: 0.50%
2025-08-14 21:32:31,602 - INFO - Fold 3, Epoch 70: Val Acc: 0.47%
2025-08-14 21:32:34,067 - INFO - Fold 3, Epoch 80: Val Acc: 0.50%
2025-08-14 21:32:36,531 - INFO - Fold 3, Epoch 90: Val Acc: 0.50%
2025-08-14 21:32:38,987 - INFO - Fold 3, Epoch 100: Val Acc: 0.53%
2025-08-14 21:32:41,437 - INFO - Fold 3, Epoch 110: Val Acc: 0.50%
2025-08-14 21:32:43,890 - INFO - Fold 3, Epoch 120: Val Acc: 0.50%
2025-08-14 21:32:46,344 - INFO - Fold 3, Epoch 130: Val Acc: 0.50%
2025-08-14 21:32:48,794 - INFO - Fold 3, Epoch 140: Val Acc: 0.62%
2025-08-14 21:32:51,245 - INFO - Fold 3, Epoch 150: Val Acc: 0.56%
2025-08-14 21:32:53,679 - INFO - Fold 3, Epoch 160: Val Acc: 0.50%
2025-08-14 21:32:55,135 - INFO - Early stopping at epoch 166
2025-08-14 21:32:56,477 - INFO - Cross-validation statistics for transformer: {'train_loss': {'mean': np.float64(4.33192597495185), 'std': np.float64(0.020922166708926774)}, 'train_accuracy': {'mean': np.float64(0.545138888888889), 'std': np.float64(0.017704928866641604)}, 'val_loss': {'mean': np.float64(5.150932947794597), 'std': np.float64(0.7641169279664488)}, 'val_accuracy': {'mean': np.float64(0.6979166666666666), 'std': np.float64(0.05311478659992484)}, 'epoch': {'mean': np.float64(66.33333333333333), 'std': np.float64(16.35712552851373)}}
[I 2025-08-14 21:32:56,484] Trial 49 finished with value: -0.6979166666666666 and parameters: {'learning_rate': 6.034365861718279e-05, 'batch_size': 32, 'num_epochs': 907, 'temperature': 0.14024472150134223, 'embedding_dim': 256, 'hidden_dim': 256, 'dropout': 0.4821409482325718, 'num_layers': 6, 'num_heads': 8, 'noise_enabled': True, 'shift_enabled': False, 'scale_enabled': True, 'crop_enabled': True, 'flip_enabled': True, 'permutation_enabled': False, 'noise_level': 0.1487199524934017, 'crop_size': 0.6063217491132818}. Best is trial 9 with value: -0.9270833333333334.
Actual device being used: cuda
Attempting to load data from: /vol/ecrg-solar/woodj4/fishy-business/data/REIMS.xlsx
