Trial 63 finished with value: -0.8854166666666666 and parameters: {'learning_rate': 0.0007658234192045605, 'batch_size': 32, 'num_epochs': 744, 'temperature': 0.11034766695208342, 'embedding_dim': 128, 'hidden_dim': 256, 'dropout': 0.2629535385066366, 'num_layers': 6, 'num_heads': 8, 'noise_enabled': True, 'shift_enabled': False, 'scale_enabled': True, 'crop_enabled': True, 'flip_enabled': False, 'permutation_enabled': False, 'noise_level': 0.13955863780300204, 'crop_size': 0.6148734461513311}. Best is trial 9 with value: -0.9270833333333334.
2025-08-14 22:10:37,716 - INFO - Using device: cuda
2025-08-14 22:10:47,079 - INFO - --- Starting Fold 1/3 ---
2025-08-14 22:10:47,080 - INFO - Generated pairs. Train: 1128 (Positive: 48). Val: 276 (Positive: 24)
2025-08-14 22:10:47,081 - INFO - Starting training for fold 1/3
/usr/pkg/lib/python3.12/site-packages/torch/optim/lr_scheduler.py:227: UserWarning: Detected call of `lr_scheduler.step()` before `optimizer.step()`. In PyTorch 1.1.0 and later, you should call them in the opposite order: `optimizer.step()` before `lr_scheduler.step()`.  Failure to do this will result in PyTorch skipping the first value of the learning rate schedule. See more details at https://pytorch.org/docs/stable/optim.html#how-to-adjust-learning-rate
  warnings.warn(
2025-08-14 22:10:58,275 - INFO - Fold 1, Epoch 10: Val Acc: 0.47%
2025-08-14 22:11:02,625 - INFO - Fold 1, Epoch 20: Val Acc: 0.59%
2025-08-14 22:11:04,643 - INFO - Fold 1, Epoch 30: Val Acc: 0.62%
2025-08-14 22:11:11,451 - INFO - Fold 1, Epoch 40: Val Acc: 0.66%
2025-08-14 22:11:13,261 - INFO - Fold 1, Epoch 50: Val Acc: 0.59%
2025-08-14 22:11:15,068 - INFO - Fold 1, Epoch 60: Val Acc: 0.53%
2025-08-14 22:11:16,876 - INFO - Fold 1, Epoch 70: Val Acc: 0.78%
2025-08-14 22:11:18,685 - INFO - Fold 1, Epoch 80: Val Acc: 0.69%
2025-08-14 22:11:20,617 - INFO - Fold 1, Epoch 90: Val Acc: 0.59%
2025-08-14 22:11:22,938 - INFO - Fold 1, Epoch 100: Val Acc: 0.78%
2025-08-14 22:11:25,251 - INFO - Fold 1, Epoch 110: Val Acc: 0.56%
2025-08-14 22:11:27,581 - INFO - Fold 1, Epoch 120: Val Acc: 0.78%
2025-08-14 22:11:29,896 - INFO - Fold 1, Epoch 130: Val Acc: 0.59%
2025-08-14 22:11:31,275 - INFO - Early stopping at epoch 136
2025-08-14 22:11:34,880 - INFO - --- Starting Fold 2/3 ---
2025-08-14 22:11:34,883 - INFO - Generated pairs. Train: 1128 (Positive: 48). Val: 276 (Positive: 24)
2025-08-14 22:11:34,883 - INFO - Starting training for fold 2/3
/usr/pkg/lib/python3.12/site-packages/torch/optim/lr_scheduler.py:227: UserWarning: Detected call of `lr_scheduler.step()` before `optimizer.step()`. In PyTorch 1.1.0 and later, you should call them in the opposite order: `optimizer.step()` before `lr_scheduler.step()`.  Failure to do this will result in PyTorch skipping the first value of the learning rate schedule. See more details at https://pytorch.org/docs/stable/optim.html#how-to-adjust-learning-rate
  warnings.warn(
2025-08-14 22:11:43,117 - INFO - Fold 2, Epoch 10: Val Acc: 0.66%
2025-08-14 22:11:46,865 - INFO - Fold 2, Epoch 20: Val Acc: 0.56%
2025-08-14 22:11:50,432 - INFO - Fold 2, Epoch 30: Val Acc: 0.69%
2025-08-14 22:11:52,660 - INFO - Fold 2, Epoch 40: Val Acc: 0.59%
2025-08-14 22:11:54,899 - INFO - Fold 2, Epoch 50: Val Acc: 0.72%
2025-08-14 22:11:57,128 - INFO - Fold 2, Epoch 60: Val Acc: 0.56%
2025-08-14 22:12:00,950 - INFO - Fold 2, Epoch 70: Val Acc: 0.78%
2025-08-14 22:12:03,185 - INFO - Fold 2, Epoch 80: Val Acc: 0.81%
2025-08-14 22:12:05,131 - INFO - Fold 2, Epoch 90: Val Acc: 0.69%
2025-08-14 22:12:08,798 - INFO - Fold 2, Epoch 100: Val Acc: 0.69%
2025-08-14 22:12:11,024 - INFO - Fold 2, Epoch 110: Val Acc: 0.69%
2025-08-14 22:12:13,241 - INFO - Fold 2, Epoch 120: Val Acc: 0.72%
2025-08-14 22:12:15,452 - INFO - Fold 2, Epoch 130: Val Acc: 0.59%
2025-08-14 22:12:17,664 - INFO - Fold 2, Epoch 140: Val Acc: 0.66%
2025-08-14 22:12:21,318 - INFO - Fold 2, Epoch 150: Val Acc: 0.75%
2025-08-14 22:12:23,026 - INFO - Fold 2, Epoch 160: Val Acc: 0.59%
2025-08-14 22:12:25,018 - INFO - Fold 2, Epoch 170: Val Acc: 0.66%
2025-08-14 22:12:28,660 - INFO - Fold 2, Epoch 180: Val Acc: 0.69%
2025-08-14 22:12:30,925 - INFO - Fold 2, Epoch 190: Val Acc: 0.75%
2025-08-14 22:12:33,140 - INFO - Fold 2, Epoch 200: Val Acc: 0.62%
2025-08-14 22:12:35,358 - INFO - Fold 2, Epoch 210: Val Acc: 0.81%
2025-08-14 22:12:37,574 - INFO - Fold 2, Epoch 220: Val Acc: 0.69%
2025-08-14 22:12:39,812 - INFO - Fold 2, Epoch 230: Val Acc: 0.81%
2025-08-14 22:12:42,114 - INFO - Fold 2, Epoch 240: Val Acc: 0.75%
2025-08-14 22:12:44,410 - INFO - Fold 2, Epoch 250: Val Acc: 0.69%
2025-08-14 22:12:46,714 - INFO - Fold 2, Epoch 260: Val Acc: 0.69%
2025-08-14 22:12:49,028 - INFO - Fold 2, Epoch 270: Val Acc: 0.88%
2025-08-14 22:12:49,953 - INFO - Early stopping at epoch 274
2025-08-14 22:12:52,898 - INFO - --- Starting Fold 3/3 ---
2025-08-14 22:12:52,901 - INFO - Generated pairs. Train: 1128 (Positive: 48). Val: 276 (Positive: 24)
2025-08-14 22:12:52,902 - INFO - Starting training for fold 3/3
/usr/pkg/lib/python3.12/site-packages/torch/optim/lr_scheduler.py:227: UserWarning: Detected call of `lr_scheduler.step()` before `optimizer.step()`. In PyTorch 1.1.0 and later, you should call them in the opposite order: `optimizer.step()` before `lr_scheduler.step()`.  Failure to do this will result in PyTorch skipping the first value of the learning rate schedule. See more details at https://pytorch.org/docs/stable/optim.html#how-to-adjust-learning-rate
  warnings.warn(
2025-08-14 22:12:58,157 - INFO - Fold 3, Epoch 10: Val Acc: 0.41%
2025-08-14 22:13:00,371 - INFO - Fold 3, Epoch 20: Val Acc: 0.56%
2025-08-14 22:13:02,599 - INFO - Fold 3, Epoch 30: Val Acc: 0.69%
2025-08-14 22:13:04,824 - INFO - Fold 3, Epoch 40: Val Acc: 0.72%
2025-08-14 22:13:07,052 - INFO - Fold 3, Epoch 50: Val Acc: 0.81%
2025-08-14 22:13:09,162 - INFO - Fold 3, Epoch 60: Val Acc: 0.59%
2025-08-14 22:13:10,888 - INFO - Fold 3, Epoch 70: Val Acc: 0.72%
2025-08-14 22:13:12,597 - INFO - Fold 3, Epoch 80: Val Acc: 0.75%
2025-08-14 22:13:14,312 - INFO - Fold 3, Epoch 90: Val Acc: 0.59%
2025-08-14 22:13:16,020 - INFO - Fold 3, Epoch 100: Val Acc: 0.78%
2025-08-14 22:13:16,365 - INFO - Early stopping at epoch 102
2025-08-14 22:13:17,441 - INFO - Cross-validation statistics for transformer: {'train_loss': {'mean': np.float64(4.152785142262776), 'std': np.float64(0.3675959060459009)}, 'train_accuracy': {'mean': np.float64(0.7083333333333334), 'std': np.float64(0.11154429447367366)}, 'val_loss': {'mean': np.float64(4.459640026092529), 'std': np.float64(0.15668420001347097)}, 'val_accuracy': {'mean': np.float64(0.8854166666666666), 'std': np.float64(0.03897559777889522)}, 'epoch': {'mean': np.float64(69.66666666666667), 'std': np.float64(74.37442810237638)}}
[I 2025-08-14 22:13:17,447] Trial 64 finished with value: -0.8854166666666666 and parameters: {'learning_rate': 0.0004641778899128381, 'batch_size': 32, 'num_epochs': 962, 'temperature': 0.16924048936212296, 'embedding_dim': 128, 'hidden_dim': 256, 'dropout': 0.45065041481192886, 'num_layers': 5, 'num_heads': 8, 'noise_enabled': True, 'shift_enabled': False, 'scale_enabled': True, 'crop_enabled': True, 'flip_enabled': False, 'permutation_enabled': False, 'noise_level': 0.17248043213914643, 'crop_size': 0.5876852568489724}. Best is trial 9 with value: -0.9270833333333334.
Actual device being used: cuda
Attempting to load data from: /vol/ecrg-solar/woodj4/fishy-business/data/REIMS.xlsx
Trial 64 finished with value: -0.8854166666666666 and parameters: {'learning_rate': 0.0004641778899128381, 'batch_size': 32, 'num_epochs': 962, 'temperature': 0.16924048936212296, 'embedding_dim': 128, 'hidden_dim': 256, 'dropout': 0.45065041481192886, 'num_layers': 5, 'num_heads': 8, 'noise_enabled': True, 'shift_enabled': False, 'scale_enabled': True, 'crop_enabled': True, 'flip_enabled': False, 'permutation_enabled': False, 'noise_level': 0.17248043213914643, 'crop_size': 0.5876852568489724}. Best is trial 9 with value: -0.9270833333333334.
2025-08-14 22:13:17,478 - INFO - Using device: cuda
2025-08-14 22:13:27,292 - INFO - --- Starting Fold 1/3 ---
2025-08-14 22:13:27,293 - INFO - Generated pairs. Train: 1128 (Positive: 48). Val: 276 (Positive: 24)
2025-08-14 22:13:27,294 - INFO - Starting training for fold 1/3
/usr/pkg/lib/python3.12/site-packages/torch/optim/lr_scheduler.py:227: UserWarning: Detected call of `lr_scheduler.step()` before `optimizer.step()`. In PyTorch 1.1.0 and later, you should call them in the opposite order: `optimizer.step()` before `lr_scheduler.step()`.  Failure to do this will result in PyTorch skipping the first value of the learning rate schedule. See more details at https://pytorch.org/docs/stable/optim.html#how-to-adjust-learning-rate
  warnings.warn(
2025-08-14 22:13:34,856 - INFO - Fold 1, Epoch 10: Val Acc: 0.66%
2025-08-14 22:13:36,919 - INFO - Fold 1, Epoch 20: Val Acc: 0.44%
2025-08-14 22:13:38,567 - INFO - Fold 1, Epoch 30: Val Acc: 0.50%
2025-08-14 22:13:40,113 - INFO - Fold 1, Epoch 40: Val Acc: 0.56%
2025-08-14 22:13:43,656 - INFO - Fold 1, Epoch 50: Val Acc: 0.66%
2025-08-14 22:13:45,201 - INFO - Fold 1, Epoch 60: Val Acc: 0.69%
2025-08-14 22:13:47,211 - INFO - Fold 1, Epoch 70: Val Acc: 0.69%
2025-08-14 22:13:49,213 - INFO - Fold 1, Epoch 80: Val Acc: 0.66%
2025-08-14 22:13:51,198 - INFO - Fold 1, Epoch 90: Val Acc: 0.66%
2025-08-14 22:13:55,212 - INFO - Fold 1, Epoch 100: Val Acc: 0.59%
2025-08-14 22:13:57,222 - INFO - Fold 1, Epoch 110: Val Acc: 0.66%
2025-08-14 22:13:59,228 - INFO - Fold 1, Epoch 120: Val Acc: 0.78%
2025-08-14 22:14:01,239 - INFO - Fold 1, Epoch 130: Val Acc: 0.56%
2025-08-14 22:14:03,136 - INFO - Fold 1, Epoch 140: Val Acc: 0.69%
2025-08-14 22:14:04,687 - INFO - Fold 1, Epoch 150: Val Acc: 0.81%
2025-08-14 22:14:06,229 - INFO - Fold 1, Epoch 160: Val Acc: 0.59%
2025-08-14 22:14:08,113 - INFO - Fold 1, Epoch 170: Val Acc: 0.66%
2025-08-14 22:14:10,116 - INFO - Fold 1, Epoch 180: Val Acc: 0.72%
2025-08-14 22:14:12,104 - INFO - Fold 1, Epoch 190: Val Acc: 0.66%
2025-08-14 22:14:12,310 - INFO - Early stopping at epoch 191
2025-08-14 22:14:15,216 - INFO - --- Starting Fold 2/3 ---
2025-08-14 22:14:15,219 - INFO - Generated pairs. Train: 1128 (Positive: 48). Val: 276 (Positive: 24)
2025-08-14 22:14:15,220 - INFO - Starting training for fold 2/3
/usr/pkg/lib/python3.12/site-packages/torch/optim/lr_scheduler.py:227: UserWarning: Detected call of `lr_scheduler.step()` before `optimizer.step()`. In PyTorch 1.1.0 and later, you should call them in the opposite order: `optimizer.step()` before `lr_scheduler.step()`.  Failure to do this will result in PyTorch skipping the first value of the learning rate schedule. See more details at https://pytorch.org/docs/stable/optim.html#how-to-adjust-learning-rate
  warnings.warn(
2025-08-14 22:14:21,105 - INFO - Fold 2, Epoch 10: Val Acc: 0.47%
2025-08-14 22:14:25,484 - INFO - Fold 2, Epoch 20: Val Acc: 0.62%
2025-08-14 22:14:28,636 - INFO - Fold 2, Epoch 30: Val Acc: 0.78%
2025-08-14 22:14:30,648 - INFO - Fold 2, Epoch 40: Val Acc: 0.72%
2025-08-14 22:14:33,817 - INFO - Fold 2, Epoch 50: Val Acc: 0.75%
2025-08-14 22:14:35,681 - INFO - Fold 2, Epoch 60: Val Acc: 0.78%
2025-08-14 22:14:37,239 - INFO - Fold 2, Epoch 70: Val Acc: 0.75%
2025-08-14 22:14:38,967 - INFO - Fold 2, Epoch 80: Val Acc: 0.78%
2025-08-14 22:14:40,979 - INFO - Fold 2, Epoch 90: Val Acc: 0.72%
2025-08-14 22:14:44,288 - INFO - Fold 2, Epoch 100: Val Acc: 0.84%
2025-08-14 22:14:46,307 - INFO - Fold 2, Epoch 110: Val Acc: 0.81%
2025-08-14 22:14:48,317 - INFO - Fold 2, Epoch 120: Val Acc: 0.75%
2025-08-14 22:14:51,298 - INFO - Fold 2, Epoch 130: Val Acc: 0.72%
2025-08-14 22:14:52,987 - INFO - Fold 2, Epoch 140: Val Acc: 0.78%
2025-08-14 22:14:54,543 - INFO - Fold 2, Epoch 150: Val Acc: 0.66%
2025-08-14 22:14:56,103 - INFO - Fold 2, Epoch 160: Val Acc: 0.78%
2025-08-14 22:14:57,658 - INFO - Fold 2, Epoch 170: Val Acc: 0.66%
2025-08-14 22:14:59,214 - INFO - Fold 2, Epoch 180: Val Acc: 0.72%
2025-08-14 22:15:00,779 - INFO - Fold 2, Epoch 190: Val Acc: 0.72%
2025-08-14 22:15:02,334 - INFO - Fold 2, Epoch 200: Val Acc: 0.78%
2025-08-14 22:15:03,893 - INFO - Fold 2, Epoch 210: Val Acc: 0.88%
2025-08-14 22:15:05,450 - INFO - Fold 2, Epoch 220: Val Acc: 0.75%
2025-08-14 22:15:05,761 - INFO - Early stopping at epoch 222
2025-08-14 22:15:08,278 - INFO - --- Starting Fold 3/3 ---
2025-08-14 22:15:08,284 - INFO - Generated pairs. Train: 1128 (Positive: 48). Val: 276 (Positive: 24)
2025-08-14 22:15:08,284 - INFO - Starting training for fold 3/3
/usr/pkg/lib/python3.12/site-packages/torch/optim/lr_scheduler.py:227: UserWarning: Detected call of `lr_scheduler.step()` before `optimizer.step()`. In PyTorch 1.1.0 and later, you should call them in the opposite order: `optimizer.step()` before `lr_scheduler.step()`.  Failure to do this will result in PyTorch skipping the first value of the learning rate schedule. See more details at https://pytorch.org/docs/stable/optim.html#how-to-adjust-learning-rate
  warnings.warn(
2025-08-14 22:15:14,039 - INFO - Fold 3, Epoch 10: Val Acc: 0.50%
2025-08-14 22:15:19,419 - INFO - Fold 3, Epoch 20: Val Acc: 0.84%
2025-08-14 22:15:21,512 - INFO - Fold 3, Epoch 30: Val Acc: 0.72%
2025-08-14 22:15:24,494 - INFO - Fold 3, Epoch 40: Val Acc: 0.59%
2025-08-14 22:15:26,349 - INFO - Fold 3, Epoch 50: Val Acc: 0.66%
2025-08-14 22:15:28,373 - INFO - Fold 3, Epoch 60: Val Acc: 0.81%
2025-08-14 22:15:30,444 - INFO - Fold 3, Epoch 70: Val Acc: 0.78%
2025-08-14 22:15:32,494 - INFO - Fold 3, Epoch 80: Val Acc: 0.81%
2025-08-14 22:15:34,565 - INFO - Fold 3, Epoch 90: Val Acc: 0.56%
2025-08-14 22:15:36,597 - INFO - Fold 3, Epoch 100: Val Acc: 0.59%
2025-08-14 22:15:38,584 - INFO - Fold 3, Epoch 110: Val Acc: 0.66%
2025-08-14 22:15:40,566 - INFO - Fold 3, Epoch 120: Val Acc: 0.75%
2025-08-14 22:15:42,498 - INFO - Fold 3, Epoch 130: Val Acc: 0.75%
2025-08-14 22:15:43,269 - INFO - Early stopping at epoch 135
2025-08-14 22:15:44,156 - INFO - Cross-validation statistics for transformer: {'train_loss': {'mean': np.float64(3.8997945520612927), 'std': np.float64(0.07359547923202589)}, 'train_accuracy': {'mean': np.float64(0.7569444444444445), 'std': np.float64(0.021404215288086698)}, 'val_loss': {'mean': np.float64(4.345572789510091), 'std': np.float64(0.11686916701690288)}, 'val_accuracy': {'mean': np.float64(0.9166666666666666), 'std': np.float64(0.01473139127471974)}, 'epoch': {'mean': np.float64(81.66666666666667), 'std': np.float64(36.003086287459055)}}
[I 2025-08-14 22:15:44,162] Trial 65 finished with value: -0.9166666666666666 and parameters: {'learning_rate': 0.000990384890066292, 'batch_size': 32, 'num_epochs': 896, 'temperature': 0.11905660009927235, 'embedding_dim': 128, 'hidden_dim': 256, 'dropout': 0.4788142406304534, 'num_layers': 4, 'num_heads': 8, 'noise_enabled': True, 'shift_enabled': False, 'scale_enabled': True, 'crop_enabled': True, 'flip_enabled': False, 'permutation_enabled': False, 'noise_level': 0.1944721644423184, 'crop_size': 0.5517129829158075}. Best is trial 9 with value: -0.9270833333333334.
Actual device being used: cuda
Attempting to load data from: /vol/ecrg-solar/woodj4/fishy-business/data/REIMS.xlsx
Trial 65 finished with value: -0.9166666666666666 and parameters: {'learning_rate': 0.000990384890066292, 'batch_size': 32, 'num_epochs': 896, 'temperature': 0.11905660009927235, 'embedding_dim': 128, 'hidden_dim': 256, 'dropout': 0.4788142406304534, 'num_layers': 4, 'num_heads': 8, 'noise_enabled': True, 'shift_enabled': False, 'scale_enabled': True, 'crop_enabled': True, 'flip_enabled': False, 'permutation_enabled': False, 'noise_level': 0.1944721644423184, 'crop_size': 0.5517129829158075}. Best is trial 9 with value: -0.9270833333333334.
2025-08-14 22:15:44,195 - INFO - Using device: cuda
2025-08-14 22:15:53,989 - INFO - --- Starting Fold 1/3 ---
2025-08-14 22:15:53,991 - INFO - Generated pairs. Train: 1128 (Positive: 48). Val: 276 (Positive: 24)
2025-08-14 22:15:53,991 - INFO - Starting training for fold 1/3
2025-08-14 22:15:58,734 - INFO - Fold 1, Epoch 10: Val Acc: 0.62%
2025-08-14 22:16:05,590 - INFO - Fold 1, Epoch 20: Val Acc: 0.66%
2025-08-14 22:16:07,820 - INFO - Fold 1, Epoch 30: Val Acc: 0.62%
2025-08-14 22:16:14,555 - INFO - Fold 1, Epoch 40: Val Acc: 0.66%
2025-08-14 22:16:16,814 - INFO - Fold 1, Epoch 50: Val Acc: 0.72%
2025-08-14 22:16:18,943 - INFO - Fold 1, Epoch 60: Val Acc: 0.69%
2025-08-14 22:16:23,396 - INFO - Fold 1, Epoch 70: Val Acc: 0.72%
2025-08-14 22:16:25,629 - INFO - Fold 1, Epoch 80: Val Acc: 0.78%
2025-08-14 22:16:27,865 - INFO - Fold 1, Epoch 90: Val Acc: 0.78%
2025-08-14 22:16:29,911 - INFO - Fold 1, Epoch 100: Val Acc: 0.78%
2025-08-14 22:16:32,146 - INFO - Fold 1, Epoch 110: Val Acc: 0.78%
2025-08-14 22:16:34,104 - INFO - Fold 1, Epoch 120: Val Acc: 0.75%
2025-08-14 22:16:36,342 - INFO - Fold 1, Epoch 130: Val Acc: 0.69%
2025-08-14 22:16:38,568 - INFO - Fold 1, Epoch 140: Val Acc: 0.72%
2025-08-14 22:16:40,786 - INFO - Fold 1, Epoch 150: Val Acc: 0.78%
2025-08-14 22:16:43,005 - INFO - Fold 1, Epoch 160: Val Acc: 0.84%
2025-08-14 22:16:44,779 - INFO - Early stopping at epoch 168
2025-08-14 22:16:48,859 - INFO - --- Starting Fold 2/3 ---
2025-08-14 22:16:48,874 - INFO - Generated pairs. Train: 1128 (Positive: 48). Val: 276 (Positive: 24)
2025-08-14 22:16:48,875 - INFO - Starting training for fold 2/3
2025-08-14 22:16:53,941 - INFO - Fold 2, Epoch 10: Val Acc: 0.59%
2025-08-14 22:16:57,364 - INFO - Fold 2, Epoch 20: Val Acc: 0.47%
2025-08-14 22:17:04,075 - INFO - Fold 2, Epoch 30: Val Acc: 0.53%
2025-08-14 22:17:07,679 - INFO - Fold 2, Epoch 40: Val Acc: 0.72%
2025-08-14 22:17:12,767 - INFO - Fold 2, Epoch 50: Val Acc: 0.91%
2025-08-14 22:17:15,076 - INFO - Fold 2, Epoch 60: Val Acc: 0.78%
2025-08-14 22:17:17,311 - INFO - Fold 2, Epoch 70: Val Acc: 0.78%
2025-08-14 22:17:19,546 - INFO - Fold 2, Epoch 80: Val Acc: 0.78%
2025-08-14 22:17:21,770 - INFO - Fold 2, Epoch 90: Val Acc: 0.75%
2025-08-14 22:17:23,985 - INFO - Fold 2, Epoch 100: Val Acc: 0.81%
2025-08-14 22:17:26,205 - INFO - Fold 2, Epoch 110: Val Acc: 0.66%
2025-08-14 22:17:28,422 - INFO - Fold 2, Epoch 120: Val Acc: 0.78%
2025-08-14 22:17:30,641 - INFO - Fold 2, Epoch 130: Val Acc: 0.47%
2025-08-14 22:17:32,871 - INFO - Fold 2, Epoch 140: Val Acc: 0.69%
2025-08-14 22:17:35,109 - INFO - Early stopping at epoch 150
2025-08-14 22:17:38,060 - INFO - --- Starting Fold 3/3 ---
2025-08-14 22:17:38,062 - INFO - Generated pairs. Train: 1128 (Positive: 48). Val: 276 (Positive: 24)
2025-08-14 22:17:38,063 - INFO - Starting training for fold 3/3
2025-08-14 22:17:47,798 - INFO - Fold 3, Epoch 10: Val Acc: 0.47%
2025-08-14 22:17:50,032 - INFO - Fold 3, Epoch 20: Val Acc: 0.59%
2025-08-14 22:17:52,325 - INFO - Fold 3, Epoch 30: Val Acc: 0.56%
2025-08-14 22:17:56,090 - INFO - Fold 3, Epoch 40: Val Acc: 0.66%
2025-08-14 22:17:58,404 - INFO - Fold 3, Epoch 50: Val Acc: 0.75%
2025-08-14 22:18:02,036 - INFO - Fold 3, Epoch 60: Val Acc: 0.84%
2025-08-14 22:18:04,431 - INFO - Fold 3, Epoch 70: Val Acc: 0.62%
2025-08-14 22:18:06,744 - INFO - Fold 3, Epoch 80: Val Acc: 0.62%
2025-08-14 22:18:08,956 - INFO - Fold 3, Epoch 90: Val Acc: 0.75%
2025-08-14 22:18:11,181 - INFO - Fold 3, Epoch 100: Val Acc: 0.72%
2025-08-14 22:18:14,836 - INFO - Fold 3, Epoch 110: Val Acc: 0.72%
2025-08-14 22:18:17,135 - INFO - Fold 3, Epoch 120: Val Acc: 0.84%
2025-08-14 22:18:19,440 - INFO - Fold 3, Epoch 130: Val Acc: 0.81%
2025-08-14 22:18:23,691 - INFO - Fold 3, Epoch 140: Val Acc: 0.84%
2025-08-14 22:18:25,908 - INFO - Fold 3, Epoch 150: Val Acc: 0.75%
2025-08-14 22:18:28,129 - INFO - Fold 3, Epoch 160: Val Acc: 0.75%
2025-08-14 22:18:30,362 - INFO - Fold 3, Epoch 170: Val Acc: 0.72%
2025-08-14 22:18:32,593 - INFO - Fold 3, Epoch 180: Val Acc: 0.81%
2025-08-14 22:18:34,814 - INFO - Fold 3, Epoch 190: Val Acc: 0.75%
2025-08-14 22:18:37,039 - INFO - Fold 3, Epoch 200: Val Acc: 0.88%
2025-08-14 22:18:39,279 - INFO - Fold 3, Epoch 210: Val Acc: 0.62%
2025-08-14 22:18:41,586 - INFO - Fold 3, Epoch 220: Val Acc: 0.59%
2025-08-14 22:18:43,827 - INFO - Fold 3, Epoch 230: Val Acc: 0.78%
2025-08-14 22:18:45,614 - INFO - Early stopping at epoch 238
2025-08-14 22:18:48,535 - INFO - Cross-validation statistics for transformer: {'train_loss': {'mean': np.float64(3.944811529583401), 'std': np.float64(0.022921657315934988)}, 'train_accuracy': {'mean': np.float64(0.7673611111111112), 'std': np.float64(0.04280843057617347)}, 'val_loss': {'mean': np.float64(4.363551616668701), 'std': np.float64(0.02239130737715644)}, 'val_accuracy': {'mean': np.float64(0.90625), 'std': np.float64(0.02551551815399144)}, 'epoch': {'mean': np.float64(84.33333333333333), 'std': np.float64(37.959042254631356)}}
[I 2025-08-14 22:18:48,544] Trial 66 finished with value: -0.90625 and parameters: {'learning_rate': 0.00025186556532252934, 'batch_size': 32, 'num_epochs': 878, 'temperature': 0.147146554042903, 'embedding_dim': 512, 'hidden_dim': 256, 'dropout': 0.43263415082827933, 'num_layers': 5, 'num_heads': 2, 'noise_enabled': True, 'shift_enabled': False, 'scale_enabled': False, 'crop_enabled': True, 'flip_enabled': False, 'permutation_enabled': False, 'noise_level': 0.1601288040219481, 'crop_size': 0.5175024140267394}. Best is trial 9 with value: -0.9270833333333334.
Actual device being used: cuda
Attempting to load data from: /vol/ecrg-solar/woodj4/fishy-business/data/REIMS.xlsx
