Trial 199 finished with value: -0.90625 and parameters: {'learning_rate': 0.00036190125912536773, 'batch_size': 32, 'num_epochs': 904, 'temperature': 0.310406405183619, 'embedding_dim': 128, 'hidden_dim': 256, 'dropout': 0.4388771928479224, 'num_layers': 5, 'num_heads': 8, 'noise_enabled': True, 'shift_enabled': False, 'scale_enabled': True, 'crop_enabled': True, 'flip_enabled': False, 'permutation_enabled': False, 'noise_level': 0.18700342774212964, 'crop_size': 0.5482406145794901}. Best is trial 92 with value: -0.9479166666666666.
2025-08-15 04:34:28,674 - INFO - Using device: cuda
2025-08-15 04:34:38,930 - INFO - --- Starting Fold 1/3 ---
2025-08-15 04:34:38,931 - INFO - Generated pairs. Train: 1128 (Positive: 48). Val: 276 (Positive: 24)
2025-08-15 04:34:38,932 - INFO - Starting training for fold 1/3
2025-08-15 04:34:49,913 - INFO - Fold 1, Epoch 10: Val Acc: 0.69%
2025-08-15 04:34:54,202 - INFO - Fold 1, Epoch 20: Val Acc: 0.56%
2025-08-15 04:34:56,447 - INFO - Fold 1, Epoch 30: Val Acc: 0.72%
2025-08-15 04:35:03,112 - INFO - Fold 1, Epoch 40: Val Acc: 0.75%
2025-08-15 04:35:05,316 - INFO - Fold 1, Epoch 50: Val Acc: 0.53%
2025-08-15 04:35:07,612 - INFO - Fold 1, Epoch 60: Val Acc: 0.72%
2025-08-15 04:35:09,924 - INFO - Fold 1, Epoch 70: Val Acc: 0.69%
2025-08-15 04:35:12,242 - INFO - Fold 1, Epoch 80: Val Acc: 0.72%
2025-08-15 04:35:14,185 - INFO - Fold 1, Epoch 90: Val Acc: 0.66%
2025-08-15 04:35:15,994 - INFO - Fold 1, Epoch 100: Val Acc: 0.69%
2025-08-15 04:35:17,807 - INFO - Fold 1, Epoch 110: Val Acc: 0.50%
2025-08-15 04:35:19,876 - INFO - Fold 1, Epoch 120: Val Acc: 0.84%
2025-08-15 04:35:22,157 - INFO - Fold 1, Epoch 130: Val Acc: 0.62%
2025-08-15 04:35:24,189 - INFO - Early stopping at epoch 139
2025-08-15 04:35:27,790 - INFO - --- Starting Fold 2/3 ---
2025-08-15 04:35:27,792 - INFO - Generated pairs. Train: 1128 (Positive: 48). Val: 276 (Positive: 24)
2025-08-15 04:35:27,793 - INFO - Starting training for fold 2/3
2025-08-15 04:35:34,447 - INFO - Fold 2, Epoch 10: Val Acc: 0.62%
2025-08-15 04:35:37,967 - INFO - Fold 2, Epoch 20: Val Acc: 0.81%
2025-08-15 04:35:41,707 - INFO - Fold 2, Epoch 30: Val Acc: 0.72%
2025-08-15 04:35:43,722 - INFO - Fold 2, Epoch 40: Val Acc: 0.75%
2025-08-15 04:35:47,271 - INFO - Fold 2, Epoch 50: Val Acc: 0.75%
2025-08-15 04:35:50,817 - INFO - Fold 2, Epoch 60: Val Acc: 0.66%
2025-08-15 04:35:53,131 - INFO - Fold 2, Epoch 70: Val Acc: 0.75%
2025-08-15 04:35:55,414 - INFO - Fold 2, Epoch 80: Val Acc: 0.47%
2025-08-15 04:35:57,672 - INFO - Fold 2, Epoch 90: Val Acc: 0.62%
2025-08-15 04:35:59,973 - INFO - Fold 2, Epoch 100: Val Acc: 0.59%
2025-08-15 04:36:02,281 - INFO - Fold 2, Epoch 110: Val Acc: 0.72%
2025-08-15 04:36:04,568 - INFO - Fold 2, Epoch 120: Val Acc: 0.72%
2025-08-15 04:36:06,844 - INFO - Fold 2, Epoch 130: Val Acc: 0.75%
2025-08-15 04:36:09,079 - INFO - Fold 2, Epoch 140: Val Acc: 0.78%
2025-08-15 04:36:11,329 - INFO - Fold 2, Epoch 150: Val Acc: 0.88%
2025-08-15 04:36:12,261 - INFO - Early stopping at epoch 154
2025-08-15 04:36:13,268 - INFO - --- Starting Fold 3/3 ---
2025-08-15 04:36:13,270 - INFO - Generated pairs. Train: 1128 (Positive: 48). Val: 276 (Positive: 24)
2025-08-15 04:36:13,271 - INFO - Starting training for fold 3/3
2025-08-15 04:36:21,586 - INFO - Fold 3, Epoch 10: Val Acc: 0.62%
2025-08-15 04:36:29,406 - INFO - Fold 3, Epoch 20: Val Acc: 0.88%
2025-08-15 04:36:31,613 - INFO - Fold 3, Epoch 30: Val Acc: 0.72%
2025-08-15 04:36:33,501 - INFO - Fold 3, Epoch 40: Val Acc: 0.78%
2025-08-15 04:36:35,814 - INFO - Fold 3, Epoch 50: Val Acc: 0.78%
2025-08-15 04:36:38,116 - INFO - Fold 3, Epoch 60: Val Acc: 0.69%
2025-08-15 04:36:40,365 - INFO - Fold 3, Epoch 70: Val Acc: 0.75%
2025-08-15 04:36:44,064 - INFO - Fold 3, Epoch 80: Val Acc: 0.75%
2025-08-15 04:36:46,267 - INFO - Fold 3, Epoch 90: Val Acc: 0.88%
2025-08-15 04:36:48,482 - INFO - Fold 3, Epoch 100: Val Acc: 0.75%
2025-08-15 04:36:50,702 - INFO - Fold 3, Epoch 110: Val Acc: 0.53%
2025-08-15 04:36:52,789 - INFO - Fold 3, Epoch 120: Val Acc: 0.81%
2025-08-15 04:36:54,924 - INFO - Fold 3, Epoch 130: Val Acc: 0.50%
2025-08-15 04:36:57,187 - INFO - Fold 3, Epoch 140: Val Acc: 0.81%
2025-08-15 04:36:59,428 - INFO - Fold 3, Epoch 150: Val Acc: 0.72%
2025-08-15 04:37:01,667 - INFO - Fold 3, Epoch 160: Val Acc: 0.59%
2025-08-15 04:37:03,890 - INFO - Fold 3, Epoch 170: Val Acc: 0.72%
2025-08-15 04:37:04,072 - INFO - Early stopping at epoch 171
2025-08-15 04:37:05,070 - INFO - Cross-validation statistics for transformer: {'train_loss': {'mean': np.float64(3.938292211956448), 'std': np.float64(0.059125924811156014)}, 'train_accuracy': {'mean': np.float64(0.7256944444444445), 'std': np.float64(0.01964185503295969)}, 'val_loss': {'mean': np.float64(4.21902322769165), 'std': np.float64(0.029301118939132037)}, 'val_accuracy': {'mean': np.float64(0.90625), 'std': np.float64(0.0)}, 'epoch': {'mean': np.float64(53.666666666666664), 'std': np.float64(13.072447700751718)}}
2025-08-15 04:37:05,081 - INFO - Best hyperparameters for transformer saved to optuna_logs_contrastive/transformer.config
2025-08-15 04:37:05,083 - INFO - Final statistics for transformer saved to results/stats_simclr_transformer.json

Optimization for transformer finished.
Best trial:
  Value (negative val_accuracy): -0.9479166666666666
  Params: 
    learning_rate: 0.0005679322945498316
    batch_size: 32
    num_epochs: 375
    temperature: 0.29063452579262367
    embedding_dim: 256
    hidden_dim: 256
    dropout: 0.48991175948539684
    num_layers: 5
    num_heads: 8
    noise_enabled: True
    shift_enabled: False
    scale_enabled: False
    crop_enabled: True
    flip_enabled: False
    permutation_enabled: False
    noise_level: 0.0984100262799093
    crop_size: 0.537691257614809
Actual device being used: cuda
Attempting to load data from: /vol/ecrg-solar/woodj4/fishy-business/data/REIMS.xlsx
