[I 2025-08-15 01:23:10,800] Trial 131 finished with value: -0.90625 and parameters: {'learning_rate': 0.0005289505531211336, 'batch_size': 32, 'num_epochs': 928, 'temperature': 0.3655994305776255, 'embedding_dim': 128, 'hidden_dim': 256, 'dropout': 0.3347852514366818, 'num_layers': 4, 'num_heads': 8, 'noise_enabled': True, 'shift_enabled': False, 'scale_enabled': True, 'crop_enabled': True, 'flip_enabled': False, 'permutation_enabled': False, 'noise_level': 0.19223381793653874, 'crop_size': 0.5425105037869024}. Best is trial 92 with value: -0.9479166666666666.
Actual device being used: cuda
Attempting to load data from: /vol/ecrg-solar/woodj4/fishy-business/data/REIMS.xlsx
Trial 131 finished with value: -0.90625 and parameters: {'learning_rate': 0.0005289505531211336, 'batch_size': 32, 'num_epochs': 928, 'temperature': 0.3655994305776255, 'embedding_dim': 128, 'hidden_dim': 256, 'dropout': 0.3347852514366818, 'num_layers': 4, 'num_heads': 8, 'noise_enabled': True, 'shift_enabled': False, 'scale_enabled': True, 'crop_enabled': True, 'flip_enabled': False, 'permutation_enabled': False, 'noise_level': 0.19223381793653874, 'crop_size': 0.5425105037869024}. Best is trial 92 with value: -0.9479166666666666.
2025-08-15 01:23:10,840 - INFO - Using device: cuda
2025-08-15 01:23:20,604 - INFO - --- Starting Fold 1/3 ---
2025-08-15 01:23:20,606 - INFO - Generated pairs. Train: 1128 (Positive: 48). Val: 276 (Positive: 24)
2025-08-15 01:23:20,606 - INFO - Starting training for fold 1/3
/usr/pkg/lib/python3.12/site-packages/torch/optim/lr_scheduler.py:227: UserWarning: Detected call of `lr_scheduler.step()` before `optimizer.step()`. In PyTorch 1.1.0 and later, you should call them in the opposite order: `optimizer.step()` before `lr_scheduler.step()`.  Failure to do this will result in PyTorch skipping the first value of the learning rate schedule. See more details at https://pytorch.org/docs/stable/optim.html#how-to-adjust-learning-rate
  warnings.warn(
2025-08-15 01:23:26,462 - INFO - Fold 1, Epoch 10: Val Acc: 0.47%
2025-08-15 01:23:34,477 - INFO - Fold 1, Epoch 20: Val Acc: 0.75%
2025-08-15 01:23:36,583 - INFO - Fold 1, Epoch 30: Val Acc: 0.66%
2025-08-15 01:23:38,323 - INFO - Fold 1, Epoch 40: Val Acc: 0.56%
2025-08-15 01:23:40,343 - INFO - Fold 1, Epoch 50: Val Acc: 0.53%
2025-08-15 01:23:44,155 - INFO - Fold 1, Epoch 60: Val Acc: 0.66%
2025-08-15 01:23:46,234 - INFO - Fold 1, Epoch 70: Val Acc: 0.59%
2025-08-15 01:23:48,326 - INFO - Fold 1, Epoch 80: Val Acc: 0.75%
2025-08-15 01:23:52,260 - INFO - Fold 1, Epoch 90: Val Acc: 0.59%
2025-08-15 01:23:54,258 - INFO - Fold 1, Epoch 100: Val Acc: 0.59%
2025-08-15 01:23:56,273 - INFO - Fold 1, Epoch 110: Val Acc: 0.66%
2025-08-15 01:23:58,273 - INFO - Fold 1, Epoch 120: Val Acc: 0.84%
2025-08-15 01:24:00,278 - INFO - Fold 1, Epoch 130: Val Acc: 0.62%
2025-08-15 01:24:02,278 - INFO - Fold 1, Epoch 140: Val Acc: 0.53%
2025-08-15 01:24:04,152 - INFO - Fold 1, Epoch 150: Val Acc: 0.69%
2025-08-15 01:24:08,140 - INFO - Fold 1, Epoch 160: Val Acc: 0.78%
2025-08-15 01:24:10,155 - INFO - Fold 1, Epoch 170: Val Acc: 0.62%
2025-08-15 01:24:12,164 - INFO - Fold 1, Epoch 180: Val Acc: 0.62%
2025-08-15 01:24:14,179 - INFO - Fold 1, Epoch 190: Val Acc: 0.62%
2025-08-15 01:24:16,198 - INFO - Fold 1, Epoch 200: Val Acc: 0.72%
2025-08-15 01:24:18,216 - INFO - Fold 1, Epoch 210: Val Acc: 0.56%
2025-08-15 01:24:20,229 - INFO - Fold 1, Epoch 220: Val Acc: 0.62%
2025-08-15 01:24:22,236 - INFO - Fold 1, Epoch 230: Val Acc: 0.62%
2025-08-15 01:24:24,250 - INFO - Fold 1, Epoch 240: Val Acc: 0.66%
2025-08-15 01:24:26,261 - INFO - Fold 1, Epoch 250: Val Acc: 0.75%
2025-08-15 01:24:26,662 - INFO - Early stopping at epoch 252
2025-08-15 01:24:29,672 - INFO - --- Starting Fold 2/3 ---
2025-08-15 01:24:29,674 - INFO - Generated pairs. Train: 1128 (Positive: 48). Val: 276 (Positive: 24)
2025-08-15 01:24:29,675 - INFO - Starting training for fold 2/3
/usr/pkg/lib/python3.12/site-packages/torch/optim/lr_scheduler.py:227: UserWarning: Detected call of `lr_scheduler.step()` before `optimizer.step()`. In PyTorch 1.1.0 and later, you should call them in the opposite order: `optimizer.step()` before `lr_scheduler.step()`.  Failure to do this will result in PyTorch skipping the first value of the learning rate schedule. See more details at https://pytorch.org/docs/stable/optim.html#how-to-adjust-learning-rate
  warnings.warn(
2025-08-15 01:24:36,591 - INFO - Fold 2, Epoch 10: Val Acc: 0.62%
2025-08-15 01:24:39,430 - INFO - Fold 2, Epoch 20: Val Acc: 0.50%
2025-08-15 01:24:43,794 - INFO - Fold 2, Epoch 30: Val Acc: 0.62%
2025-08-15 01:24:45,794 - INFO - Fold 2, Epoch 40: Val Acc: 0.56%
2025-08-15 01:24:49,005 - INFO - Fold 2, Epoch 50: Val Acc: 0.59%
2025-08-15 01:24:51,014 - INFO - Fold 2, Epoch 60: Val Acc: 0.66%
2025-08-15 01:24:54,311 - INFO - Fold 2, Epoch 70: Val Acc: 0.72%
2025-08-15 01:24:56,301 - INFO - Fold 2, Epoch 80: Val Acc: 0.53%
2025-08-15 01:24:58,304 - INFO - Fold 2, Epoch 90: Val Acc: 0.72%
2025-08-15 01:25:01,459 - INFO - Fold 2, Epoch 100: Val Acc: 0.69%
2025-08-15 01:25:03,028 - INFO - Fold 2, Epoch 110: Val Acc: 0.75%
2025-08-15 01:25:04,588 - INFO - Fold 2, Epoch 120: Val Acc: 0.69%
2025-08-15 01:25:06,147 - INFO - Fold 2, Epoch 130: Val Acc: 0.69%
2025-08-15 01:25:07,704 - INFO - Fold 2, Epoch 140: Val Acc: 0.75%
2025-08-15 01:25:09,267 - INFO - Fold 2, Epoch 150: Val Acc: 0.78%
2025-08-15 01:25:11,032 - INFO - Fold 2, Epoch 160: Val Acc: 0.75%
2025-08-15 01:25:13,020 - INFO - Fold 2, Epoch 170: Val Acc: 0.62%
2025-08-15 01:25:15,068 - INFO - Fold 2, Epoch 180: Val Acc: 0.75%
2025-08-15 01:25:19,066 - INFO - Fold 2, Epoch 190: Val Acc: 0.62%
2025-08-15 01:25:22,412 - INFO - Fold 2, Epoch 200: Val Acc: 0.88%
2025-08-15 01:25:24,449 - INFO - Fold 2, Epoch 210: Val Acc: 0.72%
2025-08-15 01:25:26,474 - INFO - Fold 2, Epoch 220: Val Acc: 0.81%
2025-08-15 01:25:28,491 - INFO - Fold 2, Epoch 230: Val Acc: 0.66%
2025-08-15 01:25:30,541 - INFO - Fold 2, Epoch 240: Val Acc: 0.75%
2025-08-15 01:25:32,620 - INFO - Fold 2, Epoch 250: Val Acc: 0.78%
2025-08-15 01:25:34,646 - INFO - Fold 2, Epoch 260: Val Acc: 0.78%
2025-08-15 01:25:36,600 - INFO - Fold 2, Epoch 270: Val Acc: 0.72%
2025-08-15 01:25:38,396 - INFO - Fold 2, Epoch 280: Val Acc: 0.81%
2025-08-15 01:25:40,158 - INFO - Fold 2, Epoch 290: Val Acc: 0.75%
2025-08-15 01:25:40,342 - INFO - Early stopping at epoch 291
2025-08-15 01:25:42,864 - INFO - --- Starting Fold 3/3 ---
2025-08-15 01:25:42,868 - INFO - Generated pairs. Train: 1128 (Positive: 48). Val: 276 (Positive: 24)
2025-08-15 01:25:42,868 - INFO - Starting training for fold 3/3
/usr/pkg/lib/python3.12/site-packages/torch/optim/lr_scheduler.py:227: UserWarning: Detected call of `lr_scheduler.step()` before `optimizer.step()`. In PyTorch 1.1.0 and later, you should call them in the opposite order: `optimizer.step()` before `lr_scheduler.step()`.  Failure to do this will result in PyTorch skipping the first value of the learning rate schedule. See more details at https://pytorch.org/docs/stable/optim.html#how-to-adjust-learning-rate
  warnings.warn(
2025-08-15 01:25:47,221 - INFO - Fold 3, Epoch 10: Val Acc: 0.59%
2025-08-15 01:25:49,280 - INFO - Fold 3, Epoch 20: Val Acc: 0.44%
2025-08-15 01:25:51,321 - INFO - Fold 3, Epoch 30: Val Acc: 0.62%
2025-08-15 01:25:53,278 - INFO - Fold 3, Epoch 40: Val Acc: 0.66%
2025-08-15 01:25:55,188 - INFO - Fold 3, Epoch 50: Val Acc: 0.62%
2025-08-15 01:25:58,186 - INFO - Fold 3, Epoch 60: Val Acc: 0.75%
2025-08-15 01:26:00,077 - INFO - Fold 3, Epoch 70: Val Acc: 0.59%
2025-08-15 01:26:01,988 - INFO - Fold 3, Epoch 80: Val Acc: 0.53%
2025-08-15 01:26:03,959 - INFO - Fold 3, Epoch 90: Val Acc: 0.69%
2025-08-15 01:26:07,035 - INFO - Fold 3, Epoch 100: Val Acc: 0.72%
2025-08-15 01:26:10,178 - INFO - Fold 3, Epoch 110: Val Acc: 0.88%
2025-08-15 01:26:12,184 - INFO - Fold 3, Epoch 120: Val Acc: 0.81%
2025-08-15 01:26:14,154 - INFO - Fold 3, Epoch 130: Val Acc: 0.78%
2025-08-15 01:26:15,946 - INFO - Fold 3, Epoch 140: Val Acc: 0.69%
2025-08-15 01:26:17,955 - INFO - Fold 3, Epoch 150: Val Acc: 0.72%
2025-08-15 01:26:19,973 - INFO - Fold 3, Epoch 160: Val Acc: 0.62%
2025-08-15 01:26:21,979 - INFO - Fold 3, Epoch 170: Val Acc: 0.78%
2025-08-15 01:26:23,994 - INFO - Fold 3, Epoch 180: Val Acc: 0.78%
2025-08-15 01:26:25,999 - INFO - Fold 3, Epoch 190: Val Acc: 0.84%
2025-08-15 01:26:28,012 - INFO - Fold 3, Epoch 200: Val Acc: 0.78%
2025-08-15 01:26:28,414 - INFO - Early stopping at epoch 202
2025-08-15 01:26:29,263 - INFO - Cross-validation statistics for transformer: {'train_loss': {'mean': np.float64(3.8971979353162975), 'std': np.float64(0.0508259332752398)}, 'train_accuracy': {'mean': np.float64(0.7361111111111112), 'std': np.float64(0.051967463705193624)}, 'val_loss': {'mean': np.float64(4.465436935424805), 'std': np.float64(0.15043791207194057)}, 'val_accuracy': {'mean': np.float64(0.90625), 'std': np.float64(0.02551551815399144)}, 'epoch': {'mean': np.float64(147.33333333333334), 'std': np.float64(36.42648609032841)}}
[I 2025-08-15 01:26:29,272] Trial 132 finished with value: -0.90625 and parameters: {'learning_rate': 0.00044566795102919015, 'batch_size': 32, 'num_epochs': 864, 'temperature': 0.10136234078904373, 'embedding_dim': 128, 'hidden_dim': 256, 'dropout': 0.31477510192923164, 'num_layers': 4, 'num_heads': 8, 'noise_enabled': True, 'shift_enabled': False, 'scale_enabled': True, 'crop_enabled': True, 'flip_enabled': False, 'permutation_enabled': False, 'noise_level': 0.19564549794422284, 'crop_size': 0.5240065366608276}. Best is trial 92 with value: -0.9479166666666666.
Actual device being used: cuda
Attempting to load data from: /vol/ecrg-solar/woodj4/fishy-business/data/REIMS.xlsx
Trial 132 finished with value: -0.90625 and parameters: {'learning_rate': 0.00044566795102919015, 'batch_size': 32, 'num_epochs': 864, 'temperature': 0.10136234078904373, 'embedding_dim': 128, 'hidden_dim': 256, 'dropout': 0.31477510192923164, 'num_layers': 4, 'num_heads': 8, 'noise_enabled': True, 'shift_enabled': False, 'scale_enabled': True, 'crop_enabled': True, 'flip_enabled': False, 'permutation_enabled': False, 'noise_level': 0.19564549794422284, 'crop_size': 0.5240065366608276}. Best is trial 92 with value: -0.9479166666666666.
2025-08-15 01:26:29,312 - INFO - Using device: cuda
2025-08-15 01:26:38,903 - INFO - --- Starting Fold 1/3 ---
2025-08-15 01:26:38,904 - INFO - Generated pairs. Train: 1128 (Positive: 48). Val: 276 (Positive: 24)
2025-08-15 01:26:38,905 - INFO - Starting training for fold 1/3
/usr/pkg/lib/python3.12/site-packages/torch/optim/lr_scheduler.py:227: UserWarning: Detected call of `lr_scheduler.step()` before `optimizer.step()`. In PyTorch 1.1.0 and later, you should call them in the opposite order: `optimizer.step()` before `lr_scheduler.step()`.  Failure to do this will result in PyTorch skipping the first value of the learning rate schedule. See more details at https://pytorch.org/docs/stable/optim.html#how-to-adjust-learning-rate
  warnings.warn(
2025-08-15 01:26:46,592 - INFO - Fold 1, Epoch 10: Val Acc: 0.56%
2025-08-15 01:26:48,599 - INFO - Fold 1, Epoch 20: Val Acc: 0.56%
2025-08-15 01:26:50,493 - INFO - Fold 1, Epoch 30: Val Acc: 0.59%
2025-08-15 01:26:52,033 - INFO - Fold 1, Epoch 40: Val Acc: 0.56%
2025-08-15 01:26:55,559 - INFO - Fold 1, Epoch 50: Val Acc: 0.66%
2025-08-15 01:26:57,442 - INFO - Fold 1, Epoch 60: Val Acc: 0.69%
2025-08-15 01:26:59,267 - INFO - Fold 1, Epoch 70: Val Acc: 0.44%
2025-08-15 01:27:01,041 - INFO - Fold 1, Epoch 80: Val Acc: 0.59%
2025-08-15 01:27:04,568 - INFO - Fold 1, Epoch 90: Val Acc: 0.53%
2025-08-15 01:27:06,500 - INFO - Fold 1, Epoch 100: Val Acc: 0.62%
2025-08-15 01:27:08,267 - INFO - Fold 1, Epoch 110: Val Acc: 0.69%
2025-08-15 01:27:10,147 - INFO - Fold 1, Epoch 120: Val Acc: 0.53%
2025-08-15 01:27:11,883 - INFO - Fold 1, Epoch 130: Val Acc: 0.69%
2025-08-15 01:27:13,648 - INFO - Fold 1, Epoch 140: Val Acc: 0.69%
2025-08-15 01:27:15,461 - INFO - Fold 1, Epoch 150: Val Acc: 0.50%
2025-08-15 01:27:17,272 - INFO - Fold 1, Epoch 160: Val Acc: 0.59%
2025-08-15 01:27:18,999 - INFO - Fold 1, Epoch 170: Val Acc: 0.56%
2025-08-15 01:27:20,542 - INFO - Fold 1, Epoch 180: Val Acc: 0.53%
2025-08-15 01:27:21,456 - INFO - Early stopping at epoch 185
2025-08-15 01:27:24,546 - INFO - --- Starting Fold 2/3 ---
2025-08-15 01:27:24,548 - INFO - Generated pairs. Train: 1128 (Positive: 48). Val: 276 (Positive: 24)
2025-08-15 01:27:24,549 - INFO - Starting training for fold 2/3
/usr/pkg/lib/python3.12/site-packages/torch/optim/lr_scheduler.py:227: UserWarning: Detected call of `lr_scheduler.step()` before `optimizer.step()`. In PyTorch 1.1.0 and later, you should call them in the opposite order: `optimizer.step()` before `lr_scheduler.step()`.  Failure to do this will result in PyTorch skipping the first value of the learning rate schedule. See more details at https://pytorch.org/docs/stable/optim.html#how-to-adjust-learning-rate
  warnings.warn(
2025-08-15 01:27:32,771 - INFO - Fold 2, Epoch 10: Val Acc: 0.69%
2025-08-15 01:27:36,048 - INFO - Fold 2, Epoch 20: Val Acc: 0.75%
2025-08-15 01:27:39,298 - INFO - Fold 2, Epoch 30: Val Acc: 0.81%
2025-08-15 01:27:42,475 - INFO - Fold 2, Epoch 40: Val Acc: 0.66%
2025-08-15 01:27:44,569 - INFO - Fold 2, Epoch 50: Val Acc: 0.78%
2025-08-15 01:27:46,662 - INFO - Fold 2, Epoch 60: Val Acc: 0.66%
2025-08-15 01:27:48,750 - INFO - Fold 2, Epoch 70: Val Acc: 0.84%
2025-08-15 01:27:51,984 - INFO - Fold 2, Epoch 80: Val Acc: 0.75%
2025-08-15 01:27:53,818 - INFO - Fold 2, Epoch 90: Val Acc: 0.78%
2025-08-15 01:27:55,498 - INFO - Fold 2, Epoch 100: Val Acc: 0.88%
2025-08-15 01:27:57,508 - INFO - Fold 2, Epoch 110: Val Acc: 0.84%
2025-08-15 01:27:59,514 - INFO - Fold 2, Epoch 120: Val Acc: 0.69%
2025-08-15 01:28:01,528 - INFO - Fold 2, Epoch 130: Val Acc: 0.72%
2025-08-15 01:28:03,542 - INFO - Fold 2, Epoch 140: Val Acc: 0.62%
2025-08-15 01:28:05,555 - INFO - Fold 2, Epoch 150: Val Acc: 0.75%
2025-08-15 01:28:07,566 - INFO - Fold 2, Epoch 160: Val Acc: 0.69%
2025-08-15 01:28:09,575 - INFO - Fold 2, Epoch 170: Val Acc: 0.78%
2025-08-15 01:28:10,784 - INFO - Early stopping at epoch 176
2025-08-15 01:28:15,882 - INFO - --- Starting Fold 3/3 ---
2025-08-15 01:28:15,884 - INFO - Generated pairs. Train: 1128 (Positive: 48). Val: 276 (Positive: 24)
2025-08-15 01:28:15,884 - INFO - Starting training for fold 3/3
/usr/pkg/lib/python3.12/site-packages/torch/optim/lr_scheduler.py:227: UserWarning: Detected call of `lr_scheduler.step()` before `optimizer.step()`. In PyTorch 1.1.0 and later, you should call them in the opposite order: `optimizer.step()` before `lr_scheduler.step()`.  Failure to do this will result in PyTorch skipping the first value of the learning rate schedule. See more details at https://pytorch.org/docs/stable/optim.html#how-to-adjust-learning-rate
  warnings.warn(
2025-08-15 01:28:23,126 - INFO - Fold 3, Epoch 10: Val Acc: 0.66%
2025-08-15 01:28:26,362 - INFO - Fold 3, Epoch 20: Val Acc: 0.50%
2025-08-15 01:28:28,365 - INFO - Fold 3, Epoch 30: Val Acc: 0.75%
2025-08-15 01:28:30,395 - INFO - Fold 3, Epoch 40: Val Acc: 0.81%
2025-08-15 01:28:32,506 - INFO - Fold 3, Epoch 50: Val Acc: 0.75%
2025-08-15 01:28:34,538 - INFO - Fold 3, Epoch 60: Val Acc: 0.81%
2025-08-15 01:28:36,531 - INFO - Fold 3, Epoch 70: Val Acc: 0.72%
2025-08-15 01:28:38,541 - INFO - Fold 3, Epoch 80: Val Acc: 0.72%
2025-08-15 01:28:40,562 - INFO - Fold 3, Epoch 90: Val Acc: 0.69%
2025-08-15 01:28:42,388 - INFO - Fold 3, Epoch 100: Val Acc: 0.78%
2025-08-15 01:28:43,945 - INFO - Fold 3, Epoch 110: Val Acc: 0.75%
2025-08-15 01:28:45,346 - INFO - Early stopping at epoch 119
2025-08-15 01:28:46,175 - INFO - Cross-validation statistics for transformer: {'train_loss': {'mean': np.float64(3.8994486596849227), 'std': np.float64(0.23332527589016666)}, 'train_accuracy': {'mean': np.float64(0.8055555555555555), 'std': np.float64(0.1063430057716219)}, 'val_loss': {'mean': np.float64(4.535791556040446), 'std': np.float64(0.0679443762737094)}, 'val_accuracy': {'mean': np.float64(0.8541666666666666), 'std': np.float64(0.07795119555779044)}, 'epoch': {'mean': np.float64(59.0), 'std': np.float64(29.223278392404914)}}
[I 2025-08-15 01:28:46,181] Trial 133 finished with value: -0.8541666666666666 and parameters: {'learning_rate': 0.000670385373838823, 'batch_size': 32, 'num_epochs': 800, 'temperature': 0.11342914864439596, 'embedding_dim': 128, 'hidden_dim': 256, 'dropout': 0.32315303137998885, 'num_layers': 4, 'num_heads': 8, 'noise_enabled': True, 'shift_enabled': False, 'scale_enabled': True, 'crop_enabled': True, 'flip_enabled': False, 'permutation_enabled': False, 'noise_level': 0.19691504807165378, 'crop_size': 0.822882858792596}. Best is trial 92 with value: -0.9479166666666666.
Actual device being used: cuda
Attempting to load data from: /vol/ecrg-solar/woodj4/fishy-business/data/REIMS.xlsx
