Trial 14 finished with value: -0.9166666666666666 and parameters: {'learning_rate': 0.00027008062223619287, 'batch_size': 32, 'num_epochs': 982, 'temperature': 0.4805659862433591, 'embedding_dim': 128, 'hidden_dim': 256, 'dropout': 0.43869981937716873, 'num_layers': 5, 'num_heads': 8, 'noise_enabled': True, 'shift_enabled': False, 'scale_enabled': True, 'crop_enabled': True, 'flip_enabled': False, 'permutation_enabled': False, 'noise_level': 0.19759250728070285, 'crop_size': 0.5269498526849873}. Best is trial 9 with value: -0.9270833333333334.
2025-08-14 20:07:01,441 - INFO - Using device: cuda
2025-08-14 20:07:11,375 - INFO - --- Starting Fold 1/3 ---
2025-08-14 20:07:11,381 - INFO - Generated pairs. Train: 1128 (Positive: 48). Val: 276 (Positive: 24)
2025-08-14 20:07:11,382 - INFO - Starting training for fold 1/3
/usr/pkg/lib/python3.12/site-packages/torch/optim/lr_scheduler.py:227: UserWarning: Detected call of `lr_scheduler.step()` before `optimizer.step()`. In PyTorch 1.1.0 and later, you should call them in the opposite order: `optimizer.step()` before `lr_scheduler.step()`.  Failure to do this will result in PyTorch skipping the first value of the learning rate schedule. See more details at https://pytorch.org/docs/stable/optim.html#how-to-adjust-learning-rate
  warnings.warn(
2025-08-14 20:07:17,900 - INFO - Fold 1, Epoch 10: Val Acc: 0.47%
2025-08-14 20:07:19,740 - INFO - Fold 1, Epoch 20: Val Acc: 0.47%
2025-08-14 20:07:21,578 - INFO - Fold 1, Epoch 30: Val Acc: 0.50%
2025-08-14 20:07:24,742 - INFO - Fold 1, Epoch 40: Val Acc: 0.47%
2025-08-14 20:07:26,579 - INFO - Fold 1, Epoch 50: Val Acc: 0.59%
2025-08-14 20:07:28,417 - INFO - Fold 1, Epoch 60: Val Acc: 0.47%
2025-08-14 20:07:30,094 - INFO - Fold 1, Epoch 70: Val Acc: 0.38%
2025-08-14 20:07:31,686 - INFO - Fold 1, Epoch 80: Val Acc: 0.56%
2025-08-14 20:07:33,509 - INFO - Fold 1, Epoch 90: Val Acc: 0.53%
2025-08-14 20:07:35,336 - INFO - Fold 1, Epoch 100: Val Acc: 0.44%
2025-08-14 20:07:37,161 - INFO - Fold 1, Epoch 110: Val Acc: 0.53%
2025-08-14 20:07:38,948 - INFO - Fold 1, Epoch 120: Val Acc: 0.69%
2025-08-14 20:07:40,610 - INFO - Fold 1, Epoch 130: Val Acc: 0.56%
2025-08-14 20:07:41,293 - INFO - Early stopping at epoch 134
2025-08-14 20:07:43,533 - INFO - --- Starting Fold 2/3 ---
2025-08-14 20:07:43,536 - INFO - Generated pairs. Train: 1128 (Positive: 48). Val: 276 (Positive: 24)
2025-08-14 20:07:43,537 - INFO - Starting training for fold 2/3
/usr/pkg/lib/python3.12/site-packages/torch/optim/lr_scheduler.py:227: UserWarning: Detected call of `lr_scheduler.step()` before `optimizer.step()`. In PyTorch 1.1.0 and later, you should call them in the opposite order: `optimizer.step()` before `lr_scheduler.step()`.  Failure to do this will result in PyTorch skipping the first value of the learning rate schedule. See more details at https://pytorch.org/docs/stable/optim.html#how-to-adjust-learning-rate
  warnings.warn(
2025-08-14 20:07:48,400 - INFO - Fold 2, Epoch 10: Val Acc: 0.56%
2025-08-14 20:07:50,325 - INFO - Fold 2, Epoch 20: Val Acc: 0.44%
2025-08-14 20:07:52,262 - INFO - Fold 2, Epoch 30: Val Acc: 0.69%
2025-08-14 20:07:54,003 - INFO - Fold 2, Epoch 40: Val Acc: 0.53%
2025-08-14 20:07:55,887 - INFO - Fold 2, Epoch 50: Val Acc: 0.53%
2025-08-14 20:07:57,337 - INFO - Fold 2, Epoch 60: Val Acc: 0.41%
2025-08-14 20:07:58,772 - INFO - Fold 2, Epoch 70: Val Acc: 0.69%
2025-08-14 20:08:00,288 - INFO - Fold 2, Epoch 80: Val Acc: 0.66%
2025-08-14 20:08:01,735 - INFO - Fold 2, Epoch 90: Val Acc: 0.56%
2025-08-14 20:08:03,167 - INFO - Fold 2, Epoch 100: Val Acc: 0.66%
2025-08-14 20:08:05,718 - INFO - Fold 2, Epoch 110: Val Acc: 0.59%
2025-08-14 20:08:07,544 - INFO - Fold 2, Epoch 120: Val Acc: 0.59%
2025-08-14 20:08:09,366 - INFO - Fold 2, Epoch 130: Val Acc: 0.47%
2025-08-14 20:08:11,181 - INFO - Fold 2, Epoch 140: Val Acc: 0.62%
2025-08-14 20:08:12,959 - INFO - Fold 2, Epoch 150: Val Acc: 0.44%
2025-08-14 20:08:14,819 - INFO - Fold 2, Epoch 160: Val Acc: 0.62%
2025-08-14 20:08:18,094 - INFO - Fold 2, Epoch 170: Val Acc: 0.62%
2025-08-14 20:08:19,782 - INFO - Fold 2, Epoch 180: Val Acc: 0.72%
2025-08-14 20:08:21,607 - INFO - Fold 2, Epoch 190: Val Acc: 0.72%
2025-08-14 20:08:23,446 - INFO - Fold 2, Epoch 200: Val Acc: 0.62%
2025-08-14 20:08:26,092 - INFO - Fold 2, Epoch 210: Val Acc: 0.66%
2025-08-14 20:08:27,935 - INFO - Fold 2, Epoch 220: Val Acc: 0.59%
2025-08-14 20:08:29,849 - INFO - Fold 2, Epoch 230: Val Acc: 0.56%
2025-08-14 20:08:32,672 - INFO - Fold 2, Epoch 240: Val Acc: 0.84%
2025-08-14 20:08:34,562 - INFO - Fold 2, Epoch 250: Val Acc: 0.69%
2025-08-14 20:08:36,394 - INFO - Fold 2, Epoch 260: Val Acc: 0.62%
2025-08-14 20:08:38,232 - INFO - Fold 2, Epoch 270: Val Acc: 0.75%
2025-08-14 20:08:40,068 - INFO - Fold 2, Epoch 280: Val Acc: 0.62%
2025-08-14 20:08:41,708 - INFO - Fold 2, Epoch 290: Val Acc: 0.69%
2025-08-14 20:08:43,535 - INFO - Fold 2, Epoch 300: Val Acc: 0.75%
2025-08-14 20:08:45,363 - INFO - Fold 2, Epoch 310: Val Acc: 0.75%
2025-08-14 20:08:47,185 - INFO - Fold 2, Epoch 320: Val Acc: 0.84%
2025-08-14 20:08:49,025 - INFO - Fold 2, Epoch 330: Val Acc: 0.75%
2025-08-14 20:08:50,857 - INFO - Early stopping at epoch 340
2025-08-14 20:08:52,743 - INFO - --- Starting Fold 3/3 ---
2025-08-14 20:08:52,746 - INFO - Generated pairs. Train: 1128 (Positive: 48). Val: 276 (Positive: 24)
2025-08-14 20:08:52,746 - INFO - Starting training for fold 3/3
/usr/pkg/lib/python3.12/site-packages/torch/optim/lr_scheduler.py:227: UserWarning: Detected call of `lr_scheduler.step()` before `optimizer.step()`. In PyTorch 1.1.0 and later, you should call them in the opposite order: `optimizer.step()` before `lr_scheduler.step()`.  Failure to do this will result in PyTorch skipping the first value of the learning rate schedule. See more details at https://pytorch.org/docs/stable/optim.html#how-to-adjust-learning-rate
  warnings.warn(
2025-08-14 20:08:58,499 - INFO - Fold 3, Epoch 10: Val Acc: 0.56%
2025-08-14 20:09:02,304 - INFO - Fold 3, Epoch 20: Val Acc: 0.41%
2025-08-14 20:09:04,115 - INFO - Fold 3, Epoch 30: Val Acc: 0.50%
2025-08-14 20:09:05,953 - INFO - Fold 3, Epoch 40: Val Acc: 0.47%
2025-08-14 20:09:07,768 - INFO - Fold 3, Epoch 50: Val Acc: 0.47%
2025-08-14 20:09:09,597 - INFO - Fold 3, Epoch 60: Val Acc: 0.56%
2025-08-14 20:09:11,436 - INFO - Fold 3, Epoch 70: Val Acc: 0.69%
2025-08-14 20:09:13,269 - INFO - Fold 3, Epoch 80: Val Acc: 0.38%
2025-08-14 20:09:15,087 - INFO - Fold 3, Epoch 90: Val Acc: 0.47%
2025-08-14 20:09:16,914 - INFO - Fold 3, Epoch 100: Val Acc: 0.50%
2025-08-14 20:09:18,746 - INFO - Fold 3, Epoch 110: Val Acc: 0.56%
2025-08-14 20:09:20,383 - INFO - Early stopping at epoch 119
2025-08-14 20:09:21,055 - INFO - Cross-validation statistics for transformer: {'train_loss': {'mean': np.float64(5.13862673441569), 'std': np.float64(0.5754814619821922)}, 'train_accuracy': {'mean': np.float64(0.6354166666666667), 'std': np.float64(0.02551551815399144)}, 'val_loss': {'mean': np.float64(5.1293684641520185), 'std': np.float64(0.533920544212345)}, 'val_accuracy': {'mean': np.float64(0.7708333333333334), 'std': np.float64(0.05311478659992484)}, 'epoch': {'mean': np.float64(96.66666666666667), 'std': np.float64(100.83099170834772)}}
[I 2025-08-14 20:09:21,063] Trial 15 finished with value: -0.7708333333333334 and parameters: {'learning_rate': 7.664486865746752e-05, 'batch_size': 32, 'num_epochs': 986, 'temperature': 0.08899625688700061, 'embedding_dim': 256, 'hidden_dim': 128, 'dropout': 0.4366128874963628, 'num_layers': 3, 'num_heads': 8, 'noise_enabled': True, 'shift_enabled': False, 'scale_enabled': True, 'crop_enabled': True, 'flip_enabled': False, 'permutation_enabled': False, 'noise_level': 0.19605325840337098, 'crop_size': 0.5194691795700757}. Best is trial 9 with value: -0.9270833333333334.
Actual device being used: cuda
Attempting to load data from: /vol/ecrg-solar/woodj4/fishy-business/data/REIMS.xlsx
Trial 15 finished with value: -0.7708333333333334 and parameters: {'learning_rate': 7.664486865746752e-05, 'batch_size': 32, 'num_epochs': 986, 'temperature': 0.08899625688700061, 'embedding_dim': 256, 'hidden_dim': 128, 'dropout': 0.4366128874963628, 'num_layers': 3, 'num_heads': 8, 'noise_enabled': True, 'shift_enabled': False, 'scale_enabled': True, 'crop_enabled': True, 'flip_enabled': False, 'permutation_enabled': False, 'noise_level': 0.19605325840337098, 'crop_size': 0.5194691795700757}. Best is trial 9 with value: -0.9270833333333334.
2025-08-14 20:09:21,091 - INFO - Using device: cuda
2025-08-14 20:09:31,149 - INFO - --- Starting Fold 1/3 ---
2025-08-14 20:09:31,151 - INFO - Generated pairs. Train: 1128 (Positive: 48). Val: 276 (Positive: 24)
2025-08-14 20:09:31,151 - INFO - Starting training for fold 1/3
2025-08-14 20:09:40,246 - INFO - Fold 1, Epoch 10: Val Acc: 0.52%
2025-08-14 20:09:43,615 - INFO - Fold 1, Epoch 20: Val Acc: 0.54%
2025-08-14 20:09:48,927 - INFO - Fold 1, Epoch 30: Val Acc: 0.48%
2025-08-14 20:09:54,268 - INFO - Fold 1, Epoch 40: Val Acc: 0.69%
2025-08-14 20:09:57,821 - INFO - Fold 1, Epoch 50: Val Acc: 0.81%
2025-08-14 20:10:01,322 - INFO - Fold 1, Epoch 60: Val Acc: 0.73%
2025-08-14 20:10:04,845 - INFO - Fold 1, Epoch 70: Val Acc: 0.67%
2025-08-14 20:10:08,352 - INFO - Fold 1, Epoch 80: Val Acc: 0.81%
2025-08-14 20:10:11,913 - INFO - Fold 1, Epoch 90: Val Acc: 0.83%
2025-08-14 20:10:15,462 - INFO - Fold 1, Epoch 100: Val Acc: 0.75%
2025-08-14 20:10:19,006 - INFO - Fold 1, Epoch 110: Val Acc: 0.67%
2025-08-14 20:10:22,535 - INFO - Fold 1, Epoch 120: Val Acc: 0.62%
2025-08-14 20:10:26,013 - INFO - Fold 1, Epoch 130: Val Acc: 0.75%
2025-08-14 20:10:27,733 - INFO - Early stopping at epoch 135
2025-08-14 20:10:30,663 - INFO - --- Starting Fold 2/3 ---
2025-08-14 20:10:30,666 - INFO - Generated pairs. Train: 1128 (Positive: 48). Val: 276 (Positive: 24)
2025-08-14 20:10:30,667 - INFO - Starting training for fold 2/3
/usr/pkg/lib/python3.12/site-packages/torch/optim/lr_scheduler.py:227: UserWarning: Detected call of `lr_scheduler.step()` before `optimizer.step()`. In PyTorch 1.1.0 and later, you should call them in the opposite order: `optimizer.step()` before `lr_scheduler.step()`.  Failure to do this will result in PyTorch skipping the first value of the learning rate schedule. See more details at https://pytorch.org/docs/stable/optim.html#how-to-adjust-learning-rate
  warnings.warn(
2025-08-14 20:10:40,490 - INFO - Fold 2, Epoch 10: Val Acc: 0.60%
2025-08-14 20:10:46,407 - INFO - Fold 2, Epoch 20: Val Acc: 0.54%
2025-08-14 20:10:49,485 - INFO - Fold 2, Epoch 30: Val Acc: 0.71%
2025-08-14 20:10:52,562 - INFO - Fold 2, Epoch 40: Val Acc: 0.71%
2025-08-14 20:10:55,990 - INFO - Fold 2, Epoch 50: Val Acc: 0.65%
2025-08-14 20:10:59,437 - INFO - Fold 2, Epoch 60: Val Acc: 0.62%
2025-08-14 20:11:06,495 - INFO - Fold 2, Epoch 70: Val Acc: 0.62%
2025-08-14 20:11:11,124 - INFO - Fold 2, Epoch 80: Val Acc: 0.90%
2025-08-14 20:11:14,687 - INFO - Fold 2, Epoch 90: Val Acc: 0.81%
2025-08-14 20:11:18,169 - INFO - Fold 2, Epoch 100: Val Acc: 0.67%
2025-08-14 20:11:21,624 - INFO - Fold 2, Epoch 110: Val Acc: 0.79%
2025-08-14 20:11:25,021 - INFO - Fold 2, Epoch 120: Val Acc: 0.81%
2025-08-14 20:11:28,294 - INFO - Fold 2, Epoch 130: Val Acc: 0.75%
2025-08-14 20:11:30,800 - INFO - Fold 2, Epoch 140: Val Acc: 0.81%
2025-08-14 20:11:33,560 - INFO - Fold 2, Epoch 150: Val Acc: 0.65%
2025-08-14 20:11:36,377 - INFO - Fold 2, Epoch 160: Val Acc: 0.77%
2025-08-14 20:11:39,369 - INFO - Fold 2, Epoch 170: Val Acc: 0.77%
2025-08-14 20:11:42,303 - INFO - Early stopping at epoch 180
2025-08-14 20:11:44,885 - INFO - --- Starting Fold 3/3 ---
2025-08-14 20:11:44,889 - INFO - Generated pairs. Train: 1128 (Positive: 48). Val: 276 (Positive: 24)
2025-08-14 20:11:44,889 - INFO - Starting training for fold 3/3
2025-08-14 20:11:51,492 - INFO - Fold 3, Epoch 10: Val Acc: 0.60%
2025-08-14 20:11:57,073 - INFO - Fold 3, Epoch 20: Val Acc: 0.65%
2025-08-14 20:12:01,599 - INFO - Fold 3, Epoch 30: Val Acc: 0.67%
2025-08-14 20:12:07,373 - INFO - Fold 3, Epoch 40: Val Acc: 0.71%
2025-08-14 20:12:10,796 - INFO - Fold 3, Epoch 50: Val Acc: 0.77%
2025-08-14 20:12:14,225 - INFO - Fold 3, Epoch 60: Val Acc: 0.71%
2025-08-14 20:12:18,937 - INFO - Fold 3, Epoch 70: Val Acc: 0.67%
2025-08-14 20:12:22,368 - INFO - Fold 3, Epoch 80: Val Acc: 0.67%
2025-08-14 20:12:25,804 - INFO - Fold 3, Epoch 90: Val Acc: 0.71%
2025-08-14 20:12:29,232 - INFO - Fold 3, Epoch 100: Val Acc: 0.69%
2025-08-14 20:12:32,663 - INFO - Fold 3, Epoch 110: Val Acc: 0.77%
2025-08-14 20:12:36,091 - INFO - Fold 3, Epoch 120: Val Acc: 0.79%
2025-08-14 20:12:39,539 - INFO - Fold 3, Epoch 130: Val Acc: 0.75%
2025-08-14 20:12:42,976 - INFO - Fold 3, Epoch 140: Val Acc: 0.79%
2025-08-14 20:12:46,435 - INFO - Fold 3, Epoch 150: Val Acc: 0.67%
2025-08-14 20:12:49,780 - INFO - Fold 3, Epoch 160: Val Acc: 0.75%
2025-08-14 20:12:52,951 - INFO - Early stopping at epoch 169
2025-08-14 20:12:53,821 - INFO - Cross-validation statistics for transformer: {'train_loss': {'mean': np.float64(3.2823999457889133), 'std': np.float64(0.06845681790553304)}, 'train_accuracy': {'mean': np.float64(0.7777777777777777), 'std': np.float64(0.021404215288086698)}, 'val_loss': {'mean': np.float64(3.4695017337799072), 'std': np.float64(0.06935307685249215)}, 'val_accuracy': {'mean': np.float64(0.8958333333333334), 'std': np.float64(6.409875621278546e-17)}, 'epoch': {'mean': np.float64(60.333333333333336), 'std': np.float64(19.154343864744856)}}
[I 2025-08-14 20:12:53,829] Trial 16 finished with value: -0.8958333333333334 and parameters: {'learning_rate': 0.00047232344074810335, 'batch_size': 16, 'num_epochs': 568, 'temperature': 0.3700121654523003, 'embedding_dim': 128, 'hidden_dim': 256, 'dropout': 0.42179779125289274, 'num_layers': 4, 'num_heads': 8, 'noise_enabled': True, 'shift_enabled': False, 'scale_enabled': True, 'crop_enabled': True, 'flip_enabled': False, 'permutation_enabled': False, 'noise_level': 0.19431380064658488, 'crop_size': 0.5009640289127966}. Best is trial 9 with value: -0.9270833333333334.
Actual device being used: cuda
Attempting to load data from: /vol/ecrg-solar/woodj4/fishy-business/data/REIMS.xlsx
Trial 16 finished with value: -0.8958333333333334 and parameters: {'learning_rate': 0.00047232344074810335, 'batch_size': 16, 'num_epochs': 568, 'temperature': 0.3700121654523003, 'embedding_dim': 128, 'hidden_dim': 256, 'dropout': 0.42179779125289274, 'num_layers': 4, 'num_heads': 8, 'noise_enabled': True, 'shift_enabled': False, 'scale_enabled': True, 'crop_enabled': True, 'flip_enabled': False, 'permutation_enabled': False, 'noise_level': 0.19431380064658488, 'crop_size': 0.5009640289127966}. Best is trial 9 with value: -0.9270833333333334.
2025-08-14 20:12:53,856 - INFO - Using device: cuda
2025-08-14 20:13:04,307 - INFO - --- Starting Fold 1/3 ---
2025-08-14 20:13:04,309 - INFO - Generated pairs. Train: 1128 (Positive: 48). Val: 276 (Positive: 24)
2025-08-14 20:13:04,309 - INFO - Starting training for fold 1/3
2025-08-14 20:13:13,481 - INFO - Fold 1, Epoch 10: Val Acc: 0.69%
2025-08-14 20:13:15,484 - INFO - Fold 1, Epoch 20: Val Acc: 0.47%
2025-08-14 20:13:17,280 - INFO - Fold 1, Epoch 30: Val Acc: 0.53%
2025-08-14 20:13:19,029 - INFO - Fold 1, Epoch 40: Val Acc: 0.53%
2025-08-14 20:13:20,787 - INFO - Fold 1, Epoch 50: Val Acc: 0.53%
2025-08-14 20:13:22,538 - INFO - Fold 1, Epoch 60: Val Acc: 0.53%
2025-08-14 20:13:24,404 - INFO - Fold 1, Epoch 70: Val Acc: 0.66%
2025-08-14 20:13:26,528 - INFO - Fold 1, Epoch 80: Val Acc: 0.53%
2025-08-14 20:13:31,064 - INFO - Fold 1, Epoch 90: Val Acc: 0.56%
2025-08-14 20:13:33,561 - INFO - Fold 1, Epoch 100: Val Acc: 0.53%
2025-08-14 20:13:35,926 - INFO - Fold 1, Epoch 110: Val Acc: 0.59%
2025-08-14 20:13:38,224 - INFO - Fold 1, Epoch 120: Val Acc: 0.59%
2025-08-14 20:13:40,481 - INFO - Fold 1, Epoch 130: Val Acc: 0.47%
2025-08-14 20:13:42,663 - INFO - Fold 1, Epoch 140: Val Acc: 0.41%
2025-08-14 20:13:47,108 - INFO - Fold 1, Epoch 150: Val Acc: 0.75%
2025-08-14 20:13:49,395 - INFO - Fold 1, Epoch 160: Val Acc: 0.47%
2025-08-14 20:13:51,691 - INFO - Fold 1, Epoch 170: Val Acc: 0.47%
2025-08-14 20:13:54,032 - INFO - Fold 1, Epoch 180: Val Acc: 0.59%
2025-08-14 20:13:56,313 - INFO - Fold 1, Epoch 190: Val Acc: 0.66%
2025-08-14 20:13:58,606 - INFO - Fold 1, Epoch 200: Val Acc: 0.56%
2025-08-14 20:14:00,731 - INFO - Fold 1, Epoch 210: Val Acc: 0.44%
2025-08-14 20:14:02,490 - INFO - Fold 1, Epoch 220: Val Acc: 0.66%
2025-08-14 20:14:04,400 - INFO - Fold 1, Epoch 230: Val Acc: 0.69%
2025-08-14 20:14:08,613 - INFO - Fold 1, Epoch 240: Val Acc: 0.69%
2025-08-14 20:14:10,380 - INFO - Fold 1, Epoch 250: Val Acc: 0.66%
2025-08-14 20:14:12,247 - INFO - Fold 1, Epoch 260: Val Acc: 0.81%
2025-08-14 20:14:14,011 - INFO - Fold 1, Epoch 270: Val Acc: 0.72%
2025-08-14 20:14:15,982 - INFO - Fold 1, Epoch 280: Val Acc: 0.59%
2025-08-14 20:14:18,193 - INFO - Fold 1, Epoch 290: Val Acc: 0.62%
2025-08-14 20:14:20,083 - INFO - Fold 1, Epoch 300: Val Acc: 0.75%
2025-08-14 20:14:22,122 - INFO - Fold 1, Epoch 310: Val Acc: 0.59%
2025-08-14 20:14:24,243 - INFO - Fold 1, Epoch 320: Val Acc: 0.72%
2025-08-14 20:14:26,624 - INFO - Fold 1, Epoch 330: Val Acc: 0.59%
2025-08-14 20:14:28,480 - INFO - Early stopping at epoch 338
2025-08-14 20:14:32,208 - INFO - --- Starting Fold 2/3 ---
2025-08-14 20:14:32,211 - INFO - Generated pairs. Train: 1128 (Positive: 48). Val: 276 (Positive: 24)
2025-08-14 20:14:32,212 - INFO - Starting training for fold 2/3
2025-08-14 20:14:38,746 - INFO - Fold 2, Epoch 10: Val Acc: 0.47%
2025-08-14 20:14:40,526 - INFO - Fold 2, Epoch 20: Val Acc: 0.62%
2025-08-14 20:14:42,461 - INFO - Fold 2, Epoch 30: Val Acc: 0.62%
2025-08-14 20:14:44,775 - INFO - Fold 2, Epoch 40: Val Acc: 0.62%
2025-08-14 20:14:48,207 - INFO - Fold 2, Epoch 50: Val Acc: 0.41%
2025-08-14 20:14:50,074 - INFO - Fold 2, Epoch 60: Val Acc: 0.69%
2025-08-14 20:14:51,944 - INFO - Fold 2, Epoch 70: Val Acc: 0.62%
2025-08-14 20:14:53,819 - INFO - Fold 2, Epoch 80: Val Acc: 0.56%
2025-08-14 20:14:55,691 - INFO - Fold 2, Epoch 90: Val Acc: 0.47%
2025-08-14 20:14:57,711 - INFO - Fold 2, Epoch 100: Val Acc: 0.66%
2025-08-14 20:15:00,001 - INFO - Fold 2, Epoch 110: Val Acc: 0.59%
2025-08-14 20:15:02,256 - INFO - Fold 2, Epoch 120: Val Acc: 0.62%
2025-08-14 20:15:04,642 - INFO - Fold 2, Epoch 130: Val Acc: 0.53%
2025-08-14 20:15:07,012 - INFO - Fold 2, Epoch 140: Val Acc: 0.62%
2025-08-14 20:15:07,496 - INFO - Early stopping at epoch 142
2025-08-14 20:15:08,566 - INFO - --- Starting Fold 3/3 ---
2025-08-14 20:15:08,568 - INFO - Generated pairs. Train: 1128 (Positive: 48). Val: 276 (Positive: 24)
2025-08-14 20:15:08,568 - INFO - Starting training for fold 3/3
2025-08-14 20:15:17,969 - INFO - Fold 3, Epoch 10: Val Acc: 0.62%
2025-08-14 20:15:20,139 - INFO - Fold 3, Epoch 20: Val Acc: 0.56%
2025-08-14 20:15:22,505 - INFO - Fold 3, Epoch 30: Val Acc: 0.44%
2025-08-14 20:15:24,855 - INFO - Fold 3, Epoch 40: Val Acc: 0.38%
2025-08-14 20:15:27,240 - INFO - Fold 3, Epoch 50: Val Acc: 0.53%
2025-08-14 20:15:31,014 - INFO - Fold 3, Epoch 60: Val Acc: 0.53%
2025-08-14 20:15:34,660 - INFO - Fold 3, Epoch 70: Val Acc: 0.59%
2025-08-14 20:15:36,640 - INFO - Fold 3, Epoch 80: Val Acc: 0.53%
2025-08-14 20:15:38,664 - INFO - Fold 3, Epoch 90: Val Acc: 0.66%
2025-08-14 20:15:40,726 - INFO - Fold 3, Epoch 100: Val Acc: 0.50%
2025-08-14 20:15:43,005 - INFO - Fold 3, Epoch 110: Val Acc: 0.59%
2025-08-14 20:15:45,310 - INFO - Fold 3, Epoch 120: Val Acc: 0.59%
2025-08-14 20:15:47,668 - INFO - Fold 3, Epoch 130: Val Acc: 0.50%
2025-08-14 20:15:50,039 - INFO - Fold 3, Epoch 140: Val Acc: 0.56%
2025-08-14 20:15:52,423 - INFO - Fold 3, Epoch 150: Val Acc: 0.59%
2025-08-14 20:15:56,122 - INFO - Fold 3, Epoch 160: Val Acc: 0.78%
2025-08-14 20:15:58,388 - INFO - Fold 3, Epoch 170: Val Acc: 0.59%
2025-08-14 20:16:00,381 - INFO - Fold 3, Epoch 180: Val Acc: 0.72%
2025-08-14 20:16:02,517 - INFO - Fold 3, Epoch 190: Val Acc: 0.62%
2025-08-14 20:16:04,628 - INFO - Fold 3, Epoch 200: Val Acc: 0.56%
2025-08-14 20:16:06,840 - INFO - Fold 3, Epoch 210: Val Acc: 0.66%
2025-08-14 20:16:09,005 - INFO - Fold 3, Epoch 220: Val Acc: 0.62%
2025-08-14 20:16:11,081 - INFO - Fold 3, Epoch 230: Val Acc: 0.56%
2025-08-14 20:16:13,188 - INFO - Fold 3, Epoch 240: Val Acc: 0.81%
2025-08-14 20:16:15,473 - INFO - Fold 3, Epoch 250: Val Acc: 0.56%
2025-08-14 20:16:15,710 - INFO - Early stopping at epoch 251
2025-08-14 20:16:16,758 - INFO - Cross-validation statistics for transformer: {'train_loss': {'mean': np.float64(4.0802698665195045), 'std': np.float64(0.03546915312881182)}, 'train_accuracy': {'mean': np.float64(0.6458333333333334), 'std': np.float64(0.07266822755714007)}, 'val_loss': {'mean': np.float64(4.137480735778809), 'std': np.float64(0.023522275086331625)}, 'val_accuracy': {'mean': np.float64(0.8333333333333334), 'std': np.float64(0.01473139127471974)}, 'epoch': {'mean': np.float64(142.66666666666666), 'std': np.float64(80.18450944886771)}}
[I 2025-08-14 20:16:16,765] Trial 17 finished with value: -0.8333333333333334 and parameters: {'learning_rate': 8.499212888479729e-05, 'batch_size': 32, 'num_epochs': 872, 'temperature': 0.4844418552105284, 'embedding_dim': 128, 'hidden_dim': 256, 'dropout': 0.3294008178026585, 'num_layers': 5, 'num_heads': 8, 'noise_enabled': True, 'shift_enabled': False, 'scale_enabled': True, 'crop_enabled': True, 'flip_enabled': False, 'permutation_enabled': False, 'noise_level': 0.13904693353640224, 'crop_size': 0.5865355174793682}. Best is trial 9 with value: -0.9270833333333334.
Actual device being used: cuda
Attempting to load data from: /vol/ecrg-solar/woodj4/fishy-business/data/REIMS.xlsx
