Trial 22 finished with value: -0.8958333333333334 and parameters: {'learning_rate': 0.0008172970405324826, 'batch_size': 32, 'num_epochs': 938, 'temperature': 0.10057828938337642, 'embedding_dim': 128, 'hidden_dim': 256, 'dropout': 0.4479329644496811, 'num_layers': 4, 'num_heads': 8, 'noise_enabled': True, 'shift_enabled': False, 'scale_enabled': True, 'crop_enabled': True, 'flip_enabled': False, 'permutation_enabled': False, 'noise_level': 0.17267383356703042, 'crop_size': 0.6258811334801759}. Best is trial 9 with value: -0.9270833333333334.
2025-08-14 20:30:50,202 - INFO - Using device: cuda
2025-08-14 20:31:00,338 - INFO - --- Starting Fold 1/3 ---
2025-08-14 20:31:00,340 - INFO - Generated pairs. Train: 1128 (Positive: 48). Val: 276 (Positive: 24)
2025-08-14 20:31:00,340 - INFO - Starting training for fold 1/3
/usr/pkg/lib/python3.12/site-packages/torch/optim/lr_scheduler.py:227: UserWarning: Detected call of `lr_scheduler.step()` before `optimizer.step()`. In PyTorch 1.1.0 and later, you should call them in the opposite order: `optimizer.step()` before `lr_scheduler.step()`.  Failure to do this will result in PyTorch skipping the first value of the learning rate schedule. See more details at https://pytorch.org/docs/stable/optim.html#how-to-adjust-learning-rate
  warnings.warn(
2025-08-14 20:31:09,784 - INFO - Fold 1, Epoch 10: Val Acc: 0.62%
2025-08-14 20:31:12,054 - INFO - Fold 1, Epoch 20: Val Acc: 0.50%
2025-08-14 20:31:14,315 - INFO - Fold 1, Epoch 30: Val Acc: 0.50%
2025-08-14 20:31:18,893 - INFO - Fold 1, Epoch 40: Val Acc: 0.44%
2025-08-14 20:31:21,226 - INFO - Fold 1, Epoch 50: Val Acc: 0.53%
2025-08-14 20:31:23,570 - INFO - Fold 1, Epoch 60: Val Acc: 0.62%
2025-08-14 20:31:25,857 - INFO - Fold 1, Epoch 70: Val Acc: 0.59%
2025-08-14 20:31:30,243 - INFO - Fold 1, Epoch 80: Val Acc: 0.56%
2025-08-14 20:31:32,513 - INFO - Fold 1, Epoch 90: Val Acc: 0.69%
2025-08-14 20:31:34,879 - INFO - Fold 1, Epoch 100: Val Acc: 0.59%
2025-08-14 20:31:37,242 - INFO - Fold 1, Epoch 110: Val Acc: 0.62%
2025-08-14 20:31:39,610 - INFO - Fold 1, Epoch 120: Val Acc: 0.53%
2025-08-14 20:31:41,951 - INFO - Fold 1, Epoch 130: Val Acc: 0.47%
2025-08-14 20:31:44,285 - INFO - Fold 1, Epoch 140: Val Acc: 0.62%
2025-08-14 20:31:48,393 - INFO - Fold 1, Epoch 150: Val Acc: 0.50%
2025-08-14 20:31:50,133 - INFO - Fold 1, Epoch 160: Val Acc: 0.59%
2025-08-14 20:31:51,882 - INFO - Fold 1, Epoch 170: Val Acc: 0.56%
2025-08-14 20:31:53,937 - INFO - Fold 1, Epoch 180: Val Acc: 0.75%
2025-08-14 20:31:56,185 - INFO - Fold 1, Epoch 190: Val Acc: 0.59%
2025-08-14 20:31:58,427 - INFO - Fold 1, Epoch 200: Val Acc: 0.56%
2025-08-14 20:32:00,700 - INFO - Fold 1, Epoch 210: Val Acc: 0.59%
2025-08-14 20:32:02,970 - INFO - Fold 1, Epoch 220: Val Acc: 0.62%
2025-08-14 20:32:04,919 - INFO - Fold 1, Epoch 230: Val Acc: 0.72%
2025-08-14 20:32:06,654 - INFO - Fold 1, Epoch 240: Val Acc: 0.50%
2025-08-14 20:32:07,403 - INFO - Early stopping at epoch 244
2025-08-14 20:32:11,149 - INFO - --- Starting Fold 2/3 ---
2025-08-14 20:32:11,151 - INFO - Generated pairs. Train: 1128 (Positive: 48). Val: 276 (Positive: 24)
2025-08-14 20:32:11,151 - INFO - Starting training for fold 2/3
/usr/pkg/lib/python3.12/site-packages/torch/optim/lr_scheduler.py:227: UserWarning: Detected call of `lr_scheduler.step()` before `optimizer.step()`. In PyTorch 1.1.0 and later, you should call them in the opposite order: `optimizer.step()` before `lr_scheduler.step()`.  Failure to do this will result in PyTorch skipping the first value of the learning rate schedule. See more details at https://pytorch.org/docs/stable/optim.html#how-to-adjust-learning-rate
  warnings.warn(
2025-08-14 20:32:18,507 - INFO - Fold 2, Epoch 10: Val Acc: 0.44%
2025-08-14 20:32:20,819 - INFO - Fold 2, Epoch 20: Val Acc: 0.53%
2025-08-14 20:32:23,091 - INFO - Fold 2, Epoch 30: Val Acc: 0.72%
2025-08-14 20:32:25,354 - INFO - Fold 2, Epoch 40: Val Acc: 0.53%
2025-08-14 20:32:27,713 - INFO - Fold 2, Epoch 50: Val Acc: 0.75%
2025-08-14 20:32:31,561 - INFO - Fold 2, Epoch 60: Val Acc: 0.75%
2025-08-14 20:32:33,843 - INFO - Fold 2, Epoch 70: Val Acc: 0.47%
2025-08-14 20:32:36,138 - INFO - Fold 2, Epoch 80: Val Acc: 0.62%
2025-08-14 20:32:38,420 - INFO - Fold 2, Epoch 90: Val Acc: 0.69%
2025-08-14 20:32:40,691 - INFO - Fold 2, Epoch 100: Val Acc: 0.69%
2025-08-14 20:32:42,962 - INFO - Fold 2, Epoch 110: Val Acc: 0.72%
2025-08-14 20:32:46,120 - INFO - Fold 2, Epoch 120: Val Acc: 0.84%
2025-08-14 20:32:48,108 - INFO - Fold 2, Epoch 130: Val Acc: 0.62%
2025-08-14 20:32:50,060 - INFO - Fold 2, Epoch 140: Val Acc: 0.66%
2025-08-14 20:32:52,171 - INFO - Fold 2, Epoch 150: Val Acc: 0.78%
2025-08-14 20:32:54,441 - INFO - Fold 2, Epoch 160: Val Acc: 0.56%
2025-08-14 20:32:56,705 - INFO - Fold 2, Epoch 170: Val Acc: 0.72%
2025-08-14 20:32:58,970 - INFO - Fold 2, Epoch 180: Val Acc: 0.72%
2025-08-14 20:33:01,150 - INFO - Fold 2, Epoch 190: Val Acc: 0.75%
2025-08-14 20:33:02,940 - INFO - Fold 2, Epoch 200: Val Acc: 0.69%
2025-08-14 20:33:04,897 - INFO - Fold 2, Epoch 210: Val Acc: 0.72%
2025-08-14 20:33:06,838 - INFO - Early stopping at epoch 220
2025-08-14 20:33:07,907 - INFO - --- Starting Fold 3/3 ---
2025-08-14 20:33:07,909 - INFO - Generated pairs. Train: 1128 (Positive: 48). Val: 276 (Positive: 24)
2025-08-14 20:33:07,909 - INFO - Starting training for fold 3/3
/usr/pkg/lib/python3.12/site-packages/torch/optim/lr_scheduler.py:227: UserWarning: Detected call of `lr_scheduler.step()` before `optimizer.step()`. In PyTorch 1.1.0 and later, you should call them in the opposite order: `optimizer.step()` before `lr_scheduler.step()`.  Failure to do this will result in PyTorch skipping the first value of the learning rate schedule. See more details at https://pytorch.org/docs/stable/optim.html#how-to-adjust-learning-rate
  warnings.warn(
2025-08-14 20:33:12,672 - INFO - Fold 3, Epoch 10: Val Acc: 0.38%
2025-08-14 20:33:16,394 - INFO - Fold 3, Epoch 20: Val Acc: 0.56%
2025-08-14 20:33:19,740 - INFO - Fold 3, Epoch 30: Val Acc: 0.62%
2025-08-14 20:33:21,696 - INFO - Fold 3, Epoch 40: Val Acc: 0.66%
2025-08-14 20:33:25,151 - INFO - Fold 3, Epoch 50: Val Acc: 0.59%
2025-08-14 20:33:28,802 - INFO - Fold 3, Epoch 60: Val Acc: 0.62%
2025-08-14 20:33:31,085 - INFO - Fold 3, Epoch 70: Val Acc: 0.69%
2025-08-14 20:33:33,401 - INFO - Fold 3, Epoch 80: Val Acc: 0.75%
2025-08-14 20:33:35,710 - INFO - Fold 3, Epoch 90: Val Acc: 0.53%
2025-08-14 20:33:39,460 - INFO - Fold 3, Epoch 100: Val Acc: 0.72%
2025-08-14 20:33:41,725 - INFO - Fold 3, Epoch 110: Val Acc: 0.66%
2025-08-14 20:33:44,000 - INFO - Fold 3, Epoch 120: Val Acc: 0.66%
2025-08-14 20:33:47,593 - INFO - Fold 3, Epoch 130: Val Acc: 0.59%
2025-08-14 20:33:49,865 - INFO - Fold 3, Epoch 140: Val Acc: 0.62%
2025-08-14 20:33:52,139 - INFO - Fold 3, Epoch 150: Val Acc: 0.59%
2025-08-14 20:33:54,419 - INFO - Fold 3, Epoch 160: Val Acc: 0.69%
2025-08-14 20:33:56,572 - INFO - Fold 3, Epoch 170: Val Acc: 0.59%
2025-08-14 20:33:58,758 - INFO - Fold 3, Epoch 180: Val Acc: 0.66%
2025-08-14 20:34:01,034 - INFO - Fold 3, Epoch 190: Val Acc: 0.62%
2025-08-14 20:34:03,197 - INFO - Fold 3, Epoch 200: Val Acc: 0.66%
2025-08-14 20:34:05,464 - INFO - Fold 3, Epoch 210: Val Acc: 0.66%
2025-08-14 20:34:07,735 - INFO - Fold 3, Epoch 220: Val Acc: 0.66%
2025-08-14 20:34:07,961 - INFO - Early stopping at epoch 221
2025-08-14 20:34:11,007 - INFO - Cross-validation statistics for transformer: {'train_loss': {'mean': np.float64(4.283098936080933), 'std': np.float64(0.09763004598883294)}, 'train_accuracy': {'mean': np.float64(0.6527777777777778), 'std': np.float64(0.04280843057617342)}, 'val_loss': {'mean': np.float64(4.9662472407023115), 'std': np.float64(0.0019312658151345234)}, 'val_accuracy': {'mean': np.float64(0.8541666666666666), 'std': np.float64(0.01473139127471974)}, 'epoch': {'mean': np.float64(127.33333333333333), 'std': np.float64(11.08552609887726)}}
[I 2025-08-14 20:34:11,020] Trial 23 finished with value: -0.8541666666666666 and parameters: {'learning_rate': 0.0003722951980070698, 'batch_size': 32, 'num_epochs': 901, 'temperature': 0.05926235249521605, 'embedding_dim': 128, 'hidden_dim': 256, 'dropout': 0.45673479459022837, 'num_layers': 5, 'num_heads': 8, 'noise_enabled': True, 'shift_enabled': False, 'scale_enabled': True, 'crop_enabled': True, 'flip_enabled': False, 'permutation_enabled': False, 'noise_level': 0.1995440643166886, 'crop_size': 0.5556122047437086}. Best is trial 9 with value: -0.9270833333333334.
Actual device being used: cuda
Attempting to load data from: /vol/ecrg-solar/woodj4/fishy-business/data/REIMS.xlsx
Trial 23 finished with value: -0.8541666666666666 and parameters: {'learning_rate': 0.0003722951980070698, 'batch_size': 32, 'num_epochs': 901, 'temperature': 0.05926235249521605, 'embedding_dim': 128, 'hidden_dim': 256, 'dropout': 0.45673479459022837, 'num_layers': 5, 'num_heads': 8, 'noise_enabled': True, 'shift_enabled': False, 'scale_enabled': True, 'crop_enabled': True, 'flip_enabled': False, 'permutation_enabled': False, 'noise_level': 0.1995440643166886, 'crop_size': 0.5556122047437086}. Best is trial 9 with value: -0.9270833333333334.
2025-08-14 20:34:11,091 - INFO - Using device: cuda
2025-08-14 20:34:21,216 - INFO - --- Starting Fold 1/3 ---
2025-08-14 20:34:21,217 - INFO - Generated pairs. Train: 1128 (Positive: 48). Val: 276 (Positive: 24)
2025-08-14 20:34:21,218 - INFO - Starting training for fold 1/3
/usr/pkg/lib/python3.12/site-packages/torch/optim/lr_scheduler.py:227: UserWarning: Detected call of `lr_scheduler.step()` before `optimizer.step()`. In PyTorch 1.1.0 and later, you should call them in the opposite order: `optimizer.step()` before `lr_scheduler.step()`.  Failure to do this will result in PyTorch skipping the first value of the learning rate schedule. See more details at https://pytorch.org/docs/stable/optim.html#how-to-adjust-learning-rate
  warnings.warn(
2025-08-14 20:34:25,304 - INFO - Fold 1, Epoch 10: Val Acc: 0.47%
2025-08-14 20:34:26,916 - INFO - Fold 1, Epoch 20: Val Acc: 0.56%
2025-08-14 20:34:28,533 - INFO - Fold 1, Epoch 30: Val Acc: 0.50%
2025-08-14 20:34:31,067 - INFO - Fold 1, Epoch 40: Val Acc: 0.78%
2025-08-14 20:34:32,778 - INFO - Fold 1, Epoch 50: Val Acc: 0.62%
2025-08-14 20:34:34,394 - INFO - Fold 1, Epoch 60: Val Acc: 0.62%
2025-08-14 20:34:35,998 - INFO - Fold 1, Epoch 70: Val Acc: 0.75%
2025-08-14 20:34:37,600 - INFO - Fold 1, Epoch 80: Val Acc: 0.53%
2025-08-14 20:34:39,201 - INFO - Fold 1, Epoch 90: Val Acc: 0.69%
2025-08-14 20:34:40,809 - INFO - Fold 1, Epoch 100: Val Acc: 0.59%
2025-08-14 20:34:42,413 - INFO - Fold 1, Epoch 110: Val Acc: 0.66%
2025-08-14 20:34:44,019 - INFO - Fold 1, Epoch 120: Val Acc: 0.53%
2025-08-14 20:34:45,622 - INFO - Fold 1, Epoch 130: Val Acc: 0.50%
2025-08-14 20:34:47,233 - INFO - Early stopping at epoch 140
2025-08-14 20:34:48,744 - INFO - --- Starting Fold 2/3 ---
2025-08-14 20:34:48,748 - INFO - Generated pairs. Train: 1128 (Positive: 48). Val: 276 (Positive: 24)
2025-08-14 20:34:48,749 - INFO - Starting training for fold 2/3
/usr/pkg/lib/python3.12/site-packages/torch/optim/lr_scheduler.py:227: UserWarning: Detected call of `lr_scheduler.step()` before `optimizer.step()`. In PyTorch 1.1.0 and later, you should call them in the opposite order: `optimizer.step()` before `lr_scheduler.step()`.  Failure to do this will result in PyTorch skipping the first value of the learning rate schedule. See more details at https://pytorch.org/docs/stable/optim.html#how-to-adjust-learning-rate
  warnings.warn(
2025-08-14 20:34:53,351 - INFO - Fold 2, Epoch 10: Val Acc: 0.53%
2025-08-14 20:34:56,344 - INFO - Fold 2, Epoch 20: Val Acc: 0.59%
2025-08-14 20:34:57,949 - INFO - Fold 2, Epoch 30: Val Acc: 0.47%
2025-08-14 20:35:00,356 - INFO - Fold 2, Epoch 40: Val Acc: 0.53%
2025-08-14 20:35:01,972 - INFO - Fold 2, Epoch 50: Val Acc: 0.62%
2025-08-14 20:35:03,612 - INFO - Fold 2, Epoch 60: Val Acc: 0.66%
2025-08-14 20:35:05,272 - INFO - Fold 2, Epoch 70: Val Acc: 0.66%
2025-08-14 20:35:06,891 - INFO - Fold 2, Epoch 80: Val Acc: 0.72%
2025-08-14 20:35:08,301 - INFO - Fold 2, Epoch 90: Val Acc: 0.59%
2025-08-14 20:35:09,884 - INFO - Fold 2, Epoch 100: Val Acc: 0.53%
2025-08-14 20:35:11,481 - INFO - Fold 2, Epoch 110: Val Acc: 0.69%
2025-08-14 20:35:12,947 - INFO - Fold 2, Epoch 120: Val Acc: 0.69%
2025-08-14 20:35:14,490 - INFO - Fold 2, Epoch 130: Val Acc: 0.66%
2025-08-14 20:35:15,507 - INFO - Early stopping at epoch 138
2025-08-14 20:35:17,423 - INFO - --- Starting Fold 3/3 ---
2025-08-14 20:35:17,426 - INFO - Generated pairs. Train: 1128 (Positive: 48). Val: 276 (Positive: 24)
2025-08-14 20:35:17,426 - INFO - Starting training for fold 3/3
/usr/pkg/lib/python3.12/site-packages/torch/optim/lr_scheduler.py:227: UserWarning: Detected call of `lr_scheduler.step()` before `optimizer.step()`. In PyTorch 1.1.0 and later, you should call them in the opposite order: `optimizer.step()` before `lr_scheduler.step()`.  Failure to do this will result in PyTorch skipping the first value of the learning rate schedule. See more details at https://pytorch.org/docs/stable/optim.html#how-to-adjust-learning-rate
  warnings.warn(
2025-08-14 20:35:22,185 - INFO - Fold 3, Epoch 10: Val Acc: 0.44%
2025-08-14 20:35:25,163 - INFO - Fold 3, Epoch 20: Val Acc: 0.53%
2025-08-14 20:35:26,781 - INFO - Fold 3, Epoch 30: Val Acc: 0.53%
2025-08-14 20:35:28,392 - INFO - Fold 3, Epoch 40: Val Acc: 0.47%
2025-08-14 20:35:30,002 - INFO - Fold 3, Epoch 50: Val Acc: 0.53%
2025-08-14 20:35:32,352 - INFO - Fold 3, Epoch 60: Val Acc: 0.50%
2025-08-14 20:35:33,955 - INFO - Fold 3, Epoch 70: Val Acc: 0.69%
2025-08-14 20:35:35,576 - INFO - Fold 3, Epoch 80: Val Acc: 0.59%
2025-08-14 20:35:37,191 - INFO - Fold 3, Epoch 90: Val Acc: 0.69%
2025-08-14 20:35:38,526 - INFO - Fold 3, Epoch 100: Val Acc: 0.69%
2025-08-14 20:35:40,082 - INFO - Fold 3, Epoch 110: Val Acc: 0.53%
2025-08-14 20:35:41,683 - INFO - Fold 3, Epoch 120: Val Acc: 0.78%
2025-08-14 20:35:44,058 - INFO - Fold 3, Epoch 130: Val Acc: 0.69%
2025-08-14 20:35:45,653 - INFO - Fold 3, Epoch 140: Val Acc: 0.62%
2025-08-14 20:35:47,139 - INFO - Fold 3, Epoch 150: Val Acc: 0.72%
2025-08-14 20:35:48,674 - INFO - Fold 3, Epoch 160: Val Acc: 0.66%
2025-08-14 20:35:50,168 - INFO - Fold 3, Epoch 170: Val Acc: 0.72%
2025-08-14 20:35:52,461 - INFO - Fold 3, Epoch 180: Val Acc: 0.50%
2025-08-14 20:35:54,066 - INFO - Fold 3, Epoch 190: Val Acc: 0.69%
2025-08-14 20:35:55,663 - INFO - Fold 3, Epoch 200: Val Acc: 0.56%
2025-08-14 20:35:57,257 - INFO - Fold 3, Epoch 210: Val Acc: 0.50%
2025-08-14 20:35:58,849 - INFO - Fold 3, Epoch 220: Val Acc: 0.72%
2025-08-14 20:36:00,455 - INFO - Fold 3, Epoch 230: Val Acc: 0.66%
2025-08-14 20:36:01,961 - INFO - Fold 3, Epoch 240: Val Acc: 0.84%
2025-08-14 20:36:03,560 - INFO - Fold 3, Epoch 250: Val Acc: 0.69%
2025-08-14 20:36:05,177 - INFO - Fold 3, Epoch 260: Val Acc: 0.72%
2025-08-14 20:36:06,788 - INFO - Fold 3, Epoch 270: Val Acc: 0.56%
2025-08-14 20:36:07,280 - INFO - Early stopping at epoch 273
2025-08-14 20:36:08,741 - INFO - Cross-validation statistics for transformer: {'train_loss': {'mean': np.float64(4.704151736365424), 'std': np.float64(0.3161554718777273)}, 'train_accuracy': {'mean': np.float64(0.6527777777777778), 'std': np.float64(0.0893380578490875)}, 'val_loss': {'mean': np.float64(5.397029717763265), 'std': np.float64(0.4586565803547559)}, 'val_accuracy': {'mean': np.float64(0.8229166666666666), 'std': np.float64(0.03897559777889522)}, 'epoch': {'mean': np.float64(82.66666666666667), 'std': np.float64(63.17348248188387)}}
[I 2025-08-14 20:36:08,750] Trial 24 finished with value: -0.8229166666666666 and parameters: {'learning_rate': 0.00022019747544827962, 'batch_size': 32, 'num_epochs': 638, 'temperature': 0.08354835007581063, 'embedding_dim': 128, 'hidden_dim': 256, 'dropout': 0.39786596324610757, 'num_layers': 2, 'num_heads': 8, 'noise_enabled': True, 'shift_enabled': False, 'scale_enabled': True, 'crop_enabled': True, 'flip_enabled': False, 'permutation_enabled': False, 'noise_level': 0.1269493266591164, 'crop_size': 0.6312201793799115}. Best is trial 9 with value: -0.9270833333333334.
Actual device being used: cuda
Attempting to load data from: /vol/ecrg-solar/woodj4/fishy-business/data/REIMS.xlsx
