Trial 71 finished with value: -0.90625 and parameters: {'learning_rate': 0.00047971967069391163, 'batch_size': 32, 'num_epochs': 916, 'temperature': 0.42810627626189174, 'embedding_dim': 128, 'hidden_dim': 256, 'dropout': 0.466312629227044, 'num_layers': 5, 'num_heads': 8, 'noise_enabled': True, 'shift_enabled': False, 'scale_enabled': True, 'crop_enabled': True, 'flip_enabled': False, 'permutation_enabled': False, 'noise_level': 0.18376841027077226, 'crop_size': 0.5466487892939503}. Best is trial 9 with value: -0.9270833333333334.
2025-08-14 22:31:34,404 - INFO - Using device: cuda
2025-08-14 22:31:44,612 - INFO - --- Starting Fold 1/3 ---
2025-08-14 22:31:44,623 - INFO - Generated pairs. Train: 1128 (Positive: 48). Val: 276 (Positive: 24)
2025-08-14 22:31:44,624 - INFO - Starting training for fold 1/3
2025-08-14 22:31:52,957 - INFO - Fold 1, Epoch 10: Val Acc: 0.53%
2025-08-14 22:31:54,931 - INFO - Fold 1, Epoch 20: Val Acc: 0.56%
2025-08-14 22:32:02,536 - INFO - Fold 1, Epoch 30: Val Acc: 0.81%
2025-08-14 22:32:04,985 - INFO - Fold 1, Epoch 40: Val Acc: 0.62%
2025-08-14 22:32:07,426 - INFO - Fold 1, Epoch 50: Val Acc: 0.75%
2025-08-14 22:32:12,860 - INFO - Fold 1, Epoch 60: Val Acc: 0.56%
2025-08-14 22:32:17,991 - INFO - Fold 1, Epoch 70: Val Acc: 0.62%
2025-08-14 22:32:20,459 - INFO - Fold 1, Epoch 80: Val Acc: 0.69%
2025-08-14 22:32:22,906 - INFO - Fold 1, Epoch 90: Val Acc: 0.78%
2025-08-14 22:32:25,428 - INFO - Fold 1, Epoch 100: Val Acc: 0.72%
2025-08-14 22:32:27,926 - INFO - Fold 1, Epoch 110: Val Acc: 0.59%
2025-08-14 22:32:30,177 - INFO - Fold 1, Epoch 120: Val Acc: 0.62%
2025-08-14 22:32:32,245 - INFO - Fold 1, Epoch 130: Val Acc: 0.56%
2025-08-14 22:32:34,406 - INFO - Fold 1, Epoch 140: Val Acc: 0.72%
2025-08-14 22:32:36,694 - INFO - Fold 1, Epoch 150: Val Acc: 0.62%
2025-08-14 22:32:39,151 - INFO - Fold 1, Epoch 160: Val Acc: 0.78%
2025-08-14 22:32:39,394 - INFO - Early stopping at epoch 161
2025-08-14 22:32:42,969 - INFO - --- Starting Fold 2/3 ---
2025-08-14 22:32:42,979 - INFO - Generated pairs. Train: 1128 (Positive: 48). Val: 276 (Positive: 24)
2025-08-14 22:32:42,981 - INFO - Starting training for fold 2/3
2025-08-14 22:32:49,310 - INFO - Fold 2, Epoch 10: Val Acc: 0.66%
2025-08-14 22:32:53,674 - INFO - Fold 2, Epoch 20: Val Acc: 0.59%
2025-08-14 22:32:57,840 - INFO - Fold 2, Epoch 30: Val Acc: 0.72%
2025-08-14 22:33:02,208 - INFO - Fold 2, Epoch 40: Val Acc: 0.66%
2025-08-14 22:33:04,826 - INFO - Fold 2, Epoch 50: Val Acc: 0.72%
2025-08-14 22:33:07,434 - INFO - Fold 2, Epoch 60: Val Acc: 0.72%
2025-08-14 22:33:09,678 - INFO - Fold 2, Epoch 70: Val Acc: 0.72%
2025-08-14 22:33:11,852 - INFO - Fold 2, Epoch 80: Val Acc: 0.75%
2025-08-14 22:33:14,210 - INFO - Fold 2, Epoch 90: Val Acc: 0.81%
2025-08-14 22:33:16,763 - INFO - Fold 2, Epoch 100: Val Acc: 0.81%
2025-08-14 22:33:21,031 - INFO - Fold 2, Epoch 110: Val Acc: 0.66%
2025-08-14 22:33:23,575 - INFO - Fold 2, Epoch 120: Val Acc: 0.72%
2025-08-14 22:33:26,135 - INFO - Fold 2, Epoch 130: Val Acc: 0.78%
2025-08-14 22:33:28,696 - INFO - Fold 2, Epoch 140: Val Acc: 0.88%
2025-08-14 22:33:31,249 - INFO - Fold 2, Epoch 150: Val Acc: 0.78%
2025-08-14 22:33:33,802 - INFO - Fold 2, Epoch 160: Val Acc: 0.84%
2025-08-14 22:33:36,229 - INFO - Fold 2, Epoch 170: Val Acc: 0.91%
2025-08-14 22:33:38,761 - INFO - Fold 2, Epoch 180: Val Acc: 0.75%
2025-08-14 22:33:41,326 - INFO - Fold 2, Epoch 190: Val Acc: 0.84%
2025-08-14 22:33:43,886 - INFO - Fold 2, Epoch 200: Val Acc: 0.81%
2025-08-14 22:33:46,189 - INFO - Early stopping at epoch 209
2025-08-14 22:33:49,704 - INFO - --- Starting Fold 3/3 ---
2025-08-14 22:33:49,707 - INFO - Generated pairs. Train: 1128 (Positive: 48). Val: 276 (Positive: 24)
2025-08-14 22:33:49,707 - INFO - Starting training for fold 3/3
2025-08-14 22:33:55,708 - INFO - Fold 3, Epoch 10: Val Acc: 0.50%
2025-08-14 22:34:00,681 - INFO - Fold 3, Epoch 20: Val Acc: 0.59%
2025-08-14 22:34:03,158 - INFO - Fold 3, Epoch 30: Val Acc: 0.59%
2025-08-14 22:34:07,323 - INFO - Fold 3, Epoch 40: Val Acc: 0.59%
2025-08-14 22:34:11,504 - INFO - Fold 3, Epoch 50: Val Acc: 0.53%
2025-08-14 22:34:14,059 - INFO - Fold 3, Epoch 60: Val Acc: 0.72%
2025-08-14 22:34:16,455 - INFO - Fold 3, Epoch 70: Val Acc: 0.69%
2025-08-14 22:34:18,994 - INFO - Fold 3, Epoch 80: Val Acc: 0.66%
2025-08-14 22:34:23,163 - INFO - Fold 3, Epoch 90: Val Acc: 0.59%
2025-08-14 22:34:25,707 - INFO - Fold 3, Epoch 100: Val Acc: 0.72%
2025-08-14 22:34:28,265 - INFO - Fold 3, Epoch 110: Val Acc: 0.75%
2025-08-14 22:34:30,823 - INFO - Fold 3, Epoch 120: Val Acc: 0.78%
2025-08-14 22:34:33,380 - INFO - Fold 3, Epoch 130: Val Acc: 0.56%
2025-08-14 22:34:37,438 - INFO - Fold 3, Epoch 140: Val Acc: 0.78%
2025-08-14 22:34:39,873 - INFO - Fold 3, Epoch 150: Val Acc: 0.69%
2025-08-14 22:34:42,341 - INFO - Fold 3, Epoch 160: Val Acc: 0.62%
2025-08-14 22:34:44,806 - INFO - Fold 3, Epoch 170: Val Acc: 0.78%
2025-08-14 22:34:47,258 - INFO - Fold 3, Epoch 180: Val Acc: 0.66%
2025-08-14 22:34:49,701 - INFO - Fold 3, Epoch 190: Val Acc: 0.75%
2025-08-14 22:34:52,146 - INFO - Fold 3, Epoch 200: Val Acc: 0.72%
2025-08-14 22:34:54,596 - INFO - Fold 3, Epoch 210: Val Acc: 0.84%
2025-08-14 22:34:57,063 - INFO - Fold 3, Epoch 220: Val Acc: 0.75%
2025-08-14 22:34:59,532 - INFO - Fold 3, Epoch 230: Val Acc: 0.75%
2025-08-14 22:35:00,271 - INFO - Early stopping at epoch 233
2025-08-14 22:35:01,547 - INFO - Cross-validation statistics for transformer: {'train_loss': {'mean': np.float64(3.970381736755371), 'std': np.float64(0.06549134864517775)}, 'train_accuracy': {'mean': np.float64(0.75), 'std': np.float64(0.008505172717997162)}, 'val_loss': {'mean': np.float64(4.2007724444071455), 'std': np.float64(0.0567927013009145)}, 'val_accuracy': {'mean': np.float64(0.90625), 'std': np.float64(0.02551551815399144)}, 'epoch': {'mean': np.float64(100.0), 'std': np.float64(29.93325909419153)}}
[I 2025-08-14 22:35:01,558] Trial 72 finished with value: -0.90625 and parameters: {'learning_rate': 0.000527213952644417, 'batch_size': 32, 'num_epochs': 977, 'temperature': 0.37043744131178785, 'embedding_dim': 128, 'hidden_dim': 256, 'dropout': 0.47253850387048935, 'num_layers': 6, 'num_heads': 8, 'noise_enabled': True, 'shift_enabled': False, 'scale_enabled': True, 'crop_enabled': True, 'flip_enabled': False, 'permutation_enabled': False, 'noise_level': 0.18523717700488662, 'crop_size': 0.5390189706242334}. Best is trial 9 with value: -0.9270833333333334.
Actual device being used: cuda
Attempting to load data from: /vol/ecrg-solar/woodj4/fishy-business/data/REIMS.xlsx
Trial 72 finished with value: -0.90625 and parameters: {'learning_rate': 0.000527213952644417, 'batch_size': 32, 'num_epochs': 977, 'temperature': 0.37043744131178785, 'embedding_dim': 128, 'hidden_dim': 256, 'dropout': 0.47253850387048935, 'num_layers': 6, 'num_heads': 8, 'noise_enabled': True, 'shift_enabled': False, 'scale_enabled': True, 'crop_enabled': True, 'flip_enabled': False, 'permutation_enabled': False, 'noise_level': 0.18523717700488662, 'crop_size': 0.5390189706242334}. Best is trial 9 with value: -0.9270833333333334.
2025-08-14 22:35:01,591 - INFO - Using device: cuda
2025-08-14 22:35:11,688 - INFO - --- Starting Fold 1/3 ---
2025-08-14 22:35:11,689 - INFO - Generated pairs. Train: 1128 (Positive: 48). Val: 276 (Positive: 24)
2025-08-14 22:35:11,690 - INFO - Starting training for fold 1/3
2025-08-14 22:35:20,949 - INFO - Fold 1, Epoch 10: Val Acc: 0.56%
2025-08-14 22:35:27,530 - INFO - Fold 1, Epoch 20: Val Acc: 0.59%
2025-08-14 22:35:31,848 - INFO - Fold 1, Epoch 30: Val Acc: 0.69%
2025-08-14 22:35:36,301 - INFO - Fold 1, Epoch 40: Val Acc: 0.75%
2025-08-14 22:35:38,102 - INFO - Fold 1, Epoch 50: Val Acc: 0.72%
2025-08-14 22:35:42,279 - INFO - Fold 1, Epoch 60: Val Acc: 0.81%
2025-08-14 22:35:44,503 - INFO - Fold 1, Epoch 70: Val Acc: 0.75%
2025-08-14 22:35:48,875 - INFO - Fold 1, Epoch 80: Val Acc: 0.75%
2025-08-14 22:35:51,099 - INFO - Fold 1, Epoch 90: Val Acc: 0.72%
2025-08-14 22:35:53,352 - INFO - Fold 1, Epoch 100: Val Acc: 0.81%
2025-08-14 22:35:55,669 - INFO - Fold 1, Epoch 110: Val Acc: 0.78%
2025-08-14 22:35:57,978 - INFO - Fold 1, Epoch 120: Val Acc: 0.78%
2025-08-14 22:36:00,278 - INFO - Fold 1, Epoch 130: Val Acc: 0.75%
2025-08-14 22:36:02,497 - INFO - Fold 1, Epoch 140: Val Acc: 0.62%
2025-08-14 22:36:04,713 - INFO - Fold 1, Epoch 150: Val Acc: 0.69%
2025-08-14 22:36:07,019 - INFO - Fold 1, Epoch 160: Val Acc: 0.69%
2025-08-14 22:36:08,990 - INFO - Fold 1, Epoch 170: Val Acc: 0.75%
2025-08-14 22:36:10,526 - INFO - Early stopping at epoch 179
2025-08-14 22:36:14,138 - INFO - --- Starting Fold 2/3 ---
2025-08-14 22:36:14,141 - INFO - Generated pairs. Train: 1128 (Positive: 48). Val: 276 (Positive: 24)
2025-08-14 22:36:14,141 - INFO - Starting training for fold 2/3
2025-08-14 22:36:22,111 - INFO - Fold 2, Epoch 10: Val Acc: 0.56%
2025-08-14 22:36:25,890 - INFO - Fold 2, Epoch 20: Val Acc: 0.59%
2025-08-14 22:36:30,816 - INFO - Fold 2, Epoch 30: Val Acc: 0.62%
2025-08-14 22:36:35,900 - INFO - Fold 2, Epoch 40: Val Acc: 0.72%
2025-08-14 22:36:39,569 - INFO - Fold 2, Epoch 50: Val Acc: 0.81%
2025-08-14 22:36:41,794 - INFO - Fold 2, Epoch 60: Val Acc: 0.84%
2025-08-14 22:36:44,028 - INFO - Fold 2, Epoch 70: Val Acc: 0.72%
2025-08-14 22:36:46,253 - INFO - Fold 2, Epoch 80: Val Acc: 0.81%
2025-08-14 22:36:49,913 - INFO - Fold 2, Epoch 90: Val Acc: 0.66%
2025-08-14 22:36:52,143 - INFO - Fold 2, Epoch 100: Val Acc: 0.66%
2025-08-14 22:36:54,374 - INFO - Fold 2, Epoch 110: Val Acc: 0.78%
2025-08-14 22:36:56,295 - INFO - Fold 2, Epoch 120: Val Acc: 0.59%
2025-08-14 22:36:58,535 - INFO - Fold 2, Epoch 130: Val Acc: 0.84%
2025-08-14 22:37:00,767 - INFO - Fold 2, Epoch 140: Val Acc: 0.66%
2025-08-14 22:37:02,998 - INFO - Fold 2, Epoch 150: Val Acc: 0.72%
2025-08-14 22:37:04,830 - INFO - Fold 2, Epoch 160: Val Acc: 0.88%
2025-08-14 22:37:07,036 - INFO - Fold 2, Epoch 170: Val Acc: 0.59%
2025-08-14 22:37:09,271 - INFO - Fold 2, Epoch 180: Val Acc: 0.59%
2025-08-14 22:37:11,072 - INFO - Early stopping at epoch 188
2025-08-14 22:37:14,276 - INFO - --- Starting Fold 3/3 ---
2025-08-14 22:37:14,279 - INFO - Generated pairs. Train: 1128 (Positive: 48). Val: 276 (Positive: 24)
2025-08-14 22:37:14,280 - INFO - Starting training for fold 3/3
2025-08-14 22:37:22,537 - INFO - Fold 3, Epoch 10: Val Acc: 0.59%
2025-08-14 22:37:26,146 - INFO - Fold 3, Epoch 20: Val Acc: 0.59%
2025-08-14 22:37:31,277 - INFO - Fold 3, Epoch 30: Val Acc: 0.72%
2025-08-14 22:37:33,553 - INFO - Fold 3, Epoch 40: Val Acc: 0.78%
2025-08-14 22:37:35,679 - INFO - Fold 3, Epoch 50: Val Acc: 0.69%
2025-08-14 22:37:37,391 - INFO - Fold 3, Epoch 60: Val Acc: 0.72%
2025-08-14 22:37:40,881 - INFO - Fold 3, Epoch 70: Val Acc: 0.81%
2025-08-14 22:37:44,616 - INFO - Fold 3, Epoch 80: Val Acc: 0.66%
2025-08-14 22:37:46,858 - INFO - Fold 3, Epoch 90: Val Acc: 0.69%
2025-08-14 22:37:49,080 - INFO - Fold 3, Epoch 100: Val Acc: 0.78%
2025-08-14 22:37:51,298 - INFO - Fold 3, Epoch 110: Val Acc: 0.84%
2025-08-14 22:37:53,524 - INFO - Fold 3, Epoch 120: Val Acc: 0.84%
2025-08-14 22:37:55,750 - INFO - Fold 3, Epoch 130: Val Acc: 0.78%
2025-08-14 22:37:57,975 - INFO - Fold 3, Epoch 140: Val Acc: 0.69%
2025-08-14 22:38:00,155 - INFO - Fold 3, Epoch 150: Val Acc: 0.78%
2025-08-14 22:38:01,886 - INFO - Fold 3, Epoch 160: Val Acc: 0.72%
2025-08-14 22:38:04,108 - INFO - Fold 3, Epoch 170: Val Acc: 0.72%
2025-08-14 22:38:05,893 - INFO - Early stopping at epoch 178
2025-08-14 22:38:06,928 - INFO - Cross-validation statistics for transformer: {'train_loss': {'mean': np.float64(3.9754988617367215), 'std': np.float64(0.01960676927474452)}, 'train_accuracy': {'mean': np.float64(0.8090277777777777), 'std': np.float64(0.025983731852596822)}, 'val_loss': {'mean': np.float64(4.210616270701091), 'std': np.float64(0.027490018237762506)}, 'val_accuracy': {'mean': np.float64(0.9166666666666666), 'std': np.float64(0.01473139127471974)}, 'epoch': {'mean': np.float64(80.66666666666667), 'std': np.float64(4.496912521077347)}}
[I 2025-08-14 22:38:06,935] Trial 73 finished with value: -0.9166666666666666 and parameters: {'learning_rate': 0.0008339016354833911, 'batch_size': 32, 'num_epochs': 856, 'temperature': 0.48564791752947584, 'embedding_dim': 128, 'hidden_dim': 256, 'dropout': 0.45654018888889236, 'num_layers': 5, 'num_heads': 8, 'noise_enabled': True, 'shift_enabled': False, 'scale_enabled': True, 'crop_enabled': True, 'flip_enabled': False, 'permutation_enabled': False, 'noise_level': 0.16995727157261312, 'crop_size': 0.5100129491584046}. Best is trial 9 with value: -0.9270833333333334.
Actual device being used: cuda
Attempting to load data from: /vol/ecrg-solar/woodj4/fishy-business/data/REIMS.xlsx
Trial 73 finished with value: -0.9166666666666666 and parameters: {'learning_rate': 0.0008339016354833911, 'batch_size': 32, 'num_epochs': 856, 'temperature': 0.48564791752947584, 'embedding_dim': 128, 'hidden_dim': 256, 'dropout': 0.45654018888889236, 'num_layers': 5, 'num_heads': 8, 'noise_enabled': True, 'shift_enabled': False, 'scale_enabled': True, 'crop_enabled': True, 'flip_enabled': False, 'permutation_enabled': False, 'noise_level': 0.16995727157261312, 'crop_size': 0.5100129491584046}. Best is trial 9 with value: -0.9270833333333334.
2025-08-14 22:38:06,969 - INFO - Using device: cuda
2025-08-14 22:38:16,701 - INFO - --- Starting Fold 1/3 ---
2025-08-14 22:38:16,703 - INFO - Generated pairs. Train: 1128 (Positive: 48). Val: 276 (Positive: 24)
2025-08-14 22:38:16,703 - INFO - Starting training for fold 1/3
2025-08-14 22:38:28,916 - INFO - Fold 1, Epoch 10: Val Acc: 0.44%
2025-08-14 22:38:33,263 - INFO - Fold 1, Epoch 20: Val Acc: 0.53%
2025-08-14 22:38:35,490 - INFO - Fold 1, Epoch 30: Val Acc: 0.56%
2025-08-14 22:38:40,080 - INFO - Fold 1, Epoch 40: Val Acc: 0.38%
2025-08-14 22:38:42,325 - INFO - Fold 1, Epoch 50: Val Acc: 0.53%
2025-08-14 22:38:44,574 - INFO - Fold 1, Epoch 60: Val Acc: 0.50%
2025-08-14 22:38:46,807 - INFO - Fold 1, Epoch 70: Val Acc: 0.59%
2025-08-14 22:38:49,047 - INFO - Fold 1, Epoch 80: Val Acc: 0.66%
2025-08-14 22:38:51,275 - INFO - Fold 1, Epoch 90: Val Acc: 0.59%
2025-08-14 22:38:53,499 - INFO - Fold 1, Epoch 100: Val Acc: 0.50%
2025-08-14 22:38:55,725 - INFO - Fold 1, Epoch 110: Val Acc: 0.59%
2025-08-14 22:38:57,971 - INFO - Fold 1, Epoch 120: Val Acc: 0.66%
2025-08-14 22:39:00,198 - INFO - Fold 1, Epoch 130: Val Acc: 0.78%
2025-08-14 22:39:00,649 - INFO - Early stopping at epoch 132
2025-08-14 22:39:04,162 - INFO - --- Starting Fold 2/3 ---
2025-08-14 22:39:04,165 - INFO - Generated pairs. Train: 1128 (Positive: 48). Val: 276 (Positive: 24)
2025-08-14 22:39:04,166 - INFO - Starting training for fold 2/3
2025-08-14 22:39:10,770 - INFO - Fold 2, Epoch 10: Val Acc: 0.53%
2025-08-14 22:39:12,994 - INFO - Fold 2, Epoch 20: Val Acc: 0.62%
2025-08-14 22:39:15,218 - INFO - Fold 2, Epoch 30: Val Acc: 0.41%
2025-08-14 22:39:17,452 - INFO - Fold 2, Epoch 40: Val Acc: 0.56%
2025-08-14 22:39:19,664 - INFO - Fold 2, Epoch 50: Val Acc: 0.44%
2025-08-14 22:39:21,901 - INFO - Fold 2, Epoch 60: Val Acc: 0.69%
2025-08-14 22:39:24,129 - INFO - Fold 2, Epoch 70: Val Acc: 0.59%
2025-08-14 22:39:27,739 - INFO - Fold 2, Epoch 80: Val Acc: 0.53%
2025-08-14 22:39:29,975 - INFO - Fold 2, Epoch 90: Val Acc: 0.69%
2025-08-14 22:39:32,208 - INFO - Fold 2, Epoch 100: Val Acc: 0.66%
2025-08-14 22:39:34,443 - INFO - Fold 2, Epoch 110: Val Acc: 0.72%
2025-08-14 22:39:37,955 - INFO - Fold 2, Epoch 120: Val Acc: 0.75%
2025-08-14 22:39:40,036 - INFO - Fold 2, Epoch 130: Val Acc: 0.62%
2025-08-14 22:39:42,260 - INFO - Fold 2, Epoch 140: Val Acc: 0.69%
2025-08-14 22:39:45,882 - INFO - Fold 2, Epoch 150: Val Acc: 0.69%
2025-08-14 22:39:48,112 - INFO - Fold 2, Epoch 160: Val Acc: 0.59%
2025-08-14 22:39:50,345 - INFO - Fold 2, Epoch 170: Val Acc: 0.75%
2025-08-14 22:39:52,570 - INFO - Fold 2, Epoch 180: Val Acc: 0.75%
2025-08-14 22:39:54,806 - INFO - Fold 2, Epoch 190: Val Acc: 0.72%
2025-08-14 22:39:57,037 - INFO - Fold 2, Epoch 200: Val Acc: 0.69%
2025-08-14 22:39:59,256 - INFO - Fold 2, Epoch 210: Val Acc: 0.62%
2025-08-14 22:40:01,131 - INFO - Fold 2, Epoch 220: Val Acc: 0.66%
2025-08-14 22:40:04,679 - INFO - Fold 2, Epoch 230: Val Acc: 0.91%
2025-08-14 22:40:07,022 - INFO - Fold 2, Epoch 240: Val Acc: 0.72%
2025-08-14 22:40:09,254 - INFO - Fold 2, Epoch 250: Val Acc: 0.72%
2025-08-14 22:40:11,483 - INFO - Fold 2, Epoch 260: Val Acc: 0.78%
2025-08-14 22:40:13,711 - INFO - Fold 2, Epoch 270: Val Acc: 0.81%
2025-08-14 22:40:15,953 - INFO - Fold 2, Epoch 280: Val Acc: 0.81%
2025-08-14 22:40:18,190 - INFO - Fold 2, Epoch 290: Val Acc: 0.59%
2025-08-14 22:40:20,437 - INFO - Fold 2, Epoch 300: Val Acc: 0.53%
2025-08-14 22:40:22,677 - INFO - Fold 2, Epoch 310: Val Acc: 0.72%
2025-08-14 22:40:24,922 - INFO - Fold 2, Epoch 320: Val Acc: 0.88%
2025-08-14 22:40:27,164 - INFO - Early stopping at epoch 330
2025-08-14 22:40:30,079 - INFO - --- Starting Fold 3/3 ---
2025-08-14 22:40:30,081 - INFO - Generated pairs. Train: 1128 (Positive: 48). Val: 276 (Positive: 24)
2025-08-14 22:40:30,082 - INFO - Starting training for fold 3/3
2025-08-14 22:40:34,885 - INFO - Fold 3, Epoch 10: Val Acc: 0.41%
2025-08-14 22:40:38,653 - INFO - Fold 3, Epoch 20: Val Acc: 0.47%
2025-08-14 22:40:42,314 - INFO - Fold 3, Epoch 30: Val Acc: 0.66%
2025-08-14 22:40:45,992 - INFO - Fold 3, Epoch 40: Val Acc: 0.62%
2025-08-14 22:40:48,318 - INFO - Fold 3, Epoch 50: Val Acc: 0.47%
2025-08-14 22:40:50,557 - INFO - Fold 3, Epoch 60: Val Acc: 0.62%
2025-08-14 22:40:55,771 - INFO - Fold 3, Epoch 70: Val Acc: 0.59%
2025-08-14 22:40:57,997 - INFO - Fold 3, Epoch 80: Val Acc: 0.66%
2025-08-14 22:41:00,216 - INFO - Fold 3, Epoch 90: Val Acc: 0.66%
2025-08-14 22:41:02,430 - INFO - Fold 3, Epoch 100: Val Acc: 0.62%
2025-08-14 22:41:04,634 - INFO - Fold 3, Epoch 110: Val Acc: 0.59%
2025-08-14 22:41:06,866 - INFO - Fold 3, Epoch 120: Val Acc: 0.72%
2025-08-14 22:41:09,062 - INFO - Fold 3, Epoch 130: Val Acc: 0.66%
2025-08-14 22:41:11,360 - INFO - Fold 3, Epoch 140: Val Acc: 0.72%
2025-08-14 22:41:15,083 - INFO - Fold 3, Epoch 150: Val Acc: 0.84%
2025-08-14 22:41:17,462 - INFO - Fold 3, Epoch 160: Val Acc: 0.59%
2025-08-14 22:41:19,789 - INFO - Fold 3, Epoch 170: Val Acc: 0.62%
2025-08-14 22:41:22,093 - INFO - Fold 3, Epoch 180: Val Acc: 0.81%
2025-08-14 22:41:24,359 - INFO - Fold 3, Epoch 190: Val Acc: 0.75%
2025-08-14 22:41:26,603 - INFO - Fold 3, Epoch 200: Val Acc: 0.69%
2025-08-14 22:41:28,841 - INFO - Fold 3, Epoch 210: Val Acc: 0.59%
2025-08-14 22:41:30,739 - INFO - Fold 3, Epoch 220: Val Acc: 0.72%
2025-08-14 22:41:34,359 - INFO - Fold 3, Epoch 230: Val Acc: 0.75%
2025-08-14 22:41:36,594 - INFO - Fold 3, Epoch 240: Val Acc: 0.81%
2025-08-14 22:41:38,776 - INFO - Fold 3, Epoch 250: Val Acc: 0.72%
2025-08-14 22:41:41,017 - INFO - Fold 3, Epoch 260: Val Acc: 0.69%
2025-08-14 22:41:42,721 - INFO - Fold 3, Epoch 270: Val Acc: 0.81%
2025-08-14 22:41:44,779 - INFO - Fold 3, Epoch 280: Val Acc: 0.75%
2025-08-14 22:41:46,975 - INFO - Fold 3, Epoch 290: Val Acc: 0.72%
2025-08-14 22:41:48,937 - INFO - Fold 3, Epoch 300: Val Acc: 0.81%
2025-08-14 22:41:51,092 - INFO - Fold 3, Epoch 310: Val Acc: 0.72%
2025-08-14 22:41:53,320 - INFO - Fold 3, Epoch 320: Val Acc: 0.69%
2025-08-14 22:41:53,542 - INFO - Early stopping at epoch 321
2025-08-14 22:41:54,614 - INFO - Cross-validation statistics for transformer: {'train_loss': {'mean': np.float64(4.054616424772475), 'std': np.float64(0.05778840771226603)}, 'train_accuracy': {'mean': np.float64(0.6979166666666666), 'std': np.float64(0.0517349459227477)}, 'val_loss': {'mean': np.float64(4.157290140787761), 'std': np.float64(0.055400485621669326)}, 'val_accuracy': {'mean': np.float64(0.8645833333333334), 'std': np.float64(0.05892556509887896)}, 'epoch': {'mean': np.float64(160.0), 'std': np.float64(91.29074432821763)}}
[I 2025-08-14 22:41:54,620] Trial 74 finished with value: -0.8645833333333334 and parameters: {'learning_rate': 0.00011952366665055053, 'batch_size': 32, 'num_epochs': 904, 'temperature': 0.4596968892673704, 'embedding_dim': 128, 'hidden_dim': 256, 'dropout': 0.43816454214243966, 'num_layers': 5, 'num_heads': 8, 'noise_enabled': True, 'shift_enabled': False, 'scale_enabled': True, 'crop_enabled': True, 'flip_enabled': False, 'permutation_enabled': False, 'noise_level': 0.19095005874710871, 'crop_size': 0.5003663084414757}. Best is trial 9 with value: -0.9270833333333334.
Actual device being used: cuda
Attempting to load data from: /vol/ecrg-solar/woodj4/fishy-business/data/REIMS.xlsx
