Trial 155 finished with value: -0.90625 and parameters: {'learning_rate': 0.0007717240701077952, 'batch_size': 32, 'num_epochs': 130, 'temperature': 0.32669582409838216, 'embedding_dim': 256, 'hidden_dim': 256, 'dropout': 0.19859544899833476, 'num_layers': 5, 'num_heads': 2, 'noise_enabled': True, 'shift_enabled': False, 'scale_enabled': True, 'crop_enabled': True, 'flip_enabled': False, 'permutation_enabled': False, 'noise_level': 0.06640498908673262, 'crop_size': 0.5306241754662557}. Best is trial 92 with value: -0.9479166666666666.
2025-08-15 02:32:55,939 - INFO - Using device: cuda
2025-08-15 02:33:05,986 - INFO - --- Starting Fold 1/3 ---
2025-08-15 02:33:05,987 - INFO - Generated pairs. Train: 1128 (Positive: 48). Val: 276 (Positive: 24)
2025-08-15 02:33:05,987 - INFO - Starting training for fold 1/3
2025-08-15 02:33:15,140 - INFO - Fold 1, Epoch 10: Val Acc: 0.56%
2025-08-15 02:33:19,719 - INFO - Fold 1, Epoch 20: Val Acc: 0.50%
2025-08-15 02:33:21,938 - INFO - Fold 1, Epoch 30: Val Acc: 0.56%
2025-08-15 02:33:24,165 - INFO - Fold 1, Epoch 40: Val Acc: 0.66%
2025-08-15 02:33:26,395 - INFO - Fold 1, Epoch 50: Val Acc: 0.53%
2025-08-15 02:33:28,624 - INFO - Fold 1, Epoch 60: Val Acc: 0.66%
2025-08-15 02:33:35,154 - INFO - Fold 1, Epoch 70: Val Acc: 0.56%
2025-08-15 02:33:39,565 - INFO - Fold 1, Epoch 80: Val Acc: 0.56%
2025-08-15 02:33:44,059 - INFO - Fold 1, Epoch 90: Val Acc: 0.62%
2025-08-15 02:33:46,278 - INFO - Fold 1, Epoch 100: Val Acc: 0.66%
2025-08-15 02:33:48,515 - INFO - Fold 1, Epoch 110: Val Acc: 0.47%
2025-08-15 02:33:50,747 - INFO - Fold 1, Epoch 120: Val Acc: 0.69%
2025-08-15 02:33:52,980 - INFO - Fold 1, Epoch 130: Val Acc: 0.62%
2025-08-15 02:33:55,271 - INFO - Fold 1, Epoch 140: Val Acc: 0.69%
2025-08-15 02:33:57,575 - INFO - Fold 1, Epoch 150: Val Acc: 0.53%
2025-08-15 02:34:02,053 - INFO - Fold 1, Epoch 160: Val Acc: 0.81%
2025-08-15 02:34:04,333 - INFO - Fold 1, Epoch 170: Val Acc: 0.81%
2025-08-15 02:34:06,642 - INFO - Fold 1, Epoch 180: Val Acc: 0.69%
2025-08-15 02:34:08,905 - INFO - Fold 1, Epoch 190: Val Acc: 0.69%
2025-08-15 02:34:10,889 - INFO - Fold 1, Epoch 200: Val Acc: 0.75%
2025-08-15 02:34:15,209 - INFO - Fold 1, Epoch 210: Val Acc: 0.72%
2025-08-15 02:34:17,146 - INFO - Fold 1, Epoch 220: Val Acc: 0.78%
2025-08-15 02:34:21,133 - INFO - --- Starting Fold 2/3 ---
2025-08-15 02:34:21,135 - INFO - Generated pairs. Train: 1128 (Positive: 48). Val: 276 (Positive: 24)
2025-08-15 02:34:21,136 - INFO - Starting training for fold 2/3
2025-08-15 02:34:26,378 - INFO - Fold 2, Epoch 10: Val Acc: 0.50%
2025-08-15 02:34:29,964 - INFO - Fold 2, Epoch 20: Val Acc: 0.72%
2025-08-15 02:34:32,274 - INFO - Fold 2, Epoch 30: Val Acc: 0.53%
2025-08-15 02:34:34,495 - INFO - Fold 2, Epoch 40: Val Acc: 0.53%
2025-08-15 02:34:36,737 - INFO - Fold 2, Epoch 50: Val Acc: 0.56%
2025-08-15 02:34:38,907 - INFO - Fold 2, Epoch 60: Val Acc: 0.56%
2025-08-15 02:34:42,496 - INFO - Fold 2, Epoch 70: Val Acc: 0.72%
2025-08-15 02:34:46,165 - INFO - Fold 2, Epoch 80: Val Acc: 0.59%
2025-08-15 02:34:48,379 - INFO - Fold 2, Epoch 90: Val Acc: 0.56%
2025-08-15 02:34:51,988 - INFO - Fold 2, Epoch 100: Val Acc: 0.66%
2025-08-15 02:34:54,207 - INFO - Fold 2, Epoch 110: Val Acc: 0.59%
2025-08-15 02:34:56,426 - INFO - Fold 2, Epoch 120: Val Acc: 0.69%
2025-08-15 02:34:58,338 - INFO - Fold 2, Epoch 130: Val Acc: 0.62%
2025-08-15 02:35:00,561 - INFO - Fold 2, Epoch 140: Val Acc: 0.72%
2025-08-15 02:35:02,787 - INFO - Fold 2, Epoch 150: Val Acc: 0.72%
2025-08-15 02:35:05,010 - INFO - Fold 2, Epoch 160: Val Acc: 0.66%
2025-08-15 02:35:07,219 - INFO - Fold 2, Epoch 170: Val Acc: 0.66%
2025-08-15 02:35:09,431 - INFO - Fold 2, Epoch 180: Val Acc: 0.72%
2025-08-15 02:35:11,639 - INFO - Fold 2, Epoch 190: Val Acc: 0.78%
2025-08-15 02:35:11,860 - INFO - Early stopping at epoch 191
2025-08-15 02:35:12,901 - INFO - --- Starting Fold 3/3 ---
2025-08-15 02:35:12,903 - INFO - Generated pairs. Train: 1128 (Positive: 48). Val: 276 (Positive: 24)
2025-08-15 02:35:12,903 - INFO - Starting training for fold 3/3
2025-08-15 02:35:21,541 - INFO - Fold 3, Epoch 10: Val Acc: 0.50%
2025-08-15 02:35:24,795 - INFO - Fold 3, Epoch 20: Val Acc: 0.59%
2025-08-15 02:35:27,009 - INFO - Fold 3, Epoch 30: Val Acc: 0.59%
2025-08-15 02:35:30,560 - INFO - Fold 3, Epoch 40: Val Acc: 0.44%
2025-08-15 02:35:32,775 - INFO - Fold 3, Epoch 50: Val Acc: 0.59%
2025-08-15 02:35:34,999 - INFO - Fold 3, Epoch 60: Val Acc: 0.38%
2025-08-15 02:35:37,211 - INFO - Fold 3, Epoch 70: Val Acc: 0.34%
2025-08-15 02:35:39,413 - INFO - Fold 3, Epoch 80: Val Acc: 0.66%
2025-08-15 02:35:41,606 - INFO - Fold 3, Epoch 90: Val Acc: 0.56%
2025-08-15 02:35:45,219 - INFO - Fold 3, Epoch 100: Val Acc: 0.62%
2025-08-15 02:35:46,925 - INFO - Fold 3, Epoch 110: Val Acc: 0.66%
2025-08-15 02:35:49,049 - INFO - Fold 3, Epoch 120: Val Acc: 0.56%
2025-08-15 02:35:50,769 - INFO - Fold 3, Epoch 130: Val Acc: 0.59%
2025-08-15 02:35:52,469 - INFO - Fold 3, Epoch 140: Val Acc: 0.53%
2025-08-15 02:35:54,401 - INFO - Fold 3, Epoch 150: Val Acc: 0.69%
2025-08-15 02:35:58,078 - INFO - Fold 3, Epoch 160: Val Acc: 0.56%
2025-08-15 02:36:00,011 - INFO - Fold 3, Epoch 170: Val Acc: 0.72%
2025-08-15 02:36:01,896 - INFO - Fold 3, Epoch 180: Val Acc: 0.69%
2025-08-15 02:36:03,837 - INFO - Fold 3, Epoch 190: Val Acc: 0.69%
2025-08-15 02:36:05,691 - INFO - Fold 3, Epoch 200: Val Acc: 0.72%
2025-08-15 02:36:07,621 - INFO - Fold 3, Epoch 210: Val Acc: 0.72%
2025-08-15 02:36:09,609 - INFO - Fold 3, Epoch 220: Val Acc: 0.69%
2025-08-15 02:36:12,951 - INFO - Cross-validation statistics for transformer: {'train_loss': {'mean': np.float64(3.993702146742079), 'std': np.float64(0.036742785435311995)}, 'train_accuracy': {'mean': np.float64(0.7118055555555557), 'std': np.float64(0.0603407888784124)}, 'val_loss': {'mean': np.float64(4.189380327860515), 'std': np.float64(0.015803801100080363)}, 'val_accuracy': {'mean': np.float64(0.8854166666666666), 'std': np.float64(0.03897559777889522)}, 'epoch': {'mean': np.float64(147.33333333333334), 'std': np.float64(45.02838610871542)}}
[I 2025-08-15 02:36:12,964] Trial 156 finished with value: -0.8854166666666666 and parameters: {'learning_rate': 0.0001056414045180921, 'batch_size': 32, 'num_epochs': 222, 'temperature': 0.34182351237542424, 'embedding_dim': 256, 'hidden_dim': 256, 'dropout': 0.20711034461447214, 'num_layers': 5, 'num_heads': 2, 'noise_enabled': True, 'shift_enabled': False, 'scale_enabled': False, 'crop_enabled': True, 'flip_enabled': False, 'permutation_enabled': False, 'noise_level': 0.0783544538977403, 'crop_size': 0.5548483039001704}. Best is trial 92 with value: -0.9479166666666666.
Actual device being used: cuda
Attempting to load data from: /vol/ecrg-solar/woodj4/fishy-business/data/REIMS.xlsx
Trial 156 finished with value: -0.8854166666666666 and parameters: {'learning_rate': 0.0001056414045180921, 'batch_size': 32, 'num_epochs': 222, 'temperature': 0.34182351237542424, 'embedding_dim': 256, 'hidden_dim': 256, 'dropout': 0.20711034461447214, 'num_layers': 5, 'num_heads': 2, 'noise_enabled': True, 'shift_enabled': False, 'scale_enabled': False, 'crop_enabled': True, 'flip_enabled': False, 'permutation_enabled': False, 'noise_level': 0.0783544538977403, 'crop_size': 0.5548483039001704}. Best is trial 92 with value: -0.9479166666666666.
2025-08-15 02:36:13,055 - INFO - Using device: cuda
2025-08-15 02:36:22,761 - INFO - --- Starting Fold 1/3 ---
2025-08-15 02:36:22,763 - INFO - Generated pairs. Train: 1128 (Positive: 48). Val: 276 (Positive: 24)
2025-08-15 02:36:22,763 - INFO - Starting training for fold 1/3
2025-08-15 02:36:33,909 - INFO - Fold 1, Epoch 10: Val Acc: 0.50%
2025-08-15 02:36:40,628 - INFO - Fold 1, Epoch 20: Val Acc: 0.53%
2025-08-15 02:36:47,261 - INFO - Fold 1, Epoch 30: Val Acc: 0.62%
2025-08-15 02:36:53,649 - INFO - Fold 1, Epoch 40: Val Acc: 0.78%
2025-08-15 02:36:55,855 - INFO - Fold 1, Epoch 50: Val Acc: 0.72%
2025-08-15 02:36:58,176 - INFO - Fold 1, Epoch 60: Val Acc: 0.69%
2025-08-15 02:37:00,430 - INFO - Fold 1, Epoch 70: Val Acc: 0.69%
2025-08-15 02:37:02,439 - INFO - Fold 1, Epoch 80: Val Acc: 0.66%
2025-08-15 02:37:06,634 - INFO - Fold 1, Epoch 90: Val Acc: 0.66%
2025-08-15 02:37:08,578 - INFO - Fold 1, Epoch 100: Val Acc: 0.69%
2025-08-15 02:37:10,735 - INFO - Fold 1, Epoch 110: Val Acc: 0.75%
2025-08-15 02:37:12,935 - INFO - Fold 1, Epoch 120: Val Acc: 0.75%
2025-08-15 02:37:15,094 - INFO - Fold 1, Epoch 130: Val Acc: 0.66%
2025-08-15 02:37:17,325 - INFO - Fold 1, Epoch 140: Val Acc: 0.59%
2025-08-15 02:37:19,404 - INFO - Fold 1, Epoch 150: Val Acc: 0.62%
2025-08-15 02:37:21,391 - INFO - Fold 1, Epoch 160: Val Acc: 0.72%
2025-08-15 02:37:23,439 - INFO - Fold 1, Epoch 170: Val Acc: 0.69%
2025-08-15 02:37:25,716 - INFO - Fold 1, Epoch 180: Val Acc: 0.59%
2025-08-15 02:37:26,604 - INFO - Early stopping at epoch 184
2025-08-15 02:37:30,212 - INFO - --- Starting Fold 2/3 ---
2025-08-15 02:37:30,214 - INFO - Generated pairs. Train: 1128 (Positive: 48). Val: 276 (Positive: 24)
2025-08-15 02:37:30,214 - INFO - Starting training for fold 2/3
2025-08-15 02:37:36,603 - INFO - Fold 2, Epoch 10: Val Acc: 0.53%
2025-08-15 02:37:40,349 - INFO - Fold 2, Epoch 20: Val Acc: 0.50%
2025-08-15 02:37:43,691 - INFO - Fold 2, Epoch 30: Val Acc: 0.69%
2025-08-15 02:37:47,259 - INFO - Fold 2, Epoch 40: Val Acc: 0.72%
2025-08-15 02:37:49,411 - INFO - Fold 2, Epoch 50: Val Acc: 0.75%
2025-08-15 02:37:52,990 - INFO - Fold 2, Epoch 60: Val Acc: 0.91%
2025-08-15 02:37:55,227 - INFO - Fold 2, Epoch 70: Val Acc: 0.78%
2025-08-15 02:37:57,387 - INFO - Fold 2, Epoch 80: Val Acc: 0.75%
2025-08-15 02:37:59,625 - INFO - Fold 2, Epoch 90: Val Acc: 0.75%
2025-08-15 02:38:01,872 - INFO - Fold 2, Epoch 100: Val Acc: 0.81%
2025-08-15 02:38:04,123 - INFO - Fold 2, Epoch 110: Val Acc: 0.81%
2025-08-15 02:38:06,376 - INFO - Fold 2, Epoch 120: Val Acc: 0.69%
2025-08-15 02:38:10,103 - INFO - Fold 2, Epoch 130: Val Acc: 0.72%
2025-08-15 02:38:12,318 - INFO - Fold 2, Epoch 140: Val Acc: 0.69%
2025-08-15 02:38:14,563 - INFO - Fold 2, Epoch 150: Val Acc: 0.66%
2025-08-15 02:38:16,782 - INFO - Fold 2, Epoch 160: Val Acc: 0.81%
2025-08-15 02:38:19,045 - INFO - Fold 2, Epoch 170: Val Acc: 0.66%
2025-08-15 02:38:21,298 - INFO - Fold 2, Epoch 180: Val Acc: 0.72%
2025-08-15 02:38:23,498 - INFO - Fold 2, Epoch 190: Val Acc: 0.72%
2025-08-15 02:38:25,428 - INFO - Fold 2, Epoch 200: Val Acc: 0.81%
2025-08-15 02:38:27,421 - INFO - Fold 2, Epoch 210: Val Acc: 0.81%
2025-08-15 02:38:29,669 - INFO - Fold 2, Epoch 220: Val Acc: 0.84%
2025-08-15 02:38:30,998 - INFO - Early stopping at epoch 226
2025-08-15 02:38:34,117 - INFO - --- Starting Fold 3/3 ---
2025-08-15 02:38:34,124 - INFO - Generated pairs. Train: 1128 (Positive: 48). Val: 276 (Positive: 24)
2025-08-15 02:38:34,124 - INFO - Starting training for fold 3/3
2025-08-15 02:38:40,945 - INFO - Fold 3, Epoch 10: Val Acc: 0.59%
2025-08-15 02:38:45,797 - INFO - Fold 3, Epoch 20: Val Acc: 0.78%
2025-08-15 02:38:49,448 - INFO - Fold 3, Epoch 30: Val Acc: 0.62%
2025-08-15 02:38:53,344 - INFO - Fold 3, Epoch 40: Val Acc: 0.75%
2025-08-15 02:38:55,832 - INFO - Fold 3, Epoch 50: Val Acc: 0.69%
2025-08-15 02:38:58,324 - INFO - Fold 3, Epoch 60: Val Acc: 0.69%
2025-08-15 02:39:01,827 - INFO - Fold 3, Epoch 70: Val Acc: 0.69%
2025-08-15 02:39:04,075 - INFO - Fold 3, Epoch 80: Val Acc: 0.72%
2025-08-15 02:39:06,323 - INFO - Fold 3, Epoch 90: Val Acc: 0.75%
2025-08-15 02:39:08,590 - INFO - Fold 3, Epoch 100: Val Acc: 0.66%
2025-08-15 02:39:10,835 - INFO - Fold 3, Epoch 110: Val Acc: 0.72%
2025-08-15 02:39:14,414 - INFO - Fold 3, Epoch 120: Val Acc: 0.72%
2025-08-15 02:39:16,537 - INFO - Fold 3, Epoch 130: Val Acc: 0.69%
2025-08-15 02:39:18,662 - INFO - Fold 3, Epoch 140: Val Acc: 0.66%
2025-08-15 02:39:20,778 - INFO - Fold 3, Epoch 150: Val Acc: 0.69%
2025-08-15 02:39:22,984 - INFO - Fold 3, Epoch 160: Val Acc: 0.56%
2025-08-15 02:39:25,223 - INFO - Fold 3, Epoch 170: Val Acc: 0.53%
2025-08-15 02:39:27,459 - INFO - Fold 3, Epoch 180: Val Acc: 0.62%
2025-08-15 02:39:29,706 - INFO - Fold 3, Epoch 190: Val Acc: 0.59%
2025-08-15 02:39:31,959 - INFO - Fold 3, Epoch 200: Val Acc: 0.69%
2025-08-15 02:39:34,211 - INFO - Fold 3, Epoch 210: Val Acc: 0.75%
2025-08-15 02:39:36,239 - INFO - Early stopping at epoch 219
2025-08-15 02:39:39,070 - INFO - Cross-validation statistics for transformer: {'train_loss': {'mean': np.float64(3.9162323474884033), 'std': np.float64(0.005464276698863478)}, 'train_accuracy': {'mean': np.float64(0.7881944444444445), 'std': np.float64(0.021404215288086698)}, 'val_loss': {'mean': np.float64(4.252950509389241), 'std': np.float64(0.04200026627529815)}, 'val_accuracy': {'mean': np.float64(0.9375), 'std': np.float64(0.02551551815399144)}, 'epoch': {'mean': np.float64(108.66666666666667), 'std': np.float64(18.372685039360892)}}
[I 2025-08-15 02:39:39,084] Trial 157 finished with value: -0.9375 and parameters: {'learning_rate': 0.0004866518408592306, 'batch_size': 32, 'num_epochs': 286, 'temperature': 0.36013101662200026, 'embedding_dim': 256, 'hidden_dim': 256, 'dropout': 0.19064566838921707, 'num_layers': 5, 'num_heads': 2, 'noise_enabled': True, 'shift_enabled': False, 'scale_enabled': True, 'crop_enabled': True, 'flip_enabled': False, 'permutation_enabled': False, 'noise_level': 0.07489932802617236, 'crop_size': 0.5415198975781939}. Best is trial 92 with value: -0.9479166666666666.
Actual device being used: cuda
Attempting to load data from: /vol/ecrg-solar/woodj4/fishy-business/data/REIMS.xlsx
Trial 157 finished with value: -0.9375 and parameters: {'learning_rate': 0.0004866518408592306, 'batch_size': 32, 'num_epochs': 286, 'temperature': 0.36013101662200026, 'embedding_dim': 256, 'hidden_dim': 256, 'dropout': 0.19064566838921707, 'num_layers': 5, 'num_heads': 2, 'noise_enabled': True, 'shift_enabled': False, 'scale_enabled': True, 'crop_enabled': True, 'flip_enabled': False, 'permutation_enabled': False, 'noise_level': 0.07489932802617236, 'crop_size': 0.5415198975781939}. Best is trial 92 with value: -0.9479166666666666.
2025-08-15 02:39:39,182 - INFO - Using device: cuda
2025-08-15 02:39:49,364 - INFO - --- Starting Fold 1/3 ---
2025-08-15 02:39:49,365 - INFO - Generated pairs. Train: 1128 (Positive: 48). Val: 276 (Positive: 24)
2025-08-15 02:39:49,365 - INFO - Starting training for fold 1/3
2025-08-15 02:39:56,219 - INFO - Fold 1, Epoch 10: Val Acc: 0.47%
2025-08-15 02:40:00,566 - INFO - Fold 1, Epoch 20: Val Acc: 0.72%
2025-08-15 02:40:04,977 - INFO - Fold 1, Epoch 30: Val Acc: 0.72%
2025-08-15 02:40:09,240 - INFO - Fold 1, Epoch 40: Val Acc: 0.88%
2025-08-15 02:40:11,477 - INFO - Fold 1, Epoch 50: Val Acc: 0.56%
2025-08-15 02:40:13,573 - INFO - Fold 1, Epoch 60: Val Acc: 0.88%
2025-08-15 02:40:15,793 - INFO - Fold 1, Epoch 70: Val Acc: 0.62%
2025-08-15 02:40:18,056 - INFO - Fold 1, Epoch 80: Val Acc: 0.69%
2025-08-15 02:40:20,306 - INFO - Fold 1, Epoch 90: Val Acc: 0.59%
2025-08-15 02:40:22,644 - INFO - Fold 1, Epoch 100: Val Acc: 0.62%
2025-08-15 02:40:24,983 - INFO - Fold 1, Epoch 110: Val Acc: 0.56%
2025-08-15 02:40:27,324 - INFO - Fold 1, Epoch 120: Val Acc: 0.81%
2025-08-15 02:40:29,663 - INFO - Fold 1, Epoch 130: Val Acc: 0.78%
2025-08-15 02:40:31,788 - INFO - Early stopping at epoch 140
2025-08-15 02:40:34,765 - INFO - --- Starting Fold 2/3 ---
2025-08-15 02:40:34,768 - INFO - Generated pairs. Train: 1128 (Positive: 48). Val: 276 (Positive: 24)
2025-08-15 02:40:34,769 - INFO - Starting training for fold 2/3
2025-08-15 02:40:43,336 - INFO - Fold 2, Epoch 10: Val Acc: 0.81%
2025-08-15 02:40:45,602 - INFO - Fold 2, Epoch 20: Val Acc: 0.78%
2025-08-15 02:40:47,848 - INFO - Fold 2, Epoch 30: Val Acc: 0.69%
2025-08-15 02:40:50,040 - INFO - Fold 2, Epoch 40: Val Acc: 0.72%
2025-08-15 02:40:54,870 - INFO - Fold 2, Epoch 50: Val Acc: 0.69%
2025-08-15 02:40:58,264 - INFO - Fold 2, Epoch 60: Val Acc: 0.91%
2025-08-15 02:41:00,255 - INFO - Fold 2, Epoch 70: Val Acc: 0.62%
2025-08-15 02:41:02,153 - INFO - Fold 2, Epoch 80: Val Acc: 0.88%
2025-08-15 02:41:04,125 - INFO - Fold 2, Epoch 90: Val Acc: 0.78%
2025-08-15 02:41:06,067 - INFO - Fold 2, Epoch 100: Val Acc: 0.78%
2025-08-15 02:41:07,882 - INFO - Fold 2, Epoch 110: Val Acc: 0.81%
2025-08-15 02:41:09,884 - INFO - Fold 2, Epoch 120: Val Acc: 0.72%
2025-08-15 02:41:11,801 - INFO - Fold 2, Epoch 130: Val Acc: 0.75%
2025-08-15 02:41:13,744 - INFO - Fold 2, Epoch 140: Val Acc: 0.72%
2025-08-15 02:41:15,988 - INFO - Fold 2, Epoch 150: Val Acc: 0.72%
2025-08-15 02:41:18,251 - INFO - Early stopping at epoch 160
2025-08-15 02:41:21,788 - INFO - --- Starting Fold 3/3 ---
2025-08-15 02:41:21,790 - INFO - Generated pairs. Train: 1128 (Positive: 48). Val: 276 (Positive: 24)
2025-08-15 02:41:21,790 - INFO - Starting training for fold 3/3
2025-08-15 02:41:28,154 - INFO - Fold 3, Epoch 10: Val Acc: 0.56%
2025-08-15 02:41:33,122 - INFO - Fold 3, Epoch 20: Val Acc: 0.62%
2025-08-15 02:41:36,599 - INFO - Fold 3, Epoch 30: Val Acc: 0.69%
2025-08-15 02:41:38,329 - INFO - Fold 3, Epoch 40: Val Acc: 0.59%
2025-08-15 02:41:41,789 - INFO - Fold 3, Epoch 50: Val Acc: 0.75%
2025-08-15 02:41:44,102 - INFO - Fold 3, Epoch 60: Val Acc: 0.88%
2025-08-15 02:41:46,362 - INFO - Fold 3, Epoch 70: Val Acc: 0.72%
2025-08-15 02:41:48,324 - INFO - Fold 3, Epoch 80: Val Acc: 0.84%
2025-08-15 02:41:50,255 - INFO - Fold 3, Epoch 90: Val Acc: 0.69%
2025-08-15 02:41:52,489 - INFO - Fold 3, Epoch 100: Val Acc: 0.81%
2025-08-15 02:41:54,468 - INFO - Fold 3, Epoch 110: Val Acc: 0.62%
2025-08-15 02:41:56,409 - INFO - Fold 3, Epoch 120: Val Acc: 0.75%
2025-08-15 02:41:58,390 - INFO - Fold 3, Epoch 130: Val Acc: 0.62%
2025-08-15 02:42:00,356 - INFO - Fold 3, Epoch 140: Val Acc: 0.78%
2025-08-15 02:42:01,702 - INFO - Early stopping at epoch 146
2025-08-15 02:42:02,742 - INFO - Cross-validation statistics for transformer: {'train_loss': {'mean': np.float64(3.975746340221829), 'std': np.float64(0.02156873898964653)}, 'train_accuracy': {'mean': np.float64(0.7847222222222223), 'std': np.float64(0.054680610236193125)}, 'val_loss': {'mean': np.float64(4.245502948760986), 'std': np.float64(0.09980635084766772)}, 'val_accuracy': {'mean': np.float64(0.8854166666666666), 'std': np.float64(0.01473139127471974)}, 'epoch': {'mean': np.float64(47.666666666666664), 'std': np.float64(8.379870059984356)}}
[I 2025-08-15 02:42:02,748] Trial 158 finished with value: -0.8854166666666666 and parameters: {'learning_rate': 0.000635322303881995, 'batch_size': 32, 'num_epochs': 294, 'temperature': 0.3695676340117491, 'embedding_dim': 256, 'hidden_dim': 128, 'dropout': 0.22179875378098127, 'num_layers': 5, 'num_heads': 2, 'noise_enabled': True, 'shift_enabled': False, 'scale_enabled': True, 'crop_enabled': True, 'flip_enabled': False, 'permutation_enabled': False, 'noise_level': 0.07577166987195783, 'crop_size': 0.5422965975857822}. Best is trial 92 with value: -0.9479166666666666.
Actual device being used: cuda
Attempting to load data from: /vol/ecrg-solar/woodj4/fishy-business/data/REIMS.xlsx
