Trial 136 finished with value: -0.8645833333333334 and parameters: {'learning_rate': 0.0009310858777658721, 'batch_size': 32, 'num_epochs': 893, 'temperature': 0.0664867407393159, 'embedding_dim': 128, 'hidden_dim': 256, 'dropout': 0.440798603590381, 'num_layers': 3, 'num_heads': 8, 'noise_enabled': True, 'shift_enabled': False, 'scale_enabled': True, 'crop_enabled': True, 'flip_enabled': False, 'permutation_enabled': False, 'noise_level': 0.1089055212590034, 'crop_size': 0.536294062525757}. Best is trial 92 with value: -0.9479166666666666.
2025-08-15 01:36:06,621 - INFO - Using device: cuda
2025-08-15 01:36:16,270 - INFO - --- Starting Fold 1/3 ---
2025-08-15 01:36:16,272 - INFO - Generated pairs. Train: 1128 (Positive: 48). Val: 276 (Positive: 24)
2025-08-15 01:36:16,272 - INFO - Starting training for fold 1/3
2025-08-15 01:36:23,152 - INFO - Fold 1, Epoch 10: Val Acc: 0.47%
2025-08-15 01:36:25,377 - INFO - Fold 1, Epoch 20: Val Acc: 0.53%
2025-08-15 01:36:27,691 - INFO - Fold 1, Epoch 30: Val Acc: 0.50%
2025-08-15 01:36:32,171 - INFO - Fold 1, Epoch 40: Val Acc: 0.50%
2025-08-15 01:36:34,203 - INFO - Fold 1, Epoch 50: Val Acc: 0.44%
2025-08-15 01:36:36,409 - INFO - Fold 1, Epoch 60: Val Acc: 0.53%
2025-08-15 01:36:38,265 - INFO - Fold 1, Epoch 70: Val Acc: 0.53%
2025-08-15 01:36:40,561 - INFO - Fold 1, Epoch 80: Val Acc: 0.56%
2025-08-15 01:36:42,342 - INFO - Fold 1, Epoch 90: Val Acc: 0.50%
2025-08-15 01:36:44,122 - INFO - Fold 1, Epoch 100: Val Acc: 0.53%
2025-08-15 01:36:46,328 - INFO - Fold 1, Epoch 110: Val Acc: 0.44%
2025-08-15 01:36:48,609 - INFO - Fold 1, Epoch 120: Val Acc: 0.47%
2025-08-15 01:36:50,909 - INFO - Fold 1, Epoch 130: Val Acc: 0.69%
2025-08-15 01:36:52,077 - INFO - Early stopping at epoch 135
2025-08-15 01:36:55,604 - INFO - --- Starting Fold 2/3 ---
2025-08-15 01:36:55,610 - INFO - Generated pairs. Train: 1128 (Positive: 48). Val: 276 (Positive: 24)
2025-08-15 01:36:55,611 - INFO - Starting training for fold 2/3
2025-08-15 01:37:02,643 - INFO - Fold 2, Epoch 10: Val Acc: 0.50%
2025-08-15 01:37:05,029 - INFO - Fold 2, Epoch 20: Val Acc: 0.47%
2025-08-15 01:37:08,721 - INFO - Fold 2, Epoch 30: Val Acc: 0.69%
2025-08-15 01:37:11,144 - INFO - Fold 2, Epoch 40: Val Acc: 0.47%
2025-08-15 01:37:13,492 - INFO - Fold 2, Epoch 50: Val Acc: 0.56%
2025-08-15 01:37:15,690 - INFO - Fold 2, Epoch 60: Val Acc: 0.47%
2025-08-15 01:37:17,487 - INFO - Fold 2, Epoch 70: Val Acc: 0.53%
2025-08-15 01:37:19,690 - INFO - Fold 2, Epoch 80: Val Acc: 0.50%
2025-08-15 01:37:21,968 - INFO - Fold 2, Epoch 90: Val Acc: 0.47%
2025-08-15 01:37:23,770 - INFO - Fold 2, Epoch 100: Val Acc: 0.50%
2025-08-15 01:37:25,560 - INFO - Fold 2, Epoch 110: Val Acc: 0.41%
2025-08-15 01:37:27,878 - INFO - Fold 2, Epoch 120: Val Acc: 0.59%
2025-08-15 01:37:30,277 - INFO - Early stopping at epoch 130
2025-08-15 01:37:31,342 - INFO - --- Starting Fold 3/3 ---
2025-08-15 01:37:31,344 - INFO - Generated pairs. Train: 1128 (Positive: 48). Val: 276 (Positive: 24)
2025-08-15 01:37:31,344 - INFO - Starting training for fold 3/3
2025-08-15 01:37:36,809 - INFO - Fold 3, Epoch 10: Val Acc: 0.47%
2025-08-15 01:37:40,528 - INFO - Fold 3, Epoch 20: Val Acc: 0.41%
2025-08-15 01:37:42,745 - INFO - Fold 3, Epoch 30: Val Acc: 0.50%
2025-08-15 01:37:46,369 - INFO - Fold 3, Epoch 40: Val Acc: 0.56%
2025-08-15 01:37:48,666 - INFO - Fold 3, Epoch 50: Val Acc: 0.50%
2025-08-15 01:37:50,962 - INFO - Fold 3, Epoch 60: Val Acc: 0.47%
2025-08-15 01:37:53,266 - INFO - Fold 3, Epoch 70: Val Acc: 0.50%
2025-08-15 01:37:55,585 - INFO - Fold 3, Epoch 80: Val Acc: 0.47%
2025-08-15 01:37:57,888 - INFO - Fold 3, Epoch 90: Val Acc: 0.53%
2025-08-15 01:37:59,892 - INFO - Fold 3, Epoch 100: Val Acc: 0.53%
2025-08-15 01:38:01,677 - INFO - Fold 3, Epoch 110: Val Acc: 0.53%
2025-08-15 01:38:03,669 - INFO - Fold 3, Epoch 120: Val Acc: 0.53%
2025-08-15 01:38:05,979 - INFO - Fold 3, Epoch 130: Val Acc: 0.53%
2025-08-15 01:38:07,129 - INFO - Early stopping at epoch 135
2025-08-15 01:38:10,003 - INFO - Cross-validation statistics for transformer: {'train_loss': {'mean': np.float64(4.167109383477105), 'std': np.float64(0.03357238454788451)}, 'train_accuracy': {'mean': np.float64(0.5694444444444445), 'std': np.float64(0.04019387813468828)}, 'val_loss': {'mean': np.float64(4.242953777313232), 'std': np.float64(0.05824635404285674)}, 'val_accuracy': {'mean': np.float64(0.6979166666666666), 'std': np.float64(0.01473139127471974)}, 'epoch': {'mean': np.float64(32.333333333333336), 'std': np.float64(2.357022603955158)}}
[I 2025-08-15 01:38:10,014] Trial 137 finished with value: -0.6979166666666666 and parameters: {'learning_rate': 0.000509088946587762, 'batch_size': 32, 'num_epochs': 953, 'temperature': 0.1940916879656321, 'embedding_dim': 256, 'hidden_dim': 256, 'dropout': 0.338755419908997, 'num_layers': 5, 'num_heads': 8, 'noise_enabled': True, 'shift_enabled': False, 'scale_enabled': False, 'crop_enabled': True, 'flip_enabled': False, 'permutation_enabled': True, 'noise_level': 0.18266919922395514, 'crop_size': 0.5271548519138151}. Best is trial 92 with value: -0.9479166666666666.
Actual device being used: cuda
Attempting to load data from: /vol/ecrg-solar/woodj4/fishy-business/data/REIMS.xlsx
Trial 137 finished with value: -0.6979166666666666 and parameters: {'learning_rate': 0.000509088946587762, 'batch_size': 32, 'num_epochs': 953, 'temperature': 0.1940916879656321, 'embedding_dim': 256, 'hidden_dim': 256, 'dropout': 0.338755419908997, 'num_layers': 5, 'num_heads': 8, 'noise_enabled': True, 'shift_enabled': False, 'scale_enabled': False, 'crop_enabled': True, 'flip_enabled': False, 'permutation_enabled': True, 'noise_level': 0.18266919922395514, 'crop_size': 0.5271548519138151}. Best is trial 92 with value: -0.9479166666666666.
2025-08-15 01:38:10,097 - INFO - Using device: cuda
2025-08-15 01:38:19,897 - INFO - --- Starting Fold 1/3 ---
2025-08-15 01:38:19,899 - INFO - Generated pairs. Train: 1128 (Positive: 48). Val: 276 (Positive: 24)
2025-08-15 01:38:19,899 - INFO - Starting training for fold 1/3
2025-08-15 01:38:35,560 - INFO - Fold 1, Epoch 10: Val Acc: 0.59%
2025-08-15 01:38:37,720 - INFO - Fold 1, Epoch 20: Val Acc: 0.66%
2025-08-15 01:38:39,886 - INFO - Fold 1, Epoch 30: Val Acc: 0.69%
2025-08-15 01:38:41,926 - INFO - Fold 1, Epoch 40: Val Acc: 0.53%
2025-08-15 01:38:44,076 - INFO - Fold 1, Epoch 50: Val Acc: 0.56%
2025-08-15 01:38:46,252 - INFO - Fold 1, Epoch 60: Val Acc: 0.56%
2025-08-15 01:38:48,423 - INFO - Fold 1, Epoch 70: Val Acc: 0.56%
2025-08-15 01:38:50,591 - INFO - Fold 1, Epoch 80: Val Acc: 0.47%
2025-08-15 01:38:52,663 - INFO - Fold 1, Epoch 90: Val Acc: 0.53%
2025-08-15 01:38:54,537 - INFO - Fold 1, Epoch 100: Val Acc: 0.53%
2025-08-15 01:38:56,071 - INFO - Early stopping at epoch 108
2025-08-15 01:38:59,576 - INFO - --- Starting Fold 2/3 ---
2025-08-15 01:38:59,578 - INFO - Generated pairs. Train: 1128 (Positive: 48). Val: 276 (Positive: 24)
2025-08-15 01:38:59,578 - INFO - Starting training for fold 2/3
2025-08-15 01:39:07,304 - INFO - Fold 2, Epoch 10: Val Acc: 0.84%
2025-08-15 01:39:11,911 - INFO - Fold 2, Epoch 20: Val Acc: 0.84%
2025-08-15 01:39:13,813 - INFO - Fold 2, Epoch 30: Val Acc: 0.81%
2025-08-15 01:39:15,698 - INFO - Fold 2, Epoch 40: Val Acc: 0.69%
2025-08-15 01:39:17,587 - INFO - Fold 2, Epoch 50: Val Acc: 0.81%
2025-08-15 01:39:19,441 - INFO - Fold 2, Epoch 60: Val Acc: 0.72%
2025-08-15 01:39:21,324 - INFO - Fold 2, Epoch 70: Val Acc: 0.66%
2025-08-15 01:39:23,164 - INFO - Fold 2, Epoch 80: Val Acc: 0.78%
2025-08-15 01:39:25,039 - INFO - Fold 2, Epoch 90: Val Acc: 0.62%
2025-08-15 01:39:26,967 - INFO - Fold 2, Epoch 100: Val Acc: 0.62%
2025-08-15 01:39:28,832 - INFO - Fold 2, Epoch 110: Val Acc: 0.66%
2025-08-15 01:39:29,220 - INFO - Early stopping at epoch 112
2025-08-15 01:39:32,261 - INFO - --- Starting Fold 3/3 ---
2025-08-15 01:39:32,263 - INFO - Generated pairs. Train: 1128 (Positive: 48). Val: 276 (Positive: 24)
2025-08-15 01:39:32,263 - INFO - Starting training for fold 3/3
2025-08-15 01:39:42,941 - INFO - Fold 3, Epoch 10: Val Acc: 0.94%
2025-08-15 01:39:44,897 - INFO - Fold 3, Epoch 20: Val Acc: 0.78%
2025-08-15 01:39:46,642 - INFO - Fold 3, Epoch 30: Val Acc: 0.66%
2025-08-15 01:39:48,369 - INFO - Fold 3, Epoch 40: Val Acc: 0.69%
2025-08-15 01:39:50,273 - INFO - Fold 3, Epoch 50: Val Acc: 0.53%
2025-08-15 01:39:52,316 - INFO - Fold 3, Epoch 60: Val Acc: 0.72%
2025-08-15 01:39:54,482 - INFO - Fold 3, Epoch 70: Val Acc: 0.56%
2025-08-15 01:39:56,632 - INFO - Fold 3, Epoch 80: Val Acc: 0.59%
2025-08-15 01:39:58,775 - INFO - Fold 3, Epoch 90: Val Acc: 0.56%
2025-08-15 01:40:00,941 - INFO - Fold 3, Epoch 100: Val Acc: 0.50%
2025-08-15 01:40:03,112 - INFO - Early stopping at epoch 110
2025-08-15 01:40:04,164 - INFO - Cross-validation statistics for transformer: {'train_loss': {'mean': np.float64(3.913060559166802), 'std': np.float64(0.012635708048221518)}, 'train_accuracy': {'mean': np.float64(0.8263888888888888), 'std': np.float64(0.017704928866641653)}, 'val_loss': {'mean': np.float64(4.168187777201335), 'std': np.float64(0.06089849789654235)}, 'val_accuracy': {'mean': np.float64(0.8854166666666666), 'std': np.float64(0.09660019266141358)}, 'epoch': {'mean': np.float64(9.0), 'std': np.float64(1.632993161855452)}}
[I 2025-08-15 01:40:04,173] Trial 138 finished with value: -0.8854166666666666 and parameters: {'learning_rate': 0.0005627036063860685, 'batch_size': 32, 'num_epochs': 305, 'temperature': 0.4730496838519295, 'embedding_dim': 128, 'hidden_dim': 256, 'dropout': 0.2761827842448481, 'num_layers': 5, 'num_heads': 8, 'noise_enabled': True, 'shift_enabled': False, 'scale_enabled': True, 'crop_enabled': False, 'flip_enabled': False, 'permutation_enabled': False, 'noise_level': 0.07989603672784315}. Best is trial 92 with value: -0.9479166666666666.
Actual device being used: cuda
Attempting to load data from: /vol/ecrg-solar/woodj4/fishy-business/data/REIMS.xlsx
Trial 138 finished with value: -0.8854166666666666 and parameters: {'learning_rate': 0.0005627036063860685, 'batch_size': 32, 'num_epochs': 305, 'temperature': 0.4730496838519295, 'embedding_dim': 128, 'hidden_dim': 256, 'dropout': 0.2761827842448481, 'num_layers': 5, 'num_heads': 8, 'noise_enabled': True, 'shift_enabled': False, 'scale_enabled': True, 'crop_enabled': False, 'flip_enabled': False, 'permutation_enabled': False, 'noise_level': 0.07989603672784315}. Best is trial 92 with value: -0.9479166666666666.
2025-08-15 01:40:04,213 - INFO - Using device: cuda
2025-08-15 01:40:14,116 - INFO - --- Starting Fold 1/3 ---
2025-08-15 01:40:14,123 - INFO - Generated pairs. Train: 1128 (Positive: 48). Val: 276 (Positive: 24)
2025-08-15 01:40:14,123 - INFO - Starting training for fold 1/3
2025-08-15 01:40:22,025 - INFO - Fold 1, Epoch 10: Val Acc: 0.56%
2025-08-15 01:40:29,419 - INFO - Fold 1, Epoch 20: Val Acc: 0.59%
2025-08-15 01:40:31,424 - INFO - Fold 1, Epoch 30: Val Acc: 0.62%
2025-08-15 01:40:33,425 - INFO - Fold 1, Epoch 40: Val Acc: 0.62%
2025-08-15 01:40:37,064 - INFO - Fold 1, Epoch 50: Val Acc: 0.78%
2025-08-15 01:40:39,139 - INFO - Fold 1, Epoch 60: Val Acc: 0.69%
2025-08-15 01:40:42,973 - INFO - Fold 1, Epoch 70: Val Acc: 0.59%
2025-08-15 01:40:44,969 - INFO - Fold 1, Epoch 80: Val Acc: 0.75%
2025-08-15 01:40:48,880 - INFO - Fold 1, Epoch 90: Val Acc: 0.75%
2025-08-15 01:40:50,495 - INFO - Fold 1, Epoch 100: Val Acc: 0.81%
2025-08-15 01:40:52,291 - INFO - Fold 1, Epoch 110: Val Acc: 0.75%
2025-08-15 01:40:53,907 - INFO - Fold 1, Epoch 120: Val Acc: 0.78%
2025-08-15 01:40:55,448 - INFO - Fold 1, Epoch 130: Val Acc: 0.81%
2025-08-15 01:40:56,990 - INFO - Fold 1, Epoch 140: Val Acc: 0.66%
2025-08-15 01:40:58,531 - INFO - Fold 1, Epoch 150: Val Acc: 0.75%
2025-08-15 01:41:00,415 - INFO - Fold 1, Epoch 160: Val Acc: 0.78%
2025-08-15 01:41:02,418 - INFO - Fold 1, Epoch 170: Val Acc: 0.66%
2025-08-15 01:41:04,425 - INFO - Fold 1, Epoch 180: Val Acc: 0.62%
2025-08-15 01:41:05,823 - INFO - Early stopping at epoch 187
2025-08-15 01:41:08,771 - INFO - --- Starting Fold 2/3 ---
2025-08-15 01:41:08,785 - INFO - Generated pairs. Train: 1128 (Positive: 48). Val: 276 (Positive: 24)
2025-08-15 01:41:08,785 - INFO - Starting training for fold 2/3
2025-08-15 01:41:13,076 - INFO - Fold 2, Epoch 10: Val Acc: 0.66%
2025-08-15 01:41:16,499 - INFO - Fold 2, Epoch 20: Val Acc: 0.59%
2025-08-15 01:41:18,224 - INFO - Fold 2, Epoch 30: Val Acc: 0.56%
2025-08-15 01:41:21,188 - INFO - Fold 2, Epoch 40: Val Acc: 0.66%
2025-08-15 01:41:22,852 - INFO - Fold 2, Epoch 50: Val Acc: 0.56%
2025-08-15 01:41:24,408 - INFO - Fold 2, Epoch 60: Val Acc: 0.66%
2025-08-15 01:41:25,967 - INFO - Fold 2, Epoch 70: Val Acc: 0.69%
2025-08-15 01:41:27,535 - INFO - Fold 2, Epoch 80: Val Acc: 0.69%
2025-08-15 01:41:29,091 - INFO - Fold 2, Epoch 90: Val Acc: 0.59%
2025-08-15 01:41:32,101 - INFO - Fold 2, Epoch 100: Val Acc: 0.62%
2025-08-15 01:41:34,115 - INFO - Fold 2, Epoch 110: Val Acc: 0.66%
2025-08-15 01:41:38,553 - INFO - Fold 2, Epoch 120: Val Acc: 0.75%
2025-08-15 01:41:41,724 - INFO - Fold 2, Epoch 130: Val Acc: 0.72%
2025-08-15 01:41:43,724 - INFO - Fold 2, Epoch 140: Val Acc: 0.62%
2025-08-15 01:41:45,727 - INFO - Fold 2, Epoch 150: Val Acc: 0.75%
2025-08-15 01:41:47,568 - INFO - Fold 2, Epoch 160: Val Acc: 0.56%
2025-08-15 01:41:49,352 - INFO - Fold 2, Epoch 170: Val Acc: 0.69%
2025-08-15 01:41:51,333 - INFO - Fold 2, Epoch 180: Val Acc: 0.81%
2025-08-15 01:41:53,344 - INFO - Fold 2, Epoch 190: Val Acc: 0.81%
2025-08-15 01:41:55,221 - INFO - Fold 2, Epoch 200: Val Acc: 0.69%
2025-08-15 01:41:56,953 - INFO - Fold 2, Epoch 210: Val Acc: 0.75%
2025-08-15 01:41:58,767 - INFO - Fold 2, Epoch 220: Val Acc: 0.72%
2025-08-15 01:42:00,576 - INFO - Early stopping at epoch 229
2025-08-15 01:42:01,415 - INFO - --- Starting Fold 3/3 ---
2025-08-15 01:42:01,417 - INFO - Generated pairs. Train: 1128 (Positive: 48). Val: 276 (Positive: 24)
2025-08-15 01:42:01,417 - INFO - Starting training for fold 3/3
2025-08-15 01:42:07,179 - INFO - Fold 3, Epoch 10: Val Acc: 0.50%
2025-08-15 01:42:10,377 - INFO - Fold 3, Epoch 20: Val Acc: 0.69%
2025-08-15 01:42:12,143 - INFO - Fold 3, Epoch 30: Val Acc: 0.53%
2025-08-15 01:42:14,097 - INFO - Fold 3, Epoch 40: Val Acc: 0.66%
2025-08-15 01:42:16,154 - INFO - Fold 3, Epoch 50: Val Acc: 0.72%
2025-08-15 01:42:18,090 - INFO - Fold 3, Epoch 60: Val Acc: 0.62%
2025-08-15 01:42:21,223 - INFO - Fold 3, Epoch 70: Val Acc: 0.56%
2025-08-15 01:42:23,227 - INFO - Fold 3, Epoch 80: Val Acc: 0.75%
2025-08-15 01:42:25,232 - INFO - Fold 3, Epoch 90: Val Acc: 0.56%
2025-08-15 01:42:27,238 - INFO - Fold 3, Epoch 100: Val Acc: 0.78%
2025-08-15 01:42:29,249 - INFO - Fold 3, Epoch 110: Val Acc: 0.75%
2025-08-15 01:42:31,146 - INFO - Fold 3, Epoch 120: Val Acc: 0.66%
2025-08-15 01:42:33,166 - INFO - Fold 3, Epoch 130: Val Acc: 0.81%
2025-08-15 01:42:35,158 - INFO - Fold 3, Epoch 140: Val Acc: 0.88%
2025-08-15 01:42:38,394 - INFO - Fold 3, Epoch 150: Val Acc: 0.75%
2025-08-15 01:42:40,408 - INFO - Fold 3, Epoch 160: Val Acc: 0.75%
2025-08-15 01:42:42,425 - INFO - Fold 3, Epoch 170: Val Acc: 0.72%
2025-08-15 01:42:44,411 - INFO - Fold 3, Epoch 180: Val Acc: 0.81%
2025-08-15 01:42:46,014 - INFO - Fold 3, Epoch 190: Val Acc: 0.91%
2025-08-15 01:42:47,574 - INFO - Fold 3, Epoch 200: Val Acc: 0.75%
2025-08-15 01:42:49,235 - INFO - Fold 3, Epoch 210: Val Acc: 0.75%
2025-08-15 01:42:51,069 - INFO - Fold 3, Epoch 220: Val Acc: 0.84%
2025-08-15 01:42:53,017 - INFO - Fold 3, Epoch 230: Val Acc: 0.78%
2025-08-15 01:42:55,041 - INFO - Fold 3, Epoch 240: Val Acc: 0.75%
2025-08-15 01:42:56,873 - INFO - Early stopping at epoch 249
2025-08-15 01:42:57,725 - INFO - Cross-validation statistics for transformer: {'train_loss': {'mean': np.float64(4.008651892344157), 'std': np.float64(0.00470767950269865)}, 'train_accuracy': {'mean': np.float64(0.736111111111111), 'std': np.float64(0.02455231879119953)}, 'val_loss': {'mean': np.float64(4.1990898450215655), 'std': np.float64(0.028115071549979803)}, 'val_accuracy': {'mean': np.float64(0.9270833333333334), 'std': np.float64(0.01473139127471974)}, 'epoch': {'mean': np.float64(120.66666666666667), 'std': np.float64(25.837096500101467)}}
[I 2025-08-15 01:42:57,731] Trial 139 finished with value: -0.9270833333333334 and parameters: {'learning_rate': 0.00013614354257425348, 'batch_size': 32, 'num_epochs': 879, 'temperature': 0.3480845419490742, 'embedding_dim': 128, 'hidden_dim': 256, 'dropout': 0.28466225842695986, 'num_layers': 4, 'num_heads': 8, 'noise_enabled': True, 'shift_enabled': False, 'scale_enabled': True, 'crop_enabled': True, 'flip_enabled': False, 'permutation_enabled': False, 'noise_level': 0.19091575187898677, 'crop_size': 0.5719857117069753}. Best is trial 92 with value: -0.9479166666666666.
Actual device being used: cuda
Attempting to load data from: /vol/ecrg-solar/woodj4/fishy-business/data/REIMS.xlsx
