Trial 196 finished with value: -0.8819444444444443 and parameters: {'learning_rate': 0.0006393692263641252, 'batch_size': 16, 'num_epochs': 840, 'temperature': 0.4256750428637816, 'embedding_dim': 256, 'hidden_dim': 256, 'dropout': 0.48696548265662176, 'num_layers': 5, 'num_heads': 8, 'noise_enabled': True, 'shift_enabled': False, 'scale_enabled': True, 'crop_enabled': True, 'flip_enabled': False, 'permutation_enabled': False, 'noise_level': 0.0779189482371505, 'crop_size': 0.5414029021197966}. Best is trial 92 with value: -0.9479166666666666.
2025-08-15 04:25:42,136 - INFO - Using device: cuda
2025-08-15 04:25:51,914 - INFO - --- Starting Fold 1/3 ---
2025-08-15 04:25:51,915 - INFO - Generated pairs. Train: 1128 (Positive: 48). Val: 276 (Positive: 24)
2025-08-15 04:25:51,915 - INFO - Starting training for fold 1/3
2025-08-15 04:26:03,271 - INFO - Fold 1, Epoch 10: Val Acc: 0.47%
2025-08-15 04:26:05,490 - INFO - Fold 1, Epoch 20: Val Acc: 0.56%
2025-08-15 04:26:12,232 - INFO - Fold 1, Epoch 30: Val Acc: 0.81%
2025-08-15 04:26:14,388 - INFO - Fold 1, Epoch 40: Val Acc: 0.69%
2025-08-15 04:26:16,617 - INFO - Fold 1, Epoch 50: Val Acc: 0.56%
2025-08-15 04:26:18,836 - INFO - Fold 1, Epoch 60: Val Acc: 0.84%
2025-08-15 04:26:25,497 - INFO - Fold 1, Epoch 70: Val Acc: 0.53%
2025-08-15 04:26:27,719 - INFO - Fold 1, Epoch 80: Val Acc: 0.72%
2025-08-15 04:26:29,944 - INFO - Fold 1, Epoch 90: Val Acc: 0.72%
2025-08-15 04:26:32,163 - INFO - Fold 1, Epoch 100: Val Acc: 0.66%
2025-08-15 04:26:34,377 - INFO - Fold 1, Epoch 110: Val Acc: 0.72%
2025-08-15 04:26:36,595 - INFO - Fold 1, Epoch 120: Val Acc: 0.75%
2025-08-15 04:26:38,883 - INFO - Fold 1, Epoch 130: Val Acc: 0.72%
2025-08-15 04:26:41,102 - INFO - Fold 1, Epoch 140: Val Acc: 0.59%
2025-08-15 04:26:43,073 - INFO - Fold 1, Epoch 150: Val Acc: 0.56%
2025-08-15 04:26:45,323 - INFO - Fold 1, Epoch 160: Val Acc: 0.56%
2025-08-15 04:26:47,172 - INFO - Early stopping at epoch 168
2025-08-15 04:26:50,680 - INFO - --- Starting Fold 2/3 ---
2025-08-15 04:26:50,691 - INFO - Generated pairs. Train: 1128 (Positive: 48). Val: 276 (Positive: 24)
2025-08-15 04:26:50,692 - INFO - Starting training for fold 2/3
2025-08-15 04:26:57,414 - INFO - Fold 2, Epoch 10: Val Acc: 0.66%
2025-08-15 04:27:00,936 - INFO - Fold 2, Epoch 20: Val Acc: 0.66%
2025-08-15 04:27:06,061 - INFO - Fold 2, Epoch 30: Val Acc: 0.69%
2025-08-15 04:27:08,291 - INFO - Fold 2, Epoch 40: Val Acc: 0.69%
2025-08-15 04:27:12,108 - INFO - Fold 2, Epoch 50: Val Acc: 0.66%
2025-08-15 04:27:14,385 - INFO - Fold 2, Epoch 60: Val Acc: 0.81%
2025-08-15 04:27:16,598 - INFO - Fold 2, Epoch 70: Val Acc: 0.62%
2025-08-15 04:27:18,701 - INFO - Fold 2, Epoch 80: Val Acc: 0.75%
2025-08-15 04:27:22,159 - INFO - Fold 2, Epoch 90: Val Acc: 0.78%
2025-08-15 04:27:24,401 - INFO - Fold 2, Epoch 100: Val Acc: 0.81%
2025-08-15 04:27:26,737 - INFO - Fold 2, Epoch 110: Val Acc: 0.66%
2025-08-15 04:27:28,961 - INFO - Fold 2, Epoch 120: Val Acc: 0.88%
2025-08-15 04:27:31,195 - INFO - Fold 2, Epoch 130: Val Acc: 0.81%
2025-08-15 04:27:33,463 - INFO - Fold 2, Epoch 140: Val Acc: 0.75%
2025-08-15 04:27:35,620 - INFO - Fold 2, Epoch 150: Val Acc: 0.84%
2025-08-15 04:27:37,597 - INFO - Fold 2, Epoch 160: Val Acc: 0.78%
2025-08-15 04:27:39,595 - INFO - Fold 2, Epoch 170: Val Acc: 0.75%
2025-08-15 04:27:41,544 - INFO - Fold 2, Epoch 180: Val Acc: 0.78%
2025-08-15 04:27:42,349 - INFO - Early stopping at epoch 184
2025-08-15 04:27:43,379 - INFO - --- Starting Fold 3/3 ---
2025-08-15 04:27:43,388 - INFO - Generated pairs. Train: 1128 (Positive: 48). Val: 276 (Positive: 24)
2025-08-15 04:27:43,388 - INFO - Starting training for fold 3/3
2025-08-15 04:27:51,167 - INFO - Fold 3, Epoch 10: Val Acc: 0.62%
2025-08-15 04:27:54,833 - INFO - Fold 3, Epoch 20: Val Acc: 0.53%
2025-08-15 04:27:58,665 - INFO - Fold 3, Epoch 30: Val Acc: 0.81%
2025-08-15 04:28:00,903 - INFO - Fold 3, Epoch 40: Val Acc: 0.66%
2025-08-15 04:28:02,761 - INFO - Fold 3, Epoch 50: Val Acc: 0.72%
2025-08-15 04:28:07,980 - INFO - Fold 3, Epoch 60: Val Acc: 0.66%
2025-08-15 04:28:10,138 - INFO - Fold 3, Epoch 70: Val Acc: 0.84%
2025-08-15 04:28:12,301 - INFO - Fold 3, Epoch 80: Val Acc: 0.66%
2025-08-15 04:28:14,528 - INFO - Fold 3, Epoch 90: Val Acc: 0.72%
2025-08-15 04:28:16,672 - INFO - Fold 3, Epoch 100: Val Acc: 0.81%
2025-08-15 04:28:18,893 - INFO - Fold 3, Epoch 110: Val Acc: 0.78%
2025-08-15 04:28:21,107 - INFO - Fold 3, Epoch 120: Val Acc: 0.78%
2025-08-15 04:28:23,331 - INFO - Fold 3, Epoch 130: Val Acc: 0.81%
2025-08-15 04:28:25,555 - INFO - Fold 3, Epoch 140: Val Acc: 0.84%
2025-08-15 04:28:27,778 - INFO - Fold 3, Epoch 150: Val Acc: 0.81%
2025-08-15 04:28:29,566 - INFO - Early stopping at epoch 158
2025-08-15 04:28:30,631 - INFO - Cross-validation statistics for transformer: {'train_loss': {'mean': np.float64(3.92453047964308), 'std': np.float64(0.01634871770450377)}, 'train_accuracy': {'mean': np.float64(0.6840277777777778), 'std': np.float64(0.03437324630767938)}, 'val_loss': {'mean': np.float64(4.192778428395589), 'std': np.float64(0.022491945369958452)}, 'val_accuracy': {'mean': np.float64(0.90625), 'std': np.float64(0.0)}, 'epoch': {'mean': np.float64(69.0), 'std': np.float64(10.708252269472673)}}
[I 2025-08-15 04:28:30,637] Trial 197 finished with value: -0.90625 and parameters: {'learning_rate': 0.00046476260705011907, 'batch_size': 32, 'num_epochs': 280, 'temperature': 0.32689865177772637, 'embedding_dim': 128, 'hidden_dim': 256, 'dropout': 0.2155711923276067, 'num_layers': 5, 'num_heads': 4, 'noise_enabled': True, 'shift_enabled': False, 'scale_enabled': True, 'crop_enabled': True, 'flip_enabled': False, 'permutation_enabled': False, 'noise_level': 0.06783335279400336, 'crop_size': 0.5544267595965289}. Best is trial 92 with value: -0.9479166666666666.
Actual device being used: cuda
Attempting to load data from: /vol/ecrg-solar/woodj4/fishy-business/data/REIMS.xlsx
Trial 197 finished with value: -0.90625 and parameters: {'learning_rate': 0.00046476260705011907, 'batch_size': 32, 'num_epochs': 280, 'temperature': 0.32689865177772637, 'embedding_dim': 128, 'hidden_dim': 256, 'dropout': 0.2155711923276067, 'num_layers': 5, 'num_heads': 4, 'noise_enabled': True, 'shift_enabled': False, 'scale_enabled': True, 'crop_enabled': True, 'flip_enabled': False, 'permutation_enabled': False, 'noise_level': 0.06783335279400336, 'crop_size': 0.5544267595965289}. Best is trial 92 with value: -0.9479166666666666.
2025-08-15 04:28:30,683 - INFO - Using device: cuda
2025-08-15 04:28:40,630 - INFO - --- Starting Fold 1/3 ---
2025-08-15 04:28:40,641 - INFO - Generated pairs. Train: 1128 (Positive: 48). Val: 276 (Positive: 24)
2025-08-15 04:28:40,641 - INFO - Starting training for fold 1/3
2025-08-15 04:28:51,757 - INFO - Fold 1, Epoch 10: Val Acc: 0.44%
2025-08-15 04:28:53,935 - INFO - Fold 1, Epoch 20: Val Acc: 0.62%
2025-08-15 04:28:58,477 - INFO - Fold 1, Epoch 30: Val Acc: 0.50%
2025-08-15 04:29:00,535 - INFO - Fold 1, Epoch 40: Val Acc: 0.38%
2025-08-15 04:29:02,919 - INFO - Fold 1, Epoch 50: Val Acc: 0.53%
2025-08-15 04:29:05,282 - INFO - Fold 1, Epoch 60: Val Acc: 0.47%
2025-08-15 04:29:09,971 - INFO - Fold 1, Epoch 70: Val Acc: 0.56%
2025-08-15 04:29:12,303 - INFO - Fold 1, Epoch 80: Val Acc: 0.44%
2025-08-15 04:29:14,725 - INFO - Fold 1, Epoch 90: Val Acc: 0.53%
2025-08-15 04:29:17,062 - INFO - Fold 1, Epoch 100: Val Acc: 0.44%
2025-08-15 04:29:19,182 - INFO - Fold 1, Epoch 110: Val Acc: 0.47%
2025-08-15 04:29:21,516 - INFO - Fold 1, Epoch 120: Val Acc: 0.47%
2025-08-15 04:29:23,829 - INFO - Fold 1, Epoch 130: Val Acc: 0.53%
2025-08-15 04:29:26,097 - INFO - Fold 1, Epoch 140: Val Acc: 0.59%
2025-08-15 04:29:28,414 - INFO - Fold 1, Epoch 150: Val Acc: 0.50%
2025-08-15 04:29:30,808 - INFO - Fold 1, Epoch 160: Val Acc: 0.56%
2025-08-15 04:29:32,657 - INFO - Early stopping at epoch 168
2025-08-15 04:29:36,093 - INFO - --- Starting Fold 2/3 ---
2025-08-15 04:29:36,096 - INFO - Generated pairs. Train: 1128 (Positive: 48). Val: 276 (Positive: 24)
2025-08-15 04:29:36,096 - INFO - Starting training for fold 2/3
2025-08-15 04:29:42,872 - INFO - Fold 2, Epoch 10: Val Acc: 0.44%
2025-08-15 04:29:46,640 - INFO - Fold 2, Epoch 20: Val Acc: 0.50%
2025-08-15 04:29:49,028 - INFO - Fold 2, Epoch 30: Val Acc: 0.50%
2025-08-15 04:29:51,028 - INFO - Fold 2, Epoch 40: Val Acc: 0.56%
2025-08-15 04:29:53,040 - INFO - Fold 2, Epoch 50: Val Acc: 0.50%
2025-08-15 04:29:56,606 - INFO - Fold 2, Epoch 60: Val Acc: 0.56%
2025-08-15 04:29:58,677 - INFO - Fold 2, Epoch 70: Val Acc: 0.53%
2025-08-15 04:30:00,994 - INFO - Fold 2, Epoch 80: Val Acc: 0.44%
2025-08-15 04:30:03,315 - INFO - Fold 2, Epoch 90: Val Acc: 0.53%
2025-08-15 04:30:05,630 - INFO - Fold 2, Epoch 100: Val Acc: 0.31%
2025-08-15 04:30:07,935 - INFO - Fold 2, Epoch 110: Val Acc: 0.53%
2025-08-15 04:30:10,229 - INFO - Fold 2, Epoch 120: Val Acc: 0.44%
2025-08-15 04:30:13,841 - INFO - Fold 2, Epoch 130: Val Acc: 0.56%
2025-08-15 04:30:15,937 - INFO - Fold 2, Epoch 140: Val Acc: 0.50%
2025-08-15 04:30:17,995 - INFO - Fold 2, Epoch 150: Val Acc: 0.53%
2025-08-15 04:30:20,055 - INFO - Fold 2, Epoch 160: Val Acc: 0.47%
2025-08-15 04:30:22,068 - INFO - Fold 2, Epoch 170: Val Acc: 0.50%
2025-08-15 04:30:24,080 - INFO - Fold 2, Epoch 180: Val Acc: 0.50%
2025-08-15 04:30:26,135 - INFO - Fold 2, Epoch 190: Val Acc: 0.62%
2025-08-15 04:30:28,187 - INFO - Fold 2, Epoch 200: Val Acc: 0.50%
2025-08-15 04:30:30,218 - INFO - Fold 2, Epoch 210: Val Acc: 0.50%
2025-08-15 04:30:32,494 - INFO - Fold 2, Epoch 220: Val Acc: 0.50%
2025-08-15 04:30:33,417 - INFO - Early stopping at epoch 224
2025-08-15 04:30:34,416 - INFO - --- Starting Fold 3/3 ---
2025-08-15 04:30:34,418 - INFO - Generated pairs. Train: 1128 (Positive: 48). Val: 276 (Positive: 24)
2025-08-15 04:30:34,418 - INFO - Starting training for fold 3/3
2025-08-15 04:30:39,841 - INFO - Fold 3, Epoch 10: Val Acc: 0.53%
2025-08-15 04:30:43,614 - INFO - Fold 3, Epoch 20: Val Acc: 0.34%
2025-08-15 04:30:45,917 - INFO - Fold 3, Epoch 30: Val Acc: 0.53%
2025-08-15 04:30:48,185 - INFO - Fold 3, Epoch 40: Val Acc: 0.50%
2025-08-15 04:30:50,485 - INFO - Fold 3, Epoch 50: Val Acc: 0.47%
2025-08-15 04:30:52,789 - INFO - Fold 3, Epoch 60: Val Acc: 0.53%
2025-08-15 04:30:55,100 - INFO - Fold 3, Epoch 70: Val Acc: 0.50%
2025-08-15 04:30:58,758 - INFO - Fold 3, Epoch 80: Val Acc: 0.59%
2025-08-15 04:31:01,104 - INFO - Fold 3, Epoch 90: Val Acc: 0.41%
2025-08-15 04:31:03,416 - INFO - Fold 3, Epoch 100: Val Acc: 0.44%
2025-08-15 04:31:05,782 - INFO - Fold 3, Epoch 110: Val Acc: 0.59%
2025-08-15 04:31:08,177 - INFO - Fold 3, Epoch 120: Val Acc: 0.53%
2025-08-15 04:31:10,546 - INFO - Fold 3, Epoch 130: Val Acc: 0.50%
2025-08-15 04:31:12,746 - INFO - Fold 3, Epoch 140: Val Acc: 0.44%
2025-08-15 04:31:15,052 - INFO - Fold 3, Epoch 150: Val Acc: 0.56%
2025-08-15 04:31:17,363 - INFO - Fold 3, Epoch 160: Val Acc: 0.53%
2025-08-15 04:31:19,677 - INFO - Fold 3, Epoch 170: Val Acc: 0.50%
2025-08-15 04:31:21,754 - INFO - Early stopping at epoch 179
2025-08-15 04:31:22,760 - INFO - Cross-validation statistics for transformer: {'train_loss': {'mean': np.float64(4.139955467647976), 'std': np.float64(0.011291314776512771)}, 'train_accuracy': {'mean': np.float64(0.5520833333333334), 'std': np.float64(0.014731391274719792)}, 'val_loss': {'mean': np.float64(4.160422960917155), 'std': np.float64(0.01955177576723844)}, 'val_accuracy': {'mean': np.float64(0.7083333333333334), 'std': np.float64(0.01473139127471974)}, 'epoch': {'mean': np.float64(89.33333333333333), 'std': np.float64(24.225789747475496)}}
[I 2025-08-15 04:31:22,767] Trial 198 finished with value: -0.7083333333333334 and parameters: {'learning_rate': 0.0005197966289856394, 'batch_size': 32, 'num_epochs': 299, 'temperature': 0.39347307218663297, 'embedding_dim': 256, 'hidden_dim': 256, 'dropout': 0.45646663486811756, 'num_layers': 5, 'num_heads': 8, 'noise_enabled': True, 'shift_enabled': False, 'scale_enabled': False, 'crop_enabled': True, 'flip_enabled': False, 'permutation_enabled': True, 'noise_level': 0.037113812818986555, 'crop_size': 0.5313083525639778}. Best is trial 92 with value: -0.9479166666666666.
Actual device being used: cuda
Attempting to load data from: /vol/ecrg-solar/woodj4/fishy-business/data/REIMS.xlsx
Trial 198 finished with value: -0.7083333333333334 and parameters: {'learning_rate': 0.0005197966289856394, 'batch_size': 32, 'num_epochs': 299, 'temperature': 0.39347307218663297, 'embedding_dim': 256, 'hidden_dim': 256, 'dropout': 0.45646663486811756, 'num_layers': 5, 'num_heads': 8, 'noise_enabled': True, 'shift_enabled': False, 'scale_enabled': False, 'crop_enabled': True, 'flip_enabled': False, 'permutation_enabled': True, 'noise_level': 0.037113812818986555, 'crop_size': 0.5313083525639778}. Best is trial 92 with value: -0.9479166666666666.
2025-08-15 04:31:22,813 - INFO - Using device: cuda
2025-08-15 04:31:32,487 - INFO - --- Starting Fold 1/3 ---
2025-08-15 04:31:32,489 - INFO - Generated pairs. Train: 1128 (Positive: 48). Val: 276 (Positive: 24)
2025-08-15 04:31:32,489 - INFO - Starting training for fold 1/3
2025-08-15 04:31:36,703 - INFO - Fold 1, Epoch 10: Val Acc: 0.53%
2025-08-15 04:31:40,866 - INFO - Fold 1, Epoch 20: Val Acc: 0.47%
2025-08-15 04:31:45,362 - INFO - Fold 1, Epoch 30: Val Acc: 0.75%
2025-08-15 04:31:47,771 - INFO - Fold 1, Epoch 40: Val Acc: 0.72%
2025-08-15 04:31:52,091 - INFO - Fold 1, Epoch 50: Val Acc: 0.69%
2025-08-15 04:31:56,488 - INFO - Fold 1, Epoch 60: Val Acc: 0.59%
2025-08-15 04:32:00,785 - INFO - Fold 1, Epoch 70: Val Acc: 0.56%
2025-08-15 04:32:03,001 - INFO - Fold 1, Epoch 80: Val Acc: 0.66%
2025-08-15 04:32:05,217 - INFO - Fold 1, Epoch 90: Val Acc: 0.88%
2025-08-15 04:32:07,429 - INFO - Fold 1, Epoch 100: Val Acc: 0.59%
2025-08-15 04:32:09,668 - INFO - Fold 1, Epoch 110: Val Acc: 0.84%
2025-08-15 04:32:11,914 - INFO - Fold 1, Epoch 120: Val Acc: 0.75%
2025-08-15 04:32:14,148 - INFO - Fold 1, Epoch 130: Val Acc: 0.69%
2025-08-15 04:32:16,395 - INFO - Fold 1, Epoch 140: Val Acc: 0.72%
2025-08-15 04:32:18,648 - INFO - Fold 1, Epoch 150: Val Acc: 0.62%
2025-08-15 04:32:20,895 - INFO - Fold 1, Epoch 160: Val Acc: 0.69%
2025-08-15 04:32:22,468 - INFO - Early stopping at epoch 167
2025-08-15 04:32:27,369 - INFO - --- Starting Fold 2/3 ---
2025-08-15 04:32:27,371 - INFO - Generated pairs. Train: 1128 (Positive: 48). Val: 276 (Positive: 24)
2025-08-15 04:32:27,372 - INFO - Starting training for fold 2/3
2025-08-15 04:32:33,962 - INFO - Fold 2, Epoch 10: Val Acc: 0.53%
2025-08-15 04:32:37,090 - INFO - Fold 2, Epoch 20: Val Acc: 0.69%
2025-08-15 04:32:39,056 - INFO - Fold 2, Epoch 30: Val Acc: 0.69%
2025-08-15 04:32:44,292 - INFO - Fold 2, Epoch 40: Val Acc: 0.66%
2025-08-15 04:32:47,948 - INFO - Fold 2, Epoch 50: Val Acc: 0.66%
2025-08-15 04:32:50,283 - INFO - Fold 2, Epoch 60: Val Acc: 0.69%
2025-08-15 04:32:52,196 - INFO - Fold 2, Epoch 70: Val Acc: 0.72%
2025-08-15 04:32:54,248 - INFO - Fold 2, Epoch 80: Val Acc: 0.62%
2025-08-15 04:32:57,787 - INFO - Fold 2, Epoch 90: Val Acc: 0.72%
2025-08-15 04:33:01,368 - INFO - Fold 2, Epoch 100: Val Acc: 0.72%
2025-08-15 04:33:03,612 - INFO - Fold 2, Epoch 110: Val Acc: 0.81%
2025-08-15 04:33:05,858 - INFO - Fold 2, Epoch 120: Val Acc: 0.88%
2025-08-15 04:33:08,091 - INFO - Fold 2, Epoch 130: Val Acc: 0.62%
2025-08-15 04:33:10,341 - INFO - Fold 2, Epoch 140: Val Acc: 0.75%
2025-08-15 04:33:12,629 - INFO - Fold 2, Epoch 150: Val Acc: 0.88%
2025-08-15 04:33:14,866 - INFO - Fold 2, Epoch 160: Val Acc: 0.72%
2025-08-15 04:33:17,171 - INFO - Fold 2, Epoch 170: Val Acc: 0.84%
2025-08-15 04:33:19,509 - INFO - Fold 2, Epoch 180: Val Acc: 0.75%
2025-08-15 04:33:22,795 - INFO - Fold 2, Epoch 190: Val Acc: 0.75%
2025-08-15 04:33:24,519 - INFO - Fold 2, Epoch 200: Val Acc: 0.75%
2025-08-15 04:33:26,239 - INFO - Fold 2, Epoch 210: Val Acc: 0.56%
2025-08-15 04:33:27,965 - INFO - Fold 2, Epoch 220: Val Acc: 0.78%
2025-08-15 04:33:30,177 - INFO - Fold 2, Epoch 230: Val Acc: 0.75%
2025-08-15 04:33:32,325 - INFO - Fold 2, Epoch 240: Val Acc: 0.69%
2025-08-15 04:33:34,633 - INFO - Fold 2, Epoch 250: Val Acc: 0.56%
2025-08-15 04:33:36,929 - INFO - Fold 2, Epoch 260: Val Acc: 0.78%
2025-08-15 04:33:39,166 - INFO - Fold 2, Epoch 270: Val Acc: 0.81%
2025-08-15 04:33:41,412 - INFO - Fold 2, Epoch 280: Val Acc: 0.72%
2025-08-15 04:33:42,078 - INFO - Early stopping at epoch 283
2025-08-15 04:33:45,004 - INFO - --- Starting Fold 3/3 ---
2025-08-15 04:33:45,007 - INFO - Generated pairs. Train: 1128 (Positive: 48). Val: 276 (Positive: 24)
2025-08-15 04:33:45,007 - INFO - Starting training for fold 3/3
2025-08-15 04:33:53,154 - INFO - Fold 3, Epoch 10: Val Acc: 0.62%
2025-08-15 04:33:54,883 - INFO - Fold 3, Epoch 20: Val Acc: 0.59%
2025-08-15 04:33:56,607 - INFO - Fold 3, Epoch 30: Val Acc: 0.53%
2025-08-15 04:34:01,589 - INFO - Fold 3, Epoch 40: Val Acc: 0.69%
2025-08-15 04:34:03,632 - INFO - Fold 3, Epoch 50: Val Acc: 0.75%
2025-08-15 04:34:07,009 - INFO - Fold 3, Epoch 60: Val Acc: 0.78%
2025-08-15 04:34:08,998 - INFO - Fold 3, Epoch 70: Val Acc: 0.59%
2025-08-15 04:34:11,021 - INFO - Fold 3, Epoch 80: Val Acc: 0.66%
2025-08-15 04:34:13,149 - INFO - Fold 3, Epoch 90: Val Acc: 0.78%
2025-08-15 04:34:15,355 - INFO - Fold 3, Epoch 100: Val Acc: 0.88%
2025-08-15 04:34:17,518 - INFO - Fold 3, Epoch 110: Val Acc: 0.66%
2025-08-15 04:34:19,746 - INFO - Fold 3, Epoch 120: Val Acc: 0.69%
2025-08-15 04:34:22,002 - INFO - Fold 3, Epoch 130: Val Acc: 0.69%
2025-08-15 04:34:24,254 - INFO - Fold 3, Epoch 140: Val Acc: 0.66%
2025-08-15 04:34:26,471 - INFO - Fold 3, Epoch 150: Val Acc: 0.69%
2025-08-15 04:34:27,628 - INFO - Early stopping at epoch 155
2025-08-15 04:34:28,668 - INFO - Cross-validation statistics for transformer: {'train_loss': {'mean': np.float64(3.9951252937316895), 'std': np.float64(0.06583616614801388)}, 'train_accuracy': {'mean': np.float64(0.7638888888888888), 'std': np.float64(0.03437324630767936)}, 'val_loss': {'mean': np.float64(4.253461043039958), 'std': np.float64(0.09595751283505961)}, 'val_accuracy': {'mean': np.float64(0.90625), 'std': np.float64(0.02551551815399144)}, 'epoch': {'mean': np.float64(100.66666666666667), 'std': np.float64(57.71962885843564)}}
[I 2025-08-15 04:34:28,674] Trial 199 finished with value: -0.90625 and parameters: {'learning_rate': 0.00036190125912536773, 'batch_size': 32, 'num_epochs': 904, 'temperature': 0.310406405183619, 'embedding_dim': 128, 'hidden_dim': 256, 'dropout': 0.4388771928479224, 'num_layers': 5, 'num_heads': 8, 'noise_enabled': True, 'shift_enabled': False, 'scale_enabled': True, 'crop_enabled': True, 'flip_enabled': False, 'permutation_enabled': False, 'noise_level': 0.18700342774212964, 'crop_size': 0.5482406145794901}. Best is trial 92 with value: -0.9479166666666666.
Actual device being used: cuda
Attempting to load data from: /vol/ecrg-solar/woodj4/fishy-business/data/REIMS.xlsx
