Trial 31 finished with value: -0.8645833333333334 and parameters: {'learning_rate': 0.0005693421897671817, 'batch_size': 32, 'num_epochs': 829, 'temperature': 0.07622737043651254, 'embedding_dim': 128, 'hidden_dim': 256, 'dropout': 0.3163771894147607, 'num_layers': 4, 'num_heads': 8, 'noise_enabled': True, 'shift_enabled': False, 'scale_enabled': True, 'crop_enabled': True, 'flip_enabled': False, 'permutation_enabled': False, 'noise_level': 0.19398623968528433, 'crop_size': 0.5462769400448599}. Best is trial 9 with value: -0.9270833333333334.
2025-08-14 20:52:17,701 - INFO - Using device: cuda
2025-08-14 20:52:27,469 - INFO - --- Starting Fold 1/3 ---
2025-08-14 20:52:27,471 - INFO - Generated pairs. Train: 1128 (Positive: 48). Val: 276 (Positive: 24)
2025-08-14 20:52:27,471 - INFO - Starting training for fold 1/3
/usr/pkg/lib/python3.12/site-packages/torch/optim/lr_scheduler.py:227: UserWarning: Detected call of `lr_scheduler.step()` before `optimizer.step()`. In PyTorch 1.1.0 and later, you should call them in the opposite order: `optimizer.step()` before `lr_scheduler.step()`.  Failure to do this will result in PyTorch skipping the first value of the learning rate schedule. See more details at https://pytorch.org/docs/stable/optim.html#how-to-adjust-learning-rate
  warnings.warn(
2025-08-14 20:52:33,524 - INFO - Fold 1, Epoch 10: Val Acc: 0.62%
2025-08-14 20:52:37,515 - INFO - Fold 1, Epoch 20: Val Acc: 0.56%
2025-08-14 20:52:39,362 - INFO - Fold 1, Epoch 30: Val Acc: 0.59%
2025-08-14 20:52:45,015 - INFO - Fold 1, Epoch 40: Val Acc: 0.66%
2025-08-14 20:52:47,034 - INFO - Fold 1, Epoch 50: Val Acc: 0.53%
2025-08-14 20:52:49,062 - INFO - Fold 1, Epoch 60: Val Acc: 0.66%
2025-08-14 20:52:51,075 - INFO - Fold 1, Epoch 70: Val Acc: 0.59%
2025-08-14 20:52:53,104 - INFO - Fold 1, Epoch 80: Val Acc: 0.56%
2025-08-14 20:52:55,127 - INFO - Fold 1, Epoch 90: Val Acc: 0.62%
2025-08-14 20:52:57,150 - INFO - Fold 1, Epoch 100: Val Acc: 0.78%
2025-08-14 20:52:59,167 - INFO - Fold 1, Epoch 110: Val Acc: 0.84%
2025-08-14 20:53:01,179 - INFO - Fold 1, Epoch 120: Val Acc: 0.62%
2025-08-14 20:53:03,131 - INFO - Fold 1, Epoch 130: Val Acc: 0.75%
2025-08-14 20:53:04,828 - INFO - Early stopping at epoch 139
2025-08-14 20:53:07,899 - INFO - --- Starting Fold 2/3 ---
2025-08-14 20:53:07,902 - INFO - Generated pairs. Train: 1128 (Positive: 48). Val: 276 (Positive: 24)
2025-08-14 20:53:07,902 - INFO - Starting training for fold 2/3
/usr/pkg/lib/python3.12/site-packages/torch/optim/lr_scheduler.py:227: UserWarning: Detected call of `lr_scheduler.step()` before `optimizer.step()`. In PyTorch 1.1.0 and later, you should call them in the opposite order: `optimizer.step()` before `lr_scheduler.step()`.  Failure to do this will result in PyTorch skipping the first value of the learning rate schedule. See more details at https://pytorch.org/docs/stable/optim.html#how-to-adjust-learning-rate
  warnings.warn(
2025-08-14 20:53:15,151 - INFO - Fold 2, Epoch 10: Val Acc: 0.53%
2025-08-14 20:53:17,175 - INFO - Fold 2, Epoch 20: Val Acc: 0.62%
2025-08-14 20:53:19,268 - INFO - Fold 2, Epoch 30: Val Acc: 0.59%
2025-08-14 20:53:22,545 - INFO - Fold 2, Epoch 40: Val Acc: 0.72%
2025-08-14 20:53:24,639 - INFO - Fold 2, Epoch 50: Val Acc: 0.72%
2025-08-14 20:53:26,754 - INFO - Fold 2, Epoch 60: Val Acc: 0.66%
2025-08-14 20:53:28,848 - INFO - Fold 2, Epoch 70: Val Acc: 0.69%
2025-08-14 20:53:30,928 - INFO - Fold 2, Epoch 80: Val Acc: 0.69%
2025-08-14 20:53:34,103 - INFO - Fold 2, Epoch 90: Val Acc: 0.72%
2025-08-14 20:53:36,121 - INFO - Fold 2, Epoch 100: Val Acc: 0.75%
2025-08-14 20:53:38,144 - INFO - Fold 2, Epoch 110: Val Acc: 0.81%
2025-08-14 20:53:40,174 - INFO - Fold 2, Epoch 120: Val Acc: 0.81%
2025-08-14 20:53:42,200 - INFO - Fold 2, Epoch 130: Val Acc: 0.69%
2025-08-14 20:53:44,189 - INFO - Fold 2, Epoch 140: Val Acc: 0.78%
2025-08-14 20:53:46,128 - INFO - Fold 2, Epoch 150: Val Acc: 0.81%
2025-08-14 20:53:48,156 - INFO - Fold 2, Epoch 160: Val Acc: 0.75%
2025-08-14 20:53:50,065 - INFO - Fold 2, Epoch 170: Val Acc: 0.81%
2025-08-14 20:53:52,052 - INFO - Fold 2, Epoch 180: Val Acc: 0.75%
2025-08-14 20:53:53,775 - INFO - Early stopping at epoch 189
2025-08-14 20:53:56,363 - INFO - --- Starting Fold 3/3 ---
2025-08-14 20:53:56,367 - INFO - Generated pairs. Train: 1128 (Positive: 48). Val: 276 (Positive: 24)
2025-08-14 20:53:56,367 - INFO - Starting training for fold 3/3
/usr/pkg/lib/python3.12/site-packages/torch/optim/lr_scheduler.py:227: UserWarning: Detected call of `lr_scheduler.step()` before `optimizer.step()`. In PyTorch 1.1.0 and later, you should call them in the opposite order: `optimizer.step()` before `lr_scheduler.step()`.  Failure to do this will result in PyTorch skipping the first value of the learning rate schedule. See more details at https://pytorch.org/docs/stable/optim.html#how-to-adjust-learning-rate
  warnings.warn(
2025-08-14 20:54:04,662 - INFO - Fold 3, Epoch 10: Val Acc: 0.47%
2025-08-14 20:54:09,104 - INFO - Fold 3, Epoch 20: Val Acc: 0.59%
2025-08-14 20:54:10,963 - INFO - Fold 3, Epoch 30: Val Acc: 0.59%
2025-08-14 20:54:14,289 - INFO - Fold 3, Epoch 40: Val Acc: 0.72%
2025-08-14 20:54:16,230 - INFO - Fold 3, Epoch 50: Val Acc: 0.69%
2025-08-14 20:54:18,226 - INFO - Fold 3, Epoch 60: Val Acc: 0.56%
2025-08-14 20:54:20,174 - INFO - Fold 3, Epoch 70: Val Acc: 0.69%
2025-08-14 20:54:23,388 - INFO - Fold 3, Epoch 80: Val Acc: 0.69%
2025-08-14 20:54:24,989 - INFO - Fold 3, Epoch 90: Val Acc: 0.66%
2025-08-14 20:54:26,961 - INFO - Fold 3, Epoch 100: Val Acc: 0.69%
2025-08-14 20:54:28,731 - INFO - Fold 3, Epoch 110: Val Acc: 0.75%
2025-08-14 20:54:30,541 - INFO - Fold 3, Epoch 120: Val Acc: 0.72%
2025-08-14 20:54:32,438 - INFO - Fold 3, Epoch 130: Val Acc: 0.81%
2025-08-14 20:54:34,307 - INFO - Fold 3, Epoch 140: Val Acc: 0.84%
2025-08-14 20:54:36,211 - INFO - Fold 3, Epoch 150: Val Acc: 0.66%
2025-08-14 20:54:38,056 - INFO - Fold 3, Epoch 160: Val Acc: 0.78%
2025-08-14 20:54:39,884 - INFO - Fold 3, Epoch 170: Val Acc: 0.59%
2025-08-14 20:54:41,430 - INFO - Early stopping at epoch 178
2025-08-14 20:54:42,266 - INFO - Cross-validation statistics for transformer: {'train_loss': {'mean': np.float64(3.9954262044694686), 'std': np.float64(0.09895383295740148)}, 'train_accuracy': {'mean': np.float64(0.7777777777777778), 'std': np.float64(0.06383602885711888)}, 'val_loss': {'mean': np.float64(4.4729851086934405), 'std': np.float64(0.012179363918803318)}, 'val_accuracy': {'mean': np.float64(0.8854166666666666), 'std': np.float64(0.03897559777889522)}, 'epoch': {'mean': np.float64(67.66666666666667), 'std': np.float64(21.452790546272116)}}
[I 2025-08-14 20:54:42,274] Trial 32 finished with value: -0.8854166666666666 and parameters: {'learning_rate': 0.0009805692338122225, 'batch_size': 32, 'num_epochs': 878, 'temperature': 0.11074237687431833, 'embedding_dim': 128, 'hidden_dim': 256, 'dropout': 0.42544385438781207, 'num_layers': 4, 'num_heads': 8, 'noise_enabled': True, 'shift_enabled': False, 'scale_enabled': True, 'crop_enabled': True, 'flip_enabled': False, 'permutation_enabled': False, 'noise_level': 0.18680626565154754, 'crop_size': 0.5433297173042284}. Best is trial 9 with value: -0.9270833333333334.
Actual device being used: cuda
Attempting to load data from: /vol/ecrg-solar/woodj4/fishy-business/data/REIMS.xlsx
Trial 32 finished with value: -0.8854166666666666 and parameters: {'learning_rate': 0.0009805692338122225, 'batch_size': 32, 'num_epochs': 878, 'temperature': 0.11074237687431833, 'embedding_dim': 128, 'hidden_dim': 256, 'dropout': 0.42544385438781207, 'num_layers': 4, 'num_heads': 8, 'noise_enabled': True, 'shift_enabled': False, 'scale_enabled': True, 'crop_enabled': True, 'flip_enabled': False, 'permutation_enabled': False, 'noise_level': 0.18680626565154754, 'crop_size': 0.5433297173042284}. Best is trial 9 with value: -0.9270833333333334.
2025-08-14 20:54:42,310 - INFO - Using device: cuda
2025-08-14 20:54:52,311 - INFO - --- Starting Fold 1/3 ---
2025-08-14 20:54:52,313 - INFO - Generated pairs. Train: 1128 (Positive: 48). Val: 276 (Positive: 24)
2025-08-14 20:54:52,313 - INFO - Starting training for fold 1/3
/usr/pkg/lib/python3.12/site-packages/torch/optim/lr_scheduler.py:227: UserWarning: Detected call of `lr_scheduler.step()` before `optimizer.step()`. In PyTorch 1.1.0 and later, you should call them in the opposite order: `optimizer.step()` before `lr_scheduler.step()`.  Failure to do this will result in PyTorch skipping the first value of the learning rate schedule. See more details at https://pytorch.org/docs/stable/optim.html#how-to-adjust-learning-rate
  warnings.warn(
2025-08-14 20:55:01,181 - INFO - Fold 1, Epoch 10: Val Acc: 0.44%
2025-08-14 20:55:03,423 - INFO - Fold 1, Epoch 20: Val Acc: 0.44%
2025-08-14 20:55:05,627 - INFO - Fold 1, Epoch 30: Val Acc: 0.62%
2025-08-14 20:55:09,768 - INFO - Fold 1, Epoch 40: Val Acc: 0.62%
2025-08-14 20:55:12,014 - INFO - Fold 1, Epoch 50: Val Acc: 0.62%
2025-08-14 20:55:14,247 - INFO - Fold 1, Epoch 60: Val Acc: 0.72%
2025-08-14 20:55:16,409 - INFO - Fold 1, Epoch 70: Val Acc: 0.75%
2025-08-14 20:55:20,824 - INFO - Fold 1, Epoch 80: Val Acc: 0.56%
2025-08-14 20:55:23,060 - INFO - Fold 1, Epoch 90: Val Acc: 0.81%
2025-08-14 20:55:25,199 - INFO - Fold 1, Epoch 100: Val Acc: 0.69%
2025-08-14 20:55:27,272 - INFO - Fold 1, Epoch 110: Val Acc: 0.72%
2025-08-14 20:55:31,655 - INFO - Fold 1, Epoch 120: Val Acc: 0.69%
2025-08-14 20:55:33,739 - INFO - Fold 1, Epoch 130: Val Acc: 0.72%
2025-08-14 20:55:35,751 - INFO - Fold 1, Epoch 140: Val Acc: 0.59%
2025-08-14 20:55:37,670 - INFO - Fold 1, Epoch 150: Val Acc: 0.56%
2025-08-14 20:55:41,710 - INFO - Fold 1, Epoch 160: Val Acc: 0.91%
2025-08-14 20:55:43,976 - INFO - Fold 1, Epoch 170: Val Acc: 0.75%
2025-08-14 20:55:46,224 - INFO - Fold 1, Epoch 180: Val Acc: 0.66%
2025-08-14 20:55:48,427 - INFO - Fold 1, Epoch 190: Val Acc: 0.62%
2025-08-14 20:55:50,621 - INFO - Fold 1, Epoch 200: Val Acc: 0.66%
2025-08-14 20:55:52,860 - INFO - Fold 1, Epoch 210: Val Acc: 0.72%
2025-08-14 20:55:55,110 - INFO - Fold 1, Epoch 220: Val Acc: 0.53%
2025-08-14 20:55:57,354 - INFO - Fold 1, Epoch 230: Val Acc: 0.59%
2025-08-14 20:55:59,295 - INFO - Fold 1, Epoch 240: Val Acc: 0.62%
2025-08-14 20:56:01,081 - INFO - Fold 1, Epoch 250: Val Acc: 0.66%
2025-08-14 20:56:03,022 - INFO - Early stopping at epoch 260
2025-08-14 20:56:06,676 - INFO - --- Starting Fold 2/3 ---
2025-08-14 20:56:06,679 - INFO - Generated pairs. Train: 1128 (Positive: 48). Val: 276 (Positive: 24)
2025-08-14 20:56:06,679 - INFO - Starting training for fold 2/3
/usr/pkg/lib/python3.12/site-packages/torch/optim/lr_scheduler.py:227: UserWarning: Detected call of `lr_scheduler.step()` before `optimizer.step()`. In PyTorch 1.1.0 and later, you should call them in the opposite order: `optimizer.step()` before `lr_scheduler.step()`.  Failure to do this will result in PyTorch skipping the first value of the learning rate schedule. See more details at https://pytorch.org/docs/stable/optim.html#how-to-adjust-learning-rate
  warnings.warn(
2025-08-14 20:56:13,184 - INFO - Fold 2, Epoch 10: Val Acc: 0.59%
2025-08-14 20:56:18,130 - INFO - Fold 2, Epoch 20: Val Acc: 0.62%
2025-08-14 20:56:21,805 - INFO - Fold 2, Epoch 30: Val Acc: 0.69%
2025-08-14 20:56:24,129 - INFO - Fold 2, Epoch 40: Val Acc: 0.69%
2025-08-14 20:56:26,469 - INFO - Fold 2, Epoch 50: Val Acc: 0.66%
2025-08-14 20:56:28,752 - INFO - Fold 2, Epoch 60: Val Acc: 0.84%
2025-08-14 20:56:30,576 - INFO - Fold 2, Epoch 70: Val Acc: 0.69%
2025-08-14 20:56:32,725 - INFO - Fold 2, Epoch 80: Val Acc: 0.66%
2025-08-14 20:56:35,050 - INFO - Fold 2, Epoch 90: Val Acc: 0.72%
2025-08-14 20:56:37,383 - INFO - Fold 2, Epoch 100: Val Acc: 0.72%
2025-08-14 20:56:40,991 - INFO - Fold 2, Epoch 110: Val Acc: 0.59%
2025-08-14 20:56:43,306 - INFO - Fold 2, Epoch 120: Val Acc: 0.72%
2025-08-14 20:56:45,576 - INFO - Fold 2, Epoch 130: Val Acc: 0.66%
2025-08-14 20:56:47,887 - INFO - Fold 2, Epoch 140: Val Acc: 0.69%
2025-08-14 20:56:50,222 - INFO - Fold 2, Epoch 150: Val Acc: 0.75%
2025-08-14 20:56:54,018 - INFO - Fold 2, Epoch 160: Val Acc: 0.84%
2025-08-14 20:56:56,302 - INFO - Fold 2, Epoch 170: Val Acc: 0.88%
2025-08-14 20:56:58,545 - INFO - Fold 2, Epoch 180: Val Acc: 0.69%
2025-08-14 20:57:00,783 - INFO - Fold 2, Epoch 190: Val Acc: 0.81%
2025-08-14 20:57:03,028 - INFO - Fold 2, Epoch 200: Val Acc: 0.69%
2025-08-14 20:57:05,261 - INFO - Fold 2, Epoch 210: Val Acc: 0.75%
2025-08-14 20:57:07,505 - INFO - Fold 2, Epoch 220: Val Acc: 0.69%
2025-08-14 20:57:09,742 - INFO - Fold 2, Epoch 230: Val Acc: 0.94%
2025-08-14 20:57:11,985 - INFO - Fold 2, Epoch 240: Val Acc: 0.69%
2025-08-14 20:57:14,220 - INFO - Fold 2, Epoch 250: Val Acc: 0.78%
2025-08-14 20:57:15,453 - INFO - Early stopping at epoch 256
2025-08-14 20:57:18,450 - INFO - --- Starting Fold 3/3 ---
2025-08-14 20:57:18,452 - INFO - Generated pairs. Train: 1128 (Positive: 48). Val: 276 (Positive: 24)
2025-08-14 20:57:18,453 - INFO - Starting training for fold 3/3
/usr/pkg/lib/python3.12/site-packages/torch/optim/lr_scheduler.py:227: UserWarning: Detected call of `lr_scheduler.step()` before `optimizer.step()`. In PyTorch 1.1.0 and later, you should call them in the opposite order: `optimizer.step()` before `lr_scheduler.step()`.  Failure to do this will result in PyTorch skipping the first value of the learning rate schedule. See more details at https://pytorch.org/docs/stable/optim.html#how-to-adjust-learning-rate
  warnings.warn(
2025-08-14 20:57:23,566 - INFO - Fold 3, Epoch 10: Val Acc: 0.66%
2025-08-14 20:57:25,814 - INFO - Fold 3, Epoch 20: Val Acc: 0.38%
2025-08-14 20:57:29,579 - INFO - Fold 3, Epoch 30: Val Acc: 0.50%
2025-08-14 20:57:34,757 - INFO - Fold 3, Epoch 40: Val Acc: 0.66%
2025-08-14 20:57:36,978 - INFO - Fold 3, Epoch 50: Val Acc: 0.59%
2025-08-14 20:57:40,702 - INFO - Fold 3, Epoch 60: Val Acc: 0.69%
2025-08-14 20:57:42,940 - INFO - Fold 3, Epoch 70: Val Acc: 0.59%
2025-08-14 20:57:45,175 - INFO - Fold 3, Epoch 80: Val Acc: 0.66%
2025-08-14 20:57:47,406 - INFO - Fold 3, Epoch 90: Val Acc: 0.59%
2025-08-14 20:57:49,636 - INFO - Fold 3, Epoch 100: Val Acc: 0.81%
2025-08-14 20:57:53,285 - INFO - Fold 3, Epoch 110: Val Acc: 0.59%
2025-08-14 20:57:55,483 - INFO - Fold 3, Epoch 120: Val Acc: 0.75%
2025-08-14 20:57:57,708 - INFO - Fold 3, Epoch 130: Val Acc: 0.62%
2025-08-14 20:58:01,399 - INFO - Fold 3, Epoch 140: Val Acc: 0.69%
2025-08-14 20:58:03,379 - INFO - Fold 3, Epoch 150: Val Acc: 0.62%
2025-08-14 20:58:05,523 - INFO - Fold 3, Epoch 160: Val Acc: 0.72%
2025-08-14 20:58:07,768 - INFO - Fold 3, Epoch 170: Val Acc: 0.75%
2025-08-14 20:58:10,011 - INFO - Fold 3, Epoch 180: Val Acc: 0.62%
2025-08-14 20:58:12,247 - INFO - Fold 3, Epoch 190: Val Acc: 0.78%
2025-08-14 20:58:14,480 - INFO - Fold 3, Epoch 200: Val Acc: 0.62%
2025-08-14 20:58:16,710 - INFO - Fold 3, Epoch 210: Val Acc: 0.81%
2025-08-14 20:58:18,934 - INFO - Fold 3, Epoch 220: Val Acc: 0.62%
2025-08-14 20:58:21,161 - INFO - Fold 3, Epoch 230: Val Acc: 0.66%
2025-08-14 20:58:21,828 - INFO - Early stopping at epoch 233
2025-08-14 20:58:22,895 - INFO - Cross-validation statistics for transformer: {'train_loss': {'mean': np.float64(3.79510956340366), 'std': np.float64(0.07619733325360846)}, 'train_accuracy': {'mean': np.float64(0.8333333333333334), 'std': np.float64(0.04735479755897863)}, 'val_loss': {'mean': np.float64(4.355800628662109), 'std': np.float64(0.08280076806907871)}, 'val_accuracy': {'mean': np.float64(0.9166666666666666), 'std': np.float64(0.03897559777889522)}, 'epoch': {'mean': np.float64(148.66666666666666), 'std': np.float64(11.897712198383164)}}
[I 2025-08-14 20:58:22,902] Trial 33 finished with value: -0.9166666666666666 and parameters: {'learning_rate': 0.0005982735082200832, 'batch_size': 32, 'num_epochs': 806, 'temperature': 0.12200837092406006, 'embedding_dim': 128, 'hidden_dim': 256, 'dropout': 0.45739224203597856, 'num_layers': 5, 'num_heads': 8, 'noise_enabled': True, 'shift_enabled': False, 'scale_enabled': True, 'crop_enabled': True, 'flip_enabled': False, 'permutation_enabled': False, 'noise_level': 0.16976370821381043, 'crop_size': 0.6161720570336626}. Best is trial 9 with value: -0.9270833333333334.
Actual device being used: cuda
Attempting to load data from: /vol/ecrg-solar/woodj4/fishy-business/data/REIMS.xlsx
Trial 33 finished with value: -0.9166666666666666 and parameters: {'learning_rate': 0.0005982735082200832, 'batch_size': 32, 'num_epochs': 806, 'temperature': 0.12200837092406006, 'embedding_dim': 128, 'hidden_dim': 256, 'dropout': 0.45739224203597856, 'num_layers': 5, 'num_heads': 8, 'noise_enabled': True, 'shift_enabled': False, 'scale_enabled': True, 'crop_enabled': True, 'flip_enabled': False, 'permutation_enabled': False, 'noise_level': 0.16976370821381043, 'crop_size': 0.6161720570336626}. Best is trial 9 with value: -0.9270833333333334.
2025-08-14 20:58:22,930 - INFO - Using device: cuda
2025-08-14 20:58:32,856 - INFO - --- Starting Fold 1/3 ---
2025-08-14 20:58:32,857 - INFO - Generated pairs. Train: 1128 (Positive: 48). Val: 276 (Positive: 24)
2025-08-14 20:58:32,858 - INFO - Starting training for fold 1/3
2025-08-14 20:58:39,186 - INFO - Fold 1, Epoch 10: Val Acc: 0.50%
2025-08-14 20:58:41,248 - INFO - Fold 1, Epoch 20: Val Acc: 0.44%
2025-08-14 20:58:46,908 - INFO - Fold 1, Epoch 30: Val Acc: 0.56%
2025-08-14 20:58:48,968 - INFO - Fold 1, Epoch 40: Val Acc: 0.41%
2025-08-14 20:58:53,038 - INFO - Fold 1, Epoch 50: Val Acc: 0.47%
2025-08-14 20:58:55,144 - INFO - Fold 1, Epoch 60: Val Acc: 0.50%
2025-08-14 20:58:57,254 - INFO - Fold 1, Epoch 70: Val Acc: 0.50%
2025-08-14 20:59:01,019 - INFO - Fold 1, Epoch 80: Val Acc: 0.72%
2025-08-14 20:59:03,248 - INFO - Fold 1, Epoch 90: Val Acc: 0.44%
2025-08-14 20:59:05,317 - INFO - Fold 1, Epoch 100: Val Acc: 0.44%
2025-08-14 20:59:07,381 - INFO - Fold 1, Epoch 110: Val Acc: 0.72%
2025-08-14 20:59:09,441 - INFO - Fold 1, Epoch 120: Val Acc: 0.50%
2025-08-14 20:59:11,497 - INFO - Fold 1, Epoch 130: Val Acc: 0.53%
2025-08-14 20:59:13,479 - INFO - Fold 1, Epoch 140: Val Acc: 0.50%
2025-08-14 20:59:15,536 - INFO - Fold 1, Epoch 150: Val Acc: 0.41%
2025-08-14 20:59:17,593 - INFO - Fold 1, Epoch 160: Val Acc: 0.56%
2025-08-14 20:59:19,277 - INFO - Fold 1, Epoch 170: Val Acc: 0.56%
2025-08-14 20:59:21,292 - INFO - Early stopping at epoch 180
2025-08-14 20:59:24,417 - INFO - --- Starting Fold 2/3 ---
2025-08-14 20:59:24,420 - INFO - Generated pairs. Train: 1128 (Positive: 48). Val: 276 (Positive: 24)
2025-08-14 20:59:24,420 - INFO - Starting training for fold 2/3
2025-08-14 20:59:29,473 - INFO - Fold 2, Epoch 10: Val Acc: 0.31%
2025-08-14 20:59:33,965 - INFO - Fold 2, Epoch 20: Val Acc: 0.47%
2025-08-14 20:59:36,096 - INFO - Fold 2, Epoch 30: Val Acc: 0.47%
2025-08-14 20:59:39,374 - INFO - Fold 2, Epoch 40: Val Acc: 0.50%
2025-08-14 20:59:41,477 - INFO - Fold 2, Epoch 50: Val Acc: 0.59%
2025-08-14 20:59:43,526 - INFO - Fold 2, Epoch 60: Val Acc: 0.50%
2025-08-14 20:59:45,628 - INFO - Fold 2, Epoch 70: Val Acc: 0.47%
2025-08-14 20:59:47,767 - INFO - Fold 2, Epoch 80: Val Acc: 0.47%
2025-08-14 20:59:49,905 - INFO - Fold 2, Epoch 90: Val Acc: 0.44%
2025-08-14 20:59:52,061 - INFO - Fold 2, Epoch 100: Val Acc: 0.47%
2025-08-14 20:59:53,953 - INFO - Fold 2, Epoch 110: Val Acc: 0.47%
2025-08-14 20:59:56,972 - INFO - Fold 2, Epoch 120: Val Acc: 0.56%
2025-08-14 20:59:59,042 - INFO - Fold 2, Epoch 130: Val Acc: 0.47%
2025-08-14 21:00:01,112 - INFO - Fold 2, Epoch 140: Val Acc: 0.50%
2025-08-14 21:00:03,140 - INFO - Fold 2, Epoch 150: Val Acc: 0.44%
2025-08-14 21:00:05,289 - INFO - Fold 2, Epoch 160: Val Acc: 0.44%
2025-08-14 21:00:07,450 - INFO - Fold 2, Epoch 170: Val Acc: 0.44%
2025-08-14 21:00:09,614 - INFO - Fold 2, Epoch 180: Val Acc: 0.53%
2025-08-14 21:00:11,776 - INFO - Fold 2, Epoch 190: Val Acc: 0.59%
2025-08-14 21:00:13,674 - INFO - Fold 2, Epoch 200: Val Acc: 0.41%
2025-08-14 21:00:15,402 - INFO - Fold 2, Epoch 210: Val Acc: 0.53%
2025-08-14 21:00:16,220 - INFO - Early stopping at epoch 214
2025-08-14 21:00:17,077 - INFO - --- Starting Fold 3/3 ---
2025-08-14 21:00:17,079 - INFO - Generated pairs. Train: 1128 (Positive: 48). Val: 276 (Positive: 24)
2025-08-14 21:00:17,079 - INFO - Starting training for fold 3/3
2025-08-14 21:00:23,037 - INFO - Fold 3, Epoch 10: Val Acc: 0.28%
2025-08-14 21:00:27,498 - INFO - Fold 3, Epoch 20: Val Acc: 0.53%
2025-08-14 21:00:29,551 - INFO - Fold 3, Epoch 30: Val Acc: 0.50%
2025-08-14 21:00:31,611 - INFO - Fold 3, Epoch 40: Val Acc: 0.53%
2025-08-14 21:00:33,667 - INFO - Fold 3, Epoch 50: Val Acc: 0.44%
2025-08-14 21:00:35,792 - INFO - Fold 3, Epoch 60: Val Acc: 0.47%
2025-08-14 21:00:37,927 - INFO - Fold 3, Epoch 70: Val Acc: 0.47%
2025-08-14 21:00:41,281 - INFO - Fold 3, Epoch 80: Val Acc: 0.50%
2025-08-14 21:00:43,419 - INFO - Fold 3, Epoch 90: Val Acc: 0.53%
2025-08-14 21:00:45,503 - INFO - Fold 3, Epoch 100: Val Acc: 0.44%
2025-08-14 21:00:47,566 - INFO - Fold 3, Epoch 110: Val Acc: 0.50%
2025-08-14 21:00:49,603 - INFO - Fold 3, Epoch 120: Val Acc: 0.44%
2025-08-14 21:00:51,554 - INFO - Fold 3, Epoch 130: Val Acc: 0.44%
2025-08-14 21:00:53,594 - INFO - Fold 3, Epoch 140: Val Acc: 0.44%
2025-08-14 21:00:55,664 - INFO - Fold 3, Epoch 150: Val Acc: 0.44%
2025-08-14 21:00:57,717 - INFO - Fold 3, Epoch 160: Val Acc: 0.53%
2025-08-14 21:00:59,771 - INFO - Fold 3, Epoch 170: Val Acc: 0.56%
2025-08-14 21:01:00,193 - INFO - Early stopping at epoch 172
2025-08-14 21:01:01,035 - INFO - Cross-validation statistics for transformer: {'train_loss': {'mean': np.float64(4.392748249901665), 'std': np.float64(0.02541356024069151)}, 'train_accuracy': {'mean': np.float64(0.59375), 'std': np.float64(0.0)}, 'val_loss': {'mean': np.float64(4.482504049936931), 'std': np.float64(0.07098864073716435)}, 'val_accuracy': {'mean': np.float64(0.7083333333333334), 'std': np.float64(0.01473139127471974)}, 'epoch': {'mean': np.float64(87.66666666666667), 'std': np.float64(18.208667044996883)}}
