Trial 59 finished with value: inf and parameters: {'learning_rate': 0.00033817102603473997, 'batch_size': 64, 'num_epochs': 847, 'temperature': 0.07017883737866265, 'embedding_dim': 256, 'hidden_dim': 256, 'dropout': 0.4491483603159302, 'num_layers': 4, 'num_heads': 8, 'noise_enabled': True, 'shift_enabled': True, 'scale_enabled': True, 'crop_enabled': True, 'flip_enabled': False, 'permutation_enabled': False, 'noise_level': 0.19067306725979905, 'crop_size': 0.5099052364263982}. Best is trial 9 with value: -0.9270833333333334.
2025-08-14 21:57:24,313 - INFO - Using device: cuda
2025-08-14 21:57:34,126 - INFO - --- Starting Fold 1/3 ---
2025-08-14 21:57:34,128 - INFO - Generated pairs. Train: 1128 (Positive: 48). Val: 276 (Positive: 24)
2025-08-14 21:57:34,128 - INFO - Starting training for fold 1/3
/usr/pkg/lib/python3.12/site-packages/torch/optim/lr_scheduler.py:227: UserWarning: Detected call of `lr_scheduler.step()` before `optimizer.step()`. In PyTorch 1.1.0 and later, you should call them in the opposite order: `optimizer.step()` before `lr_scheduler.step()`.  Failure to do this will result in PyTorch skipping the first value of the learning rate schedule. See more details at https://pytorch.org/docs/stable/optim.html#how-to-adjust-learning-rate
  warnings.warn(
2025-08-14 21:57:40,833 - INFO - Fold 1, Epoch 10: Val Acc: 0.56%
2025-08-14 21:57:44,048 - INFO - Fold 1, Epoch 20: Val Acc: 0.66%
2025-08-14 21:57:47,275 - INFO - Fold 1, Epoch 30: Val Acc: 0.59%
2025-08-14 21:57:49,085 - INFO - Fold 1, Epoch 40: Val Acc: 0.59%
2025-08-14 21:57:50,882 - INFO - Fold 1, Epoch 50: Val Acc: 0.41%
2025-08-14 21:57:52,725 - INFO - Fold 1, Epoch 60: Val Acc: 0.62%
2025-08-14 21:57:55,531 - INFO - Fold 1, Epoch 70: Val Acc: 0.66%
2025-08-14 21:57:57,318 - INFO - Fold 1, Epoch 80: Val Acc: 0.62%
2025-08-14 21:58:00,514 - INFO - Fold 1, Epoch 90: Val Acc: 0.56%
2025-08-14 21:58:02,291 - INFO - Fold 1, Epoch 100: Val Acc: 0.78%
2025-08-14 21:58:04,076 - INFO - Fold 1, Epoch 110: Val Acc: 0.69%
2025-08-14 21:58:05,864 - INFO - Fold 1, Epoch 120: Val Acc: 0.66%
2025-08-14 21:58:07,646 - INFO - Fold 1, Epoch 130: Val Acc: 0.62%
2025-08-14 21:58:09,435 - INFO - Fold 1, Epoch 140: Val Acc: 0.62%
2025-08-14 21:58:11,218 - INFO - Fold 1, Epoch 150: Val Acc: 0.62%
2025-08-14 21:58:13,007 - INFO - Fold 1, Epoch 160: Val Acc: 0.66%
2025-08-14 21:58:16,225 - INFO - Fold 1, Epoch 170: Val Acc: 0.91%
2025-08-14 21:58:18,085 - INFO - Fold 1, Epoch 180: Val Acc: 0.66%
2025-08-14 21:58:19,879 - INFO - Fold 1, Epoch 190: Val Acc: 0.62%
2025-08-14 21:58:21,666 - INFO - Fold 1, Epoch 200: Val Acc: 0.81%
2025-08-14 21:58:23,445 - INFO - Fold 1, Epoch 210: Val Acc: 0.75%
2025-08-14 21:58:25,228 - INFO - Fold 1, Epoch 220: Val Acc: 0.59%
2025-08-14 21:58:27,012 - INFO - Fold 1, Epoch 230: Val Acc: 0.78%
2025-08-14 21:58:28,796 - INFO - Fold 1, Epoch 240: Val Acc: 0.50%
2025-08-14 21:58:30,576 - INFO - Fold 1, Epoch 250: Val Acc: 0.75%
2025-08-14 21:58:32,362 - INFO - Fold 1, Epoch 260: Val Acc: 0.69%
2025-08-14 21:58:34,150 - INFO - Early stopping at epoch 270
2025-08-14 21:58:36,409 - INFO - --- Starting Fold 2/3 ---
2025-08-14 21:58:36,431 - INFO - Generated pairs. Train: 1128 (Positive: 48). Val: 276 (Positive: 24)
2025-08-14 21:58:36,431 - INFO - Starting training for fold 2/3
/usr/pkg/lib/python3.12/site-packages/torch/optim/lr_scheduler.py:227: UserWarning: Detected call of `lr_scheduler.step()` before `optimizer.step()`. In PyTorch 1.1.0 and later, you should call them in the opposite order: `optimizer.step()` before `lr_scheduler.step()`.  Failure to do this will result in PyTorch skipping the first value of the learning rate schedule. See more details at https://pytorch.org/docs/stable/optim.html#how-to-adjust-learning-rate
  warnings.warn(
2025-08-14 21:58:41,140 - INFO - Fold 2, Epoch 10: Val Acc: 0.66%
2025-08-14 21:58:43,969 - INFO - Fold 2, Epoch 20: Val Acc: 0.47%
2025-08-14 21:58:45,759 - INFO - Fold 2, Epoch 30: Val Acc: 0.56%
2025-08-14 21:58:49,510 - INFO - Fold 2, Epoch 40: Val Acc: 0.72%
2025-08-14 21:58:51,299 - INFO - Fold 2, Epoch 50: Val Acc: 0.62%
2025-08-14 21:58:53,091 - INFO - Fold 2, Epoch 60: Val Acc: 0.59%
2025-08-14 21:58:54,941 - INFO - Fold 2, Epoch 70: Val Acc: 0.59%
2025-08-14 21:58:56,795 - INFO - Fold 2, Epoch 80: Val Acc: 0.62%
2025-08-14 21:58:58,651 - INFO - Fold 2, Epoch 90: Val Acc: 0.78%
2025-08-14 21:59:01,448 - INFO - Fold 2, Epoch 100: Val Acc: 0.81%
2025-08-14 21:59:03,308 - INFO - Fold 2, Epoch 110: Val Acc: 0.69%
2025-08-14 21:59:04,907 - INFO - Fold 2, Epoch 120: Val Acc: 0.78%
2025-08-14 21:59:06,395 - INFO - Fold 2, Epoch 130: Val Acc: 0.62%
2025-08-14 21:59:07,923 - INFO - Fold 2, Epoch 140: Val Acc: 0.62%
2025-08-14 21:59:10,752 - INFO - Fold 2, Epoch 150: Val Acc: 0.75%
2025-08-14 21:59:13,388 - INFO - Fold 2, Epoch 160: Val Acc: 0.59%
2025-08-14 21:59:14,891 - INFO - Fold 2, Epoch 170: Val Acc: 0.66%
2025-08-14 21:59:16,554 - INFO - Fold 2, Epoch 180: Val Acc: 0.78%
2025-08-14 21:59:18,438 - INFO - Fold 2, Epoch 190: Val Acc: 0.75%
2025-08-14 21:59:20,184 - INFO - Fold 2, Epoch 200: Val Acc: 0.62%
2025-08-14 21:59:21,676 - INFO - Fold 2, Epoch 210: Val Acc: 0.84%
2025-08-14 21:59:23,277 - INFO - Fold 2, Epoch 220: Val Acc: 0.78%
2025-08-14 21:59:24,837 - INFO - Fold 2, Epoch 230: Val Acc: 0.69%
2025-08-14 21:59:26,328 - INFO - Fold 2, Epoch 240: Val Acc: 0.72%
2025-08-14 21:59:28,128 - INFO - Fold 2, Epoch 250: Val Acc: 0.66%
2025-08-14 21:59:28,498 - INFO - Early stopping at epoch 252
2025-08-14 21:59:29,185 - INFO - --- Starting Fold 3/3 ---
2025-08-14 21:59:29,187 - INFO - Generated pairs. Train: 1128 (Positive: 48). Val: 276 (Positive: 24)
2025-08-14 21:59:29,188 - INFO - Starting training for fold 3/3
/usr/pkg/lib/python3.12/site-packages/torch/optim/lr_scheduler.py:227: UserWarning: Detected call of `lr_scheduler.step()` before `optimizer.step()`. In PyTorch 1.1.0 and later, you should call them in the opposite order: `optimizer.step()` before `lr_scheduler.step()`.  Failure to do this will result in PyTorch skipping the first value of the learning rate schedule. See more details at https://pytorch.org/docs/stable/optim.html#how-to-adjust-learning-rate
  warnings.warn(
2025-08-14 21:59:32,204 - INFO - Fold 3, Epoch 10: Val Acc: 0.47%
2025-08-14 21:59:35,161 - INFO - Fold 3, Epoch 20: Val Acc: 0.59%
2025-08-14 21:59:37,702 - INFO - Fold 3, Epoch 30: Val Acc: 0.56%
2025-08-14 21:59:40,465 - INFO - Fold 3, Epoch 40: Val Acc: 0.72%
2025-08-14 21:59:41,854 - INFO - Fold 3, Epoch 50: Val Acc: 0.53%
2025-08-14 21:59:45,303 - INFO - Fold 3, Epoch 60: Val Acc: 0.69%
2025-08-14 21:59:46,818 - INFO - Fold 3, Epoch 70: Val Acc: 0.75%
2025-08-14 21:59:49,294 - INFO - Fold 3, Epoch 80: Val Acc: 0.56%
2025-08-14 21:59:51,960 - INFO - Fold 3, Epoch 90: Val Acc: 0.62%
2025-08-14 21:59:53,807 - INFO - Fold 3, Epoch 100: Val Acc: 0.62%
2025-08-14 21:59:55,613 - INFO - Fold 3, Epoch 110: Val Acc: 0.78%
2025-08-14 21:59:57,409 - INFO - Fold 3, Epoch 120: Val Acc: 0.66%
2025-08-14 21:59:59,185 - INFO - Fold 3, Epoch 130: Val Acc: 0.62%
2025-08-14 22:00:01,046 - INFO - Fold 3, Epoch 140: Val Acc: 0.62%
2025-08-14 22:00:02,912 - INFO - Fold 3, Epoch 150: Val Acc: 0.84%
2025-08-14 22:00:04,749 - INFO - Fold 3, Epoch 160: Val Acc: 0.69%
2025-08-14 22:00:06,601 - INFO - Fold 3, Epoch 170: Val Acc: 0.59%
2025-08-14 22:00:08,211 - INFO - Fold 3, Epoch 180: Val Acc: 0.62%
2025-08-14 22:00:09,390 - INFO - Early stopping at epoch 187
2025-08-14 22:00:10,062 - INFO - Cross-validation statistics for transformer: {'train_loss': {'mean': np.float64(3.975465456644694), 'std': np.float64(0.07479347739260174)}, 'train_accuracy': {'mean': np.float64(0.7569444444444443), 'std': np.float64(0.04280843057617347)}, 'val_loss': {'mean': np.float64(4.423962434132894), 'std': np.float64(0.05769995958356393)}, 'val_accuracy': {'mean': np.float64(0.8854166666666666), 'std': np.float64(0.02946278254943948)}, 'epoch': {'mean': np.float64(135.33333333333334), 'std': np.float64(35.64952859280034)}}
[I 2025-08-14 22:00:10,068] Trial 60 finished with value: -0.8854166666666666 and parameters: {'learning_rate': 0.0003917893059768682, 'batch_size': 32, 'num_epochs': 997, 'temperature': 0.12775311137601408, 'embedding_dim': 128, 'hidden_dim': 256, 'dropout': 0.39966514430789923, 'num_layers': 3, 'num_heads': 8, 'noise_enabled': True, 'shift_enabled': False, 'scale_enabled': True, 'crop_enabled': True, 'flip_enabled': False, 'permutation_enabled': False, 'noise_level': 0.1998998013854754, 'crop_size': 0.556949098195792}. Best is trial 9 with value: -0.9270833333333334.
Actual device being used: cuda
Attempting to load data from: /vol/ecrg-solar/woodj4/fishy-business/data/REIMS.xlsx
Trial 60 finished with value: -0.8854166666666666 and parameters: {'learning_rate': 0.0003917893059768682, 'batch_size': 32, 'num_epochs': 997, 'temperature': 0.12775311137601408, 'embedding_dim': 128, 'hidden_dim': 256, 'dropout': 0.39966514430789923, 'num_layers': 3, 'num_heads': 8, 'noise_enabled': True, 'shift_enabled': False, 'scale_enabled': True, 'crop_enabled': True, 'flip_enabled': False, 'permutation_enabled': False, 'noise_level': 0.1998998013854754, 'crop_size': 0.556949098195792}. Best is trial 9 with value: -0.9270833333333334.
2025-08-14 22:00:10,099 - INFO - Using device: cuda
2025-08-14 22:00:19,851 - INFO - --- Starting Fold 1/3 ---
2025-08-14 22:00:19,852 - INFO - Generated pairs. Train: 1128 (Positive: 48). Val: 276 (Positive: 24)
2025-08-14 22:00:19,853 - INFO - Starting training for fold 1/3
/usr/pkg/lib/python3.12/site-packages/torch/optim/lr_scheduler.py:227: UserWarning: Detected call of `lr_scheduler.step()` before `optimizer.step()`. In PyTorch 1.1.0 and later, you should call them in the opposite order: `optimizer.step()` before `lr_scheduler.step()`.  Failure to do this will result in PyTorch skipping the first value of the learning rate schedule. See more details at https://pytorch.org/docs/stable/optim.html#how-to-adjust-learning-rate
  warnings.warn(
2025-08-14 22:00:28,837 - INFO - Fold 1, Epoch 10: Val Acc: 0.56%
2025-08-14 22:00:31,068 - INFO - Fold 1, Epoch 20: Val Acc: 0.59%
2025-08-14 22:00:33,295 - INFO - Fold 1, Epoch 30: Val Acc: 0.56%
2025-08-14 22:00:37,745 - INFO - Fold 1, Epoch 40: Val Acc: 0.69%
2025-08-14 22:00:42,291 - INFO - Fold 1, Epoch 50: Val Acc: 0.69%
2025-08-14 22:00:44,617 - INFO - Fold 1, Epoch 60: Val Acc: 0.72%
2025-08-14 22:00:46,940 - INFO - Fold 1, Epoch 70: Val Acc: 0.66%
2025-08-14 22:00:49,271 - INFO - Fold 1, Epoch 80: Val Acc: 0.62%
2025-08-14 22:00:51,592 - INFO - Fold 1, Epoch 90: Val Acc: 0.75%
2025-08-14 22:00:56,131 - INFO - Fold 1, Epoch 100: Val Acc: 0.75%
2025-08-14 22:00:58,442 - INFO - Fold 1, Epoch 110: Val Acc: 0.78%
2025-08-14 22:01:00,764 - INFO - Fold 1, Epoch 120: Val Acc: 0.62%
2025-08-14 22:01:03,090 - INFO - Fold 1, Epoch 130: Val Acc: 0.72%
2025-08-14 22:01:05,413 - INFO - Fold 1, Epoch 140: Val Acc: 0.62%
2025-08-14 22:01:07,735 - INFO - Fold 1, Epoch 150: Val Acc: 0.56%
2025-08-14 22:01:10,001 - INFO - Fold 1, Epoch 160: Val Acc: 0.62%
2025-08-14 22:01:12,227 - INFO - Fold 1, Epoch 170: Val Acc: 0.72%
2025-08-14 22:01:14,456 - INFO - Fold 1, Epoch 180: Val Acc: 0.72%
2025-08-14 22:01:16,685 - INFO - Fold 1, Epoch 190: Val Acc: 0.72%
2025-08-14 22:01:17,569 - INFO - Early stopping at epoch 194
2025-08-14 22:01:21,366 - INFO - --- Starting Fold 2/3 ---
2025-08-14 22:01:21,369 - INFO - Generated pairs. Train: 1128 (Positive: 48). Val: 276 (Positive: 24)
2025-08-14 22:01:21,370 - INFO - Starting training for fold 2/3
/usr/pkg/lib/python3.12/site-packages/torch/optim/lr_scheduler.py:227: UserWarning: Detected call of `lr_scheduler.step()` before `optimizer.step()`. In PyTorch 1.1.0 and later, you should call them in the opposite order: `optimizer.step()` before `lr_scheduler.step()`.  Failure to do this will result in PyTorch skipping the first value of the learning rate schedule. See more details at https://pytorch.org/docs/stable/optim.html#how-to-adjust-learning-rate
  warnings.warn(
2025-08-14 22:01:28,242 - INFO - Fold 2, Epoch 10: Val Acc: 0.69%
2025-08-14 22:01:31,973 - INFO - Fold 2, Epoch 20: Val Acc: 0.69%
2025-08-14 22:01:34,191 - INFO - Fold 2, Epoch 30: Val Acc: 0.56%
2025-08-14 22:01:36,410 - INFO - Fold 2, Epoch 40: Val Acc: 0.62%
2025-08-14 22:01:38,645 - INFO - Fold 2, Epoch 50: Val Acc: 0.59%
2025-08-14 22:01:42,290 - INFO - Fold 2, Epoch 60: Val Acc: 0.59%
2025-08-14 22:01:44,506 - INFO - Fold 2, Epoch 70: Val Acc: 0.72%
2025-08-14 22:01:46,723 - INFO - Fold 2, Epoch 80: Val Acc: 0.62%
2025-08-14 22:01:50,412 - INFO - Fold 2, Epoch 90: Val Acc: 0.66%
2025-08-14 22:01:52,623 - INFO - Fold 2, Epoch 100: Val Acc: 0.62%
2025-08-14 22:01:56,224 - INFO - Fold 2, Epoch 110: Val Acc: 0.88%
2025-08-14 22:01:58,526 - INFO - Fold 2, Epoch 120: Val Acc: 0.84%
2025-08-14 22:02:02,221 - INFO - Fold 2, Epoch 130: Val Acc: 0.81%
2025-08-14 22:02:04,450 - INFO - Fold 2, Epoch 140: Val Acc: 0.66%
2025-08-14 22:02:06,676 - INFO - Fold 2, Epoch 150: Val Acc: 0.66%
2025-08-14 22:02:08,908 - INFO - Fold 2, Epoch 160: Val Acc: 0.56%
2025-08-14 22:02:11,120 - INFO - Fold 2, Epoch 170: Val Acc: 0.81%
2025-08-14 22:02:12,984 - INFO - Fold 2, Epoch 180: Val Acc: 0.78%
2025-08-14 22:02:15,183 - INFO - Fold 2, Epoch 190: Val Acc: 0.84%
2025-08-14 22:02:17,412 - INFO - Fold 2, Epoch 200: Val Acc: 0.66%
2025-08-14 22:02:19,631 - INFO - Fold 2, Epoch 210: Val Acc: 0.75%
2025-08-14 22:02:21,851 - INFO - Fold 2, Epoch 220: Val Acc: 0.75%
2025-08-14 22:02:22,969 - INFO - Early stopping at epoch 225
2025-08-14 22:02:26,114 - INFO - --- Starting Fold 3/3 ---
2025-08-14 22:02:26,117 - INFO - Generated pairs. Train: 1128 (Positive: 48). Val: 276 (Positive: 24)
2025-08-14 22:02:26,117 - INFO - Starting training for fold 3/3
/usr/pkg/lib/python3.12/site-packages/torch/optim/lr_scheduler.py:227: UserWarning: Detected call of `lr_scheduler.step()` before `optimizer.step()`. In PyTorch 1.1.0 and later, you should call them in the opposite order: `optimizer.step()` before `lr_scheduler.step()`.  Failure to do this will result in PyTorch skipping the first value of the learning rate schedule. See more details at https://pytorch.org/docs/stable/optim.html#how-to-adjust-learning-rate
  warnings.warn(
2025-08-14 22:02:35,740 - INFO - Fold 3, Epoch 10: Val Acc: 0.59%
2025-08-14 22:02:40,987 - INFO - Fold 3, Epoch 20: Val Acc: 0.69%
2025-08-14 22:02:43,283 - INFO - Fold 3, Epoch 30: Val Acc: 0.50%
2025-08-14 22:02:47,014 - INFO - Fold 3, Epoch 40: Val Acc: 0.53%
2025-08-14 22:02:49,235 - INFO - Fold 3, Epoch 50: Val Acc: 0.66%
2025-08-14 22:02:52,799 - INFO - Fold 3, Epoch 60: Val Acc: 0.59%
2025-08-14 22:02:54,587 - INFO - Fold 3, Epoch 70: Val Acc: 0.44%
2025-08-14 22:02:56,581 - INFO - Fold 3, Epoch 80: Val Acc: 0.66%
2025-08-14 22:02:58,802 - INFO - Fold 3, Epoch 90: Val Acc: 0.62%
2025-08-14 22:03:00,725 - INFO - Fold 3, Epoch 100: Val Acc: 0.53%
2025-08-14 22:03:02,752 - INFO - Fold 3, Epoch 110: Val Acc: 0.53%
2025-08-14 22:03:06,445 - INFO - Fold 3, Epoch 120: Val Acc: 0.69%
2025-08-14 22:03:08,655 - INFO - Fold 3, Epoch 130: Val Acc: 0.72%
2025-08-14 22:03:10,863 - INFO - Fold 3, Epoch 140: Val Acc: 0.59%
2025-08-14 22:03:13,072 - INFO - Fold 3, Epoch 150: Val Acc: 0.75%
2025-08-14 22:03:15,278 - INFO - Fold 3, Epoch 160: Val Acc: 0.53%
2025-08-14 22:03:17,471 - INFO - Fold 3, Epoch 170: Val Acc: 0.84%
2025-08-14 22:03:19,668 - INFO - Fold 3, Epoch 180: Val Acc: 0.59%
2025-08-14 22:03:21,879 - INFO - Fold 3, Epoch 190: Val Acc: 0.78%
2025-08-14 22:03:24,084 - INFO - Fold 3, Epoch 200: Val Acc: 0.84%
2025-08-14 22:03:26,292 - INFO - Fold 3, Epoch 210: Val Acc: 0.62%
2025-08-14 22:03:26,512 - INFO - Early stopping at epoch 211
2025-08-14 22:03:27,692 - INFO - Cross-validation statistics for transformer: {'train_loss': {'mean': np.float64(3.9562418990665016), 'std': np.float64(0.05981659090645379)}, 'train_accuracy': {'mean': np.float64(0.7395833333333334), 'std': np.float64(0.008505172717997117)}, 'val_loss': {'mean': np.float64(4.467652479807536), 'std': np.float64(0.05370459841795285)}, 'val_accuracy': {'mean': np.float64(0.875), 'std': np.float64(0.02551551815399144)}, 'epoch': {'mean': np.float64(109.0), 'std': np.float64(12.675435561221029)}}
[I 2025-08-14 22:03:27,699] Trial 61 finished with value: -0.875 and parameters: {'learning_rate': 0.0005310874652406345, 'batch_size': 32, 'num_epochs': 785, 'temperature': 0.0919135993428742, 'embedding_dim': 128, 'hidden_dim': 256, 'dropout': 0.4624062525403712, 'num_layers': 5, 'num_heads': 8, 'noise_enabled': True, 'shift_enabled': False, 'scale_enabled': True, 'crop_enabled': True, 'flip_enabled': False, 'permutation_enabled': False, 'noise_level': 0.16835649587935236, 'crop_size': 0.5761694258558091}. Best is trial 9 with value: -0.9270833333333334.
Actual device being used: cuda
Attempting to load data from: /vol/ecrg-solar/woodj4/fishy-business/data/REIMS.xlsx
