Trial 171 finished with value: -0.9166666666666666 and parameters: {'learning_rate': 0.000419866554188736, 'batch_size': 32, 'num_epochs': 322, 'temperature': 0.302318999745944, 'embedding_dim': 256, 'hidden_dim': 256, 'dropout': 0.1780447817101292, 'num_layers': 5, 'num_heads': 2, 'noise_enabled': True, 'shift_enabled': False, 'scale_enabled': True, 'crop_enabled': True, 'flip_enabled': False, 'permutation_enabled': False, 'noise_level': 0.08785264462463246, 'crop_size': 0.516925758121089}. Best is trial 92 with value: -0.9479166666666666.
2025-08-15 03:17:43,213 - INFO - Using device: cuda
2025-08-15 03:17:53,106 - INFO - --- Starting Fold 1/3 ---
2025-08-15 03:17:53,107 - INFO - Generated pairs. Train: 1128 (Positive: 48). Val: 276 (Positive: 24)
2025-08-15 03:17:53,107 - INFO - Starting training for fold 1/3
2025-08-15 03:17:57,687 - INFO - Fold 1, Epoch 10: Val Acc: 0.59%
2025-08-15 03:18:03,895 - INFO - Fold 1, Epoch 20: Val Acc: 0.81%
2025-08-15 03:18:05,857 - INFO - Fold 1, Epoch 30: Val Acc: 0.53%
2025-08-15 03:18:07,583 - INFO - Fold 1, Epoch 40: Val Acc: 0.59%
2025-08-15 03:18:13,150 - INFO - Fold 1, Epoch 50: Val Acc: 0.66%
2025-08-15 03:18:15,385 - INFO - Fold 1, Epoch 60: Val Acc: 0.66%
2025-08-15 03:18:17,612 - INFO - Fold 1, Epoch 70: Val Acc: 0.78%
2025-08-15 03:18:19,843 - INFO - Fold 1, Epoch 80: Val Acc: 0.62%
2025-08-15 03:18:22,080 - INFO - Fold 1, Epoch 90: Val Acc: 0.69%
2025-08-15 03:18:24,008 - INFO - Fold 1, Epoch 100: Val Acc: 0.62%
2025-08-15 03:18:25,732 - INFO - Fold 1, Epoch 110: Val Acc: 0.88%
2025-08-15 03:18:27,860 - INFO - Fold 1, Epoch 120: Val Acc: 0.78%
2025-08-15 03:18:30,097 - INFO - Fold 1, Epoch 130: Val Acc: 0.72%
2025-08-15 03:18:32,342 - INFO - Fold 1, Epoch 140: Val Acc: 0.75%
2025-08-15 03:18:33,240 - INFO - Early stopping at epoch 144
2025-08-15 03:18:36,747 - INFO - --- Starting Fold 2/3 ---
2025-08-15 03:18:36,749 - INFO - Generated pairs. Train: 1128 (Positive: 48). Val: 276 (Positive: 24)
2025-08-15 03:18:36,750 - INFO - Starting training for fold 2/3
2025-08-15 03:18:43,666 - INFO - Fold 2, Epoch 10: Val Acc: 0.66%
2025-08-15 03:18:47,343 - INFO - Fold 2, Epoch 20: Val Acc: 0.59%
2025-08-15 03:18:49,570 - INFO - Fold 2, Epoch 30: Val Acc: 0.53%
2025-08-15 03:18:53,101 - INFO - Fold 2, Epoch 40: Val Acc: 0.72%
2025-08-15 03:18:56,709 - INFO - Fold 2, Epoch 50: Val Acc: 0.84%
2025-08-15 03:18:58,933 - INFO - Fold 2, Epoch 60: Val Acc: 0.75%
2025-08-15 03:19:01,170 - INFO - Fold 2, Epoch 70: Val Acc: 0.72%
2025-08-15 03:19:03,410 - INFO - Fold 2, Epoch 80: Val Acc: 0.75%
2025-08-15 03:19:05,642 - INFO - Fold 2, Epoch 90: Val Acc: 0.81%
2025-08-15 03:19:09,259 - INFO - Fold 2, Epoch 100: Val Acc: 0.72%
2025-08-15 03:19:11,491 - INFO - Fold 2, Epoch 110: Val Acc: 0.81%
2025-08-15 03:19:13,730 - INFO - Fold 2, Epoch 120: Val Acc: 0.75%
2025-08-15 03:19:15,963 - INFO - Fold 2, Epoch 130: Val Acc: 0.75%
2025-08-15 03:19:18,202 - INFO - Fold 2, Epoch 140: Val Acc: 0.78%
2025-08-15 03:19:20,438 - INFO - Fold 2, Epoch 150: Val Acc: 0.81%
2025-08-15 03:19:22,676 - INFO - Fold 2, Epoch 160: Val Acc: 0.88%
2025-08-15 03:19:24,907 - INFO - Fold 2, Epoch 170: Val Acc: 0.72%
2025-08-15 03:19:27,136 - INFO - Fold 2, Epoch 180: Val Acc: 0.72%
2025-08-15 03:19:29,367 - INFO - Fold 2, Epoch 190: Val Acc: 0.84%
2025-08-15 03:19:29,588 - INFO - Early stopping at epoch 191
2025-08-15 03:19:30,618 - INFO - --- Starting Fold 3/3 ---
2025-08-15 03:19:30,620 - INFO - Generated pairs. Train: 1128 (Positive: 48). Val: 276 (Positive: 24)
2025-08-15 03:19:30,621 - INFO - Starting training for fold 3/3
2025-08-15 03:19:37,276 - INFO - Fold 3, Epoch 10: Val Acc: 0.56%
2025-08-15 03:19:40,815 - INFO - Fold 3, Epoch 20: Val Acc: 0.47%
2025-08-15 03:19:44,187 - INFO - Fold 3, Epoch 30: Val Acc: 0.62%
2025-08-15 03:19:46,024 - INFO - Fold 3, Epoch 40: Val Acc: 0.66%
2025-08-15 03:19:50,921 - INFO - Fold 3, Epoch 50: Val Acc: 0.81%
2025-08-15 03:19:53,162 - INFO - Fold 3, Epoch 60: Val Acc: 0.78%
2025-08-15 03:19:56,837 - INFO - Fold 3, Epoch 70: Val Acc: 0.75%
2025-08-15 03:19:59,063 - INFO - Fold 3, Epoch 80: Val Acc: 0.75%
2025-08-15 03:20:01,072 - INFO - Fold 3, Epoch 90: Val Acc: 0.88%
2025-08-15 03:20:03,294 - INFO - Fold 3, Epoch 100: Val Acc: 0.69%
2025-08-15 03:20:05,009 - INFO - Fold 3, Epoch 110: Val Acc: 0.53%
2025-08-15 03:20:06,787 - INFO - Fold 3, Epoch 120: Val Acc: 0.88%
2025-08-15 03:20:08,502 - INFO - Fold 3, Epoch 130: Val Acc: 0.81%
2025-08-15 03:20:10,501 - INFO - Fold 3, Epoch 140: Val Acc: 0.72%
2025-08-15 03:20:12,724 - INFO - Fold 3, Epoch 150: Val Acc: 0.56%
2025-08-15 03:20:14,943 - INFO - Fold 3, Epoch 160: Val Acc: 0.72%
2025-08-15 03:20:16,719 - INFO - Early stopping at epoch 168
2025-08-15 03:20:17,764 - INFO - Cross-validation statistics for transformer: {'train_loss': {'mean': np.float64(3.97661116388109), 'std': np.float64(0.03565670065489188)}, 'train_accuracy': {'mean': np.float64(0.7534722222222223), 'std': np.float64(0.07233564811110989)}, 'val_loss': {'mean': np.float64(4.291800816853841), 'std': np.float64(0.04113898867967428)}, 'val_accuracy': {'mean': np.float64(0.9166666666666666), 'std': np.float64(0.02946278254943948)}, 'epoch': {'mean': np.float64(66.66666666666667), 'std': np.float64(19.189117286165672)}}
[I 2025-08-15 03:20:17,771] Trial 172 finished with value: -0.9166666666666666 and parameters: {'learning_rate': 0.00045116059539516116, 'batch_size': 32, 'num_epochs': 338, 'temperature': 0.28476893226491723, 'embedding_dim': 256, 'hidden_dim': 256, 'dropout': 0.16694322520100727, 'num_layers': 5, 'num_heads': 2, 'noise_enabled': True, 'shift_enabled': False, 'scale_enabled': True, 'crop_enabled': True, 'flip_enabled': False, 'permutation_enabled': False, 'noise_level': 0.08264201809724862, 'crop_size': 0.5259391343524906}. Best is trial 92 with value: -0.9479166666666666.
Actual device being used: cuda
Attempting to load data from: /vol/ecrg-solar/woodj4/fishy-business/data/REIMS.xlsx
Trial 172 finished with value: -0.9166666666666666 and parameters: {'learning_rate': 0.00045116059539516116, 'batch_size': 32, 'num_epochs': 338, 'temperature': 0.28476893226491723, 'embedding_dim': 256, 'hidden_dim': 256, 'dropout': 0.16694322520100727, 'num_layers': 5, 'num_heads': 2, 'noise_enabled': True, 'shift_enabled': False, 'scale_enabled': True, 'crop_enabled': True, 'flip_enabled': False, 'permutation_enabled': False, 'noise_level': 0.08264201809724862, 'crop_size': 0.5259391343524906}. Best is trial 92 with value: -0.9479166666666666.
2025-08-15 03:20:17,818 - INFO - Using device: cuda
2025-08-15 03:20:27,593 - INFO - --- Starting Fold 1/3 ---
2025-08-15 03:20:27,595 - INFO - Generated pairs. Train: 1128 (Positive: 48). Val: 276 (Positive: 24)
2025-08-15 03:20:27,595 - INFO - Starting training for fold 1/3
2025-08-15 03:20:36,462 - INFO - Fold 1, Epoch 10: Val Acc: 0.69%
2025-08-15 03:20:41,050 - INFO - Fold 1, Epoch 20: Val Acc: 0.53%
2025-08-15 03:20:43,327 - INFO - Fold 1, Epoch 30: Val Acc: 0.62%
2025-08-15 03:20:47,562 - INFO - Fold 1, Epoch 40: Val Acc: 0.72%
2025-08-15 03:20:49,646 - INFO - Fold 1, Epoch 50: Val Acc: 0.69%
2025-08-15 03:20:51,777 - INFO - Fold 1, Epoch 60: Val Acc: 0.81%
2025-08-15 03:20:54,064 - INFO - Fold 1, Epoch 70: Val Acc: 0.66%
2025-08-15 03:20:56,361 - INFO - Fold 1, Epoch 80: Val Acc: 0.81%
2025-08-15 03:20:58,577 - INFO - Fold 1, Epoch 90: Val Acc: 0.75%
2025-08-15 03:21:00,452 - INFO - Fold 1, Epoch 100: Val Acc: 0.72%
2025-08-15 03:21:02,681 - INFO - Fold 1, Epoch 110: Val Acc: 0.84%
2025-08-15 03:21:04,915 - INFO - Fold 1, Epoch 120: Val Acc: 0.75%
2025-08-15 03:21:07,155 - INFO - Fold 1, Epoch 130: Val Acc: 0.62%
2025-08-15 03:21:08,713 - INFO - Early stopping at epoch 137
2025-08-15 03:21:12,190 - INFO - --- Starting Fold 2/3 ---
2025-08-15 03:21:12,192 - INFO - Generated pairs. Train: 1128 (Positive: 48). Val: 276 (Positive: 24)
2025-08-15 03:21:12,193 - INFO - Starting training for fold 2/3
2025-08-15 03:21:21,200 - INFO - Fold 2, Epoch 10: Val Acc: 0.56%
2025-08-15 03:21:24,569 - INFO - Fold 2, Epoch 20: Val Acc: 0.50%
2025-08-15 03:21:27,758 - INFO - Fold 2, Epoch 30: Val Acc: 0.69%
2025-08-15 03:21:29,466 - INFO - Fold 2, Epoch 40: Val Acc: 0.72%
2025-08-15 03:21:31,329 - INFO - Fold 2, Epoch 50: Val Acc: 0.81%
2025-08-15 03:21:33,260 - INFO - Fold 2, Epoch 60: Val Acc: 0.72%
2025-08-15 03:21:35,227 - INFO - Fold 2, Epoch 70: Val Acc: 0.69%
2025-08-15 03:21:38,861 - INFO - Fold 2, Epoch 80: Val Acc: 0.75%
2025-08-15 03:21:41,083 - INFO - Fold 2, Epoch 90: Val Acc: 0.75%
2025-08-15 03:21:43,293 - INFO - Fold 2, Epoch 100: Val Acc: 0.81%
2025-08-15 03:21:45,521 - INFO - Fold 2, Epoch 110: Val Acc: 0.75%
2025-08-15 03:21:47,750 - INFO - Fold 2, Epoch 120: Val Acc: 0.69%
2025-08-15 03:21:51,223 - INFO - Fold 2, Epoch 130: Val Acc: 0.91%
2025-08-15 03:21:53,366 - INFO - Fold 2, Epoch 140: Val Acc: 0.75%
2025-08-15 03:21:55,672 - INFO - Fold 2, Epoch 150: Val Acc: 0.69%
2025-08-15 03:21:57,883 - INFO - Fold 2, Epoch 160: Val Acc: 0.72%
2025-08-15 03:22:00,050 - INFO - Fold 2, Epoch 170: Val Acc: 0.72%
2025-08-15 03:22:01,754 - INFO - Fold 2, Epoch 180: Val Acc: 0.69%
2025-08-15 03:22:05,016 - INFO - Fold 2, Epoch 190: Val Acc: 0.81%
2025-08-15 03:22:07,104 - INFO - Fold 2, Epoch 200: Val Acc: 0.62%
2025-08-15 03:22:09,415 - INFO - Fold 2, Epoch 210: Val Acc: 0.91%
2025-08-15 03:22:11,712 - INFO - Fold 2, Epoch 220: Val Acc: 0.81%
2025-08-15 03:22:13,965 - INFO - Fold 2, Epoch 230: Val Acc: 0.53%
2025-08-15 03:22:16,149 - INFO - Fold 2, Epoch 240: Val Acc: 0.88%
2025-08-15 03:22:18,363 - INFO - Fold 2, Epoch 250: Val Acc: 0.78%
2025-08-15 03:22:20,583 - INFO - Fold 2, Epoch 260: Val Acc: 0.75%
2025-08-15 03:22:22,823 - INFO - Fold 2, Epoch 270: Val Acc: 0.75%
2025-08-15 03:22:25,124 - INFO - Fold 2, Epoch 280: Val Acc: 0.66%
2025-08-15 03:22:26,746 - INFO - Early stopping at epoch 287
2025-08-15 03:22:29,579 - INFO - --- Starting Fold 3/3 ---
2025-08-15 03:22:29,581 - INFO - Generated pairs. Train: 1128 (Positive: 48). Val: 276 (Positive: 24)
2025-08-15 03:22:29,581 - INFO - Starting training for fold 3/3
2025-08-15 03:22:36,331 - INFO - Fold 3, Epoch 10: Val Acc: 0.44%
2025-08-15 03:22:39,980 - INFO - Fold 3, Epoch 20: Val Acc: 0.69%
2025-08-15 03:22:43,803 - INFO - Fold 3, Epoch 30: Val Acc: 0.53%
2025-08-15 03:22:46,113 - INFO - Fold 3, Epoch 40: Val Acc: 0.84%
2025-08-15 03:22:48,418 - INFO - Fold 3, Epoch 50: Val Acc: 0.78%
2025-08-15 03:22:50,727 - INFO - Fold 3, Epoch 60: Val Acc: 0.81%
2025-08-15 03:22:53,023 - INFO - Fold 3, Epoch 70: Val Acc: 0.75%
2025-08-15 03:22:55,314 - INFO - Fold 3, Epoch 80: Val Acc: 0.69%
2025-08-15 03:22:57,556 - INFO - Fold 3, Epoch 90: Val Acc: 0.62%
2025-08-15 03:22:59,784 - INFO - Fold 3, Epoch 100: Val Acc: 0.75%
2025-08-15 03:23:01,996 - INFO - Fold 3, Epoch 110: Val Acc: 0.66%
2025-08-15 03:23:04,220 - INFO - Fold 3, Epoch 120: Val Acc: 0.78%
2025-08-15 03:23:05,576 - INFO - Early stopping at epoch 126
2025-08-15 03:23:06,625 - INFO - Cross-validation statistics for transformer: {'train_loss': {'mean': np.float64(3.91652962896559), 'std': np.float64(0.11247175114714181)}, 'train_accuracy': {'mean': np.float64(0.75), 'std': np.float64(0.08376623667926952)}, 'val_loss': {'mean': np.float64(4.1680959065755205), 'std': np.float64(0.05636418444934768)}, 'val_accuracy': {'mean': np.float64(0.9166666666666666), 'std': np.float64(0.02946278254943948)}, 'epoch': {'mean': np.float64(82.33333333333333), 'std': np.float64(73.44083030273796)}}
[I 2025-08-15 03:23:06,632] Trial 173 finished with value: -0.9166666666666666 and parameters: {'learning_rate': 0.00048587516522027857, 'batch_size': 32, 'num_epochs': 358, 'temperature': 0.2716390403858411, 'embedding_dim': 256, 'hidden_dim': 256, 'dropout': 0.19672743180992902, 'num_layers': 5, 'num_heads': 2, 'noise_enabled': True, 'shift_enabled': False, 'scale_enabled': True, 'crop_enabled': True, 'flip_enabled': False, 'permutation_enabled': False, 'noise_level': 0.08790197537129943, 'crop_size': 0.5329467403531476}. Best is trial 92 with value: -0.9479166666666666.
Actual device being used: cuda
Attempting to load data from: /vol/ecrg-solar/woodj4/fishy-business/data/REIMS.xlsx
Trial 173 finished with value: -0.9166666666666666 and parameters: {'learning_rate': 0.00048587516522027857, 'batch_size': 32, 'num_epochs': 358, 'temperature': 0.2716390403858411, 'embedding_dim': 256, 'hidden_dim': 256, 'dropout': 0.19672743180992902, 'num_layers': 5, 'num_heads': 2, 'noise_enabled': True, 'shift_enabled': False, 'scale_enabled': True, 'crop_enabled': True, 'flip_enabled': False, 'permutation_enabled': False, 'noise_level': 0.08790197537129943, 'crop_size': 0.5329467403531476}. Best is trial 92 with value: -0.9479166666666666.
2025-08-15 03:23:06,676 - INFO - Using device: cuda
2025-08-15 03:23:16,399 - INFO - --- Starting Fold 1/3 ---
2025-08-15 03:23:16,400 - INFO - Generated pairs. Train: 1128 (Positive: 48). Val: 276 (Positive: 24)
2025-08-15 03:23:16,400 - INFO - Starting training for fold 1/3
2025-08-15 03:23:23,383 - INFO - Fold 1, Epoch 10: Val Acc: 0.53%
2025-08-15 03:23:27,833 - INFO - Fold 1, Epoch 20: Val Acc: 0.53%
2025-08-15 03:23:36,842 - INFO - Fold 1, Epoch 30: Val Acc: 0.72%
2025-08-15 03:23:38,694 - INFO - Fold 1, Epoch 40: Val Acc: 0.78%
2025-08-15 03:23:40,402 - INFO - Fold 1, Epoch 50: Val Acc: 0.75%
2025-08-15 03:23:44,646 - INFO - Fold 1, Epoch 60: Val Acc: 0.59%
2025-08-15 03:23:46,958 - INFO - Fold 1, Epoch 70: Val Acc: 0.75%
2025-08-15 03:23:49,262 - INFO - Fold 1, Epoch 80: Val Acc: 0.78%
2025-08-15 03:23:51,569 - INFO - Fold 1, Epoch 90: Val Acc: 0.69%
2025-08-15 03:23:53,881 - INFO - Fold 1, Epoch 100: Val Acc: 0.69%
2025-08-15 03:23:56,183 - INFO - Fold 1, Epoch 110: Val Acc: 0.62%
2025-08-15 03:23:58,489 - INFO - Fold 1, Epoch 120: Val Acc: 0.72%
2025-08-15 03:24:00,795 - INFO - Fold 1, Epoch 130: Val Acc: 0.62%
2025-08-15 03:24:03,017 - INFO - Fold 1, Epoch 140: Val Acc: 0.78%
2025-08-15 03:24:05,082 - INFO - Fold 1, Epoch 150: Val Acc: 0.78%
2025-08-15 03:24:06,507 - INFO - Early stopping at epoch 157
2025-08-15 03:24:09,943 - INFO - --- Starting Fold 2/3 ---
2025-08-15 03:24:09,946 - INFO - Generated pairs. Train: 1128 (Positive: 48). Val: 276 (Positive: 24)
2025-08-15 03:24:09,947 - INFO - Starting training for fold 2/3
2025-08-15 03:24:17,737 - INFO - Fold 2, Epoch 10: Val Acc: 0.66%
2025-08-15 03:24:19,781 - INFO - Fold 2, Epoch 20: Val Acc: 0.66%
2025-08-15 03:24:23,660 - INFO - Fold 2, Epoch 30: Val Acc: 0.66%
2025-08-15 03:24:26,073 - INFO - Fold 2, Epoch 40: Val Acc: 0.75%
2025-08-15 03:24:28,478 - INFO - Fold 2, Epoch 50: Val Acc: 0.78%
2025-08-15 03:24:30,901 - INFO - Fold 2, Epoch 60: Val Acc: 0.84%
2025-08-15 03:24:34,642 - INFO - Fold 2, Epoch 70: Val Acc: 0.75%
2025-08-15 03:24:36,977 - INFO - Fold 2, Epoch 80: Val Acc: 0.69%
2025-08-15 03:24:40,266 - INFO - Fold 2, Epoch 90: Val Acc: 0.81%
2025-08-15 03:24:42,031 - INFO - Fold 2, Epoch 100: Val Acc: 0.81%
2025-08-15 03:24:44,336 - INFO - Fold 2, Epoch 110: Val Acc: 0.75%
2025-08-15 03:24:46,649 - INFO - Fold 2, Epoch 120: Val Acc: 0.75%
2025-08-15 03:24:48,962 - INFO - Fold 2, Epoch 130: Val Acc: 0.84%
2025-08-15 03:24:51,087 - INFO - Fold 2, Epoch 140: Val Acc: 0.72%
2025-08-15 03:24:53,335 - INFO - Fold 2, Epoch 150: Val Acc: 0.66%
2025-08-15 03:24:55,630 - INFO - Fold 2, Epoch 160: Val Acc: 0.75%
2025-08-15 03:24:57,931 - INFO - Fold 2, Epoch 170: Val Acc: 0.84%
2025-08-15 03:25:00,200 - INFO - Fold 2, Epoch 180: Val Acc: 0.75%
2025-08-15 03:25:02,247 - INFO - Early stopping at epoch 189
2025-08-15 03:25:05,274 - INFO - --- Starting Fold 3/3 ---
2025-08-15 03:25:05,276 - INFO - Generated pairs. Train: 1128 (Positive: 48). Val: 276 (Positive: 24)
2025-08-15 03:25:05,277 - INFO - Starting training for fold 3/3
2025-08-15 03:25:12,968 - INFO - Fold 3, Epoch 10: Val Acc: 0.69%
2025-08-15 03:25:18,003 - INFO - Fold 3, Epoch 20: Val Acc: 0.81%
2025-08-15 03:25:20,049 - INFO - Fold 3, Epoch 30: Val Acc: 0.75%
2025-08-15 03:25:23,687 - INFO - Fold 3, Epoch 40: Val Acc: 0.75%
2025-08-15 03:25:25,957 - INFO - Fold 3, Epoch 50: Val Acc: 0.59%
2025-08-15 03:25:28,185 - INFO - Fold 3, Epoch 60: Val Acc: 0.84%
2025-08-15 03:25:30,412 - INFO - Fold 3, Epoch 70: Val Acc: 0.84%
2025-08-15 03:25:32,637 - INFO - Fold 3, Epoch 80: Val Acc: 0.66%
2025-08-15 03:25:34,867 - INFO - Fold 3, Epoch 90: Val Acc: 0.91%
2025-08-15 03:25:37,096 - INFO - Fold 3, Epoch 100: Val Acc: 0.69%
2025-08-15 03:25:39,320 - INFO - Fold 3, Epoch 110: Val Acc: 0.72%
2025-08-15 03:25:41,547 - INFO - Fold 3, Epoch 120: Val Acc: 0.72%
2025-08-15 03:25:43,775 - INFO - Fold 3, Epoch 130: Val Acc: 0.66%
2025-08-15 03:25:44,672 - INFO - Early stopping at epoch 134
2025-08-15 03:25:45,715 - INFO - Cross-validation statistics for transformer: {'train_loss': {'mean': np.float64(3.943680736753676), 'std': np.float64(0.05076645920908227)}, 'train_accuracy': {'mean': np.float64(0.7777777777777778), 'std': np.float64(0.04019387813468824)}, 'val_loss': {'mean': np.float64(4.205536683400472), 'std': np.float64(0.03627253327366151)}, 'val_accuracy': {'mean': np.float64(0.9270833333333334), 'std': np.float64(0.02946278254943948)}, 'epoch': {'mean': np.float64(59.0), 'std': np.float64(22.55363976538303)}}
[I 2025-08-15 03:25:45,722] Trial 174 finished with value: -0.9270833333333334 and parameters: {'learning_rate': 0.0005837782174313051, 'batch_size': 32, 'num_epochs': 385, 'temperature': 0.36293411137664516, 'embedding_dim': 256, 'hidden_dim': 256, 'dropout': 0.14903714170660226, 'num_layers': 5, 'num_heads': 2, 'noise_enabled': True, 'shift_enabled': False, 'scale_enabled': True, 'crop_enabled': True, 'flip_enabled': False, 'permutation_enabled': False, 'noise_level': 0.1841299141272534, 'crop_size': 0.5475964029768856}. Best is trial 92 with value: -0.9479166666666666.
Actual device being used: cuda
Attempting to load data from: /vol/ecrg-solar/woodj4/fishy-business/data/REIMS.xlsx
