[I 2025-08-15 04:08:31,540] Trial 190 finished with value: inf and parameters: {'learning_rate': 0.0009900865043086788, 'batch_size': 64, 'num_epochs': 758, 'temperature': 0.3781350697166192, 'embedding_dim': 128, 'hidden_dim': 512, 'dropout': 0.46819371725671927, 'num_layers': 4, 'num_heads': 2, 'noise_enabled': True, 'shift_enabled': False, 'scale_enabled': True, 'crop_enabled': True, 'flip_enabled': False, 'permutation_enabled': False, 'noise_level': 0.0862167991393831, 'crop_size': 0.535677326467042}. Best is trial 92 with value: -0.9479166666666666.
Actual device being used: cuda
Attempting to load data from: /vol/ecrg-solar/woodj4/fishy-business/data/REIMS.xlsx
Trial 190 finished with value: inf and parameters: {'learning_rate': 0.0009900865043086788, 'batch_size': 64, 'num_epochs': 758, 'temperature': 0.3781350697166192, 'embedding_dim': 128, 'hidden_dim': 512, 'dropout': 0.46819371725671927, 'num_layers': 4, 'num_heads': 2, 'noise_enabled': True, 'shift_enabled': False, 'scale_enabled': True, 'crop_enabled': True, 'flip_enabled': False, 'permutation_enabled': False, 'noise_level': 0.0862167991393831, 'crop_size': 0.535677326467042}. Best is trial 92 with value: -0.9479166666666666.
2025-08-15 04:08:31,589 - INFO - Using device: cuda
2025-08-15 04:08:41,602 - INFO - --- Starting Fold 1/3 ---
2025-08-15 04:08:41,604 - INFO - Generated pairs. Train: 1128 (Positive: 48). Val: 276 (Positive: 24)
2025-08-15 04:08:41,604 - INFO - Starting training for fold 1/3
2025-08-15 04:08:52,897 - INFO - Fold 1, Epoch 10: Val Acc: 0.66%
2025-08-15 04:08:59,931 - INFO - Fold 1, Epoch 20: Val Acc: 0.56%
2025-08-15 04:09:04,244 - INFO - Fold 1, Epoch 30: Val Acc: 0.59%
2025-08-15 04:09:06,244 - INFO - Fold 1, Epoch 40: Val Acc: 0.72%
2025-08-15 04:09:08,199 - INFO - Fold 1, Epoch 50: Val Acc: 0.81%
2025-08-15 04:09:10,117 - INFO - Fold 1, Epoch 60: Val Acc: 0.78%
2025-08-15 04:09:12,068 - INFO - Fold 1, Epoch 70: Val Acc: 0.78%
2025-08-15 04:09:14,038 - INFO - Fold 1, Epoch 80: Val Acc: 0.81%
2025-08-15 04:09:15,984 - INFO - Fold 1, Epoch 90: Val Acc: 0.75%
2025-08-15 04:09:17,972 - INFO - Fold 1, Epoch 100: Val Acc: 0.66%
2025-08-15 04:09:19,934 - INFO - Fold 1, Epoch 110: Val Acc: 0.62%
2025-08-15 04:09:21,880 - INFO - Fold 1, Epoch 120: Val Acc: 0.72%
2025-08-15 04:09:22,439 - INFO - Early stopping at epoch 123
2025-08-15 04:09:25,981 - INFO - --- Starting Fold 2/3 ---
2025-08-15 04:09:25,984 - INFO - Generated pairs. Train: 1128 (Positive: 48). Val: 276 (Positive: 24)
2025-08-15 04:09:25,984 - INFO - Starting training for fold 2/3
2025-08-15 04:09:32,664 - INFO - Fold 2, Epoch 10: Val Acc: 0.59%
2025-08-15 04:09:37,820 - INFO - Fold 2, Epoch 20: Val Acc: 0.62%
2025-08-15 04:09:40,116 - INFO - Fold 2, Epoch 30: Val Acc: 0.66%
2025-08-15 04:09:43,837 - INFO - Fold 2, Epoch 40: Val Acc: 0.75%
2025-08-15 04:09:45,948 - INFO - Fold 2, Epoch 50: Val Acc: 0.81%
2025-08-15 04:09:47,952 - INFO - Fold 2, Epoch 60: Val Acc: 0.75%
2025-08-15 04:09:49,824 - INFO - Fold 2, Epoch 70: Val Acc: 0.78%
2025-08-15 04:09:52,145 - INFO - Fold 2, Epoch 80: Val Acc: 0.81%
2025-08-15 04:09:54,451 - INFO - Fold 2, Epoch 90: Val Acc: 0.81%
2025-08-15 04:09:56,769 - INFO - Fold 2, Epoch 100: Val Acc: 0.66%
2025-08-15 04:09:59,094 - INFO - Fold 2, Epoch 110: Val Acc: 0.69%
2025-08-15 04:10:01,404 - INFO - Fold 2, Epoch 120: Val Acc: 0.72%
2025-08-15 04:10:03,716 - INFO - Fold 2, Epoch 130: Val Acc: 0.75%
2025-08-15 04:10:04,395 - INFO - Early stopping at epoch 133
2025-08-15 04:10:07,377 - INFO - --- Starting Fold 3/3 ---
2025-08-15 04:10:07,381 - INFO - Generated pairs. Train: 1128 (Positive: 48). Val: 276 (Positive: 24)
2025-08-15 04:10:07,382 - INFO - Starting training for fold 3/3
2025-08-15 04:10:16,952 - INFO - Fold 3, Epoch 10: Val Acc: 0.50%
2025-08-15 04:10:19,259 - INFO - Fold 3, Epoch 20: Val Acc: 0.69%
2025-08-15 04:10:25,809 - INFO - Fold 3, Epoch 30: Val Acc: 0.69%
2025-08-15 04:10:28,078 - INFO - Fold 3, Epoch 40: Val Acc: 0.75%
2025-08-15 04:10:31,903 - INFO - Fold 3, Epoch 50: Val Acc: 0.69%
2025-08-15 04:10:34,187 - INFO - Fold 3, Epoch 60: Val Acc: 0.75%
2025-08-15 04:10:37,694 - INFO - Fold 3, Epoch 70: Val Acc: 0.62%
2025-08-15 04:10:39,995 - INFO - Fold 3, Epoch 80: Val Acc: 0.78%
2025-08-15 04:10:42,255 - INFO - Fold 3, Epoch 90: Val Acc: 0.62%
2025-08-15 04:10:44,482 - INFO - Fold 3, Epoch 100: Val Acc: 0.69%
2025-08-15 04:10:46,703 - INFO - Fold 3, Epoch 110: Val Acc: 0.62%
2025-08-15 04:10:48,951 - INFO - Fold 3, Epoch 120: Val Acc: 0.88%
2025-08-15 04:10:51,174 - INFO - Fold 3, Epoch 130: Val Acc: 0.66%
2025-08-15 04:10:52,970 - INFO - Fold 3, Epoch 140: Val Acc: 0.72%
2025-08-15 04:10:54,681 - INFO - Fold 3, Epoch 150: Val Acc: 0.66%
2025-08-15 04:10:56,391 - INFO - Fold 3, Epoch 160: Val Acc: 0.88%
2025-08-15 04:10:57,246 - INFO - Early stopping at epoch 165
2025-08-15 04:10:58,272 - INFO - Cross-validation statistics for transformer: {'train_loss': {'mean': np.float64(4.004956695768568), 'std': np.float64(0.03917514262925812)}, 'train_accuracy': {'mean': np.float64(0.7777777777777777), 'std': np.float64(0.017704928866641566)}, 'val_loss': {'mean': np.float64(4.22981611887614), 'std': np.float64(0.07250928802671663)}, 'val_accuracy': {'mean': np.float64(0.90625), 'std': np.float64(0.05103103630798288)}, 'epoch': {'mean': np.float64(39.333333333333336), 'std': np.float64(17.913371790059205)}}
[I 2025-08-15 04:10:58,278] Trial 191 finished with value: -0.90625 and parameters: {'learning_rate': 0.0006909022210274457, 'batch_size': 32, 'num_epochs': 848, 'temperature': 0.33592626895940175, 'embedding_dim': 256, 'hidden_dim': 256, 'dropout': 0.2666559035893618, 'num_layers': 5, 'num_heads': 4, 'noise_enabled': True, 'shift_enabled': False, 'scale_enabled': True, 'crop_enabled': True, 'flip_enabled': False, 'permutation_enabled': False, 'noise_level': 0.06113743455238313, 'crop_size': 0.5267895730635384}. Best is trial 92 with value: -0.9479166666666666.
Actual device being used: cuda
Attempting to load data from: /vol/ecrg-solar/woodj4/fishy-business/data/REIMS.xlsx
Trial 191 finished with value: -0.90625 and parameters: {'learning_rate': 0.0006909022210274457, 'batch_size': 32, 'num_epochs': 848, 'temperature': 0.33592626895940175, 'embedding_dim': 256, 'hidden_dim': 256, 'dropout': 0.2666559035893618, 'num_layers': 5, 'num_heads': 4, 'noise_enabled': True, 'shift_enabled': False, 'scale_enabled': True, 'crop_enabled': True, 'flip_enabled': False, 'permutation_enabled': False, 'noise_level': 0.06113743455238313, 'crop_size': 0.5267895730635384}. Best is trial 92 with value: -0.9479166666666666.
2025-08-15 04:10:58,324 - INFO - Using device: cuda
2025-08-15 04:11:08,066 - INFO - --- Starting Fold 1/3 ---
2025-08-15 04:11:08,068 - INFO - Generated pairs. Train: 1128 (Positive: 48). Val: 276 (Positive: 24)
2025-08-15 04:11:08,068 - INFO - Starting training for fold 1/3
2025-08-15 04:11:19,895 - INFO - Fold 1, Epoch 10: Val Acc: 0.59%
2025-08-15 04:11:24,060 - INFO - Fold 1, Epoch 20: Val Acc: 0.69%
2025-08-15 04:11:25,832 - INFO - Fold 1, Epoch 30: Val Acc: 0.72%
2025-08-15 04:11:30,345 - INFO - Fold 1, Epoch 40: Val Acc: 0.72%
2025-08-15 04:11:34,764 - INFO - Fold 1, Epoch 50: Val Acc: 0.84%
2025-08-15 04:11:37,001 - INFO - Fold 1, Epoch 60: Val Acc: 0.78%
2025-08-15 04:11:39,245 - INFO - Fold 1, Epoch 70: Val Acc: 0.72%
2025-08-15 04:11:41,489 - INFO - Fold 1, Epoch 80: Val Acc: 0.72%
2025-08-15 04:11:43,717 - INFO - Fold 1, Epoch 90: Val Acc: 0.75%
2025-08-15 04:11:45,791 - INFO - Fold 1, Epoch 100: Val Acc: 0.75%
2025-08-15 04:11:48,021 - INFO - Fold 1, Epoch 110: Val Acc: 0.62%
2025-08-15 04:11:50,252 - INFO - Fold 1, Epoch 120: Val Acc: 0.69%
2025-08-15 04:11:52,489 - INFO - Fold 1, Epoch 130: Val Acc: 0.59%
2025-08-15 04:11:54,721 - INFO - Fold 1, Epoch 140: Val Acc: 0.84%
2025-08-15 04:11:55,391 - INFO - Early stopping at epoch 143
2025-08-15 04:11:59,153 - INFO - --- Starting Fold 2/3 ---
2025-08-15 04:11:59,156 - INFO - Generated pairs. Train: 1128 (Positive: 48). Val: 276 (Positive: 24)
2025-08-15 04:11:59,156 - INFO - Starting training for fold 2/3
2025-08-15 04:12:05,812 - INFO - Fold 2, Epoch 10: Val Acc: 0.59%
2025-08-15 04:12:12,039 - INFO - Fold 2, Epoch 20: Val Acc: 0.66%
2025-08-15 04:12:13,878 - INFO - Fold 2, Epoch 30: Val Acc: 0.72%
2025-08-15 04:12:15,705 - INFO - Fold 2, Epoch 40: Val Acc: 0.72%
2025-08-15 04:12:19,290 - INFO - Fold 2, Epoch 50: Val Acc: 0.75%
2025-08-15 04:12:23,026 - INFO - Fold 2, Epoch 60: Val Acc: 0.72%
2025-08-15 04:12:25,339 - INFO - Fold 2, Epoch 70: Val Acc: 0.88%
2025-08-15 04:12:29,876 - INFO - Fold 2, Epoch 80: Val Acc: 0.91%
2025-08-15 04:12:32,060 - INFO - Fold 2, Epoch 90: Val Acc: 0.69%
2025-08-15 04:12:34,190 - INFO - Fold 2, Epoch 100: Val Acc: 0.81%
2025-08-15 04:12:35,904 - INFO - Fold 2, Epoch 110: Val Acc: 0.88%
2025-08-15 04:12:37,620 - INFO - Fold 2, Epoch 120: Val Acc: 0.69%
2025-08-15 04:12:39,429 - INFO - Fold 2, Epoch 130: Val Acc: 0.78%
2025-08-15 04:12:41,655 - INFO - Fold 2, Epoch 140: Val Acc: 0.72%
2025-08-15 04:12:43,877 - INFO - Fold 2, Epoch 150: Val Acc: 0.62%
2025-08-15 04:12:46,099 - INFO - Fold 2, Epoch 160: Val Acc: 0.81%
2025-08-15 04:12:48,324 - INFO - Fold 2, Epoch 170: Val Acc: 0.84%
2025-08-15 04:12:50,555 - INFO - Early stopping at epoch 180
2025-08-15 04:12:51,609 - INFO - --- Starting Fold 3/3 ---
2025-08-15 04:12:51,611 - INFO - Generated pairs. Train: 1128 (Positive: 48). Val: 276 (Positive: 24)
2025-08-15 04:12:51,612 - INFO - Starting training for fold 3/3
2025-08-15 04:12:59,619 - INFO - Fold 3, Epoch 10: Val Acc: 0.66%
2025-08-15 04:13:01,414 - INFO - Fold 3, Epoch 20: Val Acc: 0.69%
2025-08-15 04:13:04,883 - INFO - Fold 3, Epoch 30: Val Acc: 0.81%
2025-08-15 04:13:08,629 - INFO - Fold 3, Epoch 40: Val Acc: 0.62%
2025-08-15 04:13:12,070 - INFO - Fold 3, Epoch 50: Val Acc: 0.84%
2025-08-15 04:13:15,729 - INFO - Fold 3, Epoch 60: Val Acc: 0.84%
2025-08-15 04:13:18,071 - INFO - Fold 3, Epoch 70: Val Acc: 0.91%
2025-08-15 04:13:20,502 - INFO - Fold 3, Epoch 80: Val Acc: 0.69%
2025-08-15 04:13:22,928 - INFO - Fold 3, Epoch 90: Val Acc: 0.81%
2025-08-15 04:13:25,366 - INFO - Fold 3, Epoch 100: Val Acc: 0.72%
2025-08-15 04:13:27,693 - INFO - Fold 3, Epoch 110: Val Acc: 0.78%
2025-08-15 04:13:30,017 - INFO - Fold 3, Epoch 120: Val Acc: 0.75%
2025-08-15 04:13:32,319 - INFO - Fold 3, Epoch 130: Val Acc: 0.72%
2025-08-15 04:13:34,723 - INFO - Fold 3, Epoch 140: Val Acc: 0.62%
2025-08-15 04:13:37,097 - INFO - Fold 3, Epoch 150: Val Acc: 0.62%
2025-08-15 04:13:38,736 - INFO - Early stopping at epoch 157
2025-08-15 04:13:39,764 - INFO - Cross-validation statistics for transformer: {'train_loss': {'mean': np.float64(3.991333325703939), 'std': np.float64(0.026538820304301092)}, 'train_accuracy': {'mean': np.float64(0.78125), 'std': np.float64(0.029462782549439428)}, 'val_loss': {'mean': np.float64(4.2135036786397295), 'std': np.float64(0.038995153781408054)}, 'val_accuracy': {'mean': np.float64(0.9166666666666666), 'std': np.float64(0.01473139127471974)}, 'epoch': {'mean': np.float64(59.0), 'std': np.float64(15.253414918196734)}}
[I 2025-08-15 04:13:39,772] Trial 192 finished with value: -0.9166666666666666 and parameters: {'learning_rate': 0.0006038107264908329, 'batch_size': 32, 'num_epochs': 869, 'temperature': 0.4947272494446876, 'embedding_dim': 256, 'hidden_dim': 256, 'dropout': 0.24566419301132394, 'num_layers': 5, 'num_heads': 4, 'noise_enabled': True, 'shift_enabled': False, 'scale_enabled': True, 'crop_enabled': True, 'flip_enabled': False, 'permutation_enabled': False, 'noise_level': 0.06039295515282384, 'crop_size': 0.5332178209494258}. Best is trial 92 with value: -0.9479166666666666.
Actual device being used: cuda
Attempting to load data from: /vol/ecrg-solar/woodj4/fishy-business/data/REIMS.xlsx
Trial 192 finished with value: -0.9166666666666666 and parameters: {'learning_rate': 0.0006038107264908329, 'batch_size': 32, 'num_epochs': 869, 'temperature': 0.4947272494446876, 'embedding_dim': 256, 'hidden_dim': 256, 'dropout': 0.24566419301132394, 'num_layers': 5, 'num_heads': 4, 'noise_enabled': True, 'shift_enabled': False, 'scale_enabled': True, 'crop_enabled': True, 'flip_enabled': False, 'permutation_enabled': False, 'noise_level': 0.06039295515282384, 'crop_size': 0.5332178209494258}. Best is trial 92 with value: -0.9479166666666666.
2025-08-15 04:13:39,828 - INFO - Using device: cuda
2025-08-15 04:13:49,436 - INFO - --- Starting Fold 1/3 ---
2025-08-15 04:13:49,437 - INFO - Generated pairs. Train: 1128 (Positive: 48). Val: 276 (Positive: 24)
2025-08-15 04:13:49,437 - INFO - Starting training for fold 1/3
2025-08-15 04:13:54,050 - INFO - Fold 1, Epoch 10: Val Acc: 0.59%
2025-08-15 04:13:58,638 - INFO - Fold 1, Epoch 20: Val Acc: 0.69%
2025-08-15 04:14:00,914 - INFO - Fold 1, Epoch 30: Val Acc: 0.62%
2025-08-15 04:14:03,045 - INFO - Fold 1, Epoch 40: Val Acc: 0.66%
2025-08-15 04:14:05,359 - INFO - Fold 1, Epoch 50: Val Acc: 0.75%
2025-08-15 04:14:07,678 - INFO - Fold 1, Epoch 60: Val Acc: 0.69%
2025-08-15 04:14:10,002 - INFO - Fold 1, Epoch 70: Val Acc: 0.72%
2025-08-15 04:14:12,251 - INFO - Fold 1, Epoch 80: Val Acc: 0.75%
2025-08-15 04:14:14,457 - INFO - Fold 1, Epoch 90: Val Acc: 0.62%
2025-08-15 04:14:16,686 - INFO - Fold 1, Epoch 100: Val Acc: 0.69%
2025-08-15 04:14:18,918 - INFO - Fold 1, Epoch 110: Val Acc: 0.69%
2025-08-15 04:14:19,140 - INFO - Early stopping at epoch 111
2025-08-15 04:14:22,831 - INFO - --- Starting Fold 2/3 ---
2025-08-15 04:14:22,834 - INFO - Generated pairs. Train: 1128 (Positive: 48). Val: 276 (Positive: 24)
2025-08-15 04:14:22,835 - INFO - Starting training for fold 2/3
2025-08-15 04:14:30,904 - INFO - Fold 2, Epoch 10: Val Acc: 0.66%
2025-08-15 04:14:33,127 - INFO - Fold 2, Epoch 20: Val Acc: 0.75%
2025-08-15 04:14:36,719 - INFO - Fold 2, Epoch 30: Val Acc: 0.72%
2025-08-15 04:14:38,942 - INFO - Fold 2, Epoch 40: Val Acc: 0.78%
2025-08-15 04:14:41,162 - INFO - Fold 2, Epoch 50: Val Acc: 0.69%
2025-08-15 04:14:44,922 - INFO - Fold 2, Epoch 60: Val Acc: 0.81%
2025-08-15 04:14:48,595 - INFO - Fold 2, Epoch 70: Val Acc: 0.72%
2025-08-15 04:14:50,615 - INFO - Fold 2, Epoch 80: Val Acc: 0.81%
2025-08-15 04:14:52,849 - INFO - Fold 2, Epoch 90: Val Acc: 0.81%
2025-08-15 04:14:55,069 - INFO - Fold 2, Epoch 100: Val Acc: 0.72%
2025-08-15 04:14:57,064 - INFO - Fold 2, Epoch 110: Val Acc: 0.66%
2025-08-15 04:14:59,296 - INFO - Fold 2, Epoch 120: Val Acc: 0.78%
2025-08-15 04:15:01,259 - INFO - Fold 2, Epoch 130: Val Acc: 0.75%
2025-08-15 04:15:03,193 - INFO - Fold 2, Epoch 140: Val Acc: 0.75%
2025-08-15 04:15:05,390 - INFO - Fold 2, Epoch 150: Val Acc: 0.72%
2025-08-15 04:15:07,618 - INFO - Fold 2, Epoch 160: Val Acc: 0.81%
2025-08-15 04:15:08,280 - INFO - Early stopping at epoch 163
2025-08-15 04:15:12,588 - INFO - --- Starting Fold 3/3 ---
2025-08-15 04:15:12,592 - INFO - Generated pairs. Train: 1128 (Positive: 48). Val: 276 (Positive: 24)
2025-08-15 04:15:12,592 - INFO - Starting training for fold 3/3
2025-08-15 04:15:20,702 - INFO - Fold 3, Epoch 10: Val Acc: 0.59%
2025-08-15 04:15:25,650 - INFO - Fold 3, Epoch 20: Val Acc: 0.78%
2025-08-15 04:15:27,506 - INFO - Fold 3, Epoch 30: Val Acc: 0.78%
2025-08-15 04:15:30,812 - INFO - Fold 3, Epoch 40: Val Acc: 0.88%
2025-08-15 04:15:32,806 - INFO - Fold 3, Epoch 50: Val Acc: 0.88%
2025-08-15 04:15:34,885 - INFO - Fold 3, Epoch 60: Val Acc: 0.62%
2025-08-15 04:15:37,101 - INFO - Fold 3, Epoch 70: Val Acc: 0.88%
2025-08-15 04:15:39,311 - INFO - Fold 3, Epoch 80: Val Acc: 0.72%
2025-08-15 04:15:41,528 - INFO - Fold 3, Epoch 90: Val Acc: 0.78%
2025-08-15 04:15:43,748 - INFO - Fold 3, Epoch 100: Val Acc: 0.81%
2025-08-15 04:15:46,000 - INFO - Fold 3, Epoch 110: Val Acc: 0.66%
2025-08-15 04:15:48,271 - INFO - Fold 3, Epoch 120: Val Acc: 0.62%
2025-08-15 04:15:50,498 - INFO - Fold 3, Epoch 130: Val Acc: 0.84%
2025-08-15 04:15:52,269 - INFO - Early stopping at epoch 140
2025-08-15 04:15:53,324 - INFO - Cross-validation statistics for transformer: {'train_loss': {'mean': np.float64(3.964684857262505), 'std': np.float64(0.08438237212310695)}, 'train_accuracy': {'mean': np.float64(0.763888888888889), 'std': np.float64(0.029869184955009107)}, 'val_loss': {'mean': np.float64(4.21916659673055), 'std': np.float64(0.06108198255911119)}, 'val_accuracy': {'mean': np.float64(0.8958333333333334), 'std': np.float64(0.05311478659992484)}, 'epoch': {'mean': np.float64(37.0), 'std': np.float64(21.275964529643932)}}
[I 2025-08-15 04:15:53,330] Trial 193 finished with value: -0.8958333333333334 and parameters: {'learning_rate': 0.000552367675697511, 'batch_size': 32, 'num_epochs': 896, 'temperature': 0.3716123437029744, 'embedding_dim': 256, 'hidden_dim': 256, 'dropout': 0.24788385792268663, 'num_layers': 5, 'num_heads': 4, 'noise_enabled': True, 'shift_enabled': False, 'scale_enabled': True, 'crop_enabled': True, 'flip_enabled': False, 'permutation_enabled': False, 'noise_level': 0.19034933132928616, 'crop_size': 0.7530325906008094}. Best is trial 92 with value: -0.9479166666666666.
Actual device being used: cuda
Attempting to load data from: /vol/ecrg-solar/woodj4/fishy-business/data/REIMS.xlsx
