Trial 24 finished with value: -0.8229166666666666 and parameters: {'learning_rate': 0.00022019747544827962, 'batch_size': 32, 'num_epochs': 638, 'temperature': 0.08354835007581063, 'embedding_dim': 128, 'hidden_dim': 256, 'dropout': 0.39786596324610757, 'num_layers': 2, 'num_heads': 8, 'noise_enabled': True, 'shift_enabled': False, 'scale_enabled': True, 'crop_enabled': True, 'flip_enabled': False, 'permutation_enabled': False, 'noise_level': 0.1269493266591164, 'crop_size': 0.6312201793799115}. Best is trial 9 with value: -0.9270833333333334.
2025-08-14 20:36:08,823 - INFO - Using device: cuda
2025-08-14 20:36:19,189 - INFO - --- Starting Fold 1/3 ---
2025-08-14 20:36:19,190 - INFO - Generated pairs. Train: 1128 (Positive: 48). Val: 276 (Positive: 24)
2025-08-14 20:36:19,190 - INFO - Starting training for fold 1/3
2025-08-14 20:36:26,035 - INFO - Fold 1, Epoch 10: Val Acc: 0.53%
2025-08-14 20:36:30,507 - INFO - Fold 1, Epoch 20: Val Acc: 0.78%
2025-08-14 20:36:35,001 - INFO - Fold 1, Epoch 30: Val Acc: 0.66%
2025-08-14 20:36:37,261 - INFO - Fold 1, Epoch 40: Val Acc: 0.81%
2025-08-14 20:36:39,522 - INFO - Fold 1, Epoch 50: Val Acc: 0.62%
2025-08-14 20:36:41,635 - INFO - Fold 1, Epoch 60: Val Acc: 0.69%
2025-08-14 20:36:43,902 - INFO - Fold 1, Epoch 70: Val Acc: 0.66%
2025-08-14 20:36:46,186 - INFO - Fold 1, Epoch 80: Val Acc: 0.75%
2025-08-14 20:36:48,461 - INFO - Fold 1, Epoch 90: Val Acc: 0.75%
2025-08-14 20:36:50,650 - INFO - Fold 1, Epoch 100: Val Acc: 0.75%
2025-08-14 20:36:52,906 - INFO - Fold 1, Epoch 110: Val Acc: 0.75%
2025-08-14 20:36:55,172 - INFO - Fold 1, Epoch 120: Val Acc: 0.62%
2025-08-14 20:36:56,591 - INFO - Early stopping at epoch 126
2025-08-14 20:37:00,088 - INFO - --- Starting Fold 2/3 ---
2025-08-14 20:37:00,090 - INFO - Generated pairs. Train: 1128 (Positive: 48). Val: 276 (Positive: 24)
2025-08-14 20:37:00,091 - INFO - Starting training for fold 2/3
2025-08-14 20:37:06,799 - INFO - Fold 2, Epoch 10: Val Acc: 0.56%
2025-08-14 20:37:11,736 - INFO - Fold 2, Epoch 20: Val Acc: 0.62%
2025-08-14 20:37:14,009 - INFO - Fold 2, Epoch 30: Val Acc: 0.75%
2025-08-14 20:37:16,283 - INFO - Fold 2, Epoch 40: Val Acc: 0.78%
2025-08-14 20:37:19,976 - INFO - Fold 2, Epoch 50: Val Acc: 0.66%
2025-08-14 20:37:22,246 - INFO - Fold 2, Epoch 60: Val Acc: 0.78%
2025-08-14 20:37:25,922 - INFO - Fold 2, Epoch 70: Val Acc: 0.53%
2025-08-14 20:37:27,867 - INFO - Fold 2, Epoch 80: Val Acc: 0.81%
2025-08-14 20:37:29,601 - INFO - Fold 2, Epoch 90: Val Acc: 0.75%
2025-08-14 20:37:31,537 - INFO - Fold 2, Epoch 100: Val Acc: 0.88%
2025-08-14 20:37:33,792 - INFO - Fold 2, Epoch 110: Val Acc: 0.84%
2025-08-14 20:37:37,453 - INFO - Fold 2, Epoch 120: Val Acc: 0.69%
2025-08-14 20:37:39,721 - INFO - Fold 2, Epoch 130: Val Acc: 0.72%
2025-08-14 20:37:41,998 - INFO - Fold 2, Epoch 140: Val Acc: 0.75%
2025-08-14 20:37:43,966 - INFO - Fold 2, Epoch 150: Val Acc: 0.59%
2025-08-14 20:37:45,909 - INFO - Fold 2, Epoch 160: Val Acc: 0.75%
2025-08-14 20:37:47,848 - INFO - Fold 2, Epoch 170: Val Acc: 0.66%
2025-08-14 20:37:49,768 - INFO - Fold 2, Epoch 180: Val Acc: 0.72%
2025-08-14 20:37:51,681 - INFO - Fold 2, Epoch 190: Val Acc: 0.75%
2025-08-14 20:37:53,651 - INFO - Fold 2, Epoch 200: Val Acc: 0.66%
2025-08-14 20:37:55,592 - INFO - Fold 2, Epoch 210: Val Acc: 0.69%
2025-08-14 20:37:57,163 - INFO - Early stopping at epoch 219
2025-08-14 20:38:00,204 - INFO - --- Starting Fold 3/3 ---
2025-08-14 20:38:00,227 - INFO - Generated pairs. Train: 1128 (Positive: 48). Val: 276 (Positive: 24)
2025-08-14 20:38:00,227 - INFO - Starting training for fold 3/3
2025-08-14 20:38:09,913 - INFO - Fold 3, Epoch 10: Val Acc: 0.62%
2025-08-14 20:38:13,692 - INFO - Fold 3, Epoch 20: Val Acc: 0.62%
2025-08-14 20:38:18,532 - INFO - Fold 3, Epoch 30: Val Acc: 0.75%
2025-08-14 20:38:20,782 - INFO - Fold 3, Epoch 40: Val Acc: 0.56%
2025-08-14 20:38:23,130 - INFO - Fold 3, Epoch 50: Val Acc: 0.75%
2025-08-14 20:38:25,415 - INFO - Fold 3, Epoch 60: Val Acc: 0.84%
2025-08-14 20:38:27,218 - INFO - Fold 3, Epoch 70: Val Acc: 0.78%
2025-08-14 20:38:30,469 - INFO - Fold 3, Epoch 80: Val Acc: 0.88%
2025-08-14 20:38:32,282 - INFO - Fold 3, Epoch 90: Val Acc: 0.75%
2025-08-14 20:38:34,032 - INFO - Fold 3, Epoch 100: Val Acc: 0.66%
2025-08-14 20:38:35,777 - INFO - Fold 3, Epoch 110: Val Acc: 0.84%
2025-08-14 20:38:37,530 - INFO - Fold 3, Epoch 120: Val Acc: 0.72%
2025-08-14 20:38:39,274 - INFO - Fold 3, Epoch 130: Val Acc: 0.78%
2025-08-14 20:38:41,183 - INFO - Fold 3, Epoch 140: Val Acc: 0.66%
2025-08-14 20:38:43,544 - INFO - Fold 3, Epoch 150: Val Acc: 0.66%
2025-08-14 20:38:45,898 - INFO - Fold 3, Epoch 160: Val Acc: 0.62%
2025-08-14 20:38:49,722 - INFO - Fold 3, Epoch 170: Val Acc: 0.59%
2025-08-14 20:38:52,085 - INFO - Fold 3, Epoch 180: Val Acc: 0.69%
2025-08-14 20:38:54,433 - INFO - Fold 3, Epoch 190: Val Acc: 0.88%
2025-08-14 20:38:56,793 - INFO - Fold 3, Epoch 200: Val Acc: 0.69%
2025-08-14 20:38:59,131 - INFO - Fold 3, Epoch 210: Val Acc: 0.69%
2025-08-14 20:39:01,274 - INFO - Fold 3, Epoch 220: Val Acc: 0.81%
2025-08-14 20:39:03,604 - INFO - Fold 3, Epoch 230: Val Acc: 0.66%
2025-08-14 20:39:05,610 - INFO - Fold 3, Epoch 240: Val Acc: 0.69%
2025-08-14 20:39:07,615 - INFO - Fold 3, Epoch 250: Val Acc: 0.62%
2025-08-14 20:39:09,633 - INFO - Fold 3, Epoch 260: Val Acc: 0.69%
2025-08-14 20:39:10,086 - INFO - Early stopping at epoch 262
2025-08-14 20:39:11,143 - INFO - Cross-validation statistics for transformer: {'train_loss': {'mean': np.float64(3.876043452156915), 'std': np.float64(0.11772121949948489)}, 'train_accuracy': {'mean': np.float64(0.7430555555555557), 'std': np.float64(0.06874649261535885)}, 'val_loss': {'mean': np.float64(4.2420417467753095), 'std': np.float64(0.0774372536896673)}, 'val_accuracy': {'mean': np.float64(0.9166666666666666), 'std': np.float64(0.02946278254943948)}, 'epoch': {'mean': np.float64(101.33333333333333), 'std': np.float64(56.75874871379351)}}
[I 2025-08-14 20:39:11,151] Trial 25 finished with value: -0.9166666666666666 and parameters: {'learning_rate': 0.0006456769080588797, 'batch_size': 32, 'num_epochs': 777, 'temperature': 0.3439774834639394, 'embedding_dim': 128, 'hidden_dim': 256, 'dropout': 0.4674775199638847, 'num_layers': 5, 'num_heads': 8, 'noise_enabled': True, 'shift_enabled': False, 'scale_enabled': True, 'crop_enabled': True, 'flip_enabled': False, 'permutation_enabled': False, 'noise_level': 0.17459260164434315, 'crop_size': 0.5347984837854495}. Best is trial 9 with value: -0.9270833333333334.
Actual device being used: cuda
Attempting to load data from: /vol/ecrg-solar/woodj4/fishy-business/data/REIMS.xlsx
Trial 25 finished with value: -0.9166666666666666 and parameters: {'learning_rate': 0.0006456769080588797, 'batch_size': 32, 'num_epochs': 777, 'temperature': 0.3439774834639394, 'embedding_dim': 128, 'hidden_dim': 256, 'dropout': 0.4674775199638847, 'num_layers': 5, 'num_heads': 8, 'noise_enabled': True, 'shift_enabled': False, 'scale_enabled': True, 'crop_enabled': True, 'flip_enabled': False, 'permutation_enabled': False, 'noise_level': 0.17459260164434315, 'crop_size': 0.5347984837854495}. Best is trial 9 with value: -0.9270833333333334.
2025-08-14 20:39:11,180 - INFO - Using device: cuda
2025-08-14 20:39:21,390 - INFO - --- Starting Fold 1/3 ---
2025-08-14 20:39:21,391 - INFO - Generated pairs. Train: 1128 (Positive: 48). Val: 276 (Positive: 24)
2025-08-14 20:39:21,392 - INFO - Starting training for fold 1/3
2025-08-14 20:39:27,542 - INFO - Fold 1, Epoch 10: Val Acc: 0.44%
2025-08-14 20:39:29,654 - INFO - Fold 1, Epoch 20: Val Acc: 0.41%
2025-08-14 20:39:31,757 - INFO - Fold 1, Epoch 30: Val Acc: 0.53%
2025-08-14 20:39:33,884 - INFO - Fold 1, Epoch 40: Val Acc: 0.53%
2025-08-14 20:39:37,876 - INFO - Fold 1, Epoch 50: Val Acc: 0.50%
2025-08-14 20:39:40,042 - INFO - Fold 1, Epoch 60: Val Acc: 0.53%
2025-08-14 20:39:42,202 - INFO - Fold 1, Epoch 70: Val Acc: 0.44%
2025-08-14 20:39:44,369 - INFO - Fold 1, Epoch 80: Val Acc: 0.38%
2025-08-14 20:39:46,546 - INFO - Fold 1, Epoch 90: Val Acc: 0.50%
2025-08-14 20:39:48,804 - INFO - Fold 1, Epoch 100: Val Acc: 0.44%
2025-08-14 20:39:50,857 - INFO - Fold 1, Epoch 110: Val Acc: 0.44%
2025-08-14 20:39:52,713 - INFO - Fold 1, Epoch 120: Val Acc: 0.47%
2025-08-14 20:39:54,549 - INFO - Fold 1, Epoch 130: Val Acc: 0.38%
2025-08-14 20:39:56,636 - INFO - Fold 1, Epoch 140: Val Acc: 0.47%
2025-08-14 20:39:56,871 - INFO - Early stopping at epoch 141
2025-08-14 20:39:59,818 - INFO - --- Starting Fold 2/3 ---
2025-08-14 20:39:59,821 - INFO - Generated pairs. Train: 1128 (Positive: 48). Val: 276 (Positive: 24)
2025-08-14 20:39:59,822 - INFO - Starting training for fold 2/3
2025-08-14 20:40:08,900 - INFO - Fold 2, Epoch 10: Val Acc: 0.47%
2025-08-14 20:40:10,928 - INFO - Fold 2, Epoch 20: Val Acc: 0.47%
2025-08-14 20:40:13,049 - INFO - Fold 2, Epoch 30: Val Acc: 0.50%
2025-08-14 20:40:16,217 - INFO - Fold 2, Epoch 40: Val Acc: 0.53%
2025-08-14 20:40:18,175 - INFO - Fold 2, Epoch 50: Val Acc: 0.62%
2025-08-14 20:40:21,423 - INFO - Fold 2, Epoch 60: Val Acc: 0.47%
2025-08-14 20:40:23,562 - INFO - Fold 2, Epoch 70: Val Acc: 0.59%
2025-08-14 20:40:25,511 - INFO - Fold 2, Epoch 80: Val Acc: 0.50%
2025-08-14 20:40:27,680 - INFO - Fold 2, Epoch 90: Val Acc: 0.59%
2025-08-14 20:40:29,892 - INFO - Fold 2, Epoch 100: Val Acc: 0.50%
2025-08-14 20:40:32,102 - INFO - Fold 2, Epoch 110: Val Acc: 0.59%
2025-08-14 20:40:34,315 - INFO - Fold 2, Epoch 120: Val Acc: 0.47%
2025-08-14 20:40:36,534 - INFO - Fold 2, Epoch 130: Val Acc: 0.56%
2025-08-14 20:40:38,602 - INFO - Fold 2, Epoch 140: Val Acc: 0.47%
2025-08-14 20:40:40,749 - INFO - Fold 2, Epoch 150: Val Acc: 0.47%
2025-08-14 20:40:40,963 - INFO - Early stopping at epoch 151
2025-08-14 20:40:41,920 - INFO - --- Starting Fold 3/3 ---
2025-08-14 20:40:41,921 - INFO - Generated pairs. Train: 1128 (Positive: 48). Val: 276 (Positive: 24)
2025-08-14 20:40:41,922 - INFO - Starting training for fold 3/3
2025-08-14 20:40:50,414 - INFO - Fold 3, Epoch 10: Val Acc: 0.41%
2025-08-14 20:40:52,622 - INFO - Fold 3, Epoch 20: Val Acc: 0.59%
2025-08-14 20:40:54,839 - INFO - Fold 3, Epoch 30: Val Acc: 0.53%
2025-08-14 20:40:56,983 - INFO - Fold 3, Epoch 40: Val Acc: 0.50%
2025-08-14 20:40:59,122 - INFO - Fold 3, Epoch 50: Val Acc: 0.44%
2025-08-14 20:41:01,270 - INFO - Fold 3, Epoch 60: Val Acc: 0.66%
2025-08-14 20:41:03,418 - INFO - Fold 3, Epoch 70: Val Acc: 0.44%
2025-08-14 20:41:05,235 - INFO - Fold 3, Epoch 80: Val Acc: 0.50%
2025-08-14 20:41:07,368 - INFO - Fold 3, Epoch 90: Val Acc: 0.56%
2025-08-14 20:41:09,497 - INFO - Fold 3, Epoch 100: Val Acc: 0.56%
2025-08-14 20:41:11,205 - INFO - Early stopping at epoch 108
2025-08-14 20:41:12,116 - INFO - Cross-validation statistics for transformer: {'train_loss': {'mean': np.float64(4.368350929684109), 'std': np.float64(0.0939032186935982)}, 'train_accuracy': {'mean': np.float64(0.576388888888889), 'std': np.float64(0.03437324630767941)}, 'val_loss': {'mean': np.float64(4.5522074699401855), 'std': np.float64(0.027046499502346177)}, 'val_accuracy': {'mean': np.float64(0.6979166666666666), 'std': np.float64(0.02946278254943948)}, 'epoch': {'mean': np.float64(32.333333333333336), 'std': np.float64(18.372685039360892)}}
[I 2025-08-14 20:41:12,157] Trial 26 finished with value: -0.6979166666666666 and parameters: {'learning_rate': 0.00041082557100710447, 'batch_size': 32, 'num_epochs': 823, 'temperature': 0.11762146618490442, 'embedding_dim': 128, 'hidden_dim': 256, 'dropout': 0.4065678962856345, 'num_layers': 4, 'num_heads': 8, 'noise_enabled': True, 'shift_enabled': False, 'scale_enabled': True, 'crop_enabled': True, 'flip_enabled': False, 'permutation_enabled': True, 'noise_level': 0.15735284710071745, 'crop_size': 0.503652869769149}. Best is trial 9 with value: -0.9270833333333334.
Actual device being used: cuda
Attempting to load data from: /vol/ecrg-solar/woodj4/fishy-business/data/REIMS.xlsx
Trial 26 finished with value: -0.6979166666666666 and parameters: {'learning_rate': 0.00041082557100710447, 'batch_size': 32, 'num_epochs': 823, 'temperature': 0.11762146618490442, 'embedding_dim': 128, 'hidden_dim': 256, 'dropout': 0.4065678962856345, 'num_layers': 4, 'num_heads': 8, 'noise_enabled': True, 'shift_enabled': False, 'scale_enabled': True, 'crop_enabled': True, 'flip_enabled': False, 'permutation_enabled': True, 'noise_level': 0.15735284710071745, 'crop_size': 0.503652869769149}. Best is trial 9 with value: -0.9270833333333334.
2025-08-14 20:41:12,209 - INFO - Using device: cuda
2025-08-14 20:41:22,703 - INFO - --- Starting Fold 1/3 ---
2025-08-14 20:41:22,705 - INFO - Generated pairs. Train: 1128 (Positive: 48). Val: 276 (Positive: 24)
2025-08-14 20:41:22,705 - INFO - Starting training for fold 1/3
/usr/pkg/lib/python3.12/site-packages/torch/optim/lr_scheduler.py:227: UserWarning: Detected call of `lr_scheduler.step()` before `optimizer.step()`. In PyTorch 1.1.0 and later, you should call them in the opposite order: `optimizer.step()` before `lr_scheduler.step()`.  Failure to do this will result in PyTorch skipping the first value of the learning rate schedule. See more details at https://pytorch.org/docs/stable/optim.html#how-to-adjust-learning-rate
  warnings.warn(
2025-08-14 20:41:33,440 - INFO - Fold 1, Epoch 10: Val Acc: 0.56%
2025-08-14 20:41:38,700 - INFO - Fold 1, Epoch 20: Val Acc: 0.69%
2025-08-14 20:41:41,251 - INFO - Fold 1, Epoch 30: Val Acc: 0.69%
2025-08-14 20:41:46,323 - INFO - Fold 1, Epoch 40: Val Acc: 0.69%
2025-08-14 20:41:48,762 - INFO - Fold 1, Epoch 50: Val Acc: 0.75%
2025-08-14 20:41:51,302 - INFO - Fold 1, Epoch 60: Val Acc: 0.69%
2025-08-14 20:41:53,847 - INFO - Fold 1, Epoch 70: Val Acc: 0.59%
2025-08-14 20:41:56,343 - INFO - Fold 1, Epoch 80: Val Acc: 0.69%
2025-08-14 20:41:58,815 - INFO - Fold 1, Epoch 90: Val Acc: 0.72%
2025-08-14 20:42:01,292 - INFO - Fold 1, Epoch 100: Val Acc: 0.62%
2025-08-14 20:42:03,767 - INFO - Fold 1, Epoch 110: Val Acc: 0.53%
2025-08-14 20:42:05,936 - INFO - Fold 1, Epoch 120: Val Acc: 0.66%
2025-08-14 20:42:11,031 - INFO - Fold 1, Epoch 130: Val Acc: 0.69%
2025-08-14 20:42:13,540 - INFO - Fold 1, Epoch 140: Val Acc: 0.75%
2025-08-14 20:42:16,041 - INFO - Fold 1, Epoch 150: Val Acc: 0.66%
2025-08-14 20:42:18,511 - INFO - Fold 1, Epoch 160: Val Acc: 0.56%
2025-08-14 20:42:20,772 - INFO - Fold 1, Epoch 170: Val Acc: 0.62%
2025-08-14 20:42:22,958 - INFO - Fold 1, Epoch 180: Val Acc: 0.59%
2025-08-14 20:42:25,358 - INFO - Fold 1, Epoch 190: Val Acc: 0.66%
2025-08-14 20:42:27,864 - INFO - Fold 1, Epoch 200: Val Acc: 0.78%
2025-08-14 20:42:30,371 - INFO - Fold 1, Epoch 210: Val Acc: 0.69%
2025-08-14 20:42:32,891 - INFO - Fold 1, Epoch 220: Val Acc: 0.59%
2025-08-14 20:42:34,394 - INFO - Early stopping at epoch 226
2025-08-14 20:42:38,466 - INFO - --- Starting Fold 2/3 ---
2025-08-14 20:42:38,469 - INFO - Generated pairs. Train: 1128 (Positive: 48). Val: 276 (Positive: 24)
2025-08-14 20:42:38,469 - INFO - Starting training for fold 2/3
/usr/pkg/lib/python3.12/site-packages/torch/optim/lr_scheduler.py:227: UserWarning: Detected call of `lr_scheduler.step()` before `optimizer.step()`. In PyTorch 1.1.0 and later, you should call them in the opposite order: `optimizer.step()` before `lr_scheduler.step()`.  Failure to do this will result in PyTorch skipping the first value of the learning rate schedule. See more details at https://pytorch.org/docs/stable/optim.html#how-to-adjust-learning-rate
  warnings.warn(
2025-08-14 20:42:47,848 - INFO - Fold 2, Epoch 10: Val Acc: 0.66%
2025-08-14 20:42:50,352 - INFO - Fold 2, Epoch 20: Val Acc: 0.56%
2025-08-14 20:42:52,860 - INFO - Fold 2, Epoch 30: Val Acc: 0.72%
2025-08-14 20:42:56,929 - INFO - Fold 2, Epoch 40: Val Acc: 0.66%
2025-08-14 20:42:59,422 - INFO - Fold 2, Epoch 50: Val Acc: 0.75%
2025-08-14 20:43:01,922 - INFO - Fold 2, Epoch 60: Val Acc: 0.88%
2025-08-14 20:43:04,484 - INFO - Fold 2, Epoch 70: Val Acc: 0.84%
2025-08-14 20:43:07,044 - INFO - Fold 2, Epoch 80: Val Acc: 0.75%
2025-08-14 20:43:09,511 - INFO - Fold 2, Epoch 90: Val Acc: 0.84%
2025-08-14 20:43:11,914 - INFO - Fold 2, Epoch 100: Val Acc: 0.69%
2025-08-14 20:43:16,085 - INFO - Fold 2, Epoch 110: Val Acc: 0.72%
2025-08-14 20:43:18,552 - INFO - Fold 2, Epoch 120: Val Acc: 0.94%
2025-08-14 20:43:20,912 - INFO - Fold 2, Epoch 130: Val Acc: 0.75%
2025-08-14 20:43:23,413 - INFO - Fold 2, Epoch 140: Val Acc: 0.81%
2025-08-14 20:43:25,913 - INFO - Fold 2, Epoch 150: Val Acc: 0.75%
2025-08-14 20:43:28,407 - INFO - Fold 2, Epoch 160: Val Acc: 0.88%
2025-08-14 20:43:30,911 - INFO - Fold 2, Epoch 170: Val Acc: 0.78%
2025-08-14 20:43:33,411 - INFO - Fold 2, Epoch 180: Val Acc: 0.75%
2025-08-14 20:43:35,912 - INFO - Fold 2, Epoch 190: Val Acc: 0.75%
2025-08-14 20:43:40,149 - INFO - Fold 2, Epoch 200: Val Acc: 0.88%
2025-08-14 20:43:42,450 - INFO - Fold 2, Epoch 210: Val Acc: 0.66%
2025-08-14 20:43:44,935 - INFO - Fold 2, Epoch 220: Val Acc: 0.81%
2025-08-14 20:43:47,432 - INFO - Fold 2, Epoch 230: Val Acc: 0.72%
2025-08-14 20:43:49,933 - INFO - Fold 2, Epoch 240: Val Acc: 0.75%
2025-08-14 20:43:52,419 - INFO - Fold 2, Epoch 250: Val Acc: 0.72%
2025-08-14 20:43:54,905 - INFO - Fold 2, Epoch 260: Val Acc: 0.81%
2025-08-14 20:43:57,372 - INFO - Fold 2, Epoch 270: Val Acc: 0.75%
2025-08-14 20:43:59,848 - INFO - Fold 2, Epoch 280: Val Acc: 0.78%
2025-08-14 20:44:02,337 - INFO - Fold 2, Epoch 290: Val Acc: 0.84%
2025-08-14 20:44:02,831 - INFO - Early stopping at epoch 292
2025-08-14 20:44:06,067 - INFO - --- Starting Fold 3/3 ---
2025-08-14 20:44:06,069 - INFO - Generated pairs. Train: 1128 (Positive: 48). Val: 276 (Positive: 24)
2025-08-14 20:44:06,070 - INFO - Starting training for fold 3/3
/usr/pkg/lib/python3.12/site-packages/torch/optim/lr_scheduler.py:227: UserWarning: Detected call of `lr_scheduler.step()` before `optimizer.step()`. In PyTorch 1.1.0 and later, you should call them in the opposite order: `optimizer.step()` before `lr_scheduler.step()`.  Failure to do this will result in PyTorch skipping the first value of the learning rate schedule. See more details at https://pytorch.org/docs/stable/optim.html#how-to-adjust-learning-rate
  warnings.warn(
2025-08-14 20:44:15,300 - INFO - Fold 3, Epoch 10: Val Acc: 0.59%
2025-08-14 20:44:19,320 - INFO - Fold 3, Epoch 20: Val Acc: 0.62%
2025-08-14 20:44:23,350 - INFO - Fold 3, Epoch 30: Val Acc: 0.66%
2025-08-14 20:44:27,659 - INFO - Fold 3, Epoch 40: Val Acc: 0.81%
2025-08-14 20:44:30,223 - INFO - Fold 3, Epoch 50: Val Acc: 0.66%
2025-08-14 20:44:32,799 - INFO - Fold 3, Epoch 60: Val Acc: 0.72%
2025-08-14 20:44:35,379 - INFO - Fold 3, Epoch 70: Val Acc: 0.50%
2025-08-14 20:44:37,778 - INFO - Fold 3, Epoch 80: Val Acc: 0.69%
2025-08-14 20:44:39,945 - INFO - Fold 3, Epoch 90: Val Acc: 0.69%
2025-08-14 20:44:42,203 - INFO - Fold 3, Epoch 100: Val Acc: 0.69%
2025-08-14 20:44:44,391 - INFO - Fold 3, Epoch 110: Val Acc: 0.69%
2025-08-14 20:44:46,576 - INFO - Fold 3, Epoch 120: Val Acc: 0.66%
2025-08-14 20:44:48,759 - INFO - Fold 3, Epoch 130: Val Acc: 0.72%
2025-08-14 20:44:48,971 - INFO - Early stopping at epoch 131
2025-08-14 20:44:50,293 - INFO - Cross-validation statistics for transformer: {'train_loss': {'mean': np.float64(3.7772328853607178), 'std': np.float64(0.17215733128865843)}, 'train_accuracy': {'mean': np.float64(0.8402777777777777), 'std': np.float64(0.0743088005521969)}, 'val_loss': {'mean': np.float64(4.313275496164958), 'std': np.float64(0.12231041875145407)}, 'val_accuracy': {'mean': np.float64(0.8854166666666666), 'std': np.float64(0.05892556509887896)}, 'epoch': {'mean': np.float64(115.33333333333333), 'std': np.float64(66.08244009484585)}}
[I 2025-08-14 20:44:50,306] Trial 27 finished with value: -0.8854166666666666 and parameters: {'learning_rate': 0.00021192033260971922, 'batch_size': 32, 'num_epochs': 924, 'temperature': 0.18940435417109208, 'embedding_dim': 128, 'hidden_dim': 256, 'dropout': 0.34647329757148604, 'num_layers': 6, 'num_heads': 8, 'noise_enabled': True, 'shift_enabled': False, 'scale_enabled': True, 'crop_enabled': True, 'flip_enabled': False, 'permutation_enabled': False, 'noise_level': 0.18088631583986903, 'crop_size': 0.8971980342960614}. Best is trial 9 with value: -0.9270833333333334.
Actual device being used: cuda
Attempting to load data from: /vol/ecrg-solar/woodj4/fishy-business/data/REIMS.xlsx
