[I 2025-08-15 00:20:17,276] Trial 109 finished with value: inf and parameters: {'learning_rate': 0.0005568893604655663, 'batch_size': 64, 'num_epochs': 393, 'temperature': 0.42101351728714853, 'embedding_dim': 128, 'hidden_dim': 256, 'dropout': 0.45334340927686917, 'num_layers': 2, 'num_heads': 8, 'noise_enabled': True, 'shift_enabled': False, 'scale_enabled': True, 'crop_enabled': True, 'flip_enabled': False, 'permutation_enabled': False, 'noise_level': 0.08989670188279061, 'crop_size': 0.5094822660948236}. Best is trial 92 with value: -0.9479166666666666.
Actual device being used: cuda
Attempting to load data from: /vol/ecrg-solar/woodj4/fishy-business/data/REIMS.xlsx
Trial 109 finished with value: inf and parameters: {'learning_rate': 0.0005568893604655663, 'batch_size': 64, 'num_epochs': 393, 'temperature': 0.42101351728714853, 'embedding_dim': 128, 'hidden_dim': 256, 'dropout': 0.45334340927686917, 'num_layers': 2, 'num_heads': 8, 'noise_enabled': True, 'shift_enabled': False, 'scale_enabled': True, 'crop_enabled': True, 'flip_enabled': False, 'permutation_enabled': False, 'noise_level': 0.08989670188279061, 'crop_size': 0.5094822660948236}. Best is trial 92 with value: -0.9479166666666666.
2025-08-15 00:20:17,312 - INFO - Using device: cuda
2025-08-15 00:20:26,974 - INFO - --- Starting Fold 1/3 ---
2025-08-15 00:20:26,975 - INFO - Generated pairs. Train: 1128 (Positive: 48). Val: 276 (Positive: 24)
2025-08-15 00:20:26,975 - INFO - Starting training for fold 1/3
2025-08-15 00:20:31,221 - INFO - Fold 1, Epoch 10: Val Acc: 0.69%
2025-08-15 00:20:32,922 - INFO - Fold 1, Epoch 20: Val Acc: 0.72%
2025-08-15 00:20:34,622 - INFO - Fold 1, Epoch 30: Val Acc: 0.59%
2025-08-15 00:20:36,322 - INFO - Fold 1, Epoch 40: Val Acc: 0.75%
2025-08-15 00:20:40,881 - INFO - Fold 1, Epoch 50: Val Acc: 0.75%
2025-08-15 00:20:43,195 - INFO - Fold 1, Epoch 60: Val Acc: 0.75%
2025-08-15 00:20:47,629 - INFO - Fold 1, Epoch 70: Val Acc: 0.84%
2025-08-15 00:20:49,729 - INFO - Fold 1, Epoch 80: Val Acc: 0.72%
2025-08-15 00:20:51,964 - INFO - Fold 1, Epoch 90: Val Acc: 0.78%
2025-08-15 00:20:54,189 - INFO - Fold 1, Epoch 100: Val Acc: 0.72%
2025-08-15 00:20:56,417 - INFO - Fold 1, Epoch 110: Val Acc: 0.66%
2025-08-15 00:20:58,643 - INFO - Fold 1, Epoch 120: Val Acc: 0.72%
2025-08-15 00:21:02,939 - INFO - Fold 1, Epoch 130: Val Acc: 0.59%
2025-08-15 00:21:04,942 - INFO - Fold 1, Epoch 140: Val Acc: 0.75%
2025-08-15 00:21:07,170 - INFO - Fold 1, Epoch 150: Val Acc: 0.62%
2025-08-15 00:21:09,395 - INFO - Fold 1, Epoch 160: Val Acc: 0.81%
2025-08-15 00:21:11,628 - INFO - Fold 1, Epoch 170: Val Acc: 0.78%
2025-08-15 00:21:13,855 - INFO - Fold 1, Epoch 180: Val Acc: 0.75%
2025-08-15 00:21:16,090 - INFO - Fold 1, Epoch 190: Val Acc: 0.78%
2025-08-15 00:21:18,317 - INFO - Fold 1, Epoch 200: Val Acc: 0.66%
2025-08-15 00:21:20,359 - INFO - Fold 1, Epoch 210: Val Acc: 0.78%
2025-08-15 00:21:22,526 - INFO - Fold 1, Epoch 220: Val Acc: 0.75%
2025-08-15 00:21:22,976 - INFO - Early stopping at epoch 222
2025-08-15 00:21:26,610 - INFO - --- Starting Fold 2/3 ---
2025-08-15 00:21:26,613 - INFO - Generated pairs. Train: 1128 (Positive: 48). Val: 276 (Positive: 24)
2025-08-15 00:21:26,614 - INFO - Starting training for fold 2/3
2025-08-15 00:21:34,713 - INFO - Fold 2, Epoch 10: Val Acc: 0.66%
2025-08-15 00:21:39,791 - INFO - Fold 2, Epoch 20: Val Acc: 0.66%
2025-08-15 00:21:43,352 - INFO - Fold 2, Epoch 30: Val Acc: 0.62%
2025-08-15 00:21:46,756 - INFO - Fold 2, Epoch 40: Val Acc: 0.84%
2025-08-15 00:21:50,485 - INFO - Fold 2, Epoch 50: Val Acc: 0.75%
2025-08-15 00:21:52,699 - INFO - Fold 2, Epoch 60: Val Acc: 0.78%
2025-08-15 00:21:54,911 - INFO - Fold 2, Epoch 70: Val Acc: 0.84%
2025-08-15 00:21:56,957 - INFO - Fold 2, Epoch 80: Val Acc: 0.88%
2025-08-15 00:21:58,662 - INFO - Fold 2, Epoch 90: Val Acc: 0.66%
2025-08-15 00:22:00,369 - INFO - Fold 2, Epoch 100: Val Acc: 0.78%
2025-08-15 00:22:02,076 - INFO - Fold 2, Epoch 110: Val Acc: 0.72%
2025-08-15 00:22:03,786 - INFO - Fold 2, Epoch 120: Val Acc: 0.75%
2025-08-15 00:22:05,492 - INFO - Fold 2, Epoch 130: Val Acc: 0.72%
2025-08-15 00:22:08,611 - INFO - Fold 2, Epoch 140: Val Acc: 0.78%
2025-08-15 00:22:10,324 - INFO - Fold 2, Epoch 150: Val Acc: 0.72%
2025-08-15 00:22:12,032 - INFO - Fold 2, Epoch 160: Val Acc: 0.84%
2025-08-15 00:22:13,742 - INFO - Fold 2, Epoch 170: Val Acc: 0.72%
2025-08-15 00:22:15,436 - INFO - Fold 2, Epoch 180: Val Acc: 0.75%
2025-08-15 00:22:17,146 - INFO - Fold 2, Epoch 190: Val Acc: 0.81%
2025-08-15 00:22:19,167 - INFO - Fold 2, Epoch 200: Val Acc: 0.88%
2025-08-15 00:22:21,397 - INFO - Fold 2, Epoch 210: Val Acc: 0.81%
2025-08-15 00:22:23,622 - INFO - Fold 2, Epoch 220: Val Acc: 0.69%
2025-08-15 00:22:25,851 - INFO - Fold 2, Epoch 230: Val Acc: 0.59%
2025-08-15 00:22:26,070 - INFO - Early stopping at epoch 231
2025-08-15 00:22:29,149 - INFO - --- Starting Fold 3/3 ---
2025-08-15 00:22:29,152 - INFO - Generated pairs. Train: 1128 (Positive: 48). Val: 276 (Positive: 24)
2025-08-15 00:22:29,153 - INFO - Starting training for fold 3/3
2025-08-15 00:22:36,151 - INFO - Fold 3, Epoch 10: Val Acc: 0.59%
2025-08-15 00:22:39,831 - INFO - Fold 3, Epoch 20: Val Acc: 0.69%
2025-08-15 00:22:43,475 - INFO - Fold 3, Epoch 30: Val Acc: 0.69%
2025-08-15 00:22:47,236 - INFO - Fold 3, Epoch 40: Val Acc: 0.75%
2025-08-15 00:22:49,479 - INFO - Fold 3, Epoch 50: Val Acc: 0.69%
2025-08-15 00:22:51,678 - INFO - Fold 3, Epoch 60: Val Acc: 0.62%
2025-08-15 00:22:53,646 - INFO - Fold 3, Epoch 70: Val Acc: 0.78%
2025-08-15 00:22:57,153 - INFO - Fold 3, Epoch 80: Val Acc: 0.56%
2025-08-15 00:22:59,081 - INFO - Fold 3, Epoch 90: Val Acc: 0.66%
2025-08-15 00:23:00,785 - INFO - Fold 3, Epoch 100: Val Acc: 0.75%
2025-08-15 00:23:02,485 - INFO - Fold 3, Epoch 110: Val Acc: 0.62%
2025-08-15 00:23:04,192 - INFO - Fold 3, Epoch 120: Val Acc: 0.81%
2025-08-15 00:23:05,895 - INFO - Fold 3, Epoch 130: Val Acc: 0.66%
2025-08-15 00:23:07,597 - INFO - Fold 3, Epoch 140: Val Acc: 0.62%
2025-08-15 00:23:09,302 - INFO - Fold 3, Epoch 150: Val Acc: 0.62%
2025-08-15 00:23:11,006 - INFO - Fold 3, Epoch 160: Val Acc: 0.62%
2025-08-15 00:23:13,171 - INFO - Fold 3, Epoch 170: Val Acc: 0.72%
2025-08-15 00:23:14,776 - INFO - Early stopping at epoch 177
2025-08-15 00:23:15,826 - INFO - Cross-validation statistics for transformer: {'train_loss': {'mean': np.float64(3.879020426008436), 'std': np.float64(0.0413752467620598)}, 'train_accuracy': {'mean': np.float64(0.8125), 'std': np.float64(0.03897559777889522)}, 'val_loss': {'mean': np.float64(4.323964277903239), 'std': np.float64(0.058873919704057066)}, 'val_accuracy': {'mean': np.float64(0.9166666666666666), 'std': np.float64(0.01473139127471974)}, 'epoch': {'mean': np.float64(109.0), 'std': np.float64(23.62202362203543)}}
[I 2025-08-15 00:23:15,834] Trial 110 finished with value: -0.9166666666666666 and parameters: {'learning_rate': 0.0009150988948425758, 'batch_size': 32, 'num_epochs': 341, 'temperature': 0.3408769438811844, 'embedding_dim': 128, 'hidden_dim': 256, 'dropout': 0.41883080904555775, 'num_layers': 5, 'num_heads': 8, 'noise_enabled': True, 'shift_enabled': False, 'scale_enabled': True, 'crop_enabled': True, 'flip_enabled': False, 'permutation_enabled': False, 'noise_level': 0.0326713504436068, 'crop_size': 0.540773757185998}. Best is trial 92 with value: -0.9479166666666666.
Actual device being used: cuda
Attempting to load data from: /vol/ecrg-solar/woodj4/fishy-business/data/REIMS.xlsx
Trial 110 finished with value: -0.9166666666666666 and parameters: {'learning_rate': 0.0009150988948425758, 'batch_size': 32, 'num_epochs': 341, 'temperature': 0.3408769438811844, 'embedding_dim': 128, 'hidden_dim': 256, 'dropout': 0.41883080904555775, 'num_layers': 5, 'num_heads': 8, 'noise_enabled': True, 'shift_enabled': False, 'scale_enabled': True, 'crop_enabled': True, 'flip_enabled': False, 'permutation_enabled': False, 'noise_level': 0.0326713504436068, 'crop_size': 0.540773757185998}. Best is trial 92 with value: -0.9479166666666666.
2025-08-15 00:23:15,885 - INFO - Using device: cuda
2025-08-15 00:23:25,768 - INFO - --- Starting Fold 1/3 ---
2025-08-15 00:23:25,770 - INFO - Generated pairs. Train: 1128 (Positive: 48). Val: 276 (Positive: 24)
2025-08-15 00:23:25,770 - INFO - Starting training for fold 1/3
2025-08-15 00:23:31,529 - INFO - Fold 1, Epoch 10: Val Acc: 0.53%
2025-08-15 00:23:35,473 - INFO - Fold 1, Epoch 20: Val Acc: 0.59%
2025-08-15 00:23:37,563 - INFO - Fold 1, Epoch 30: Val Acc: 0.56%
2025-08-15 00:23:41,403 - INFO - Fold 1, Epoch 40: Val Acc: 0.66%
2025-08-15 00:23:45,154 - INFO - Fold 1, Epoch 50: Val Acc: 0.84%
2025-08-15 00:23:47,243 - INFO - Fold 1, Epoch 60: Val Acc: 0.69%
2025-08-15 00:23:50,732 - INFO - Fold 1, Epoch 70: Val Acc: 0.75%
2025-08-15 00:23:52,727 - INFO - Fold 1, Epoch 80: Val Acc: 0.75%
2025-08-15 00:23:54,621 - INFO - Fold 1, Epoch 90: Val Acc: 0.75%
2025-08-15 00:23:56,165 - INFO - Fold 1, Epoch 100: Val Acc: 0.62%
2025-08-15 00:23:57,720 - INFO - Fold 1, Epoch 110: Val Acc: 0.69%
2025-08-15 00:23:59,280 - INFO - Fold 1, Epoch 120: Val Acc: 0.62%
2025-08-15 00:24:00,893 - INFO - Fold 1, Epoch 130: Val Acc: 0.62%
2025-08-15 00:24:02,447 - INFO - Fold 1, Epoch 140: Val Acc: 0.59%
2025-08-15 00:24:04,001 - INFO - Fold 1, Epoch 150: Val Acc: 0.69%
2025-08-15 00:24:05,688 - INFO - Fold 1, Epoch 160: Val Acc: 0.62%
2025-08-15 00:24:06,621 - INFO - Early stopping at epoch 166
2025-08-15 00:24:09,467 - INFO - --- Starting Fold 2/3 ---
2025-08-15 00:24:09,469 - INFO - Generated pairs. Train: 1128 (Positive: 48). Val: 276 (Positive: 24)
2025-08-15 00:24:09,470 - INFO - Starting training for fold 2/3
2025-08-15 00:24:17,447 - INFO - Fold 2, Epoch 10: Val Acc: 0.69%
2025-08-15 00:24:22,084 - INFO - Fold 2, Epoch 20: Val Acc: 0.75%
2025-08-15 00:24:24,099 - INFO - Fold 2, Epoch 30: Val Acc: 0.72%
2025-08-15 00:24:27,296 - INFO - Fold 2, Epoch 40: Val Acc: 0.62%
2025-08-15 00:24:30,440 - INFO - Fold 2, Epoch 50: Val Acc: 0.75%
2025-08-15 00:24:32,435 - INFO - Fold 2, Epoch 60: Val Acc: 0.66%
2025-08-15 00:24:34,152 - INFO - Fold 2, Epoch 70: Val Acc: 0.72%
2025-08-15 00:24:35,706 - INFO - Fold 2, Epoch 80: Val Acc: 0.81%
2025-08-15 00:24:37,288 - INFO - Fold 2, Epoch 90: Val Acc: 0.75%
2025-08-15 00:24:39,296 - INFO - Fold 2, Epoch 100: Val Acc: 0.72%
2025-08-15 00:24:40,844 - INFO - Fold 2, Epoch 110: Val Acc: 0.81%
2025-08-15 00:24:42,394 - INFO - Fold 2, Epoch 120: Val Acc: 0.81%
2025-08-15 00:24:44,288 - INFO - Fold 2, Epoch 130: Val Acc: 0.56%
2025-08-15 00:24:46,295 - INFO - Fold 2, Epoch 140: Val Acc: 0.72%
2025-08-15 00:24:47,099 - INFO - Early stopping at epoch 144
2025-08-15 00:24:49,511 - INFO - --- Starting Fold 3/3 ---
2025-08-15 00:24:49,513 - INFO - Generated pairs. Train: 1128 (Positive: 48). Val: 276 (Positive: 24)
2025-08-15 00:24:49,514 - INFO - Starting training for fold 3/3
2025-08-15 00:24:55,319 - INFO - Fold 3, Epoch 10: Val Acc: 0.56%
2025-08-15 00:24:58,457 - INFO - Fold 3, Epoch 20: Val Acc: 0.59%
2025-08-15 00:25:01,777 - INFO - Fold 3, Epoch 30: Val Acc: 0.78%
2025-08-15 00:25:03,804 - INFO - Fold 3, Epoch 40: Val Acc: 0.53%
2025-08-15 00:25:06,888 - INFO - Fold 3, Epoch 50: Val Acc: 0.84%
2025-08-15 00:25:08,956 - INFO - Fold 3, Epoch 60: Val Acc: 0.78%
2025-08-15 00:25:10,964 - INFO - Fold 3, Epoch 70: Val Acc: 0.81%
2025-08-15 00:25:12,780 - INFO - Fold 3, Epoch 80: Val Acc: 0.81%
2025-08-15 00:25:16,413 - INFO - Fold 3, Epoch 90: Val Acc: 0.72%
2025-08-15 00:25:18,442 - INFO - Fold 3, Epoch 100: Val Acc: 0.88%
2025-08-15 00:25:21,669 - INFO - Fold 3, Epoch 110: Val Acc: 0.69%
2025-08-15 00:25:23,754 - INFO - Fold 3, Epoch 120: Val Acc: 0.75%
2025-08-15 00:25:25,821 - INFO - Fold 3, Epoch 130: Val Acc: 0.62%
2025-08-15 00:25:27,701 - INFO - Fold 3, Epoch 140: Val Acc: 0.75%
2025-08-15 00:25:29,351 - INFO - Fold 3, Epoch 150: Val Acc: 0.81%
2025-08-15 00:25:31,138 - INFO - Fold 3, Epoch 160: Val Acc: 0.75%
2025-08-15 00:25:33,175 - INFO - Fold 3, Epoch 170: Val Acc: 0.66%
2025-08-15 00:25:34,961 - INFO - Fold 3, Epoch 180: Val Acc: 0.69%
2025-08-15 00:25:37,010 - INFO - Fold 3, Epoch 190: Val Acc: 0.75%
2025-08-15 00:25:39,041 - INFO - Fold 3, Epoch 200: Val Acc: 0.69%
2025-08-15 00:25:40,507 - INFO - Early stopping at epoch 207
2025-08-15 00:25:41,359 - INFO - Cross-validation statistics for transformer: {'train_loss': {'mean': np.float64(3.9477746751573353), 'std': np.float64(0.023874788307671476)}, 'train_accuracy': {'mean': np.float64(0.7361111111111112), 'std': np.float64(0.009820927516479793)}, 'val_loss': {'mean': np.float64(4.125205198923747), 'std': np.float64(0.0415571756629673)}, 'val_accuracy': {'mean': np.float64(0.8958333333333334), 'std': np.float64(0.01473139127471974)}, 'epoch': {'mean': np.float64(71.33333333333333), 'std': np.float64(26.10661899893503)}}
[I 2025-08-15 00:25:41,365] Trial 111 finished with value: -0.8958333333333334 and parameters: {'learning_rate': 0.0006073454960734368, 'batch_size': 32, 'num_epochs': 913, 'temperature': 0.4063378426654937, 'embedding_dim': 128, 'hidden_dim': 256, 'dropout': 0.43566579424286783, 'num_layers': 4, 'num_heads': 8, 'noise_enabled': True, 'shift_enabled': False, 'scale_enabled': True, 'crop_enabled': True, 'flip_enabled': False, 'permutation_enabled': False, 'noise_level': 0.18657879211648928, 'crop_size': 0.5513081005183934}. Best is trial 92 with value: -0.9479166666666666.
Actual device being used: cuda
Attempting to load data from: /vol/ecrg-solar/woodj4/fishy-business/data/REIMS.xlsx
Trial 111 finished with value: -0.8958333333333334 and parameters: {'learning_rate': 0.0006073454960734368, 'batch_size': 32, 'num_epochs': 913, 'temperature': 0.4063378426654937, 'embedding_dim': 128, 'hidden_dim': 256, 'dropout': 0.43566579424286783, 'num_layers': 4, 'num_heads': 8, 'noise_enabled': True, 'shift_enabled': False, 'scale_enabled': True, 'crop_enabled': True, 'flip_enabled': False, 'permutation_enabled': False, 'noise_level': 0.18657879211648928, 'crop_size': 0.5513081005183934}. Best is trial 92 with value: -0.9479166666666666.
2025-08-15 00:25:41,403 - INFO - Using device: cuda
2025-08-15 00:25:51,052 - INFO - --- Starting Fold 1/3 ---
2025-08-15 00:25:51,054 - INFO - Generated pairs. Train: 1128 (Positive: 48). Val: 276 (Positive: 24)
2025-08-15 00:25:51,054 - INFO - Starting training for fold 1/3
2025-08-15 00:25:58,631 - INFO - Fold 1, Epoch 10: Val Acc: 0.59%
2025-08-15 00:26:04,556 - INFO - Fold 1, Epoch 20: Val Acc: 0.56%
2025-08-15 00:26:06,556 - INFO - Fold 1, Epoch 30: Val Acc: 0.72%
2025-08-15 00:26:10,437 - INFO - Fold 1, Epoch 40: Val Acc: 0.66%
2025-08-15 00:26:12,441 - INFO - Fold 1, Epoch 50: Val Acc: 0.66%
2025-08-15 00:26:14,447 - INFO - Fold 1, Epoch 60: Val Acc: 0.66%
2025-08-15 00:26:16,437 - INFO - Fold 1, Epoch 70: Val Acc: 0.81%
2025-08-15 00:26:18,161 - INFO - Fold 1, Epoch 80: Val Acc: 0.72%
2025-08-15 00:26:19,703 - INFO - Fold 1, Epoch 90: Val Acc: 0.72%
2025-08-15 00:26:21,364 - INFO - Fold 1, Epoch 100: Val Acc: 0.72%
2025-08-15 00:26:23,366 - INFO - Fold 1, Epoch 110: Val Acc: 0.62%
2025-08-15 00:26:24,954 - INFO - Fold 1, Epoch 120: Val Acc: 0.69%
2025-08-15 00:26:26,501 - INFO - Fold 1, Epoch 130: Val Acc: 0.81%
2025-08-15 00:26:26,707 - INFO - Early stopping at epoch 131
2025-08-15 00:26:29,718 - INFO - --- Starting Fold 2/3 ---
2025-08-15 00:26:29,722 - INFO - Generated pairs. Train: 1128 (Positive: 48). Val: 276 (Positive: 24)
2025-08-15 00:26:29,723 - INFO - Starting training for fold 2/3
2025-08-15 00:26:34,131 - INFO - Fold 2, Epoch 10: Val Acc: 0.56%
2025-08-15 00:26:36,142 - INFO - Fold 2, Epoch 20: Val Acc: 0.59%
2025-08-15 00:26:40,542 - INFO - Fold 2, Epoch 30: Val Acc: 0.78%
2025-08-15 00:26:43,606 - INFO - Fold 2, Epoch 40: Val Acc: 0.75%
2025-08-15 00:26:46,936 - INFO - Fold 2, Epoch 50: Val Acc: 0.66%
2025-08-15 00:26:49,033 - INFO - Fold 2, Epoch 60: Val Acc: 0.59%
2025-08-15 00:26:51,127 - INFO - Fold 2, Epoch 70: Val Acc: 0.72%
2025-08-15 00:26:53,232 - INFO - Fold 2, Epoch 80: Val Acc: 0.75%
2025-08-15 00:26:56,457 - INFO - Fold 2, Epoch 90: Val Acc: 0.75%
2025-08-15 00:26:58,182 - INFO - Fold 2, Epoch 100: Val Acc: 0.84%
2025-08-15 00:26:59,832 - INFO - Fold 2, Epoch 110: Val Acc: 0.69%
2025-08-15 00:27:01,483 - INFO - Fold 2, Epoch 120: Val Acc: 0.66%
2025-08-15 00:27:03,132 - INFO - Fold 2, Epoch 130: Val Acc: 0.72%
2025-08-15 00:27:04,784 - INFO - Fold 2, Epoch 140: Val Acc: 0.72%
2025-08-15 00:27:06,431 - INFO - Fold 2, Epoch 150: Val Acc: 0.69%
2025-08-15 00:27:08,399 - INFO - Fold 2, Epoch 160: Val Acc: 0.81%
2025-08-15 00:27:10,488 - INFO - Fold 2, Epoch 170: Val Acc: 0.56%
2025-08-15 00:27:12,519 - INFO - Fold 2, Epoch 180: Val Acc: 0.84%
2025-08-15 00:27:13,922 - INFO - Early stopping at epoch 187
2025-08-15 00:27:14,773 - INFO - --- Starting Fold 3/3 ---
2025-08-15 00:27:14,775 - INFO - Generated pairs. Train: 1128 (Positive: 48). Val: 276 (Positive: 24)
2025-08-15 00:27:14,775 - INFO - Starting training for fold 3/3
2025-08-15 00:27:19,510 - INFO - Fold 3, Epoch 10: Val Acc: 0.59%
2025-08-15 00:27:22,723 - INFO - Fold 3, Epoch 20: Val Acc: 0.53%
2025-08-15 00:27:25,863 - INFO - Fold 3, Epoch 30: Val Acc: 0.72%
2025-08-15 00:27:29,043 - INFO - Fold 3, Epoch 40: Val Acc: 0.78%
2025-08-15 00:27:31,136 - INFO - Fold 3, Epoch 50: Val Acc: 0.72%
2025-08-15 00:27:34,349 - INFO - Fold 3, Epoch 60: Val Acc: 0.69%
2025-08-15 00:27:36,354 - INFO - Fold 3, Epoch 70: Val Acc: 0.75%
2025-08-15 00:27:40,614 - INFO - Fold 3, Epoch 80: Val Acc: 0.91%
2025-08-15 00:27:42,557 - INFO - Fold 3, Epoch 90: Val Acc: 0.75%
2025-08-15 00:27:44,113 - INFO - Fold 3, Epoch 100: Val Acc: 0.66%
2025-08-15 00:27:45,982 - INFO - Fold 3, Epoch 110: Val Acc: 0.75%
2025-08-15 00:27:48,071 - INFO - Fold 3, Epoch 120: Val Acc: 0.78%
2025-08-15 00:27:50,160 - INFO - Fold 3, Epoch 130: Val Acc: 0.81%
2025-08-15 00:27:52,258 - INFO - Fold 3, Epoch 140: Val Acc: 0.88%
2025-08-15 00:27:54,354 - INFO - Fold 3, Epoch 150: Val Acc: 0.78%
2025-08-15 00:27:56,453 - INFO - Fold 3, Epoch 160: Val Acc: 0.69%
2025-08-15 00:27:58,550 - INFO - Fold 3, Epoch 170: Val Acc: 0.75%
2025-08-15 00:28:00,594 - INFO - Early stopping at epoch 180
2025-08-15 00:28:03,203 - INFO - Cross-validation statistics for transformer: {'train_loss': {'mean': np.float64(3.979196018642849), 'std': np.float64(0.05737014506414054)}, 'train_accuracy': {'mean': np.float64(0.7222222222222223), 'std': np.float64(0.024552318791199557)}, 'val_loss': {'mean': np.float64(4.145336945851644), 'std': np.float64(0.08894265517079392)}, 'val_accuracy': {'mean': np.float64(0.8854166666666666), 'std': np.float64(0.01473139127471974)}, 'epoch': {'mean': np.float64(65.0), 'std': np.float64(24.91318258807306)}}
[I 2025-08-15 00:28:03,213] Trial 112 finished with value: -0.8854166666666666 and parameters: {'learning_rate': 0.0004972874605381656, 'batch_size': 32, 'num_epochs': 844, 'temperature': 0.37242221570182243, 'embedding_dim': 128, 'hidden_dim': 256, 'dropout': 0.46468027705287673, 'num_layers': 4, 'num_heads': 8, 'noise_enabled': True, 'shift_enabled': False, 'scale_enabled': True, 'crop_enabled': True, 'flip_enabled': False, 'permutation_enabled': False, 'noise_level': 0.19749583890690717, 'crop_size': 0.5904272079202576}. Best is trial 92 with value: -0.9479166666666666.
Actual device being used: cuda
Attempting to load data from: /vol/ecrg-solar/woodj4/fishy-business/data/REIMS.xlsx
