Trial 158 finished with value: -0.8854166666666666 and parameters: {'learning_rate': 0.000635322303881995, 'batch_size': 32, 'num_epochs': 294, 'temperature': 0.3695676340117491, 'embedding_dim': 256, 'hidden_dim': 128, 'dropout': 0.22179875378098127, 'num_layers': 5, 'num_heads': 2, 'noise_enabled': True, 'shift_enabled': False, 'scale_enabled': True, 'crop_enabled': True, 'flip_enabled': False, 'permutation_enabled': False, 'noise_level': 0.07577166987195783, 'crop_size': 0.5422965975857822}. Best is trial 92 with value: -0.9479166666666666.
2025-08-15 02:42:02,788 - INFO - Using device: cuda
2025-08-15 02:42:12,646 - INFO - --- Starting Fold 1/3 ---
2025-08-15 02:42:12,654 - INFO - Generated pairs. Train: 1128 (Positive: 48). Val: 276 (Positive: 24)
2025-08-15 02:42:12,654 - INFO - Starting training for fold 1/3
2025-08-15 02:42:25,435 - INFO - Fold 1, Epoch 10: Val Acc: 0.50%
2025-08-15 02:42:33,393 - INFO - Fold 1, Epoch 20: Val Acc: 0.67%
2025-08-15 02:42:41,798 - INFO - Fold 1, Epoch 30: Val Acc: 0.73%
2025-08-15 02:42:45,669 - INFO - Fold 1, Epoch 40: Val Acc: 0.73%
2025-08-15 02:42:54,280 - INFO - Fold 1, Epoch 50: Val Acc: 0.77%
2025-08-15 02:42:57,959 - INFO - Fold 1, Epoch 60: Val Acc: 0.71%
2025-08-15 02:43:01,148 - INFO - Fold 1, Epoch 70: Val Acc: 0.71%
2025-08-15 02:43:06,908 - INFO - Fold 1, Epoch 80: Val Acc: 0.71%
2025-08-15 02:43:10,755 - INFO - Fold 1, Epoch 90: Val Acc: 0.67%
2025-08-15 02:43:14,610 - INFO - Fold 1, Epoch 100: Val Acc: 0.71%
2025-08-15 02:43:17,849 - INFO - Fold 1, Epoch 110: Val Acc: 0.60%
2025-08-15 02:43:20,855 - INFO - Fold 1, Epoch 120: Val Acc: 0.77%
2025-08-15 02:43:24,532 - INFO - Fold 1, Epoch 130: Val Acc: 0.71%
2025-08-15 02:43:28,233 - INFO - Fold 1, Epoch 140: Val Acc: 0.58%
2025-08-15 02:43:34,211 - INFO - Fold 1, Epoch 150: Val Acc: 0.67%
2025-08-15 02:43:38,080 - INFO - Fold 1, Epoch 160: Val Acc: 0.75%
2025-08-15 02:43:41,957 - INFO - Fold 1, Epoch 170: Val Acc: 0.65%
2025-08-15 02:43:45,851 - INFO - Fold 1, Epoch 180: Val Acc: 0.67%
2025-08-15 02:43:49,588 - INFO - Fold 1, Epoch 190: Val Acc: 0.69%
2025-08-15 02:43:53,314 - INFO - Fold 1, Epoch 200: Val Acc: 0.73%
2025-08-15 02:43:57,089 - INFO - Fold 1, Epoch 210: Val Acc: 0.69%
2025-08-15 02:44:00,638 - INFO - Fold 1, Epoch 220: Val Acc: 0.62%
2025-08-15 02:44:04,063 - INFO - Fold 1, Epoch 230: Val Acc: 0.69%
2025-08-15 02:44:07,583 - INFO - Fold 1, Epoch 240: Val Acc: 0.77%
2025-08-15 02:44:11,001 - INFO - Early stopping at epoch 249
2025-08-15 02:44:14,637 - INFO - --- Starting Fold 2/3 ---
2025-08-15 02:44:14,640 - INFO - Generated pairs. Train: 1128 (Positive: 48). Val: 276 (Positive: 24)
2025-08-15 02:44:14,640 - INFO - Starting training for fold 2/3
2025-08-15 02:44:25,629 - INFO - Fold 2, Epoch 10: Val Acc: 0.52%
2025-08-15 02:44:32,299 - INFO - Fold 2, Epoch 20: Val Acc: 0.67%
2025-08-15 02:44:36,019 - INFO - Fold 2, Epoch 30: Val Acc: 0.67%
2025-08-15 02:44:40,736 - INFO - Fold 2, Epoch 40: Val Acc: 0.67%
2025-08-15 02:44:44,360 - INFO - Fold 2, Epoch 50: Val Acc: 0.58%
2025-08-15 02:44:49,596 - INFO - Fold 2, Epoch 60: Val Acc: 0.83%
2025-08-15 02:44:53,146 - INFO - Fold 2, Epoch 70: Val Acc: 0.77%
2025-08-15 02:44:56,199 - INFO - Fold 2, Epoch 80: Val Acc: 0.83%
2025-08-15 02:44:59,825 - INFO - Fold 2, Epoch 90: Val Acc: 0.79%
2025-08-15 02:45:03,365 - INFO - Fold 2, Epoch 100: Val Acc: 0.67%
2025-08-15 02:45:06,820 - INFO - Fold 2, Epoch 110: Val Acc: 0.77%
2025-08-15 02:45:10,528 - INFO - Fold 2, Epoch 120: Val Acc: 0.79%
2025-08-15 02:45:14,255 - INFO - Fold 2, Epoch 130: Val Acc: 0.79%
2025-08-15 02:45:17,785 - INFO - Fold 2, Epoch 140: Val Acc: 0.88%
2025-08-15 02:45:21,662 - INFO - Fold 2, Epoch 150: Val Acc: 0.75%
2025-08-15 02:45:23,867 - INFO - Early stopping at epoch 156
2025-08-15 02:45:26,710 - INFO - --- Starting Fold 3/3 ---
2025-08-15 02:45:26,716 - INFO - Generated pairs. Train: 1128 (Positive: 48). Val: 276 (Positive: 24)
2025-08-15 02:45:26,716 - INFO - Starting training for fold 3/3
2025-08-15 02:45:36,568 - INFO - Fold 3, Epoch 10: Val Acc: 0.69%
2025-08-15 02:45:40,130 - INFO - Fold 3, Epoch 20: Val Acc: 0.65%
2025-08-15 02:45:45,158 - INFO - Fold 3, Epoch 30: Val Acc: 0.67%
2025-08-15 02:45:50,061 - INFO - Fold 3, Epoch 40: Val Acc: 0.88%
2025-08-15 02:45:53,128 - INFO - Fold 3, Epoch 50: Val Acc: 0.81%
2025-08-15 02:45:56,861 - INFO - Fold 3, Epoch 60: Val Acc: 0.73%
2025-08-15 02:46:00,210 - INFO - Fold 3, Epoch 70: Val Acc: 0.69%
2025-08-15 02:46:05,498 - INFO - Fold 3, Epoch 80: Val Acc: 0.77%
2025-08-15 02:46:09,210 - INFO - Fold 3, Epoch 90: Val Acc: 0.81%
2025-08-15 02:46:12,753 - INFO - Fold 3, Epoch 100: Val Acc: 0.69%
2025-08-15 02:46:16,005 - INFO - Fold 3, Epoch 110: Val Acc: 0.79%
2025-08-15 02:46:18,659 - INFO - Fold 3, Epoch 120: Val Acc: 0.73%
2025-08-15 02:46:21,486 - INFO - Fold 3, Epoch 130: Val Acc: 0.67%
2025-08-15 02:46:24,139 - INFO - Fold 3, Epoch 140: Val Acc: 0.77%
2025-08-15 02:46:27,536 - INFO - Fold 3, Epoch 150: Val Acc: 0.81%
2025-08-15 02:46:31,102 - INFO - Fold 3, Epoch 160: Val Acc: 0.75%
2025-08-15 02:46:34,278 - INFO - Fold 3, Epoch 170: Val Acc: 0.56%
2025-08-15 02:46:36,262 - INFO - Early stopping at epoch 176
2025-08-15 02:46:39,274 - INFO - Cross-validation statistics for transformer: {'train_loss': {'mean': np.float64(3.1767751508288913), 'std': np.float64(0.018665993661743617)}, 'train_accuracy': {'mean': np.float64(0.763888888888889), 'std': np.float64(0.029869184955009058)}, 'val_loss': {'mean': np.float64(3.4899327490064835), 'std': np.float64(0.08928813245488311)}, 'val_accuracy': {'mean': np.float64(0.875), 'std': np.float64(0.01701034543599428)}, 'epoch': {'mean': np.float64(92.66666666666667), 'std': np.float64(39.96943276499625)}}
[I 2025-08-15 02:46:39,287] Trial 159 finished with value: -0.875 and parameters: {'learning_rate': 0.00030082763127747277, 'batch_size': 16, 'num_epochs': 286, 'temperature': 0.3564186725272273, 'embedding_dim': 256, 'hidden_dim': 512, 'dropout': 0.2001670801805758, 'num_layers': 5, 'num_heads': 2, 'noise_enabled': False, 'shift_enabled': False, 'scale_enabled': True, 'crop_enabled': True, 'flip_enabled': False, 'permutation_enabled': False, 'crop_size': 0.5516804095723196}. Best is trial 92 with value: -0.9479166666666666.
Actual device being used: cuda
Attempting to load data from: /vol/ecrg-solar/woodj4/fishy-business/data/REIMS.xlsx
Trial 159 finished with value: -0.875 and parameters: {'learning_rate': 0.00030082763127747277, 'batch_size': 16, 'num_epochs': 286, 'temperature': 0.3564186725272273, 'embedding_dim': 256, 'hidden_dim': 512, 'dropout': 0.2001670801805758, 'num_layers': 5, 'num_heads': 2, 'noise_enabled': False, 'shift_enabled': False, 'scale_enabled': True, 'crop_enabled': True, 'flip_enabled': False, 'permutation_enabled': False, 'crop_size': 0.5516804095723196}. Best is trial 92 with value: -0.9479166666666666.
2025-08-15 02:46:39,377 - INFO - Using device: cuda
2025-08-15 02:46:49,269 - INFO - --- Starting Fold 1/3 ---
2025-08-15 02:46:49,271 - INFO - Generated pairs. Train: 1128 (Positive: 48). Val: 276 (Positive: 24)
2025-08-15 02:46:49,271 - WARNING - Fold 1 has insufficient pairs to form a batch. Skipping.
2025-08-15 02:46:49,271 - INFO - --- Starting Fold 2/3 ---
2025-08-15 02:46:49,272 - INFO - Generated pairs. Train: 1128 (Positive: 48). Val: 276 (Positive: 24)
2025-08-15 02:46:49,273 - WARNING - Fold 2 has insufficient pairs to form a batch. Skipping.
2025-08-15 02:46:49,273 - INFO - --- Starting Fold 3/3 ---
2025-08-15 02:46:49,274 - INFO - Generated pairs. Train: 1128 (Positive: 48). Val: 276 (Positive: 24)
2025-08-15 02:46:49,274 - WARNING - Fold 3 has insufficient pairs to form a batch. Skipping.
2025-08-15 02:46:49,274 - WARNING - No folds completed successfully to aggregate metrics.
[I 2025-08-15 02:46:49,276] Trial 160 finished with value: inf and parameters: {'learning_rate': 0.0005051124984942462, 'batch_size': 64, 'num_epochs': 242, 'temperature': 0.31458444540680747, 'embedding_dim': 512, 'hidden_dim': 256, 'dropout': 0.19300289621719538, 'num_layers': 5, 'num_heads': 2, 'noise_enabled': True, 'shift_enabled': False, 'scale_enabled': False, 'crop_enabled': True, 'flip_enabled': False, 'permutation_enabled': False, 'noise_level': 0.06741173330239278, 'crop_size': 0.5320357219373912}. Best is trial 92 with value: -0.9479166666666666.
Actual device being used: cuda
Attempting to load data from: /vol/ecrg-solar/woodj4/fishy-business/data/REIMS.xlsx
Trial 160 finished with value: inf and parameters: {'learning_rate': 0.0005051124984942462, 'batch_size': 64, 'num_epochs': 242, 'temperature': 0.31458444540680747, 'embedding_dim': 512, 'hidden_dim': 256, 'dropout': 0.19300289621719538, 'num_layers': 5, 'num_heads': 2, 'noise_enabled': True, 'shift_enabled': False, 'scale_enabled': False, 'crop_enabled': True, 'flip_enabled': False, 'permutation_enabled': False, 'noise_level': 0.06741173330239278, 'crop_size': 0.5320357219373912}. Best is trial 92 with value: -0.9479166666666666.
2025-08-15 02:46:49,319 - INFO - Using device: cuda
2025-08-15 02:46:59,216 - INFO - --- Starting Fold 1/3 ---
2025-08-15 02:46:59,218 - INFO - Generated pairs. Train: 1128 (Positive: 48). Val: 276 (Positive: 24)
2025-08-15 02:46:59,218 - INFO - Starting training for fold 1/3
2025-08-15 02:47:10,526 - INFO - Fold 1, Epoch 10: Val Acc: 0.53%
2025-08-15 02:47:12,828 - INFO - Fold 1, Epoch 20: Val Acc: 0.62%
2025-08-15 02:47:17,387 - INFO - Fold 1, Epoch 30: Val Acc: 0.66%
2025-08-15 02:47:23,561 - INFO - Fold 1, Epoch 40: Val Acc: 0.78%
2025-08-15 02:47:25,518 - INFO - Fold 1, Epoch 50: Val Acc: 0.69%
2025-08-15 02:47:29,903 - INFO - Fold 1, Epoch 60: Val Acc: 0.91%
2025-08-15 02:47:31,938 - INFO - Fold 1, Epoch 70: Val Acc: 0.78%
2025-08-15 02:47:34,180 - INFO - Fold 1, Epoch 80: Val Acc: 0.62%
2025-08-15 02:47:36,426 - INFO - Fold 1, Epoch 90: Val Acc: 0.69%
2025-08-15 02:47:38,669 - INFO - Fold 1, Epoch 100: Val Acc: 0.72%
2025-08-15 02:47:40,915 - INFO - Fold 1, Epoch 110: Val Acc: 0.69%
2025-08-15 02:47:43,144 - INFO - Fold 1, Epoch 120: Val Acc: 0.81%
2025-08-15 02:47:45,392 - INFO - Fold 1, Epoch 130: Val Acc: 0.75%
2025-08-15 02:47:47,605 - INFO - Fold 1, Epoch 140: Val Acc: 0.81%
2025-08-15 02:47:49,838 - INFO - Fold 1, Epoch 150: Val Acc: 0.59%
2025-08-15 02:47:50,726 - INFO - Early stopping at epoch 154
2025-08-15 02:47:54,177 - INFO - --- Starting Fold 2/3 ---
2025-08-15 02:47:54,180 - INFO - Generated pairs. Train: 1128 (Positive: 48). Val: 276 (Positive: 24)
2025-08-15 02:47:54,181 - INFO - Starting training for fold 2/3
2025-08-15 02:48:00,916 - INFO - Fold 2, Epoch 10: Val Acc: 0.66%
2025-08-15 02:48:06,019 - INFO - Fold 2, Epoch 20: Val Acc: 0.66%
2025-08-15 02:48:08,252 - INFO - Fold 2, Epoch 30: Val Acc: 0.72%
2025-08-15 02:48:12,545 - INFO - Fold 2, Epoch 40: Val Acc: 0.75%
2025-08-15 02:48:14,765 - INFO - Fold 2, Epoch 50: Val Acc: 0.78%
2025-08-15 02:48:16,980 - INFO - Fold 2, Epoch 60: Val Acc: 0.69%
2025-08-15 02:48:20,637 - INFO - Fold 2, Epoch 70: Val Acc: 0.84%
2025-08-15 02:48:22,942 - INFO - Fold 2, Epoch 80: Val Acc: 0.75%
2025-08-15 02:48:25,244 - INFO - Fold 2, Epoch 90: Val Acc: 0.78%
2025-08-15 02:48:27,541 - INFO - Fold 2, Epoch 100: Val Acc: 0.84%
2025-08-15 02:48:29,861 - INFO - Fold 2, Epoch 110: Val Acc: 0.81%
2025-08-15 02:48:32,176 - INFO - Fold 2, Epoch 120: Val Acc: 0.75%
2025-08-15 02:48:34,496 - INFO - Fold 2, Epoch 130: Val Acc: 0.81%
2025-08-15 02:48:36,825 - INFO - Fold 2, Epoch 140: Val Acc: 0.84%
2025-08-15 02:48:39,142 - INFO - Fold 2, Epoch 150: Val Acc: 0.72%
2025-08-15 02:48:41,450 - INFO - Fold 2, Epoch 160: Val Acc: 0.84%
2025-08-15 02:48:43,299 - INFO - Early stopping at epoch 168
2025-08-15 02:48:44,358 - INFO - --- Starting Fold 3/3 ---
2025-08-15 02:48:44,360 - INFO - Generated pairs. Train: 1128 (Positive: 48). Val: 276 (Positive: 24)
2025-08-15 02:48:44,361 - INFO - Starting training for fold 3/3
2025-08-15 02:48:49,751 - INFO - Fold 3, Epoch 10: Val Acc: 0.56%
2025-08-15 02:48:56,455 - INFO - Fold 3, Epoch 20: Val Acc: 0.72%
2025-08-15 02:48:58,690 - INFO - Fold 3, Epoch 30: Val Acc: 0.66%
2025-08-15 02:49:00,918 - INFO - Fold 3, Epoch 40: Val Acc: 0.78%
2025-08-15 02:49:03,146 - INFO - Fold 3, Epoch 50: Val Acc: 0.69%
2025-08-15 02:49:05,383 - INFO - Fold 3, Epoch 60: Val Acc: 0.75%
2025-08-15 02:49:10,448 - INFO - Fold 3, Epoch 70: Val Acc: 0.69%
2025-08-15 02:49:12,676 - INFO - Fold 3, Epoch 80: Val Acc: 0.75%
2025-08-15 02:49:14,889 - INFO - Fold 3, Epoch 90: Val Acc: 0.81%
2025-08-15 02:49:17,106 - INFO - Fold 3, Epoch 100: Val Acc: 0.69%
2025-08-15 02:49:19,329 - INFO - Fold 3, Epoch 110: Val Acc: 0.66%
2025-08-15 02:49:21,551 - INFO - Fold 3, Epoch 120: Val Acc: 0.84%
2025-08-15 02:49:23,778 - INFO - Fold 3, Epoch 130: Val Acc: 0.69%
2025-08-15 02:49:26,001 - INFO - Fold 3, Epoch 140: Val Acc: 0.62%
2025-08-15 02:49:28,223 - INFO - Fold 3, Epoch 150: Val Acc: 0.75%
2025-08-15 02:49:30,455 - INFO - Fold 3, Epoch 160: Val Acc: 0.75%
2025-08-15 02:49:32,453 - INFO - Early stopping at epoch 169
2025-08-15 02:49:33,511 - INFO - Cross-validation statistics for transformer: {'train_loss': {'mean': np.float64(3.9778229660458035), 'std': np.float64(0.02125004456718811)}, 'train_accuracy': {'mean': np.float64(0.7569444444444443), 'std': np.float64(0.009820927516479791)}, 'val_loss': {'mean': np.float64(4.231248060862224), 'std': np.float64(0.0502717161475984)}, 'val_accuracy': {'mean': np.float64(0.90625), 'std': np.float64(0.0)}, 'epoch': {'mean': np.float64(62.666666666666664), 'std': np.float64(6.847546194724712)}}
[I 2025-08-15 02:49:33,518] Trial 161 finished with value: -0.90625 and parameters: {'learning_rate': 0.0004755499797919654, 'batch_size': 32, 'num_epochs': 903, 'temperature': 0.335396001833536, 'embedding_dim': 256, 'hidden_dim': 256, 'dropout': 0.18749896671529545, 'num_layers': 5, 'num_heads': 2, 'noise_enabled': True, 'shift_enabled': False, 'scale_enabled': True, 'crop_enabled': True, 'flip_enabled': False, 'permutation_enabled': False, 'noise_level': 0.0717528502379891, 'crop_size': 0.5397947901597949}. Best is trial 92 with value: -0.9479166666666666.
Actual device being used: cuda
Attempting to load data from: /vol/ecrg-solar/woodj4/fishy-business/data/REIMS.xlsx
Trial 161 finished with value: -0.90625 and parameters: {'learning_rate': 0.0004755499797919654, 'batch_size': 32, 'num_epochs': 903, 'temperature': 0.335396001833536, 'embedding_dim': 256, 'hidden_dim': 256, 'dropout': 0.18749896671529545, 'num_layers': 5, 'num_heads': 2, 'noise_enabled': True, 'shift_enabled': False, 'scale_enabled': True, 'crop_enabled': True, 'flip_enabled': False, 'permutation_enabled': False, 'noise_level': 0.0717528502379891, 'crop_size': 0.5397947901597949}. Best is trial 92 with value: -0.9479166666666666.
2025-08-15 02:49:33,560 - INFO - Using device: cuda
2025-08-15 02:49:43,410 - INFO - --- Starting Fold 1/3 ---
2025-08-15 02:49:43,411 - INFO - Generated pairs. Train: 1128 (Positive: 48). Val: 276 (Positive: 24)
2025-08-15 02:49:43,411 - INFO - Starting training for fold 1/3
2025-08-15 02:49:54,995 - INFO - Fold 1, Epoch 10: Val Acc: 0.56%
2025-08-15 02:50:01,581 - INFO - Fold 1, Epoch 20: Val Acc: 0.62%
2025-08-15 02:50:03,311 - INFO - Fold 1, Epoch 30: Val Acc: 0.66%
2025-08-15 02:50:07,944 - INFO - Fold 1, Epoch 40: Val Acc: 0.78%
2025-08-15 02:50:12,447 - INFO - Fold 1, Epoch 50: Val Acc: 0.72%
2025-08-15 02:50:14,521 - INFO - Fold 1, Epoch 60: Val Acc: 0.72%
2025-08-15 02:50:16,651 - INFO - Fold 1, Epoch 70: Val Acc: 0.78%
2025-08-15 02:50:18,752 - INFO - Fold 1, Epoch 80: Val Acc: 0.72%
2025-08-15 02:50:21,060 - INFO - Fold 1, Epoch 90: Val Acc: 0.72%
2025-08-15 02:50:23,373 - INFO - Fold 1, Epoch 100: Val Acc: 0.69%
2025-08-15 02:50:25,682 - INFO - Fold 1, Epoch 110: Val Acc: 0.62%
2025-08-15 02:50:27,998 - INFO - Fold 1, Epoch 120: Val Acc: 0.72%
2025-08-15 02:50:30,322 - INFO - Fold 1, Epoch 130: Val Acc: 0.69%
2025-08-15 02:50:32,237 - INFO - Fold 1, Epoch 140: Val Acc: 0.66%
2025-08-15 02:50:32,600 - INFO - Early stopping at epoch 142
2025-08-15 02:50:36,246 - INFO - --- Starting Fold 2/3 ---
2025-08-15 02:50:36,248 - INFO - Generated pairs. Train: 1128 (Positive: 48). Val: 276 (Positive: 24)
2025-08-15 02:50:36,248 - INFO - Starting training for fold 2/3
2025-08-15 02:50:44,272 - INFO - Fold 2, Epoch 10: Val Acc: 0.59%
2025-08-15 02:50:49,117 - INFO - Fold 2, Epoch 20: Val Acc: 0.69%
2025-08-15 02:50:53,892 - INFO - Fold 2, Epoch 30: Val Acc: 0.84%
2025-08-15 02:50:56,211 - INFO - Fold 2, Epoch 40: Val Acc: 0.81%
2025-08-15 02:50:58,475 - INFO - Fold 2, Epoch 50: Val Acc: 0.69%
2025-08-15 02:51:02,227 - INFO - Fold 2, Epoch 60: Val Acc: 0.75%
2025-08-15 02:51:04,471 - INFO - Fold 2, Epoch 70: Val Acc: 0.75%
2025-08-15 02:51:06,711 - INFO - Fold 2, Epoch 80: Val Acc: 0.75%
2025-08-15 02:51:08,948 - INFO - Fold 2, Epoch 90: Val Acc: 0.72%
2025-08-15 02:51:11,173 - INFO - Fold 2, Epoch 100: Val Acc: 0.91%
2025-08-15 02:51:13,402 - INFO - Fold 2, Epoch 110: Val Acc: 0.75%
2025-08-15 02:51:15,458 - INFO - Fold 2, Epoch 120: Val Acc: 0.81%
2025-08-15 02:51:17,697 - INFO - Fold 2, Epoch 130: Val Acc: 0.84%
2025-08-15 02:51:19,932 - INFO - Fold 2, Epoch 140: Val Acc: 0.84%
2025-08-15 02:51:22,153 - INFO - Fold 2, Epoch 150: Val Acc: 0.62%
2025-08-15 02:51:22,605 - INFO - Early stopping at epoch 152
2025-08-15 02:51:25,506 - INFO - --- Starting Fold 3/3 ---
2025-08-15 02:51:25,508 - INFO - Generated pairs. Train: 1128 (Positive: 48). Val: 276 (Positive: 24)
2025-08-15 02:51:25,508 - INFO - Starting training for fold 3/3
2025-08-15 02:51:33,670 - INFO - Fold 3, Epoch 10: Val Acc: 0.72%
2025-08-15 02:51:35,953 - INFO - Fold 3, Epoch 20: Val Acc: 0.66%
2025-08-15 02:51:40,981 - INFO - Fold 3, Epoch 30: Val Acc: 0.66%
2025-08-15 02:51:44,622 - INFO - Fold 3, Epoch 40: Val Acc: 0.75%
2025-08-15 02:51:46,917 - INFO - Fold 3, Epoch 50: Val Acc: 0.69%
2025-08-15 02:51:50,430 - INFO - Fold 3, Epoch 60: Val Acc: 0.72%
2025-08-15 02:51:52,492 - INFO - Fold 3, Epoch 70: Val Acc: 0.78%
2025-08-15 02:51:54,245 - INFO - Fold 3, Epoch 80: Val Acc: 0.69%
2025-08-15 02:51:55,957 - INFO - Fold 3, Epoch 90: Val Acc: 0.69%
2025-08-15 02:51:57,669 - INFO - Fold 3, Epoch 100: Val Acc: 0.62%
2025-08-15 02:51:59,381 - INFO - Fold 3, Epoch 110: Val Acc: 0.75%
2025-08-15 02:52:01,340 - INFO - Fold 3, Epoch 120: Val Acc: 0.81%
2025-08-15 02:52:03,265 - INFO - Fold 3, Epoch 130: Val Acc: 0.78%
2025-08-15 02:52:06,883 - INFO - Fold 3, Epoch 140: Val Acc: 0.81%
2025-08-15 02:52:09,038 - INFO - Fold 3, Epoch 150: Val Acc: 0.66%
2025-08-15 02:52:11,192 - INFO - Fold 3, Epoch 160: Val Acc: 0.72%
2025-08-15 02:52:13,412 - INFO - Fold 3, Epoch 170: Val Acc: 0.81%
2025-08-15 02:52:15,610 - INFO - Fold 3, Epoch 180: Val Acc: 0.72%
2025-08-15 02:52:17,826 - INFO - Fold 3, Epoch 190: Val Acc: 0.69%
2025-08-15 02:52:20,045 - INFO - Fold 3, Epoch 200: Val Acc: 0.69%
2025-08-15 02:52:22,322 - INFO - Fold 3, Epoch 210: Val Acc: 0.62%
2025-08-15 02:52:24,621 - INFO - Fold 3, Epoch 220: Val Acc: 0.84%
2025-08-15 02:52:26,884 - INFO - Fold 3, Epoch 230: Val Acc: 0.81%
2025-08-15 02:52:27,576 - INFO - Early stopping at epoch 233
2025-08-15 02:52:30,512 - INFO - Cross-validation statistics for transformer: {'train_loss': {'mean': np.float64(3.929288996590509), 'std': np.float64(0.044051199382063644)}, 'train_accuracy': {'mean': np.float64(0.8020833333333334), 'std': np.float64(0.05953620902598007)}, 'val_loss': {'mean': np.float64(4.195286750793457), 'std': np.float64(0.07849153149237857)}, 'val_accuracy': {'mean': np.float64(0.8958333333333334), 'std': np.float64(0.06421264586426018)}, 'epoch': {'mean': np.float64(74.66666666666667), 'std': np.float64(40.74582459862878)}}
[I 2025-08-15 02:52:30,519] Trial 162 finished with value: -0.8958333333333334 and parameters: {'learning_rate': 0.0005882064152125671, 'batch_size': 32, 'num_epochs': 876, 'temperature': 0.36553289966203945, 'embedding_dim': 256, 'hidden_dim': 256, 'dropout': 0.15008606630912477, 'num_layers': 5, 'num_heads': 2, 'noise_enabled': True, 'shift_enabled': False, 'scale_enabled': True, 'crop_enabled': True, 'flip_enabled': False, 'permutation_enabled': False, 'noise_level': 0.08139671461539522, 'crop_size': 0.5654817952459813}. Best is trial 92 with value: -0.9479166666666666.
Actual device being used: cuda
Attempting to load data from: /vol/ecrg-solar/woodj4/fishy-business/data/REIMS.xlsx
