Trial 74 finished with value: -0.8645833333333334 and parameters: {'learning_rate': 0.00011952366665055053, 'batch_size': 32, 'num_epochs': 904, 'temperature': 0.4596968892673704, 'embedding_dim': 128, 'hidden_dim': 256, 'dropout': 0.43816454214243966, 'num_layers': 5, 'num_heads': 8, 'noise_enabled': True, 'shift_enabled': False, 'scale_enabled': True, 'crop_enabled': True, 'flip_enabled': False, 'permutation_enabled': False, 'noise_level': 0.19095005874710871, 'crop_size': 0.5003663084414757}. Best is trial 9 with value: -0.9270833333333334.
2025-08-14 22:41:54,653 - INFO - Using device: cuda
2025-08-14 22:42:04,630 - INFO - --- Starting Fold 1/3 ---
2025-08-14 22:42:04,632 - INFO - Generated pairs. Train: 1128 (Positive: 48). Val: 276 (Positive: 24)
2025-08-14 22:42:04,632 - INFO - Starting training for fold 1/3
2025-08-14 22:42:15,559 - INFO - Fold 1, Epoch 10: Val Acc: 0.56%
2025-08-14 22:42:19,618 - INFO - Fold 1, Epoch 20: Val Acc: 0.59%
2025-08-14 22:42:23,905 - INFO - Fold 1, Epoch 30: Val Acc: 0.62%
2025-08-14 22:42:25,888 - INFO - Fold 1, Epoch 40: Val Acc: 0.75%
2025-08-14 22:42:30,450 - INFO - Fold 1, Epoch 50: Val Acc: 0.66%
2025-08-14 22:42:32,693 - INFO - Fold 1, Epoch 60: Val Acc: 0.72%
2025-08-14 22:42:34,929 - INFO - Fold 1, Epoch 70: Val Acc: 0.72%
2025-08-14 22:42:39,268 - INFO - Fold 1, Epoch 80: Val Acc: 0.59%
2025-08-14 22:42:41,513 - INFO - Fold 1, Epoch 90: Val Acc: 0.78%
2025-08-14 22:42:43,320 - INFO - Fold 1, Epoch 100: Val Acc: 0.69%
2025-08-14 22:42:45,498 - INFO - Fold 1, Epoch 110: Val Acc: 0.62%
2025-08-14 22:42:47,622 - INFO - Fold 1, Epoch 120: Val Acc: 0.62%
2025-08-14 22:42:49,853 - INFO - Fold 1, Epoch 130: Val Acc: 0.72%
2025-08-14 22:42:52,091 - INFO - Fold 1, Epoch 140: Val Acc: 0.66%
2025-08-14 22:42:54,318 - INFO - Fold 1, Epoch 150: Val Acc: 0.59%
2025-08-14 22:42:56,536 - INFO - Fold 1, Epoch 160: Val Acc: 0.69%
2025-08-14 22:42:58,750 - INFO - Fold 1, Epoch 170: Val Acc: 0.66%
2025-08-14 22:42:59,418 - INFO - Early stopping at epoch 173
2025-08-14 22:43:03,018 - INFO - --- Starting Fold 2/3 ---
2025-08-14 22:43:03,020 - INFO - Generated pairs. Train: 1128 (Positive: 48). Val: 276 (Positive: 24)
2025-08-14 22:43:03,021 - INFO - Starting training for fold 2/3
2025-08-14 22:43:12,797 - INFO - Fold 2, Epoch 10: Val Acc: 0.62%
2025-08-14 22:43:16,467 - INFO - Fold 2, Epoch 20: Val Acc: 0.66%
2025-08-14 22:43:21,610 - INFO - Fold 2, Epoch 30: Val Acc: 0.72%
2025-08-14 22:43:26,764 - INFO - Fold 2, Epoch 40: Val Acc: 0.66%
2025-08-14 22:43:28,978 - INFO - Fold 2, Epoch 50: Val Acc: 0.69%
2025-08-14 22:43:31,206 - INFO - Fold 2, Epoch 60: Val Acc: 0.69%
2025-08-14 22:43:33,511 - INFO - Fold 2, Epoch 70: Val Acc: 0.62%
2025-08-14 22:43:35,828 - INFO - Fold 2, Epoch 80: Val Acc: 0.75%
2025-08-14 22:43:38,139 - INFO - Fold 2, Epoch 90: Val Acc: 0.84%
2025-08-14 22:43:40,368 - INFO - Fold 2, Epoch 100: Val Acc: 0.62%
2025-08-14 22:43:43,921 - INFO - Fold 2, Epoch 110: Val Acc: 0.91%
2025-08-14 22:43:46,217 - INFO - Fold 2, Epoch 120: Val Acc: 0.81%
2025-08-14 22:43:48,438 - INFO - Fold 2, Epoch 130: Val Acc: 0.78%
2025-08-14 22:43:50,665 - INFO - Fold 2, Epoch 140: Val Acc: 0.81%
2025-08-14 22:43:54,246 - INFO - Fold 2, Epoch 150: Val Acc: 0.94%
2025-08-14 22:43:56,574 - INFO - Fold 2, Epoch 160: Val Acc: 0.88%
2025-08-14 22:43:58,795 - INFO - Fold 2, Epoch 170: Val Acc: 0.84%
2025-08-14 22:44:01,054 - INFO - Fold 2, Epoch 180: Val Acc: 0.78%
2025-08-14 22:44:03,343 - INFO - Fold 2, Epoch 190: Val Acc: 0.91%
2025-08-14 22:44:05,644 - INFO - Fold 2, Epoch 200: Val Acc: 0.59%
2025-08-14 22:44:07,950 - INFO - Fold 2, Epoch 210: Val Acc: 0.72%
2025-08-14 22:44:10,248 - INFO - Fold 2, Epoch 220: Val Acc: 0.84%
2025-08-14 22:44:12,534 - INFO - Fold 2, Epoch 230: Val Acc: 0.78%
2025-08-14 22:44:14,834 - INFO - Fold 2, Epoch 240: Val Acc: 0.81%
2025-08-14 22:44:17,086 - INFO - Early stopping at epoch 250
2025-08-14 22:44:20,236 - INFO - --- Starting Fold 3/3 ---
2025-08-14 22:44:20,239 - INFO - Generated pairs. Train: 1128 (Positive: 48). Val: 276 (Positive: 24)
2025-08-14 22:44:20,240 - INFO - Starting training for fold 3/3
2025-08-14 22:44:26,990 - INFO - Fold 3, Epoch 10: Val Acc: 0.53%
2025-08-14 22:44:30,679 - INFO - Fold 3, Epoch 20: Val Acc: 0.75%
2025-08-14 22:44:34,329 - INFO - Fold 3, Epoch 30: Val Acc: 0.69%
2025-08-14 22:44:37,981 - INFO - Fold 3, Epoch 40: Val Acc: 0.81%
2025-08-14 22:44:40,202 - INFO - Fold 3, Epoch 50: Val Acc: 0.75%
2025-08-14 22:44:42,425 - INFO - Fold 3, Epoch 60: Val Acc: 0.72%
2025-08-14 22:44:44,736 - INFO - Fold 3, Epoch 70: Val Acc: 0.75%
2025-08-14 22:44:48,552 - INFO - Fold 3, Epoch 80: Val Acc: 0.75%
2025-08-14 22:44:50,832 - INFO - Fold 3, Epoch 90: Val Acc: 0.81%
2025-08-14 22:44:53,073 - INFO - Fold 3, Epoch 100: Val Acc: 0.81%
2025-08-14 22:44:55,296 - INFO - Fold 3, Epoch 110: Val Acc: 0.75%
2025-08-14 22:44:57,517 - INFO - Fold 3, Epoch 120: Val Acc: 0.72%
2025-08-14 22:44:59,746 - INFO - Fold 3, Epoch 130: Val Acc: 0.69%
2025-08-14 22:45:01,982 - INFO - Fold 3, Epoch 140: Val Acc: 0.69%
2025-08-14 22:45:04,209 - INFO - Fold 3, Epoch 150: Val Acc: 0.81%
2025-08-14 22:45:06,444 - INFO - Fold 3, Epoch 160: Val Acc: 0.84%
2025-08-14 22:45:08,746 - INFO - Fold 3, Epoch 170: Val Acc: 0.75%
2025-08-14 22:45:10,359 - INFO - Early stopping at epoch 177
2025-08-14 22:45:11,494 - INFO - Cross-validation statistics for transformer: {'train_loss': {'mean': np.float64(3.8759356869591612), 'std': np.float64(0.035107146853108034)}, 'train_accuracy': {'mean': np.float64(0.7881944444444445), 'std': np.float64(0.04280843057617344)}, 'val_loss': {'mean': np.float64(4.2300651868184405), 'std': np.float64(0.040751896402868346)}, 'val_accuracy': {'mean': np.float64(0.9270833333333334), 'std': np.float64(0.01473139127471974)}, 'epoch': {'mean': np.float64(99.0), 'std': np.float64(35.393031329156685)}}
[I 2025-08-14 22:45:11,502] Trial 75 finished with value: -0.9270833333333334 and parameters: {'learning_rate': 0.0006880881159388922, 'batch_size': 32, 'num_epochs': 936, 'temperature': 0.3224014075969774, 'embedding_dim': 128, 'hidden_dim': 256, 'dropout': 0.4424470373449749, 'num_layers': 5, 'num_heads': 8, 'noise_enabled': True, 'shift_enabled': False, 'scale_enabled': True, 'crop_enabled': True, 'flip_enabled': False, 'permutation_enabled': False, 'noise_level': 0.18052511264555268, 'crop_size': 0.5614352128113032}. Best is trial 9 with value: -0.9270833333333334.
Actual device being used: cuda
Attempting to load data from: /vol/ecrg-solar/woodj4/fishy-business/data/REIMS.xlsx
Trial 75 finished with value: -0.9270833333333334 and parameters: {'learning_rate': 0.0006880881159388922, 'batch_size': 32, 'num_epochs': 936, 'temperature': 0.3224014075969774, 'embedding_dim': 128, 'hidden_dim': 256, 'dropout': 0.4424470373449749, 'num_layers': 5, 'num_heads': 8, 'noise_enabled': True, 'shift_enabled': False, 'scale_enabled': True, 'crop_enabled': True, 'flip_enabled': False, 'permutation_enabled': False, 'noise_level': 0.18052511264555268, 'crop_size': 0.5614352128113032}. Best is trial 9 with value: -0.9270833333333334.
2025-08-14 22:45:11,538 - INFO - Using device: cuda
2025-08-14 22:45:21,464 - INFO - --- Starting Fold 1/3 ---
2025-08-14 22:45:21,466 - INFO - Generated pairs. Train: 1128 (Positive: 48). Val: 276 (Positive: 24)
2025-08-14 22:45:21,466 - INFO - Starting training for fold 1/3
2025-08-14 22:45:27,676 - INFO - Fold 1, Epoch 10: Val Acc: 0.53%
2025-08-14 22:45:37,028 - INFO - Fold 1, Epoch 20: Val Acc: 0.69%
2025-08-14 22:45:40,928 - INFO - Fold 1, Epoch 30: Val Acc: 0.56%
2025-08-14 22:45:42,950 - INFO - Fold 1, Epoch 40: Val Acc: 0.72%
2025-08-14 22:45:44,948 - INFO - Fold 1, Epoch 50: Val Acc: 0.84%
2025-08-14 22:45:46,953 - INFO - Fold 1, Epoch 60: Val Acc: 0.69%
2025-08-14 22:45:48,965 - INFO - Fold 1, Epoch 70: Val Acc: 0.81%
2025-08-14 22:45:50,968 - INFO - Fold 1, Epoch 80: Val Acc: 0.72%
2025-08-14 22:45:52,980 - INFO - Fold 1, Epoch 90: Val Acc: 0.75%
2025-08-14 22:45:55,041 - INFO - Fold 1, Epoch 100: Val Acc: 0.75%
2025-08-14 22:45:57,090 - INFO - Fold 1, Epoch 110: Val Acc: 0.75%
2025-08-14 22:45:59,154 - INFO - Fold 1, Epoch 120: Val Acc: 0.69%
2025-08-14 22:45:59,654 - INFO - Early stopping at epoch 123
2025-08-14 22:46:02,354 - INFO - --- Starting Fold 2/3 ---
2025-08-14 22:46:02,357 - INFO - Generated pairs. Train: 1128 (Positive: 48). Val: 276 (Positive: 24)
2025-08-14 22:46:02,357 - INFO - Starting training for fold 2/3
2025-08-14 22:46:11,216 - INFO - Fold 2, Epoch 10: Val Acc: 0.69%
2025-08-14 22:46:14,688 - INFO - Fold 2, Epoch 20: Val Acc: 0.66%
2025-08-14 22:46:16,780 - INFO - Fold 2, Epoch 30: Val Acc: 0.69%
2025-08-14 22:46:21,207 - INFO - Fold 2, Epoch 40: Val Acc: 0.84%
2025-08-14 22:46:24,563 - INFO - Fold 2, Epoch 50: Val Acc: 0.88%
2025-08-14 22:46:26,582 - INFO - Fold 2, Epoch 60: Val Acc: 0.81%
2025-08-14 22:46:28,594 - INFO - Fold 2, Epoch 70: Val Acc: 0.78%
2025-08-14 22:46:30,616 - INFO - Fold 2, Epoch 80: Val Acc: 0.84%
2025-08-14 22:46:32,638 - INFO - Fold 2, Epoch 90: Val Acc: 0.78%
2025-08-14 22:46:34,658 - INFO - Fold 2, Epoch 100: Val Acc: 0.78%
2025-08-14 22:46:37,918 - INFO - Fold 2, Epoch 110: Val Acc: 0.81%
2025-08-14 22:46:39,927 - INFO - Fold 2, Epoch 120: Val Acc: 0.78%
2025-08-14 22:46:41,930 - INFO - Fold 2, Epoch 130: Val Acc: 0.69%
2025-08-14 22:46:43,941 - INFO - Fold 2, Epoch 140: Val Acc: 0.78%
2025-08-14 22:46:45,949 - INFO - Fold 2, Epoch 150: Val Acc: 0.91%
2025-08-14 22:46:47,948 - INFO - Fold 2, Epoch 160: Val Acc: 0.81%
2025-08-14 22:46:49,953 - INFO - Fold 2, Epoch 170: Val Acc: 0.81%
2025-08-14 22:46:51,961 - INFO - Fold 2, Epoch 180: Val Acc: 0.84%
2025-08-14 22:46:53,970 - INFO - Fold 2, Epoch 190: Val Acc: 0.72%
2025-08-14 22:46:55,979 - INFO - Fold 2, Epoch 200: Val Acc: 0.72%
2025-08-14 22:46:57,380 - INFO - Early stopping at epoch 207
2025-08-14 22:47:00,023 - INFO - --- Starting Fold 3/3 ---
2025-08-14 22:47:00,026 - INFO - Generated pairs. Train: 1128 (Positive: 48). Val: 276 (Positive: 24)
2025-08-14 22:47:00,027 - INFO - Starting training for fold 3/3
2025-08-14 22:47:04,858 - INFO - Fold 3, Epoch 10: Val Acc: 0.62%
2025-08-14 22:47:09,281 - INFO - Fold 3, Epoch 20: Val Acc: 0.69%
2025-08-14 22:47:12,547 - INFO - Fold 3, Epoch 30: Val Acc: 0.53%
2025-08-14 22:47:14,329 - INFO - Fold 3, Epoch 40: Val Acc: 0.66%
2025-08-14 22:47:16,410 - INFO - Fold 3, Epoch 50: Val Acc: 0.66%
2025-08-14 22:47:18,489 - INFO - Fold 3, Epoch 60: Val Acc: 0.69%
2025-08-14 22:47:20,522 - INFO - Fold 3, Epoch 70: Val Acc: 0.84%
2025-08-14 22:47:22,520 - INFO - Fold 3, Epoch 80: Val Acc: 0.78%
2025-08-14 22:47:25,723 - INFO - Fold 3, Epoch 90: Val Acc: 0.69%
2025-08-14 22:47:27,727 - INFO - Fold 3, Epoch 100: Val Acc: 0.72%
2025-08-14 22:47:29,724 - INFO - Fold 3, Epoch 110: Val Acc: 0.59%
2025-08-14 22:47:31,726 - INFO - Fold 3, Epoch 120: Val Acc: 0.66%
2025-08-14 22:47:33,764 - INFO - Fold 3, Epoch 130: Val Acc: 0.72%
2025-08-14 22:47:35,854 - INFO - Fold 3, Epoch 140: Val Acc: 0.62%
2025-08-14 22:47:37,949 - INFO - Fold 3, Epoch 150: Val Acc: 0.84%
2025-08-14 22:47:40,031 - INFO - Fold 3, Epoch 160: Val Acc: 0.78%
2025-08-14 22:47:42,118 - INFO - Fold 3, Epoch 170: Val Acc: 0.72%
2025-08-14 22:47:44,219 - INFO - Fold 3, Epoch 180: Val Acc: 0.66%
2025-08-14 22:47:45,673 - INFO - Early stopping at epoch 187
2025-08-14 22:47:46,544 - INFO - Cross-validation statistics for transformer: {'train_loss': {'mean': np.float64(3.895449770821465), 'std': np.float64(0.11535817057815993)}, 'train_accuracy': {'mean': np.float64(0.7847222222222223), 'std': np.float64(0.06927061577520836)}, 'val_loss': {'mean': np.float64(4.1996235847473145), 'std': np.float64(0.058818060960039914)}, 'val_accuracy': {'mean': np.float64(0.8854166666666666), 'std': np.float64(0.03897559777889522)}, 'epoch': {'mean': np.float64(71.33333333333333), 'std': np.float64(35.82674358011841)}}
[I 2025-08-14 22:47:46,552] Trial 76 finished with value: -0.8854166666666666 and parameters: {'learning_rate': 0.0006992327333023838, 'batch_size': 32, 'num_epochs': 947, 'temperature': 0.29746037451018087, 'embedding_dim': 256, 'hidden_dim': 256, 'dropout': 0.1121397104381468, 'num_layers': 4, 'num_heads': 8, 'noise_enabled': True, 'shift_enabled': False, 'scale_enabled': True, 'crop_enabled': True, 'flip_enabled': False, 'permutation_enabled': False, 'noise_level': 0.16378097648944928, 'crop_size': 0.5612668055025476}. Best is trial 9 with value: -0.9270833333333334.
Actual device being used: cuda
Attempting to load data from: /vol/ecrg-solar/woodj4/fishy-business/data/REIMS.xlsx
Trial 76 finished with value: -0.8854166666666666 and parameters: {'learning_rate': 0.0006992327333023838, 'batch_size': 32, 'num_epochs': 947, 'temperature': 0.29746037451018087, 'embedding_dim': 256, 'hidden_dim': 256, 'dropout': 0.1121397104381468, 'num_layers': 4, 'num_heads': 8, 'noise_enabled': True, 'shift_enabled': False, 'scale_enabled': True, 'crop_enabled': True, 'flip_enabled': False, 'permutation_enabled': False, 'noise_level': 0.16378097648944928, 'crop_size': 0.5612668055025476}. Best is trial 9 with value: -0.9270833333333334.
2025-08-14 22:47:46,587 - INFO - Using device: cuda
2025-08-14 22:47:56,336 - INFO - --- Starting Fold 1/3 ---
2025-08-14 22:47:56,338 - INFO - Generated pairs. Train: 1128 (Positive: 48). Val: 276 (Positive: 24)
2025-08-14 22:47:56,338 - INFO - Starting training for fold 1/3
2025-08-14 22:48:04,207 - INFO - Fold 1, Epoch 10: Val Acc: 0.50%
2025-08-14 22:48:08,157 - INFO - Fold 1, Epoch 20: Val Acc: 0.47%
2025-08-14 22:48:10,169 - INFO - Fold 1, Epoch 30: Val Acc: 0.59%
2025-08-14 22:48:12,176 - INFO - Fold 1, Epoch 40: Val Acc: 0.66%
2025-08-14 22:48:17,059 - INFO - Fold 1, Epoch 50: Val Acc: 0.56%
2025-08-14 22:48:20,961 - INFO - Fold 1, Epoch 60: Val Acc: 0.62%
2025-08-14 22:48:22,964 - INFO - Fold 1, Epoch 70: Val Acc: 0.81%
2025-08-14 22:48:24,969 - INFO - Fold 1, Epoch 80: Val Acc: 0.66%
2025-08-14 22:48:26,974 - INFO - Fold 1, Epoch 90: Val Acc: 0.44%
2025-08-14 22:48:28,962 - INFO - Fold 1, Epoch 100: Val Acc: 0.72%
2025-08-14 22:48:30,955 - INFO - Fold 1, Epoch 110: Val Acc: 0.59%
2025-08-14 22:48:32,964 - INFO - Fold 1, Epoch 120: Val Acc: 0.62%
2025-08-14 22:48:34,982 - INFO - Fold 1, Epoch 130: Val Acc: 0.62%
2025-08-14 22:48:36,992 - INFO - Fold 1, Epoch 140: Val Acc: 0.78%
2025-08-14 22:48:39,003 - INFO - Fold 1, Epoch 150: Val Acc: 0.75%
2025-08-14 22:48:43,000 - INFO - Fold 1, Epoch 160: Val Acc: 0.75%
2025-08-14 22:48:45,006 - INFO - Fold 1, Epoch 170: Val Acc: 0.66%
2025-08-14 22:48:47,022 - INFO - Fold 1, Epoch 180: Val Acc: 0.66%
2025-08-14 22:48:49,028 - INFO - Fold 1, Epoch 190: Val Acc: 0.69%
2025-08-14 22:48:51,024 - INFO - Fold 1, Epoch 200: Val Acc: 0.62%
2025-08-14 22:48:53,026 - INFO - Fold 1, Epoch 210: Val Acc: 0.78%
2025-08-14 22:48:55,032 - INFO - Fold 1, Epoch 220: Val Acc: 0.72%
2025-08-14 22:48:57,051 - INFO - Fold 1, Epoch 230: Val Acc: 0.66%
2025-08-14 22:48:59,116 - INFO - Fold 1, Epoch 240: Val Acc: 0.62%
2025-08-14 22:49:01,110 - INFO - Fold 1, Epoch 250: Val Acc: 0.53%
2025-08-14 22:49:01,906 - INFO - Early stopping at epoch 254
2025-08-14 22:49:04,698 - INFO - --- Starting Fold 2/3 ---
2025-08-14 22:49:04,710 - INFO - Generated pairs. Train: 1128 (Positive: 48). Val: 276 (Positive: 24)
2025-08-14 22:49:04,711 - INFO - Starting training for fold 2/3
2025-08-14 22:49:11,488 - INFO - Fold 2, Epoch 10: Val Acc: 0.59%
2025-08-14 22:49:14,538 - INFO - Fold 2, Epoch 20: Val Acc: 0.62%
2025-08-14 22:49:16,582 - INFO - Fold 2, Epoch 30: Val Acc: 0.56%
2025-08-14 22:49:20,748 - INFO - Fold 2, Epoch 40: Val Acc: 0.78%
2025-08-14 22:49:22,828 - INFO - Fold 2, Epoch 50: Val Acc: 0.62%
2025-08-14 22:49:24,844 - INFO - Fold 2, Epoch 60: Val Acc: 0.72%
2025-08-14 22:49:28,019 - INFO - Fold 2, Epoch 70: Val Acc: 0.56%
2025-08-14 22:49:29,850 - INFO - Fold 2, Epoch 80: Val Acc: 0.72%
2025-08-14 22:49:31,864 - INFO - Fold 2, Epoch 90: Val Acc: 0.62%
2025-08-14 22:49:33,872 - INFO - Fold 2, Epoch 100: Val Acc: 0.75%
2025-08-14 22:49:35,870 - INFO - Fold 2, Epoch 110: Val Acc: 0.59%
2025-08-14 22:49:37,855 - INFO - Fold 2, Epoch 120: Val Acc: 0.72%
2025-08-14 22:49:39,853 - INFO - Fold 2, Epoch 130: Val Acc: 0.69%
2025-08-14 22:49:41,860 - INFO - Fold 2, Epoch 140: Val Acc: 0.69%
2025-08-14 22:49:43,872 - INFO - Fold 2, Epoch 150: Val Acc: 0.78%
2025-08-14 22:49:45,886 - INFO - Fold 2, Epoch 160: Val Acc: 0.75%
2025-08-14 22:49:49,026 - INFO - Fold 2, Epoch 170: Val Acc: 0.81%
2025-08-14 22:49:51,041 - INFO - Fold 2, Epoch 180: Val Acc: 0.75%
2025-08-14 22:49:52,938 - INFO - Fold 2, Epoch 190: Val Acc: 0.81%
2025-08-14 22:49:54,946 - INFO - Fold 2, Epoch 200: Val Acc: 0.62%
2025-08-14 22:49:56,978 - INFO - Fold 2, Epoch 210: Val Acc: 0.78%
2025-08-14 22:49:58,996 - INFO - Fold 2, Epoch 220: Val Acc: 0.81%
2025-08-14 22:50:01,003 - INFO - Fold 2, Epoch 230: Val Acc: 0.72%
2025-08-14 22:50:03,004 - INFO - Fold 2, Epoch 240: Val Acc: 0.69%
2025-08-14 22:50:05,007 - INFO - Fold 2, Epoch 250: Val Acc: 0.84%
2025-08-14 22:50:07,023 - INFO - Fold 2, Epoch 260: Val Acc: 0.59%
2025-08-14 22:50:08,356 - INFO - Early stopping at epoch 267
2025-08-14 22:50:09,183 - INFO - --- Starting Fold 3/3 ---
2025-08-14 22:50:09,185 - INFO - Generated pairs. Train: 1128 (Positive: 48). Val: 276 (Positive: 24)
2025-08-14 22:50:09,185 - INFO - Starting training for fold 3/3
2025-08-14 22:50:14,964 - INFO - Fold 3, Epoch 10: Val Acc: 0.56%
2025-08-14 22:50:18,119 - INFO - Fold 3, Epoch 20: Val Acc: 0.44%
2025-08-14 22:50:21,300 - INFO - Fold 3, Epoch 30: Val Acc: 0.47%
2025-08-14 22:50:23,318 - INFO - Fold 3, Epoch 40: Val Acc: 0.59%
2025-08-14 22:50:26,474 - INFO - Fold 3, Epoch 50: Val Acc: 0.56%
2025-08-14 22:50:28,402 - INFO - Fold 3, Epoch 60: Val Acc: 0.62%
2025-08-14 22:50:30,421 - INFO - Fold 3, Epoch 70: Val Acc: 0.59%
2025-08-14 22:50:33,586 - INFO - Fold 3, Epoch 80: Val Acc: 0.75%
2025-08-14 22:50:36,922 - INFO - Fold 3, Epoch 90: Val Acc: 0.72%
2025-08-14 22:50:38,912 - INFO - Fold 3, Epoch 100: Val Acc: 0.69%
2025-08-14 22:50:40,690 - INFO - Fold 3, Epoch 110: Val Acc: 0.66%
2025-08-14 22:50:43,994 - INFO - Fold 3, Epoch 120: Val Acc: 0.78%
2025-08-14 22:50:46,074 - INFO - Fold 3, Epoch 130: Val Acc: 0.66%
2025-08-14 22:50:48,142 - INFO - Fold 3, Epoch 140: Val Acc: 0.66%
2025-08-14 22:50:50,236 - INFO - Fold 3, Epoch 150: Val Acc: 0.66%
2025-08-14 22:50:52,248 - INFO - Fold 3, Epoch 160: Val Acc: 0.78%
2025-08-14 22:50:54,270 - INFO - Fold 3, Epoch 170: Val Acc: 0.75%
2025-08-14 22:50:56,291 - INFO - Fold 3, Epoch 180: Val Acc: 0.88%
2025-08-14 22:50:58,321 - INFO - Fold 3, Epoch 190: Val Acc: 0.75%
2025-08-14 22:51:00,425 - INFO - Fold 3, Epoch 200: Val Acc: 0.56%
2025-08-14 22:51:02,436 - INFO - Fold 3, Epoch 210: Val Acc: 0.78%
2025-08-14 22:51:03,435 - INFO - Early stopping at epoch 215
2025-08-14 22:51:05,835 - INFO - Cross-validation statistics for transformer: {'train_loss': {'mean': np.float64(4.035165945688884), 'std': np.float64(0.023236829333406425)}, 'train_accuracy': {'mean': np.float64(0.7222222222222222), 'std': np.float64(0.035409857733283256)}, 'val_loss': {'mean': np.float64(4.179284890492757), 'std': np.float64(0.04254504430321643)}, 'val_accuracy': {'mean': np.float64(0.8854166666666666), 'std': np.float64(0.01473139127471974)}, 'epoch': {'mean': np.float64(144.33333333333334), 'std': np.float64(22.095751225568733)}}
[I 2025-08-14 22:51:05,844] Trial 77 finished with value: -0.8854166666666666 and parameters: {'learning_rate': 0.0001813586138449173, 'batch_size': 32, 'num_epochs': 836, 'temperature': 0.3226526373980575, 'embedding_dim': 128, 'hidden_dim': 256, 'dropout': 0.40216528003296154, 'num_layers': 4, 'num_heads': 2, 'noise_enabled': True, 'shift_enabled': False, 'scale_enabled': True, 'crop_enabled': True, 'flip_enabled': False, 'permutation_enabled': False, 'noise_level': 0.19613300288392876, 'crop_size': 0.6005912272220708}. Best is trial 9 with value: -0.9270833333333334.
Actual device being used: cuda
Attempting to load data from: /vol/ecrg-solar/woodj4/fishy-business/data/REIMS.xlsx
