Trial 49 finished with value: -0.6979166666666666 and parameters: {'learning_rate': 6.034365861718279e-05, 'batch_size': 32, 'num_epochs': 907, 'temperature': 0.14024472150134223, 'embedding_dim': 256, 'hidden_dim': 256, 'dropout': 0.4821409482325718, 'num_layers': 6, 'num_heads': 8, 'noise_enabled': True, 'shift_enabled': False, 'scale_enabled': True, 'crop_enabled': True, 'flip_enabled': True, 'permutation_enabled': False, 'noise_level': 0.1487199524934017, 'crop_size': 0.6063217491132818}. Best is trial 9 with value: -0.9270833333333334.
2025-08-14 21:32:56,511 - INFO - Using device: cuda
2025-08-14 21:33:06,161 - INFO - --- Starting Fold 1/3 ---
2025-08-14 21:33:06,162 - INFO - Generated pairs. Train: 1128 (Positive: 48). Val: 276 (Positive: 24)
2025-08-14 21:33:06,163 - INFO - Starting training for fold 1/3
2025-08-14 21:33:18,153 - INFO - Fold 1, Epoch 10: Val Acc: 0.69%
2025-08-14 21:33:25,017 - INFO - Fold 1, Epoch 20: Val Acc: 0.78%
2025-08-14 21:33:27,223 - INFO - Fold 1, Epoch 30: Val Acc: 0.78%
2025-08-14 21:33:29,430 - INFO - Fold 1, Epoch 40: Val Acc: 0.69%
2025-08-14 21:33:31,630 - INFO - Fold 1, Epoch 50: Val Acc: 0.69%
2025-08-14 21:33:33,825 - INFO - Fold 1, Epoch 60: Val Acc: 0.69%
2025-08-14 21:33:35,952 - INFO - Fold 1, Epoch 70: Val Acc: 0.66%
2025-08-14 21:33:37,867 - INFO - Fold 1, Epoch 80: Val Acc: 0.72%
2025-08-14 21:33:40,015 - INFO - Fold 1, Epoch 90: Val Acc: 0.69%
2025-08-14 21:33:41,610 - INFO - Fold 1, Epoch 100: Val Acc: 0.75%
2025-08-14 21:33:43,205 - INFO - Fold 1, Epoch 110: Val Acc: 0.66%
2025-08-14 21:33:44,004 - INFO - Early stopping at epoch 115
2025-08-14 21:33:47,737 - INFO - --- Starting Fold 2/3 ---
2025-08-14 21:33:47,740 - INFO - Generated pairs. Train: 1128 (Positive: 48). Val: 276 (Positive: 24)
2025-08-14 21:33:47,740 - INFO - Starting training for fold 2/3
2025-08-14 21:33:57,701 - INFO - Fold 2, Epoch 10: Val Acc: 0.75%
2025-08-14 21:33:59,901 - INFO - Fold 2, Epoch 20: Val Acc: 0.84%
2025-08-14 21:34:02,088 - INFO - Fold 2, Epoch 30: Val Acc: 0.78%
2025-08-14 21:34:04,275 - INFO - Fold 2, Epoch 40: Val Acc: 0.69%
2025-08-14 21:34:06,451 - INFO - Fold 2, Epoch 50: Val Acc: 0.81%
2025-08-14 21:34:08,310 - INFO - Fold 2, Epoch 60: Val Acc: 0.66%
2025-08-14 21:34:10,001 - INFO - Fold 2, Epoch 70: Val Acc: 0.72%
2025-08-14 21:34:13,549 - INFO - Fold 2, Epoch 80: Val Acc: 0.81%
2025-08-14 21:34:15,753 - INFO - Fold 2, Epoch 90: Val Acc: 0.72%
2025-08-14 21:34:17,922 - INFO - Fold 2, Epoch 100: Val Acc: 0.69%
2025-08-14 21:34:20,026 - INFO - Fold 2, Epoch 110: Val Acc: 0.69%
2025-08-14 21:34:22,120 - INFO - Fold 2, Epoch 120: Val Acc: 0.84%
2025-08-14 21:34:24,176 - INFO - Fold 2, Epoch 130: Val Acc: 0.69%
2025-08-14 21:34:25,947 - INFO - Fold 2, Epoch 140: Val Acc: 0.88%
2025-08-14 21:34:27,744 - INFO - Fold 2, Epoch 150: Val Acc: 0.75%
2025-08-14 21:34:29,820 - INFO - Fold 2, Epoch 160: Val Acc: 0.69%
2025-08-14 21:34:33,457 - INFO - Fold 2, Epoch 170: Val Acc: 0.72%
2025-08-14 21:34:35,564 - INFO - Fold 2, Epoch 180: Val Acc: 0.72%
2025-08-14 21:34:37,679 - INFO - Fold 2, Epoch 190: Val Acc: 0.84%
2025-08-14 21:34:39,792 - INFO - Fold 2, Epoch 200: Val Acc: 0.69%
2025-08-14 21:34:41,910 - INFO - Fold 2, Epoch 210: Val Acc: 0.88%
2025-08-14 21:34:44,030 - INFO - Fold 2, Epoch 220: Val Acc: 0.72%
2025-08-14 21:34:46,139 - INFO - Fold 2, Epoch 230: Val Acc: 0.66%
2025-08-14 21:34:48,247 - INFO - Fold 2, Epoch 240: Val Acc: 0.69%
2025-08-14 21:34:50,358 - INFO - Fold 2, Epoch 250: Val Acc: 0.62%
2025-08-14 21:34:52,366 - INFO - Fold 2, Epoch 260: Val Acc: 0.72%
2025-08-14 21:34:53,696 - INFO - Early stopping at epoch 267
2025-08-14 21:34:56,686 - INFO - --- Starting Fold 3/3 ---
2025-08-14 21:34:56,688 - INFO - Generated pairs. Train: 1128 (Positive: 48). Val: 276 (Positive: 24)
2025-08-14 21:34:56,689 - INFO - Starting training for fold 3/3
2025-08-14 21:35:04,812 - INFO - Fold 3, Epoch 10: Val Acc: 0.72%
2025-08-14 21:35:08,260 - INFO - Fold 3, Epoch 20: Val Acc: 0.59%
2025-08-14 21:35:10,372 - INFO - Fold 3, Epoch 30: Val Acc: 0.81%
2025-08-14 21:35:15,580 - INFO - Fold 3, Epoch 40: Val Acc: 0.66%
2025-08-14 21:35:19,140 - INFO - Fold 3, Epoch 50: Val Acc: 0.66%
2025-08-14 21:35:21,253 - INFO - Fold 3, Epoch 60: Val Acc: 0.59%
2025-08-14 21:35:23,374 - INFO - Fold 3, Epoch 70: Val Acc: 0.72%
2025-08-14 21:35:25,488 - INFO - Fold 3, Epoch 80: Val Acc: 0.69%
2025-08-14 21:35:27,595 - INFO - Fold 3, Epoch 90: Val Acc: 0.78%
2025-08-14 21:35:29,787 - INFO - Fold 3, Epoch 100: Val Acc: 0.69%
2025-08-14 21:35:31,987 - INFO - Fold 3, Epoch 110: Val Acc: 0.66%
2025-08-14 21:35:33,718 - INFO - Fold 3, Epoch 120: Val Acc: 0.75%
2025-08-14 21:35:35,405 - INFO - Fold 3, Epoch 130: Val Acc: 0.62%
2025-08-14 21:35:37,181 - INFO - Fold 3, Epoch 140: Val Acc: 0.69%
2025-08-14 21:35:37,614 - INFO - Early stopping at epoch 142
2025-08-14 21:35:38,720 - INFO - Cross-validation statistics for transformer: {'train_loss': {'mean': np.float64(3.8157455126444497), 'std': np.float64(0.1742147104174867)}, 'train_accuracy': {'mean': np.float64(0.8298611111111112), 'std': np.float64(0.09820927516479823)}, 'val_loss': {'mean': np.float64(4.186012903849284), 'std': np.float64(0.06738690273710739)}, 'val_accuracy': {'mean': np.float64(0.8958333333333334), 'std': np.float64(0.05311478659992484)}, 'epoch': {'mean': np.float64(73.66666666666667), 'std': np.float64(66.21345952464817)}}
[I 2025-08-14 21:35:38,730] Trial 50 finished with value: -0.8958333333333334 and parameters: {'learning_rate': 0.0008664934484649898, 'batch_size': 32, 'num_epochs': 856, 'temperature': 0.4456095518703027, 'embedding_dim': 512, 'hidden_dim': 256, 'dropout': 0.3309726831366322, 'num_layers': 5, 'num_heads': 4, 'noise_enabled': False, 'shift_enabled': False, 'scale_enabled': False, 'crop_enabled': True, 'flip_enabled': False, 'permutation_enabled': False, 'crop_size': 0.6681581253880233}. Best is trial 9 with value: -0.9270833333333334.
Actual device being used: cuda
Attempting to load data from: /vol/ecrg-solar/woodj4/fishy-business/data/REIMS.xlsx
Trial 50 finished with value: -0.8958333333333334 and parameters: {'learning_rate': 0.0008664934484649898, 'batch_size': 32, 'num_epochs': 856, 'temperature': 0.4456095518703027, 'embedding_dim': 512, 'hidden_dim': 256, 'dropout': 0.3309726831366322, 'num_layers': 5, 'num_heads': 4, 'noise_enabled': False, 'shift_enabled': False, 'scale_enabled': False, 'crop_enabled': True, 'flip_enabled': False, 'permutation_enabled': False, 'crop_size': 0.6681581253880233}. Best is trial 9 with value: -0.9270833333333334.
2025-08-14 21:35:38,777 - INFO - Using device: cuda
2025-08-14 21:35:48,575 - INFO - --- Starting Fold 1/3 ---
2025-08-14 21:35:48,577 - INFO - Generated pairs. Train: 1128 (Positive: 48). Val: 276 (Positive: 24)
2025-08-14 21:35:48,577 - INFO - Starting training for fold 1/3
2025-08-14 21:35:57,614 - INFO - Fold 1, Epoch 10: Val Acc: 0.66%
2025-08-14 21:35:59,864 - INFO - Fold 1, Epoch 20: Val Acc: 0.44%
2025-08-14 21:36:03,867 - INFO - Fold 1, Epoch 30: Val Acc: 0.53%
2025-08-14 21:36:08,326 - INFO - Fold 1, Epoch 40: Val Acc: 0.56%
2025-08-14 21:36:10,565 - INFO - Fold 1, Epoch 50: Val Acc: 0.72%
2025-08-14 21:36:14,935 - INFO - Fold 1, Epoch 60: Val Acc: 0.78%
2025-08-14 21:36:19,422 - INFO - Fold 1, Epoch 70: Val Acc: 0.72%
2025-08-14 21:36:23,904 - INFO - Fold 1, Epoch 80: Val Acc: 0.78%
2025-08-14 21:36:26,165 - INFO - Fold 1, Epoch 90: Val Acc: 0.84%
2025-08-14 21:36:28,404 - INFO - Fold 1, Epoch 100: Val Acc: 0.78%
2025-08-14 21:36:30,430 - INFO - Fold 1, Epoch 110: Val Acc: 0.66%
2025-08-14 21:36:32,398 - INFO - Fold 1, Epoch 120: Val Acc: 0.78%
2025-08-14 21:36:34,570 - INFO - Fold 1, Epoch 130: Val Acc: 0.72%
2025-08-14 21:36:36,792 - INFO - Fold 1, Epoch 140: Val Acc: 0.69%
2025-08-14 21:36:38,926 - INFO - Fold 1, Epoch 150: Val Acc: 0.75%
2025-08-14 21:36:41,158 - INFO - Fold 1, Epoch 160: Val Acc: 0.66%
2025-08-14 21:36:43,380 - INFO - Fold 1, Epoch 170: Val Acc: 0.72%
2025-08-14 21:36:44,246 - INFO - Early stopping at epoch 174
2025-08-14 21:36:47,910 - INFO - --- Starting Fold 2/3 ---
2025-08-14 21:36:47,912 - INFO - Generated pairs. Train: 1128 (Positive: 48). Val: 276 (Positive: 24)
2025-08-14 21:36:47,913 - INFO - Starting training for fold 2/3
2025-08-14 21:36:53,375 - INFO - Fold 2, Epoch 10: Val Acc: 0.62%
2025-08-14 21:36:58,636 - INFO - Fold 2, Epoch 20: Val Acc: 0.50%
2025-08-14 21:37:00,910 - INFO - Fold 2, Epoch 30: Val Acc: 0.59%
2025-08-14 21:37:04,714 - INFO - Fold 2, Epoch 40: Val Acc: 0.59%
2025-08-14 21:37:06,994 - INFO - Fold 2, Epoch 50: Val Acc: 0.69%
2025-08-14 21:37:10,640 - INFO - Fold 2, Epoch 60: Val Acc: 0.84%
2025-08-14 21:37:12,924 - INFO - Fold 2, Epoch 70: Val Acc: 0.81%
2025-08-14 21:37:16,555 - INFO - Fold 2, Epoch 80: Val Acc: 0.88%
2025-08-14 21:37:18,771 - INFO - Fold 2, Epoch 90: Val Acc: 0.78%
2025-08-14 21:37:20,992 - INFO - Fold 2, Epoch 100: Val Acc: 0.78%
2025-08-14 21:37:23,213 - INFO - Fold 2, Epoch 110: Val Acc: 0.78%
2025-08-14 21:37:25,433 - INFO - Fold 2, Epoch 120: Val Acc: 0.69%
2025-08-14 21:37:27,649 - INFO - Fold 2, Epoch 130: Val Acc: 0.69%
2025-08-14 21:37:29,868 - INFO - Fold 2, Epoch 140: Val Acc: 0.62%
2025-08-14 21:37:32,076 - INFO - Fold 2, Epoch 150: Val Acc: 0.81%
2025-08-14 21:37:34,293 - INFO - Fold 2, Epoch 160: Val Acc: 0.72%
2025-08-14 21:37:36,393 - INFO - Fold 2, Epoch 170: Val Acc: 0.75%
2025-08-14 21:37:37,581 - INFO - Early stopping at epoch 177
2025-08-14 21:37:38,674 - INFO - --- Starting Fold 3/3 ---
2025-08-14 21:37:38,676 - INFO - Generated pairs. Train: 1128 (Positive: 48). Val: 276 (Positive: 24)
2025-08-14 21:37:38,676 - INFO - Starting training for fold 3/3
2025-08-14 21:37:45,415 - INFO - Fold 3, Epoch 10: Val Acc: 0.53%
2025-08-14 21:37:49,086 - INFO - Fold 3, Epoch 20: Val Acc: 0.56%
2025-08-14 21:37:52,786 - INFO - Fold 3, Epoch 30: Val Acc: 0.53%
2025-08-14 21:37:56,187 - INFO - Fold 3, Epoch 40: Val Acc: 0.72%
2025-08-14 21:38:02,680 - INFO - Fold 3, Epoch 50: Val Acc: 0.62%
2025-08-14 21:38:04,731 - INFO - Fold 3, Epoch 60: Val Acc: 0.69%
2025-08-14 21:38:06,443 - INFO - Fold 3, Epoch 70: Val Acc: 0.81%
2025-08-14 21:38:08,154 - INFO - Fold 3, Epoch 80: Val Acc: 0.78%
2025-08-14 21:38:11,247 - INFO - Fold 3, Epoch 90: Val Acc: 0.91%
2025-08-14 21:38:13,062 - INFO - Fold 3, Epoch 100: Val Acc: 0.66%
2025-08-14 21:38:14,764 - INFO - Fold 3, Epoch 110: Val Acc: 0.59%
2025-08-14 21:38:16,477 - INFO - Fold 3, Epoch 120: Val Acc: 0.59%
2025-08-14 21:38:18,254 - INFO - Fold 3, Epoch 130: Val Acc: 0.72%
2025-08-14 21:38:20,567 - INFO - Fold 3, Epoch 140: Val Acc: 0.78%
2025-08-14 21:38:22,540 - INFO - Fold 3, Epoch 150: Val Acc: 0.75%
2025-08-14 21:38:24,314 - INFO - Fold 3, Epoch 160: Val Acc: 0.62%
2025-08-14 21:38:26,243 - INFO - Fold 3, Epoch 170: Val Acc: 0.78%
2025-08-14 21:38:27,952 - INFO - Fold 3, Epoch 180: Val Acc: 0.66%
2025-08-14 21:38:29,807 - INFO - Early stopping at epoch 190
2025-08-14 21:38:30,920 - INFO - Cross-validation statistics for transformer: {'train_loss': {'mean': np.float64(3.9503609339396157), 'std': np.float64(0.05035342299254417)}, 'train_accuracy': {'mean': np.float64(0.7534722222222223), 'std': np.float64(0.02986918495500915)}, 'val_loss': {'mean': np.float64(4.24318281809489), 'std': np.float64(0.0361394129633195)}, 'val_accuracy': {'mean': np.float64(0.90625), 'std': np.float64(0.02551551815399144)}, 'epoch': {'mean': np.float64(79.33333333333333), 'std': np.float64(6.944222218666553)}}
[I 2025-08-14 21:38:30,929] Trial 51 finished with value: -0.90625 and parameters: {'learning_rate': 0.0006784949410020316, 'batch_size': 32, 'num_epochs': 796, 'temperature': 0.351009344504597, 'embedding_dim': 128, 'hidden_dim': 256, 'dropout': 0.4475697090915519, 'num_layers': 5, 'num_heads': 8, 'noise_enabled': True, 'shift_enabled': False, 'scale_enabled': True, 'crop_enabled': True, 'flip_enabled': False, 'permutation_enabled': False, 'noise_level': 0.1769915320498106, 'crop_size': 0.5266311857762614}. Best is trial 9 with value: -0.9270833333333334.
Actual device being used: cuda
Attempting to load data from: /vol/ecrg-solar/woodj4/fishy-business/data/REIMS.xlsx
Trial 51 finished with value: -0.90625 and parameters: {'learning_rate': 0.0006784949410020316, 'batch_size': 32, 'num_epochs': 796, 'temperature': 0.351009344504597, 'embedding_dim': 128, 'hidden_dim': 256, 'dropout': 0.4475697090915519, 'num_layers': 5, 'num_heads': 8, 'noise_enabled': True, 'shift_enabled': False, 'scale_enabled': True, 'crop_enabled': True, 'flip_enabled': False, 'permutation_enabled': False, 'noise_level': 0.1769915320498106, 'crop_size': 0.5266311857762614}. Best is trial 9 with value: -0.9270833333333334.
2025-08-14 21:38:30,959 - INFO - Using device: cuda
2025-08-14 21:38:40,741 - INFO - --- Starting Fold 1/3 ---
2025-08-14 21:38:40,742 - INFO - Generated pairs. Train: 1128 (Positive: 48). Val: 276 (Positive: 24)
2025-08-14 21:38:40,742 - INFO - Starting training for fold 1/3
2025-08-14 21:38:50,400 - INFO - Fold 1, Epoch 10: Val Acc: 0.75%
2025-08-14 21:38:53,852 - INFO - Fold 1, Epoch 20: Val Acc: 0.81%
2025-08-14 21:38:55,961 - INFO - Fold 1, Epoch 30: Val Acc: 0.62%
2025-08-14 21:38:58,027 - INFO - Fold 1, Epoch 40: Val Acc: 0.59%
2025-08-14 21:39:00,088 - INFO - Fold 1, Epoch 50: Val Acc: 0.56%
2025-08-14 21:39:02,162 - INFO - Fold 1, Epoch 60: Val Acc: 0.72%
2025-08-14 21:39:04,020 - INFO - Fold 1, Epoch 70: Val Acc: 0.59%
2025-08-14 21:39:07,814 - INFO - Fold 1, Epoch 80: Val Acc: 0.72%
2025-08-14 21:39:09,808 - INFO - Fold 1, Epoch 90: Val Acc: 0.72%
2025-08-14 21:39:11,790 - INFO - Fold 1, Epoch 100: Val Acc: 0.56%
2025-08-14 21:39:13,762 - INFO - Fold 1, Epoch 110: Val Acc: 0.78%
2025-08-14 21:39:17,275 - INFO - Fold 1, Epoch 120: Val Acc: 0.69%
2025-08-14 21:39:18,965 - INFO - Fold 1, Epoch 130: Val Acc: 0.72%
2025-08-14 21:39:20,711 - INFO - Fold 1, Epoch 140: Val Acc: 0.66%
2025-08-14 21:39:22,407 - INFO - Fold 1, Epoch 150: Val Acc: 0.78%
2025-08-14 21:39:24,230 - INFO - Fold 1, Epoch 160: Val Acc: 0.72%
2025-08-14 21:39:27,774 - INFO - Fold 1, Epoch 170: Val Acc: 0.69%
2025-08-14 21:39:29,607 - INFO - Fold 1, Epoch 180: Val Acc: 0.72%
2025-08-14 21:39:31,553 - INFO - Fold 1, Epoch 190: Val Acc: 0.72%
2025-08-14 21:39:33,543 - INFO - Fold 1, Epoch 200: Val Acc: 0.69%
2025-08-14 21:39:35,347 - INFO - Fold 1, Epoch 210: Val Acc: 0.72%
2025-08-14 21:39:37,160 - INFO - Fold 1, Epoch 220: Val Acc: 0.88%
2025-08-14 21:39:39,067 - INFO - Fold 1, Epoch 230: Val Acc: 0.62%
2025-08-14 21:39:41,059 - INFO - Fold 1, Epoch 240: Val Acc: 0.75%
2025-08-14 21:39:43,056 - INFO - Fold 1, Epoch 250: Val Acc: 0.66%
2025-08-14 21:39:45,049 - INFO - Fold 1, Epoch 260: Val Acc: 0.62%
2025-08-14 21:39:45,652 - INFO - Early stopping at epoch 263
2025-08-14 21:39:48,804 - INFO - --- Starting Fold 2/3 ---
2025-08-14 21:39:48,810 - INFO - Generated pairs. Train: 1128 (Positive: 48). Val: 276 (Positive: 24)
2025-08-14 21:39:48,811 - INFO - Starting training for fold 2/3
2025-08-14 21:39:54,608 - INFO - Fold 2, Epoch 10: Val Acc: 0.44%
2025-08-14 21:39:56,607 - INFO - Fold 2, Epoch 20: Val Acc: 0.53%
2025-08-14 21:40:00,859 - INFO - Fold 2, Epoch 30: Val Acc: 0.81%
2025-08-14 21:40:02,861 - INFO - Fold 2, Epoch 40: Val Acc: 0.78%
2025-08-14 21:40:04,872 - INFO - Fold 2, Epoch 50: Val Acc: 0.66%
2025-08-14 21:40:06,890 - INFO - Fold 2, Epoch 60: Val Acc: 0.53%
2025-08-14 21:40:08,896 - INFO - Fold 2, Epoch 70: Val Acc: 0.72%
2025-08-14 21:40:10,914 - INFO - Fold 2, Epoch 80: Val Acc: 0.84%
2025-08-14 21:40:12,944 - INFO - Fold 2, Epoch 90: Val Acc: 0.69%
2025-08-14 21:40:14,963 - INFO - Fold 2, Epoch 100: Val Acc: 0.66%
2025-08-14 21:40:18,188 - INFO - Fold 2, Epoch 110: Val Acc: 0.91%
2025-08-14 21:40:20,312 - INFO - Fold 2, Epoch 120: Val Acc: 0.72%
2025-08-14 21:40:22,382 - INFO - Fold 2, Epoch 130: Val Acc: 0.69%
2025-08-14 21:40:24,463 - INFO - Fold 2, Epoch 140: Val Acc: 0.81%
2025-08-14 21:40:26,549 - INFO - Fold 2, Epoch 150: Val Acc: 0.81%
2025-08-14 21:40:28,620 - INFO - Fold 2, Epoch 160: Val Acc: 0.78%
2025-08-14 21:40:30,420 - INFO - Fold 2, Epoch 170: Val Acc: 0.81%
2025-08-14 21:40:32,104 - INFO - Fold 2, Epoch 180: Val Acc: 0.78%
2025-08-14 21:40:33,792 - INFO - Fold 2, Epoch 190: Val Acc: 0.66%
2025-08-14 21:40:35,488 - INFO - Fold 2, Epoch 200: Val Acc: 0.72%
2025-08-14 21:40:37,487 - INFO - Early stopping at epoch 210
2025-08-14 21:40:38,389 - INFO - --- Starting Fold 3/3 ---
2025-08-14 21:40:38,393 - INFO - Generated pairs. Train: 1128 (Positive: 48). Val: 276 (Positive: 24)
2025-08-14 21:40:38,393 - INFO - Starting training for fold 3/3
2025-08-14 21:40:44,025 - INFO - Fold 3, Epoch 10: Val Acc: 0.56%
2025-08-14 21:40:47,171 - INFO - Fold 3, Epoch 20: Val Acc: 0.62%
2025-08-14 21:40:50,286 - INFO - Fold 3, Epoch 30: Val Acc: 0.66%
2025-08-14 21:40:52,359 - INFO - Fold 3, Epoch 40: Val Acc: 0.62%
2025-08-14 21:40:54,433 - INFO - Fold 3, Epoch 50: Val Acc: 0.81%
2025-08-14 21:40:56,463 - INFO - Fold 3, Epoch 60: Val Acc: 0.75%
2025-08-14 21:40:58,286 - INFO - Fold 3, Epoch 70: Val Acc: 0.69%
2025-08-14 21:41:00,288 - INFO - Fold 3, Epoch 80: Val Acc: 0.78%
2025-08-14 21:41:02,335 - INFO - Fold 3, Epoch 90: Val Acc: 0.69%
2025-08-14 21:41:04,399 - INFO - Fold 3, Epoch 100: Val Acc: 0.75%
2025-08-14 21:41:06,410 - INFO - Fold 3, Epoch 110: Val Acc: 0.78%
2025-08-14 21:41:08,416 - INFO - Fold 3, Epoch 120: Val Acc: 0.75%
2025-08-14 21:41:09,628 - INFO - Early stopping at epoch 126
2025-08-14 21:41:10,518 - INFO - Cross-validation statistics for transformer: {'train_loss': {'mean': np.float64(3.9773979716830787), 'std': np.float64(0.05482351504966611)}, 'train_accuracy': {'mean': np.float64(0.7222222222222223), 'std': np.float64(0.06383602885711888)}, 'val_loss': {'mean': np.float64(4.183364232381185), 'std': np.float64(0.058021250568668074)}, 'val_accuracy': {'mean': np.float64(0.9166666666666666), 'std': np.float64(0.01473139127471974)}, 'epoch': {'mean': np.float64(98.66666666666667), 'std': np.float64(56.405279500730735)}}
[I 2025-08-14 21:41:10,530] Trial 52 finished with value: -0.9166666666666666 and parameters: {'learning_rate': 0.0003551974230631874, 'batch_size': 32, 'num_epochs': 743, 'temperature': 0.35713467247234604, 'embedding_dim': 128, 'hidden_dim': 256, 'dropout': 0.48565925587997966, 'num_layers': 4, 'num_heads': 8, 'noise_enabled': True, 'shift_enabled': False, 'scale_enabled': True, 'crop_enabled': True, 'flip_enabled': False, 'permutation_enabled': False, 'noise_level': 0.03717203755432058, 'crop_size': 0.5378245186252557}. Best is trial 9 with value: -0.9270833333333334.
Actual device being used: cuda
Attempting to load data from: /vol/ecrg-solar/woodj4/fishy-business/data/REIMS.xlsx
