Trial 180 finished with value: -0.9166666666666666 and parameters: {'learning_rate': 0.0006194119002198034, 'batch_size': 32, 'num_epochs': 678, 'temperature': 0.24554854477650792, 'embedding_dim': 512, 'hidden_dim': 256, 'dropout': 0.2045675079746324, 'num_layers': 5, 'num_heads': 2, 'noise_enabled': True, 'shift_enabled': False, 'scale_enabled': True, 'crop_enabled': True, 'flip_enabled': False, 'permutation_enabled': False, 'noise_level': 0.1708564377825846, 'crop_size': 0.543698884709665}. Best is trial 92 with value: -0.9479166666666666.
2025-08-15 03:43:50,178 - INFO - Using device: cuda
2025-08-15 03:44:00,107 - INFO - --- Starting Fold 1/3 ---
2025-08-15 03:44:00,109 - INFO - Generated pairs. Train: 1128 (Positive: 48). Val: 276 (Positive: 24)
2025-08-15 03:44:00,109 - INFO - Starting training for fold 1/3
2025-08-15 03:44:07,034 - INFO - Fold 1, Epoch 10: Val Acc: 0.62%
2025-08-15 03:44:11,494 - INFO - Fold 1, Epoch 20: Val Acc: 0.59%
2025-08-15 03:44:18,130 - INFO - Fold 1, Epoch 30: Val Acc: 0.78%
2025-08-15 03:44:22,548 - INFO - Fold 1, Epoch 40: Val Acc: 0.69%
2025-08-15 03:44:24,771 - INFO - Fold 1, Epoch 50: Val Acc: 0.72%
2025-08-15 03:44:26,991 - INFO - Fold 1, Epoch 60: Val Acc: 0.78%
2025-08-15 03:44:29,208 - INFO - Fold 1, Epoch 70: Val Acc: 0.78%
2025-08-15 03:44:31,430 - INFO - Fold 1, Epoch 80: Val Acc: 0.78%
2025-08-15 03:44:35,762 - INFO - Fold 1, Epoch 90: Val Acc: 0.59%
2025-08-15 03:44:37,744 - INFO - Fold 1, Epoch 100: Val Acc: 0.75%
2025-08-15 03:44:39,577 - INFO - Fold 1, Epoch 110: Val Acc: 0.69%
2025-08-15 03:44:41,563 - INFO - Fold 1, Epoch 120: Val Acc: 0.78%
2025-08-15 03:44:43,569 - INFO - Fold 1, Epoch 130: Val Acc: 0.62%
2025-08-15 03:44:48,023 - INFO - Fold 1, Epoch 140: Val Acc: 0.81%
2025-08-15 03:44:50,239 - INFO - Fold 1, Epoch 150: Val Acc: 0.69%
2025-08-15 03:44:52,319 - INFO - Fold 1, Epoch 160: Val Acc: 0.56%
2025-08-15 03:44:54,510 - INFO - Fold 1, Epoch 170: Val Acc: 0.72%
2025-08-15 03:44:56,730 - INFO - Fold 1, Epoch 180: Val Acc: 0.66%
2025-08-15 03:44:58,959 - INFO - Fold 1, Epoch 190: Val Acc: 0.66%
2025-08-15 03:45:01,198 - INFO - Fold 1, Epoch 200: Val Acc: 0.75%
2025-08-15 03:45:03,437 - INFO - Fold 1, Epoch 210: Val Acc: 0.59%
2025-08-15 03:45:05,696 - INFO - Fold 1, Epoch 220: Val Acc: 0.78%
2025-08-15 03:45:07,972 - INFO - Fold 1, Epoch 230: Val Acc: 0.84%
2025-08-15 03:45:13,000 - INFO - Fold 1, Epoch 240: Val Acc: 0.69%
2025-08-15 03:45:15,328 - INFO - Fold 1, Epoch 250: Val Acc: 0.75%
2025-08-15 03:45:17,609 - INFO - Fold 1, Epoch 260: Val Acc: 0.56%
2025-08-15 03:45:19,852 - INFO - Fold 1, Epoch 270: Val Acc: 0.69%
2025-08-15 03:45:22,089 - INFO - Fold 1, Epoch 280: Val Acc: 0.69%
2025-08-15 03:45:24,319 - INFO - Fold 1, Epoch 290: Val Acc: 0.72%
2025-08-15 03:45:26,552 - INFO - Fold 1, Epoch 300: Val Acc: 0.47%
2025-08-15 03:45:28,779 - INFO - Fold 1, Epoch 310: Val Acc: 0.62%
2025-08-15 03:45:30,993 - INFO - Fold 1, Epoch 320: Val Acc: 0.72%
2025-08-15 03:45:33,215 - INFO - Fold 1, Epoch 330: Val Acc: 0.56%
2025-08-15 03:45:34,543 - INFO - Early stopping at epoch 336
2025-08-15 03:45:38,114 - INFO - --- Starting Fold 2/3 ---
2025-08-15 03:45:38,117 - INFO - Generated pairs. Train: 1128 (Positive: 48). Val: 276 (Positive: 24)
2025-08-15 03:45:38,117 - INFO - Starting training for fold 2/3
2025-08-15 03:45:47,718 - INFO - Fold 2, Epoch 10: Val Acc: 0.62%
2025-08-15 03:45:51,572 - INFO - Fold 2, Epoch 20: Val Acc: 0.50%
2025-08-15 03:45:56,768 - INFO - Fold 2, Epoch 30: Val Acc: 0.81%
2025-08-15 03:45:58,707 - INFO - Fold 2, Epoch 40: Val Acc: 0.69%
2025-08-15 03:46:00,882 - INFO - Fold 2, Epoch 50: Val Acc: 0.81%
2025-08-15 03:46:02,938 - INFO - Fold 2, Epoch 60: Val Acc: 0.56%
2025-08-15 03:46:05,105 - INFO - Fold 2, Epoch 70: Val Acc: 0.75%
2025-08-15 03:46:07,243 - INFO - Fold 2, Epoch 80: Val Acc: 0.81%
2025-08-15 03:46:09,288 - INFO - Fold 2, Epoch 90: Val Acc: 0.72%
2025-08-15 03:46:11,546 - INFO - Fold 2, Epoch 100: Val Acc: 0.78%
2025-08-15 03:46:13,867 - INFO - Fold 2, Epoch 110: Val Acc: 0.72%
2025-08-15 03:46:16,175 - INFO - Fold 2, Epoch 120: Val Acc: 0.66%
2025-08-15 03:46:18,025 - INFO - Early stopping at epoch 128
2025-08-15 03:46:19,061 - INFO - --- Starting Fold 3/3 ---
2025-08-15 03:46:19,062 - INFO - Generated pairs. Train: 1128 (Positive: 48). Val: 276 (Positive: 24)
2025-08-15 03:46:19,063 - INFO - Starting training for fold 3/3
2025-08-15 03:46:28,290 - INFO - Fold 3, Epoch 10: Val Acc: 0.72%
2025-08-15 03:46:34,834 - INFO - Fold 3, Epoch 20: Val Acc: 0.81%
2025-08-15 03:46:40,147 - INFO - Fold 3, Epoch 30: Val Acc: 0.75%
2025-08-15 03:46:42,368 - INFO - Fold 3, Epoch 40: Val Acc: 0.81%
2025-08-15 03:46:46,079 - INFO - Fold 3, Epoch 50: Val Acc: 0.88%
2025-08-15 03:46:48,303 - INFO - Fold 3, Epoch 60: Val Acc: 0.84%
2025-08-15 03:46:50,507 - INFO - Fold 3, Epoch 70: Val Acc: 0.72%
2025-08-15 03:46:52,554 - INFO - Fold 3, Epoch 80: Val Acc: 0.81%
2025-08-15 03:46:54,764 - INFO - Fold 3, Epoch 90: Val Acc: 0.69%
2025-08-15 03:46:56,981 - INFO - Fold 3, Epoch 100: Val Acc: 0.84%
2025-08-15 03:46:59,020 - INFO - Fold 3, Epoch 110: Val Acc: 0.78%
2025-08-15 03:47:01,250 - INFO - Fold 3, Epoch 120: Val Acc: 0.69%
2025-08-15 03:47:03,477 - INFO - Fold 3, Epoch 130: Val Acc: 0.81%
2025-08-15 03:47:07,291 - INFO - Fold 3, Epoch 140: Val Acc: 0.66%
2025-08-15 03:47:09,519 - INFO - Fold 3, Epoch 150: Val Acc: 0.72%
2025-08-15 03:47:11,741 - INFO - Fold 3, Epoch 160: Val Acc: 0.84%
2025-08-15 03:47:13,970 - INFO - Fold 3, Epoch 170: Val Acc: 0.66%
2025-08-15 03:47:16,277 - INFO - Fold 3, Epoch 180: Val Acc: 0.53%
2025-08-15 03:47:18,601 - INFO - Fold 3, Epoch 190: Val Acc: 0.75%
2025-08-15 03:47:20,801 - INFO - Fold 3, Epoch 200: Val Acc: 0.66%
2025-08-15 03:47:22,612 - INFO - Fold 3, Epoch 210: Val Acc: 0.84%
2025-08-15 03:47:24,424 - INFO - Fold 3, Epoch 220: Val Acc: 0.66%
2025-08-15 03:47:26,232 - INFO - Fold 3, Epoch 230: Val Acc: 0.78%
2025-08-15 03:47:26,954 - INFO - Early stopping at epoch 234
2025-08-15 03:47:27,990 - INFO - Cross-validation statistics for transformer: {'train_loss': {'mean': np.float64(3.8084869384765625), 'std': np.float64(0.17720783288315678)}, 'train_accuracy': {'mean': np.float64(0.8194444444444443), 'std': np.float64(0.043645156562418456)}, 'val_loss': {'mean': np.float64(4.19067923227946), 'std': np.float64(0.04280747413298986)}, 'val_accuracy': {'mean': np.float64(0.9166666666666666), 'std': np.float64(0.02946278254943948)}, 'epoch': {'mean': np.float64(131.66666666666666), 'std': np.float64(84.92087820763251)}}
[I 2025-08-15 03:47:27,998] Trial 181 finished with value: -0.9166666666666666 and parameters: {'learning_rate': 0.0006998587531484279, 'batch_size': 32, 'num_epochs': 853, 'temperature': 0.32572364115629104, 'embedding_dim': 256, 'hidden_dim': 256, 'dropout': 0.2501342143959346, 'num_layers': 5, 'num_heads': 4, 'noise_enabled': True, 'shift_enabled': False, 'scale_enabled': True, 'crop_enabled': True, 'flip_enabled': False, 'permutation_enabled': False, 'noise_level': 0.07628256376589296, 'crop_size': 0.5304815696101323}. Best is trial 92 with value: -0.9479166666666666.
Actual device being used: cuda
Attempting to load data from: /vol/ecrg-solar/woodj4/fishy-business/data/REIMS.xlsx
Trial 181 finished with value: -0.9166666666666666 and parameters: {'learning_rate': 0.0006998587531484279, 'batch_size': 32, 'num_epochs': 853, 'temperature': 0.32572364115629104, 'embedding_dim': 256, 'hidden_dim': 256, 'dropout': 0.2501342143959346, 'num_layers': 5, 'num_heads': 4, 'noise_enabled': True, 'shift_enabled': False, 'scale_enabled': True, 'crop_enabled': True, 'flip_enabled': False, 'permutation_enabled': False, 'noise_level': 0.07628256376589296, 'crop_size': 0.5304815696101323}. Best is trial 92 with value: -0.9479166666666666.
2025-08-15 03:47:28,054 - INFO - Using device: cuda
2025-08-15 03:47:37,725 - INFO - --- Starting Fold 1/3 ---
2025-08-15 03:47:37,726 - INFO - Generated pairs. Train: 1128 (Positive: 48). Val: 276 (Positive: 24)
2025-08-15 03:47:37,726 - INFO - Starting training for fold 1/3
2025-08-15 03:47:44,425 - INFO - Fold 1, Epoch 10: Val Acc: 0.66%
2025-08-15 03:47:51,287 - INFO - Fold 1, Epoch 20: Val Acc: 0.75%
2025-08-15 03:47:55,638 - INFO - Fold 1, Epoch 30: Val Acc: 0.88%
2025-08-15 03:47:57,906 - INFO - Fold 1, Epoch 40: Val Acc: 0.72%
2025-08-15 03:48:00,206 - INFO - Fold 1, Epoch 50: Val Acc: 0.84%
2025-08-15 03:48:02,520 - INFO - Fold 1, Epoch 60: Val Acc: 0.62%
2025-08-15 03:48:04,822 - INFO - Fold 1, Epoch 70: Val Acc: 0.78%
2025-08-15 03:48:07,127 - INFO - Fold 1, Epoch 80: Val Acc: 0.62%
2025-08-15 03:48:09,436 - INFO - Fold 1, Epoch 90: Val Acc: 0.72%
2025-08-15 03:48:11,668 - INFO - Fold 1, Epoch 100: Val Acc: 0.59%
2025-08-15 03:48:13,885 - INFO - Fold 1, Epoch 110: Val Acc: 0.59%
2025-08-15 03:48:16,099 - INFO - Fold 1, Epoch 120: Val Acc: 0.75%
2025-08-15 03:48:18,030 - INFO - Early stopping at epoch 130
2025-08-15 03:48:21,573 - INFO - --- Starting Fold 2/3 ---
2025-08-15 03:48:21,583 - INFO - Generated pairs. Train: 1128 (Positive: 48). Val: 276 (Positive: 24)
2025-08-15 03:48:21,583 - INFO - Starting training for fold 2/3
2025-08-15 03:48:26,576 - INFO - Fold 2, Epoch 10: Val Acc: 0.66%
2025-08-15 03:48:31,332 - INFO - Fold 2, Epoch 20: Val Acc: 0.72%
2025-08-15 03:48:33,475 - INFO - Fold 2, Epoch 30: Val Acc: 0.78%
2025-08-15 03:48:37,119 - INFO - Fold 2, Epoch 40: Val Acc: 0.66%
2025-08-15 03:48:40,954 - INFO - Fold 2, Epoch 50: Val Acc: 0.78%
2025-08-15 03:48:43,075 - INFO - Fold 2, Epoch 60: Val Acc: 0.72%
2025-08-15 03:48:45,321 - INFO - Fold 2, Epoch 70: Val Acc: 0.72%
2025-08-15 03:48:47,549 - INFO - Fold 2, Epoch 80: Val Acc: 0.84%
2025-08-15 03:48:49,638 - INFO - Fold 2, Epoch 90: Val Acc: 0.81%
2025-08-15 03:48:51,565 - INFO - Fold 2, Epoch 100: Val Acc: 0.78%
2025-08-15 03:48:53,585 - INFO - Fold 2, Epoch 110: Val Acc: 0.84%
2025-08-15 03:48:55,813 - INFO - Fold 2, Epoch 120: Val Acc: 0.78%
2025-08-15 03:48:58,042 - INFO - Fold 2, Epoch 130: Val Acc: 0.78%
2025-08-15 03:49:00,266 - INFO - Fold 2, Epoch 140: Val Acc: 0.72%
2025-08-15 03:49:01,376 - INFO - Early stopping at epoch 145
2025-08-15 03:49:04,288 - INFO - --- Starting Fold 3/3 ---
2025-08-15 03:49:04,291 - INFO - Generated pairs. Train: 1128 (Positive: 48). Val: 276 (Positive: 24)
2025-08-15 03:49:04,291 - INFO - Starting training for fold 3/3
2025-08-15 03:49:10,714 - INFO - Fold 3, Epoch 10: Val Acc: 0.59%
2025-08-15 03:49:14,368 - INFO - Fold 3, Epoch 20: Val Acc: 0.66%
2025-08-15 03:49:17,909 - INFO - Fold 3, Epoch 30: Val Acc: 0.72%
2025-08-15 03:49:21,059 - INFO - Fold 3, Epoch 40: Val Acc: 0.66%
2025-08-15 03:49:24,494 - INFO - Fold 3, Epoch 50: Val Acc: 0.72%
2025-08-15 03:49:26,731 - INFO - Fold 3, Epoch 60: Val Acc: 0.78%
2025-08-15 03:49:28,984 - INFO - Fold 3, Epoch 70: Val Acc: 0.75%
2025-08-15 03:49:31,231 - INFO - Fold 3, Epoch 80: Val Acc: 0.72%
2025-08-15 03:49:33,461 - INFO - Fold 3, Epoch 90: Val Acc: 0.81%
2025-08-15 03:49:35,679 - INFO - Fold 3, Epoch 100: Val Acc: 0.59%
2025-08-15 03:49:37,896 - INFO - Fold 3, Epoch 110: Val Acc: 0.81%
2025-08-15 03:49:40,100 - INFO - Fold 3, Epoch 120: Val Acc: 0.75%
2025-08-15 03:49:42,319 - INFO - Fold 3, Epoch 130: Val Acc: 0.50%
2025-08-15 03:49:44,552 - INFO - Fold 3, Epoch 140: Val Acc: 0.69%
2025-08-15 03:49:45,672 - INFO - Early stopping at epoch 145
2025-08-15 03:49:46,736 - INFO - Cross-validation statistics for transformer: {'train_loss': {'mean': np.float64(3.9528512424892845), 'std': np.float64(0.04355354629933913)}, 'train_accuracy': {'mean': np.float64(0.7604166666666666), 'std': np.float64(0.05103103630798288)}, 'val_loss': {'mean': np.float64(4.230189323425293), 'std': np.float64(0.06748214899543767)}, 'val_accuracy': {'mean': np.float64(0.8958333333333334), 'std': np.float64(0.01473139127471974)}, 'epoch': {'mean': np.float64(39.0), 'std': np.float64(7.0710678118654755)}}
[I 2025-08-15 03:49:46,742] Trial 182 finished with value: -0.8958333333333334 and parameters: {'learning_rate': 0.0006692205877204013, 'batch_size': 32, 'num_epochs': 859, 'temperature': 0.35396770174430564, 'embedding_dim': 256, 'hidden_dim': 256, 'dropout': 0.26786492938651685, 'num_layers': 5, 'num_heads': 4, 'noise_enabled': True, 'shift_enabled': False, 'scale_enabled': True, 'crop_enabled': True, 'flip_enabled': False, 'permutation_enabled': False, 'noise_level': 0.06885637740919791, 'crop_size': 0.525170124923101}. Best is trial 92 with value: -0.9479166666666666.
Actual device being used: cuda
Attempting to load data from: /vol/ecrg-solar/woodj4/fishy-business/data/REIMS.xlsx
Trial 182 finished with value: -0.8958333333333334 and parameters: {'learning_rate': 0.0006692205877204013, 'batch_size': 32, 'num_epochs': 859, 'temperature': 0.35396770174430564, 'embedding_dim': 256, 'hidden_dim': 256, 'dropout': 0.26786492938651685, 'num_layers': 5, 'num_heads': 4, 'noise_enabled': True, 'shift_enabled': False, 'scale_enabled': True, 'crop_enabled': True, 'flip_enabled': False, 'permutation_enabled': False, 'noise_level': 0.06885637740919791, 'crop_size': 0.525170124923101}. Best is trial 92 with value: -0.9479166666666666.
2025-08-15 03:49:46,786 - INFO - Using device: cuda
2025-08-15 03:49:56,365 - INFO - --- Starting Fold 1/3 ---
2025-08-15 03:49:56,367 - INFO - Generated pairs. Train: 1128 (Positive: 48). Val: 276 (Positive: 24)
2025-08-15 03:49:56,367 - INFO - Starting training for fold 1/3
2025-08-15 03:50:05,439 - INFO - Fold 1, Epoch 10: Val Acc: 0.59%
2025-08-15 03:50:07,466 - INFO - Fold 1, Epoch 20: Val Acc: 0.59%
2025-08-15 03:50:09,329 - INFO - Fold 1, Epoch 30: Val Acc: 0.75%
2025-08-15 03:50:11,194 - INFO - Fold 1, Epoch 40: Val Acc: 0.69%
2025-08-15 03:50:17,169 - INFO - Fold 1, Epoch 50: Val Acc: 0.75%
2025-08-15 03:50:19,143 - INFO - Fold 1, Epoch 60: Val Acc: 0.72%
2025-08-15 03:50:21,256 - INFO - Fold 1, Epoch 70: Val Acc: 0.75%
2025-08-15 03:50:23,385 - INFO - Fold 1, Epoch 80: Val Acc: 0.78%
2025-08-15 03:50:25,465 - INFO - Fold 1, Epoch 90: Val Acc: 0.72%
2025-08-15 03:50:29,998 - INFO - Fold 1, Epoch 100: Val Acc: 0.66%
2025-08-15 03:50:32,240 - INFO - Fold 1, Epoch 110: Val Acc: 0.59%
2025-08-15 03:50:34,479 - INFO - Fold 1, Epoch 120: Val Acc: 0.81%
2025-08-15 03:50:36,569 - INFO - Fold 1, Epoch 130: Val Acc: 0.69%
2025-08-15 03:50:38,717 - INFO - Fold 1, Epoch 140: Val Acc: 0.59%
2025-08-15 03:50:40,948 - INFO - Fold 1, Epoch 150: Val Acc: 0.59%
2025-08-15 03:50:42,979 - INFO - Fold 1, Epoch 160: Val Acc: 0.62%
2025-08-15 03:50:45,223 - INFO - Fold 1, Epoch 170: Val Acc: 0.62%
2025-08-15 03:50:47,340 - INFO - Fold 1, Epoch 180: Val Acc: 0.66%
2025-08-15 03:50:49,585 - INFO - Fold 1, Epoch 190: Val Acc: 0.69%
2025-08-15 03:50:50,939 - INFO - Early stopping at epoch 196
2025-08-15 03:50:54,513 - INFO - --- Starting Fold 2/3 ---
2025-08-15 03:50:54,516 - INFO - Generated pairs. Train: 1128 (Positive: 48). Val: 276 (Positive: 24)
2025-08-15 03:50:54,516 - INFO - Starting training for fold 2/3
2025-08-15 03:51:03,735 - INFO - Fold 2, Epoch 10: Val Acc: 0.75%
2025-08-15 03:51:08,224 - INFO - Fold 2, Epoch 20: Val Acc: 0.69%
2025-08-15 03:51:09,953 - INFO - Fold 2, Epoch 30: Val Acc: 0.69%
2025-08-15 03:51:13,195 - INFO - Fold 2, Epoch 40: Val Acc: 0.72%
2025-08-15 03:51:16,389 - INFO - Fold 2, Epoch 50: Val Acc: 0.78%
2025-08-15 03:51:18,632 - INFO - Fold 2, Epoch 60: Val Acc: 0.69%
2025-08-15 03:51:20,935 - INFO - Fold 2, Epoch 70: Val Acc: 0.78%
2025-08-15 03:51:23,247 - INFO - Fold 2, Epoch 80: Val Acc: 0.78%
2025-08-15 03:51:26,903 - INFO - Fold 2, Epoch 90: Val Acc: 0.78%
2025-08-15 03:51:28,965 - INFO - Fold 2, Epoch 100: Val Acc: 0.78%
2025-08-15 03:51:30,988 - INFO - Fold 2, Epoch 110: Val Acc: 0.84%
2025-08-15 03:51:33,056 - INFO - Fold 2, Epoch 120: Val Acc: 0.72%
2025-08-15 03:51:35,283 - INFO - Fold 2, Epoch 130: Val Acc: 0.78%
2025-08-15 03:51:37,502 - INFO - Fold 2, Epoch 140: Val Acc: 0.78%
2025-08-15 03:51:39,787 - INFO - Fold 2, Epoch 150: Val Acc: 0.72%
2025-08-15 03:51:42,091 - INFO - Fold 2, Epoch 160: Val Acc: 0.78%
2025-08-15 03:51:44,418 - INFO - Fold 2, Epoch 170: Val Acc: 0.78%
2025-08-15 03:51:46,727 - INFO - Fold 2, Epoch 180: Val Acc: 0.84%
2025-08-15 03:51:47,659 - INFO - Early stopping at epoch 184
2025-08-15 03:51:48,720 - INFO - --- Starting Fold 3/3 ---
2025-08-15 03:51:48,723 - INFO - Generated pairs. Train: 1128 (Positive: 48). Val: 276 (Positive: 24)
2025-08-15 03:51:48,723 - INFO - Starting training for fold 3/3
2025-08-15 03:51:53,800 - INFO - Fold 3, Epoch 10: Val Acc: 0.59%
2025-08-15 03:51:57,502 - INFO - Fold 3, Epoch 20: Val Acc: 0.66%
2025-08-15 03:52:01,187 - INFO - Fold 3, Epoch 30: Val Acc: 0.66%
2025-08-15 03:52:04,896 - INFO - Fold 3, Epoch 40: Val Acc: 0.75%
2025-08-15 03:52:08,557 - INFO - Fold 3, Epoch 50: Val Acc: 0.78%
2025-08-15 03:52:12,119 - INFO - Fold 3, Epoch 60: Val Acc: 0.78%
2025-08-15 03:52:14,366 - INFO - Fold 3, Epoch 70: Val Acc: 0.84%
2025-08-15 03:52:16,599 - INFO - Fold 3, Epoch 80: Val Acc: 0.81%
2025-08-15 03:52:18,802 - INFO - Fold 3, Epoch 90: Val Acc: 0.62%
2025-08-15 03:52:21,027 - INFO - Fold 3, Epoch 100: Val Acc: 0.62%
2025-08-15 03:52:23,259 - INFO - Fold 3, Epoch 110: Val Acc: 0.78%
2025-08-15 03:52:25,501 - INFO - Fold 3, Epoch 120: Val Acc: 0.81%
2025-08-15 03:52:27,737 - INFO - Fold 3, Epoch 130: Val Acc: 0.78%
2025-08-15 03:52:29,970 - INFO - Fold 3, Epoch 140: Val Acc: 0.81%
2025-08-15 03:52:32,199 - INFO - Fold 3, Epoch 150: Val Acc: 0.81%
2025-08-15 03:52:33,566 - INFO - Early stopping at epoch 156
2025-08-15 03:52:36,469 - INFO - Cross-validation statistics for transformer: {'train_loss': {'mean': np.float64(3.897668308681912), 'std': np.float64(0.03784615826288878)}, 'train_accuracy': {'mean': np.float64(0.75), 'std': np.float64(0.014731391274719766)}, 'val_loss': {'mean': np.float64(4.217871189117432), 'std': np.float64(0.05931498745454322)}, 'val_accuracy': {'mean': np.float64(0.8854166666666666), 'std': np.float64(0.01473139127471974)}, 'epoch': {'mean': np.float64(77.66666666666667), 'std': np.float64(16.75974011996871)}}
[I 2025-08-15 03:52:36,480] Trial 183 finished with value: -0.8854166666666666 and parameters: {'learning_rate': 0.0005590716449828175, 'batch_size': 32, 'num_epochs': 821, 'temperature': 0.3185107457961447, 'embedding_dim': 256, 'hidden_dim': 256, 'dropout': 0.28498085858033606, 'num_layers': 5, 'num_heads': 4, 'noise_enabled': True, 'shift_enabled': False, 'scale_enabled': True, 'crop_enabled': True, 'flip_enabled': False, 'permutation_enabled': False, 'noise_level': 0.056972377356407505, 'crop_size': 0.5172184307239748}. Best is trial 92 with value: -0.9479166666666666.
Actual device being used: cuda
Attempting to load data from: /vol/ecrg-solar/woodj4/fishy-business/data/REIMS.xlsx
