Trial 105 finished with value: -0.90625 and parameters: {'learning_rate': 0.0002798113038779284, 'batch_size': 32, 'num_epochs': 315, 'temperature': 0.3132119859985611, 'embedding_dim': 256, 'hidden_dim': 256, 'dropout': 0.4571587134025844, 'num_layers': 5, 'num_heads': 8, 'noise_enabled': True, 'shift_enabled': False, 'scale_enabled': False, 'crop_enabled': True, 'flip_enabled': False, 'permutation_enabled': False, 'noise_level': 0.06501572399077714, 'crop_size': 0.5378232339634017}. Best is trial 92 with value: -0.9479166666666666.
2025-08-15 00:09:41,710 - INFO - Using device: cuda
2025-08-15 00:09:51,728 - INFO - --- Starting Fold 1/3 ---
2025-08-15 00:09:51,730 - INFO - Generated pairs. Train: 1128 (Positive: 48). Val: 276 (Positive: 24)
2025-08-15 00:09:51,730 - INFO - Starting training for fold 1/3
2025-08-15 00:10:05,674 - INFO - Fold 1, Epoch 10: Val Acc: 0.50%
2025-08-15 00:10:07,930 - INFO - Fold 1, Epoch 20: Val Acc: 0.41%
2025-08-15 00:10:10,182 - INFO - Fold 1, Epoch 30: Val Acc: 0.44%
2025-08-15 00:10:12,431 - INFO - Fold 1, Epoch 40: Val Acc: 0.41%
2025-08-15 00:10:14,687 - INFO - Fold 1, Epoch 50: Val Acc: 0.41%
2025-08-15 00:10:16,944 - INFO - Fold 1, Epoch 60: Val Acc: 0.44%
2025-08-15 00:10:19,182 - INFO - Fold 1, Epoch 70: Val Acc: 0.41%
2025-08-15 00:10:21,430 - INFO - Fold 1, Epoch 80: Val Acc: 0.41%
2025-08-15 00:10:23,673 - INFO - Fold 1, Epoch 90: Val Acc: 0.41%
2025-08-15 00:10:25,605 - INFO - Fold 1, Epoch 100: Val Acc: 0.38%
2025-08-15 00:10:27,175 - INFO - Early stopping at epoch 109
2025-08-15 00:10:30,943 - INFO - --- Starting Fold 2/3 ---
2025-08-15 00:10:30,946 - INFO - Generated pairs. Train: 1128 (Positive: 48). Val: 276 (Positive: 24)
2025-08-15 00:10:30,946 - INFO - Starting training for fold 2/3
2025-08-15 00:10:36,440 - INFO - Fold 2, Epoch 10: Val Acc: 0.50%
2025-08-15 00:10:38,685 - INFO - Fold 2, Epoch 20: Val Acc: 0.47%
2025-08-15 00:10:40,929 - INFO - Fold 2, Epoch 30: Val Acc: 0.44%
2025-08-15 00:10:43,185 - INFO - Fold 2, Epoch 40: Val Acc: 0.59%
2025-08-15 00:10:45,441 - INFO - Fold 2, Epoch 50: Val Acc: 0.41%
2025-08-15 00:10:47,722 - INFO - Fold 2, Epoch 60: Val Acc: 0.59%
2025-08-15 00:10:49,963 - INFO - Fold 2, Epoch 70: Val Acc: 0.41%
2025-08-15 00:10:52,034 - INFO - Fold 2, Epoch 80: Val Acc: 0.50%
2025-08-15 00:10:53,766 - INFO - Fold 2, Epoch 90: Val Acc: 0.50%
2025-08-15 00:10:57,458 - INFO - Fold 2, Epoch 100: Val Acc: 0.44%
2025-08-15 00:10:59,535 - INFO - Fold 2, Epoch 110: Val Acc: 0.69%
2025-08-15 00:11:01,791 - INFO - Fold 2, Epoch 120: Val Acc: 0.53%
2025-08-15 00:11:04,043 - INFO - Fold 2, Epoch 130: Val Acc: 0.66%
2025-08-15 00:11:06,056 - INFO - Fold 2, Epoch 140: Val Acc: 0.50%
2025-08-15 00:11:08,008 - INFO - Fold 2, Epoch 150: Val Acc: 0.47%
2025-08-15 00:11:09,749 - INFO - Fold 2, Epoch 160: Val Acc: 0.50%
2025-08-15 00:11:11,908 - INFO - --- Starting Fold 3/3 ---
2025-08-15 00:11:11,911 - INFO - Generated pairs. Train: 1128 (Positive: 48). Val: 276 (Positive: 24)
2025-08-15 00:11:11,912 - INFO - Starting training for fold 3/3
2025-08-15 00:11:17,078 - INFO - Fold 3, Epoch 10: Val Acc: 0.50%
2025-08-15 00:11:18,921 - INFO - Fold 3, Epoch 20: Val Acc: 0.53%
2025-08-15 00:11:21,039 - INFO - Fold 3, Epoch 30: Val Acc: 0.59%
2025-08-15 00:11:25,062 - INFO - Fold 3, Epoch 40: Val Acc: 0.44%
2025-08-15 00:11:26,990 - INFO - Fold 3, Epoch 50: Val Acc: 0.59%
2025-08-15 00:11:28,843 - INFO - Fold 3, Epoch 60: Val Acc: 0.44%
2025-08-15 00:11:31,175 - INFO - Fold 3, Epoch 70: Val Acc: 0.50%
2025-08-15 00:11:33,520 - INFO - Fold 3, Epoch 80: Val Acc: 0.53%
2025-08-15 00:11:35,870 - INFO - Fold 3, Epoch 90: Val Acc: 0.50%
2025-08-15 00:11:38,216 - INFO - Fold 3, Epoch 100: Val Acc: 0.47%
2025-08-15 00:11:40,563 - INFO - Fold 3, Epoch 110: Val Acc: 0.53%
2025-08-15 00:11:44,520 - INFO - Fold 3, Epoch 120: Val Acc: 0.47%
2025-08-15 00:11:46,860 - INFO - Fold 3, Epoch 130: Val Acc: 0.44%
2025-08-15 00:11:49,005 - INFO - Fold 3, Epoch 140: Val Acc: 0.47%
2025-08-15 00:11:50,849 - INFO - Fold 3, Epoch 150: Val Acc: 0.44%
2025-08-15 00:11:52,839 - INFO - Fold 3, Epoch 160: Val Acc: 0.62%
2025-08-15 00:11:57,268 - INFO - Cross-validation statistics for transformer: {'train_loss': {'mean': np.float64(4.142039881812202), 'std': np.float64(0.01687943484295715)}, 'train_accuracy': {'mean': np.float64(0.5590277777777778), 'std': np.float64(0.03220006422047123)}, 'val_loss': {'mean': np.float64(4.159301122029622), 'std': np.float64(0.01405104037120803)}, 'val_accuracy': {'mean': np.float64(0.6979166666666666), 'std': np.float64(0.01473139127471974)}, 'epoch': {'mean': np.float64(72.33333333333333), 'std': np.float64(45.900859348043674)}}
[I 2025-08-15 00:11:57,281] Trial 106 finished with value: -0.6979166666666666 and parameters: {'learning_rate': 0.0007112774138597203, 'batch_size': 32, 'num_epochs': 166, 'temperature': 0.4693282067342264, 'embedding_dim': 512, 'hidden_dim': 256, 'dropout': 0.46518390276223265, 'num_layers': 5, 'num_heads': 8, 'noise_enabled': True, 'shift_enabled': True, 'scale_enabled': False, 'crop_enabled': True, 'flip_enabled': True, 'permutation_enabled': False, 'noise_level': 0.12471192318102309, 'crop_size': 0.518323777184678}. Best is trial 92 with value: -0.9479166666666666.
Actual device being used: cuda
Attempting to load data from: /vol/ecrg-solar/woodj4/fishy-business/data/REIMS.xlsx
Trial 106 finished with value: -0.6979166666666666 and parameters: {'learning_rate': 0.0007112774138597203, 'batch_size': 32, 'num_epochs': 166, 'temperature': 0.4693282067342264, 'embedding_dim': 512, 'hidden_dim': 256, 'dropout': 0.46518390276223265, 'num_layers': 5, 'num_heads': 8, 'noise_enabled': True, 'shift_enabled': True, 'scale_enabled': False, 'crop_enabled': True, 'flip_enabled': True, 'permutation_enabled': False, 'noise_level': 0.12471192318102309, 'crop_size': 0.518323777184678}. Best is trial 92 with value: -0.9479166666666666.
2025-08-15 00:11:57,366 - INFO - Using device: cuda
2025-08-15 00:12:07,100 - INFO - --- Starting Fold 1/3 ---
2025-08-15 00:12:07,102 - INFO - Generated pairs. Train: 1128 (Positive: 48). Val: 276 (Positive: 24)
2025-08-15 00:12:07,102 - INFO - Starting training for fold 1/3
2025-08-15 00:12:17,706 - INFO - Fold 1, Epoch 10: Val Acc: 0.69%
2025-08-15 00:12:20,271 - INFO - Fold 1, Epoch 20: Val Acc: 0.59%
2025-08-15 00:12:22,706 - INFO - Fold 1, Epoch 30: Val Acc: 0.47%
2025-08-15 00:12:27,978 - INFO - Fold 1, Epoch 40: Val Acc: 0.53%
2025-08-15 00:12:30,427 - INFO - Fold 1, Epoch 50: Val Acc: 0.56%
2025-08-15 00:12:32,873 - INFO - Fold 1, Epoch 60: Val Acc: 0.44%
2025-08-15 00:12:37,752 - INFO - Fold 1, Epoch 70: Val Acc: 0.66%
2025-08-15 00:12:39,715 - INFO - Fold 1, Epoch 80: Val Acc: 0.59%
2025-08-15 00:12:41,671 - INFO - Fold 1, Epoch 90: Val Acc: 0.72%
2025-08-15 00:12:43,625 - INFO - Fold 1, Epoch 100: Val Acc: 0.62%
2025-08-15 00:12:45,739 - INFO - Fold 1, Epoch 110: Val Acc: 0.62%
2025-08-15 00:12:48,260 - INFO - Fold 1, Epoch 120: Val Acc: 0.72%
2025-08-15 00:12:50,754 - INFO - Fold 1, Epoch 130: Val Acc: 0.66%
2025-08-15 00:12:53,275 - INFO - Fold 1, Epoch 140: Val Acc: 0.69%
2025-08-15 00:12:58,851 - INFO - Fold 1, Epoch 150: Val Acc: 0.78%
2025-08-15 00:13:06,748 - INFO - Fold 1, Epoch 160: Val Acc: 0.59%
2025-08-15 00:13:09,018 - INFO - Fold 1, Epoch 170: Val Acc: 0.78%
2025-08-15 00:13:11,159 - INFO - Fold 1, Epoch 180: Val Acc: 0.75%
2025-08-15 00:13:13,410 - INFO - Fold 1, Epoch 190: Val Acc: 0.59%
2025-08-15 00:13:15,832 - INFO - Fold 1, Epoch 200: Val Acc: 0.72%
2025-08-15 00:13:18,263 - INFO - Fold 1, Epoch 210: Val Acc: 0.72%
2025-08-15 00:13:20,692 - INFO - Fold 1, Epoch 220: Val Acc: 0.62%
2025-08-15 00:13:22,999 - INFO - Fold 1, Epoch 230: Val Acc: 0.62%
2025-08-15 00:13:24,850 - INFO - Fold 1, Epoch 240: Val Acc: 0.72%
2025-08-15 00:13:27,155 - INFO - Fold 1, Epoch 250: Val Acc: 0.75%
2025-08-15 00:13:27,889 - INFO - Early stopping at epoch 253
2025-08-15 00:13:32,528 - INFO - --- Starting Fold 2/3 ---
2025-08-15 00:13:32,530 - INFO - Generated pairs. Train: 1128 (Positive: 48). Val: 276 (Positive: 24)
2025-08-15 00:13:32,531 - INFO - Starting training for fold 2/3
2025-08-15 00:13:40,214 - INFO - Fold 2, Epoch 10: Val Acc: 0.50%
2025-08-15 00:13:42,666 - INFO - Fold 2, Epoch 20: Val Acc: 0.62%
2025-08-15 00:13:45,100 - INFO - Fold 2, Epoch 30: Val Acc: 0.56%
2025-08-15 00:13:47,518 - INFO - Fold 2, Epoch 40: Val Acc: 0.53%
2025-08-15 00:13:49,954 - INFO - Fold 2, Epoch 50: Val Acc: 0.69%
2025-08-15 00:13:52,098 - INFO - Fold 2, Epoch 60: Val Acc: 0.59%
2025-08-15 00:13:54,460 - INFO - Fold 2, Epoch 70: Val Acc: 0.62%
2025-08-15 00:13:58,468 - INFO - Fold 2, Epoch 80: Val Acc: 0.50%
2025-08-15 00:14:00,900 - INFO - Fold 2, Epoch 90: Val Acc: 0.69%
2025-08-15 00:14:03,330 - INFO - Fold 2, Epoch 100: Val Acc: 0.62%
2025-08-15 00:14:07,309 - INFO - Fold 2, Epoch 110: Val Acc: 0.69%
2025-08-15 00:14:11,353 - INFO - Fold 2, Epoch 120: Val Acc: 0.56%
2025-08-15 00:14:13,778 - INFO - Fold 2, Epoch 130: Val Acc: 0.66%
2025-08-15 00:14:17,872 - INFO - Fold 2, Epoch 140: Val Acc: 0.75%
2025-08-15 00:14:20,284 - INFO - Fold 2, Epoch 150: Val Acc: 0.62%
2025-08-15 00:14:22,706 - INFO - Fold 2, Epoch 160: Val Acc: 0.72%
2025-08-15 00:14:25,121 - INFO - Fold 2, Epoch 170: Val Acc: 0.66%
2025-08-15 00:14:27,120 - INFO - Fold 2, Epoch 180: Val Acc: 0.69%
2025-08-15 00:14:28,978 - INFO - Fold 2, Epoch 190: Val Acc: 0.78%
2025-08-15 00:14:31,102 - INFO - Fold 2, Epoch 200: Val Acc: 0.78%
2025-08-15 00:14:33,517 - INFO - Fold 2, Epoch 210: Val Acc: 0.72%
2025-08-15 00:14:35,941 - INFO - Fold 2, Epoch 220: Val Acc: 0.69%
2025-08-15 00:14:38,360 - INFO - Fold 2, Epoch 230: Val Acc: 0.69%
2025-08-15 00:14:39,337 - INFO - Early stopping at epoch 234
2025-08-15 00:14:40,611 - INFO - --- Starting Fold 3/3 ---
2025-08-15 00:14:40,612 - INFO - Generated pairs. Train: 1128 (Positive: 48). Val: 276 (Positive: 24)
2025-08-15 00:14:40,613 - INFO - Starting training for fold 3/3
2025-08-15 00:14:48,040 - INFO - Fold 3, Epoch 10: Val Acc: 0.44%
2025-08-15 00:14:50,561 - INFO - Fold 3, Epoch 20: Val Acc: 0.50%
2025-08-15 00:14:54,712 - INFO - Fold 3, Epoch 30: Val Acc: 0.47%
2025-08-15 00:14:58,525 - INFO - Fold 3, Epoch 40: Val Acc: 0.53%
2025-08-15 00:15:00,374 - INFO - Fold 3, Epoch 50: Val Acc: 0.53%
2025-08-15 00:15:02,429 - INFO - Fold 3, Epoch 60: Val Acc: 0.62%
2025-08-15 00:15:04,443 - INFO - Fold 3, Epoch 70: Val Acc: 0.53%
2025-08-15 00:15:08,719 - INFO - Fold 3, Epoch 80: Val Acc: 0.75%
2025-08-15 00:15:12,792 - INFO - Fold 3, Epoch 90: Val Acc: 0.56%
2025-08-15 00:15:14,754 - INFO - Fold 3, Epoch 100: Val Acc: 0.75%
2025-08-15 00:15:17,241 - INFO - Fold 3, Epoch 110: Val Acc: 0.72%
2025-08-15 00:15:19,693 - INFO - Fold 3, Epoch 120: Val Acc: 0.72%
2025-08-15 00:15:22,203 - INFO - Fold 3, Epoch 130: Val Acc: 0.59%
2025-08-15 00:15:26,457 - INFO - Fold 3, Epoch 140: Val Acc: 0.62%
2025-08-15 00:15:28,978 - INFO - Fold 3, Epoch 150: Val Acc: 0.78%
2025-08-15 00:15:31,415 - INFO - Fold 3, Epoch 160: Val Acc: 0.66%
2025-08-15 00:15:33,267 - INFO - Fold 3, Epoch 170: Val Acc: 0.72%
2025-08-15 00:15:35,117 - INFO - Fold 3, Epoch 180: Val Acc: 0.78%
2025-08-15 00:15:37,316 - INFO - Fold 3, Epoch 190: Val Acc: 0.75%
2025-08-15 00:15:39,661 - INFO - Fold 3, Epoch 200: Val Acc: 0.69%
2025-08-15 00:15:41,521 - INFO - Fold 3, Epoch 210: Val Acc: 0.72%
2025-08-15 00:15:43,408 - INFO - Fold 3, Epoch 220: Val Acc: 0.81%
2025-08-15 00:15:45,888 - INFO - Fold 3, Epoch 230: Val Acc: 0.81%
2025-08-15 00:15:46,140 - INFO - Early stopping at epoch 231
2025-08-15 00:15:49,498 - INFO - Cross-validation statistics for transformer: {'train_loss': {'mean': np.float64(4.059463156594171), 'std': np.float64(0.030023360033584138)}, 'train_accuracy': {'mean': np.float64(0.6388888888888888), 'std': np.float64(0.02734030511809652)}, 'val_loss': {'mean': np.float64(4.144166310628255), 'std': np.float64(0.0420547085366189)}, 'val_accuracy': {'mean': np.float64(0.8541666666666666), 'std': np.float64(0.01473139127471974)}, 'epoch': {'mean': np.float64(138.33333333333334), 'std': np.float64(9.741092797468305)}}
[I 2025-08-15 00:15:49,511] Trial 107 finished with value: -0.8541666666666666 and parameters: {'learning_rate': 7.266844484566745e-05, 'batch_size': 32, 'num_epochs': 529, 'temperature': 0.3833086360646086, 'embedding_dim': 256, 'hidden_dim': 128, 'dropout': 0.44611938169188603, 'num_layers': 6, 'num_heads': 8, 'noise_enabled': True, 'shift_enabled': False, 'scale_enabled': False, 'crop_enabled': True, 'flip_enabled': False, 'permutation_enabled': False, 'noise_level': 0.1305170917740858, 'crop_size': 0.5625442866671909}. Best is trial 92 with value: -0.9479166666666666.
Actual device being used: cuda
Attempting to load data from: /vol/ecrg-solar/woodj4/fishy-business/data/REIMS.xlsx
Trial 107 finished with value: -0.8541666666666666 and parameters: {'learning_rate': 7.266844484566745e-05, 'batch_size': 32, 'num_epochs': 529, 'temperature': 0.3833086360646086, 'embedding_dim': 256, 'hidden_dim': 128, 'dropout': 0.44611938169188603, 'num_layers': 6, 'num_heads': 8, 'noise_enabled': True, 'shift_enabled': False, 'scale_enabled': False, 'crop_enabled': True, 'flip_enabled': False, 'permutation_enabled': False, 'noise_level': 0.1305170917740858, 'crop_size': 0.5625442866671909}. Best is trial 92 with value: -0.9479166666666666.
2025-08-15 00:15:49,595 - INFO - Using device: cuda
2025-08-15 00:15:59,516 - INFO - --- Starting Fold 1/3 ---
2025-08-15 00:15:59,517 - INFO - Generated pairs. Train: 1128 (Positive: 48). Val: 276 (Positive: 24)
2025-08-15 00:15:59,518 - INFO - Starting training for fold 1/3
/usr/pkg/lib/python3.12/site-packages/torch/optim/lr_scheduler.py:227: UserWarning: Detected call of `lr_scheduler.step()` before `optimizer.step()`. In PyTorch 1.1.0 and later, you should call them in the opposite order: `optimizer.step()` before `lr_scheduler.step()`.  Failure to do this will result in PyTorch skipping the first value of the learning rate schedule. See more details at https://pytorch.org/docs/stable/optim.html#how-to-adjust-learning-rate
  warnings.warn(
2025-08-15 00:16:15,617 - INFO - Fold 1, Epoch 10: Val Acc: 0.54%
2025-08-15 00:16:23,862 - INFO - Fold 1, Epoch 20: Val Acc: 0.69%
2025-08-15 00:16:29,929 - INFO - Fold 1, Epoch 30: Val Acc: 0.52%
2025-08-15 00:16:35,867 - INFO - Fold 1, Epoch 40: Val Acc: 0.71%
2025-08-15 00:16:41,867 - INFO - Fold 1, Epoch 50: Val Acc: 0.73%
2025-08-15 00:16:47,966 - INFO - Fold 1, Epoch 60: Val Acc: 0.60%
2025-08-15 00:16:56,297 - INFO - Fold 1, Epoch 70: Val Acc: 0.67%
2025-08-15 00:17:00,102 - INFO - Fold 1, Epoch 80: Val Acc: 0.62%
2025-08-15 00:17:03,914 - INFO - Fold 1, Epoch 90: Val Acc: 0.77%
2025-08-15 00:17:07,710 - INFO - Fold 1, Epoch 100: Val Acc: 0.77%
2025-08-15 00:17:11,517 - INFO - Fold 1, Epoch 110: Val Acc: 0.71%
2025-08-15 00:17:15,324 - INFO - Fold 1, Epoch 120: Val Acc: 0.69%
2025-08-15 00:17:19,121 - INFO - Fold 1, Epoch 130: Val Acc: 0.62%
2025-08-15 00:17:21,954 - INFO - Fold 1, Epoch 140: Val Acc: 0.67%
2025-08-15 00:17:25,429 - INFO - Fold 1, Epoch 150: Val Acc: 0.73%
2025-08-15 00:17:28,167 - INFO - Fold 1, Epoch 160: Val Acc: 0.75%
2025-08-15 00:17:30,181 - INFO - Early stopping at epoch 167
2025-08-15 00:17:33,737 - INFO - --- Starting Fold 2/3 ---
2025-08-15 00:17:33,739 - INFO - Generated pairs. Train: 1128 (Positive: 48). Val: 276 (Positive: 24)
2025-08-15 00:17:33,740 - INFO - Starting training for fold 2/3
/usr/pkg/lib/python3.12/site-packages/torch/optim/lr_scheduler.py:227: UserWarning: Detected call of `lr_scheduler.step()` before `optimizer.step()`. In PyTorch 1.1.0 and later, you should call them in the opposite order: `optimizer.step()` before `lr_scheduler.step()`.  Failure to do this will result in PyTorch skipping the first value of the learning rate schedule. See more details at https://pytorch.org/docs/stable/optim.html#how-to-adjust-learning-rate
  warnings.warn(
2025-08-15 00:17:43,522 - INFO - Fold 2, Epoch 10: Val Acc: 0.65%
2025-08-15 00:17:50,259 - INFO - Fold 2, Epoch 20: Val Acc: 0.58%
2025-08-15 00:17:58,681 - INFO - Fold 2, Epoch 30: Val Acc: 0.73%
2025-08-15 00:18:05,449 - INFO - Fold 2, Epoch 40: Val Acc: 0.65%
2025-08-15 00:18:10,881 - INFO - Fold 2, Epoch 50: Val Acc: 0.75%
2025-08-15 00:18:14,688 - INFO - Fold 2, Epoch 60: Val Acc: 0.75%
2025-08-15 00:18:18,482 - INFO - Fold 2, Epoch 70: Val Acc: 0.69%
2025-08-15 00:18:22,283 - INFO - Fold 2, Epoch 80: Val Acc: 0.71%
2025-08-15 00:18:26,109 - INFO - Fold 2, Epoch 90: Val Acc: 0.71%
2025-08-15 00:18:29,511 - INFO - Fold 2, Epoch 100: Val Acc: 0.85%
2025-08-15 00:18:32,860 - INFO - Fold 2, Epoch 110: Val Acc: 0.88%
2025-08-15 00:18:36,396 - INFO - Fold 2, Epoch 120: Val Acc: 0.79%
2025-08-15 00:18:40,200 - INFO - Fold 2, Epoch 130: Val Acc: 0.67%
2025-08-15 00:18:44,022 - INFO - Fold 2, Epoch 140: Val Acc: 0.71%
2025-08-15 00:18:44,795 - INFO - Early stopping at epoch 142
2025-08-15 00:18:47,773 - INFO - --- Starting Fold 3/3 ---
2025-08-15 00:18:47,776 - INFO - Generated pairs. Train: 1128 (Positive: 48). Val: 276 (Positive: 24)
2025-08-15 00:18:47,777 - INFO - Starting training for fold 3/3
/usr/pkg/lib/python3.12/site-packages/torch/optim/lr_scheduler.py:227: UserWarning: Detected call of `lr_scheduler.step()` before `optimizer.step()`. In PyTorch 1.1.0 and later, you should call them in the opposite order: `optimizer.step()` before `lr_scheduler.step()`.  Failure to do this will result in PyTorch skipping the first value of the learning rate schedule. See more details at https://pytorch.org/docs/stable/optim.html#how-to-adjust-learning-rate
  warnings.warn(
2025-08-15 00:18:59,252 - INFO - Fold 3, Epoch 10: Val Acc: 0.58%
2025-08-15 00:19:03,180 - INFO - Fold 3, Epoch 20: Val Acc: 0.56%
2025-08-15 00:19:09,413 - INFO - Fold 3, Epoch 30: Val Acc: 0.71%
2025-08-15 00:19:13,047 - INFO - Fold 3, Epoch 40: Val Acc: 0.65%
2025-08-15 00:19:16,837 - INFO - Fold 3, Epoch 50: Val Acc: 0.69%
2025-08-15 00:19:20,652 - INFO - Fold 3, Epoch 60: Val Acc: 0.71%
2025-08-15 00:19:24,456 - INFO - Fold 3, Epoch 70: Val Acc: 0.79%
2025-08-15 00:19:29,645 - INFO - Fold 3, Epoch 80: Val Acc: 0.85%
2025-08-15 00:19:33,523 - INFO - Fold 3, Epoch 90: Val Acc: 0.75%
2025-08-15 00:19:37,139 - INFO - Fold 3, Epoch 100: Val Acc: 0.67%
2025-08-15 00:19:40,957 - INFO - Fold 3, Epoch 110: Val Acc: 0.60%
2025-08-15 00:19:44,772 - INFO - Fold 3, Epoch 120: Val Acc: 0.77%
2025-08-15 00:19:48,590 - INFO - Fold 3, Epoch 130: Val Acc: 0.71%
2025-08-15 00:19:52,222 - INFO - Fold 3, Epoch 140: Val Acc: 0.85%
2025-08-15 00:19:55,968 - INFO - Fold 3, Epoch 150: Val Acc: 0.81%
2025-08-15 00:19:59,779 - INFO - Fold 3, Epoch 160: Val Acc: 0.67%
2025-08-15 00:20:03,591 - INFO - Fold 3, Epoch 170: Val Acc: 0.71%
2025-08-15 00:20:06,665 - INFO - Early stopping at epoch 180
2025-08-15 00:20:07,911 - INFO - Cross-validation statistics for transformer: {'train_loss': {'mean': np.float64(3.138586031066047), 'std': np.float64(0.072346993736755)}, 'train_accuracy': {'mean': np.float64(0.7430555555555557), 'std': np.float64(0.04280843057617347)}, 'val_loss': {'mean': np.float64(3.436596949895223), 'std': np.float64(0.05018807224979063)}, 'val_accuracy': {'mean': np.float64(0.8472222222222222), 'std': np.float64(0.025983731852596812)}, 'epoch': {'mean': np.float64(62.0), 'std': np.float64(15.769168230019828)}}
[I 2025-08-15 00:20:07,924] Trial 108 finished with value: -0.8472222222222222 and parameters: {'learning_rate': 0.00036852155317736884, 'batch_size': 16, 'num_epochs': 498, 'temperature': 0.24285075447711132, 'embedding_dim': 128, 'hidden_dim': 512, 'dropout': 0.47429207842192506, 'num_layers': 5, 'num_heads': 8, 'noise_enabled': True, 'shift_enabled': False, 'scale_enabled': True, 'crop_enabled': True, 'flip_enabled': False, 'permutation_enabled': False, 'noise_level': 0.11905692360935324, 'crop_size': 0.7191800178265981}. Best is trial 92 with value: -0.9479166666666666.
Actual device being used: cuda
Attempting to load data from: /vol/ecrg-solar/woodj4/fishy-business/data/REIMS.xlsx
Trial 108 finished with value: -0.8472222222222222 and parameters: {'learning_rate': 0.00036852155317736884, 'batch_size': 16, 'num_epochs': 498, 'temperature': 0.24285075447711132, 'embedding_dim': 128, 'hidden_dim': 512, 'dropout': 0.47429207842192506, 'num_layers': 5, 'num_heads': 8, 'noise_enabled': True, 'shift_enabled': False, 'scale_enabled': True, 'crop_enabled': True, 'flip_enabled': False, 'permutation_enabled': False, 'noise_level': 0.11905692360935324, 'crop_size': 0.7191800178265981}. Best is trial 92 with value: -0.9479166666666666.
2025-08-15 00:20:07,961 - INFO - Using device: cuda
2025-08-15 00:20:17,271 - INFO - --- Starting Fold 1/3 ---
2025-08-15 00:20:17,272 - INFO - Generated pairs. Train: 1128 (Positive: 48). Val: 276 (Positive: 24)
2025-08-15 00:20:17,272 - WARNING - Fold 1 has insufficient pairs to form a batch. Skipping.
2025-08-15 00:20:17,272 - INFO - --- Starting Fold 2/3 ---
2025-08-15 00:20:17,274 - INFO - Generated pairs. Train: 1128 (Positive: 48). Val: 276 (Positive: 24)
2025-08-15 00:20:17,274 - WARNING - Fold 2 has insufficient pairs to form a batch. Skipping.
2025-08-15 00:20:17,274 - INFO - --- Starting Fold 3/3 ---
2025-08-15 00:20:17,275 - INFO - Generated pairs. Train: 1128 (Positive: 48). Val: 276 (Positive: 24)
2025-08-15 00:20:17,275 - WARNING - Fold 3 has insufficient pairs to form a batch. Skipping.
2025-08-15 00:20:17,275 - WARNING - No folds completed successfully to aggregate metrics.
