Trial 61 finished with value: -0.875 and parameters: {'learning_rate': 0.0005310874652406345, 'batch_size': 32, 'num_epochs': 785, 'temperature': 0.0919135993428742, 'embedding_dim': 128, 'hidden_dim': 256, 'dropout': 0.4624062525403712, 'num_layers': 5, 'num_heads': 8, 'noise_enabled': True, 'shift_enabled': False, 'scale_enabled': True, 'crop_enabled': True, 'flip_enabled': False, 'permutation_enabled': False, 'noise_level': 0.16835649587935236, 'crop_size': 0.5761694258558091}. Best is trial 9 with value: -0.9270833333333334.
2025-08-14 22:03:27,731 - INFO - Using device: cuda
2025-08-14 22:03:37,491 - INFO - --- Starting Fold 1/3 ---
2025-08-14 22:03:37,493 - INFO - Generated pairs. Train: 1128 (Positive: 48). Val: 276 (Positive: 24)
2025-08-14 22:03:37,493 - INFO - Starting training for fold 1/3
/usr/pkg/lib/python3.12/site-packages/torch/optim/lr_scheduler.py:227: UserWarning: Detected call of `lr_scheduler.step()` before `optimizer.step()`. In PyTorch 1.1.0 and later, you should call them in the opposite order: `optimizer.step()` before `lr_scheduler.step()`.  Failure to do this will result in PyTorch skipping the first value of the learning rate schedule. See more details at https://pytorch.org/docs/stable/optim.html#how-to-adjust-learning-rate
  warnings.warn(
2025-08-14 22:03:46,819 - INFO - Fold 1, Epoch 10: Val Acc: 0.44%
2025-08-14 22:03:49,044 - INFO - Fold 1, Epoch 20: Val Acc: 0.69%
2025-08-14 22:03:51,151 - INFO - Fold 1, Epoch 30: Val Acc: 0.56%
2025-08-14 22:03:55,786 - INFO - Fold 1, Epoch 40: Val Acc: 0.62%
2025-08-14 22:04:00,341 - INFO - Fold 1, Epoch 50: Val Acc: 0.53%
2025-08-14 22:04:02,571 - INFO - Fold 1, Epoch 60: Val Acc: 0.56%
2025-08-14 22:04:04,794 - INFO - Fold 1, Epoch 70: Val Acc: 0.72%
2025-08-14 22:04:07,018 - INFO - Fold 1, Epoch 80: Val Acc: 0.69%
2025-08-14 22:04:09,237 - INFO - Fold 1, Epoch 90: Val Acc: 0.69%
2025-08-14 22:04:11,456 - INFO - Fold 1, Epoch 100: Val Acc: 0.84%
2025-08-14 22:04:13,270 - INFO - Fold 1, Epoch 110: Val Acc: 0.66%
2025-08-14 22:04:15,493 - INFO - Fold 1, Epoch 120: Val Acc: 0.69%
2025-08-14 22:04:17,798 - INFO - Fold 1, Epoch 130: Val Acc: 0.72%
2025-08-14 22:04:20,099 - INFO - Fold 1, Epoch 140: Val Acc: 0.72%
2025-08-14 22:04:21,023 - INFO - Early stopping at epoch 144
2025-08-14 22:04:24,731 - INFO - --- Starting Fold 2/3 ---
2025-08-14 22:04:24,734 - INFO - Generated pairs. Train: 1128 (Positive: 48). Val: 276 (Positive: 24)
2025-08-14 22:04:24,735 - INFO - Starting training for fold 2/3
/usr/pkg/lib/python3.12/site-packages/torch/optim/lr_scheduler.py:227: UserWarning: Detected call of `lr_scheduler.step()` before `optimizer.step()`. In PyTorch 1.1.0 and later, you should call them in the opposite order: `optimizer.step()` before `lr_scheduler.step()`.  Failure to do this will result in PyTorch skipping the first value of the learning rate schedule. See more details at https://pytorch.org/docs/stable/optim.html#how-to-adjust-learning-rate
  warnings.warn(
2025-08-14 22:04:29,624 - INFO - Fold 2, Epoch 10: Val Acc: 0.53%
2025-08-14 22:04:33,044 - INFO - Fold 2, Epoch 20: Val Acc: 0.59%
2025-08-14 22:04:36,822 - INFO - Fold 2, Epoch 30: Val Acc: 0.72%
2025-08-14 22:04:40,488 - INFO - Fold 2, Epoch 40: Val Acc: 0.62%
2025-08-14 22:04:42,806 - INFO - Fold 2, Epoch 50: Val Acc: 0.72%
2025-08-14 22:04:44,810 - INFO - Fold 2, Epoch 60: Val Acc: 0.62%
2025-08-14 22:04:47,119 - INFO - Fold 2, Epoch 70: Val Acc: 0.62%
2025-08-14 22:04:49,440 - INFO - Fold 2, Epoch 80: Val Acc: 0.69%
2025-08-14 22:04:51,750 - INFO - Fold 2, Epoch 90: Val Acc: 0.69%
2025-08-14 22:04:54,072 - INFO - Fold 2, Epoch 100: Val Acc: 0.56%
2025-08-14 22:04:57,769 - INFO - Fold 2, Epoch 110: Val Acc: 0.88%
2025-08-14 22:05:00,066 - INFO - Fold 2, Epoch 120: Val Acc: 0.62%
2025-08-14 22:05:02,280 - INFO - Fold 2, Epoch 130: Val Acc: 0.62%
2025-08-14 22:05:04,488 - INFO - Fold 2, Epoch 140: Val Acc: 0.72%
2025-08-14 22:05:06,706 - INFO - Fold 2, Epoch 150: Val Acc: 0.75%
2025-08-14 22:05:08,913 - INFO - Fold 2, Epoch 160: Val Acc: 0.72%
2025-08-14 22:05:11,131 - INFO - Fold 2, Epoch 170: Val Acc: 0.81%
2025-08-14 22:05:13,351 - INFO - Fold 2, Epoch 180: Val Acc: 0.75%
2025-08-14 22:05:15,580 - INFO - Fold 2, Epoch 190: Val Acc: 0.78%
2025-08-14 22:05:17,877 - INFO - Fold 2, Epoch 200: Val Acc: 0.75%
2025-08-14 22:05:20,137 - INFO - Early stopping at epoch 210
2025-08-14 22:05:24,507 - INFO - --- Starting Fold 3/3 ---
2025-08-14 22:05:24,511 - INFO - Generated pairs. Train: 1128 (Positive: 48). Val: 276 (Positive: 24)
2025-08-14 22:05:24,511 - INFO - Starting training for fold 3/3
/usr/pkg/lib/python3.12/site-packages/torch/optim/lr_scheduler.py:227: UserWarning: Detected call of `lr_scheduler.step()` before `optimizer.step()`. In PyTorch 1.1.0 and later, you should call them in the opposite order: `optimizer.step()` before `lr_scheduler.step()`.  Failure to do this will result in PyTorch skipping the first value of the learning rate schedule. See more details at https://pytorch.org/docs/stable/optim.html#how-to-adjust-learning-rate
  warnings.warn(
2025-08-14 22:05:32,568 - INFO - Fold 3, Epoch 10: Val Acc: 0.53%
2025-08-14 22:05:34,849 - INFO - Fold 3, Epoch 20: Val Acc: 0.53%
2025-08-14 22:05:38,566 - INFO - Fold 3, Epoch 30: Val Acc: 0.59%
2025-08-14 22:05:42,340 - INFO - Fold 3, Epoch 40: Val Acc: 0.59%
2025-08-14 22:05:46,138 - INFO - Fold 3, Epoch 50: Val Acc: 0.66%
2025-08-14 22:05:48,453 - INFO - Fold 3, Epoch 60: Val Acc: 0.69%
2025-08-14 22:05:52,107 - INFO - Fold 3, Epoch 70: Val Acc: 0.81%
2025-08-14 22:05:55,824 - INFO - Fold 3, Epoch 80: Val Acc: 0.56%
2025-08-14 22:05:58,071 - INFO - Fold 3, Epoch 90: Val Acc: 0.62%
2025-08-14 22:06:00,303 - INFO - Fold 3, Epoch 100: Val Acc: 0.62%
2025-08-14 22:06:02,531 - INFO - Fold 3, Epoch 110: Val Acc: 0.59%
2025-08-14 22:06:04,766 - INFO - Fold 3, Epoch 120: Val Acc: 0.69%
2025-08-14 22:06:06,995 - INFO - Fold 3, Epoch 130: Val Acc: 0.75%
2025-08-14 22:06:09,229 - INFO - Fold 3, Epoch 140: Val Acc: 0.66%
2025-08-14 22:06:11,461 - INFO - Fold 3, Epoch 150: Val Acc: 0.56%
2025-08-14 22:06:13,692 - INFO - Fold 3, Epoch 160: Val Acc: 0.56%
2025-08-14 22:06:15,927 - INFO - Fold 3, Epoch 170: Val Acc: 0.50%
2025-08-14 22:06:16,368 - INFO - Early stopping at epoch 172
2025-08-14 22:06:17,448 - INFO - Cross-validation statistics for transformer: {'train_loss': {'mean': np.float64(4.007871442370944), 'std': np.float64(0.08626210176608812)}, 'train_accuracy': {'mean': np.float64(0.6805555555555557), 'std': np.float64(0.024552318791199637)}, 'val_loss': {'mean': np.float64(4.299416542053223), 'std': np.float64(0.14798854758633787)}, 'val_accuracy': {'mean': np.float64(0.8645833333333334), 'std': np.float64(0.01473139127471974)}, 'epoch': {'mean': np.float64(74.33333333333333), 'std': np.float64(27.047283700134393)}}
[I 2025-08-14 22:06:17,455] Trial 62 finished with value: -0.8645833333333334 and parameters: {'learning_rate': 0.0006189474651663565, 'batch_size': 32, 'num_epochs': 813, 'temperature': 0.12046845573980793, 'embedding_dim': 128, 'hidden_dim': 256, 'dropout': 0.42745231748893353, 'num_layers': 5, 'num_heads': 8, 'noise_enabled': True, 'shift_enabled': False, 'scale_enabled': True, 'crop_enabled': True, 'flip_enabled': False, 'permutation_enabled': False, 'noise_level': 0.17947927209099163, 'crop_size': 0.5335829120506683}. Best is trial 9 with value: -0.9270833333333334.
Actual device being used: cuda
Attempting to load data from: /vol/ecrg-solar/woodj4/fishy-business/data/REIMS.xlsx
Trial 62 finished with value: -0.8645833333333334 and parameters: {'learning_rate': 0.0006189474651663565, 'batch_size': 32, 'num_epochs': 813, 'temperature': 0.12046845573980793, 'embedding_dim': 128, 'hidden_dim': 256, 'dropout': 0.42745231748893353, 'num_layers': 5, 'num_heads': 8, 'noise_enabled': True, 'shift_enabled': False, 'scale_enabled': True, 'crop_enabled': True, 'flip_enabled': False, 'permutation_enabled': False, 'noise_level': 0.17947927209099163, 'crop_size': 0.5335829120506683}. Best is trial 9 with value: -0.9270833333333334.
2025-08-14 22:06:17,485 - INFO - Using device: cuda
2025-08-14 22:06:27,383 - INFO - --- Starting Fold 1/3 ---
2025-08-14 22:06:27,385 - INFO - Generated pairs. Train: 1128 (Positive: 48). Val: 276 (Positive: 24)
2025-08-14 22:06:27,385 - INFO - Starting training for fold 1/3
/usr/pkg/lib/python3.12/site-packages/torch/optim/lr_scheduler.py:227: UserWarning: Detected call of `lr_scheduler.step()` before `optimizer.step()`. In PyTorch 1.1.0 and later, you should call them in the opposite order: `optimizer.step()` before `lr_scheduler.step()`.  Failure to do this will result in PyTorch skipping the first value of the learning rate schedule. See more details at https://pytorch.org/docs/stable/optim.html#how-to-adjust-learning-rate
  warnings.warn(
2025-08-14 22:06:40,404 - INFO - Fold 1, Epoch 10: Val Acc: 0.59%
2025-08-14 22:06:45,387 - INFO - Fold 1, Epoch 20: Val Acc: 0.69%
2025-08-14 22:06:50,328 - INFO - Fold 1, Epoch 30: Val Acc: 0.78%
2025-08-14 22:06:52,867 - INFO - Fold 1, Epoch 40: Val Acc: 0.56%
2025-08-14 22:06:55,238 - INFO - Fold 1, Epoch 50: Val Acc: 0.75%
2025-08-14 22:06:57,688 - INFO - Fold 1, Epoch 60: Val Acc: 0.72%
2025-08-14 22:07:00,135 - INFO - Fold 1, Epoch 70: Val Acc: 0.72%
2025-08-14 22:07:02,598 - INFO - Fold 1, Epoch 80: Val Acc: 0.72%
2025-08-14 22:07:05,157 - INFO - Fold 1, Epoch 90: Val Acc: 0.72%
2025-08-14 22:07:10,540 - INFO - Fold 1, Epoch 100: Val Acc: 0.59%
2025-08-14 22:07:12,839 - INFO - Fold 1, Epoch 110: Val Acc: 0.69%
2025-08-14 22:07:15,204 - INFO - Fold 1, Epoch 120: Val Acc: 0.59%
2025-08-14 22:07:17,352 - INFO - Fold 1, Epoch 130: Val Acc: 0.72%
2025-08-14 22:07:19,702 - INFO - Fold 1, Epoch 140: Val Acc: 0.53%
2025-08-14 22:07:22,235 - INFO - Fold 1, Epoch 150: Val Acc: 0.75%
2025-08-14 22:07:24,674 - INFO - Fold 1, Epoch 160: Val Acc: 0.66%
2025-08-14 22:07:27,186 - INFO - Fold 1, Epoch 170: Val Acc: 0.72%
2025-08-14 22:07:32,217 - INFO - Fold 1, Epoch 180: Val Acc: 0.69%
2025-08-14 22:07:34,757 - INFO - Fold 1, Epoch 190: Val Acc: 0.72%
2025-08-14 22:07:37,308 - INFO - Fold 1, Epoch 200: Val Acc: 0.69%
2025-08-14 22:07:39,858 - INFO - Fold 1, Epoch 210: Val Acc: 0.75%
2025-08-14 22:07:42,342 - INFO - Fold 1, Epoch 220: Val Acc: 0.56%
2025-08-14 22:07:44,803 - INFO - Fold 1, Epoch 230: Val Acc: 0.59%
2025-08-14 22:07:47,259 - INFO - Fold 1, Epoch 240: Val Acc: 0.72%
2025-08-14 22:07:49,716 - INFO - Fold 1, Epoch 250: Val Acc: 0.69%
2025-08-14 22:07:52,180 - INFO - Fold 1, Epoch 260: Val Acc: 0.59%
2025-08-14 22:07:54,645 - INFO - Fold 1, Epoch 270: Val Acc: 0.66%
2025-08-14 22:07:56,613 - INFO - Early stopping at epoch 278
2025-08-14 22:08:00,505 - INFO - --- Starting Fold 2/3 ---
2025-08-14 22:08:00,508 - INFO - Generated pairs. Train: 1128 (Positive: 48). Val: 276 (Positive: 24)
2025-08-14 22:08:00,508 - INFO - Starting training for fold 2/3
/usr/pkg/lib/python3.12/site-packages/torch/optim/lr_scheduler.py:227: UserWarning: Detected call of `lr_scheduler.step()` before `optimizer.step()`. In PyTorch 1.1.0 and later, you should call them in the opposite order: `optimizer.step()` before `lr_scheduler.step()`.  Failure to do this will result in PyTorch skipping the first value of the learning rate schedule. See more details at https://pytorch.org/docs/stable/optim.html#how-to-adjust-learning-rate
  warnings.warn(
2025-08-14 22:08:08,041 - INFO - Fold 2, Epoch 10: Val Acc: 0.50%
2025-08-14 22:08:12,295 - INFO - Fold 2, Epoch 20: Val Acc: 0.72%
2025-08-14 22:08:16,452 - INFO - Fold 2, Epoch 30: Val Acc: 0.66%
2025-08-14 22:08:20,721 - INFO - Fold 2, Epoch 40: Val Acc: 0.72%
2025-08-14 22:08:22,623 - INFO - Fold 2, Epoch 50: Val Acc: 0.62%
2025-08-14 22:08:26,703 - INFO - Fold 2, Epoch 60: Val Acc: 0.75%
2025-08-14 22:08:29,158 - INFO - Fold 2, Epoch 70: Val Acc: 0.62%
2025-08-14 22:08:31,578 - INFO - Fold 2, Epoch 80: Val Acc: 0.72%
2025-08-14 22:08:34,038 - INFO - Fold 2, Epoch 90: Val Acc: 0.78%
2025-08-14 22:08:36,561 - INFO - Fold 2, Epoch 100: Val Acc: 0.75%
2025-08-14 22:08:40,510 - INFO - Fold 2, Epoch 110: Val Acc: 0.88%
2025-08-14 22:08:43,036 - INFO - Fold 2, Epoch 120: Val Acc: 0.78%
2025-08-14 22:08:45,488 - INFO - Fold 2, Epoch 130: Val Acc: 0.75%
2025-08-14 22:08:47,939 - INFO - Fold 2, Epoch 140: Val Acc: 0.84%
2025-08-14 22:08:50,387 - INFO - Fold 2, Epoch 150: Val Acc: 0.84%
2025-08-14 22:08:52,838 - INFO - Fold 2, Epoch 160: Val Acc: 0.81%
2025-08-14 22:08:55,292 - INFO - Fold 2, Epoch 170: Val Acc: 0.69%
2025-08-14 22:08:57,332 - INFO - Fold 2, Epoch 180: Val Acc: 0.72%
2025-08-14 22:09:00,878 - INFO - Fold 2, Epoch 190: Val Acc: 0.75%
2025-08-14 22:09:02,740 - INFO - Fold 2, Epoch 200: Val Acc: 0.72%
2025-08-14 22:09:05,123 - INFO - Fold 2, Epoch 210: Val Acc: 0.75%
2025-08-14 22:09:07,555 - INFO - Fold 2, Epoch 220: Val Acc: 0.72%
2025-08-14 22:09:09,983 - INFO - Fold 2, Epoch 230: Val Acc: 0.62%
2025-08-14 22:09:12,424 - INFO - Fold 2, Epoch 240: Val Acc: 0.72%
2025-08-14 22:09:14,878 - INFO - Fold 2, Epoch 250: Val Acc: 0.69%
2025-08-14 22:09:17,369 - INFO - Fold 2, Epoch 260: Val Acc: 0.72%
2025-08-14 22:09:19,483 - INFO - Fold 2, Epoch 270: Val Acc: 0.72%
2025-08-14 22:09:21,346 - INFO - Fold 2, Epoch 280: Val Acc: 0.81%
2025-08-14 22:09:22,463 - INFO - Early stopping at epoch 286
2025-08-14 22:09:25,666 - INFO - --- Starting Fold 3/3 ---
2025-08-14 22:09:25,670 - INFO - Generated pairs. Train: 1128 (Positive: 48). Val: 276 (Positive: 24)
2025-08-14 22:09:25,670 - INFO - Starting training for fold 3/3
/usr/pkg/lib/python3.12/site-packages/torch/optim/lr_scheduler.py:227: UserWarning: Detected call of `lr_scheduler.step()` before `optimizer.step()`. In PyTorch 1.1.0 and later, you should call them in the opposite order: `optimizer.step()` before `lr_scheduler.step()`.  Failure to do this will result in PyTorch skipping the first value of the learning rate schedule. See more details at https://pytorch.org/docs/stable/optim.html#how-to-adjust-learning-rate
  warnings.warn(
2025-08-14 22:09:32,951 - INFO - Fold 3, Epoch 10: Val Acc: 0.53%
2025-08-14 22:09:42,464 - INFO - Fold 3, Epoch 20: Val Acc: 0.59%
2025-08-14 22:09:44,961 - INFO - Fold 3, Epoch 30: Val Acc: 0.50%
2025-08-14 22:09:47,498 - INFO - Fold 3, Epoch 40: Val Acc: 0.69%
2025-08-14 22:09:51,701 - INFO - Fold 3, Epoch 50: Val Acc: 0.56%
2025-08-14 22:09:54,223 - INFO - Fold 3, Epoch 60: Val Acc: 0.72%
2025-08-14 22:09:56,770 - INFO - Fold 3, Epoch 70: Val Acc: 0.75%
2025-08-14 22:10:00,906 - INFO - Fold 3, Epoch 80: Val Acc: 0.69%
2025-08-14 22:10:03,208 - INFO - Fold 3, Epoch 90: Val Acc: 0.59%
2025-08-14 22:10:05,138 - INFO - Fold 3, Epoch 100: Val Acc: 0.69%
2025-08-14 22:10:07,634 - INFO - Fold 3, Epoch 110: Val Acc: 0.75%
2025-08-14 22:10:11,862 - INFO - Fold 3, Epoch 120: Val Acc: 0.91%
2025-08-14 22:10:14,408 - INFO - Fold 3, Epoch 130: Val Acc: 0.62%
2025-08-14 22:10:16,868 - INFO - Fold 3, Epoch 140: Val Acc: 0.69%
2025-08-14 22:10:19,335 - INFO - Fold 3, Epoch 150: Val Acc: 0.66%
2025-08-14 22:10:21,692 - INFO - Fold 3, Epoch 160: Val Acc: 0.84%
2025-08-14 22:10:24,137 - INFO - Fold 3, Epoch 170: Val Acc: 0.66%
2025-08-14 22:10:26,589 - INFO - Fold 3, Epoch 180: Val Acc: 0.56%
2025-08-14 22:10:29,042 - INFO - Fold 3, Epoch 190: Val Acc: 0.62%
2025-08-14 22:10:31,501 - INFO - Fold 3, Epoch 200: Val Acc: 0.66%
2025-08-14 22:10:33,951 - INFO - Fold 3, Epoch 210: Val Acc: 0.66%
2025-08-14 22:10:36,404 - INFO - Early stopping at epoch 220
2025-08-14 22:10:37,677 - INFO - Cross-validation statistics for transformer: {'train_loss': {'mean': np.float64(3.730555560853746), 'std': np.float64(0.1539009066000799)}, 'train_accuracy': {'mean': np.float64(0.857638888888889), 'std': np.float64(0.04364515656241856)}, 'val_loss': {'mean': np.float64(4.285947799682617), 'std': np.float64(0.14357576611795414)}, 'val_accuracy': {'mean': np.float64(0.8854166666666666), 'std': np.float64(0.02946278254943948)}, 'epoch': {'mean': np.float64(160.33333333333334), 'std': np.float64(29.408993333483707)}}
[I 2025-08-14 22:10:37,684] Trial 63 finished with value: -0.8854166666666666 and parameters: {'learning_rate': 0.0007658234192045605, 'batch_size': 32, 'num_epochs': 744, 'temperature': 0.11034766695208342, 'embedding_dim': 128, 'hidden_dim': 256, 'dropout': 0.2629535385066366, 'num_layers': 6, 'num_heads': 8, 'noise_enabled': True, 'shift_enabled': False, 'scale_enabled': True, 'crop_enabled': True, 'flip_enabled': False, 'permutation_enabled': False, 'noise_level': 0.13955863780300204, 'crop_size': 0.6148734461513311}. Best is trial 9 with value: -0.9270833333333334.
Actual device being used: cuda
Attempting to load data from: /vol/ecrg-solar/woodj4/fishy-business/data/REIMS.xlsx
