Trial 193 finished with value: -0.8958333333333334 and parameters: {'learning_rate': 0.000552367675697511, 'batch_size': 32, 'num_epochs': 896, 'temperature': 0.3716123437029744, 'embedding_dim': 256, 'hidden_dim': 256, 'dropout': 0.24788385792268663, 'num_layers': 5, 'num_heads': 4, 'noise_enabled': True, 'shift_enabled': False, 'scale_enabled': True, 'crop_enabled': True, 'flip_enabled': False, 'permutation_enabled': False, 'noise_level': 0.19034933132928616, 'crop_size': 0.7530325906008094}. Best is trial 92 with value: -0.9479166666666666.
2025-08-15 04:15:53,376 - INFO - Using device: cuda
2025-08-15 04:16:03,235 - INFO - --- Starting Fold 1/3 ---
2025-08-15 04:16:03,237 - INFO - Generated pairs. Train: 1128 (Positive: 48). Val: 276 (Positive: 24)
2025-08-15 04:16:03,237 - INFO - Starting training for fold 1/3
2025-08-15 04:16:12,271 - INFO - Fold 1, Epoch 10: Val Acc: 0.66%
2025-08-15 04:16:16,861 - INFO - Fold 1, Epoch 20: Val Acc: 0.69%
2025-08-15 04:16:21,394 - INFO - Fold 1, Epoch 30: Val Acc: 0.75%
2025-08-15 04:16:23,584 - INFO - Fold 1, Epoch 40: Val Acc: 0.78%
2025-08-15 04:16:28,052 - INFO - Fold 1, Epoch 50: Val Acc: 0.84%
2025-08-15 04:16:32,963 - INFO - Fold 1, Epoch 60: Val Acc: 0.69%
2025-08-15 04:16:35,220 - INFO - Fold 1, Epoch 70: Val Acc: 0.84%
2025-08-15 04:16:37,365 - INFO - Fold 1, Epoch 80: Val Acc: 0.69%
2025-08-15 04:16:39,352 - INFO - Fold 1, Epoch 90: Val Acc: 0.69%
2025-08-15 04:16:41,286 - INFO - Fold 1, Epoch 100: Val Acc: 0.56%
2025-08-15 04:16:43,381 - INFO - Fold 1, Epoch 110: Val Acc: 0.62%
2025-08-15 04:16:45,691 - INFO - Fold 1, Epoch 120: Val Acc: 0.81%
2025-08-15 04:16:47,897 - INFO - Fold 1, Epoch 130: Val Acc: 0.69%
2025-08-15 04:16:50,082 - INFO - Fold 1, Epoch 140: Val Acc: 0.78%
2025-08-15 04:16:52,401 - INFO - Fold 1, Epoch 150: Val Acc: 0.62%
2025-08-15 04:16:53,531 - INFO - Early stopping at epoch 155
2025-08-15 04:16:57,193 - INFO - --- Starting Fold 2/3 ---
2025-08-15 04:16:57,195 - INFO - Generated pairs. Train: 1128 (Positive: 48). Val: 276 (Positive: 24)
2025-08-15 04:16:57,196 - INFO - Starting training for fold 2/3
2025-08-15 04:17:05,250 - INFO - Fold 2, Epoch 10: Val Acc: 0.47%
2025-08-15 04:17:10,099 - INFO - Fold 2, Epoch 20: Val Acc: 0.69%
2025-08-15 04:17:16,480 - INFO - Fold 2, Epoch 30: Val Acc: 0.84%
2025-08-15 04:17:20,387 - INFO - Fold 2, Epoch 40: Val Acc: 0.72%
2025-08-15 04:17:22,608 - INFO - Fold 2, Epoch 50: Val Acc: 0.78%
2025-08-15 04:17:24,811 - INFO - Fold 2, Epoch 60: Val Acc: 0.69%
2025-08-15 04:17:26,747 - INFO - Fold 2, Epoch 70: Val Acc: 0.62%
2025-08-15 04:17:28,662 - INFO - Fold 2, Epoch 80: Val Acc: 0.75%
2025-08-15 04:17:30,364 - INFO - Fold 2, Epoch 90: Val Acc: 0.69%
2025-08-15 04:17:32,249 - INFO - Fold 2, Epoch 100: Val Acc: 0.78%
2025-08-15 04:17:34,216 - INFO - Fold 2, Epoch 110: Val Acc: 0.78%
2025-08-15 04:17:36,260 - INFO - Fold 2, Epoch 120: Val Acc: 0.75%
2025-08-15 04:17:38,192 - INFO - Fold 2, Epoch 130: Val Acc: 0.66%
2025-08-15 04:17:39,466 - INFO - Early stopping at epoch 136
2025-08-15 04:17:42,328 - INFO - --- Starting Fold 3/3 ---
2025-08-15 04:17:42,332 - INFO - Generated pairs. Train: 1128 (Positive: 48). Val: 276 (Positive: 24)
2025-08-15 04:17:42,332 - INFO - Starting training for fold 3/3
2025-08-15 04:17:52,908 - INFO - Fold 3, Epoch 10: Val Acc: 0.69%
2025-08-15 04:17:55,007 - INFO - Fold 3, Epoch 20: Val Acc: 0.66%
2025-08-15 04:18:02,829 - INFO - Fold 3, Epoch 30: Val Acc: 0.66%
2025-08-15 04:18:06,575 - INFO - Fold 3, Epoch 40: Val Acc: 0.81%
2025-08-15 04:18:08,883 - INFO - Fold 3, Epoch 50: Val Acc: 0.62%
2025-08-15 04:18:10,716 - INFO - Fold 3, Epoch 60: Val Acc: 0.84%
2025-08-15 04:18:12,657 - INFO - Fold 3, Epoch 70: Val Acc: 0.72%
2025-08-15 04:18:14,984 - INFO - Fold 3, Epoch 80: Val Acc: 0.72%
2025-08-15 04:18:18,525 - INFO - Fold 3, Epoch 90: Val Acc: 0.88%
2025-08-15 04:18:20,604 - INFO - Fold 3, Epoch 100: Val Acc: 0.78%
2025-08-15 04:18:22,444 - INFO - Fold 3, Epoch 110: Val Acc: 0.72%
2025-08-15 04:18:24,153 - INFO - Fold 3, Epoch 120: Val Acc: 0.66%
2025-08-15 04:18:25,871 - INFO - Fold 3, Epoch 130: Val Acc: 0.75%
2025-08-15 04:18:27,582 - INFO - Fold 3, Epoch 140: Val Acc: 0.81%
2025-08-15 04:18:30,899 - INFO - Fold 3, Epoch 150: Val Acc: 0.72%
2025-08-15 04:18:34,473 - INFO - Fold 3, Epoch 160: Val Acc: 0.78%
2025-08-15 04:18:36,694 - INFO - Fold 3, Epoch 170: Val Acc: 0.78%
2025-08-15 04:18:38,923 - INFO - Fold 3, Epoch 180: Val Acc: 0.56%
2025-08-15 04:18:41,155 - INFO - Fold 3, Epoch 190: Val Acc: 0.75%
2025-08-15 04:18:43,384 - INFO - Fold 3, Epoch 200: Val Acc: 0.81%
2025-08-15 04:18:45,457 - INFO - Fold 3, Epoch 210: Val Acc: 0.72%
2025-08-15 04:18:47,455 - INFO - Fold 3, Epoch 220: Val Acc: 0.75%
2025-08-15 04:18:49,407 - INFO - Fold 3, Epoch 230: Val Acc: 0.62%
2025-08-15 04:18:51,392 - INFO - Fold 3, Epoch 240: Val Acc: 0.84%
2025-08-15 04:18:53,406 - INFO - Fold 3, Epoch 250: Val Acc: 0.72%
2025-08-15 04:18:54,043 - INFO - Early stopping at epoch 253
2025-08-15 04:18:57,013 - INFO - Cross-validation statistics for transformer: {'train_loss': {'mean': np.float64(3.9204159842597117), 'std': np.float64(0.12381273101017369)}, 'train_accuracy': {'mean': np.float64(0.7743055555555555), 'std': np.float64(0.057893513890739795)}, 'val_loss': {'mean': np.float64(4.314756552378337), 'std': np.float64(0.07047881505372848)}, 'val_accuracy': {'mean': np.float64(0.90625), 'std': np.float64(0.02551551815399144)}, 'epoch': {'mean': np.float64(80.33333333333333), 'std': np.float64(51.266189854739764)}}
[I 2025-08-15 04:18:57,024] Trial 194 finished with value: -0.90625 and parameters: {'learning_rate': 0.0007135684816995941, 'batch_size': 32, 'num_epochs': 877, 'temperature': 0.2983380520418555, 'embedding_dim': 256, 'hidden_dim': 256, 'dropout': 0.2302549759343797, 'num_layers': 5, 'num_heads': 4, 'noise_enabled': True, 'shift_enabled': False, 'scale_enabled': True, 'crop_enabled': True, 'flip_enabled': False, 'permutation_enabled': False, 'noise_level': 0.02601095608589897, 'crop_size': 0.5199992931715913}. Best is trial 92 with value: -0.9479166666666666.
Actual device being used: cuda
Attempting to load data from: /vol/ecrg-solar/woodj4/fishy-business/data/REIMS.xlsx
Trial 194 finished with value: -0.90625 and parameters: {'learning_rate': 0.0007135684816995941, 'batch_size': 32, 'num_epochs': 877, 'temperature': 0.2983380520418555, 'embedding_dim': 256, 'hidden_dim': 256, 'dropout': 0.2302549759343797, 'num_layers': 5, 'num_heads': 4, 'noise_enabled': True, 'shift_enabled': False, 'scale_enabled': True, 'crop_enabled': True, 'flip_enabled': False, 'permutation_enabled': False, 'noise_level': 0.02601095608589897, 'crop_size': 0.5199992931715913}. Best is trial 92 with value: -0.9479166666666666.
2025-08-15 04:18:57,116 - INFO - Using device: cuda
2025-08-15 04:19:07,048 - INFO - --- Starting Fold 1/3 ---
2025-08-15 04:19:07,049 - INFO - Generated pairs. Train: 1128 (Positive: 48). Val: 276 (Positive: 24)
2025-08-15 04:19:07,049 - INFO - Starting training for fold 1/3
2025-08-15 04:19:18,074 - INFO - Fold 1, Epoch 10: Val Acc: 0.66%
2025-08-15 04:19:22,523 - INFO - Fold 1, Epoch 20: Val Acc: 0.72%
2025-08-15 04:19:27,132 - INFO - Fold 1, Epoch 30: Val Acc: 0.69%
2025-08-15 04:19:29,445 - INFO - Fold 1, Epoch 40: Val Acc: 0.69%
2025-08-15 04:19:31,746 - INFO - Fold 1, Epoch 50: Val Acc: 0.84%
2025-08-15 04:19:33,962 - INFO - Fold 1, Epoch 60: Val Acc: 0.72%
2025-08-15 04:19:35,881 - INFO - Fold 1, Epoch 70: Val Acc: 0.62%
2025-08-15 04:19:37,979 - INFO - Fold 1, Epoch 80: Val Acc: 0.75%
2025-08-15 04:19:40,208 - INFO - Fold 1, Epoch 90: Val Acc: 0.72%
2025-08-15 04:19:42,457 - INFO - Fold 1, Epoch 100: Val Acc: 0.53%
2025-08-15 04:19:46,656 - INFO - Fold 1, Epoch 110: Val Acc: 0.75%
2025-08-15 04:19:48,472 - INFO - Fold 1, Epoch 120: Val Acc: 0.62%
2025-08-15 04:19:50,563 - INFO - Fold 1, Epoch 130: Val Acc: 0.69%
2025-08-15 04:19:52,871 - INFO - Fold 1, Epoch 140: Val Acc: 0.69%
2025-08-15 04:19:55,179 - INFO - Fold 1, Epoch 150: Val Acc: 0.88%
2025-08-15 04:19:57,497 - INFO - Fold 1, Epoch 160: Val Acc: 0.72%
2025-08-15 04:19:59,319 - INFO - Fold 1, Epoch 170: Val Acc: 0.75%
2025-08-15 04:20:01,538 - INFO - Fold 1, Epoch 180: Val Acc: 0.72%
2025-08-15 04:20:03,839 - INFO - Fold 1, Epoch 190: Val Acc: 0.59%
2025-08-15 04:20:06,067 - INFO - Fold 1, Epoch 200: Val Acc: 0.75%
2025-08-15 04:20:07,627 - INFO - Early stopping at epoch 207
2025-08-15 04:20:11,327 - INFO - --- Starting Fold 2/3 ---
2025-08-15 04:20:11,330 - INFO - Generated pairs. Train: 1128 (Positive: 48). Val: 276 (Positive: 24)
2025-08-15 04:20:11,330 - INFO - Starting training for fold 2/3
2025-08-15 04:20:18,372 - INFO - Fold 2, Epoch 10: Val Acc: 0.56%
2025-08-15 04:20:22,011 - INFO - Fold 2, Epoch 20: Val Acc: 0.72%
2025-08-15 04:20:26,914 - INFO - Fold 2, Epoch 30: Val Acc: 0.78%
2025-08-15 04:20:28,958 - INFO - Fold 2, Epoch 40: Val Acc: 0.81%
2025-08-15 04:20:31,051 - INFO - Fold 2, Epoch 50: Val Acc: 0.84%
2025-08-15 04:20:33,377 - INFO - Fold 2, Epoch 60: Val Acc: 0.81%
2025-08-15 04:20:35,692 - INFO - Fold 2, Epoch 70: Val Acc: 0.69%
2025-08-15 04:20:37,974 - INFO - Fold 2, Epoch 80: Val Acc: 0.94%
2025-08-15 04:20:40,253 - INFO - Fold 2, Epoch 90: Val Acc: 0.62%
2025-08-15 04:20:42,480 - INFO - Fold 2, Epoch 100: Val Acc: 0.81%
2025-08-15 04:20:44,684 - INFO - Fold 2, Epoch 110: Val Acc: 0.75%
2025-08-15 04:20:46,479 - INFO - Fold 2, Epoch 120: Val Acc: 0.75%
2025-08-15 04:20:48,468 - INFO - Early stopping at epoch 129
2025-08-15 04:20:51,684 - INFO - --- Starting Fold 3/3 ---
2025-08-15 04:20:51,688 - INFO - Generated pairs. Train: 1128 (Positive: 48). Val: 276 (Positive: 24)
2025-08-15 04:20:51,689 - INFO - Starting training for fold 3/3
2025-08-15 04:20:57,055 - INFO - Fold 3, Epoch 10: Val Acc: 0.62%
2025-08-15 04:21:03,498 - INFO - Fold 3, Epoch 20: Val Acc: 0.62%
2025-08-15 04:21:05,639 - INFO - Fold 3, Epoch 30: Val Acc: 0.72%
2025-08-15 04:21:07,866 - INFO - Fold 3, Epoch 40: Val Acc: 0.62%
2025-08-15 04:21:10,097 - INFO - Fold 3, Epoch 50: Val Acc: 0.78%
2025-08-15 04:21:11,891 - INFO - Fold 3, Epoch 60: Val Acc: 0.78%
2025-08-15 04:21:13,716 - INFO - Fold 3, Epoch 70: Val Acc: 0.88%
2025-08-15 04:21:15,420 - INFO - Fold 3, Epoch 80: Val Acc: 0.75%
2025-08-15 04:21:17,137 - INFO - Fold 3, Epoch 90: Val Acc: 0.72%
2025-08-15 04:21:18,842 - INFO - Fold 3, Epoch 100: Val Acc: 0.66%
2025-08-15 04:21:20,706 - INFO - Fold 3, Epoch 110: Val Acc: 0.66%
2025-08-15 04:21:22,483 - INFO - Early stopping at epoch 118
2025-08-15 04:21:23,499 - INFO - Cross-validation statistics for transformer: {'train_loss': {'mean': np.float64(3.981651491589016), 'std': np.float64(0.07526012895454932)}, 'train_accuracy': {'mean': np.float64(0.7152777777777778), 'std': np.float64(0.10769487791160287)}, 'val_loss': {'mean': np.float64(4.19964075088501), 'std': np.float64(0.02670635962816468)}, 'val_accuracy': {'mean': np.float64(0.90625), 'std': np.float64(0.02551551815399144)}, 'epoch': {'mean': np.float64(50.333333333333336), 'std': np.float64(39.617616732402716)}}
[I 2025-08-15 04:21:23,506] Trial 195 finished with value: -0.90625 and parameters: {'learning_rate': 0.0008457235607071409, 'batch_size': 32, 'num_epochs': 801, 'temperature': 0.35514301429260964, 'embedding_dim': 256, 'hidden_dim': 256, 'dropout': 0.25543150155605976, 'num_layers': 5, 'num_heads': 4, 'noise_enabled': True, 'shift_enabled': False, 'scale_enabled': True, 'crop_enabled': True, 'flip_enabled': False, 'permutation_enabled': False, 'noise_level': 0.19532822624006632, 'crop_size': 0.5065860927258168}. Best is trial 92 with value: -0.9479166666666666.
Actual device being used: cuda
Attempting to load data from: /vol/ecrg-solar/woodj4/fishy-business/data/REIMS.xlsx
Trial 195 finished with value: -0.90625 and parameters: {'learning_rate': 0.0008457235607071409, 'batch_size': 32, 'num_epochs': 801, 'temperature': 0.35514301429260964, 'embedding_dim': 256, 'hidden_dim': 256, 'dropout': 0.25543150155605976, 'num_layers': 5, 'num_heads': 4, 'noise_enabled': True, 'shift_enabled': False, 'scale_enabled': True, 'crop_enabled': True, 'flip_enabled': False, 'permutation_enabled': False, 'noise_level': 0.19532822624006632, 'crop_size': 0.5065860927258168}. Best is trial 92 with value: -0.9479166666666666.
2025-08-15 04:21:23,554 - INFO - Using device: cuda
2025-08-15 04:21:33,288 - INFO - --- Starting Fold 1/3 ---
2025-08-15 04:21:33,290 - INFO - Generated pairs. Train: 1128 (Positive: 48). Val: 276 (Positive: 24)
2025-08-15 04:21:33,290 - INFO - Starting training for fold 1/3
2025-08-15 04:21:48,133 - INFO - Fold 1, Epoch 10: Val Acc: 0.58%
2025-08-15 04:21:54,082 - INFO - Fold 1, Epoch 20: Val Acc: 0.69%
2025-08-15 04:22:02,335 - INFO - Fold 1, Epoch 30: Val Acc: 0.75%
2025-08-15 04:22:08,220 - INFO - Fold 1, Epoch 40: Val Acc: 0.75%
2025-08-15 04:22:11,944 - INFO - Fold 1, Epoch 50: Val Acc: 0.71%
2025-08-15 04:22:15,771 - INFO - Fold 1, Epoch 60: Val Acc: 0.79%
2025-08-15 04:22:21,341 - INFO - Fold 1, Epoch 70: Val Acc: 0.65%
2025-08-15 04:22:24,181 - INFO - Fold 1, Epoch 80: Val Acc: 0.67%
2025-08-15 04:22:27,729 - INFO - Fold 1, Epoch 90: Val Acc: 0.69%
2025-08-15 04:22:31,209 - INFO - Fold 1, Epoch 100: Val Acc: 0.67%
2025-08-15 04:22:36,660 - INFO - Fold 1, Epoch 110: Val Acc: 0.58%
2025-08-15 04:22:40,125 - INFO - Fold 1, Epoch 120: Val Acc: 0.69%
2025-08-15 04:22:43,936 - INFO - Fold 1, Epoch 130: Val Acc: 0.67%
2025-08-15 04:22:47,659 - INFO - Fold 1, Epoch 140: Val Acc: 0.75%
2025-08-15 04:22:51,513 - INFO - Fold 1, Epoch 150: Val Acc: 0.71%
2025-08-15 04:22:55,311 - INFO - Fold 1, Epoch 160: Val Acc: 0.60%
2025-08-15 04:22:58,646 - INFO - Fold 1, Epoch 170: Val Acc: 0.81%
2025-08-15 04:23:02,138 - INFO - Fold 1, Epoch 180: Val Acc: 0.67%
2025-08-15 04:23:05,576 - INFO - Fold 1, Epoch 190: Val Acc: 0.77%
2025-08-15 04:23:09,387 - INFO - Fold 1, Epoch 200: Val Acc: 0.73%
2025-08-15 04:23:11,345 - INFO - Early stopping at epoch 205
2025-08-15 04:23:14,834 - INFO - --- Starting Fold 2/3 ---
2025-08-15 04:23:14,837 - INFO - Generated pairs. Train: 1128 (Positive: 48). Val: 276 (Positive: 24)
2025-08-15 04:23:14,837 - INFO - Starting training for fold 2/3
2025-08-15 04:23:24,525 - INFO - Fold 2, Epoch 10: Val Acc: 0.58%
2025-08-15 04:23:32,034 - INFO - Fold 2, Epoch 20: Val Acc: 0.75%
2025-08-15 04:23:38,759 - INFO - Fold 2, Epoch 30: Val Acc: 0.79%
2025-08-15 04:23:42,373 - INFO - Fold 2, Epoch 40: Val Acc: 0.77%
2025-08-15 04:23:46,177 - INFO - Fold 2, Epoch 50: Val Acc: 0.81%
2025-08-15 04:23:51,481 - INFO - Fold 2, Epoch 60: Val Acc: 0.73%
2025-08-15 04:23:55,291 - INFO - Fold 2, Epoch 70: Val Acc: 0.73%
2025-08-15 04:23:59,113 - INFO - Fold 2, Epoch 80: Val Acc: 0.79%
2025-08-15 04:24:02,665 - INFO - Fold 2, Epoch 90: Val Acc: 0.65%
2025-08-15 04:24:06,477 - INFO - Fold 2, Epoch 100: Val Acc: 0.75%
2025-08-15 04:24:09,992 - INFO - Fold 2, Epoch 110: Val Acc: 0.71%
2025-08-15 04:24:13,793 - INFO - Fold 2, Epoch 120: Val Acc: 0.83%
2025-08-15 04:24:17,582 - INFO - Fold 2, Epoch 130: Val Acc: 0.83%
2025-08-15 04:24:21,496 - INFO - Fold 2, Epoch 140: Val Acc: 0.77%
2025-08-15 04:24:25,461 - INFO - Fold 2, Epoch 150: Val Acc: 0.79%
2025-08-15 04:24:26,251 - INFO - Early stopping at epoch 152
2025-08-15 04:24:29,150 - INFO - --- Starting Fold 3/3 ---
2025-08-15 04:24:29,153 - INFO - Generated pairs. Train: 1128 (Positive: 48). Val: 276 (Positive: 24)
2025-08-15 04:24:29,153 - INFO - Starting training for fold 3/3
2025-08-15 04:24:39,093 - INFO - Fold 3, Epoch 10: Val Acc: 0.67%
2025-08-15 04:24:47,363 - INFO - Fold 3, Epoch 20: Val Acc: 0.81%
2025-08-15 04:24:52,276 - INFO - Fold 3, Epoch 30: Val Acc: 0.75%
2025-08-15 04:24:56,866 - INFO - Fold 3, Epoch 40: Val Acc: 0.83%
2025-08-15 04:25:00,661 - INFO - Fold 3, Epoch 50: Val Acc: 0.69%
2025-08-15 04:25:05,777 - INFO - Fold 3, Epoch 60: Val Acc: 0.81%
2025-08-15 04:25:09,577 - INFO - Fold 3, Epoch 70: Val Acc: 0.73%
2025-08-15 04:25:13,384 - INFO - Fold 3, Epoch 80: Val Acc: 0.77%
2025-08-15 04:25:17,187 - INFO - Fold 3, Epoch 90: Val Acc: 0.75%
2025-08-15 04:25:20,975 - INFO - Fold 3, Epoch 100: Val Acc: 0.71%
2025-08-15 04:25:24,615 - INFO - Fold 3, Epoch 110: Val Acc: 0.73%
2025-08-15 04:25:27,932 - INFO - Fold 3, Epoch 120: Val Acc: 0.81%
2025-08-15 04:25:31,196 - INFO - Fold 3, Epoch 130: Val Acc: 0.85%
2025-08-15 04:25:34,477 - INFO - Fold 3, Epoch 140: Val Acc: 0.79%
2025-08-15 04:25:37,766 - INFO - Fold 3, Epoch 150: Val Acc: 0.69%
2025-08-15 04:25:40,994 - INFO - Early stopping at epoch 159
2025-08-15 04:25:42,085 - INFO - Cross-validation statistics for transformer: {'train_loss': {'mean': np.float64(3.173732572131687), 'std': np.float64(0.07108714572516632)}, 'train_accuracy': {'mean': np.float64(0.767361111111111), 'std': np.float64(0.061527934537046323)}, 'val_loss': {'mean': np.float64(3.5040136178334556), 'std': np.float64(0.011827419006693934)}, 'val_accuracy': {'mean': np.float64(0.8819444444444443), 'std': np.float64(0.009820927516479791)}, 'epoch': {'mean': np.float64(71.0), 'std': np.float64(23.50886357667394)}}
[I 2025-08-15 04:25:42,092] Trial 196 finished with value: -0.8819444444444443 and parameters: {'learning_rate': 0.0006393692263641252, 'batch_size': 16, 'num_epochs': 840, 'temperature': 0.4256750428637816, 'embedding_dim': 256, 'hidden_dim': 256, 'dropout': 0.48696548265662176, 'num_layers': 5, 'num_heads': 8, 'noise_enabled': True, 'shift_enabled': False, 'scale_enabled': True, 'crop_enabled': True, 'flip_enabled': False, 'permutation_enabled': False, 'noise_level': 0.0779189482371505, 'crop_size': 0.5414029021197966}. Best is trial 92 with value: -0.9479166666666666.
Actual device being used: cuda
Attempting to load data from: /vol/ecrg-solar/woodj4/fishy-business/data/REIMS.xlsx
