Trial 99 finished with value: -0.9166666666666666 and parameters: {'learning_rate': 0.0009069595881342901, 'batch_size': 32, 'num_epochs': 388, 'temperature': 0.2911148504641923, 'embedding_dim': 256, 'hidden_dim': 256, 'dropout': 0.4813798960703371, 'num_layers': 5, 'num_heads': 2, 'noise_enabled': True, 'shift_enabled': False, 'scale_enabled': False, 'crop_enabled': True, 'flip_enabled': False, 'permutation_enabled': False, 'noise_level': 0.07314227434770403, 'crop_size': 0.5453611934661641}. Best is trial 92 with value: -0.9479166666666666.
2025-08-14 23:52:35,487 - INFO - Using device: cuda
2025-08-14 23:52:45,169 - INFO - --- Starting Fold 1/3 ---
2025-08-14 23:52:45,171 - INFO - Generated pairs. Train: 1128 (Positive: 48). Val: 276 (Positive: 24)
2025-08-14 23:52:45,171 - INFO - Starting training for fold 1/3
2025-08-14 23:52:55,713 - INFO - Fold 1, Epoch 10: Val Acc: 0.59%
2025-08-14 23:52:58,060 - INFO - Fold 1, Epoch 20: Val Acc: 0.44%
2025-08-14 23:53:00,521 - INFO - Fold 1, Epoch 30: Val Acc: 0.50%
2025-08-14 23:53:03,002 - INFO - Fold 1, Epoch 40: Val Acc: 0.50%
2025-08-14 23:53:05,471 - INFO - Fold 1, Epoch 50: Val Acc: 0.50%
2025-08-14 23:53:07,945 - INFO - Fold 1, Epoch 60: Val Acc: 0.53%
2025-08-14 23:53:10,419 - INFO - Fold 1, Epoch 70: Val Acc: 0.44%
2025-08-14 23:53:12,892 - INFO - Fold 1, Epoch 80: Val Acc: 0.50%
2025-08-14 23:53:15,364 - INFO - Fold 1, Epoch 90: Val Acc: 0.50%
2025-08-14 23:53:17,848 - INFO - Fold 1, Epoch 100: Val Acc: 0.50%
2025-08-14 23:53:18,583 - INFO - Early stopping at epoch 103
2025-08-14 23:53:22,481 - INFO - --- Starting Fold 2/3 ---
2025-08-14 23:53:22,483 - INFO - Generated pairs. Train: 1128 (Positive: 48). Val: 276 (Positive: 24)
2025-08-14 23:53:22,484 - INFO - Starting training for fold 2/3
2025-08-14 23:53:26,896 - INFO - Fold 2, Epoch 10: Val Acc: 0.50%
2025-08-14 23:53:31,157 - INFO - Fold 2, Epoch 20: Val Acc: 0.41%
2025-08-14 23:53:35,432 - INFO - Fold 2, Epoch 30: Val Acc: 0.56%
2025-08-14 23:53:37,898 - INFO - Fold 2, Epoch 40: Val Acc: 0.50%
2025-08-14 23:53:40,360 - INFO - Fold 2, Epoch 50: Val Acc: 0.47%
2025-08-14 23:53:42,834 - INFO - Fold 2, Epoch 60: Val Acc: 0.44%
2025-08-14 23:53:45,167 - INFO - Fold 2, Epoch 70: Val Acc: 0.44%
2025-08-14 23:53:47,651 - INFO - Fold 2, Epoch 80: Val Acc: 0.56%
2025-08-14 23:53:51,920 - INFO - Fold 2, Epoch 90: Val Acc: 0.41%
2025-08-14 23:53:54,382 - INFO - Fold 2, Epoch 100: Val Acc: 0.50%
2025-08-14 23:53:56,850 - INFO - Fold 2, Epoch 110: Val Acc: 0.31%
2025-08-14 23:53:59,322 - INFO - Fold 2, Epoch 120: Val Acc: 0.47%
2025-08-14 23:54:01,779 - INFO - Fold 2, Epoch 130: Val Acc: 0.47%
2025-08-14 23:54:04,233 - INFO - Fold 2, Epoch 140: Val Acc: 0.38%
2025-08-14 23:54:06,574 - INFO - Fold 2, Epoch 150: Val Acc: 0.50%
2025-08-14 23:54:10,721 - INFO - Fold 2, Epoch 160: Val Acc: 0.53%
2025-08-14 23:54:13,196 - INFO - Fold 2, Epoch 170: Val Acc: 0.34%
2025-08-14 23:54:15,676 - INFO - Fold 2, Epoch 180: Val Acc: 0.50%
2025-08-14 23:54:17,624 - INFO - Fold 2, Epoch 190: Val Acc: 0.53%
2025-08-14 23:54:19,511 - INFO - Fold 2, Epoch 200: Val Acc: 0.50%
2025-08-14 23:54:21,397 - INFO - Fold 2, Epoch 210: Val Acc: 0.66%
2025-08-14 23:54:23,439 - INFO - Fold 2, Epoch 220: Val Acc: 0.41%
2025-08-14 23:54:25,896 - INFO - Fold 2, Epoch 230: Val Acc: 0.50%
2025-08-14 23:54:28,362 - INFO - Fold 2, Epoch 240: Val Acc: 0.59%
2025-08-14 23:54:30,826 - INFO - Fold 2, Epoch 250: Val Acc: 0.72%
2025-08-14 23:54:32,064 - INFO - Early stopping at epoch 255
2025-08-14 23:54:35,250 - INFO - --- Starting Fold 3/3 ---
2025-08-14 23:54:35,254 - INFO - Generated pairs. Train: 1128 (Positive: 48). Val: 276 (Positive: 24)
2025-08-14 23:54:35,254 - INFO - Starting training for fold 3/3
2025-08-14 23:54:42,933 - INFO - Fold 3, Epoch 10: Val Acc: 0.50%
2025-08-14 23:54:45,404 - INFO - Fold 3, Epoch 20: Val Acc: 0.56%
2025-08-14 23:54:47,872 - INFO - Fold 3, Epoch 30: Val Acc: 0.44%
2025-08-14 23:54:50,329 - INFO - Fold 3, Epoch 40: Val Acc: 0.41%
2025-08-14 23:54:54,486 - INFO - Fold 3, Epoch 50: Val Acc: 0.47%
2025-08-14 23:54:56,948 - INFO - Fold 3, Epoch 60: Val Acc: 0.59%
2025-08-14 23:54:59,293 - INFO - Fold 3, Epoch 70: Val Acc: 0.53%
2025-08-14 23:55:02,869 - INFO - Fold 3, Epoch 80: Val Acc: 0.50%
2025-08-14 23:55:05,433 - INFO - Fold 3, Epoch 90: Val Acc: 0.53%
2025-08-14 23:55:08,007 - INFO - Fold 3, Epoch 100: Val Acc: 0.47%
2025-08-14 23:55:10,584 - INFO - Fold 3, Epoch 110: Val Acc: 0.56%
2025-08-14 23:55:13,161 - INFO - Fold 3, Epoch 120: Val Acc: 0.59%
2025-08-14 23:55:15,606 - INFO - Fold 3, Epoch 130: Val Acc: 0.44%
2025-08-14 23:55:18,193 - INFO - Fold 3, Epoch 140: Val Acc: 0.44%
2025-08-14 23:55:20,684 - INFO - Fold 3, Epoch 150: Val Acc: 0.47%
2025-08-14 23:55:23,256 - INFO - Fold 3, Epoch 160: Val Acc: 0.44%
2025-08-14 23:55:25,541 - INFO - Fold 3, Epoch 170: Val Acc: 0.53%
2025-08-14 23:55:29,718 - INFO - Fold 3, Epoch 180: Val Acc: 0.53%
2025-08-14 23:55:31,920 - INFO - Fold 3, Epoch 190: Val Acc: 0.62%
2025-08-14 23:55:34,105 - INFO - Fold 3, Epoch 200: Val Acc: 0.47%
2025-08-14 23:55:36,576 - INFO - Fold 3, Epoch 210: Val Acc: 0.47%
2025-08-14 23:55:39,039 - INFO - Fold 3, Epoch 220: Val Acc: 0.56%
2025-08-14 23:55:41,506 - INFO - Fold 3, Epoch 230: Val Acc: 0.53%
2025-08-14 23:55:43,973 - INFO - Fold 3, Epoch 240: Val Acc: 0.53%
2025-08-14 23:55:46,440 - INFO - Fold 3, Epoch 250: Val Acc: 0.47%
2025-08-14 23:55:48,910 - INFO - Fold 3, Epoch 260: Val Acc: 0.50%
2025-08-14 23:55:51,375 - INFO - Fold 3, Epoch 270: Val Acc: 0.53%
2025-08-14 23:55:52,614 - INFO - Early stopping at epoch 275
2025-08-14 23:55:53,926 - INFO - Cross-validation statistics for transformer: {'train_loss': {'mean': np.float64(4.13676659266154), 'std': np.float64(0.01860591108450205)}, 'train_accuracy': {'mean': np.float64(0.5451388888888888), 'std': np.float64(0.017704928866641587)}, 'val_loss': {'mean': np.float64(4.147727171579997), 'std': np.float64(0.03705368968286349)}, 'val_accuracy': {'mean': np.float64(0.6979166666666666), 'std': np.float64(0.02946278254943948)}, 'epoch': {'mean': np.float64(110.0), 'std': np.float64(76.8027777275449)}}
[I 2025-08-14 23:55:53,933] Trial 100 finished with value: -0.6979166666666666 and parameters: {'learning_rate': 0.00045047548803899635, 'batch_size': 32, 'num_epochs': 528, 'temperature': 0.3320655151276991, 'embedding_dim': 256, 'hidden_dim': 256, 'dropout': 0.4996335643769641, 'num_layers': 6, 'num_heads': 4, 'noise_enabled': True, 'shift_enabled': False, 'scale_enabled': False, 'crop_enabled': False, 'flip_enabled': False, 'permutation_enabled': True, 'noise_level': 0.0849584141291882}. Best is trial 92 with value: -0.9479166666666666.
Actual device being used: cuda
Attempting to load data from: /vol/ecrg-solar/woodj4/fishy-business/data/REIMS.xlsx
Trial 100 finished with value: -0.6979166666666666 and parameters: {'learning_rate': 0.00045047548803899635, 'batch_size': 32, 'num_epochs': 528, 'temperature': 0.3320655151276991, 'embedding_dim': 256, 'hidden_dim': 256, 'dropout': 0.4996335643769641, 'num_layers': 6, 'num_heads': 4, 'noise_enabled': True, 'shift_enabled': False, 'scale_enabled': False, 'crop_enabled': False, 'flip_enabled': False, 'permutation_enabled': True, 'noise_level': 0.0849584141291882}. Best is trial 92 with value: -0.9479166666666666.
2025-08-14 23:55:53,972 - INFO - Using device: cuda
2025-08-14 23:56:04,150 - INFO - --- Starting Fold 1/3 ---
2025-08-14 23:56:04,152 - INFO - Generated pairs. Train: 1128 (Positive: 48). Val: 276 (Positive: 24)
2025-08-14 23:56:04,152 - INFO - Starting training for fold 1/3
2025-08-14 23:56:20,029 - INFO - Fold 1, Epoch 10: Val Acc: 0.66%
2025-08-14 23:56:24,717 - INFO - Fold 1, Epoch 20: Val Acc: 0.66%
2025-08-14 23:56:26,929 - INFO - Fold 1, Epoch 30: Val Acc: 0.72%
2025-08-14 23:56:29,140 - INFO - Fold 1, Epoch 40: Val Acc: 0.62%
2025-08-14 23:56:33,704 - INFO - Fold 1, Epoch 50: Val Acc: 0.75%
2025-08-14 23:56:35,906 - INFO - Fold 1, Epoch 60: Val Acc: 0.66%
2025-08-14 23:56:40,392 - INFO - Fold 1, Epoch 70: Val Acc: 0.69%
2025-08-14 23:56:42,332 - INFO - Fold 1, Epoch 80: Val Acc: 0.75%
2025-08-14 23:56:44,115 - INFO - Fold 1, Epoch 90: Val Acc: 0.56%
2025-08-14 23:56:46,318 - INFO - Fold 1, Epoch 100: Val Acc: 0.72%
2025-08-14 23:56:48,528 - INFO - Fold 1, Epoch 110: Val Acc: 0.72%
2025-08-14 23:56:50,744 - INFO - Fold 1, Epoch 120: Val Acc: 0.75%
2025-08-14 23:56:52,948 - INFO - Fold 1, Epoch 130: Val Acc: 0.56%
2025-08-14 23:56:55,098 - INFO - Fold 1, Epoch 140: Val Acc: 0.69%
2025-08-14 23:56:57,096 - INFO - Fold 1, Epoch 150: Val Acc: 0.81%
2025-08-14 23:56:59,104 - INFO - Fold 1, Epoch 160: Val Acc: 0.59%
2025-08-14 23:56:59,274 - INFO - Early stopping at epoch 161
2025-08-14 23:57:03,025 - INFO - --- Starting Fold 2/3 ---
2025-08-14 23:57:03,028 - INFO - Generated pairs. Train: 1128 (Positive: 48). Val: 276 (Positive: 24)
2025-08-14 23:57:03,028 - INFO - Starting training for fold 2/3
2025-08-14 23:57:11,242 - INFO - Fold 2, Epoch 10: Val Acc: 0.47%
2025-08-14 23:57:14,950 - INFO - Fold 2, Epoch 20: Val Acc: 0.66%
2025-08-14 23:57:18,640 - INFO - Fold 2, Epoch 30: Val Acc: 0.69%
2025-08-14 23:57:20,858 - INFO - Fold 2, Epoch 40: Val Acc: 0.75%
2025-08-14 23:57:23,073 - INFO - Fold 2, Epoch 50: Val Acc: 0.72%
2025-08-14 23:57:25,280 - INFO - Fold 2, Epoch 60: Val Acc: 0.72%
2025-08-14 23:57:27,492 - INFO - Fold 2, Epoch 70: Val Acc: 0.72%
2025-08-14 23:57:29,710 - INFO - Fold 2, Epoch 80: Val Acc: 0.78%
2025-08-14 23:57:31,927 - INFO - Fold 2, Epoch 90: Val Acc: 0.84%
2025-08-14 23:57:34,148 - INFO - Fold 2, Epoch 100: Val Acc: 0.66%
2025-08-14 23:57:37,866 - INFO - Fold 2, Epoch 110: Val Acc: 0.78%
2025-08-14 23:57:40,074 - INFO - Fold 2, Epoch 120: Val Acc: 0.84%
2025-08-14 23:57:42,334 - INFO - Fold 2, Epoch 130: Val Acc: 0.88%
2025-08-14 23:57:44,600 - INFO - Fold 2, Epoch 140: Val Acc: 0.69%
2025-08-14 23:57:46,837 - INFO - Fold 2, Epoch 150: Val Acc: 0.75%
2025-08-14 23:57:49,038 - INFO - Fold 2, Epoch 160: Val Acc: 0.62%
2025-08-14 23:57:51,255 - INFO - Fold 2, Epoch 170: Val Acc: 0.75%
2025-08-14 23:57:53,470 - INFO - Fold 2, Epoch 180: Val Acc: 0.88%
2025-08-14 23:57:55,156 - INFO - Fold 2, Epoch 190: Val Acc: 0.69%
2025-08-14 23:57:56,843 - INFO - Fold 2, Epoch 200: Val Acc: 0.69%
2025-08-14 23:57:57,180 - INFO - Early stopping at epoch 202
2025-08-14 23:58:00,294 - INFO - --- Starting Fold 3/3 ---
2025-08-14 23:58:00,297 - INFO - Generated pairs. Train: 1128 (Positive: 48). Val: 276 (Positive: 24)
2025-08-14 23:58:00,298 - INFO - Starting training for fold 3/3
2025-08-14 23:58:08,441 - INFO - Fold 3, Epoch 10: Val Acc: 0.41%
2025-08-14 23:58:14,183 - INFO - Fold 3, Epoch 20: Val Acc: 0.62%
2025-08-14 23:58:18,022 - INFO - Fold 3, Epoch 30: Val Acc: 0.66%
2025-08-14 23:58:21,785 - INFO - Fold 3, Epoch 40: Val Acc: 0.62%
2025-08-14 23:58:24,000 - INFO - Fold 3, Epoch 50: Val Acc: 0.75%
2025-08-14 23:58:27,611 - INFO - Fold 3, Epoch 60: Val Acc: 0.75%
2025-08-14 23:58:29,829 - INFO - Fold 3, Epoch 70: Val Acc: 0.81%
2025-08-14 23:58:32,042 - INFO - Fold 3, Epoch 80: Val Acc: 0.62%
2025-08-14 23:58:34,255 - INFO - Fold 3, Epoch 90: Val Acc: 0.81%
2025-08-14 23:58:36,461 - INFO - Fold 3, Epoch 100: Val Acc: 0.69%
2025-08-14 23:58:38,671 - INFO - Fold 3, Epoch 110: Val Acc: 0.75%
2025-08-14 23:58:40,877 - INFO - Fold 3, Epoch 120: Val Acc: 0.66%
2025-08-14 23:58:43,083 - INFO - Fold 3, Epoch 130: Val Acc: 0.81%
2025-08-14 23:58:45,194 - INFO - Fold 3, Epoch 140: Val Acc: 0.84%
2025-08-14 23:58:47,336 - INFO - Fold 3, Epoch 150: Val Acc: 0.72%
2025-08-14 23:58:47,791 - INFO - Early stopping at epoch 152
2025-08-14 23:58:48,887 - INFO - Cross-validation statistics for transformer: {'train_loss': {'mean': np.float64(3.941029283735487), 'std': np.float64(0.04459291075876088)}, 'train_accuracy': {'mean': np.float64(0.7604166666666666), 'std': np.float64(0.0450051437389435)}, 'val_loss': {'mean': np.float64(4.173643430074056), 'std': np.float64(0.05026884223628929)}, 'val_accuracy': {'mean': np.float64(0.8958333333333334), 'std': np.float64(0.02946278254943948)}, 'epoch': {'mean': np.float64(70.66666666666667), 'std': np.float64(21.761331658599286)}}
[I 2025-08-14 23:58:48,896] Trial 101 finished with value: -0.8958333333333334 and parameters: {'learning_rate': 0.0005816551214589487, 'batch_size': 32, 'num_epochs': 429, 'temperature': 0.40093219806181746, 'embedding_dim': 256, 'hidden_dim': 256, 'dropout': 0.44547843651541186, 'num_layers': 5, 'num_heads': 8, 'noise_enabled': True, 'shift_enabled': False, 'scale_enabled': False, 'crop_enabled': True, 'flip_enabled': False, 'permutation_enabled': False, 'noise_level': 0.11202750689866492, 'crop_size': 0.5113401680863593}. Best is trial 92 with value: -0.9479166666666666.
Actual device being used: cuda
Attempting to load data from: /vol/ecrg-solar/woodj4/fishy-business/data/REIMS.xlsx
Trial 101 finished with value: -0.8958333333333334 and parameters: {'learning_rate': 0.0005816551214589487, 'batch_size': 32, 'num_epochs': 429, 'temperature': 0.40093219806181746, 'embedding_dim': 256, 'hidden_dim': 256, 'dropout': 0.44547843651541186, 'num_layers': 5, 'num_heads': 8, 'noise_enabled': True, 'shift_enabled': False, 'scale_enabled': False, 'crop_enabled': True, 'flip_enabled': False, 'permutation_enabled': False, 'noise_level': 0.11202750689866492, 'crop_size': 0.5113401680863593}. Best is trial 92 with value: -0.9479166666666666.
2025-08-14 23:58:48,947 - INFO - Using device: cuda
2025-08-14 23:58:58,608 - INFO - --- Starting Fold 1/3 ---
2025-08-14 23:58:58,610 - INFO - Generated pairs. Train: 1128 (Positive: 48). Val: 276 (Positive: 24)
2025-08-14 23:58:58,610 - INFO - Starting training for fold 1/3
2025-08-14 23:59:03,102 - INFO - Fold 1, Epoch 10: Val Acc: 0.56%
2025-08-14 23:59:07,600 - INFO - Fold 1, Epoch 20: Val Acc: 0.69%
2025-08-14 23:59:11,947 - INFO - Fold 1, Epoch 30: Val Acc: 0.69%
2025-08-14 23:59:14,252 - INFO - Fold 1, Epoch 40: Val Acc: 0.72%
2025-08-14 23:59:18,780 - INFO - Fold 1, Epoch 50: Val Acc: 0.75%
2025-08-14 23:59:23,102 - INFO - Fold 1, Epoch 60: Val Acc: 0.75%
2025-08-14 23:59:25,406 - INFO - Fold 1, Epoch 70: Val Acc: 0.78%
2025-08-14 23:59:29,892 - INFO - Fold 1, Epoch 80: Val Acc: 0.66%
2025-08-14 23:59:32,182 - INFO - Fold 1, Epoch 90: Val Acc: 0.75%
2025-08-14 23:59:34,058 - INFO - Fold 1, Epoch 100: Val Acc: 0.84%
2025-08-14 23:59:36,005 - INFO - Fold 1, Epoch 110: Val Acc: 0.78%
2025-08-14 23:59:38,306 - INFO - Fold 1, Epoch 120: Val Acc: 0.72%
2025-08-14 23:59:40,601 - INFO - Fold 1, Epoch 130: Val Acc: 0.66%
2025-08-14 23:59:42,896 - INFO - Fold 1, Epoch 140: Val Acc: 0.78%
2025-08-14 23:59:45,161 - INFO - Fold 1, Epoch 150: Val Acc: 0.69%
2025-08-14 23:59:47,281 - INFO - Fold 1, Epoch 160: Val Acc: 0.66%
2025-08-14 23:59:49,110 - INFO - Fold 1, Epoch 170: Val Acc: 0.66%
2025-08-14 23:59:50,363 - INFO - Early stopping at epoch 177
2025-08-14 23:59:53,929 - INFO - --- Starting Fold 2/3 ---
2025-08-14 23:59:53,932 - INFO - Generated pairs. Train: 1128 (Positive: 48). Val: 276 (Positive: 24)
2025-08-14 23:59:53,932 - INFO - Starting training for fold 2/3
2025-08-14 23:59:59,097 - INFO - Fold 2, Epoch 10: Val Acc: 0.62%
2025-08-15 00:00:04,692 - INFO - Fold 2, Epoch 20: Val Acc: 0.66%
2025-08-15 00:00:06,896 - INFO - Fold 2, Epoch 30: Val Acc: 0.62%
2025-08-15 00:00:11,102 - INFO - Fold 2, Epoch 40: Val Acc: 0.50%
2025-08-15 00:00:13,314 - INFO - Fold 2, Epoch 50: Val Acc: 0.62%
2025-08-15 00:00:15,520 - INFO - Fold 2, Epoch 60: Val Acc: 0.75%
2025-08-15 00:00:17,724 - INFO - Fold 2, Epoch 70: Val Acc: 0.72%
2025-08-15 00:00:21,390 - INFO - Fold 2, Epoch 80: Val Acc: 0.72%
2025-08-15 00:00:23,482 - INFO - Fold 2, Epoch 90: Val Acc: 0.75%
2025-08-15 00:00:25,382 - INFO - Fold 2, Epoch 100: Val Acc: 0.75%
2025-08-15 00:00:27,085 - INFO - Fold 2, Epoch 110: Val Acc: 0.72%
2025-08-15 00:00:28,783 - INFO - Fold 2, Epoch 120: Val Acc: 0.62%
2025-08-15 00:00:30,482 - INFO - Fold 2, Epoch 130: Val Acc: 0.78%
2025-08-15 00:00:32,182 - INFO - Fold 2, Epoch 140: Val Acc: 0.62%
2025-08-15 00:00:33,878 - INFO - Fold 2, Epoch 150: Val Acc: 0.72%
2025-08-15 00:00:35,575 - INFO - Fold 2, Epoch 160: Val Acc: 0.75%
2025-08-15 00:00:37,278 - INFO - Fold 2, Epoch 170: Val Acc: 0.84%
2025-08-15 00:00:38,299 - INFO - Early stopping at epoch 176
2025-08-15 00:00:39,385 - INFO - --- Starting Fold 3/3 ---
2025-08-15 00:00:39,387 - INFO - Generated pairs. Train: 1128 (Positive: 48). Val: 276 (Positive: 24)
2025-08-15 00:00:39,387 - INFO - Starting training for fold 3/3
2025-08-15 00:00:47,821 - INFO - Fold 3, Epoch 10: Val Acc: 0.41%
2025-08-15 00:00:54,397 - INFO - Fold 3, Epoch 20: Val Acc: 0.62%
2025-08-15 00:00:56,638 - INFO - Fold 3, Epoch 30: Val Acc: 0.75%
2025-08-15 00:01:02,009 - INFO - Fold 3, Epoch 40: Val Acc: 0.81%
2025-08-15 00:01:03,969 - INFO - Fold 3, Epoch 50: Val Acc: 0.78%
2025-08-15 00:01:05,766 - INFO - Fold 3, Epoch 60: Val Acc: 0.75%
2025-08-15 00:01:07,666 - INFO - Fold 3, Epoch 70: Val Acc: 0.78%
2025-08-15 00:01:09,575 - INFO - Fold 3, Epoch 80: Val Acc: 0.75%
2025-08-15 00:01:11,879 - INFO - Fold 3, Epoch 90: Val Acc: 0.69%
2025-08-15 00:01:14,185 - INFO - Fold 3, Epoch 100: Val Acc: 0.81%
2025-08-15 00:01:16,488 - INFO - Fold 3, Epoch 110: Val Acc: 0.88%
2025-08-15 00:01:18,643 - INFO - Fold 3, Epoch 120: Val Acc: 0.66%
2025-08-15 00:01:22,780 - INFO - Fold 3, Epoch 130: Val Acc: 0.78%
2025-08-15 00:01:24,605 - INFO - Fold 3, Epoch 140: Val Acc: 0.69%
2025-08-15 00:01:26,413 - INFO - Fold 3, Epoch 150: Val Acc: 0.78%
2025-08-15 00:01:28,215 - INFO - Fold 3, Epoch 160: Val Acc: 0.62%
2025-08-15 00:01:30,003 - INFO - Fold 3, Epoch 170: Val Acc: 0.66%
2025-08-15 00:01:31,796 - INFO - Fold 3, Epoch 180: Val Acc: 0.72%
2025-08-15 00:01:33,588 - INFO - Fold 3, Epoch 190: Val Acc: 0.75%
2025-08-15 00:01:35,507 - INFO - Fold 3, Epoch 200: Val Acc: 0.72%
2025-08-15 00:01:37,809 - INFO - Fold 3, Epoch 210: Val Acc: 0.75%
2025-08-15 00:01:43,750 - INFO - Cross-validation statistics for transformer: {'train_loss': {'mean': np.float64(3.9394065009223085), 'std': np.float64(0.004000522313095583)}, 'train_accuracy': {'mean': np.float64(0.7916666666666666), 'std': np.float64(0.01473139127471974)}, 'val_loss': {'mean': np.float64(4.216904640197754), 'std': np.float64(0.06672559159713708)}, 'val_accuracy': {'mean': np.float64(0.9166666666666666), 'std': np.float64(0.01473139127471974)}, 'epoch': {'mean': np.float64(92.0), 'std': np.float64(23.338094752285727)}}
[I 2025-08-15 00:01:43,777] Trial 102 finished with value: -0.9166666666666666 and parameters: {'learning_rate': 0.0005014541906274236, 'batch_size': 32, 'num_epochs': 219, 'temperature': 0.4367924873726151, 'embedding_dim': 256, 'hidden_dim': 256, 'dropout': 0.4690386348173431, 'num_layers': 5, 'num_heads': 8, 'noise_enabled': True, 'shift_enabled': False, 'scale_enabled': False, 'crop_enabled': True, 'flip_enabled': False, 'permutation_enabled': False, 'noise_level': 0.054860425094056815, 'crop_size': 0.5273258016433588}. Best is trial 92 with value: -0.9479166666666666.
Actual device being used: cuda
Attempting to load data from: /vol/ecrg-solar/woodj4/fishy-business/data/REIMS.xlsx
