Trial 80 finished with value: -0.8229166666666666 and parameters: {'learning_rate': 0.0006488643784224167, 'batch_size': 32, 'num_epochs': 934, 'temperature': 0.09475150118428446, 'embedding_dim': 128, 'hidden_dim': 256, 'dropout': 0.4172868979046141, 'num_layers': 5, 'num_heads': 8, 'noise_enabled': True, 'shift_enabled': False, 'scale_enabled': True, 'crop_enabled': False, 'flip_enabled': False, 'permutation_enabled': False, 'noise_level': 0.1222982135958599}. Best is trial 9 with value: -0.9270833333333334.
2025-08-14 22:58:20,952 - INFO - Using device: cuda
2025-08-14 22:58:30,991 - INFO - --- Starting Fold 1/3 ---
2025-08-14 22:58:30,993 - INFO - Generated pairs. Train: 1128 (Positive: 48). Val: 276 (Positive: 24)
2025-08-14 22:58:30,993 - INFO - Starting training for fold 1/3
2025-08-14 22:58:38,039 - INFO - Fold 1, Epoch 10: Val Acc: 0.44%
2025-08-14 22:58:42,180 - INFO - Fold 1, Epoch 20: Val Acc: 0.53%
2025-08-14 22:58:51,187 - INFO - Fold 1, Epoch 30: Val Acc: 0.41%
2025-08-14 22:58:53,407 - INFO - Fold 1, Epoch 40: Val Acc: 0.66%
2025-08-14 22:58:55,638 - INFO - Fold 1, Epoch 50: Val Acc: 0.59%
2025-08-14 22:58:57,867 - INFO - Fold 1, Epoch 60: Val Acc: 0.78%
2025-08-14 22:59:02,265 - INFO - Fold 1, Epoch 70: Val Acc: 0.62%
2025-08-14 22:59:04,482 - INFO - Fold 1, Epoch 80: Val Acc: 0.78%
2025-08-14 22:59:06,703 - INFO - Fold 1, Epoch 90: Val Acc: 0.69%
2025-08-14 22:59:08,918 - INFO - Fold 1, Epoch 100: Val Acc: 0.72%
2025-08-14 22:59:13,336 - INFO - Fold 1, Epoch 110: Val Acc: 0.72%
2025-08-14 22:59:15,577 - INFO - Fold 1, Epoch 120: Val Acc: 0.69%
2025-08-14 22:59:17,810 - INFO - Fold 1, Epoch 130: Val Acc: 0.78%
2025-08-14 22:59:20,041 - INFO - Fold 1, Epoch 140: Val Acc: 0.53%
2025-08-14 22:59:22,282 - INFO - Fold 1, Epoch 150: Val Acc: 0.72%
2025-08-14 22:59:24,517 - INFO - Fold 1, Epoch 160: Val Acc: 0.66%
2025-08-14 22:59:26,739 - INFO - Fold 1, Epoch 170: Val Acc: 0.62%
2025-08-14 22:59:29,009 - INFO - Fold 1, Epoch 180: Val Acc: 0.78%
2025-08-14 22:59:31,326 - INFO - Fold 1, Epoch 190: Val Acc: 0.72%
2025-08-14 22:59:33,617 - INFO - Fold 1, Epoch 200: Val Acc: 0.72%
2025-08-14 22:59:34,073 - INFO - Early stopping at epoch 202
2025-08-14 22:59:37,764 - INFO - --- Starting Fold 2/3 ---
2025-08-14 22:59:37,767 - INFO - Generated pairs. Train: 1128 (Positive: 48). Val: 276 (Positive: 24)
2025-08-14 22:59:37,768 - INFO - Starting training for fold 2/3
2025-08-14 22:59:46,150 - INFO - Fold 2, Epoch 10: Val Acc: 0.50%
2025-08-14 22:59:51,261 - INFO - Fold 2, Epoch 20: Val Acc: 0.69%
2025-08-14 22:59:53,495 - INFO - Fold 2, Epoch 30: Val Acc: 0.72%
2025-08-14 22:59:57,160 - INFO - Fold 2, Epoch 40: Val Acc: 0.72%
2025-08-14 22:59:59,394 - INFO - Fold 2, Epoch 50: Val Acc: 0.72%
2025-08-14 23:00:03,314 - INFO - Fold 2, Epoch 60: Val Acc: 0.69%
2025-08-14 23:00:05,565 - INFO - Fold 2, Epoch 70: Val Acc: 0.72%
2025-08-14 23:00:09,296 - INFO - Fold 2, Epoch 80: Val Acc: 0.78%
2025-08-14 23:00:11,531 - INFO - Fold 2, Epoch 90: Val Acc: 0.78%
2025-08-14 23:00:13,748 - INFO - Fold 2, Epoch 100: Val Acc: 0.81%
2025-08-14 23:00:15,979 - INFO - Fold 2, Epoch 110: Val Acc: 0.88%
2025-08-14 23:00:19,692 - INFO - Fold 2, Epoch 120: Val Acc: 0.75%
2025-08-14 23:00:21,931 - INFO - Fold 2, Epoch 130: Val Acc: 0.75%
2025-08-14 23:00:24,154 - INFO - Fold 2, Epoch 140: Val Acc: 0.72%
2025-08-14 23:00:26,399 - INFO - Fold 2, Epoch 150: Val Acc: 0.72%
2025-08-14 23:00:28,716 - INFO - Fold 2, Epoch 160: Val Acc: 0.84%
2025-08-14 23:00:31,017 - INFO - Fold 2, Epoch 170: Val Acc: 0.72%
2025-08-14 23:00:33,278 - INFO - Fold 2, Epoch 180: Val Acc: 0.78%
2025-08-14 23:00:35,580 - INFO - Fold 2, Epoch 190: Val Acc: 0.78%
2025-08-14 23:00:37,830 - INFO - Fold 2, Epoch 200: Val Acc: 0.81%
2025-08-14 23:00:40,051 - INFO - Fold 2, Epoch 210: Val Acc: 0.81%
2025-08-14 23:00:40,271 - INFO - Early stopping at epoch 211
2025-08-14 23:00:43,688 - INFO - --- Starting Fold 3/3 ---
2025-08-14 23:00:43,692 - INFO - Generated pairs. Train: 1128 (Positive: 48). Val: 276 (Positive: 24)
2025-08-14 23:00:43,693 - INFO - Starting training for fold 3/3
2025-08-14 23:00:50,275 - INFO - Fold 3, Epoch 10: Val Acc: 0.59%
2025-08-14 23:00:57,078 - INFO - Fold 3, Epoch 20: Val Acc: 0.56%
2025-08-14 23:01:00,771 - INFO - Fold 3, Epoch 30: Val Acc: 0.50%
2025-08-14 23:01:03,017 - INFO - Fold 3, Epoch 40: Val Acc: 0.59%
2025-08-14 23:01:05,228 - INFO - Fold 3, Epoch 50: Val Acc: 0.78%
2025-08-14 23:01:08,860 - INFO - Fold 3, Epoch 60: Val Acc: 0.62%
2025-08-14 23:01:11,101 - INFO - Fold 3, Epoch 70: Val Acc: 0.88%
2025-08-14 23:01:13,324 - INFO - Fold 3, Epoch 80: Val Acc: 0.78%
2025-08-14 23:01:16,984 - INFO - Fold 3, Epoch 90: Val Acc: 0.75%
2025-08-14 23:01:19,199 - INFO - Fold 3, Epoch 100: Val Acc: 0.59%
2025-08-14 23:01:21,501 - INFO - Fold 3, Epoch 110: Val Acc: 0.84%
2025-08-14 23:01:23,802 - INFO - Fold 3, Epoch 120: Val Acc: 0.78%
2025-08-14 23:01:26,101 - INFO - Fold 3, Epoch 130: Val Acc: 0.88%
2025-08-14 23:01:28,401 - INFO - Fold 3, Epoch 140: Val Acc: 0.75%
2025-08-14 23:01:30,691 - INFO - Fold 3, Epoch 150: Val Acc: 0.69%
2025-08-14 23:01:32,985 - INFO - Fold 3, Epoch 160: Val Acc: 0.78%
2025-08-14 23:01:34,850 - INFO - Fold 3, Epoch 170: Val Acc: 0.62%
2025-08-14 23:01:37,066 - INFO - Fold 3, Epoch 180: Val Acc: 0.84%
2025-08-14 23:01:38,174 - INFO - Early stopping at epoch 185
2025-08-14 23:01:39,242 - INFO - Cross-validation statistics for transformer: {'train_loss': {'mean': np.float64(3.9847587214575877), 'std': np.float64(0.03747032699408707)}, 'train_accuracy': {'mean': np.float64(0.78125), 'std': np.float64(0.008505172717997162)}, 'val_loss': {'mean': np.float64(4.233977476755778), 'std': np.float64(0.06284254986707029)}, 'val_accuracy': {'mean': np.float64(0.9270833333333334), 'std': np.float64(0.01473139127471974)}, 'epoch': {'mean': np.float64(98.33333333333333), 'std': np.float64(10.780641085864152)}}
[I 2025-08-14 23:01:39,256] Trial 81 finished with value: -0.9270833333333334 and parameters: {'learning_rate': 0.0005235736400071786, 'batch_size': 32, 'num_epochs': 891, 'temperature': 0.41574188966359393, 'embedding_dim': 128, 'hidden_dim': 256, 'dropout': 0.453828591694691, 'num_layers': 5, 'num_heads': 8, 'noise_enabled': True, 'shift_enabled': False, 'scale_enabled': True, 'crop_enabled': True, 'flip_enabled': False, 'permutation_enabled': False, 'noise_level': 0.17895053079937617, 'crop_size': 0.5433986486176675}. Best is trial 9 with value: -0.9270833333333334.
Actual device being used: cuda
Attempting to load data from: /vol/ecrg-solar/woodj4/fishy-business/data/REIMS.xlsx
Trial 81 finished with value: -0.9270833333333334 and parameters: {'learning_rate': 0.0005235736400071786, 'batch_size': 32, 'num_epochs': 891, 'temperature': 0.41574188966359393, 'embedding_dim': 128, 'hidden_dim': 256, 'dropout': 0.453828591694691, 'num_layers': 5, 'num_heads': 8, 'noise_enabled': True, 'shift_enabled': False, 'scale_enabled': True, 'crop_enabled': True, 'flip_enabled': False, 'permutation_enabled': False, 'noise_level': 0.17895053079937617, 'crop_size': 0.5433986486176675}. Best is trial 9 with value: -0.9270833333333334.
2025-08-14 23:01:39,304 - INFO - Using device: cuda
2025-08-14 23:01:48,805 - INFO - --- Starting Fold 1/3 ---
2025-08-14 23:01:48,807 - INFO - Generated pairs. Train: 1128 (Positive: 48). Val: 276 (Positive: 24)
2025-08-14 23:01:48,807 - INFO - Starting training for fold 1/3
2025-08-14 23:01:58,084 - INFO - Fold 1, Epoch 10: Val Acc: 0.47%
2025-08-14 23:02:04,771 - INFO - Fold 1, Epoch 20: Val Acc: 0.72%
2025-08-14 23:02:09,406 - INFO - Fold 1, Epoch 30: Val Acc: 0.84%
2025-08-14 23:02:11,724 - INFO - Fold 1, Epoch 40: Val Acc: 0.81%
2025-08-14 23:02:14,050 - INFO - Fold 1, Epoch 50: Val Acc: 0.75%
2025-08-14 23:02:16,372 - INFO - Fold 1, Epoch 60: Val Acc: 0.75%
2025-08-14 23:02:18,689 - INFO - Fold 1, Epoch 70: Val Acc: 0.66%
2025-08-14 23:02:21,015 - INFO - Fold 1, Epoch 80: Val Acc: 0.72%
2025-08-14 23:02:23,321 - INFO - Fold 1, Epoch 90: Val Acc: 0.78%
2025-08-14 23:02:25,629 - INFO - Fold 1, Epoch 100: Val Acc: 0.69%
2025-08-14 23:02:27,954 - INFO - Fold 1, Epoch 110: Val Acc: 0.72%
2025-08-14 23:02:32,485 - INFO - Fold 1, Epoch 120: Val Acc: 0.59%
2025-08-14 23:02:34,821 - INFO - Fold 1, Epoch 130: Val Acc: 0.72%
2025-08-14 23:02:37,052 - INFO - Fold 1, Epoch 140: Val Acc: 0.84%
2025-08-14 23:02:39,269 - INFO - Fold 1, Epoch 150: Val Acc: 0.66%
2025-08-14 23:02:41,498 - INFO - Fold 1, Epoch 160: Val Acc: 0.50%
2025-08-14 23:02:43,716 - INFO - Fold 1, Epoch 170: Val Acc: 0.59%
2025-08-14 23:02:45,934 - INFO - Fold 1, Epoch 180: Val Acc: 0.69%
2025-08-14 23:02:48,156 - INFO - Fold 1, Epoch 190: Val Acc: 0.72%
2025-08-14 23:02:50,384 - INFO - Fold 1, Epoch 200: Val Acc: 0.78%
2025-08-14 23:02:52,615 - INFO - Fold 1, Epoch 210: Val Acc: 0.62%
2025-08-14 23:02:53,287 - INFO - Early stopping at epoch 213
2025-08-14 23:02:57,013 - INFO - --- Starting Fold 2/3 ---
2025-08-14 23:02:57,016 - INFO - Generated pairs. Train: 1128 (Positive: 48). Val: 276 (Positive: 24)
2025-08-14 23:02:57,017 - INFO - Starting training for fold 2/3
2025-08-14 23:03:06,820 - INFO - Fold 2, Epoch 10: Val Acc: 0.56%
2025-08-14 23:03:09,058 - INFO - Fold 2, Epoch 20: Val Acc: 0.69%
2025-08-14 23:03:12,771 - INFO - Fold 2, Epoch 30: Val Acc: 0.81%
2025-08-14 23:03:16,311 - INFO - Fold 2, Epoch 40: Val Acc: 0.84%
2025-08-14 23:03:19,915 - INFO - Fold 2, Epoch 50: Val Acc: 0.78%
2025-08-14 23:03:22,138 - INFO - Fold 2, Epoch 60: Val Acc: 0.81%
2025-08-14 23:03:24,361 - INFO - Fold 2, Epoch 70: Val Acc: 0.72%
2025-08-14 23:03:26,577 - INFO - Fold 2, Epoch 80: Val Acc: 0.66%
2025-08-14 23:03:28,797 - INFO - Fold 2, Epoch 90: Val Acc: 0.69%
2025-08-14 23:03:31,028 - INFO - Fold 2, Epoch 100: Val Acc: 0.72%
2025-08-14 23:03:34,659 - INFO - Fold 2, Epoch 110: Val Acc: 0.69%
2025-08-14 23:03:36,699 - INFO - Fold 2, Epoch 120: Val Acc: 0.88%
2025-08-14 23:03:38,919 - INFO - Fold 2, Epoch 130: Val Acc: 0.84%
2025-08-14 23:03:41,140 - INFO - Fold 2, Epoch 140: Val Acc: 0.81%
2025-08-14 23:03:43,361 - INFO - Fold 2, Epoch 150: Val Acc: 0.78%
2025-08-14 23:03:45,583 - INFO - Fold 2, Epoch 160: Val Acc: 0.78%
2025-08-14 23:03:47,806 - INFO - Fold 2, Epoch 170: Val Acc: 0.84%
2025-08-14 23:03:49,970 - INFO - Fold 2, Epoch 180: Val Acc: 0.84%
2025-08-14 23:03:52,123 - INFO - Fold 2, Epoch 190: Val Acc: 0.84%
2025-08-14 23:03:54,302 - INFO - Fold 2, Epoch 200: Val Acc: 0.78%
2025-08-14 23:03:54,974 - INFO - Early stopping at epoch 203
2025-08-14 23:03:56,052 - INFO - --- Starting Fold 3/3 ---
2025-08-14 23:03:56,054 - INFO - Generated pairs. Train: 1128 (Positive: 48). Val: 276 (Positive: 24)
2025-08-14 23:03:56,055 - INFO - Starting training for fold 3/3
2025-08-14 23:04:01,348 - INFO - Fold 3, Epoch 10: Val Acc: 0.59%
2025-08-14 23:04:05,071 - INFO - Fold 3, Epoch 20: Val Acc: 0.66%
2025-08-14 23:04:07,304 - INFO - Fold 3, Epoch 30: Val Acc: 0.50%
2025-08-14 23:04:09,537 - INFO - Fold 3, Epoch 40: Val Acc: 0.62%
2025-08-14 23:04:11,767 - INFO - Fold 3, Epoch 50: Val Acc: 0.72%
2025-08-14 23:04:13,998 - INFO - Fold 3, Epoch 60: Val Acc: 0.66%
2025-08-14 23:04:17,325 - INFO - Fold 3, Epoch 70: Val Acc: 0.69%
2025-08-14 23:04:20,766 - INFO - Fold 3, Epoch 80: Val Acc: 0.66%
2025-08-14 23:04:22,987 - INFO - Fold 3, Epoch 90: Val Acc: 0.78%
2025-08-14 23:04:25,204 - INFO - Fold 3, Epoch 100: Val Acc: 0.75%
2025-08-14 23:04:27,436 - INFO - Fold 3, Epoch 110: Val Acc: 0.62%
2025-08-14 23:04:31,015 - INFO - Fold 3, Epoch 120: Val Acc: 0.81%
2025-08-14 23:04:33,233 - INFO - Fold 3, Epoch 130: Val Acc: 0.69%
2025-08-14 23:04:35,453 - INFO - Fold 3, Epoch 140: Val Acc: 0.69%
2025-08-14 23:04:37,675 - INFO - Fold 3, Epoch 150: Val Acc: 0.66%
2025-08-14 23:04:39,897 - INFO - Fold 3, Epoch 160: Val Acc: 0.66%
2025-08-14 23:04:41,780 - INFO - Fold 3, Epoch 170: Val Acc: 0.66%
2025-08-14 23:04:44,030 - INFO - Fold 3, Epoch 180: Val Acc: 0.72%
2025-08-14 23:04:46,261 - INFO - Fold 3, Epoch 190: Val Acc: 0.59%
2025-08-14 23:04:48,543 - INFO - Fold 3, Epoch 200: Val Acc: 0.69%
2025-08-14 23:04:50,796 - INFO - Fold 3, Epoch 210: Val Acc: 0.75%
2025-08-14 23:04:51,239 - INFO - Early stopping at epoch 212
2025-08-14 23:04:52,319 - INFO - Cross-validation statistics for transformer: {'train_loss': {'mean': np.float64(3.894057591756185), 'std': np.float64(0.03253400429892906)}, 'train_accuracy': {'mean': np.float64(0.8020833333333334), 'std': np.float64(0.02250257186947169)}, 'val_loss': {'mean': np.float64(4.26180362701416), 'std': np.float64(0.031159951071745157)}, 'val_accuracy': {'mean': np.float64(0.9270833333333334), 'std': np.float64(0.01473139127471974)}, 'epoch': {'mean': np.float64(108.33333333333333), 'std': np.float64(4.496912521077347)}}
[I 2025-08-14 23:04:52,328] Trial 82 finished with value: -0.9270833333333334 and parameters: {'learning_rate': 0.0007702059893529439, 'batch_size': 32, 'num_epochs': 886, 'temperature': 0.378830937580882, 'embedding_dim': 128, 'hidden_dim': 256, 'dropout': 0.4527800562694821, 'num_layers': 5, 'num_heads': 8, 'noise_enabled': True, 'shift_enabled': False, 'scale_enabled': True, 'crop_enabled': True, 'flip_enabled': False, 'permutation_enabled': False, 'noise_level': 0.07507555348252201, 'crop_size': 0.5349863974609144}. Best is trial 9 with value: -0.9270833333333334.
Actual device being used: cuda
Attempting to load data from: /vol/ecrg-solar/woodj4/fishy-business/data/REIMS.xlsx
Trial 82 finished with value: -0.9270833333333334 and parameters: {'learning_rate': 0.0007702059893529439, 'batch_size': 32, 'num_epochs': 886, 'temperature': 0.378830937580882, 'embedding_dim': 128, 'hidden_dim': 256, 'dropout': 0.4527800562694821, 'num_layers': 5, 'num_heads': 8, 'noise_enabled': True, 'shift_enabled': False, 'scale_enabled': True, 'crop_enabled': True, 'flip_enabled': False, 'permutation_enabled': False, 'noise_level': 0.07507555348252201, 'crop_size': 0.5349863974609144}. Best is trial 9 with value: -0.9270833333333334.
2025-08-14 23:04:52,377 - INFO - Using device: cuda
2025-08-14 23:05:02,225 - INFO - --- Starting Fold 1/3 ---
2025-08-14 23:05:02,227 - INFO - Generated pairs. Train: 1128 (Positive: 48). Val: 276 (Positive: 24)
2025-08-14 23:05:02,227 - INFO - Starting training for fold 1/3
2025-08-14 23:05:13,550 - INFO - Fold 1, Epoch 10: Val Acc: 0.56%
2025-08-14 23:05:21,080 - INFO - Fold 1, Epoch 20: Val Acc: 0.59%
2025-08-14 23:05:25,062 - INFO - Fold 1, Epoch 30: Val Acc: 0.62%
2025-08-14 23:05:33,619 - INFO - Fold 1, Epoch 40: Val Acc: 0.84%
2025-08-14 23:05:35,962 - INFO - Fold 1, Epoch 50: Val Acc: 0.81%
2025-08-14 23:05:38,195 - INFO - Fold 1, Epoch 60: Val Acc: 0.69%
2025-08-14 23:05:42,737 - INFO - Fold 1, Epoch 70: Val Acc: 0.72%
2025-08-14 23:05:44,966 - INFO - Fold 1, Epoch 80: Val Acc: 0.81%
2025-08-14 23:05:47,202 - INFO - Fold 1, Epoch 90: Val Acc: 0.66%
2025-08-14 23:05:49,424 - INFO - Fold 1, Epoch 100: Val Acc: 0.84%
2025-08-14 23:05:51,665 - INFO - Fold 1, Epoch 110: Val Acc: 0.66%
2025-08-14 23:05:53,905 - INFO - Fold 1, Epoch 120: Val Acc: 0.75%
2025-08-14 23:05:56,140 - INFO - Fold 1, Epoch 130: Val Acc: 0.75%
2025-08-14 23:06:00,500 - INFO - Fold 1, Epoch 140: Val Acc: 0.78%
2025-08-14 23:06:02,737 - INFO - Fold 1, Epoch 150: Val Acc: 0.72%
2025-08-14 23:06:04,967 - INFO - Fold 1, Epoch 160: Val Acc: 0.59%
2025-08-14 23:06:07,197 - INFO - Fold 1, Epoch 170: Val Acc: 0.84%
2025-08-14 23:06:09,420 - INFO - Fold 1, Epoch 180: Val Acc: 0.56%
2025-08-14 23:06:11,645 - INFO - Fold 1, Epoch 190: Val Acc: 0.62%
2025-08-14 23:06:13,863 - INFO - Fold 1, Epoch 200: Val Acc: 0.59%
2025-08-14 23:06:16,087 - INFO - Fold 1, Epoch 210: Val Acc: 0.72%
2025-08-14 23:06:18,315 - INFO - Fold 1, Epoch 220: Val Acc: 0.78%
2025-08-14 23:06:20,559 - INFO - Fold 1, Epoch 230: Val Acc: 0.78%
2025-08-14 23:06:22,108 - INFO - Early stopping at epoch 237
2025-08-14 23:06:25,694 - INFO - --- Starting Fold 2/3 ---
2025-08-14 23:06:25,696 - INFO - Generated pairs. Train: 1128 (Positive: 48). Val: 276 (Positive: 24)
2025-08-14 23:06:25,697 - INFO - Starting training for fold 2/3
2025-08-14 23:06:32,411 - INFO - Fold 2, Epoch 10: Val Acc: 0.59%
2025-08-14 23:06:37,283 - INFO - Fold 2, Epoch 20: Val Acc: 0.59%
2025-08-14 23:06:40,661 - INFO - Fold 2, Epoch 30: Val Acc: 0.56%
2025-08-14 23:06:43,811 - INFO - Fold 2, Epoch 40: Val Acc: 0.81%
2025-08-14 23:06:47,436 - INFO - Fold 2, Epoch 50: Val Acc: 0.69%
2025-08-14 23:06:49,343 - INFO - Fold 2, Epoch 60: Val Acc: 0.72%
2025-08-14 23:06:52,661 - INFO - Fold 2, Epoch 70: Val Acc: 0.81%
2025-08-14 23:06:55,851 - INFO - Fold 2, Epoch 80: Val Acc: 0.75%
2025-08-14 23:06:59,492 - INFO - Fold 2, Epoch 90: Val Acc: 0.78%
2025-08-14 23:07:01,729 - INFO - Fold 2, Epoch 100: Val Acc: 0.75%
2025-08-14 23:07:03,983 - INFO - Fold 2, Epoch 110: Val Acc: 0.75%
2025-08-14 23:07:06,275 - INFO - Fold 2, Epoch 120: Val Acc: 0.75%
2025-08-14 23:07:08,550 - INFO - Fold 2, Epoch 130: Val Acc: 0.81%
2025-08-14 23:07:10,810 - INFO - Fold 2, Epoch 140: Val Acc: 0.81%
2025-08-14 23:07:12,910 - INFO - Fold 2, Epoch 150: Val Acc: 0.69%
2025-08-14 23:07:14,619 - INFO - Fold 2, Epoch 160: Val Acc: 0.62%
2025-08-14 23:07:16,497 - INFO - Fold 2, Epoch 170: Val Acc: 0.81%
2025-08-14 23:07:18,730 - INFO - Fold 2, Epoch 180: Val Acc: 0.81%
2025-08-14 23:07:19,612 - INFO - Early stopping at epoch 184
2025-08-14 23:07:20,699 - INFO - --- Starting Fold 3/3 ---
2025-08-14 23:07:20,702 - INFO - Generated pairs. Train: 1128 (Positive: 48). Val: 276 (Positive: 24)
2025-08-14 23:07:20,703 - INFO - Starting training for fold 3/3
2025-08-14 23:07:30,323 - INFO - Fold 3, Epoch 10: Val Acc: 0.50%
2025-08-14 23:07:33,909 - INFO - Fold 3, Epoch 20: Val Acc: 0.59%
2025-08-14 23:07:38,784 - INFO - Fold 3, Epoch 30: Val Acc: 0.72%
2025-08-14 23:07:44,052 - INFO - Fold 3, Epoch 40: Val Acc: 0.81%
2025-08-14 23:07:47,901 - INFO - Fold 3, Epoch 50: Val Acc: 0.72%
2025-08-14 23:07:51,536 - INFO - Fold 3, Epoch 60: Val Acc: 0.75%
2025-08-14 23:07:53,869 - INFO - Fold 3, Epoch 70: Val Acc: 0.78%
2025-08-14 23:07:55,842 - INFO - Fold 3, Epoch 80: Val Acc: 0.78%
2025-08-14 23:07:57,752 - INFO - Fold 3, Epoch 90: Val Acc: 0.72%
2025-08-14 23:07:59,872 - INFO - Fold 3, Epoch 100: Val Acc: 0.78%
2025-08-14 23:08:01,906 - INFO - Fold 3, Epoch 110: Val Acc: 0.59%
2025-08-14 23:08:03,637 - INFO - Fold 3, Epoch 120: Val Acc: 0.72%
2025-08-14 23:08:05,431 - INFO - Fold 3, Epoch 130: Val Acc: 0.62%
2025-08-14 23:08:07,204 - INFO - Fold 3, Epoch 140: Val Acc: 0.78%
2025-08-14 23:08:10,972 - INFO - Fold 3, Epoch 150: Val Acc: 0.72%
2025-08-14 23:08:13,209 - INFO - Fold 3, Epoch 160: Val Acc: 0.72%
2025-08-14 23:08:15,455 - INFO - Fold 3, Epoch 170: Val Acc: 0.59%
2025-08-14 23:08:17,705 - INFO - Fold 3, Epoch 180: Val Acc: 0.81%
2025-08-14 23:08:19,953 - INFO - Fold 3, Epoch 190: Val Acc: 0.62%
2025-08-14 23:08:22,200 - INFO - Fold 3, Epoch 200: Val Acc: 0.66%
2025-08-14 23:08:24,436 - INFO - Fold 3, Epoch 210: Val Acc: 0.88%
2025-08-14 23:08:26,676 - INFO - Fold 3, Epoch 220: Val Acc: 0.78%
2025-08-14 23:08:28,877 - INFO - Fold 3, Epoch 230: Val Acc: 0.75%
2025-08-14 23:08:31,003 - INFO - Fold 3, Epoch 240: Val Acc: 0.50%
2025-08-14 23:08:31,811 - INFO - Early stopping at epoch 244
2025-08-14 23:08:32,880 - INFO - Cross-validation statistics for transformer: {'train_loss': {'mean': np.float64(3.8374694188435874), 'std': np.float64(0.09563317877845734)}, 'train_accuracy': {'mean': np.float64(0.8055555555555557), 'std': np.float64(0.03220006422047115)}, 'val_loss': {'mean': np.float64(4.248658816019694), 'std': np.float64(0.05092559471536373)}, 'val_accuracy': {'mean': np.float64(0.9270833333333334), 'std': np.float64(0.01473139127471974)}, 'epoch': {'mean': np.float64(120.66666666666667), 'std': np.float64(26.78722747048592)}}
[I 2025-08-14 23:08:32,886] Trial 83 finished with value: -0.9270833333333334 and parameters: {'learning_rate': 0.0008105175983317972, 'batch_size': 32, 'num_epochs': 891, 'temperature': 0.32582879330725417, 'embedding_dim': 128, 'hidden_dim': 256, 'dropout': 0.4447421907613134, 'num_layers': 5, 'num_heads': 8, 'noise_enabled': True, 'shift_enabled': False, 'scale_enabled': True, 'crop_enabled': True, 'flip_enabled': False, 'permutation_enabled': False, 'noise_level': 0.0388647093370367, 'crop_size': 0.5297065357916201}. Best is trial 9 with value: -0.9270833333333334.
Actual device being used: cuda
Attempting to load data from: /vol/ecrg-solar/woodj4/fishy-business/data/REIMS.xlsx
