Trial 20 finished with value: -0.9166666666666666 and parameters: {'learning_rate': 0.0005291319140340516, 'batch_size': 32, 'num_epochs': 843, 'temperature': 0.10022138225048215, 'embedding_dim': 128, 'hidden_dim': 256, 'dropout': 0.31993271959326175, 'num_layers': 4, 'num_heads': 8, 'noise_enabled': True, 'shift_enabled': False, 'scale_enabled': True, 'crop_enabled': True, 'flip_enabled': False, 'permutation_enabled': False, 'noise_level': 0.19776714085468816, 'crop_size': 0.5511637379978878}. Best is trial 9 with value: -0.9270833333333334.
2025-08-14 20:24:53,318 - INFO - Using device: cuda
2025-08-14 20:25:03,490 - INFO - --- Starting Fold 1/3 ---
2025-08-14 20:25:03,491 - INFO - Generated pairs. Train: 1128 (Positive: 48). Val: 276 (Positive: 24)
2025-08-14 20:25:03,491 - INFO - Starting training for fold 1/3
/usr/pkg/lib/python3.12/site-packages/torch/optim/lr_scheduler.py:227: UserWarning: Detected call of `lr_scheduler.step()` before `optimizer.step()`. In PyTorch 1.1.0 and later, you should call them in the opposite order: `optimizer.step()` before `lr_scheduler.step()`.  Failure to do this will result in PyTorch skipping the first value of the learning rate schedule. See more details at https://pytorch.org/docs/stable/optim.html#how-to-adjust-learning-rate
  warnings.warn(
2025-08-14 20:25:12,980 - INFO - Fold 1, Epoch 10: Val Acc: 0.62%
2025-08-14 20:25:19,147 - INFO - Fold 1, Epoch 20: Val Acc: 0.59%
2025-08-14 20:25:21,082 - INFO - Fold 1, Epoch 30: Val Acc: 0.62%
2025-08-14 20:25:24,926 - INFO - Fold 1, Epoch 40: Val Acc: 0.66%
2025-08-14 20:25:26,976 - INFO - Fold 1, Epoch 50: Val Acc: 0.69%
2025-08-14 20:25:29,045 - INFO - Fold 1, Epoch 60: Val Acc: 0.56%
2025-08-14 20:25:30,787 - INFO - Fold 1, Epoch 70: Val Acc: 0.66%
2025-08-14 20:25:32,659 - INFO - Fold 1, Epoch 80: Val Acc: 0.59%
2025-08-14 20:25:34,692 - INFO - Fold 1, Epoch 90: Val Acc: 0.66%
2025-08-14 20:25:36,767 - INFO - Fold 1, Epoch 100: Val Acc: 0.66%
2025-08-14 20:25:38,845 - INFO - Fold 1, Epoch 110: Val Acc: 0.62%
2025-08-14 20:25:40,925 - INFO - Fold 1, Epoch 120: Val Acc: 0.75%
2025-08-14 20:25:43,003 - INFO - Fold 1, Epoch 130: Val Acc: 0.66%
2025-08-14 20:25:46,883 - INFO - Fold 1, Epoch 140: Val Acc: 0.62%
2025-08-14 20:25:50,634 - INFO - Fold 1, Epoch 150: Val Acc: 0.56%
2025-08-14 20:25:52,639 - INFO - Fold 1, Epoch 160: Val Acc: 0.62%
2025-08-14 20:25:54,625 - INFO - Fold 1, Epoch 170: Val Acc: 0.62%
2025-08-14 20:25:56,655 - INFO - Fold 1, Epoch 180: Val Acc: 0.59%
2025-08-14 20:25:58,665 - INFO - Fold 1, Epoch 190: Val Acc: 0.78%
2025-08-14 20:26:00,723 - INFO - Fold 1, Epoch 200: Val Acc: 0.66%
2025-08-14 20:26:02,779 - INFO - Fold 1, Epoch 210: Val Acc: 0.78%
2025-08-14 20:26:04,831 - INFO - Fold 1, Epoch 220: Val Acc: 0.56%
2025-08-14 20:26:06,807 - INFO - Fold 1, Epoch 230: Val Acc: 0.69%
2025-08-14 20:26:08,665 - INFO - Fold 1, Epoch 240: Val Acc: 0.66%
2025-08-14 20:26:09,363 - INFO - Early stopping at epoch 244
2025-08-14 20:26:12,161 - INFO - --- Starting Fold 2/3 ---
2025-08-14 20:26:12,164 - INFO - Generated pairs. Train: 1128 (Positive: 48). Val: 276 (Positive: 24)
2025-08-14 20:26:12,165 - INFO - Starting training for fold 2/3
/usr/pkg/lib/python3.12/site-packages/torch/optim/lr_scheduler.py:227: UserWarning: Detected call of `lr_scheduler.step()` before `optimizer.step()`. In PyTorch 1.1.0 and later, you should call them in the opposite order: `optimizer.step()` before `lr_scheduler.step()`.  Failure to do this will result in PyTorch skipping the first value of the learning rate schedule. See more details at https://pytorch.org/docs/stable/optim.html#how-to-adjust-learning-rate
  warnings.warn(
2025-08-14 20:26:18,016 - INFO - Fold 2, Epoch 10: Val Acc: 0.66%
2025-08-14 20:26:20,083 - INFO - Fold 2, Epoch 20: Val Acc: 0.53%
2025-08-14 20:26:23,272 - INFO - Fold 2, Epoch 30: Val Acc: 0.66%
2025-08-14 20:26:25,102 - INFO - Fold 2, Epoch 40: Val Acc: 0.62%
2025-08-14 20:26:28,077 - INFO - Fold 2, Epoch 50: Val Acc: 0.66%
2025-08-14 20:26:30,145 - INFO - Fold 2, Epoch 60: Val Acc: 0.81%
2025-08-14 20:26:33,513 - INFO - Fold 2, Epoch 70: Val Acc: 0.69%
2025-08-14 20:26:35,565 - INFO - Fold 2, Epoch 80: Val Acc: 0.75%
2025-08-14 20:26:37,634 - INFO - Fold 2, Epoch 90: Val Acc: 0.66%
2025-08-14 20:26:39,696 - INFO - Fold 2, Epoch 100: Val Acc: 0.69%
2025-08-14 20:26:41,767 - INFO - Fold 2, Epoch 110: Val Acc: 0.72%
2025-08-14 20:26:43,838 - INFO - Fold 2, Epoch 120: Val Acc: 0.69%
2025-08-14 20:26:47,107 - INFO - Fold 2, Epoch 130: Val Acc: 0.78%
2025-08-14 20:26:49,137 - INFO - Fold 2, Epoch 140: Val Acc: 0.69%
2025-08-14 20:26:51,197 - INFO - Fold 2, Epoch 150: Val Acc: 0.81%
2025-08-14 20:26:53,343 - INFO - Fold 2, Epoch 160: Val Acc: 0.62%
2025-08-14 20:26:56,396 - INFO - Fold 2, Epoch 170: Val Acc: 0.72%
2025-08-14 20:26:58,259 - INFO - Fold 2, Epoch 180: Val Acc: 0.75%
2025-08-14 20:27:00,201 - INFO - Fold 2, Epoch 190: Val Acc: 0.75%
2025-08-14 20:27:02,339 - INFO - Fold 2, Epoch 200: Val Acc: 0.72%
2025-08-14 20:27:04,336 - INFO - Fold 2, Epoch 210: Val Acc: 0.84%
2025-08-14 20:27:06,034 - INFO - Fold 2, Epoch 220: Val Acc: 0.75%
2025-08-14 20:27:07,729 - INFO - Fold 2, Epoch 230: Val Acc: 0.81%
2025-08-14 20:27:09,530 - INFO - Fold 2, Epoch 240: Val Acc: 0.66%
2025-08-14 20:27:11,343 - INFO - Fold 2, Epoch 250: Val Acc: 0.75%
2025-08-14 20:27:13,161 - INFO - Fold 2, Epoch 260: Val Acc: 0.75%
2025-08-14 20:27:14,023 - INFO - Early stopping at epoch 265
2025-08-14 20:27:14,907 - INFO - --- Starting Fold 3/3 ---
2025-08-14 20:27:14,909 - INFO - Generated pairs. Train: 1128 (Positive: 48). Val: 276 (Positive: 24)
2025-08-14 20:27:14,909 - INFO - Starting training for fold 3/3
/usr/pkg/lib/python3.12/site-packages/torch/optim/lr_scheduler.py:227: UserWarning: Detected call of `lr_scheduler.step()` before `optimizer.step()`. In PyTorch 1.1.0 and later, you should call them in the opposite order: `optimizer.step()` before `lr_scheduler.step()`.  Failure to do this will result in PyTorch skipping the first value of the learning rate schedule. See more details at https://pytorch.org/docs/stable/optim.html#how-to-adjust-learning-rate
  warnings.warn(
2025-08-14 20:27:19,664 - INFO - Fold 3, Epoch 10: Val Acc: 0.59%
2025-08-14 20:27:23,930 - INFO - Fold 3, Epoch 20: Val Acc: 0.56%
2025-08-14 20:27:25,683 - INFO - Fold 3, Epoch 30: Val Acc: 0.59%
2025-08-14 20:27:27,494 - INFO - Fold 3, Epoch 40: Val Acc: 0.59%
2025-08-14 20:27:29,530 - INFO - Fold 3, Epoch 50: Val Acc: 0.53%
2025-08-14 20:27:32,622 - INFO - Fold 3, Epoch 60: Val Acc: 0.56%
2025-08-14 20:27:34,672 - INFO - Fold 3, Epoch 70: Val Acc: 0.69%
2025-08-14 20:27:38,025 - INFO - Fold 3, Epoch 80: Val Acc: 0.69%
2025-08-14 20:27:40,072 - INFO - Fold 3, Epoch 90: Val Acc: 0.75%
2025-08-14 20:27:42,128 - INFO - Fold 3, Epoch 100: Val Acc: 0.72%
2025-08-14 20:27:46,572 - INFO - Fold 3, Epoch 110: Val Acc: 0.59%
2025-08-14 20:27:48,598 - INFO - Fold 3, Epoch 120: Val Acc: 0.66%
2025-08-14 20:27:50,732 - INFO - Fold 3, Epoch 130: Val Acc: 0.69%
2025-08-14 20:27:52,859 - INFO - Fold 3, Epoch 140: Val Acc: 0.75%
2025-08-14 20:27:54,799 - INFO - Fold 3, Epoch 150: Val Acc: 0.56%
2025-08-14 20:27:56,746 - INFO - Fold 3, Epoch 160: Val Acc: 0.72%
2025-08-14 20:27:58,792 - INFO - Fold 3, Epoch 170: Val Acc: 0.81%
2025-08-14 20:28:00,830 - INFO - Fold 3, Epoch 180: Val Acc: 0.69%
2025-08-14 20:28:02,467 - INFO - Fold 3, Epoch 190: Val Acc: 0.69%
2025-08-14 20:28:04,479 - INFO - Fold 3, Epoch 200: Val Acc: 0.66%
2025-08-14 20:28:06,121 - INFO - Early stopping at epoch 208
2025-08-14 20:28:06,996 - INFO - Cross-validation statistics for transformer: {'train_loss': {'mean': np.float64(3.8776485919952393), 'std': np.float64(0.0014288457205491138)}, 'train_accuracy': {'mean': np.float64(0.8229166666666666), 'std': np.float64(0.0450051437389435)}, 'val_loss': {'mean': np.float64(4.416365146636963), 'std': np.float64(0.22936109642320218)}, 'val_accuracy': {'mean': np.float64(0.9270833333333334), 'std': np.float64(0.02946278254943948)}, 'epoch': {'mean': np.float64(138.0), 'std': np.float64(23.53720459187964)}}
[I 2025-08-14 20:28:07,003] Trial 21 finished with value: -0.9270833333333334 and parameters: {'learning_rate': 0.0006299556639204547, 'batch_size': 32, 'num_epochs': 865, 'temperature': 0.1042463129778088, 'embedding_dim': 128, 'hidden_dim': 256, 'dropout': 0.45396241867321213, 'num_layers': 4, 'num_heads': 8, 'noise_enabled': True, 'shift_enabled': False, 'scale_enabled': True, 'crop_enabled': True, 'flip_enabled': False, 'permutation_enabled': False, 'noise_level': 0.1991060996194559, 'crop_size': 0.5527884560050629}. Best is trial 9 with value: -0.9270833333333334.
Actual device being used: cuda
Attempting to load data from: /vol/ecrg-solar/woodj4/fishy-business/data/REIMS.xlsx
Trial 21 finished with value: -0.9270833333333334 and parameters: {'learning_rate': 0.0006299556639204547, 'batch_size': 32, 'num_epochs': 865, 'temperature': 0.1042463129778088, 'embedding_dim': 128, 'hidden_dim': 256, 'dropout': 0.45396241867321213, 'num_layers': 4, 'num_heads': 8, 'noise_enabled': True, 'shift_enabled': False, 'scale_enabled': True, 'crop_enabled': True, 'flip_enabled': False, 'permutation_enabled': False, 'noise_level': 0.1991060996194559, 'crop_size': 0.5527884560050629}. Best is trial 9 with value: -0.9270833333333334.
2025-08-14 20:28:07,031 - INFO - Using device: cuda
2025-08-14 20:28:17,281 - INFO - --- Starting Fold 1/3 ---
2025-08-14 20:28:17,283 - INFO - Generated pairs. Train: 1128 (Positive: 48). Val: 276 (Positive: 24)
2025-08-14 20:28:17,283 - INFO - Starting training for fold 1/3
/usr/pkg/lib/python3.12/site-packages/torch/optim/lr_scheduler.py:227: UserWarning: Detected call of `lr_scheduler.step()` before `optimizer.step()`. In PyTorch 1.1.0 and later, you should call them in the opposite order: `optimizer.step()` before `lr_scheduler.step()`.  Failure to do this will result in PyTorch skipping the first value of the learning rate schedule. See more details at https://pytorch.org/docs/stable/optim.html#how-to-adjust-learning-rate
  warnings.warn(
2025-08-14 20:28:28,901 - INFO - Fold 1, Epoch 10: Val Acc: 0.50%
2025-08-14 20:28:32,967 - INFO - Fold 1, Epoch 20: Val Acc: 0.53%
2025-08-14 20:28:34,872 - INFO - Fold 1, Epoch 30: Val Acc: 0.59%
2025-08-14 20:28:40,384 - INFO - Fold 1, Epoch 40: Val Acc: 0.56%
2025-08-14 20:28:42,461 - INFO - Fold 1, Epoch 50: Val Acc: 0.75%
2025-08-14 20:28:46,407 - INFO - Fold 1, Epoch 60: Val Acc: 0.66%
2025-08-14 20:28:48,467 - INFO - Fold 1, Epoch 70: Val Acc: 0.62%
2025-08-14 20:28:50,528 - INFO - Fold 1, Epoch 80: Val Acc: 0.75%
2025-08-14 20:28:52,565 - INFO - Fold 1, Epoch 90: Val Acc: 0.62%
2025-08-14 20:28:54,598 - INFO - Fold 1, Epoch 100: Val Acc: 0.69%
2025-08-14 20:28:56,626 - INFO - Fold 1, Epoch 110: Val Acc: 0.62%
2025-08-14 20:28:58,757 - INFO - Fold 1, Epoch 120: Val Acc: 0.56%
2025-08-14 20:29:00,675 - INFO - Fold 1, Epoch 130: Val Acc: 0.69%
2025-08-14 20:29:02,497 - INFO - Fold 1, Epoch 140: Val Acc: 0.59%
2025-08-14 20:29:04,327 - INFO - Fold 1, Epoch 150: Val Acc: 0.59%
2025-08-14 20:29:05,194 - INFO - Early stopping at epoch 155
2025-08-14 20:29:08,500 - INFO - --- Starting Fold 2/3 ---
2025-08-14 20:29:08,503 - INFO - Generated pairs. Train: 1128 (Positive: 48). Val: 276 (Positive: 24)
2025-08-14 20:29:08,503 - INFO - Starting training for fold 2/3
/usr/pkg/lib/python3.12/site-packages/torch/optim/lr_scheduler.py:227: UserWarning: Detected call of `lr_scheduler.step()` before `optimizer.step()`. In PyTorch 1.1.0 and later, you should call them in the opposite order: `optimizer.step()` before `lr_scheduler.step()`.  Failure to do this will result in PyTorch skipping the first value of the learning rate schedule. See more details at https://pytorch.org/docs/stable/optim.html#how-to-adjust-learning-rate
  warnings.warn(
2025-08-14 20:29:15,568 - INFO - Fold 2, Epoch 10: Val Acc: 0.50%
2025-08-14 20:29:18,570 - INFO - Fold 2, Epoch 20: Val Acc: 0.62%
2025-08-14 20:29:20,296 - INFO - Fold 2, Epoch 30: Val Acc: 0.66%
2025-08-14 20:29:24,479 - INFO - Fold 2, Epoch 40: Val Acc: 0.62%
2025-08-14 20:29:26,298 - INFO - Fold 2, Epoch 50: Val Acc: 0.69%
2025-08-14 20:29:29,602 - INFO - Fold 2, Epoch 60: Val Acc: 0.59%
2025-08-14 20:29:31,733 - INFO - Fold 2, Epoch 70: Val Acc: 0.75%
2025-08-14 20:29:33,836 - INFO - Fold 2, Epoch 80: Val Acc: 0.75%
2025-08-14 20:29:35,901 - INFO - Fold 2, Epoch 90: Val Acc: 0.66%
2025-08-14 20:29:37,980 - INFO - Fold 2, Epoch 100: Val Acc: 0.75%
2025-08-14 20:29:39,780 - INFO - Fold 2, Epoch 110: Val Acc: 0.75%
2025-08-14 20:29:41,828 - INFO - Fold 2, Epoch 120: Val Acc: 0.88%
2025-08-14 20:29:43,960 - INFO - Fold 2, Epoch 130: Val Acc: 0.88%
2025-08-14 20:29:47,328 - INFO - Fold 2, Epoch 140: Val Acc: 0.69%
2025-08-14 20:29:49,273 - INFO - Fold 2, Epoch 150: Val Acc: 0.78%
2025-08-14 20:29:51,164 - INFO - Fold 2, Epoch 160: Val Acc: 0.81%
2025-08-14 20:29:53,180 - INFO - Fold 2, Epoch 170: Val Acc: 0.81%
2025-08-14 20:29:55,223 - INFO - Fold 2, Epoch 180: Val Acc: 0.84%
2025-08-14 20:29:57,268 - INFO - Fold 2, Epoch 190: Val Acc: 0.66%
2025-08-14 20:29:59,163 - INFO - Fold 2, Epoch 200: Val Acc: 0.84%
2025-08-14 20:30:00,765 - INFO - Fold 2, Epoch 210: Val Acc: 0.84%
2025-08-14 20:30:02,517 - INFO - Fold 2, Epoch 220: Val Acc: 0.59%
2025-08-14 20:30:04,370 - INFO - Fold 2, Epoch 230: Val Acc: 0.84%
2025-08-14 20:30:05,497 - INFO - Early stopping at epoch 236
2025-08-14 20:30:08,037 - INFO - --- Starting Fold 3/3 ---
2025-08-14 20:30:08,040 - INFO - Generated pairs. Train: 1128 (Positive: 48). Val: 276 (Positive: 24)
2025-08-14 20:30:08,040 - INFO - Starting training for fold 3/3
/usr/pkg/lib/python3.12/site-packages/torch/optim/lr_scheduler.py:227: UserWarning: Detected call of `lr_scheduler.step()` before `optimizer.step()`. In PyTorch 1.1.0 and later, you should call them in the opposite order: `optimizer.step()` before `lr_scheduler.step()`.  Failure to do this will result in PyTorch skipping the first value of the learning rate schedule. See more details at https://pytorch.org/docs/stable/optim.html#how-to-adjust-learning-rate
  warnings.warn(
2025-08-14 20:30:14,889 - INFO - Fold 3, Epoch 10: Val Acc: 0.66%
2025-08-14 20:30:18,291 - INFO - Fold 3, Epoch 20: Val Acc: 0.62%
2025-08-14 20:30:21,605 - INFO - Fold 3, Epoch 30: Val Acc: 0.62%
2025-08-14 20:30:23,437 - INFO - Fold 3, Epoch 40: Val Acc: 0.72%
2025-08-14 20:30:25,254 - INFO - Fold 3, Epoch 50: Val Acc: 0.59%
2025-08-14 20:30:27,079 - INFO - Fold 3, Epoch 60: Val Acc: 0.56%
2025-08-14 20:30:30,264 - INFO - Fold 3, Epoch 70: Val Acc: 0.78%
2025-08-14 20:30:32,247 - INFO - Fold 3, Epoch 80: Val Acc: 0.81%
2025-08-14 20:30:34,175 - INFO - Fold 3, Epoch 90: Val Acc: 0.81%
2025-08-14 20:30:36,088 - INFO - Fold 3, Epoch 100: Val Acc: 0.84%
2025-08-14 20:30:38,115 - INFO - Fold 3, Epoch 110: Val Acc: 0.72%
2025-08-14 20:30:40,175 - INFO - Fold 3, Epoch 120: Val Acc: 0.69%
2025-08-14 20:30:42,226 - INFO - Fold 3, Epoch 130: Val Acc: 0.78%
2025-08-14 20:30:44,285 - INFO - Fold 3, Epoch 140: Val Acc: 0.72%
2025-08-14 20:30:46,256 - INFO - Fold 3, Epoch 150: Val Acc: 0.66%
2025-08-14 20:30:48,257 - INFO - Fold 3, Epoch 160: Val Acc: 0.84%
2025-08-14 20:30:49,286 - INFO - Early stopping at epoch 165
2025-08-14 20:30:50,167 - INFO - Cross-validation statistics for transformer: {'train_loss': {'mean': np.float64(3.880262560314602), 'std': np.float64(0.14568756520916698)}, 'train_accuracy': {'mean': np.float64(0.7777777777777777), 'std': np.float64(0.06874649261535878)}, 'val_loss': {'mean': np.float64(4.414842923482259), 'std': np.float64(0.17986804902766723)}, 'val_accuracy': {'mean': np.float64(0.8958333333333334), 'std': np.float64(0.05311478659992484)}, 'epoch': {'mean': np.float64(84.33333333333333), 'std': np.float64(36.058594290712755)}}
[I 2025-08-14 20:30:50,174] Trial 22 finished with value: -0.8958333333333334 and parameters: {'learning_rate': 0.0008172970405324826, 'batch_size': 32, 'num_epochs': 938, 'temperature': 0.10057828938337642, 'embedding_dim': 128, 'hidden_dim': 256, 'dropout': 0.4479329644496811, 'num_layers': 4, 'num_heads': 8, 'noise_enabled': True, 'shift_enabled': False, 'scale_enabled': True, 'crop_enabled': True, 'flip_enabled': False, 'permutation_enabled': False, 'noise_level': 0.17267383356703042, 'crop_size': 0.6258811334801759}. Best is trial 9 with value: -0.9270833333333334.
Actual device being used: cuda
Attempting to load data from: /vol/ecrg-solar/woodj4/fishy-business/data/REIMS.xlsx
