Trial 149 finished with value: -0.8958333333333334 and parameters: {'learning_rate': 0.0004051132337326043, 'batch_size': 32, 'num_epochs': 332, 'temperature': 0.28747874585952815, 'embedding_dim': 256, 'hidden_dim': 256, 'dropout': 0.18375468216271656, 'num_layers': 5, 'num_heads': 2, 'noise_enabled': True, 'shift_enabled': False, 'scale_enabled': True, 'crop_enabled': True, 'flip_enabled': False, 'permutation_enabled': False, 'noise_level': 0.08851820300905242, 'crop_size': 0.5233980928701124}. Best is trial 92 with value: -0.9479166666666666.
2025-08-15 02:14:11,326 - INFO - Using device: cuda
2025-08-15 02:14:20,972 - INFO - --- Starting Fold 1/3 ---
2025-08-15 02:14:20,974 - INFO - Generated pairs. Train: 1128 (Positive: 48). Val: 276 (Positive: 24)
2025-08-15 02:14:20,974 - INFO - Starting training for fold 1/3
2025-08-15 02:14:34,909 - INFO - Fold 1, Epoch 10: Val Acc: 0.59%
2025-08-15 02:14:39,571 - INFO - Fold 1, Epoch 20: Val Acc: 0.50%
2025-08-15 02:14:43,770 - INFO - Fold 1, Epoch 30: Val Acc: 0.72%
2025-08-15 02:14:50,415 - INFO - Fold 1, Epoch 40: Val Acc: 0.81%
2025-08-15 02:14:52,771 - INFO - Fold 1, Epoch 50: Val Acc: 0.78%
2025-08-15 02:14:59,635 - INFO - Fold 1, Epoch 60: Val Acc: 0.69%
2025-08-15 02:15:01,979 - INFO - Fold 1, Epoch 70: Val Acc: 0.81%
2025-08-15 02:15:04,296 - INFO - Fold 1, Epoch 80: Val Acc: 0.81%
2025-08-15 02:15:06,556 - INFO - Fold 1, Epoch 90: Val Acc: 0.72%
2025-08-15 02:15:08,811 - INFO - Fold 1, Epoch 100: Val Acc: 0.75%
2025-08-15 02:15:11,120 - INFO - Fold 1, Epoch 110: Val Acc: 0.62%
2025-08-15 02:15:13,248 - INFO - Fold 1, Epoch 120: Val Acc: 0.66%
2025-08-15 02:15:15,255 - INFO - Fold 1, Epoch 130: Val Acc: 0.69%
2025-08-15 02:15:17,420 - INFO - Fold 1, Epoch 140: Val Acc: 0.78%
2025-08-15 02:15:19,502 - INFO - Fold 1, Epoch 150: Val Acc: 0.72%
2025-08-15 02:15:20,616 - INFO - Early stopping at epoch 155
2025-08-15 02:15:24,314 - INFO - --- Starting Fold 2/3 ---
2025-08-15 02:15:24,317 - INFO - Generated pairs. Train: 1128 (Positive: 48). Val: 276 (Positive: 24)
2025-08-15 02:15:24,317 - INFO - Starting training for fold 2/3
2025-08-15 02:15:32,755 - INFO - Fold 2, Epoch 10: Val Acc: 0.66%
2025-08-15 02:15:36,390 - INFO - Fold 2, Epoch 20: Val Acc: 0.72%
2025-08-15 02:15:41,486 - INFO - Fold 2, Epoch 30: Val Acc: 0.72%
2025-08-15 02:15:43,220 - INFO - Fold 2, Epoch 40: Val Acc: 0.78%
2025-08-15 02:15:44,948 - INFO - Fold 2, Epoch 50: Val Acc: 0.69%
2025-08-15 02:15:46,677 - INFO - Fold 2, Epoch 60: Val Acc: 0.75%
2025-08-15 02:15:49,854 - INFO - Fold 2, Epoch 70: Val Acc: 0.78%
2025-08-15 02:15:51,789 - INFO - Fold 2, Epoch 80: Val Acc: 0.72%
2025-08-15 02:15:53,516 - INFO - Fold 2, Epoch 90: Val Acc: 0.81%
2025-08-15 02:15:55,712 - INFO - Fold 2, Epoch 100: Val Acc: 0.72%
2025-08-15 02:15:57,938 - INFO - Fold 2, Epoch 110: Val Acc: 0.62%
2025-08-15 02:16:00,178 - INFO - Fold 2, Epoch 120: Val Acc: 0.72%
2025-08-15 02:16:02,204 - INFO - Fold 2, Epoch 130: Val Acc: 0.81%
2025-08-15 02:16:04,131 - INFO - Fold 2, Epoch 140: Val Acc: 0.88%
2025-08-15 02:16:06,071 - INFO - Fold 2, Epoch 150: Val Acc: 0.56%
2025-08-15 02:16:08,005 - INFO - Fold 2, Epoch 160: Val Acc: 0.78%
2025-08-15 02:16:08,778 - INFO - Early stopping at epoch 164
2025-08-15 02:16:11,822 - INFO - --- Starting Fold 3/3 ---
2025-08-15 02:16:11,826 - INFO - Generated pairs. Train: 1128 (Positive: 48). Val: 276 (Positive: 24)
2025-08-15 02:16:11,826 - INFO - Starting training for fold 3/3
2025-08-15 02:16:19,757 - INFO - Fold 3, Epoch 10: Val Acc: 0.66%
2025-08-15 02:16:24,703 - INFO - Fold 3, Epoch 20: Val Acc: 0.59%
2025-08-15 02:16:26,654 - INFO - Fold 3, Epoch 30: Val Acc: 0.72%
2025-08-15 02:16:29,974 - INFO - Fold 3, Epoch 40: Val Acc: 0.84%
2025-08-15 02:16:32,141 - INFO - Fold 3, Epoch 50: Val Acc: 0.72%
2025-08-15 02:16:34,377 - INFO - Fold 3, Epoch 60: Val Acc: 0.75%
2025-08-15 02:16:36,296 - INFO - Fold 3, Epoch 70: Val Acc: 0.69%
2025-08-15 02:16:38,471 - INFO - Fold 3, Epoch 80: Val Acc: 0.75%
2025-08-15 02:16:42,132 - INFO - Fold 3, Epoch 90: Val Acc: 0.75%
2025-08-15 02:16:44,289 - INFO - Fold 3, Epoch 100: Val Acc: 0.75%
2025-08-15 02:16:46,520 - INFO - Fold 3, Epoch 110: Val Acc: 0.78%
2025-08-15 02:16:48,758 - INFO - Fold 3, Epoch 120: Val Acc: 0.75%
2025-08-15 02:16:50,993 - INFO - Fold 3, Epoch 130: Val Acc: 0.75%
2025-08-15 02:16:53,233 - INFO - Fold 3, Epoch 140: Val Acc: 0.72%
2025-08-15 02:16:55,477 - INFO - Fold 3, Epoch 150: Val Acc: 0.69%
2025-08-15 02:16:57,721 - INFO - Fold 3, Epoch 160: Val Acc: 0.75%
2025-08-15 02:16:59,957 - INFO - Fold 3, Epoch 170: Val Acc: 0.88%
2025-08-15 02:17:02,178 - INFO - Fold 3, Epoch 180: Val Acc: 0.69%
2025-08-15 02:17:02,619 - INFO - Early stopping at epoch 182
2025-08-15 02:17:03,652 - INFO - Cross-validation statistics for transformer: {'train_loss': {'mean': np.float64(3.937151776419746), 'std': np.float64(0.016117113138988202)}, 'train_accuracy': {'mean': np.float64(0.75), 'std': np.float64(0.02551551815399144)}, 'val_loss': {'mean': np.float64(4.224382241566976), 'std': np.float64(0.0335797928566339)}, 'val_accuracy': {'mean': np.float64(0.8958333333333334), 'std': np.float64(0.02946278254943948)}, 'epoch': {'mean': np.float64(66.0), 'std': np.float64(11.224972160321824)}}
[I 2025-08-15 02:17:03,659] Trial 150 finished with value: -0.8958333333333334 and parameters: {'learning_rate': 0.00044228119769574773, 'batch_size': 32, 'num_epochs': 365, 'temperature': 0.2939670399292491, 'embedding_dim': 256, 'hidden_dim': 256, 'dropout': 0.1375397737330386, 'num_layers': 5, 'num_heads': 2, 'noise_enabled': True, 'shift_enabled': False, 'scale_enabled': True, 'crop_enabled': True, 'flip_enabled': False, 'permutation_enabled': False, 'noise_level': 0.080194864915145, 'crop_size': 0.5382564245173723}. Best is trial 92 with value: -0.9479166666666666.
Actual device being used: cuda
Attempting to load data from: /vol/ecrg-solar/woodj4/fishy-business/data/REIMS.xlsx
Trial 150 finished with value: -0.8958333333333334 and parameters: {'learning_rate': 0.00044228119769574773, 'batch_size': 32, 'num_epochs': 365, 'temperature': 0.2939670399292491, 'embedding_dim': 256, 'hidden_dim': 256, 'dropout': 0.1375397737330386, 'num_layers': 5, 'num_heads': 2, 'noise_enabled': True, 'shift_enabled': False, 'scale_enabled': True, 'crop_enabled': True, 'flip_enabled': False, 'permutation_enabled': False, 'noise_level': 0.080194864915145, 'crop_size': 0.5382564245173723}. Best is trial 92 with value: -0.9479166666666666.
2025-08-15 02:17:03,700 - INFO - Using device: cuda
2025-08-15 02:17:13,504 - INFO - --- Starting Fold 1/3 ---
2025-08-15 02:17:13,506 - INFO - Generated pairs. Train: 1128 (Positive: 48). Val: 276 (Positive: 24)
2025-08-15 02:17:13,506 - INFO - Starting training for fold 1/3
2025-08-15 02:17:22,447 - INFO - Fold 1, Epoch 10: Val Acc: 0.50%
2025-08-15 02:17:27,076 - INFO - Fold 1, Epoch 20: Val Acc: 0.56%
2025-08-15 02:17:29,332 - INFO - Fold 1, Epoch 30: Val Acc: 0.59%
2025-08-15 02:17:33,916 - INFO - Fold 1, Epoch 40: Val Acc: 0.50%
2025-08-15 02:17:36,215 - INFO - Fold 1, Epoch 50: Val Acc: 0.59%
2025-08-15 02:17:42,689 - INFO - Fold 1, Epoch 60: Val Acc: 0.50%
2025-08-15 02:17:46,850 - INFO - Fold 1, Epoch 70: Val Acc: 0.50%
2025-08-15 02:17:48,724 - INFO - Fold 1, Epoch 80: Val Acc: 0.59%
2025-08-15 02:17:50,620 - INFO - Fold 1, Epoch 90: Val Acc: 0.69%
2025-08-15 02:17:52,622 - INFO - Fold 1, Epoch 100: Val Acc: 0.75%
2025-08-15 02:17:54,595 - INFO - Fold 1, Epoch 110: Val Acc: 0.75%
2025-08-15 02:17:56,625 - INFO - Fold 1, Epoch 120: Val Acc: 0.75%
2025-08-15 02:17:58,873 - INFO - Fold 1, Epoch 130: Val Acc: 0.66%
2025-08-15 02:18:03,530 - INFO - Fold 1, Epoch 140: Val Acc: 0.81%
2025-08-15 02:18:05,600 - INFO - Fold 1, Epoch 150: Val Acc: 0.78%
2025-08-15 02:18:07,314 - INFO - Fold 1, Epoch 160: Val Acc: 0.59%
2025-08-15 02:18:09,234 - INFO - Fold 1, Epoch 170: Val Acc: 0.88%
2025-08-15 02:18:11,126 - INFO - Fold 1, Epoch 180: Val Acc: 0.78%
2025-08-15 02:18:12,843 - INFO - Fold 1, Epoch 190: Val Acc: 0.72%
2025-08-15 02:18:14,930 - INFO - Fold 1, Epoch 200: Val Acc: 0.75%
2025-08-15 02:18:16,964 - INFO - Fold 1, Epoch 210: Val Acc: 0.62%
2025-08-15 02:18:18,689 - INFO - Fold 1, Epoch 220: Val Acc: 0.81%
2025-08-15 02:18:20,854 - INFO - Fold 1, Epoch 230: Val Acc: 0.69%
2025-08-15 02:18:21,307 - INFO - Early stopping at epoch 232
2025-08-15 02:18:24,930 - INFO - --- Starting Fold 2/3 ---
2025-08-15 02:18:24,934 - INFO - Generated pairs. Train: 1128 (Positive: 48). Val: 276 (Positive: 24)
2025-08-15 02:18:24,935 - INFO - Starting training for fold 2/3
2025-08-15 02:18:31,302 - INFO - Fold 2, Epoch 10: Val Acc: 0.47%
2025-08-15 02:18:34,624 - INFO - Fold 2, Epoch 20: Val Acc: 0.78%
2025-08-15 02:18:36,729 - INFO - Fold 2, Epoch 30: Val Acc: 0.59%
2025-08-15 02:18:38,983 - INFO - Fold 2, Epoch 40: Val Acc: 0.56%
2025-08-15 02:18:41,230 - INFO - Fold 2, Epoch 50: Val Acc: 0.75%
2025-08-15 02:18:43,471 - INFO - Fold 2, Epoch 60: Val Acc: 0.62%
2025-08-15 02:18:47,120 - INFO - Fold 2, Epoch 70: Val Acc: 0.56%
2025-08-15 02:18:49,364 - INFO - Fold 2, Epoch 80: Val Acc: 0.69%
2025-08-15 02:18:51,614 - INFO - Fold 2, Epoch 90: Val Acc: 0.75%
2025-08-15 02:18:53,866 - INFO - Fold 2, Epoch 100: Val Acc: 0.81%
2025-08-15 02:18:56,112 - INFO - Fold 2, Epoch 110: Val Acc: 0.66%
2025-08-15 02:18:58,355 - INFO - Fold 2, Epoch 120: Val Acc: 0.81%
2025-08-15 02:19:01,845 - INFO - Fold 2, Epoch 130: Val Acc: 0.91%
2025-08-15 02:19:04,184 - INFO - Fold 2, Epoch 140: Val Acc: 0.84%
2025-08-15 02:19:06,423 - INFO - Fold 2, Epoch 150: Val Acc: 0.78%
2025-08-15 02:19:08,665 - INFO - Fold 2, Epoch 160: Val Acc: 0.72%
2025-08-15 02:19:10,912 - INFO - Fold 2, Epoch 170: Val Acc: 0.81%
2025-08-15 02:19:13,164 - INFO - Fold 2, Epoch 180: Val Acc: 0.72%
2025-08-15 02:19:15,413 - INFO - Fold 2, Epoch 190: Val Acc: 0.88%
2025-08-15 02:19:17,660 - INFO - Fold 2, Epoch 200: Val Acc: 0.78%
2025-08-15 02:19:19,890 - INFO - Fold 2, Epoch 210: Val Acc: 0.81%
2025-08-15 02:19:22,130 - INFO - Fold 2, Epoch 220: Val Acc: 0.91%
2025-08-15 02:19:24,356 - INFO - Early stopping at epoch 230
2025-08-15 02:19:27,516 - INFO - --- Starting Fold 3/3 ---
2025-08-15 02:19:27,519 - INFO - Generated pairs. Train: 1128 (Positive: 48). Val: 276 (Positive: 24)
2025-08-15 02:19:27,519 - INFO - Starting training for fold 3/3
2025-08-15 02:19:34,077 - INFO - Fold 3, Epoch 10: Val Acc: 0.53%
2025-08-15 02:19:36,101 - INFO - Fold 3, Epoch 20: Val Acc: 0.44%
2025-08-15 02:19:38,015 - INFO - Fold 3, Epoch 30: Val Acc: 0.62%
2025-08-15 02:19:39,943 - INFO - Fold 3, Epoch 40: Val Acc: 0.59%
2025-08-15 02:19:42,042 - INFO - Fold 3, Epoch 50: Val Acc: 0.59%
2025-08-15 02:19:44,260 - INFO - Fold 3, Epoch 60: Val Acc: 0.50%
2025-08-15 02:19:46,504 - INFO - Fold 3, Epoch 70: Val Acc: 0.59%
2025-08-15 02:19:51,379 - INFO - Fold 3, Epoch 80: Val Acc: 0.59%
2025-08-15 02:19:53,510 - INFO - Fold 3, Epoch 90: Val Acc: 0.72%
2025-08-15 02:19:55,727 - INFO - Fold 3, Epoch 100: Val Acc: 0.69%
2025-08-15 02:19:59,297 - INFO - Fold 3, Epoch 110: Val Acc: 0.78%
2025-08-15 02:20:01,544 - INFO - Fold 3, Epoch 120: Val Acc: 0.72%
2025-08-15 02:20:05,147 - INFO - Fold 3, Epoch 130: Val Acc: 0.66%
2025-08-15 02:20:08,699 - INFO - Fold 3, Epoch 140: Val Acc: 0.91%
2025-08-15 02:20:10,947 - INFO - Fold 3, Epoch 150: Val Acc: 0.81%
2025-08-15 02:20:13,195 - INFO - Fold 3, Epoch 160: Val Acc: 0.72%
2025-08-15 02:20:15,087 - INFO - Fold 3, Epoch 170: Val Acc: 0.84%
2025-08-15 02:20:17,339 - INFO - Fold 3, Epoch 180: Val Acc: 0.81%
2025-08-15 02:20:19,593 - INFO - Fold 3, Epoch 190: Val Acc: 0.69%
2025-08-15 02:20:21,835 - INFO - Fold 3, Epoch 200: Val Acc: 0.78%
2025-08-15 02:20:24,085 - INFO - Fold 3, Epoch 210: Val Acc: 0.75%
2025-08-15 02:20:26,325 - INFO - Fold 3, Epoch 220: Val Acc: 0.84%
2025-08-15 02:20:28,504 - INFO - Fold 3, Epoch 230: Val Acc: 0.78%
2025-08-15 02:20:30,455 - INFO - Early stopping at epoch 240
2025-08-15 02:20:31,486 - INFO - Cross-validation statistics for transformer: {'train_loss': {'mean': np.float64(3.994343731138441), 'std': np.float64(0.05834883687440892)}, 'train_accuracy': {'mean': np.float64(0.7083333333333334), 'std': np.float64(0.014731391274719792)}, 'val_loss': {'mean': np.float64(4.239828904469808), 'std': np.float64(0.042598737590544784)}, 'val_accuracy': {'mean': np.float64(0.8958333333333334), 'std': np.float64(0.01473139127471974)}, 'epoch': {'mean': np.float64(133.0), 'std': np.float64(4.320493798938574)}}
[I 2025-08-15 02:20:31,494] Trial 151 finished with value: -0.8958333333333334 and parameters: {'learning_rate': 0.00013327843760372362, 'batch_size': 32, 'num_epochs': 260, 'temperature': 0.30895963379349056, 'embedding_dim': 256, 'hidden_dim': 256, 'dropout': 0.21929879428262272, 'num_layers': 5, 'num_heads': 2, 'noise_enabled': True, 'shift_enabled': False, 'scale_enabled': True, 'crop_enabled': True, 'flip_enabled': False, 'permutation_enabled': False, 'noise_level': 0.07113532929546067, 'crop_size': 0.518385197152301}. Best is trial 92 with value: -0.9479166666666666.
Actual device being used: cuda
Attempting to load data from: /vol/ecrg-solar/woodj4/fishy-business/data/REIMS.xlsx
Trial 151 finished with value: -0.8958333333333334 and parameters: {'learning_rate': 0.00013327843760372362, 'batch_size': 32, 'num_epochs': 260, 'temperature': 0.30895963379349056, 'embedding_dim': 256, 'hidden_dim': 256, 'dropout': 0.21929879428262272, 'num_layers': 5, 'num_heads': 2, 'noise_enabled': True, 'shift_enabled': False, 'scale_enabled': True, 'crop_enabled': True, 'flip_enabled': False, 'permutation_enabled': False, 'noise_level': 0.07113532929546067, 'crop_size': 0.518385197152301}. Best is trial 92 with value: -0.9479166666666666.
2025-08-15 02:20:31,544 - INFO - Using device: cuda
2025-08-15 02:20:41,354 - INFO - --- Starting Fold 1/3 ---
2025-08-15 02:20:41,356 - INFO - Generated pairs. Train: 1128 (Positive: 48). Val: 276 (Positive: 24)
2025-08-15 02:20:41,356 - INFO - Starting training for fold 1/3
2025-08-15 02:20:50,778 - INFO - Fold 1, Epoch 10: Val Acc: 0.62%
2025-08-15 02:20:53,038 - INFO - Fold 1, Epoch 20: Val Acc: 0.75%
2025-08-15 02:20:55,289 - INFO - Fold 1, Epoch 30: Val Acc: 0.81%
2025-08-15 02:20:57,548 - INFO - Fold 1, Epoch 40: Val Acc: 0.72%
2025-08-15 02:20:59,782 - INFO - Fold 1, Epoch 50: Val Acc: 0.78%
2025-08-15 02:21:02,020 - INFO - Fold 1, Epoch 60: Val Acc: 0.75%
2025-08-15 02:21:06,312 - INFO - Fold 1, Epoch 70: Val Acc: 0.59%
2025-08-15 02:21:08,402 - INFO - Fold 1, Epoch 80: Val Acc: 0.78%
2025-08-15 02:21:10,705 - INFO - Fold 1, Epoch 90: Val Acc: 0.69%
2025-08-15 02:21:15,408 - INFO - Fold 1, Epoch 100: Val Acc: 0.75%
2025-08-15 02:21:17,462 - INFO - Fold 1, Epoch 110: Val Acc: 0.59%
2025-08-15 02:21:19,469 - INFO - Fold 1, Epoch 120: Val Acc: 0.69%
2025-08-15 02:21:21,564 - INFO - Fold 1, Epoch 130: Val Acc: 0.88%
2025-08-15 02:21:23,619 - INFO - Fold 1, Epoch 140: Val Acc: 0.78%
2025-08-15 02:21:25,784 - INFO - Fold 1, Epoch 150: Val Acc: 0.59%
2025-08-15 02:21:28,048 - INFO - Fold 1, Epoch 160: Val Acc: 0.69%
2025-08-15 02:21:30,284 - INFO - Fold 1, Epoch 170: Val Acc: 0.69%
2025-08-15 02:21:32,515 - INFO - Fold 1, Epoch 180: Val Acc: 0.75%
2025-08-15 02:21:34,756 - INFO - Fold 1, Epoch 190: Val Acc: 0.66%
2025-08-15 02:21:35,875 - INFO - Early stopping at epoch 195
2025-08-15 02:21:39,407 - INFO - --- Starting Fold 2/3 ---
2025-08-15 02:21:39,410 - INFO - Generated pairs. Train: 1128 (Positive: 48). Val: 276 (Positive: 24)
2025-08-15 02:21:39,411 - INFO - Starting training for fold 2/3
2025-08-15 02:21:47,301 - INFO - Fold 2, Epoch 10: Val Acc: 0.44%
2025-08-15 02:21:50,880 - INFO - Fold 2, Epoch 20: Val Acc: 0.53%
2025-08-15 02:21:54,364 - INFO - Fold 2, Epoch 30: Val Acc: 0.66%
2025-08-15 02:21:57,743 - INFO - Fold 2, Epoch 40: Val Acc: 0.72%
2025-08-15 02:22:01,316 - INFO - Fold 2, Epoch 50: Val Acc: 0.84%
2025-08-15 02:22:04,868 - INFO - Fold 2, Epoch 60: Val Acc: 0.72%
2025-08-15 02:22:06,959 - INFO - Fold 2, Epoch 70: Val Acc: 0.78%
2025-08-15 02:22:09,199 - INFO - Fold 2, Epoch 80: Val Acc: 0.69%
2025-08-15 02:22:11,271 - INFO - Fold 2, Epoch 90: Val Acc: 0.78%
2025-08-15 02:22:12,982 - INFO - Fold 2, Epoch 100: Val Acc: 0.78%
2025-08-15 02:22:14,705 - INFO - Fold 2, Epoch 110: Val Acc: 0.66%
2025-08-15 02:22:16,714 - INFO - Fold 2, Epoch 120: Val Acc: 0.75%
2025-08-15 02:22:18,851 - INFO - Fold 2, Epoch 130: Val Acc: 0.72%
2025-08-15 02:22:21,087 - INFO - Fold 2, Epoch 140: Val Acc: 0.81%
2025-08-15 02:22:23,092 - INFO - Fold 2, Epoch 150: Val Acc: 0.75%
2025-08-15 02:22:24,628 - INFO - Early stopping at epoch 158
2025-08-15 02:22:25,667 - INFO - --- Starting Fold 3/3 ---
2025-08-15 02:22:25,669 - INFO - Generated pairs. Train: 1128 (Positive: 48). Val: 276 (Positive: 24)
2025-08-15 02:22:25,670 - INFO - Starting training for fold 3/3
2025-08-15 02:22:32,115 - INFO - Fold 3, Epoch 10: Val Acc: 0.41%
2025-08-15 02:22:35,790 - INFO - Fold 3, Epoch 20: Val Acc: 0.53%
2025-08-15 02:22:38,038 - INFO - Fold 3, Epoch 30: Val Acc: 0.72%
2025-08-15 02:22:40,281 - INFO - Fold 3, Epoch 40: Val Acc: 0.56%
2025-08-15 02:22:43,978 - INFO - Fold 3, Epoch 50: Val Acc: 0.72%
2025-08-15 02:22:46,134 - INFO - Fold 3, Epoch 60: Val Acc: 0.75%
2025-08-15 02:22:47,858 - INFO - Fold 3, Epoch 70: Val Acc: 0.75%
2025-08-15 02:22:49,687 - INFO - Fold 3, Epoch 80: Val Acc: 0.78%
2025-08-15 02:22:51,400 - INFO - Fold 3, Epoch 90: Val Acc: 0.72%
2025-08-15 02:22:54,981 - INFO - Fold 3, Epoch 100: Val Acc: 0.88%
2025-08-15 02:22:57,213 - INFO - Fold 3, Epoch 110: Val Acc: 0.78%
2025-08-15 02:22:59,438 - INFO - Fold 3, Epoch 120: Val Acc: 0.75%
2025-08-15 02:23:01,668 - INFO - Fold 3, Epoch 130: Val Acc: 0.78%
2025-08-15 02:23:05,298 - INFO - Fold 3, Epoch 140: Val Acc: 0.78%
2025-08-15 02:23:07,523 - INFO - Fold 3, Epoch 150: Val Acc: 0.78%
2025-08-15 02:23:09,580 - INFO - Fold 3, Epoch 160: Val Acc: 0.75%
2025-08-15 02:23:11,551 - INFO - Fold 3, Epoch 170: Val Acc: 0.72%
2025-08-15 02:23:13,504 - INFO - Fold 3, Epoch 180: Val Acc: 0.84%
2025-08-15 02:23:15,671 - INFO - Fold 3, Epoch 190: Val Acc: 0.81%
2025-08-15 02:23:17,900 - INFO - Fold 3, Epoch 200: Val Acc: 0.72%
2025-08-15 02:23:19,733 - INFO - Fold 3, Epoch 210: Val Acc: 0.72%
2025-08-15 02:23:21,965 - INFO - Fold 3, Epoch 220: Val Acc: 0.69%
2025-08-15 02:23:24,191 - INFO - Fold 3, Epoch 230: Val Acc: 0.84%
2025-08-15 02:23:26,205 - INFO - Early stopping at epoch 239
2025-08-15 02:23:29,213 - INFO - Cross-validation statistics for transformer: {'train_loss': {'mean': np.float64(3.97381681866116), 'std': np.float64(0.02224748845767625)}, 'train_accuracy': {'mean': np.float64(0.8055555555555555), 'std': np.float64(0.027340305118096573)}, 'val_loss': {'mean': np.float64(4.222853819529216), 'std': np.float64(0.032363131711482175)}, 'val_accuracy': {'mean': np.float64(0.8854166666666666), 'std': np.float64(0.01473139127471974)}, 'epoch': {'mean': np.float64(96.33333333333333), 'std': np.float64(33.10924677823738)}}
[I 2025-08-15 02:23:29,223] Trial 152 finished with value: -0.8854166666666666 and parameters: {'learning_rate': 0.00034069187030775784, 'batch_size': 32, 'num_epochs': 941, 'temperature': 0.38173121826307993, 'embedding_dim': 256, 'hidden_dim': 256, 'dropout': 0.17440470699852603, 'num_layers': 5, 'num_heads': 2, 'noise_enabled': True, 'shift_enabled': False, 'scale_enabled': True, 'crop_enabled': True, 'flip_enabled': False, 'permutation_enabled': False, 'noise_level': 0.09577264365049817, 'crop_size': 0.5470000298939772}. Best is trial 92 with value: -0.9479166666666666.
Actual device being used: cuda
Attempting to load data from: /vol/ecrg-solar/woodj4/fishy-business/data/REIMS.xlsx
