Trial 121 finished with value: -0.9270833333333334 and parameters: {'learning_rate': 0.0006428994110582725, 'batch_size': 32, 'num_epochs': 915, 'temperature': 0.4979371508662697, 'embedding_dim': 128, 'hidden_dim': 256, 'dropout': 0.3283927166207974, 'num_layers': 4, 'num_heads': 8, 'noise_enabled': True, 'shift_enabled': False, 'scale_enabled': True, 'crop_enabled': True, 'flip_enabled': False, 'permutation_enabled': False, 'noise_level': 0.1999172438285186, 'crop_size': 0.5263485464842296}. Best is trial 92 with value: -0.9479166666666666.
2025-08-15 00:55:48,167 - INFO - Using device: cuda
2025-08-15 00:55:57,928 - INFO - --- Starting Fold 1/3 ---
2025-08-15 00:55:57,930 - INFO - Generated pairs. Train: 1128 (Positive: 48). Val: 276 (Positive: 24)
2025-08-15 00:55:57,930 - INFO - Starting training for fold 1/3
2025-08-15 00:56:04,277 - INFO - Fold 1, Epoch 10: Val Acc: 0.69%
2025-08-15 00:56:07,475 - INFO - Fold 1, Epoch 20: Val Acc: 0.59%
2025-08-15 00:56:11,658 - INFO - Fold 1, Epoch 30: Val Acc: 0.81%
2025-08-15 00:56:13,184 - INFO - Fold 1, Epoch 40: Val Acc: 0.81%
2025-08-15 00:56:14,827 - INFO - Fold 1, Epoch 50: Val Acc: 0.75%
2025-08-15 00:56:16,455 - INFO - Fold 1, Epoch 60: Val Acc: 0.69%
2025-08-15 00:56:18,067 - INFO - Fold 1, Epoch 70: Val Acc: 0.84%
2025-08-15 00:56:19,716 - INFO - Fold 1, Epoch 80: Val Acc: 0.78%
2025-08-15 00:56:21,388 - INFO - Fold 1, Epoch 90: Val Acc: 0.72%
2025-08-15 00:56:22,995 - INFO - Fold 1, Epoch 100: Val Acc: 0.75%
2025-08-15 00:56:24,595 - INFO - Fold 1, Epoch 110: Val Acc: 0.81%
2025-08-15 00:56:26,108 - INFO - Fold 1, Epoch 120: Val Acc: 0.66%
2025-08-15 00:56:27,367 - INFO - Early stopping at epoch 129
2025-08-15 00:56:29,580 - INFO - --- Starting Fold 2/3 ---
2025-08-15 00:56:29,582 - INFO - Generated pairs. Train: 1128 (Positive: 48). Val: 276 (Positive: 24)
2025-08-15 00:56:29,583 - INFO - Starting training for fold 2/3
2025-08-15 00:56:33,502 - INFO - Fold 2, Epoch 10: Val Acc: 0.56%
2025-08-15 00:56:36,244 - INFO - Fold 2, Epoch 20: Val Acc: 0.72%
2025-08-15 00:56:38,034 - INFO - Fold 2, Epoch 30: Val Acc: 0.72%
2025-08-15 00:56:40,811 - INFO - Fold 2, Epoch 40: Val Acc: 0.75%
2025-08-15 00:56:42,594 - INFO - Fold 2, Epoch 50: Val Acc: 0.66%
2025-08-15 00:56:45,347 - INFO - Fold 2, Epoch 60: Val Acc: 0.69%
2025-08-15 00:56:47,038 - INFO - Fold 2, Epoch 70: Val Acc: 0.78%
2025-08-15 00:56:48,820 - INFO - Fold 2, Epoch 80: Val Acc: 0.72%
2025-08-15 00:56:51,540 - INFO - Fold 2, Epoch 90: Val Acc: 0.91%
2025-08-15 00:56:53,318 - INFO - Fold 2, Epoch 100: Val Acc: 0.75%
2025-08-15 00:56:55,046 - INFO - Fold 2, Epoch 110: Val Acc: 0.88%
2025-08-15 00:56:56,568 - INFO - Fold 2, Epoch 120: Val Acc: 0.75%
2025-08-15 00:56:58,368 - INFO - Fold 2, Epoch 130: Val Acc: 0.69%
2025-08-15 00:57:00,160 - INFO - Fold 2, Epoch 140: Val Acc: 0.78%
2025-08-15 00:57:01,946 - INFO - Fold 2, Epoch 150: Val Acc: 0.91%
2025-08-15 00:57:03,724 - INFO - Fold 2, Epoch 160: Val Acc: 0.78%
2025-08-15 00:57:05,520 - INFO - Fold 2, Epoch 170: Val Acc: 0.69%
2025-08-15 00:57:07,326 - INFO - Fold 2, Epoch 180: Val Acc: 0.62%
2025-08-15 00:57:07,856 - INFO - Early stopping at epoch 183
2025-08-15 00:57:09,861 - INFO - --- Starting Fold 3/3 ---
2025-08-15 00:57:09,864 - INFO - Generated pairs. Train: 1128 (Positive: 48). Val: 276 (Positive: 24)
2025-08-15 00:57:09,865 - INFO - Starting training for fold 3/3
2025-08-15 00:57:16,718 - INFO - Fold 3, Epoch 10: Val Acc: 0.69%
2025-08-15 00:57:19,419 - INFO - Fold 3, Epoch 20: Val Acc: 0.72%
2025-08-15 00:57:22,130 - INFO - Fold 3, Epoch 30: Val Acc: 0.69%
2025-08-15 00:57:23,620 - INFO - Fold 3, Epoch 40: Val Acc: 0.75%
2025-08-15 00:57:26,030 - INFO - Fold 3, Epoch 50: Val Acc: 0.66%
2025-08-15 00:57:27,526 - INFO - Fold 3, Epoch 60: Val Acc: 0.59%
2025-08-15 00:57:30,309 - INFO - Fold 3, Epoch 70: Val Acc: 0.78%
2025-08-15 00:57:32,171 - INFO - Fold 3, Epoch 80: Val Acc: 0.72%
2025-08-15 00:57:33,805 - INFO - Fold 3, Epoch 90: Val Acc: 0.72%
2025-08-15 00:57:35,586 - INFO - Fold 3, Epoch 100: Val Acc: 0.72%
2025-08-15 00:57:37,443 - INFO - Fold 3, Epoch 110: Val Acc: 0.62%
2025-08-15 00:57:39,197 - INFO - Fold 3, Epoch 120: Val Acc: 0.81%
2025-08-15 00:57:41,040 - INFO - Fold 3, Epoch 130: Val Acc: 0.69%
2025-08-15 00:57:42,913 - INFO - Fold 3, Epoch 140: Val Acc: 0.72%
2025-08-15 00:57:44,746 - INFO - Fold 3, Epoch 150: Val Acc: 0.69%
2025-08-15 00:57:46,439 - INFO - Fold 3, Epoch 160: Val Acc: 0.75%
2025-08-15 00:57:49,174 - INFO - Fold 3, Epoch 170: Val Acc: 0.75%
2025-08-15 00:57:50,984 - INFO - Fold 3, Epoch 180: Val Acc: 0.78%
2025-08-15 00:57:52,655 - INFO - Fold 3, Epoch 190: Val Acc: 0.78%
2025-08-15 00:57:54,337 - INFO - Fold 3, Epoch 200: Val Acc: 0.72%
2025-08-15 00:57:56,124 - INFO - Fold 3, Epoch 210: Val Acc: 0.59%
2025-08-15 00:57:57,820 - INFO - Fold 3, Epoch 220: Val Acc: 0.75%
2025-08-15 00:58:00,289 - INFO - Fold 3, Epoch 230: Val Acc: 0.78%
2025-08-15 00:58:02,050 - INFO - Fold 3, Epoch 240: Val Acc: 0.62%
2025-08-15 00:58:03,849 - INFO - Fold 3, Epoch 250: Val Acc: 0.81%
2025-08-15 00:58:05,628 - INFO - Fold 3, Epoch 260: Val Acc: 0.69%
2025-08-15 00:58:07,454 - INFO - Fold 3, Epoch 270: Val Acc: 0.66%
2025-08-15 00:58:09,289 - INFO - Fold 3, Epoch 280: Val Acc: 0.72%
2025-08-15 00:58:11,082 - INFO - Fold 3, Epoch 290: Val Acc: 0.72%
2025-08-15 00:58:12,872 - INFO - Fold 3, Epoch 300: Val Acc: 0.81%
2025-08-15 00:58:14,654 - INFO - Fold 3, Epoch 310: Val Acc: 0.81%
2025-08-15 00:58:16,431 - INFO - Fold 3, Epoch 320: Val Acc: 0.81%
2025-08-15 00:58:16,975 - INFO - Early stopping at epoch 323
2025-08-15 00:58:17,735 - INFO - Cross-validation statistics for transformer: {'train_loss': {'mean': np.float64(3.888713147905138), 'std': np.float64(0.15216526899084273)}, 'train_accuracy': {'mean': np.float64(0.7604166666666666), 'std': np.float64(0.07266822755714011)}, 'val_loss': {'mean': np.float64(4.167470614115397), 'std': np.float64(0.05161409372059621)}, 'val_accuracy': {'mean': np.float64(0.8854166666666666), 'std': np.float64(0.02946278254943948)}, 'epoch': {'mean': np.float64(110.66666666666667), 'std': np.float64(81.7530155746903)}}
[I 2025-08-15 00:58:17,763] Trial 122 finished with value: -0.8854166666666666 and parameters: {'learning_rate': 0.0008181291809587569, 'batch_size': 32, 'num_epochs': 905, 'temperature': 0.46593961038217185, 'embedding_dim': 128, 'hidden_dim': 256, 'dropout': 0.43193846924938434, 'num_layers': 3, 'num_heads': 8, 'noise_enabled': True, 'shift_enabled': False, 'scale_enabled': True, 'crop_enabled': True, 'flip_enabled': False, 'permutation_enabled': False, 'noise_level': 0.1928987594037629, 'crop_size': 0.5304104706924915}. Best is trial 92 with value: -0.9479166666666666.
Actual device being used: cuda
Attempting to load data from: /vol/ecrg-solar/woodj4/fishy-business/data/REIMS.xlsx
Trial 122 finished with value: -0.8854166666666666 and parameters: {'learning_rate': 0.0008181291809587569, 'batch_size': 32, 'num_epochs': 905, 'temperature': 0.46593961038217185, 'embedding_dim': 128, 'hidden_dim': 256, 'dropout': 0.43193846924938434, 'num_layers': 3, 'num_heads': 8, 'noise_enabled': True, 'shift_enabled': False, 'scale_enabled': True, 'crop_enabled': True, 'flip_enabled': False, 'permutation_enabled': False, 'noise_level': 0.1928987594037629, 'crop_size': 0.5304104706924915}. Best is trial 92 with value: -0.9479166666666666.
2025-08-15 00:58:17,826 - INFO - Using device: cuda
2025-08-15 00:58:27,597 - INFO - --- Starting Fold 1/3 ---
2025-08-15 00:58:27,599 - INFO - Generated pairs. Train: 1128 (Positive: 48). Val: 276 (Positive: 24)
2025-08-15 00:58:27,599 - INFO - Starting training for fold 1/3
2025-08-15 00:58:36,759 - INFO - Fold 1, Epoch 10: Val Acc: 0.69%
2025-08-15 00:58:40,714 - INFO - Fold 1, Epoch 20: Val Acc: 0.56%
2025-08-15 00:58:44,394 - INFO - Fold 1, Epoch 30: Val Acc: 0.75%
2025-08-15 00:58:46,471 - INFO - Fold 1, Epoch 40: Val Acc: 0.75%
2025-08-15 00:58:48,537 - INFO - Fold 1, Epoch 50: Val Acc: 0.66%
2025-08-15 00:58:50,594 - INFO - Fold 1, Epoch 60: Val Acc: 0.72%
2025-08-15 00:58:52,671 - INFO - Fold 1, Epoch 70: Val Acc: 0.72%
2025-08-15 00:58:54,751 - INFO - Fold 1, Epoch 80: Val Acc: 0.72%
2025-08-15 00:58:56,776 - INFO - Fold 1, Epoch 90: Val Acc: 0.78%
2025-08-15 00:58:58,786 - INFO - Fold 1, Epoch 100: Val Acc: 0.66%
2025-08-15 00:59:00,795 - INFO - Fold 1, Epoch 110: Val Acc: 0.62%
2025-08-15 00:59:02,797 - INFO - Fold 1, Epoch 120: Val Acc: 0.69%
2025-08-15 00:59:03,793 - INFO - Early stopping at epoch 125
2025-08-15 00:59:06,721 - INFO - --- Starting Fold 2/3 ---
2025-08-15 00:59:06,723 - INFO - Generated pairs. Train: 1128 (Positive: 48). Val: 276 (Positive: 24)
2025-08-15 00:59:06,724 - INFO - Starting training for fold 2/3
2025-08-15 00:59:12,190 - INFO - Fold 2, Epoch 10: Val Acc: 0.56%
2025-08-15 00:59:19,296 - INFO - Fold 2, Epoch 20: Val Acc: 0.72%
2025-08-15 00:59:22,470 - INFO - Fold 2, Epoch 30: Val Acc: 0.81%
2025-08-15 00:59:25,214 - INFO - Fold 2, Epoch 40: Val Acc: 0.88%
2025-08-15 00:59:27,378 - INFO - Fold 2, Epoch 50: Val Acc: 0.72%
2025-08-15 00:59:29,453 - INFO - Fold 2, Epoch 60: Val Acc: 0.66%
2025-08-15 00:59:31,328 - INFO - Fold 2, Epoch 70: Val Acc: 0.81%
2025-08-15 00:59:34,716 - INFO - Fold 2, Epoch 80: Val Acc: 0.75%
2025-08-15 00:59:36,792 - INFO - Fold 2, Epoch 90: Val Acc: 0.69%
2025-08-15 00:59:38,874 - INFO - Fold 2, Epoch 100: Val Acc: 0.88%
2025-08-15 00:59:40,954 - INFO - Fold 2, Epoch 110: Val Acc: 0.62%
2025-08-15 00:59:43,046 - INFO - Fold 2, Epoch 120: Val Acc: 0.62%
2025-08-15 00:59:45,145 - INFO - Fold 2, Epoch 130: Val Acc: 0.81%
2025-08-15 00:59:47,241 - INFO - Fold 2, Epoch 140: Val Acc: 0.66%
2025-08-15 00:59:49,346 - INFO - Fold 2, Epoch 150: Val Acc: 0.72%
2025-08-15 00:59:51,448 - INFO - Fold 2, Epoch 160: Val Acc: 0.69%
2025-08-15 00:59:53,501 - INFO - Fold 2, Epoch 170: Val Acc: 0.75%
2025-08-15 00:59:54,970 - INFO - Early stopping at epoch 177
2025-08-15 00:59:57,489 - INFO - --- Starting Fold 3/3 ---
2025-08-15 00:59:57,492 - INFO - Generated pairs. Train: 1128 (Positive: 48). Val: 276 (Positive: 24)
2025-08-15 00:59:57,493 - INFO - Starting training for fold 3/3
2025-08-15 01:00:04,420 - INFO - Fold 3, Epoch 10: Val Acc: 0.50%
2025-08-15 01:00:07,589 - INFO - Fold 3, Epoch 20: Val Acc: 0.69%
2025-08-15 01:00:11,085 - INFO - Fold 3, Epoch 30: Val Acc: 0.69%
2025-08-15 01:00:14,407 - INFO - Fold 3, Epoch 40: Val Acc: 0.75%
2025-08-15 01:00:17,602 - INFO - Fold 3, Epoch 50: Val Acc: 0.75%
2025-08-15 01:00:22,350 - INFO - Fold 3, Epoch 60: Val Acc: 0.91%
2025-08-15 01:00:24,378 - INFO - Fold 3, Epoch 70: Val Acc: 0.81%
2025-08-15 01:00:26,387 - INFO - Fold 3, Epoch 80: Val Acc: 0.75%
2025-08-15 01:00:28,232 - INFO - Fold 3, Epoch 90: Val Acc: 0.75%
2025-08-15 01:00:30,149 - INFO - Fold 3, Epoch 100: Val Acc: 0.69%
2025-08-15 01:00:31,704 - INFO - Fold 3, Epoch 110: Val Acc: 0.62%
2025-08-15 01:00:33,705 - INFO - Fold 3, Epoch 120: Val Acc: 0.69%
2025-08-15 01:00:35,712 - INFO - Fold 3, Epoch 130: Val Acc: 0.78%
2025-08-15 01:00:37,708 - INFO - Fold 3, Epoch 140: Val Acc: 0.81%
2025-08-15 01:00:39,718 - INFO - Fold 3, Epoch 150: Val Acc: 0.81%
2025-08-15 01:00:41,784 - INFO - Early stopping at epoch 160
2025-08-15 01:00:42,656 - INFO - Cross-validation statistics for transformer: {'train_loss': {'mean': np.float64(3.944420576095581), 'std': np.float64(0.08548742166514871)}, 'train_accuracy': {'mean': np.float64(0.767361111111111), 'std': np.float64(0.06874649261535881)}, 'val_loss': {'mean': np.float64(4.166874885559082), 'std': np.float64(0.05207690904847714)}, 'val_accuracy': {'mean': np.float64(0.8958333333333334), 'std': np.float64(0.03897559777889522)}, 'epoch': {'mean': np.float64(53.0), 'std': np.float64(21.64871050817269)}}
[I 2025-08-15 01:00:42,664] Trial 123 finished with value: -0.8958333333333334 and parameters: {'learning_rate': 0.0006402460622896098, 'batch_size': 32, 'num_epochs': 938, 'temperature': 0.4903271278526468, 'embedding_dim': 128, 'hidden_dim': 256, 'dropout': 0.49005174940088225, 'num_layers': 4, 'num_heads': 8, 'noise_enabled': True, 'shift_enabled': False, 'scale_enabled': True, 'crop_enabled': True, 'flip_enabled': False, 'permutation_enabled': False, 'noise_level': 0.19738154934083538, 'crop_size': 0.683431515144569}. Best is trial 92 with value: -0.9479166666666666.
Actual device being used: cuda
Attempting to load data from: /vol/ecrg-solar/woodj4/fishy-business/data/REIMS.xlsx
Trial 123 finished with value: -0.8958333333333334 and parameters: {'learning_rate': 0.0006402460622896098, 'batch_size': 32, 'num_epochs': 938, 'temperature': 0.4903271278526468, 'embedding_dim': 128, 'hidden_dim': 256, 'dropout': 0.49005174940088225, 'num_layers': 4, 'num_heads': 8, 'noise_enabled': True, 'shift_enabled': False, 'scale_enabled': True, 'crop_enabled': True, 'flip_enabled': False, 'permutation_enabled': False, 'noise_level': 0.19738154934083538, 'crop_size': 0.683431515144569}. Best is trial 92 with value: -0.9479166666666666.
2025-08-15 01:00:42,702 - INFO - Using device: cuda
2025-08-15 01:00:52,350 - INFO - --- Starting Fold 1/3 ---
2025-08-15 01:00:52,361 - INFO - Generated pairs. Train: 1128 (Positive: 48). Val: 276 (Positive: 24)
2025-08-15 01:00:52,361 - INFO - Starting training for fold 1/3
2025-08-15 01:01:01,302 - INFO - Fold 1, Epoch 10: Val Acc: 0.53%
2025-08-15 01:01:05,720 - INFO - Fold 1, Epoch 20: Val Acc: 0.59%
2025-08-15 01:01:08,030 - INFO - Fold 1, Epoch 30: Val Acc: 0.53%
2025-08-15 01:01:10,331 - INFO - Fold 1, Epoch 40: Val Acc: 0.69%
2025-08-15 01:01:14,799 - INFO - Fold 1, Epoch 50: Val Acc: 0.66%
2025-08-15 01:01:17,123 - INFO - Fold 1, Epoch 60: Val Acc: 0.62%
2025-08-15 01:01:21,613 - INFO - Fold 1, Epoch 70: Val Acc: 0.72%
2025-08-15 01:01:23,927 - INFO - Fold 1, Epoch 80: Val Acc: 0.75%
2025-08-15 01:01:26,217 - INFO - Fold 1, Epoch 90: Val Acc: 0.72%
2025-08-15 01:01:28,537 - INFO - Fold 1, Epoch 100: Val Acc: 0.84%
2025-08-15 01:01:30,856 - INFO - Fold 1, Epoch 110: Val Acc: 0.59%
2025-08-15 01:01:33,118 - INFO - Fold 1, Epoch 120: Val Acc: 0.66%
2025-08-15 01:01:37,485 - INFO - Fold 1, Epoch 130: Val Acc: 0.81%
2025-08-15 01:01:39,703 - INFO - Fold 1, Epoch 140: Val Acc: 0.69%
2025-08-15 01:01:41,931 - INFO - Fold 1, Epoch 150: Val Acc: 0.81%
2025-08-15 01:01:44,158 - INFO - Fold 1, Epoch 160: Val Acc: 0.66%
2025-08-15 01:01:46,395 - INFO - Fold 1, Epoch 170: Val Acc: 0.72%
2025-08-15 01:01:48,637 - INFO - Fold 1, Epoch 180: Val Acc: 0.72%
2025-08-15 01:01:50,854 - INFO - Fold 1, Epoch 190: Val Acc: 0.75%
2025-08-15 01:01:53,083 - INFO - Fold 1, Epoch 200: Val Acc: 0.66%
2025-08-15 01:01:55,314 - INFO - Fold 1, Epoch 210: Val Acc: 0.75%
2025-08-15 01:01:57,534 - INFO - Fold 1, Epoch 220: Val Acc: 0.66%
2025-08-15 01:01:57,976 - INFO - Early stopping at epoch 222
2025-08-15 01:02:01,674 - INFO - --- Starting Fold 2/3 ---
2025-08-15 01:02:01,677 - INFO - Generated pairs. Train: 1128 (Positive: 48). Val: 276 (Positive: 24)
2025-08-15 01:02:01,677 - INFO - Starting training for fold 2/3
2025-08-15 01:02:09,925 - INFO - Fold 2, Epoch 10: Val Acc: 0.69%
2025-08-15 01:02:13,738 - INFO - Fold 2, Epoch 20: Val Acc: 0.56%
2025-08-15 01:02:15,909 - INFO - Fold 2, Epoch 30: Val Acc: 0.56%
2025-08-15 01:02:19,610 - INFO - Fold 2, Epoch 40: Val Acc: 0.66%
2025-08-15 01:02:21,932 - INFO - Fold 2, Epoch 50: Val Acc: 0.69%
2025-08-15 01:02:24,244 - INFO - Fold 2, Epoch 60: Val Acc: 0.72%
2025-08-15 01:02:28,026 - INFO - Fold 2, Epoch 70: Val Acc: 0.81%
2025-08-15 01:02:31,272 - INFO - Fold 2, Epoch 80: Val Acc: 0.66%
2025-08-15 01:02:33,027 - INFO - Fold 2, Epoch 90: Val Acc: 0.84%
2025-08-15 01:02:35,266 - INFO - Fold 2, Epoch 100: Val Acc: 0.78%
2025-08-15 01:02:37,479 - INFO - Fold 2, Epoch 110: Val Acc: 0.84%
2025-08-15 01:02:41,056 - INFO - Fold 2, Epoch 120: Val Acc: 0.81%
2025-08-15 01:02:43,280 - INFO - Fold 2, Epoch 130: Val Acc: 0.84%
2025-08-15 01:02:45,505 - INFO - Fold 2, Epoch 140: Val Acc: 0.78%
2025-08-15 01:02:47,718 - INFO - Fold 2, Epoch 150: Val Acc: 0.78%
2025-08-15 01:02:49,923 - INFO - Fold 2, Epoch 160: Val Acc: 0.66%
2025-08-15 01:02:52,146 - INFO - Fold 2, Epoch 170: Val Acc: 0.88%
2025-08-15 01:02:54,369 - INFO - Fold 2, Epoch 180: Val Acc: 0.84%
2025-08-15 01:02:56,606 - INFO - Fold 2, Epoch 190: Val Acc: 0.81%
2025-08-15 01:02:58,816 - INFO - Fold 2, Epoch 200: Val Acc: 0.75%
2025-08-15 01:03:00,779 - INFO - Fold 2, Epoch 210: Val Acc: 0.69%
2025-08-15 01:03:02,036 - INFO - Early stopping at epoch 216
2025-08-15 01:03:03,144 - INFO - --- Starting Fold 3/3 ---
2025-08-15 01:03:03,145 - INFO - Generated pairs. Train: 1128 (Positive: 48). Val: 276 (Positive: 24)
2025-08-15 01:03:03,146 - INFO - Starting training for fold 3/3
2025-08-15 01:03:09,701 - INFO - Fold 3, Epoch 10: Val Acc: 0.59%
2025-08-15 01:03:11,924 - INFO - Fold 3, Epoch 20: Val Acc: 0.50%
2025-08-15 01:03:17,031 - INFO - Fold 3, Epoch 30: Val Acc: 0.66%
2025-08-15 01:03:20,786 - INFO - Fold 3, Epoch 40: Val Acc: 0.59%
2025-08-15 01:03:23,070 - INFO - Fold 3, Epoch 50: Val Acc: 0.69%
2025-08-15 01:03:28,282 - INFO - Fold 3, Epoch 60: Val Acc: 0.75%
2025-08-15 01:03:30,513 - INFO - Fold 3, Epoch 70: Val Acc: 0.72%
2025-08-15 01:03:34,155 - INFO - Fold 3, Epoch 80: Val Acc: 0.91%
2025-08-15 01:03:36,467 - INFO - Fold 3, Epoch 90: Val Acc: 0.66%
2025-08-15 01:03:38,703 - INFO - Fold 3, Epoch 100: Val Acc: 0.72%
2025-08-15 01:03:40,937 - INFO - Fold 3, Epoch 110: Val Acc: 0.72%
2025-08-15 01:03:43,156 - INFO - Fold 3, Epoch 120: Val Acc: 0.81%
2025-08-15 01:03:45,372 - INFO - Fold 3, Epoch 130: Val Acc: 0.72%
2025-08-15 01:03:47,587 - INFO - Fold 3, Epoch 140: Val Acc: 0.78%
2025-08-15 01:03:49,638 - INFO - Fold 3, Epoch 150: Val Acc: 0.66%
2025-08-15 01:03:51,652 - INFO - Fold 3, Epoch 160: Val Acc: 0.66%
2025-08-15 01:03:53,862 - INFO - Fold 3, Epoch 170: Val Acc: 0.78%
2025-08-15 01:03:55,680 - INFO - Early stopping at epoch 180
2025-08-15 01:03:56,762 - INFO - Cross-validation statistics for transformer: {'train_loss': {'mean': np.float64(3.95179729991489), 'std': np.float64(0.03922779859359218)}, 'train_accuracy': {'mean': np.float64(0.7152777777777778), 'std': np.float64(0.039283710065919325)}, 'val_loss': {'mean': np.float64(4.1445488929748535), 'std': np.float64(0.014430442715570183)}, 'val_accuracy': {'mean': np.float64(0.90625), 'std': np.float64(0.0)}, 'epoch': {'mean': np.float64(105.0), 'std': np.float64(18.547236990991408)}}
[I 2025-08-15 01:03:56,768] Trial 124 finished with value: -0.90625 and parameters: {'learning_rate': 0.0003370295086192785, 'batch_size': 32, 'num_epochs': 920, 'temperature': 0.4351833016391332, 'embedding_dim': 128, 'hidden_dim': 256, 'dropout': 0.461949763888207, 'num_layers': 5, 'num_heads': 8, 'noise_enabled': True, 'shift_enabled': False, 'scale_enabled': True, 'crop_enabled': True, 'flip_enabled': False, 'permutation_enabled': False, 'noise_level': 0.19999230668777743, 'crop_size': 0.5250752773332361}. Best is trial 92 with value: -0.9479166666666666.
Actual device being used: cuda
Attempting to load data from: /vol/ecrg-solar/woodj4/fishy-business/data/REIMS.xlsx
