Trial 102 finished with value: -0.9166666666666666 and parameters: {'learning_rate': 0.0005014541906274236, 'batch_size': 32, 'num_epochs': 219, 'temperature': 0.4367924873726151, 'embedding_dim': 256, 'hidden_dim': 256, 'dropout': 0.4690386348173431, 'num_layers': 5, 'num_heads': 8, 'noise_enabled': True, 'shift_enabled': False, 'scale_enabled': False, 'crop_enabled': True, 'flip_enabled': False, 'permutation_enabled': False, 'noise_level': 0.054860425094056815, 'crop_size': 0.5273258016433588}. Best is trial 92 with value: -0.9479166666666666.
2025-08-15 00:01:43,861 - INFO - Using device: cuda
2025-08-15 00:01:53,624 - INFO - --- Starting Fold 1/3 ---
2025-08-15 00:01:53,625 - INFO - Generated pairs. Train: 1128 (Positive: 48). Val: 276 (Positive: 24)
2025-08-15 00:01:53,626 - INFO - Starting training for fold 1/3
2025-08-15 00:02:07,580 - INFO - Fold 1, Epoch 10: Val Acc: 0.56%
2025-08-15 00:02:09,786 - INFO - Fold 1, Epoch 20: Val Acc: 0.62%
2025-08-15 00:02:14,966 - INFO - Fold 1, Epoch 30: Val Acc: 0.78%
2025-08-15 00:02:19,988 - INFO - Fold 1, Epoch 40: Val Acc: 0.78%
2025-08-15 00:02:21,905 - INFO - Fold 1, Epoch 50: Val Acc: 0.66%
2025-08-15 00:02:23,606 - INFO - Fold 1, Epoch 60: Val Acc: 0.75%
2025-08-15 00:02:25,302 - INFO - Fold 1, Epoch 70: Val Acc: 0.81%
2025-08-15 00:02:27,004 - INFO - Fold 1, Epoch 80: Val Acc: 0.75%
2025-08-15 00:02:28,698 - INFO - Fold 1, Epoch 90: Val Acc: 0.81%
2025-08-15 00:02:30,851 - INFO - Fold 1, Epoch 100: Val Acc: 0.62%
2025-08-15 00:02:32,567 - INFO - Fold 1, Epoch 110: Val Acc: 0.69%
2025-08-15 00:02:34,266 - INFO - Fold 1, Epoch 120: Val Acc: 0.62%
2025-08-15 00:02:36,359 - INFO - Fold 1, Epoch 130: Val Acc: 0.66%
2025-08-15 00:02:37,965 - INFO - Early stopping at epoch 137
2025-08-15 00:02:42,565 - INFO - --- Starting Fold 2/3 ---
2025-08-15 00:02:42,568 - INFO - Generated pairs. Train: 1128 (Positive: 48). Val: 276 (Positive: 24)
2025-08-15 00:02:42,568 - INFO - Starting training for fold 2/3
2025-08-15 00:02:50,260 - INFO - Fold 2, Epoch 10: Val Acc: 0.66%
2025-08-15 00:02:56,066 - INFO - Fold 2, Epoch 20: Val Acc: 0.56%
2025-08-15 00:02:58,286 - INFO - Fold 2, Epoch 30: Val Acc: 0.72%
2025-08-15 00:03:02,086 - INFO - Fold 2, Epoch 40: Val Acc: 0.81%
2025-08-15 00:03:07,860 - INFO - Fold 2, Epoch 50: Val Acc: 0.69%
2025-08-15 00:03:09,985 - INFO - Fold 2, Epoch 60: Val Acc: 0.72%
2025-08-15 00:03:12,205 - INFO - Fold 2, Epoch 70: Val Acc: 0.75%
2025-08-15 00:03:14,430 - INFO - Fold 2, Epoch 80: Val Acc: 0.84%
2025-08-15 00:03:16,648 - INFO - Fold 2, Epoch 90: Val Acc: 0.59%
2025-08-15 00:03:18,618 - INFO - Fold 2, Epoch 100: Val Acc: 0.66%
2025-08-15 00:03:20,693 - INFO - Fold 2, Epoch 110: Val Acc: 0.59%
2025-08-15 00:03:22,911 - INFO - Fold 2, Epoch 120: Val Acc: 0.84%
2025-08-15 00:03:25,117 - INFO - Fold 2, Epoch 130: Val Acc: 0.72%
2025-08-15 00:03:27,317 - INFO - Fold 2, Epoch 140: Val Acc: 0.78%
2025-08-15 00:03:28,683 - INFO - Early stopping at epoch 148
2025-08-15 00:03:31,749 - INFO - --- Starting Fold 3/3 ---
2025-08-15 00:03:31,752 - INFO - Generated pairs. Train: 1128 (Positive: 48). Val: 276 (Positive: 24)
2025-08-15 00:03:31,753 - INFO - Starting training for fold 3/3
2025-08-15 00:03:38,546 - INFO - Fold 3, Epoch 10: Val Acc: 0.69%
2025-08-15 00:03:42,276 - INFO - Fold 3, Epoch 20: Val Acc: 0.66%
2025-08-15 00:03:46,087 - INFO - Fold 3, Epoch 30: Val Acc: 0.75%
2025-08-15 00:03:51,234 - INFO - Fold 3, Epoch 40: Val Acc: 0.75%
2025-08-15 00:03:53,443 - INFO - Fold 3, Epoch 50: Val Acc: 0.78%
2025-08-15 00:03:55,504 - INFO - Fold 3, Epoch 60: Val Acc: 0.78%
2025-08-15 00:03:57,205 - INFO - Fold 3, Epoch 70: Val Acc: 0.88%
2025-08-15 00:03:58,907 - INFO - Fold 3, Epoch 80: Val Acc: 0.81%
2025-08-15 00:04:00,921 - INFO - Fold 3, Epoch 90: Val Acc: 0.78%
2025-08-15 00:04:03,135 - INFO - Fold 3, Epoch 100: Val Acc: 0.81%
2025-08-15 00:04:05,341 - INFO - Fold 3, Epoch 110: Val Acc: 0.72%
2025-08-15 00:04:07,529 - INFO - Fold 3, Epoch 120: Val Acc: 0.78%
2025-08-15 00:04:09,749 - INFO - Fold 3, Epoch 130: Val Acc: 0.72%
2025-08-15 00:04:11,748 - INFO - Early stopping at epoch 139
2025-08-15 00:04:12,834 - INFO - Cross-validation statistics for transformer: {'train_loss': {'mean': np.float64(3.98441219329834), 'std': np.float64(0.010074042823783129)}, 'train_accuracy': {'mean': np.float64(0.7881944444444445), 'std': np.float64(0.02598373185259682)}, 'val_loss': {'mean': np.float64(4.161401112874349), 'std': np.float64(0.0478480733253454)}, 'val_accuracy': {'mean': np.float64(0.90625), 'std': np.float64(0.02551551815399144)}, 'epoch': {'mean': np.float64(40.333333333333336), 'std': np.float64(4.784233364802441)}}
[I 2025-08-15 00:04:12,841] Trial 103 finished with value: -0.90625 and parameters: {'learning_rate': 0.0006524530249655876, 'batch_size': 32, 'num_epochs': 419, 'temperature': 0.49682974482858805, 'embedding_dim': 256, 'hidden_dim': 256, 'dropout': 0.4322144119939963, 'num_layers': 5, 'num_heads': 8, 'noise_enabled': True, 'shift_enabled': False, 'scale_enabled': False, 'crop_enabled': True, 'flip_enabled': False, 'permutation_enabled': False, 'noise_level': 0.09760413910244412, 'crop_size': 0.558223114575588}. Best is trial 92 with value: -0.9479166666666666.
Actual device being used: cuda
Attempting to load data from: /vol/ecrg-solar/woodj4/fishy-business/data/REIMS.xlsx
Trial 103 finished with value: -0.90625 and parameters: {'learning_rate': 0.0006524530249655876, 'batch_size': 32, 'num_epochs': 419, 'temperature': 0.49682974482858805, 'embedding_dim': 256, 'hidden_dim': 256, 'dropout': 0.4322144119939963, 'num_layers': 5, 'num_heads': 8, 'noise_enabled': True, 'shift_enabled': False, 'scale_enabled': False, 'crop_enabled': True, 'flip_enabled': False, 'permutation_enabled': False, 'noise_level': 0.09760413910244412, 'crop_size': 0.558223114575588}. Best is trial 92 with value: -0.9479166666666666.
2025-08-15 00:04:12,883 - INFO - Using device: cuda
2025-08-15 00:04:22,677 - INFO - --- Starting Fold 1/3 ---
2025-08-15 00:04:22,678 - INFO - Generated pairs. Train: 1128 (Positive: 48). Val: 276 (Positive: 24)
2025-08-15 00:04:22,679 - INFO - Starting training for fold 1/3
2025-08-15 00:04:36,376 - INFO - Fold 1, Epoch 10: Val Acc: 0.66%
2025-08-15 00:04:42,948 - INFO - Fold 1, Epoch 20: Val Acc: 0.69%
2025-08-15 00:04:45,167 - INFO - Fold 1, Epoch 30: Val Acc: 0.66%
2025-08-15 00:04:47,399 - INFO - Fold 1, Epoch 40: Val Acc: 0.62%
2025-08-15 00:04:49,367 - INFO - Fold 1, Epoch 50: Val Acc: 0.69%
2025-08-15 00:04:53,745 - INFO - Fold 1, Epoch 60: Val Acc: 0.72%
2025-08-15 00:04:55,892 - INFO - Fold 1, Epoch 70: Val Acc: 0.50%
2025-08-15 00:04:57,898 - INFO - Fold 1, Epoch 80: Val Acc: 0.78%
2025-08-15 00:05:00,117 - INFO - Fold 1, Epoch 90: Val Acc: 0.75%
2025-08-15 00:05:02,345 - INFO - Fold 1, Epoch 100: Val Acc: 0.59%
2025-08-15 00:05:04,646 - INFO - Fold 1, Epoch 110: Val Acc: 0.59%
2025-08-15 00:05:06,951 - INFO - Fold 1, Epoch 120: Val Acc: 0.66%
2025-08-15 00:05:09,251 - INFO - Fold 1, Epoch 130: Val Acc: 0.62%
2025-08-15 00:05:11,494 - INFO - Fold 1, Epoch 140: Val Acc: 0.59%
2025-08-15 00:05:13,717 - INFO - Fold 1, Epoch 150: Val Acc: 0.66%
2025-08-15 00:05:14,156 - INFO - Early stopping at epoch 152
2025-08-15 00:05:17,790 - INFO - --- Starting Fold 2/3 ---
2025-08-15 00:05:17,792 - INFO - Generated pairs. Train: 1128 (Positive: 48). Val: 276 (Positive: 24)
2025-08-15 00:05:17,793 - INFO - Starting training for fold 2/3
2025-08-15 00:05:30,830 - INFO - Fold 2, Epoch 10: Val Acc: 0.75%
2025-08-15 00:05:35,981 - INFO - Fold 2, Epoch 20: Val Acc: 0.91%
2025-08-15 00:05:38,279 - INFO - Fold 2, Epoch 30: Val Acc: 0.69%
2025-08-15 00:05:41,572 - INFO - Fold 2, Epoch 40: Val Acc: 0.81%
2025-08-15 00:05:43,470 - INFO - Fold 2, Epoch 50: Val Acc: 0.72%
2025-08-15 00:05:45,695 - INFO - Fold 2, Epoch 60: Val Acc: 0.78%
2025-08-15 00:05:47,912 - INFO - Fold 2, Epoch 70: Val Acc: 0.81%
2025-08-15 00:05:49,710 - INFO - Fold 2, Epoch 80: Val Acc: 0.84%
2025-08-15 00:05:51,743 - INFO - Fold 2, Epoch 90: Val Acc: 0.78%
2025-08-15 00:05:53,964 - INFO - Fold 2, Epoch 100: Val Acc: 0.72%
2025-08-15 00:05:55,768 - INFO - Fold 2, Epoch 110: Val Acc: 0.72%
2025-08-15 00:05:57,475 - INFO - Fold 2, Epoch 120: Val Acc: 0.78%
2025-08-15 00:05:59,171 - INFO - Fold 2, Epoch 130: Val Acc: 0.72%
2025-08-15 00:06:00,038 - INFO - Early stopping at epoch 134
2025-08-15 00:06:03,268 - INFO - --- Starting Fold 3/3 ---
2025-08-15 00:06:03,271 - INFO - Generated pairs. Train: 1128 (Positive: 48). Val: 276 (Positive: 24)
2025-08-15 00:06:03,271 - INFO - Starting training for fold 3/3
2025-08-15 00:06:13,246 - INFO - Fold 3, Epoch 10: Val Acc: 0.56%
2025-08-15 00:06:16,962 - INFO - Fold 3, Epoch 20: Val Acc: 0.75%
2025-08-15 00:06:19,034 - INFO - Fold 3, Epoch 30: Val Acc: 0.84%
2025-08-15 00:06:21,238 - INFO - Fold 3, Epoch 40: Val Acc: 0.78%
2025-08-15 00:06:23,436 - INFO - Fold 3, Epoch 50: Val Acc: 0.78%
2025-08-15 00:06:25,647 - INFO - Fold 3, Epoch 60: Val Acc: 0.78%
2025-08-15 00:06:27,905 - INFO - Fold 3, Epoch 70: Val Acc: 0.59%
2025-08-15 00:06:30,107 - INFO - Fold 3, Epoch 80: Val Acc: 0.72%
2025-08-15 00:06:33,669 - INFO - Fold 3, Epoch 90: Val Acc: 0.78%
2025-08-15 00:06:35,881 - INFO - Fold 3, Epoch 100: Val Acc: 0.75%
2025-08-15 00:06:38,148 - INFO - Fold 3, Epoch 110: Val Acc: 0.69%
2025-08-15 00:06:40,440 - INFO - Fold 3, Epoch 120: Val Acc: 0.66%
2025-08-15 00:06:42,735 - INFO - Fold 3, Epoch 130: Val Acc: 0.75%
2025-08-15 00:06:44,998 - INFO - Fold 3, Epoch 140: Val Acc: 0.56%
2025-08-15 00:06:46,931 - INFO - Fold 3, Epoch 150: Val Acc: 0.62%
2025-08-15 00:06:48,626 - INFO - Fold 3, Epoch 160: Val Acc: 0.72%
2025-08-15 00:06:50,497 - INFO - Fold 3, Epoch 170: Val Acc: 0.66%
2025-08-15 00:06:52,716 - INFO - Fold 3, Epoch 180: Val Acc: 0.72%
2025-08-15 00:06:52,920 - INFO - Early stopping at epoch 181
2025-08-15 00:06:54,015 - INFO - Cross-validation statistics for transformer: {'train_loss': {'mean': np.float64(3.77300837304857), 'std': np.float64(0.08017706266311973)}, 'train_accuracy': {'mean': np.float64(0.84375), 'std': np.float64(0.04500514373894348)}, 'val_loss': {'mean': np.float64(4.187516848246257), 'std': np.float64(0.04647116676030397)}, 'val_accuracy': {'mean': np.float64(0.8958333333333334), 'std': np.float64(0.06421264586426018)}, 'epoch': {'mean': np.float64(54.666666666666664), 'std': np.float64(19.362047641943477)}}
[I 2025-08-15 00:06:54,022] Trial 104 finished with value: -0.8958333333333334 and parameters: {'learning_rate': 0.0007952696369353558, 'batch_size': 32, 'num_epochs': 403, 'temperature': 0.3543256395369494, 'embedding_dim': 256, 'hidden_dim': 256, 'dropout': 0.4866349514202222, 'num_layers': 5, 'num_heads': 8, 'noise_enabled': True, 'shift_enabled': False, 'scale_enabled': False, 'crop_enabled': True, 'flip_enabled': False, 'permutation_enabled': False, 'noise_level': 0.04107047662309709, 'crop_size': 0.7794427340164821}. Best is trial 92 with value: -0.9479166666666666.
Actual device being used: cuda
Attempting to load data from: /vol/ecrg-solar/woodj4/fishy-business/data/REIMS.xlsx
Trial 104 finished with value: -0.8958333333333334 and parameters: {'learning_rate': 0.0007952696369353558, 'batch_size': 32, 'num_epochs': 403, 'temperature': 0.3543256395369494, 'embedding_dim': 256, 'hidden_dim': 256, 'dropout': 0.4866349514202222, 'num_layers': 5, 'num_heads': 8, 'noise_enabled': True, 'shift_enabled': False, 'scale_enabled': False, 'crop_enabled': True, 'flip_enabled': False, 'permutation_enabled': False, 'noise_level': 0.04107047662309709, 'crop_size': 0.7794427340164821}. Best is trial 92 with value: -0.9479166666666666.
2025-08-15 00:06:54,059 - INFO - Using device: cuda
2025-08-15 00:07:03,686 - INFO - --- Starting Fold 1/3 ---
2025-08-15 00:07:03,690 - INFO - Generated pairs. Train: 1128 (Positive: 48). Val: 276 (Positive: 24)
2025-08-15 00:07:03,690 - INFO - Starting training for fold 1/3
2025-08-15 00:07:16,055 - INFO - Fold 1, Epoch 10: Val Acc: 0.62%
2025-08-15 00:07:18,275 - INFO - Fold 1, Epoch 20: Val Acc: 0.59%
2025-08-15 00:07:20,489 - INFO - Fold 1, Epoch 30: Val Acc: 0.53%
2025-08-15 00:07:25,016 - INFO - Fold 1, Epoch 40: Val Acc: 0.75%
2025-08-15 00:07:27,225 - INFO - Fold 1, Epoch 50: Val Acc: 0.72%
2025-08-15 00:07:28,924 - INFO - Fold 1, Epoch 60: Val Acc: 0.81%
2025-08-15 00:07:30,622 - INFO - Fold 1, Epoch 70: Val Acc: 0.62%
2025-08-15 00:07:32,318 - INFO - Fold 1, Epoch 80: Val Acc: 0.69%
2025-08-15 00:07:34,015 - INFO - Fold 1, Epoch 90: Val Acc: 0.62%
2025-08-15 00:07:38,048 - INFO - Fold 1, Epoch 100: Val Acc: 0.81%
2025-08-15 00:07:39,753 - INFO - Fold 1, Epoch 110: Val Acc: 0.59%
2025-08-15 00:07:41,846 - INFO - Fold 1, Epoch 120: Val Acc: 0.72%
2025-08-15 00:07:43,866 - INFO - Fold 1, Epoch 130: Val Acc: 0.66%
2025-08-15 00:07:45,559 - INFO - Fold 1, Epoch 140: Val Acc: 0.66%
2025-08-15 00:07:47,252 - INFO - Fold 1, Epoch 150: Val Acc: 0.62%
2025-08-15 00:07:48,943 - INFO - Fold 1, Epoch 160: Val Acc: 0.72%
2025-08-15 00:07:50,637 - INFO - Fold 1, Epoch 170: Val Acc: 0.72%
2025-08-15 00:07:52,328 - INFO - Fold 1, Epoch 180: Val Acc: 0.69%
2025-08-15 00:07:54,038 - INFO - Fold 1, Epoch 190: Val Acc: 0.50%
2025-08-15 00:07:54,702 - INFO - Early stopping at epoch 193
2025-08-15 00:07:58,455 - INFO - --- Starting Fold 2/3 ---
2025-08-15 00:07:58,457 - INFO - Generated pairs. Train: 1128 (Positive: 48). Val: 276 (Positive: 24)
2025-08-15 00:07:58,458 - INFO - Starting training for fold 2/3
2025-08-15 00:08:05,718 - INFO - Fold 2, Epoch 10: Val Acc: 0.59%
2025-08-15 00:08:10,996 - INFO - Fold 2, Epoch 20: Val Acc: 0.50%
2025-08-15 00:08:14,446 - INFO - Fold 2, Epoch 30: Val Acc: 0.56%
2025-08-15 00:08:16,148 - INFO - Fold 2, Epoch 40: Val Acc: 0.75%
2025-08-15 00:08:17,848 - INFO - Fold 2, Epoch 50: Val Acc: 0.75%
2025-08-15 00:08:22,051 - INFO - Fold 2, Epoch 60: Val Acc: 0.84%
2025-08-15 00:08:23,748 - INFO - Fold 2, Epoch 70: Val Acc: 0.75%
2025-08-15 00:08:25,451 - INFO - Fold 2, Epoch 80: Val Acc: 0.69%
2025-08-15 00:08:28,759 - INFO - Fold 2, Epoch 90: Val Acc: 0.81%
2025-08-15 00:08:30,844 - INFO - Fold 2, Epoch 100: Val Acc: 0.62%
2025-08-15 00:08:32,790 - INFO - Fold 2, Epoch 110: Val Acc: 0.78%
2025-08-15 00:08:34,999 - INFO - Fold 2, Epoch 120: Val Acc: 0.66%
2025-08-15 00:08:37,211 - INFO - Fold 2, Epoch 130: Val Acc: 0.66%
2025-08-15 00:08:39,421 - INFO - Fold 2, Epoch 140: Val Acc: 0.72%
2025-08-15 00:08:41,627 - INFO - Fold 2, Epoch 150: Val Acc: 0.78%
2025-08-15 00:08:43,832 - INFO - Fold 2, Epoch 160: Val Acc: 0.75%
2025-08-15 00:08:46,044 - INFO - Fold 2, Epoch 170: Val Acc: 0.75%
2025-08-15 00:08:48,254 - INFO - Fold 2, Epoch 180: Val Acc: 0.81%
2025-08-15 00:08:49,582 - INFO - Early stopping at epoch 186
2025-08-15 00:08:50,674 - INFO - --- Starting Fold 3/3 ---
2025-08-15 00:08:50,678 - INFO - Generated pairs. Train: 1128 (Positive: 48). Val: 276 (Positive: 24)
2025-08-15 00:08:50,678 - INFO - Starting training for fold 3/3
2025-08-15 00:08:57,689 - INFO - Fold 3, Epoch 10: Val Acc: 0.69%
2025-08-15 00:09:01,478 - INFO - Fold 3, Epoch 20: Val Acc: 0.47%
2025-08-15 00:09:03,709 - INFO - Fold 3, Epoch 30: Val Acc: 0.66%
2025-08-15 00:09:05,517 - INFO - Fold 3, Epoch 40: Val Acc: 0.69%
2025-08-15 00:09:08,673 - INFO - Fold 3, Epoch 50: Val Acc: 0.72%
2025-08-15 00:09:10,505 - INFO - Fold 3, Epoch 60: Val Acc: 0.66%
2025-08-15 00:09:13,741 - INFO - Fold 3, Epoch 70: Val Acc: 0.72%
2025-08-15 00:09:16,032 - INFO - Fold 3, Epoch 80: Val Acc: 0.62%
2025-08-15 00:09:19,807 - INFO - Fold 3, Epoch 90: Val Acc: 0.66%
2025-08-15 00:09:22,100 - INFO - Fold 3, Epoch 100: Val Acc: 0.75%
2025-08-15 00:09:24,398 - INFO - Fold 3, Epoch 110: Val Acc: 0.69%
2025-08-15 00:09:26,678 - INFO - Fold 3, Epoch 120: Val Acc: 0.78%
2025-08-15 00:09:28,940 - INFO - Fold 3, Epoch 130: Val Acc: 0.81%
2025-08-15 00:09:30,632 - INFO - Fold 3, Epoch 140: Val Acc: 0.72%
2025-08-15 00:09:32,621 - INFO - Fold 3, Epoch 150: Val Acc: 0.72%
2025-08-15 00:09:34,516 - INFO - Fold 3, Epoch 160: Val Acc: 0.69%
2025-08-15 00:09:36,810 - INFO - Fold 3, Epoch 170: Val Acc: 0.75%
2025-08-15 00:09:38,817 - INFO - Fold 3, Epoch 180: Val Acc: 0.78%
2025-08-15 00:09:40,594 - INFO - Early stopping at epoch 188
2025-08-15 00:09:41,666 - INFO - Cross-validation statistics for transformer: {'train_loss': {'mean': np.float64(3.9572774834103055), 'std': np.float64(0.022649033237215246)}, 'train_accuracy': {'mean': np.float64(0.732638888888889), 'std': np.float64(0.04019387813468828)}, 'val_loss': {'mean': np.float64(4.157341003417969), 'std': np.float64(0.061356173320404744)}, 'val_accuracy': {'mean': np.float64(0.90625), 'std': np.float64(0.0)}, 'epoch': {'mean': np.float64(88.0), 'std': np.float64(2.943920288775949)}}
[I 2025-08-15 00:09:41,673] Trial 105 finished with value: -0.90625 and parameters: {'learning_rate': 0.0002798113038779284, 'batch_size': 32, 'num_epochs': 315, 'temperature': 0.3132119859985611, 'embedding_dim': 256, 'hidden_dim': 256, 'dropout': 0.4571587134025844, 'num_layers': 5, 'num_heads': 8, 'noise_enabled': True, 'shift_enabled': False, 'scale_enabled': False, 'crop_enabled': True, 'flip_enabled': False, 'permutation_enabled': False, 'noise_level': 0.06501572399077714, 'crop_size': 0.5378232339634017}. Best is trial 92 with value: -0.9479166666666666.
Actual device being used: cuda
Attempting to load data from: /vol/ecrg-solar/woodj4/fishy-business/data/REIMS.xlsx
