Trial 68 finished with value: -0.71875 and parameters: {'learning_rate': 0.0005377179361968633, 'batch_size': 32, 'num_epochs': 826, 'temperature': 0.410304951613541, 'embedding_dim': 128, 'hidden_dim': 128, 'dropout': 0.42085075690066864, 'num_layers': 4, 'num_heads': 4, 'noise_enabled': True, 'shift_enabled': False, 'scale_enabled': True, 'crop_enabled': False, 'flip_enabled': False, 'permutation_enabled': True, 'noise_level': 0.18413996793728596}. Best is trial 9 with value: -0.9270833333333334.
2025-08-14 22:24:21,655 - INFO - Using device: cuda
2025-08-14 22:24:31,468 - INFO - --- Starting Fold 1/3 ---
2025-08-14 22:24:31,470 - INFO - Generated pairs. Train: 1128 (Positive: 48). Val: 276 (Positive: 24)
2025-08-14 22:24:31,470 - INFO - Starting training for fold 1/3
/usr/pkg/lib/python3.12/site-packages/torch/optim/lr_scheduler.py:227: UserWarning: Detected call of `lr_scheduler.step()` before `optimizer.step()`. In PyTorch 1.1.0 and later, you should call them in the opposite order: `optimizer.step()` before `lr_scheduler.step()`.  Failure to do this will result in PyTorch skipping the first value of the learning rate schedule. See more details at https://pytorch.org/docs/stable/optim.html#how-to-adjust-learning-rate
  warnings.warn(
2025-08-14 22:24:38,777 - INFO - Fold 1, Epoch 10: Val Acc: 0.52%
2025-08-14 22:24:42,114 - INFO - Fold 1, Epoch 20: Val Acc: 0.50%
2025-08-14 22:24:45,498 - INFO - Fold 1, Epoch 30: Val Acc: 0.52%
2025-08-14 22:24:48,866 - INFO - Fold 1, Epoch 40: Val Acc: 0.54%
2025-08-14 22:24:53,723 - INFO - Fold 1, Epoch 50: Val Acc: 0.58%
2025-08-14 22:24:57,073 - INFO - Fold 1, Epoch 60: Val Acc: 0.52%
2025-08-14 22:25:00,432 - INFO - Fold 1, Epoch 70: Val Acc: 0.52%
2025-08-14 22:25:03,944 - INFO - Fold 1, Epoch 80: Val Acc: 0.56%
2025-08-14 22:25:07,419 - INFO - Fold 1, Epoch 90: Val Acc: 0.58%
2025-08-14 22:25:10,894 - INFO - Fold 1, Epoch 100: Val Acc: 0.52%
2025-08-14 22:25:14,428 - INFO - Fold 1, Epoch 110: Val Acc: 0.48%
2025-08-14 22:25:17,928 - INFO - Fold 1, Epoch 120: Val Acc: 0.56%
2025-08-14 22:25:21,416 - INFO - Fold 1, Epoch 130: Val Acc: 0.52%
2025-08-14 22:25:26,866 - INFO - Fold 1, Epoch 140: Val Acc: 0.52%
2025-08-14 22:25:30,303 - INFO - Fold 1, Epoch 150: Val Acc: 0.54%
2025-08-14 22:25:33,841 - INFO - Fold 1, Epoch 160: Val Acc: 0.60%
2025-08-14 22:25:37,316 - INFO - Fold 1, Epoch 170: Val Acc: 0.62%
2025-08-14 22:25:42,228 - INFO - Fold 1, Epoch 180: Val Acc: 0.62%
2025-08-14 22:25:45,261 - INFO - Fold 1, Epoch 190: Val Acc: 0.54%
2025-08-14 22:25:48,623 - INFO - Fold 1, Epoch 200: Val Acc: 0.50%
2025-08-14 22:25:51,976 - INFO - Fold 1, Epoch 210: Val Acc: 0.52%
2025-08-14 22:25:55,357 - INFO - Fold 1, Epoch 220: Val Acc: 0.52%
2025-08-14 22:25:58,739 - INFO - Fold 1, Epoch 230: Val Acc: 0.62%
2025-08-14 22:26:02,118 - INFO - Fold 1, Epoch 240: Val Acc: 0.58%
2025-08-14 22:26:05,499 - INFO - Fold 1, Epoch 250: Val Acc: 0.52%
2025-08-14 22:26:08,869 - INFO - Fold 1, Epoch 260: Val Acc: 0.54%
2025-08-14 22:26:12,246 - INFO - Fold 1, Epoch 270: Val Acc: 0.62%
2025-08-14 22:26:13,934 - INFO - Early stopping at epoch 275
2025-08-14 22:26:16,974 - INFO - --- Starting Fold 2/3 ---
2025-08-14 22:26:16,977 - INFO - Generated pairs. Train: 1128 (Positive: 48). Val: 276 (Positive: 24)
2025-08-14 22:26:16,977 - INFO - Starting training for fold 2/3
/usr/pkg/lib/python3.12/site-packages/torch/optim/lr_scheduler.py:227: UserWarning: Detected call of `lr_scheduler.step()` before `optimizer.step()`. In PyTorch 1.1.0 and later, you should call them in the opposite order: `optimizer.step()` before `lr_scheduler.step()`.  Failure to do this will result in PyTorch skipping the first value of the learning rate schedule. See more details at https://pytorch.org/docs/stable/optim.html#how-to-adjust-learning-rate
  warnings.warn(
2025-08-14 22:26:21,650 - INFO - Fold 2, Epoch 10: Val Acc: 0.44%
2025-08-14 22:26:26,182 - INFO - Fold 2, Epoch 20: Val Acc: 0.52%
2025-08-14 22:26:28,676 - INFO - Fold 2, Epoch 30: Val Acc: 0.54%
2025-08-14 22:26:33,194 - INFO - Fold 2, Epoch 40: Val Acc: 0.52%
2025-08-14 22:26:37,536 - INFO - Fold 2, Epoch 50: Val Acc: 0.56%
2025-08-14 22:26:41,459 - INFO - Fold 2, Epoch 60: Val Acc: 0.58%
2025-08-14 22:26:44,810 - INFO - Fold 2, Epoch 70: Val Acc: 0.48%
2025-08-14 22:26:47,684 - INFO - Fold 2, Epoch 80: Val Acc: 0.54%
2025-08-14 22:26:50,104 - INFO - Fold 2, Epoch 90: Val Acc: 0.52%
2025-08-14 22:26:53,173 - INFO - Fold 2, Epoch 100: Val Acc: 0.50%
2025-08-14 22:26:56,538 - INFO - Fold 2, Epoch 110: Val Acc: 0.58%
2025-08-14 22:26:59,887 - INFO - Fold 2, Epoch 120: Val Acc: 0.52%
2025-08-14 22:27:03,245 - INFO - Fold 2, Epoch 130: Val Acc: 0.62%
2025-08-14 22:27:06,091 - INFO - Fold 2, Epoch 140: Val Acc: 0.67%
2025-08-14 22:27:09,451 - INFO - Fold 2, Epoch 150: Val Acc: 0.50%
2025-08-14 22:27:11,813 - INFO - Early stopping at epoch 157
2025-08-14 22:27:12,673 - INFO - --- Starting Fold 3/3 ---
2025-08-14 22:27:12,675 - INFO - Generated pairs. Train: 1128 (Positive: 48). Val: 276 (Positive: 24)
2025-08-14 22:27:12,676 - INFO - Starting training for fold 3/3
/usr/pkg/lib/python3.12/site-packages/torch/optim/lr_scheduler.py:227: UserWarning: Detected call of `lr_scheduler.step()` before `optimizer.step()`. In PyTorch 1.1.0 and later, you should call them in the opposite order: `optimizer.step()` before `lr_scheduler.step()`.  Failure to do this will result in PyTorch skipping the first value of the learning rate schedule. See more details at https://pytorch.org/docs/stable/optim.html#how-to-adjust-learning-rate
  warnings.warn(
2025-08-14 22:27:20,972 - INFO - Fold 3, Epoch 10: Val Acc: 0.52%
2025-08-14 22:27:24,347 - INFO - Fold 3, Epoch 20: Val Acc: 0.46%
2025-08-14 22:27:27,723 - INFO - Fold 3, Epoch 30: Val Acc: 0.54%
2025-08-14 22:27:31,089 - INFO - Fold 3, Epoch 40: Val Acc: 0.50%
2025-08-14 22:27:34,452 - INFO - Fold 3, Epoch 50: Val Acc: 0.50%
2025-08-14 22:27:37,836 - INFO - Fold 3, Epoch 60: Val Acc: 0.50%
2025-08-14 22:27:41,189 - INFO - Fold 3, Epoch 70: Val Acc: 0.50%
2025-08-14 22:27:44,527 - INFO - Fold 3, Epoch 80: Val Acc: 0.50%
2025-08-14 22:27:48,445 - INFO - Fold 3, Epoch 90: Val Acc: 0.62%
2025-08-14 22:27:51,055 - INFO - Fold 3, Epoch 100: Val Acc: 0.50%
2025-08-14 22:27:55,122 - INFO - Fold 3, Epoch 110: Val Acc: 0.56%
2025-08-14 22:27:58,496 - INFO - Fold 3, Epoch 120: Val Acc: 0.56%
2025-08-14 22:28:03,103 - INFO - Fold 3, Epoch 130: Val Acc: 0.52%
2025-08-14 22:28:06,453 - INFO - Fold 3, Epoch 140: Val Acc: 0.54%
2025-08-14 22:28:09,825 - INFO - Fold 3, Epoch 150: Val Acc: 0.48%
2025-08-14 22:28:13,207 - INFO - Fold 3, Epoch 160: Val Acc: 0.50%
2025-08-14 22:28:16,599 - INFO - Fold 3, Epoch 170: Val Acc: 0.52%
2025-08-14 22:28:19,973 - INFO - Fold 3, Epoch 180: Val Acc: 0.48%
2025-08-14 22:28:23,320 - INFO - Fold 3, Epoch 190: Val Acc: 0.62%
2025-08-14 22:28:25,761 - INFO - Fold 3, Epoch 200: Val Acc: 0.56%
2025-08-14 22:28:28,206 - INFO - Fold 3, Epoch 210: Val Acc: 0.62%
2025-08-14 22:28:30,648 - INFO - Fold 3, Epoch 220: Val Acc: 0.65%
2025-08-14 22:28:31,623 - INFO - Early stopping at epoch 224
2025-08-14 22:28:34,133 - INFO - Cross-validation statistics for transformer: {'train_loss': {'mean': np.float64(3.3163332409328885), 'std': np.float64(0.10329827553300489)}, 'train_accuracy': {'mean': np.float64(0.6840277777777778), 'std': np.float64(0.021404215288086736)}, 'val_loss': {'mean': np.float64(3.8182916111416287), 'std': np.float64(0.08847395056009892)}, 'val_accuracy': {'mean': np.float64(0.75), 'std': np.float64(0.0450051437389435)}, 'epoch': {'mean': np.float64(117.66666666666667), 'std': np.float64(48.32068800098865)}}
[I 2025-08-14 22:28:34,143] Trial 69 finished with value: -0.75 and parameters: {'learning_rate': 0.0004187617290208881, 'batch_size': 16, 'num_epochs': 619, 'temperature': 0.10486913462926657, 'embedding_dim': 128, 'hidden_dim': 256, 'dropout': 0.20239318739302165, 'num_layers': 4, 'num_heads': 8, 'noise_enabled': True, 'shift_enabled': False, 'scale_enabled': True, 'crop_enabled': True, 'flip_enabled': True, 'permutation_enabled': False, 'noise_level': 0.17891066962097202, 'crop_size': 0.5564794133755552}. Best is trial 9 with value: -0.9270833333333334.
Actual device being used: cuda
Attempting to load data from: /vol/ecrg-solar/woodj4/fishy-business/data/REIMS.xlsx
Trial 69 finished with value: -0.75 and parameters: {'learning_rate': 0.0004187617290208881, 'batch_size': 16, 'num_epochs': 619, 'temperature': 0.10486913462926657, 'embedding_dim': 128, 'hidden_dim': 256, 'dropout': 0.20239318739302165, 'num_layers': 4, 'num_heads': 8, 'noise_enabled': True, 'shift_enabled': False, 'scale_enabled': True, 'crop_enabled': True, 'flip_enabled': True, 'permutation_enabled': False, 'noise_level': 0.17891066962097202, 'crop_size': 0.5564794133755552}. Best is trial 9 with value: -0.9270833333333334.
2025-08-14 22:28:34,221 - INFO - Using device: cuda
2025-08-14 22:28:43,914 - INFO - --- Starting Fold 1/3 ---
2025-08-14 22:28:43,916 - INFO - Generated pairs. Train: 1128 (Positive: 48). Val: 276 (Positive: 24)
2025-08-14 22:28:43,916 - WARNING - Fold 1 has insufficient pairs to form a batch. Skipping.
2025-08-14 22:28:43,916 - INFO - --- Starting Fold 2/3 ---
2025-08-14 22:28:43,917 - INFO - Generated pairs. Train: 1128 (Positive: 48). Val: 276 (Positive: 24)
2025-08-14 22:28:43,917 - WARNING - Fold 2 has insufficient pairs to form a batch. Skipping.
2025-08-14 22:28:43,918 - INFO - --- Starting Fold 3/3 ---
2025-08-14 22:28:43,919 - INFO - Generated pairs. Train: 1128 (Positive: 48). Val: 276 (Positive: 24)
2025-08-14 22:28:43,919 - WARNING - Fold 3 has insufficient pairs to form a batch. Skipping.
2025-08-14 22:28:43,919 - WARNING - No folds completed successfully to aggregate metrics.
[I 2025-08-14 22:28:43,921] Trial 70 finished with value: inf and parameters: {'learning_rate': 0.0006131079733928903, 'batch_size': 64, 'num_epochs': 940, 'temperature': 0.12860560801831478, 'embedding_dim': 128, 'hidden_dim': 512, 'dropout': 0.4884001950242516, 'num_layers': 5, 'num_heads': 8, 'noise_enabled': True, 'shift_enabled': True, 'scale_enabled': True, 'crop_enabled': True, 'flip_enabled': False, 'permutation_enabled': False, 'noise_level': 0.19310985069665842, 'crop_size': 0.5809832213691353}. Best is trial 9 with value: -0.9270833333333334.
Actual device being used: cuda
Attempting to load data from: /vol/ecrg-solar/woodj4/fishy-business/data/REIMS.xlsx
Trial 70 finished with value: inf and parameters: {'learning_rate': 0.0006131079733928903, 'batch_size': 64, 'num_epochs': 940, 'temperature': 0.12860560801831478, 'embedding_dim': 128, 'hidden_dim': 512, 'dropout': 0.4884001950242516, 'num_layers': 5, 'num_heads': 8, 'noise_enabled': True, 'shift_enabled': True, 'scale_enabled': True, 'crop_enabled': True, 'flip_enabled': False, 'permutation_enabled': False, 'noise_level': 0.19310985069665842, 'crop_size': 0.5809832213691353}. Best is trial 9 with value: -0.9270833333333334.
2025-08-14 22:28:43,953 - INFO - Using device: cuda
2025-08-14 22:28:53,864 - INFO - --- Starting Fold 1/3 ---
2025-08-14 22:28:53,867 - INFO - Generated pairs. Train: 1128 (Positive: 48). Val: 276 (Positive: 24)
2025-08-14 22:28:53,867 - INFO - Starting training for fold 1/3
2025-08-14 22:29:02,782 - INFO - Fold 1, Epoch 10: Val Acc: 0.72%
2025-08-14 22:29:07,204 - INFO - Fold 1, Epoch 20: Val Acc: 0.75%
2025-08-14 22:29:09,510 - INFO - Fold 1, Epoch 30: Val Acc: 0.69%
2025-08-14 22:29:13,850 - INFO - Fold 1, Epoch 40: Val Acc: 0.62%
2025-08-14 22:29:20,441 - INFO - Fold 1, Epoch 50: Val Acc: 0.84%
2025-08-14 22:29:22,743 - INFO - Fold 1, Epoch 60: Val Acc: 0.84%
2025-08-14 22:29:24,965 - INFO - Fold 1, Epoch 70: Val Acc: 0.66%
2025-08-14 22:29:29,391 - INFO - Fold 1, Epoch 80: Val Acc: 0.66%
2025-08-14 22:29:31,610 - INFO - Fold 1, Epoch 90: Val Acc: 0.69%
2025-08-14 22:29:33,892 - INFO - Fold 1, Epoch 100: Val Acc: 0.91%
2025-08-14 22:29:36,185 - INFO - Fold 1, Epoch 110: Val Acc: 0.75%
2025-08-14 22:29:38,501 - INFO - Fold 1, Epoch 120: Val Acc: 0.66%
2025-08-14 22:29:40,817 - INFO - Fold 1, Epoch 130: Val Acc: 0.72%
2025-08-14 22:29:43,108 - INFO - Fold 1, Epoch 140: Val Acc: 0.75%
2025-08-14 22:29:45,338 - INFO - Fold 1, Epoch 150: Val Acc: 0.72%
2025-08-14 22:29:47,137 - INFO - Fold 1, Epoch 160: Val Acc: 0.72%
2025-08-14 22:29:48,846 - INFO - Fold 1, Epoch 170: Val Acc: 0.81%
2025-08-14 22:29:50,216 - INFO - Early stopping at epoch 178
2025-08-14 22:29:53,941 - INFO - --- Starting Fold 2/3 ---
2025-08-14 22:29:53,944 - INFO - Generated pairs. Train: 1128 (Positive: 48). Val: 276 (Positive: 24)
2025-08-14 22:29:53,945 - INFO - Starting training for fold 2/3
2025-08-14 22:29:57,866 - INFO - Fold 2, Epoch 10: Val Acc: 0.53%
2025-08-14 22:30:04,403 - INFO - Fold 2, Epoch 20: Val Acc: 0.66%
2025-08-14 22:30:08,568 - INFO - Fold 2, Epoch 30: Val Acc: 0.75%
2025-08-14 22:30:10,951 - INFO - Fold 2, Epoch 40: Val Acc: 0.50%
2025-08-14 22:30:16,377 - INFO - Fold 2, Epoch 50: Val Acc: 0.72%
2025-08-14 22:30:21,570 - INFO - Fold 2, Epoch 60: Val Acc: 0.81%
2025-08-14 22:30:23,802 - INFO - Fold 2, Epoch 70: Val Acc: 0.78%
2025-08-14 22:30:26,028 - INFO - Fold 2, Epoch 80: Val Acc: 0.78%
2025-08-14 22:30:28,266 - INFO - Fold 2, Epoch 90: Val Acc: 0.75%
2025-08-14 22:30:30,581 - INFO - Fold 2, Epoch 100: Val Acc: 0.78%
2025-08-14 22:30:32,902 - INFO - Fold 2, Epoch 110: Val Acc: 0.69%
2025-08-14 22:30:35,221 - INFO - Fold 2, Epoch 120: Val Acc: 0.69%
2025-08-14 22:30:37,544 - INFO - Fold 2, Epoch 130: Val Acc: 0.81%
2025-08-14 22:30:39,863 - INFO - Fold 2, Epoch 140: Val Acc: 0.75%
2025-08-14 22:30:42,109 - INFO - Fold 2, Epoch 150: Val Acc: 0.81%
2025-08-14 22:30:42,549 - INFO - Early stopping at epoch 152
2025-08-14 22:30:45,652 - INFO - --- Starting Fold 3/3 ---
2025-08-14 22:30:45,655 - INFO - Generated pairs. Train: 1128 (Positive: 48). Val: 276 (Positive: 24)
2025-08-14 22:30:45,656 - INFO - Starting training for fold 3/3
2025-08-14 22:30:52,411 - INFO - Fold 3, Epoch 10: Val Acc: 0.72%
2025-08-14 22:30:56,139 - INFO - Fold 3, Epoch 20: Val Acc: 0.62%
2025-08-14 22:30:58,367 - INFO - Fold 3, Epoch 30: Val Acc: 0.69%
2025-08-14 22:31:00,591 - INFO - Fold 3, Epoch 40: Val Acc: 0.72%
2025-08-14 22:31:02,814 - INFO - Fold 3, Epoch 50: Val Acc: 0.72%
2025-08-14 22:31:05,041 - INFO - Fold 3, Epoch 60: Val Acc: 0.78%
2025-08-14 22:31:08,814 - INFO - Fold 3, Epoch 70: Val Acc: 0.72%
2025-08-14 22:31:12,552 - INFO - Fold 3, Epoch 80: Val Acc: 0.88%
2025-08-14 22:31:14,854 - INFO - Fold 3, Epoch 90: Val Acc: 0.72%
2025-08-14 22:31:17,168 - INFO - Fold 3, Epoch 100: Val Acc: 0.62%
2025-08-14 22:31:19,488 - INFO - Fold 3, Epoch 110: Val Acc: 0.72%
2025-08-14 22:31:21,777 - INFO - Fold 3, Epoch 120: Val Acc: 0.81%
2025-08-14 22:31:23,883 - INFO - Fold 3, Epoch 130: Val Acc: 0.81%
2025-08-14 22:31:25,926 - INFO - Fold 3, Epoch 140: Val Acc: 0.66%
2025-08-14 22:31:28,247 - INFO - Fold 3, Epoch 150: Val Acc: 0.69%
2025-08-14 22:31:30,559 - INFO - Fold 3, Epoch 160: Val Acc: 0.75%
2025-08-14 22:31:32,798 - INFO - Fold 3, Epoch 170: Val Acc: 0.66%
2025-08-14 22:31:33,239 - INFO - Early stopping at epoch 172
2025-08-14 22:31:34,357 - INFO - Cross-validation statistics for transformer: {'train_loss': {'mean': np.float64(4.0169728597005205), 'std': np.float64(0.04210995510121482)}, 'train_accuracy': {'mean': np.float64(0.7465277777777778), 'std': np.float64(0.017704928866641653)}, 'val_loss': {'mean': np.float64(4.208071231842041), 'std': np.float64(0.009341417769835254)}, 'val_accuracy': {'mean': np.float64(0.90625), 'std': np.float64(0.02551551815399144)}, 'epoch': {'mean': np.float64(66.33333333333333), 'std': np.float64(11.115554667022044)}}
[I 2025-08-14 22:31:34,364] Trial 71 finished with value: -0.90625 and parameters: {'learning_rate': 0.00047971967069391163, 'batch_size': 32, 'num_epochs': 916, 'temperature': 0.42810627626189174, 'embedding_dim': 128, 'hidden_dim': 256, 'dropout': 0.466312629227044, 'num_layers': 5, 'num_heads': 8, 'noise_enabled': True, 'shift_enabled': False, 'scale_enabled': True, 'crop_enabled': True, 'flip_enabled': False, 'permutation_enabled': False, 'noise_level': 0.18376841027077226, 'crop_size': 0.5466487892939503}. Best is trial 9 with value: -0.9270833333333334.
Actual device being used: cuda
Attempting to load data from: /vol/ecrg-solar/woodj4/fishy-business/data/REIMS.xlsx
