Trial 83 finished with value: -0.9270833333333334 and parameters: {'learning_rate': 0.0008105175983317972, 'batch_size': 32, 'num_epochs': 891, 'temperature': 0.32582879330725417, 'embedding_dim': 128, 'hidden_dim': 256, 'dropout': 0.4447421907613134, 'num_layers': 5, 'num_heads': 8, 'noise_enabled': True, 'shift_enabled': False, 'scale_enabled': True, 'crop_enabled': True, 'flip_enabled': False, 'permutation_enabled': False, 'noise_level': 0.0388647093370367, 'crop_size': 0.5297065357916201}. Best is trial 9 with value: -0.9270833333333334.
2025-08-14 23:08:32,919 - INFO - Using device: cuda
2025-08-14 23:08:42,793 - INFO - --- Starting Fold 1/3 ---
2025-08-14 23:08:42,795 - INFO - Generated pairs. Train: 1128 (Positive: 48). Val: 276 (Positive: 24)
2025-08-14 23:08:42,795 - INFO - Starting training for fold 1/3
2025-08-14 23:08:54,062 - INFO - Fold 1, Epoch 10: Val Acc: 0.69%
2025-08-14 23:08:56,291 - INFO - Fold 1, Epoch 20: Val Acc: 0.66%
2025-08-14 23:09:00,621 - INFO - Fold 1, Epoch 30: Val Acc: 0.66%
2025-08-14 23:09:07,292 - INFO - Fold 1, Epoch 40: Val Acc: 0.88%
2025-08-14 23:09:09,566 - INFO - Fold 1, Epoch 50: Val Acc: 0.78%
2025-08-14 23:09:11,927 - INFO - Fold 1, Epoch 60: Val Acc: 0.72%
2025-08-14 23:09:14,343 - INFO - Fold 1, Epoch 70: Val Acc: 0.69%
2025-08-14 23:09:16,730 - INFO - Fold 1, Epoch 80: Val Acc: 0.72%
2025-08-14 23:09:18,665 - INFO - Fold 1, Epoch 90: Val Acc: 0.69%
2025-08-14 23:09:21,089 - INFO - Fold 1, Epoch 100: Val Acc: 0.59%
2025-08-14 23:09:23,107 - INFO - Fold 1, Epoch 110: Val Acc: 0.81%
2025-08-14 23:09:25,131 - INFO - Fold 1, Epoch 120: Val Acc: 0.81%
2025-08-14 23:09:27,550 - INFO - Fold 1, Epoch 130: Val Acc: 0.78%
2025-08-14 23:09:29,809 - INFO - Early stopping at epoch 140
2025-08-14 23:09:33,364 - INFO - --- Starting Fold 2/3 ---
2025-08-14 23:09:33,376 - INFO - Generated pairs. Train: 1128 (Positive: 48). Val: 276 (Positive: 24)
2025-08-14 23:09:33,381 - INFO - Starting training for fold 2/3
2025-08-14 23:09:40,117 - INFO - Fold 2, Epoch 10: Val Acc: 0.66%
2025-08-14 23:09:44,156 - INFO - Fold 2, Epoch 20: Val Acc: 0.69%
2025-08-14 23:09:49,504 - INFO - Fold 2, Epoch 30: Val Acc: 0.81%
2025-08-14 23:09:51,907 - INFO - Fold 2, Epoch 40: Val Acc: 0.62%
2025-08-14 23:09:53,842 - INFO - Fold 2, Epoch 50: Val Acc: 0.72%
2025-08-14 23:09:55,823 - INFO - Fold 2, Epoch 60: Val Acc: 0.81%
2025-08-14 23:09:59,464 - INFO - Fold 2, Epoch 70: Val Acc: 0.75%
2025-08-14 23:10:01,786 - INFO - Fold 2, Epoch 80: Val Acc: 0.88%
2025-08-14 23:10:04,102 - INFO - Fold 2, Epoch 90: Val Acc: 0.66%
2025-08-14 23:10:06,407 - INFO - Fold 2, Epoch 100: Val Acc: 0.69%
2025-08-14 23:10:08,804 - INFO - Fold 2, Epoch 110: Val Acc: 0.69%
2025-08-14 23:10:11,202 - INFO - Fold 2, Epoch 120: Val Acc: 0.75%
2025-08-14 23:10:13,546 - INFO - Fold 2, Epoch 130: Val Acc: 0.72%
2025-08-14 23:10:15,788 - INFO - Fold 2, Epoch 140: Val Acc: 0.84%
2025-08-14 23:10:18,007 - INFO - Fold 2, Epoch 150: Val Acc: 0.78%
2025-08-14 23:10:20,314 - INFO - Fold 2, Epoch 160: Val Acc: 0.66%
2025-08-14 23:10:21,230 - INFO - Early stopping at epoch 164
2025-08-14 23:10:24,146 - INFO - --- Starting Fold 3/3 ---
2025-08-14 23:10:24,148 - INFO - Generated pairs. Train: 1128 (Positive: 48). Val: 276 (Positive: 24)
2025-08-14 23:10:24,148 - INFO - Starting training for fold 3/3
2025-08-14 23:10:30,992 - INFO - Fold 3, Epoch 10: Val Acc: 0.56%
2025-08-14 23:10:34,623 - INFO - Fold 3, Epoch 20: Val Acc: 0.62%
2025-08-14 23:10:39,959 - INFO - Fold 3, Epoch 30: Val Acc: 0.62%
2025-08-14 23:10:43,589 - INFO - Fold 3, Epoch 40: Val Acc: 0.75%
2025-08-14 23:10:45,809 - INFO - Fold 3, Epoch 50: Val Acc: 0.78%
2025-08-14 23:10:48,040 - INFO - Fold 3, Epoch 60: Val Acc: 0.75%
2025-08-14 23:10:50,222 - INFO - Fold 3, Epoch 70: Val Acc: 0.81%
2025-08-14 23:10:52,449 - INFO - Fold 3, Epoch 80: Val Acc: 0.75%
2025-08-14 23:10:56,187 - INFO - Fold 3, Epoch 90: Val Acc: 0.66%
2025-08-14 23:10:58,409 - INFO - Fold 3, Epoch 100: Val Acc: 0.72%
2025-08-14 23:11:00,614 - INFO - Fold 3, Epoch 110: Val Acc: 0.72%
2025-08-14 23:11:02,851 - INFO - Fold 3, Epoch 120: Val Acc: 0.78%
2025-08-14 23:11:05,079 - INFO - Fold 3, Epoch 130: Val Acc: 0.72%
2025-08-14 23:11:07,322 - INFO - Fold 3, Epoch 140: Val Acc: 0.75%
2025-08-14 23:11:09,577 - INFO - Fold 3, Epoch 150: Val Acc: 0.72%
2025-08-14 23:11:11,812 - INFO - Fold 3, Epoch 160: Val Acc: 0.81%
2025-08-14 23:11:14,021 - INFO - Fold 3, Epoch 170: Val Acc: 0.56%
2025-08-14 23:11:16,241 - INFO - Fold 3, Epoch 180: Val Acc: 0.75%
2025-08-14 23:11:18,011 - INFO - Early stopping at epoch 188
2025-08-14 23:11:21,017 - INFO - Cross-validation statistics for transformer: {'train_loss': {'mean': np.float64(3.945670869615343), 'std': np.float64(0.019393318188007116)}, 'train_accuracy': {'mean': np.float64(0.7569444444444443), 'std': np.float64(0.019641855032959583)}, 'val_loss': {'mean': np.float64(4.21728499730428), 'std': np.float64(0.006058088296927387)}, 'val_accuracy': {'mean': np.float64(0.90625), 'std': np.float64(0.02551551815399144)}, 'epoch': {'mean': np.float64(63.0), 'std': np.float64(19.595917942265423)}}
[I 2025-08-14 23:11:21,040] Trial 84 finished with value: -0.90625 and parameters: {'learning_rate': 0.0008812795600231797, 'batch_size': 32, 'num_epochs': 892, 'temperature': 0.37269003347770774, 'embedding_dim': 128, 'hidden_dim': 256, 'dropout': 0.44936492815695617, 'num_layers': 5, 'num_heads': 8, 'noise_enabled': True, 'shift_enabled': False, 'scale_enabled': True, 'crop_enabled': True, 'flip_enabled': False, 'permutation_enabled': False, 'noise_level': 0.0787611233096378, 'crop_size': 0.5286362031455586}. Best is trial 9 with value: -0.9270833333333334.
Actual device being used: cuda
Attempting to load data from: /vol/ecrg-solar/woodj4/fishy-business/data/REIMS.xlsx
Trial 84 finished with value: -0.90625 and parameters: {'learning_rate': 0.0008812795600231797, 'batch_size': 32, 'num_epochs': 892, 'temperature': 0.37269003347770774, 'embedding_dim': 128, 'hidden_dim': 256, 'dropout': 0.44936492815695617, 'num_layers': 5, 'num_heads': 8, 'noise_enabled': True, 'shift_enabled': False, 'scale_enabled': True, 'crop_enabled': True, 'flip_enabled': False, 'permutation_enabled': False, 'noise_level': 0.0787611233096378, 'crop_size': 0.5286362031455586}. Best is trial 9 with value: -0.9270833333333334.
2025-08-14 23:11:21,120 - INFO - Using device: cuda
2025-08-14 23:11:31,109 - INFO - --- Starting Fold 1/3 ---
2025-08-14 23:11:31,111 - INFO - Generated pairs. Train: 1128 (Positive: 48). Val: 276 (Positive: 24)
2025-08-14 23:11:31,111 - INFO - Starting training for fold 1/3
/usr/pkg/lib/python3.12/site-packages/torch/optim/lr_scheduler.py:227: UserWarning: Detected call of `lr_scheduler.step()` before `optimizer.step()`. In PyTorch 1.1.0 and later, you should call them in the opposite order: `optimizer.step()` before `lr_scheduler.step()`.  Failure to do this will result in PyTorch skipping the first value of the learning rate schedule. See more details at https://pytorch.org/docs/stable/optim.html#how-to-adjust-learning-rate
  warnings.warn(
2025-08-14 23:11:38,067 - INFO - Fold 1, Epoch 10: Val Acc: 0.41%
2025-08-14 23:11:42,723 - INFO - Fold 1, Epoch 20: Val Acc: 0.53%
2025-08-14 23:11:49,577 - INFO - Fold 1, Epoch 30: Val Acc: 0.75%
2025-08-14 23:11:54,227 - INFO - Fold 1, Epoch 40: Val Acc: 0.72%
2025-08-14 23:11:58,806 - INFO - Fold 1, Epoch 50: Val Acc: 0.72%
2025-08-14 23:12:05,721 - INFO - Fold 1, Epoch 60: Val Acc: 0.72%
2025-08-14 23:12:08,041 - INFO - Fold 1, Epoch 70: Val Acc: 0.66%
2025-08-14 23:12:10,356 - INFO - Fold 1, Epoch 80: Val Acc: 0.72%
2025-08-14 23:12:12,669 - INFO - Fold 1, Epoch 90: Val Acc: 0.75%
2025-08-14 23:12:14,998 - INFO - Fold 1, Epoch 100: Val Acc: 0.69%
2025-08-14 23:12:17,290 - INFO - Fold 1, Epoch 110: Val Acc: 0.66%
2025-08-14 23:12:19,582 - INFO - Fold 1, Epoch 120: Val Acc: 0.75%
2025-08-14 23:12:21,882 - INFO - Fold 1, Epoch 130: Val Acc: 0.75%
2025-08-14 23:12:24,192 - INFO - Fold 1, Epoch 140: Val Acc: 0.66%
2025-08-14 23:12:26,500 - INFO - Fold 1, Epoch 150: Val Acc: 0.69%
2025-08-14 23:12:28,106 - INFO - Early stopping at epoch 157
2025-08-14 23:12:31,683 - INFO - --- Starting Fold 2/3 ---
2025-08-14 23:12:31,686 - INFO - Generated pairs. Train: 1128 (Positive: 48). Val: 276 (Positive: 24)
2025-08-14 23:12:31,686 - INFO - Starting training for fold 2/3
2025-08-14 23:12:39,735 - INFO - Fold 2, Epoch 10: Val Acc: 0.62%
2025-08-14 23:12:45,025 - INFO - Fold 2, Epoch 20: Val Acc: 0.59%
2025-08-14 23:12:49,798 - INFO - Fold 2, Epoch 30: Val Acc: 0.72%
2025-08-14 23:12:53,444 - INFO - Fold 2, Epoch 40: Val Acc: 0.81%
2025-08-14 23:12:55,682 - INFO - Fold 2, Epoch 50: Val Acc: 0.75%
2025-08-14 23:12:59,320 - INFO - Fold 2, Epoch 60: Val Acc: 0.69%
2025-08-14 23:13:01,539 - INFO - Fold 2, Epoch 70: Val Acc: 0.81%
2025-08-14 23:13:03,757 - INFO - Fold 2, Epoch 80: Val Acc: 0.62%
2025-08-14 23:13:05,976 - INFO - Fold 2, Epoch 90: Val Acc: 0.72%
2025-08-14 23:13:08,198 - INFO - Fold 2, Epoch 100: Val Acc: 0.62%
2025-08-14 23:13:10,502 - INFO - Fold 2, Epoch 110: Val Acc: 0.78%
2025-08-14 23:13:12,754 - INFO - Fold 2, Epoch 120: Val Acc: 0.75%
2025-08-14 23:13:14,987 - INFO - Fold 2, Epoch 130: Val Acc: 0.59%
2025-08-14 23:13:17,201 - INFO - Fold 2, Epoch 140: Val Acc: 0.75%
2025-08-14 23:13:19,430 - INFO - Fold 2, Epoch 150: Val Acc: 0.81%
2025-08-14 23:13:21,197 - INFO - Early stopping at epoch 158
2025-08-14 23:13:22,275 - INFO - --- Starting Fold 3/3 ---
2025-08-14 23:13:22,277 - INFO - Generated pairs. Train: 1128 (Positive: 48). Val: 276 (Positive: 24)
2025-08-14 23:13:22,277 - INFO - Starting training for fold 3/3
2025-08-14 23:13:29,091 - INFO - Fold 3, Epoch 10: Val Acc: 0.50%
2025-08-14 23:13:32,810 - INFO - Fold 3, Epoch 20: Val Acc: 0.66%
2025-08-14 23:13:37,863 - INFO - Fold 3, Epoch 30: Val Acc: 0.62%
2025-08-14 23:13:41,564 - INFO - Fold 3, Epoch 40: Val Acc: 0.84%
2025-08-14 23:13:43,863 - INFO - Fold 3, Epoch 50: Val Acc: 0.78%
2025-08-14 23:13:46,098 - INFO - Fold 3, Epoch 60: Val Acc: 0.72%
2025-08-14 23:13:48,334 - INFO - Fold 3, Epoch 70: Val Acc: 0.84%
2025-08-14 23:13:50,576 - INFO - Fold 3, Epoch 80: Val Acc: 0.66%
2025-08-14 23:13:54,250 - INFO - Fold 3, Epoch 90: Val Acc: 0.56%
2025-08-14 23:13:57,760 - INFO - Fold 3, Epoch 100: Val Acc: 0.78%
2025-08-14 23:13:59,824 - INFO - Fold 3, Epoch 110: Val Acc: 0.81%
2025-08-14 23:14:01,814 - INFO - Fold 3, Epoch 120: Val Acc: 0.84%
2025-08-14 23:14:04,051 - INFO - Fold 3, Epoch 130: Val Acc: 0.66%
2025-08-14 23:14:06,366 - INFO - Fold 3, Epoch 140: Val Acc: 0.72%
2025-08-14 23:14:08,689 - INFO - Fold 3, Epoch 150: Val Acc: 0.56%
2025-08-14 23:14:10,912 - INFO - Fold 3, Epoch 160: Val Acc: 0.78%
2025-08-14 23:14:13,160 - INFO - Fold 3, Epoch 170: Val Acc: 0.66%
2025-08-14 23:14:15,445 - INFO - Fold 3, Epoch 180: Val Acc: 0.78%
2025-08-14 23:14:17,701 - INFO - Fold 3, Epoch 190: Val Acc: 0.75%
2025-08-14 23:14:19,111 - INFO - Early stopping at epoch 197
2025-08-14 23:14:20,145 - INFO - Cross-validation statistics for transformer: {'train_loss': {'mean': np.float64(3.9387081993950734), 'std': np.float64(0.041283321162313404)}, 'train_accuracy': {'mean': np.float64(0.7708333333333334), 'std': np.float64(0.030665836341416113)}, 'val_loss': {'mean': np.float64(4.257309118906657), 'std': np.float64(0.010204222360329387)}, 'val_accuracy': {'mean': np.float64(0.9166666666666666), 'std': np.float64(0.01473139127471974)}, 'epoch': {'mean': np.float64(69.66666666666667), 'std': np.float64(18.624953392931992)}}
[I 2025-08-14 23:14:20,152] Trial 85 finished with value: -0.9166666666666666 and parameters: {'learning_rate': 0.0009964930569107075, 'batch_size': 32, 'num_epochs': 925, 'temperature': 0.32944146140942887, 'embedding_dim': 128, 'hidden_dim': 256, 'dropout': 0.4253012126771004, 'num_layers': 5, 'num_heads': 8, 'noise_enabled': True, 'shift_enabled': False, 'scale_enabled': True, 'crop_enabled': True, 'flip_enabled': False, 'permutation_enabled': False, 'noise_level': 0.05023971740661305, 'crop_size': 0.5140783535148626}. Best is trial 9 with value: -0.9270833333333334.
Actual device being used: cuda
Attempting to load data from: /vol/ecrg-solar/woodj4/fishy-business/data/REIMS.xlsx
Trial 85 finished with value: -0.9166666666666666 and parameters: {'learning_rate': 0.0009964930569107075, 'batch_size': 32, 'num_epochs': 925, 'temperature': 0.32944146140942887, 'embedding_dim': 128, 'hidden_dim': 256, 'dropout': 0.4253012126771004, 'num_layers': 5, 'num_heads': 8, 'noise_enabled': True, 'shift_enabled': False, 'scale_enabled': True, 'crop_enabled': True, 'flip_enabled': False, 'permutation_enabled': False, 'noise_level': 0.05023971740661305, 'crop_size': 0.5140783535148626}. Best is trial 9 with value: -0.9270833333333334.
2025-08-14 23:14:20,185 - INFO - Using device: cuda
2025-08-14 23:14:30,557 - INFO - --- Starting Fold 1/3 ---
2025-08-14 23:14:30,568 - INFO - Generated pairs. Train: 1128 (Positive: 48). Val: 276 (Positive: 24)
2025-08-14 23:14:30,568 - INFO - Starting training for fold 1/3
2025-08-14 23:14:40,829 - INFO - Fold 1, Epoch 10: Val Acc: 0.53%
2025-08-14 23:14:48,204 - INFO - Fold 1, Epoch 20: Val Acc: 0.50%
2025-08-14 23:14:50,662 - INFO - Fold 1, Epoch 30: Val Acc: 0.50%
2025-08-14 23:14:55,742 - INFO - Fold 1, Epoch 40: Val Acc: 0.69%
2025-08-14 23:14:58,183 - INFO - Fold 1, Epoch 50: Val Acc: 0.78%
2025-08-14 23:15:03,395 - INFO - Fold 1, Epoch 60: Val Acc: 0.59%
2025-08-14 23:15:05,848 - INFO - Fold 1, Epoch 70: Val Acc: 0.72%
2025-08-14 23:15:08,221 - INFO - Fold 1, Epoch 80: Val Acc: 0.72%
2025-08-14 23:15:10,088 - INFO - Fold 1, Epoch 90: Val Acc: 0.66%
2025-08-14 23:15:12,341 - INFO - Fold 1, Epoch 100: Val Acc: 0.72%
2025-08-14 23:15:14,782 - INFO - Fold 1, Epoch 110: Val Acc: 0.72%
2025-08-14 23:15:17,226 - INFO - Fold 1, Epoch 120: Val Acc: 0.72%
2025-08-14 23:15:19,684 - INFO - Fold 1, Epoch 130: Val Acc: 0.66%
2025-08-14 23:15:22,137 - INFO - Fold 1, Epoch 140: Val Acc: 0.62%
2025-08-14 23:15:24,590 - INFO - Fold 1, Epoch 150: Val Acc: 0.72%
2025-08-14 23:15:26,303 - INFO - Early stopping at epoch 157
2025-08-14 23:15:30,018 - INFO - --- Starting Fold 2/3 ---
2025-08-14 23:15:30,030 - INFO - Generated pairs. Train: 1128 (Positive: 48). Val: 276 (Positive: 24)
2025-08-14 23:15:30,031 - INFO - Starting training for fold 2/3
2025-08-14 23:15:37,471 - INFO - Fold 2, Epoch 10: Val Acc: 0.56%
2025-08-14 23:15:45,116 - INFO - Fold 2, Epoch 20: Val Acc: 0.62%
2025-08-14 23:15:47,633 - INFO - Fold 2, Epoch 30: Val Acc: 0.72%
2025-08-14 23:15:51,764 - INFO - Fold 2, Epoch 40: Val Acc: 0.72%
2025-08-14 23:15:54,215 - INFO - Fold 2, Epoch 50: Val Acc: 0.84%
2025-08-14 23:15:56,652 - INFO - Fold 2, Epoch 60: Val Acc: 0.69%
2025-08-14 23:15:59,083 - INFO - Fold 2, Epoch 70: Val Acc: 0.75%
2025-08-14 23:16:03,143 - INFO - Fold 2, Epoch 80: Val Acc: 0.72%
2025-08-14 23:16:05,006 - INFO - Fold 2, Epoch 90: Val Acc: 0.72%
2025-08-14 23:16:06,870 - INFO - Fold 2, Epoch 100: Val Acc: 0.59%
2025-08-14 23:16:08,802 - INFO - Fold 2, Epoch 110: Val Acc: 0.69%
2025-08-14 23:16:10,661 - INFO - Fold 2, Epoch 120: Val Acc: 0.69%
2025-08-14 23:16:12,797 - INFO - Fold 2, Epoch 130: Val Acc: 0.75%
2025-08-14 23:16:14,828 - INFO - Fold 2, Epoch 140: Val Acc: 0.78%
2025-08-14 23:16:17,316 - INFO - Fold 2, Epoch 150: Val Acc: 0.91%
2025-08-14 23:16:19,785 - INFO - Fold 2, Epoch 160: Val Acc: 0.75%
2025-08-14 23:16:22,233 - INFO - Fold 2, Epoch 170: Val Acc: 0.81%
2025-08-14 23:16:23,246 - INFO - Early stopping at epoch 174
2025-08-14 23:16:26,378 - INFO - --- Starting Fold 3/3 ---
2025-08-14 23:16:26,381 - INFO - Generated pairs. Train: 1128 (Positive: 48). Val: 276 (Positive: 24)
2025-08-14 23:16:26,381 - INFO - Starting training for fold 3/3
2025-08-14 23:16:34,081 - INFO - Fold 3, Epoch 10: Val Acc: 0.59%
2025-08-14 23:16:36,641 - INFO - Fold 3, Epoch 20: Val Acc: 0.69%
2025-08-14 23:16:39,165 - INFO - Fold 3, Epoch 30: Val Acc: 0.78%
2025-08-14 23:16:41,687 - INFO - Fold 3, Epoch 40: Val Acc: 0.72%
2025-08-14 23:16:45,833 - INFO - Fold 3, Epoch 50: Val Acc: 0.69%
2025-08-14 23:16:49,869 - INFO - Fold 3, Epoch 60: Val Acc: 0.88%
2025-08-14 23:16:52,481 - INFO - Fold 3, Epoch 70: Val Acc: 0.84%
2025-08-14 23:16:54,990 - INFO - Fold 3, Epoch 80: Val Acc: 0.69%
2025-08-14 23:16:57,433 - INFO - Fold 3, Epoch 90: Val Acc: 0.84%
2025-08-14 23:16:59,874 - INFO - Fold 3, Epoch 100: Val Acc: 0.72%
2025-08-14 23:17:02,328 - INFO - Fold 3, Epoch 110: Val Acc: 0.81%
2025-08-14 23:17:04,787 - INFO - Fold 3, Epoch 120: Val Acc: 0.72%
2025-08-14 23:17:07,261 - INFO - Fold 3, Epoch 130: Val Acc: 0.59%
2025-08-14 23:17:09,825 - INFO - Fold 3, Epoch 140: Val Acc: 0.66%
2025-08-14 23:17:12,395 - INFO - Fold 3, Epoch 150: Val Acc: 0.75%
2025-08-14 23:17:15,025 - INFO - Early stopping at epoch 160
2025-08-14 23:17:16,298 - INFO - Cross-validation statistics for transformer: {'train_loss': {'mean': np.float64(3.9206065866682263), 'std': np.float64(0.018406263711943895)}, 'train_accuracy': {'mean': np.float64(0.7152777777777778), 'std': np.float64(0.024552318791199557)}, 'val_loss': {'mean': np.float64(4.213697115580241), 'std': np.float64(0.08035891436724407)}, 'val_accuracy': {'mean': np.float64(0.8854166666666666), 'std': np.float64(0.01473139127471974)}, 'epoch': {'mean': np.float64(62.666666666666664), 'std': np.float64(7.408703590297622)}}
[I 2025-08-14 23:17:16,305] Trial 86 finished with value: -0.8854166666666666 and parameters: {'learning_rate': 0.0008021744569060321, 'batch_size': 32, 'num_epochs': 964, 'temperature': 0.27368630873958677, 'embedding_dim': 128, 'hidden_dim': 256, 'dropout': 0.3092371122351169, 'num_layers': 6, 'num_heads': 8, 'noise_enabled': True, 'shift_enabled': False, 'scale_enabled': True, 'crop_enabled': True, 'flip_enabled': False, 'permutation_enabled': False, 'noise_level': 0.06295819085040885, 'crop_size': 0.5477361605591952}. Best is trial 9 with value: -0.9270833333333334.
Actual device being used: cuda
Attempting to load data from: /vol/ecrg-solar/woodj4/fishy-business/data/REIMS.xlsx
