Trial 133 finished with value: -0.8541666666666666 and parameters: {'learning_rate': 0.000670385373838823, 'batch_size': 32, 'num_epochs': 800, 'temperature': 0.11342914864439596, 'embedding_dim': 128, 'hidden_dim': 256, 'dropout': 0.32315303137998885, 'num_layers': 4, 'num_heads': 8, 'noise_enabled': True, 'shift_enabled': False, 'scale_enabled': True, 'crop_enabled': True, 'flip_enabled': False, 'permutation_enabled': False, 'noise_level': 0.19691504807165378, 'crop_size': 0.822882858792596}. Best is trial 92 with value: -0.9479166666666666.
2025-08-15 01:28:46,220 - INFO - Using device: cuda
2025-08-15 01:28:56,248 - INFO - --- Starting Fold 1/3 ---
2025-08-15 01:28:56,249 - INFO - Generated pairs. Train: 1128 (Positive: 48). Val: 276 (Positive: 24)
2025-08-15 01:28:56,250 - INFO - Starting training for fold 1/3
2025-08-15 01:29:03,749 - INFO - Fold 1, Epoch 10: Val Acc: 0.34%
2025-08-15 01:29:05,746 - INFO - Fold 1, Epoch 20: Val Acc: 0.56%
2025-08-15 01:29:09,465 - INFO - Fold 1, Epoch 30: Val Acc: 0.81%
2025-08-15 01:29:11,568 - INFO - Fold 1, Epoch 40: Val Acc: 0.69%
2025-08-15 01:29:15,463 - INFO - Fold 1, Epoch 50: Val Acc: 0.69%
2025-08-15 01:29:17,475 - INFO - Fold 1, Epoch 60: Val Acc: 0.72%
2025-08-15 01:29:19,488 - INFO - Fold 1, Epoch 70: Val Acc: 0.75%
2025-08-15 01:29:21,484 - INFO - Fold 1, Epoch 80: Val Acc: 0.69%
2025-08-15 01:29:23,230 - INFO - Fold 1, Epoch 90: Val Acc: 0.59%
2025-08-15 01:29:24,795 - INFO - Fold 1, Epoch 100: Val Acc: 0.84%
2025-08-15 01:29:26,360 - INFO - Fold 1, Epoch 110: Val Acc: 0.72%
2025-08-15 01:29:27,915 - INFO - Fold 1, Epoch 120: Val Acc: 0.72%
2025-08-15 01:29:29,471 - INFO - Fold 1, Epoch 130: Val Acc: 0.56%
2025-08-15 01:29:31,399 - INFO - Fold 1, Epoch 140: Val Acc: 0.75%
2025-08-15 01:29:32,592 - INFO - Early stopping at epoch 146
2025-08-15 01:29:35,546 - INFO - --- Starting Fold 2/3 ---
2025-08-15 01:29:35,549 - INFO - Generated pairs. Train: 1128 (Positive: 48). Val: 276 (Positive: 24)
2025-08-15 01:29:35,550 - INFO - Starting training for fold 2/3
2025-08-15 01:29:39,822 - INFO - Fold 2, Epoch 10: Val Acc: 0.59%
2025-08-15 01:29:45,101 - INFO - Fold 2, Epoch 20: Val Acc: 0.56%
2025-08-15 01:29:48,314 - INFO - Fold 2, Epoch 30: Val Acc: 0.75%
2025-08-15 01:29:52,716 - INFO - Fold 2, Epoch 40: Val Acc: 0.78%
2025-08-15 01:29:54,725 - INFO - Fold 2, Epoch 50: Val Acc: 0.75%
2025-08-15 01:29:56,658 - INFO - Fold 2, Epoch 60: Val Acc: 0.69%
2025-08-15 01:29:58,437 - INFO - Fold 2, Epoch 70: Val Acc: 0.66%
2025-08-15 01:30:00,457 - INFO - Fold 2, Epoch 80: Val Acc: 0.69%
2025-08-15 01:30:03,597 - INFO - Fold 2, Epoch 90: Val Acc: 0.81%
2025-08-15 01:30:05,599 - INFO - Fold 2, Epoch 100: Val Acc: 0.81%
2025-08-15 01:30:07,604 - INFO - Fold 2, Epoch 110: Val Acc: 0.81%
2025-08-15 01:30:10,669 - INFO - Fold 2, Epoch 120: Val Acc: 0.62%
2025-08-15 01:30:12,591 - INFO - Fold 2, Epoch 130: Val Acc: 0.75%
2025-08-15 01:30:15,739 - INFO - Fold 2, Epoch 140: Val Acc: 0.72%
2025-08-15 01:30:17,523 - INFO - Fold 2, Epoch 150: Val Acc: 0.78%
2025-08-15 01:30:19,487 - INFO - Fold 2, Epoch 160: Val Acc: 0.81%
2025-08-15 01:30:21,498 - INFO - Fold 2, Epoch 170: Val Acc: 0.75%
2025-08-15 01:30:23,511 - INFO - Fold 2, Epoch 180: Val Acc: 0.78%
2025-08-15 01:30:25,525 - INFO - Fold 2, Epoch 190: Val Acc: 0.62%
2025-08-15 01:30:27,528 - INFO - Fold 2, Epoch 200: Val Acc: 0.78%
2025-08-15 01:30:29,578 - INFO - Fold 2, Epoch 210: Val Acc: 0.59%
2025-08-15 01:30:31,670 - INFO - Fold 2, Epoch 220: Val Acc: 0.81%
2025-08-15 01:30:33,765 - INFO - Fold 2, Epoch 230: Val Acc: 0.69%
2025-08-15 01:30:35,432 - INFO - Early stopping at epoch 238
2025-08-15 01:30:38,043 - INFO - --- Starting Fold 3/3 ---
2025-08-15 01:30:38,045 - INFO - Generated pairs. Train: 1128 (Positive: 48). Val: 276 (Positive: 24)
2025-08-15 01:30:38,045 - INFO - Starting training for fold 3/3
2025-08-15 01:30:45,258 - INFO - Fold 3, Epoch 10: Val Acc: 0.47%
2025-08-15 01:30:49,827 - INFO - Fold 3, Epoch 20: Val Acc: 0.75%
2025-08-15 01:30:51,929 - INFO - Fold 3, Epoch 30: Val Acc: 0.78%
2025-08-15 01:30:56,395 - INFO - Fold 3, Epoch 40: Val Acc: 0.78%
2025-08-15 01:30:58,254 - INFO - Fold 3, Epoch 50: Val Acc: 0.72%
2025-08-15 01:31:00,188 - INFO - Fold 3, Epoch 60: Val Acc: 0.66%
2025-08-15 01:31:03,597 - INFO - Fold 3, Epoch 70: Val Acc: 0.62%
2025-08-15 01:31:05,684 - INFO - Fold 3, Epoch 80: Val Acc: 0.72%
2025-08-15 01:31:07,754 - INFO - Fold 3, Epoch 90: Val Acc: 0.78%
2025-08-15 01:31:09,762 - INFO - Fold 3, Epoch 100: Val Acc: 0.72%
2025-08-15 01:31:11,588 - INFO - Fold 3, Epoch 110: Val Acc: 0.78%
2025-08-15 01:31:13,144 - INFO - Fold 3, Epoch 120: Val Acc: 0.78%
2025-08-15 01:31:14,888 - INFO - Fold 3, Epoch 130: Val Acc: 0.81%
2025-08-15 01:31:16,639 - INFO - Fold 3, Epoch 140: Val Acc: 0.66%
2025-08-15 01:31:18,198 - INFO - Fold 3, Epoch 150: Val Acc: 0.69%
2025-08-15 01:31:19,752 - INFO - Fold 3, Epoch 160: Val Acc: 0.66%
2025-08-15 01:31:20,372 - INFO - Early stopping at epoch 164
2025-08-15 01:31:21,225 - INFO - Cross-validation statistics for transformer: {'train_loss': {'mean': np.float64(3.9489711920420327), 'std': np.float64(0.014853120090925294)}, 'train_accuracy': {'mean': np.float64(0.7395833333333334), 'std': np.float64(0.06133167268283228)}, 'val_loss': {'mean': np.float64(4.261619408925374), 'std': np.float64(0.07433515773340815)}, 'val_accuracy': {'mean': np.float64(0.9166666666666666), 'std': np.float64(0.02946278254943948)}, 'epoch': {'mean': np.float64(81.66666666666667), 'std': np.float64(39.81066300488964)}}
[I 2025-08-15 01:31:21,231] Trial 134 finished with value: -0.9166666666666666 and parameters: {'learning_rate': 0.0006129871141073852, 'batch_size': 32, 'num_epochs': 846, 'temperature': 0.4404415715680731, 'embedding_dim': 128, 'hidden_dim': 256, 'dropout': 0.3691649289181529, 'num_layers': 4, 'num_heads': 8, 'noise_enabled': True, 'shift_enabled': False, 'scale_enabled': True, 'crop_enabled': True, 'flip_enabled': False, 'permutation_enabled': False, 'noise_level': 0.14368716995609482, 'crop_size': 0.5653023176277074}. Best is trial 92 with value: -0.9479166666666666.
Actual device being used: cuda
Attempting to load data from: /vol/ecrg-solar/woodj4/fishy-business/data/REIMS.xlsx
Trial 134 finished with value: -0.9166666666666666 and parameters: {'learning_rate': 0.0006129871141073852, 'batch_size': 32, 'num_epochs': 846, 'temperature': 0.4404415715680731, 'embedding_dim': 128, 'hidden_dim': 256, 'dropout': 0.3691649289181529, 'num_layers': 4, 'num_heads': 8, 'noise_enabled': True, 'shift_enabled': False, 'scale_enabled': True, 'crop_enabled': True, 'flip_enabled': False, 'permutation_enabled': False, 'noise_level': 0.14368716995609482, 'crop_size': 0.5653023176277074}. Best is trial 92 with value: -0.9479166666666666.
2025-08-15 01:31:21,269 - INFO - Using device: cuda
2025-08-15 01:31:31,121 - INFO - --- Starting Fold 1/3 ---
2025-08-15 01:31:31,123 - INFO - Generated pairs. Train: 1128 (Positive: 48). Val: 276 (Positive: 24)
2025-08-15 01:31:31,123 - INFO - Starting training for fold 1/3
2025-08-15 01:31:39,872 - INFO - Fold 1, Epoch 10: Val Acc: 0.50%
2025-08-15 01:31:44,271 - INFO - Fold 1, Epoch 20: Val Acc: 0.66%
2025-08-15 01:31:50,423 - INFO - Fold 1, Epoch 30: Val Acc: 0.72%
2025-08-15 01:31:54,823 - INFO - Fold 1, Epoch 40: Val Acc: 0.72%
2025-08-15 01:31:56,955 - INFO - Fold 1, Epoch 50: Val Acc: 0.81%
2025-08-15 01:31:59,082 - INFO - Fold 1, Epoch 60: Val Acc: 0.69%
2025-08-15 01:32:01,206 - INFO - Fold 1, Epoch 70: Val Acc: 0.66%
2025-08-15 01:32:03,328 - INFO - Fold 1, Epoch 80: Val Acc: 0.66%
2025-08-15 01:32:05,446 - INFO - Fold 1, Epoch 90: Val Acc: 0.72%
2025-08-15 01:32:07,580 - INFO - Fold 1, Epoch 100: Val Acc: 0.56%
2025-08-15 01:32:09,428 - INFO - Fold 1, Epoch 110: Val Acc: 0.75%
2025-08-15 01:32:11,317 - INFO - Fold 1, Epoch 120: Val Acc: 0.75%
2025-08-15 01:32:13,148 - INFO - Fold 1, Epoch 130: Val Acc: 0.75%
2025-08-15 01:32:13,677 - INFO - Early stopping at epoch 133
2025-08-15 01:32:17,358 - INFO - --- Starting Fold 2/3 ---
2025-08-15 01:32:17,361 - INFO - Generated pairs. Train: 1128 (Positive: 48). Val: 276 (Positive: 24)
2025-08-15 01:32:17,361 - INFO - Starting training for fold 2/3
2025-08-15 01:32:22,326 - INFO - Fold 2, Epoch 10: Val Acc: 0.59%
2025-08-15 01:32:27,181 - INFO - Fold 2, Epoch 20: Val Acc: 0.81%
2025-08-15 01:32:29,283 - INFO - Fold 2, Epoch 30: Val Acc: 0.66%
2025-08-15 01:32:32,696 - INFO - Fold 2, Epoch 40: Val Acc: 0.81%
2025-08-15 01:32:34,823 - INFO - Fold 2, Epoch 50: Val Acc: 0.75%
2025-08-15 01:32:38,389 - INFO - Fold 2, Epoch 60: Val Acc: 0.66%
2025-08-15 01:32:40,176 - INFO - Fold 2, Epoch 70: Val Acc: 0.84%
2025-08-15 01:32:42,225 - INFO - Fold 2, Epoch 80: Val Acc: 0.84%
2025-08-15 01:32:45,758 - INFO - Fold 2, Epoch 90: Val Acc: 0.78%
2025-08-15 01:32:47,952 - INFO - Fold 2, Epoch 100: Val Acc: 0.75%
2025-08-15 01:32:50,009 - INFO - Fold 2, Epoch 110: Val Acc: 0.53%
2025-08-15 01:32:51,866 - INFO - Fold 2, Epoch 120: Val Acc: 0.81%
2025-08-15 01:32:53,711 - INFO - Fold 2, Epoch 130: Val Acc: 0.72%
2025-08-15 01:32:55,521 - INFO - Fold 2, Epoch 140: Val Acc: 0.78%
2025-08-15 01:32:57,344 - INFO - Fold 2, Epoch 150: Val Acc: 0.78%
2025-08-15 01:32:59,190 - INFO - Fold 2, Epoch 160: Val Acc: 0.75%
2025-08-15 01:33:01,043 - INFO - Fold 2, Epoch 170: Val Acc: 0.69%
2025-08-15 01:33:03,100 - INFO - Fold 2, Epoch 180: Val Acc: 0.84%
2025-08-15 01:33:04,383 - INFO - Early stopping at epoch 186
2025-08-15 01:33:07,441 - INFO - --- Starting Fold 3/3 ---
2025-08-15 01:33:07,444 - INFO - Generated pairs. Train: 1128 (Positive: 48). Val: 276 (Positive: 24)
2025-08-15 01:33:07,444 - INFO - Starting training for fold 3/3
2025-08-15 01:33:11,240 - INFO - Fold 3, Epoch 10: Val Acc: 0.62%
2025-08-15 01:33:16,173 - INFO - Fold 3, Epoch 20: Val Acc: 0.62%
2025-08-15 01:33:19,587 - INFO - Fold 3, Epoch 30: Val Acc: 0.72%
2025-08-15 01:33:21,706 - INFO - Fold 3, Epoch 40: Val Acc: 0.78%
2025-08-15 01:33:25,333 - INFO - Fold 3, Epoch 50: Val Acc: 0.84%
2025-08-15 01:33:27,447 - INFO - Fold 3, Epoch 60: Val Acc: 0.81%
2025-08-15 01:33:29,384 - INFO - Fold 3, Epoch 70: Val Acc: 0.72%
2025-08-15 01:33:31,185 - INFO - Fold 3, Epoch 80: Val Acc: 0.84%
2025-08-15 01:33:33,015 - INFO - Fold 3, Epoch 90: Val Acc: 0.59%
2025-08-15 01:33:36,275 - INFO - Fold 3, Epoch 100: Val Acc: 0.78%
2025-08-15 01:33:38,103 - INFO - Fold 3, Epoch 110: Val Acc: 0.69%
2025-08-15 01:33:40,065 - INFO - Fold 3, Epoch 120: Val Acc: 0.81%
2025-08-15 01:33:42,174 - INFO - Fold 3, Epoch 130: Val Acc: 0.72%
2025-08-15 01:33:44,285 - INFO - Fold 3, Epoch 140: Val Acc: 0.59%
2025-08-15 01:33:46,392 - INFO - Fold 3, Epoch 150: Val Acc: 0.72%
2025-08-15 01:33:48,169 - INFO - Fold 3, Epoch 160: Val Acc: 0.69%
2025-08-15 01:33:50,120 - INFO - Fold 3, Epoch 170: Val Acc: 0.78%
2025-08-15 01:33:52,235 - INFO - Fold 3, Epoch 180: Val Acc: 0.75%
2025-08-15 01:33:54,354 - INFO - Fold 3, Epoch 190: Val Acc: 0.66%
2025-08-15 01:33:54,568 - INFO - Early stopping at epoch 191
2025-08-15 01:33:55,655 - INFO - Cross-validation statistics for transformer: {'train_loss': {'mean': np.float64(3.955666409598456), 'std': np.float64(0.05461069653370657)}, 'train_accuracy': {'mean': np.float64(0.7361111111111112), 'std': np.float64(0.04280843057617347)}, 'val_loss': {'mean': np.float64(4.205753008524577), 'std': np.float64(0.05073944996775464)}, 'val_accuracy': {'mean': np.float64(0.8958333333333334), 'std': np.float64(0.01473139127471974)}, 'epoch': {'mean': np.float64(69.0), 'std': np.float64(26.242459234352765)}}
[I 2025-08-15 01:33:55,661] Trial 135 finished with value: -0.8958333333333334 and parameters: {'learning_rate': 0.0007205489375118475, 'batch_size': 32, 'num_epochs': 575, 'temperature': 0.4158075358299181, 'embedding_dim': 128, 'hidden_dim': 256, 'dropout': 0.30165192498548865, 'num_layers': 5, 'num_heads': 8, 'noise_enabled': False, 'shift_enabled': False, 'scale_enabled': True, 'crop_enabled': True, 'flip_enabled': False, 'permutation_enabled': False, 'crop_size': 0.5529575610489514}. Best is trial 92 with value: -0.9479166666666666.
Actual device being used: cuda
Attempting to load data from: /vol/ecrg-solar/woodj4/fishy-business/data/REIMS.xlsx
Trial 135 finished with value: -0.8958333333333334 and parameters: {'learning_rate': 0.0007205489375118475, 'batch_size': 32, 'num_epochs': 575, 'temperature': 0.4158075358299181, 'embedding_dim': 128, 'hidden_dim': 256, 'dropout': 0.30165192498548865, 'num_layers': 5, 'num_heads': 8, 'noise_enabled': False, 'shift_enabled': False, 'scale_enabled': True, 'crop_enabled': True, 'flip_enabled': False, 'permutation_enabled': False, 'crop_size': 0.5529575610489514}. Best is trial 92 with value: -0.9479166666666666.
2025-08-15 01:33:55,701 - INFO - Using device: cuda
2025-08-15 01:34:05,269 - INFO - --- Starting Fold 1/3 ---
2025-08-15 01:34:05,274 - INFO - Generated pairs. Train: 1128 (Positive: 48). Val: 276 (Positive: 24)
2025-08-15 01:34:05,274 - INFO - Starting training for fold 1/3
/usr/pkg/lib/python3.12/site-packages/torch/optim/lr_scheduler.py:227: UserWarning: Detected call of `lr_scheduler.step()` before `optimizer.step()`. In PyTorch 1.1.0 and later, you should call them in the opposite order: `optimizer.step()` before `lr_scheduler.step()`.  Failure to do this will result in PyTorch skipping the first value of the learning rate schedule. See more details at https://pytorch.org/docs/stable/optim.html#how-to-adjust-learning-rate
  warnings.warn(
2025-08-15 01:34:11,564 - INFO - Fold 1, Epoch 10: Val Acc: 0.56%
2025-08-15 01:34:15,980 - INFO - Fold 1, Epoch 20: Val Acc: 0.62%
2025-08-15 01:34:17,385 - INFO - Fold 1, Epoch 30: Val Acc: 0.75%
2025-08-15 01:34:18,815 - INFO - Fold 1, Epoch 40: Val Acc: 0.47%
2025-08-15 01:34:20,367 - INFO - Fold 1, Epoch 50: Val Acc: 0.56%
2025-08-15 01:34:23,521 - INFO - Fold 1, Epoch 60: Val Acc: 0.78%
2025-08-15 01:34:25,405 - INFO - Fold 1, Epoch 70: Val Acc: 0.75%
2025-08-15 01:34:27,201 - INFO - Fold 1, Epoch 80: Val Acc: 0.66%
2025-08-15 01:34:28,998 - INFO - Fold 1, Epoch 90: Val Acc: 0.66%
2025-08-15 01:34:30,795 - INFO - Fold 1, Epoch 100: Val Acc: 0.69%
2025-08-15 01:34:32,585 - INFO - Fold 1, Epoch 110: Val Acc: 0.62%
2025-08-15 01:34:35,806 - INFO - Fold 1, Epoch 120: Val Acc: 0.69%
2025-08-15 01:34:37,580 - INFO - Fold 1, Epoch 130: Val Acc: 0.59%
2025-08-15 01:34:39,364 - INFO - Fold 1, Epoch 140: Val Acc: 0.78%
2025-08-15 01:34:42,549 - INFO - Fold 1, Epoch 150: Val Acc: 0.72%
2025-08-15 01:34:44,328 - INFO - Fold 1, Epoch 160: Val Acc: 0.84%
2025-08-15 01:34:46,111 - INFO - Fold 1, Epoch 170: Val Acc: 0.62%
2025-08-15 01:34:47,909 - INFO - Fold 1, Epoch 180: Val Acc: 0.78%
2025-08-15 01:34:49,688 - INFO - Fold 1, Epoch 190: Val Acc: 0.66%
2025-08-15 01:34:51,480 - INFO - Fold 1, Epoch 200: Val Acc: 0.66%
2025-08-15 01:34:52,878 - INFO - Fold 1, Epoch 210: Val Acc: 0.81%
2025-08-15 01:34:54,536 - INFO - Fold 1, Epoch 220: Val Acc: 0.75%
2025-08-15 01:34:56,329 - INFO - Fold 1, Epoch 230: Val Acc: 0.53%
2025-08-15 01:34:58,110 - INFO - Fold 1, Epoch 240: Val Acc: 0.72%
2025-08-15 01:34:58,464 - INFO - Early stopping at epoch 242
2025-08-15 01:35:00,673 - INFO - --- Starting Fold 2/3 ---
2025-08-15 01:35:00,676 - INFO - Generated pairs. Train: 1128 (Positive: 48). Val: 276 (Positive: 24)
2025-08-15 01:35:00,676 - INFO - Starting training for fold 2/3
/usr/pkg/lib/python3.12/site-packages/torch/optim/lr_scheduler.py:227: UserWarning: Detected call of `lr_scheduler.step()` before `optimizer.step()`. In PyTorch 1.1.0 and later, you should call them in the opposite order: `optimizer.step()` before `lr_scheduler.step()`.  Failure to do this will result in PyTorch skipping the first value of the learning rate schedule. See more details at https://pytorch.org/docs/stable/optim.html#how-to-adjust-learning-rate
  warnings.warn(
2025-08-15 01:35:06,632 - INFO - Fold 2, Epoch 10: Val Acc: 0.56%
2025-08-15 01:35:08,952 - INFO - Fold 2, Epoch 20: Val Acc: 0.50%
2025-08-15 01:35:10,353 - INFO - Fold 2, Epoch 30: Val Acc: 0.69%
2025-08-15 01:35:11,752 - INFO - Fold 2, Epoch 40: Val Acc: 0.50%
2025-08-15 01:35:15,272 - INFO - Fold 2, Epoch 50: Val Acc: 0.66%
2025-08-15 01:35:17,070 - INFO - Fold 2, Epoch 60: Val Acc: 0.69%
2025-08-15 01:35:18,846 - INFO - Fold 2, Epoch 70: Val Acc: 0.53%
2025-08-15 01:35:20,620 - INFO - Fold 2, Epoch 80: Val Acc: 0.81%
2025-08-15 01:35:22,404 - INFO - Fold 2, Epoch 90: Val Acc: 0.88%
2025-08-15 01:35:24,194 - INFO - Fold 2, Epoch 100: Val Acc: 0.75%
2025-08-15 01:35:25,984 - INFO - Fold 2, Epoch 110: Val Acc: 0.69%
2025-08-15 01:35:27,776 - INFO - Fold 2, Epoch 120: Val Acc: 0.88%
2025-08-15 01:35:29,578 - INFO - Fold 2, Epoch 130: Val Acc: 0.66%
2025-08-15 01:35:31,371 - INFO - Fold 2, Epoch 140: Val Acc: 0.81%
2025-08-15 01:35:32,446 - INFO - Early stopping at epoch 146
2025-08-15 01:35:34,346 - INFO - --- Starting Fold 3/3 ---
2025-08-15 01:35:34,349 - INFO - Generated pairs. Train: 1128 (Positive: 48). Val: 276 (Positive: 24)
2025-08-15 01:35:34,350 - INFO - Starting training for fold 3/3
/usr/pkg/lib/python3.12/site-packages/torch/optim/lr_scheduler.py:227: UserWarning: Detected call of `lr_scheduler.step()` before `optimizer.step()`. In PyTorch 1.1.0 and later, you should call them in the opposite order: `optimizer.step()` before `lr_scheduler.step()`.  Failure to do this will result in PyTorch skipping the first value of the learning rate schedule. See more details at https://pytorch.org/docs/stable/optim.html#how-to-adjust-learning-rate
  warnings.warn(
2025-08-15 01:35:39,173 - INFO - Fold 3, Epoch 10: Val Acc: 0.47%
2025-08-15 01:35:41,879 - INFO - Fold 3, Epoch 20: Val Acc: 0.59%
2025-08-15 01:35:43,672 - INFO - Fold 3, Epoch 30: Val Acc: 0.62%
2025-08-15 01:35:47,379 - INFO - Fold 3, Epoch 40: Val Acc: 0.66%
2025-08-15 01:35:50,084 - INFO - Fold 3, Epoch 50: Val Acc: 0.81%
2025-08-15 01:35:51,701 - INFO - Fold 3, Epoch 60: Val Acc: 0.72%
2025-08-15 01:35:53,324 - INFO - Fold 3, Epoch 70: Val Acc: 0.56%
2025-08-15 01:35:54,948 - INFO - Fold 3, Epoch 80: Val Acc: 0.72%
2025-08-15 01:35:56,593 - INFO - Fold 3, Epoch 90: Val Acc: 0.75%
2025-08-15 01:35:58,316 - INFO - Fold 3, Epoch 100: Val Acc: 0.62%
2025-08-15 01:36:00,168 - INFO - Fold 3, Epoch 110: Val Acc: 0.72%
2025-08-15 01:36:02,021 - INFO - Fold 3, Epoch 120: Val Acc: 0.56%
2025-08-15 01:36:03,867 - INFO - Fold 3, Epoch 130: Val Acc: 0.72%
2025-08-15 01:36:05,722 - INFO - Fold 3, Epoch 140: Val Acc: 0.72%
2025-08-15 01:36:05,904 - INFO - Early stopping at epoch 141
2025-08-15 01:36:06,575 - INFO - Cross-validation statistics for transformer: {'train_loss': {'mean': np.float64(4.105007542504205), 'std': np.float64(0.22351700288945356)}, 'train_accuracy': {'mean': np.float64(0.7465277777777778), 'std': np.float64(0.08172640483291543)}, 'val_loss': {'mean': np.float64(4.730796655019124), 'std': np.float64(0.10426396740925994)}, 'val_accuracy': {'mean': np.float64(0.8645833333333334), 'std': np.float64(0.03897559777889522)}, 'epoch': {'mean': np.float64(75.33333333333333), 'std': np.float64(46.4781908234628)}}
[I 2025-08-15 01:36:06,581] Trial 136 finished with value: -0.8645833333333334 and parameters: {'learning_rate': 0.0009310858777658721, 'batch_size': 32, 'num_epochs': 893, 'temperature': 0.0664867407393159, 'embedding_dim': 128, 'hidden_dim': 256, 'dropout': 0.440798603590381, 'num_layers': 3, 'num_heads': 8, 'noise_enabled': True, 'shift_enabled': False, 'scale_enabled': True, 'crop_enabled': True, 'flip_enabled': False, 'permutation_enabled': False, 'noise_level': 0.1089055212590034, 'crop_size': 0.536294062525757}. Best is trial 92 with value: -0.9479166666666666.
Actual device being used: cuda
Attempting to load data from: /vol/ecrg-solar/woodj4/fishy-business/data/REIMS.xlsx
