Trial 66 finished with value: -0.90625 and parameters: {'learning_rate': 0.00025186556532252934, 'batch_size': 32, 'num_epochs': 878, 'temperature': 0.147146554042903, 'embedding_dim': 512, 'hidden_dim': 256, 'dropout': 0.43263415082827933, 'num_layers': 5, 'num_heads': 2, 'noise_enabled': True, 'shift_enabled': False, 'scale_enabled': False, 'crop_enabled': True, 'flip_enabled': False, 'permutation_enabled': False, 'noise_level': 0.1601288040219481, 'crop_size': 0.5175024140267394}. Best is trial 9 with value: -0.9270833333333334.
2025-08-14 22:18:48,617 - INFO - Using device: cuda
2025-08-14 22:18:58,477 - INFO - --- Starting Fold 1/3 ---
2025-08-14 22:18:58,480 - INFO - Generated pairs. Train: 1128 (Positive: 48). Val: 276 (Positive: 24)
2025-08-14 22:18:58,480 - INFO - Starting training for fold 1/3
/usr/pkg/lib/python3.12/site-packages/torch/optim/lr_scheduler.py:227: UserWarning: Detected call of `lr_scheduler.step()` before `optimizer.step()`. In PyTorch 1.1.0 and later, you should call them in the opposite order: `optimizer.step()` before `lr_scheduler.step()`.  Failure to do this will result in PyTorch skipping the first value of the learning rate schedule. See more details at https://pytorch.org/docs/stable/optim.html#how-to-adjust-learning-rate
  warnings.warn(
2025-08-14 22:19:09,640 - INFO - Fold 1, Epoch 10: Val Acc: 0.66%
2025-08-14 22:19:11,761 - INFO - Fold 1, Epoch 20: Val Acc: 0.62%
2025-08-14 22:19:16,042 - INFO - Fold 1, Epoch 30: Val Acc: 0.62%
2025-08-14 22:19:18,128 - INFO - Fold 1, Epoch 40: Val Acc: 0.50%
2025-08-14 22:19:20,290 - INFO - Fold 1, Epoch 50: Val Acc: 0.62%
2025-08-14 22:19:24,739 - INFO - Fold 1, Epoch 60: Val Acc: 0.50%
2025-08-14 22:19:26,953 - INFO - Fold 1, Epoch 70: Val Acc: 0.72%
2025-08-14 22:19:29,171 - INFO - Fold 1, Epoch 80: Val Acc: 0.56%
2025-08-14 22:19:31,376 - INFO - Fold 1, Epoch 90: Val Acc: 0.53%
2025-08-14 22:19:33,584 - INFO - Fold 1, Epoch 100: Val Acc: 0.47%
2025-08-14 22:19:35,494 - INFO - Fold 1, Epoch 110: Val Acc: 0.56%
2025-08-14 22:19:37,713 - INFO - Fold 1, Epoch 120: Val Acc: 0.78%
2025-08-14 22:19:39,932 - INFO - Fold 1, Epoch 130: Val Acc: 0.62%
2025-08-14 22:19:42,160 - INFO - Fold 1, Epoch 140: Val Acc: 0.72%
2025-08-14 22:19:46,636 - INFO - Fold 1, Epoch 150: Val Acc: 0.72%
2025-08-14 22:19:48,860 - INFO - Fold 1, Epoch 160: Val Acc: 0.69%
2025-08-14 22:19:51,082 - INFO - Fold 1, Epoch 170: Val Acc: 0.62%
2025-08-14 22:19:53,252 - INFO - Fold 1, Epoch 180: Val Acc: 0.56%
2025-08-14 22:19:55,381 - INFO - Fold 1, Epoch 190: Val Acc: 0.59%
2025-08-14 22:19:57,504 - INFO - Fold 1, Epoch 200: Val Acc: 0.66%
2025-08-14 22:19:59,594 - INFO - Fold 1, Epoch 210: Val Acc: 0.62%
2025-08-14 22:20:01,386 - INFO - Fold 1, Epoch 220: Val Acc: 0.53%
2025-08-14 22:20:02,990 - INFO - Fold 1, Epoch 230: Val Acc: 0.66%
2025-08-14 22:20:04,832 - INFO - Fold 1, Epoch 240: Val Acc: 0.66%
2025-08-14 22:20:05,049 - INFO - Early stopping at epoch 241
2025-08-14 22:20:08,549 - INFO - --- Starting Fold 2/3 ---
2025-08-14 22:20:08,552 - INFO - Generated pairs. Train: 1128 (Positive: 48). Val: 276 (Positive: 24)
2025-08-14 22:20:08,553 - INFO - Starting training for fold 2/3
/usr/pkg/lib/python3.12/site-packages/torch/optim/lr_scheduler.py:227: UserWarning: Detected call of `lr_scheduler.step()` before `optimizer.step()`. In PyTorch 1.1.0 and later, you should call them in the opposite order: `optimizer.step()` before `lr_scheduler.step()`.  Failure to do this will result in PyTorch skipping the first value of the learning rate schedule. See more details at https://pytorch.org/docs/stable/optim.html#how-to-adjust-learning-rate
  warnings.warn(
2025-08-14 22:20:14,965 - INFO - Fold 2, Epoch 10: Val Acc: 0.50%
2025-08-14 22:20:17,154 - INFO - Fold 2, Epoch 20: Val Acc: 0.66%
2025-08-14 22:20:20,732 - INFO - Fold 2, Epoch 30: Val Acc: 0.72%
2025-08-14 22:20:22,940 - INFO - Fold 2, Epoch 40: Val Acc: 0.66%
2025-08-14 22:20:26,479 - INFO - Fold 2, Epoch 50: Val Acc: 0.81%
2025-08-14 22:20:28,701 - INFO - Fold 2, Epoch 60: Val Acc: 0.75%
2025-08-14 22:20:30,819 - INFO - Fold 2, Epoch 70: Val Acc: 0.75%
2025-08-14 22:20:34,231 - INFO - Fold 2, Epoch 80: Val Acc: 0.84%
2025-08-14 22:20:37,752 - INFO - Fold 2, Epoch 90: Val Acc: 0.91%
2025-08-14 22:20:39,977 - INFO - Fold 2, Epoch 100: Val Acc: 0.78%
2025-08-14 22:20:43,592 - INFO - Fold 2, Epoch 110: Val Acc: 0.72%
2025-08-14 22:20:45,793 - INFO - Fold 2, Epoch 120: Val Acc: 0.72%
2025-08-14 22:20:47,985 - INFO - Fold 2, Epoch 130: Val Acc: 0.59%
2025-08-14 22:20:50,177 - INFO - Fold 2, Epoch 140: Val Acc: 0.66%
2025-08-14 22:20:52,378 - INFO - Fold 2, Epoch 150: Val Acc: 0.66%
2025-08-14 22:20:54,179 - INFO - Fold 2, Epoch 160: Val Acc: 0.72%
2025-08-14 22:20:55,786 - INFO - Fold 2, Epoch 170: Val Acc: 0.72%
2025-08-14 22:20:57,390 - INFO - Fold 2, Epoch 180: Val Acc: 0.66%
2025-08-14 22:20:59,086 - INFO - Fold 2, Epoch 190: Val Acc: 0.72%
2025-08-14 22:21:01,273 - INFO - Fold 2, Epoch 200: Val Acc: 0.75%
2025-08-14 22:21:02,584 - INFO - Early stopping at epoch 206
2025-08-14 22:21:03,669 - INFO - --- Starting Fold 3/3 ---
2025-08-14 22:21:03,671 - INFO - Generated pairs. Train: 1128 (Positive: 48). Val: 276 (Positive: 24)
2025-08-14 22:21:03,671 - INFO - Starting training for fold 3/3
/usr/pkg/lib/python3.12/site-packages/torch/optim/lr_scheduler.py:227: UserWarning: Detected call of `lr_scheduler.step()` before `optimizer.step()`. In PyTorch 1.1.0 and later, you should call them in the opposite order: `optimizer.step()` before `lr_scheduler.step()`.  Failure to do this will result in PyTorch skipping the first value of the learning rate schedule. See more details at https://pytorch.org/docs/stable/optim.html#how-to-adjust-learning-rate
  warnings.warn(
2025-08-14 22:21:12,044 - INFO - Fold 3, Epoch 10: Val Acc: 0.50%
2025-08-14 22:21:15,596 - INFO - Fold 3, Epoch 20: Val Acc: 0.59%
2025-08-14 22:21:19,234 - INFO - Fold 3, Epoch 30: Val Acc: 0.62%
2025-08-14 22:21:21,361 - INFO - Fold 3, Epoch 40: Val Acc: 0.66%
2025-08-14 22:21:23,478 - INFO - Fold 3, Epoch 50: Val Acc: 0.75%
2025-08-14 22:21:25,604 - INFO - Fold 3, Epoch 60: Val Acc: 0.62%
2025-08-14 22:21:27,724 - INFO - Fold 3, Epoch 70: Val Acc: 0.72%
2025-08-14 22:21:31,264 - INFO - Fold 3, Epoch 80: Val Acc: 0.66%
2025-08-14 22:21:33,389 - INFO - Fold 3, Epoch 90: Val Acc: 0.56%
2025-08-14 22:21:35,498 - INFO - Fold 3, Epoch 100: Val Acc: 0.75%
2025-08-14 22:21:37,613 - INFO - Fold 3, Epoch 110: Val Acc: 0.81%
2025-08-14 22:21:39,730 - INFO - Fold 3, Epoch 120: Val Acc: 0.62%
2025-08-14 22:21:41,850 - INFO - Fold 3, Epoch 130: Val Acc: 0.81%
2025-08-14 22:21:43,969 - INFO - Fold 3, Epoch 140: Val Acc: 0.75%
2025-08-14 22:21:46,080 - INFO - Fold 3, Epoch 150: Val Acc: 0.78%
2025-08-14 22:21:48,199 - INFO - Fold 3, Epoch 160: Val Acc: 0.59%
2025-08-14 22:21:50,333 - INFO - Fold 3, Epoch 170: Val Acc: 0.78%
2025-08-14 22:21:51,383 - INFO - Early stopping at epoch 175
2025-08-14 22:21:52,455 - INFO - Cross-validation statistics for transformer: {'train_loss': {'mean': np.float64(3.854935089747111), 'std': np.float64(0.10125378161062808)}, 'train_accuracy': {'mean': np.float64(0.7916666666666666), 'std': np.float64(0.05577214723683687)}, 'val_loss': {'mean': np.float64(4.498048305511475), 'std': np.float64(0.27926233930350997)}, 'val_accuracy': {'mean': np.float64(0.9166666666666666), 'std': np.float64(0.02946278254943948)}, 'epoch': {'mean': np.float64(106.33333333333333), 'std': np.float64(26.96087700518826)}}
[I 2025-08-14 22:21:52,461] Trial 67 finished with value: -0.9166666666666666 and parameters: {'learning_rate': 0.0007368154500387393, 'batch_size': 32, 'num_epochs': 771, 'temperature': 0.08501158156011264, 'embedding_dim': 128, 'hidden_dim': 256, 'dropout': 0.35910151830235615, 'num_layers': 5, 'num_heads': 8, 'noise_enabled': False, 'shift_enabled': False, 'scale_enabled': True, 'crop_enabled': True, 'flip_enabled': False, 'permutation_enabled': False, 'crop_size': 0.6495615347017443}. Best is trial 9 with value: -0.9270833333333334.
Actual device being used: cuda
Attempting to load data from: /vol/ecrg-solar/woodj4/fishy-business/data/REIMS.xlsx
Trial 67 finished with value: -0.9166666666666666 and parameters: {'learning_rate': 0.0007368154500387393, 'batch_size': 32, 'num_epochs': 771, 'temperature': 0.08501158156011264, 'embedding_dim': 128, 'hidden_dim': 256, 'dropout': 0.35910151830235615, 'num_layers': 5, 'num_heads': 8, 'noise_enabled': False, 'shift_enabled': False, 'scale_enabled': True, 'crop_enabled': True, 'flip_enabled': False, 'permutation_enabled': False, 'crop_size': 0.6495615347017443}. Best is trial 9 with value: -0.9270833333333334.
2025-08-14 22:21:52,490 - INFO - Using device: cuda
2025-08-14 22:22:02,087 - INFO - --- Starting Fold 1/3 ---
2025-08-14 22:22:02,089 - INFO - Generated pairs. Train: 1128 (Positive: 48). Val: 276 (Positive: 24)
2025-08-14 22:22:02,089 - INFO - Starting training for fold 1/3
2025-08-14 22:22:11,686 - INFO - Fold 1, Epoch 10: Val Acc: 0.41%
2025-08-14 22:22:13,681 - INFO - Fold 1, Epoch 20: Val Acc: 0.53%
2025-08-14 22:22:15,690 - INFO - Fold 1, Epoch 30: Val Acc: 0.53%
2025-08-14 22:22:17,454 - INFO - Fold 1, Epoch 40: Val Acc: 0.50%
2025-08-14 22:22:19,022 - INFO - Fold 1, Epoch 50: Val Acc: 0.69%
2025-08-14 22:22:20,923 - INFO - Fold 1, Epoch 60: Val Acc: 0.50%
2025-08-14 22:22:22,955 - INFO - Fold 1, Epoch 70: Val Acc: 0.53%
2025-08-14 22:22:24,975 - INFO - Fold 1, Epoch 80: Val Acc: 0.44%
2025-08-14 22:22:27,010 - INFO - Fold 1, Epoch 90: Val Acc: 0.50%
2025-08-14 22:22:29,049 - INFO - Fold 1, Epoch 100: Val Acc: 0.47%
2025-08-14 22:22:30,260 - INFO - Early stopping at epoch 106
2025-08-14 22:22:33,387 - INFO - --- Starting Fold 2/3 ---
2025-08-14 22:22:33,390 - INFO - Generated pairs. Train: 1128 (Positive: 48). Val: 276 (Positive: 24)
2025-08-14 22:22:33,391 - INFO - Starting training for fold 2/3
2025-08-14 22:22:36,853 - INFO - Fold 2, Epoch 10: Val Acc: 0.56%
2025-08-14 22:22:38,953 - INFO - Fold 2, Epoch 20: Val Acc: 0.44%
2025-08-14 22:22:40,960 - INFO - Fold 2, Epoch 30: Val Acc: 0.38%
2025-08-14 22:22:43,081 - INFO - Fold 2, Epoch 40: Val Acc: 0.59%
2025-08-14 22:22:45,190 - INFO - Fold 2, Epoch 50: Val Acc: 0.53%
2025-08-14 22:22:47,306 - INFO - Fold 2, Epoch 60: Val Acc: 0.53%
2025-08-14 22:22:49,420 - INFO - Fold 2, Epoch 70: Val Acc: 0.47%
2025-08-14 22:22:51,519 - INFO - Fold 2, Epoch 80: Val Acc: 0.34%
2025-08-14 22:22:53,549 - INFO - Fold 2, Epoch 90: Val Acc: 0.53%
2025-08-14 22:22:56,781 - INFO - Fold 2, Epoch 100: Val Acc: 0.53%
2025-08-14 22:22:59,922 - INFO - Fold 2, Epoch 110: Val Acc: 0.69%
2025-08-14 22:23:02,050 - INFO - Fold 2, Epoch 120: Val Acc: 0.56%
2025-08-14 22:23:04,084 - INFO - Fold 2, Epoch 130: Val Acc: 0.47%
2025-08-14 22:23:06,125 - INFO - Fold 2, Epoch 140: Val Acc: 0.34%
2025-08-14 22:23:08,160 - INFO - Fold 2, Epoch 150: Val Acc: 0.47%
2025-08-14 22:23:10,201 - INFO - Fold 2, Epoch 160: Val Acc: 0.62%
2025-08-14 22:23:12,235 - INFO - Fold 2, Epoch 170: Val Acc: 0.56%
2025-08-14 22:23:14,274 - INFO - Fold 2, Epoch 180: Val Acc: 0.50%
2025-08-14 22:23:16,319 - INFO - Fold 2, Epoch 190: Val Acc: 0.50%
2025-08-14 22:23:18,356 - INFO - Fold 2, Epoch 200: Val Acc: 0.44%
2025-08-14 22:23:21,592 - INFO - Fold 2, Epoch 210: Val Acc: 0.56%
2025-08-14 22:23:23,624 - INFO - Fold 2, Epoch 220: Val Acc: 0.66%
2025-08-14 22:23:25,648 - INFO - Fold 2, Epoch 230: Val Acc: 0.38%
2025-08-14 22:23:27,679 - INFO - Fold 2, Epoch 240: Val Acc: 0.47%
2025-08-14 22:23:29,714 - INFO - Fold 2, Epoch 250: Val Acc: 0.44%
2025-08-14 22:23:31,746 - INFO - Fold 2, Epoch 260: Val Acc: 0.56%
2025-08-14 22:23:33,773 - INFO - Fold 2, Epoch 270: Val Acc: 0.47%
2025-08-14 22:23:35,801 - INFO - Fold 2, Epoch 280: Val Acc: 0.53%
2025-08-14 22:23:37,844 - INFO - Fold 2, Epoch 290: Val Acc: 0.47%
2025-08-14 22:23:39,873 - INFO - Fold 2, Epoch 300: Val Acc: 0.47%
2025-08-14 22:23:41,500 - INFO - Early stopping at epoch 308
2025-08-14 22:23:44,054 - INFO - --- Starting Fold 3/3 ---
2025-08-14 22:23:44,057 - INFO - Generated pairs. Train: 1128 (Positive: 48). Val: 276 (Positive: 24)
2025-08-14 22:23:44,057 - INFO - Starting training for fold 3/3
2025-08-14 22:23:50,925 - INFO - Fold 3, Epoch 10: Val Acc: 0.62%
2025-08-14 22:23:53,055 - INFO - Fold 3, Epoch 20: Val Acc: 0.53%
2025-08-14 22:23:55,101 - INFO - Fold 3, Epoch 30: Val Acc: 0.47%
2025-08-14 22:23:57,148 - INFO - Fold 3, Epoch 40: Val Acc: 0.47%
2025-08-14 22:23:59,172 - INFO - Fold 3, Epoch 50: Val Acc: 0.50%
2025-08-14 22:24:02,354 - INFO - Fold 3, Epoch 60: Val Acc: 0.47%
2025-08-14 22:24:04,459 - INFO - Fold 3, Epoch 70: Val Acc: 0.47%
2025-08-14 22:24:06,248 - INFO - Fold 3, Epoch 80: Val Acc: 0.41%
2025-08-14 22:24:07,942 - INFO - Fold 3, Epoch 90: Val Acc: 0.44%
2025-08-14 22:24:09,792 - INFO - Fold 3, Epoch 100: Val Acc: 0.62%
2025-08-14 22:24:11,646 - INFO - Fold 3, Epoch 110: Val Acc: 0.50%
2025-08-14 22:24:13,757 - INFO - Fold 3, Epoch 120: Val Acc: 0.53%
2025-08-14 22:24:15,870 - INFO - Fold 3, Epoch 130: Val Acc: 0.44%
2025-08-14 22:24:17,916 - INFO - Fold 3, Epoch 140: Val Acc: 0.47%
2025-08-14 22:24:19,958 - INFO - Fold 3, Epoch 150: Val Acc: 0.47%
2025-08-14 22:24:20,774 - INFO - Early stopping at epoch 154
2025-08-14 22:24:21,617 - INFO - Cross-validation statistics for transformer: {'train_loss': {'mean': np.float64(4.12899112701416), 'std': np.float64(0.007876044839332345)}, 'train_accuracy': {'mean': np.float64(0.5902777777777778), 'std': np.float64(0.02598373185259682)}, 'val_loss': {'mean': np.float64(4.137072245279948), 'std': np.float64(0.06279504432411154)}, 'val_accuracy': {'mean': np.float64(0.71875), 'std': np.float64(0.02551551815399144)}, 'epoch': {'mean': np.float64(88.33333333333333), 'std': np.float64(86.1677949635993)}}
[I 2025-08-14 22:24:21,623] Trial 68 finished with value: -0.71875 and parameters: {'learning_rate': 0.0005377179361968633, 'batch_size': 32, 'num_epochs': 826, 'temperature': 0.410304951613541, 'embedding_dim': 128, 'hidden_dim': 128, 'dropout': 0.42085075690066864, 'num_layers': 4, 'num_heads': 4, 'noise_enabled': True, 'shift_enabled': False, 'scale_enabled': True, 'crop_enabled': False, 'flip_enabled': False, 'permutation_enabled': True, 'noise_level': 0.18413996793728596}. Best is trial 9 with value: -0.9270833333333334.
Actual device being used: cuda
Attempting to load data from: /vol/ecrg-solar/woodj4/fishy-business/data/REIMS.xlsx
