Trial 165 finished with value: -0.9270833333333334 and parameters: {'learning_rate': 0.0006910912259401272, 'batch_size': 32, 'num_epochs': 853, 'temperature': 0.3260881436484443, 'embedding_dim': 256, 'hidden_dim': 256, 'dropout': 0.25105178600830763, 'num_layers': 5, 'num_heads': 4, 'noise_enabled': True, 'shift_enabled': False, 'scale_enabled': True, 'crop_enabled': True, 'flip_enabled': False, 'permutation_enabled': False, 'noise_level': 0.06010712549552981, 'crop_size': 0.5305166610245561}. Best is trial 92 with value: -0.9479166666666666.
2025-08-15 02:59:59,858 - INFO - Using device: cuda
2025-08-15 03:00:09,442 - INFO - --- Starting Fold 1/3 ---
2025-08-15 03:00:09,443 - INFO - Generated pairs. Train: 1128 (Positive: 48). Val: 276 (Positive: 24)
2025-08-15 03:00:09,444 - INFO - Starting training for fold 1/3
2025-08-15 03:00:18,412 - INFO - Fold 1, Epoch 10: Val Acc: 0.69%
2025-08-15 03:00:22,887 - INFO - Fold 1, Epoch 20: Val Acc: 0.78%
2025-08-15 03:00:25,238 - INFO - Fold 1, Epoch 30: Val Acc: 0.69%
2025-08-15 03:00:29,785 - INFO - Fold 1, Epoch 40: Val Acc: 0.72%
2025-08-15 03:00:34,417 - INFO - Fold 1, Epoch 50: Val Acc: 0.66%
2025-08-15 03:00:36,663 - INFO - Fold 1, Epoch 60: Val Acc: 0.66%
2025-08-15 03:00:38,971 - INFO - Fold 1, Epoch 70: Val Acc: 0.81%
2025-08-15 03:00:41,293 - INFO - Fold 1, Epoch 80: Val Acc: 0.72%
2025-08-15 03:00:43,606 - INFO - Fold 1, Epoch 90: Val Acc: 0.62%
2025-08-15 03:00:45,932 - INFO - Fold 1, Epoch 100: Val Acc: 0.78%
2025-08-15 03:00:48,261 - INFO - Fold 1, Epoch 110: Val Acc: 0.59%
2025-08-15 03:00:50,577 - INFO - Fold 1, Epoch 120: Val Acc: 0.59%
2025-08-15 03:00:52,887 - INFO - Fold 1, Epoch 130: Val Acc: 0.66%
2025-08-15 03:00:55,127 - INFO - Fold 1, Epoch 140: Val Acc: 0.84%
2025-08-15 03:00:56,243 - INFO - Early stopping at epoch 145
2025-08-15 03:00:59,768 - INFO - --- Starting Fold 2/3 ---
2025-08-15 03:00:59,770 - INFO - Generated pairs. Train: 1128 (Positive: 48). Val: 276 (Positive: 24)
2025-08-15 03:00:59,771 - INFO - Starting training for fold 2/3
2025-08-15 03:01:04,813 - INFO - Fold 2, Epoch 10: Val Acc: 0.59%
2025-08-15 03:01:08,577 - INFO - Fold 2, Epoch 20: Val Acc: 0.75%
2025-08-15 03:01:10,801 - INFO - Fold 2, Epoch 30: Val Acc: 0.72%
2025-08-15 03:01:14,639 - INFO - Fold 2, Epoch 40: Val Acc: 0.69%
2025-08-15 03:01:16,863 - INFO - Fold 2, Epoch 50: Val Acc: 0.81%
2025-08-15 03:01:19,040 - INFO - Fold 2, Epoch 60: Val Acc: 0.84%
2025-08-15 03:01:20,896 - INFO - Fold 2, Epoch 70: Val Acc: 0.75%
2025-08-15 03:01:23,108 - INFO - Fold 2, Epoch 80: Val Acc: 0.78%
2025-08-15 03:01:25,345 - INFO - Fold 2, Epoch 90: Val Acc: 0.81%
2025-08-15 03:01:27,575 - INFO - Fold 2, Epoch 100: Val Acc: 0.66%
2025-08-15 03:01:29,808 - INFO - Fold 2, Epoch 110: Val Acc: 0.66%
2025-08-15 03:01:32,040 - INFO - Fold 2, Epoch 120: Val Acc: 0.81%
2025-08-15 03:01:34,088 - INFO - Fold 2, Epoch 130: Val Acc: 0.75%
2025-08-15 03:01:34,777 - INFO - Early stopping at epoch 134
2025-08-15 03:01:35,818 - INFO - --- Starting Fold 3/3 ---
2025-08-15 03:01:35,828 - INFO - Generated pairs. Train: 1128 (Positive: 48). Val: 276 (Positive: 24)
2025-08-15 03:01:35,829 - INFO - Starting training for fold 3/3
2025-08-15 03:01:44,307 - INFO - Fold 3, Epoch 10: Val Acc: 0.72%
2025-08-15 03:01:47,861 - INFO - Fold 3, Epoch 20: Val Acc: 0.78%
2025-08-15 03:01:52,775 - INFO - Fold 3, Epoch 30: Val Acc: 0.88%
2025-08-15 03:01:55,009 - INFO - Fold 3, Epoch 40: Val Acc: 0.78%
2025-08-15 03:01:58,541 - INFO - Fold 3, Epoch 50: Val Acc: 0.88%
2025-08-15 03:02:00,620 - INFO - Fold 3, Epoch 60: Val Acc: 0.88%
2025-08-15 03:02:02,841 - INFO - Fold 3, Epoch 70: Val Acc: 0.69%
2025-08-15 03:02:05,058 - INFO - Fold 3, Epoch 80: Val Acc: 0.84%
2025-08-15 03:02:07,278 - INFO - Fold 3, Epoch 90: Val Acc: 0.66%
2025-08-15 03:02:09,503 - INFO - Fold 3, Epoch 100: Val Acc: 0.78%
2025-08-15 03:02:11,721 - INFO - Fold 3, Epoch 110: Val Acc: 0.62%
2025-08-15 03:02:13,950 - INFO - Fold 3, Epoch 120: Val Acc: 0.72%
2025-08-15 03:02:16,189 - INFO - Fold 3, Epoch 130: Val Acc: 0.84%
2025-08-15 03:02:18,415 - INFO - Fold 3, Epoch 140: Val Acc: 0.72%
2025-08-15 03:02:19,323 - INFO - Early stopping at epoch 144
2025-08-15 03:02:22,406 - INFO - Cross-validation statistics for transformer: {'train_loss': {'mean': np.float64(3.917310953140259), 'std': np.float64(0.02143944523194305)}, 'train_accuracy': {'mean': np.float64(0.7291666666666666), 'std': np.float64(0.038975597778895185)}, 'val_loss': {'mean': np.float64(4.2305270830790205), 'std': np.float64(0.021165945636109813)}, 'val_accuracy': {'mean': np.float64(0.9270833333333334), 'std': np.float64(0.02946278254943948)}, 'epoch': {'mean': np.float64(40.0), 'std': np.float64(4.96655480858378)}}
[I 2025-08-15 03:02:22,413] Trial 166 finished with value: -0.9270833333333334 and parameters: {'learning_rate': 0.0008504368401636179, 'batch_size': 32, 'num_epochs': 305, 'temperature': 0.4283360445352138, 'embedding_dim': 256, 'hidden_dim': 256, 'dropout': 0.2241472559162493, 'num_layers': 5, 'num_heads': 2, 'noise_enabled': True, 'shift_enabled': False, 'scale_enabled': True, 'crop_enabled': True, 'flip_enabled': False, 'permutation_enabled': False, 'noise_level': 0.07551517336367257, 'crop_size': 0.5466677254520657}. Best is trial 92 with value: -0.9479166666666666.
Actual device being used: cuda
Attempting to load data from: /vol/ecrg-solar/woodj4/fishy-business/data/REIMS.xlsx
Trial 166 finished with value: -0.9270833333333334 and parameters: {'learning_rate': 0.0008504368401636179, 'batch_size': 32, 'num_epochs': 305, 'temperature': 0.4283360445352138, 'embedding_dim': 256, 'hidden_dim': 256, 'dropout': 0.2241472559162493, 'num_layers': 5, 'num_heads': 2, 'noise_enabled': True, 'shift_enabled': False, 'scale_enabled': True, 'crop_enabled': True, 'flip_enabled': False, 'permutation_enabled': False, 'noise_level': 0.07551517336367257, 'crop_size': 0.5466677254520657}. Best is trial 92 with value: -0.9479166666666666.
2025-08-15 03:02:22,456 - INFO - Using device: cuda
2025-08-15 03:02:32,285 - INFO - --- Starting Fold 1/3 ---
2025-08-15 03:02:32,286 - INFO - Generated pairs. Train: 1128 (Positive: 48). Val: 276 (Positive: 24)
2025-08-15 03:02:32,286 - INFO - Starting training for fold 1/3
2025-08-15 03:02:41,456 - INFO - Fold 1, Epoch 10: Val Acc: 0.62%
2025-08-15 03:02:43,768 - INFO - Fold 1, Epoch 20: Val Acc: 0.56%
2025-08-15 03:02:45,963 - INFO - Fold 1, Epoch 30: Val Acc: 0.62%
2025-08-15 03:02:48,055 - INFO - Fold 1, Epoch 40: Val Acc: 0.50%
2025-08-15 03:02:50,282 - INFO - Fold 1, Epoch 50: Val Acc: 0.47%
2025-08-15 03:02:52,522 - INFO - Fold 1, Epoch 60: Val Acc: 0.59%
2025-08-15 03:02:54,533 - INFO - Fold 1, Epoch 70: Val Acc: 0.66%
2025-08-15 03:02:56,590 - INFO - Fold 1, Epoch 80: Val Acc: 0.47%
2025-08-15 03:02:58,540 - INFO - Fold 1, Epoch 90: Val Acc: 0.53%
2025-08-15 03:03:02,809 - INFO - Fold 1, Epoch 100: Val Acc: 0.69%
2025-08-15 03:03:04,842 - INFO - Fold 1, Epoch 110: Val Acc: 0.47%
2025-08-15 03:03:06,918 - INFO - Fold 1, Epoch 120: Val Acc: 0.50%
2025-08-15 03:03:09,160 - INFO - Fold 1, Epoch 130: Val Acc: 0.62%
2025-08-15 03:03:11,401 - INFO - Fold 1, Epoch 140: Val Acc: 0.66%
2025-08-15 03:03:15,763 - INFO - Fold 1, Epoch 150: Val Acc: 0.53%
2025-08-15 03:03:18,001 - INFO - Fold 1, Epoch 160: Val Acc: 0.62%
2025-08-15 03:03:23,433 - INFO - Fold 1, Epoch 170: Val Acc: 0.53%
2025-08-15 03:03:27,571 - INFO - Fold 1, Epoch 180: Val Acc: 0.78%
2025-08-15 03:03:29,623 - INFO - Fold 1, Epoch 190: Val Acc: 0.62%
2025-08-15 03:03:31,579 - INFO - Fold 1, Epoch 200: Val Acc: 0.66%
2025-08-15 03:03:33,578 - INFO - Fold 1, Epoch 210: Val Acc: 0.56%
2025-08-15 03:03:35,532 - INFO - Fold 1, Epoch 220: Val Acc: 0.53%
2025-08-15 03:03:37,487 - INFO - Fold 1, Epoch 230: Val Acc: 0.62%
2025-08-15 03:03:39,397 - INFO - Fold 1, Epoch 240: Val Acc: 0.59%
2025-08-15 03:03:41,623 - INFO - Fold 1, Epoch 250: Val Acc: 0.56%
2025-08-15 03:03:43,858 - INFO - Fold 1, Epoch 260: Val Acc: 0.56%
2025-08-15 03:03:46,044 - INFO - Fold 1, Epoch 270: Val Acc: 0.72%
2025-08-15 03:03:50,371 - INFO - Fold 1, Epoch 280: Val Acc: 0.56%
2025-08-15 03:03:52,326 - INFO - Fold 1, Epoch 290: Val Acc: 0.81%
2025-08-15 03:03:54,255 - INFO - Fold 1, Epoch 300: Val Acc: 0.59%
2025-08-15 03:03:56,133 - INFO - Fold 1, Epoch 310: Val Acc: 0.66%
2025-08-15 03:03:58,197 - INFO - Fold 1, Epoch 320: Val Acc: 0.78%
2025-08-15 03:04:00,216 - INFO - Fold 1, Epoch 330: Val Acc: 0.66%
2025-08-15 03:04:02,533 - INFO - Fold 1, Epoch 340: Val Acc: 0.69%
2025-08-15 03:04:04,850 - INFO - Fold 1, Epoch 350: Val Acc: 0.81%
2025-08-15 03:04:07,167 - INFO - Fold 1, Epoch 360: Val Acc: 0.72%
2025-08-15 03:04:11,506 - INFO - Fold 1, Epoch 370: Val Acc: 0.75%
2025-08-15 03:04:13,319 - INFO - Fold 1, Epoch 380: Val Acc: 0.72%
2025-08-15 03:04:15,239 - INFO - Fold 1, Epoch 390: Val Acc: 0.75%
2025-08-15 03:04:17,281 - INFO - Fold 1, Epoch 400: Val Acc: 0.81%
2025-08-15 03:04:19,483 - INFO - Fold 1, Epoch 410: Val Acc: 0.62%
2025-08-15 03:04:21,805 - INFO - Fold 1, Epoch 420: Val Acc: 0.72%
2025-08-15 03:04:24,110 - INFO - Fold 1, Epoch 430: Val Acc: 0.78%
2025-08-15 03:04:26,207 - INFO - Fold 1, Epoch 440: Val Acc: 0.69%
2025-08-15 03:04:28,266 - INFO - Fold 1, Epoch 450: Val Acc: 0.69%
2025-08-15 03:04:30,267 - INFO - Fold 1, Epoch 460: Val Acc: 0.72%
2025-08-15 03:04:30,470 - INFO - Early stopping at epoch 461
2025-08-15 03:04:34,070 - INFO - --- Starting Fold 2/3 ---
2025-08-15 03:04:34,072 - INFO - Generated pairs. Train: 1128 (Positive: 48). Val: 276 (Positive: 24)
2025-08-15 03:04:34,073 - INFO - Starting training for fold 2/3
2025-08-15 03:04:40,760 - INFO - Fold 2, Epoch 10: Val Acc: 0.50%
2025-08-15 03:04:42,986 - INFO - Fold 2, Epoch 20: Val Acc: 0.50%
2025-08-15 03:04:45,220 - INFO - Fold 2, Epoch 30: Val Acc: 0.50%
2025-08-15 03:04:50,622 - INFO - Fold 2, Epoch 40: Val Acc: 0.53%
2025-08-15 03:04:52,857 - INFO - Fold 2, Epoch 50: Val Acc: 0.66%
2025-08-15 03:04:55,085 - INFO - Fold 2, Epoch 60: Val Acc: 0.53%
2025-08-15 03:04:58,807 - INFO - Fold 2, Epoch 70: Val Acc: 0.50%
2025-08-15 03:05:01,027 - INFO - Fold 2, Epoch 80: Val Acc: 0.56%
2025-08-15 03:05:02,957 - INFO - Fold 2, Epoch 90: Val Acc: 0.56%
2025-08-15 03:05:05,201 - INFO - Fold 2, Epoch 100: Val Acc: 0.69%
2025-08-15 03:05:07,433 - INFO - Fold 2, Epoch 110: Val Acc: 0.47%
2025-08-15 03:05:09,665 - INFO - Fold 2, Epoch 120: Val Acc: 0.66%
2025-08-15 03:05:11,551 - INFO - Fold 2, Epoch 130: Val Acc: 0.62%
2025-08-15 03:05:13,276 - INFO - Fold 2, Epoch 140: Val Acc: 0.50%
2025-08-15 03:05:15,502 - INFO - Fold 2, Epoch 150: Val Acc: 0.69%
2025-08-15 03:05:17,737 - INFO - Fold 2, Epoch 160: Val Acc: 0.59%
2025-08-15 03:05:19,075 - INFO - Early stopping at epoch 166
2025-08-15 03:05:20,120 - INFO - --- Starting Fold 3/3 ---
2025-08-15 03:05:20,122 - INFO - Generated pairs. Train: 1128 (Positive: 48). Val: 276 (Positive: 24)
2025-08-15 03:05:20,122 - INFO - Starting training for fold 3/3
2025-08-15 03:05:25,597 - INFO - Fold 3, Epoch 10: Val Acc: 0.41%
2025-08-15 03:05:29,286 - INFO - Fold 3, Epoch 20: Val Acc: 0.53%
2025-08-15 03:05:31,504 - INFO - Fold 3, Epoch 30: Val Acc: 0.50%
2025-08-15 03:05:38,478 - INFO - Fold 3, Epoch 40: Val Acc: 0.47%
2025-08-15 03:05:40,507 - INFO - Fold 3, Epoch 50: Val Acc: 0.47%
2025-08-15 03:05:42,495 - INFO - Fold 3, Epoch 60: Val Acc: 0.56%
2025-08-15 03:05:44,580 - INFO - Fold 3, Epoch 70: Val Acc: 0.53%
2025-08-15 03:05:46,547 - INFO - Fold 3, Epoch 80: Val Acc: 0.50%
2025-08-15 03:05:48,445 - INFO - Fold 3, Epoch 90: Val Acc: 0.50%
2025-08-15 03:05:50,628 - INFO - Fold 3, Epoch 100: Val Acc: 0.62%
2025-08-15 03:05:52,952 - INFO - Fold 3, Epoch 110: Val Acc: 0.62%
2025-08-15 03:05:55,274 - INFO - Fold 3, Epoch 120: Val Acc: 0.62%
2025-08-15 03:05:57,595 - INFO - Fold 3, Epoch 130: Val Acc: 0.53%
2025-08-15 03:05:59,680 - INFO - Early stopping at epoch 139
2025-08-15 03:06:00,768 - INFO - Cross-validation statistics for transformer: {'train_loss': {'mean': np.float64(4.099601931042142), 'std': np.float64(0.09318894968190751)}, 'train_accuracy': {'mean': np.float64(0.5798611111111112), 'std': np.float64(0.05126674673692148)}, 'val_loss': {'mean': np.float64(4.281612714131673), 'std': np.float64(0.010640444087978092)}, 'val_accuracy': {'mean': np.float64(0.8020833333333334), 'std': np.float64(0.05311478659992484)}, 'epoch': {'mean': np.float64(154.33333333333334), 'std': np.float64(145.84542806988804)}}
[I 2025-08-15 03:06:00,779] Trial 167 finished with value: -0.8020833333333334 and parameters: {'learning_rate': 3.257378559156377e-05, 'batch_size': 32, 'num_epochs': 462, 'temperature': 0.3493608391331277, 'embedding_dim': 256, 'hidden_dim': 256, 'dropout': 0.2141194419414103, 'num_layers': 5, 'num_heads': 2, 'noise_enabled': True, 'shift_enabled': False, 'scale_enabled': True, 'crop_enabled': True, 'flip_enabled': False, 'permutation_enabled': False, 'noise_level': 0.09160236057125863, 'crop_size': 0.5224300043090445}. Best is trial 92 with value: -0.9479166666666666.
Actual device being used: cuda
Attempting to load data from: /vol/ecrg-solar/woodj4/fishy-business/data/REIMS.xlsx
Trial 167 finished with value: -0.8020833333333334 and parameters: {'learning_rate': 3.257378559156377e-05, 'batch_size': 32, 'num_epochs': 462, 'temperature': 0.3493608391331277, 'embedding_dim': 256, 'hidden_dim': 256, 'dropout': 0.2141194419414103, 'num_layers': 5, 'num_heads': 2, 'noise_enabled': True, 'shift_enabled': False, 'scale_enabled': True, 'crop_enabled': True, 'flip_enabled': False, 'permutation_enabled': False, 'noise_level': 0.09160236057125863, 'crop_size': 0.5224300043090445}. Best is trial 92 with value: -0.9479166666666666.
2025-08-15 03:06:00,837 - INFO - Using device: cuda
2025-08-15 03:06:10,746 - INFO - --- Starting Fold 1/3 ---
2025-08-15 03:06:10,747 - INFO - Generated pairs. Train: 1128 (Positive: 48). Val: 276 (Positive: 24)
2025-08-15 03:06:10,747 - INFO - Starting training for fold 1/3
2025-08-15 03:06:17,878 - INFO - Fold 1, Epoch 10: Val Acc: 0.47%
2025-08-15 03:06:20,190 - INFO - Fold 1, Epoch 20: Val Acc: 0.38%
2025-08-15 03:06:22,553 - INFO - Fold 1, Epoch 30: Val Acc: 0.53%
2025-08-15 03:06:27,506 - INFO - Fold 1, Epoch 40: Val Acc: 0.59%
2025-08-15 03:06:29,836 - INFO - Fold 1, Epoch 50: Val Acc: 0.38%
2025-08-15 03:06:32,131 - INFO - Fold 1, Epoch 60: Val Acc: 0.50%
2025-08-15 03:06:34,405 - INFO - Fold 1, Epoch 70: Val Acc: 0.59%
2025-08-15 03:06:36,492 - INFO - Fold 1, Epoch 80: Val Acc: 0.50%
2025-08-15 03:06:40,846 - INFO - Fold 1, Epoch 90: Val Acc: 0.38%
2025-08-15 03:06:43,116 - INFO - Fold 1, Epoch 100: Val Acc: 0.56%
2025-08-15 03:06:47,636 - INFO - Fold 1, Epoch 110: Val Acc: 0.44%
2025-08-15 03:06:49,897 - INFO - Fold 1, Epoch 120: Val Acc: 0.44%
2025-08-15 03:06:52,161 - INFO - Fold 1, Epoch 130: Val Acc: 0.59%
2025-08-15 03:06:54,499 - INFO - Fold 1, Epoch 140: Val Acc: 0.53%
2025-08-15 03:06:59,450 - INFO - Fold 1, Epoch 150: Val Acc: 0.59%
2025-08-15 03:07:01,718 - INFO - Fold 1, Epoch 160: Val Acc: 0.56%
2025-08-15 03:07:03,982 - INFO - Fold 1, Epoch 170: Val Acc: 0.59%
2025-08-15 03:07:06,240 - INFO - Fold 1, Epoch 180: Val Acc: 0.56%
2025-08-15 03:07:08,515 - INFO - Fold 1, Epoch 190: Val Acc: 0.47%
2025-08-15 03:07:10,784 - INFO - Fold 1, Epoch 200: Val Acc: 0.44%
2025-08-15 03:07:13,049 - INFO - Fold 1, Epoch 210: Val Acc: 0.62%
2025-08-15 03:07:15,315 - INFO - Fold 1, Epoch 220: Val Acc: 0.59%
2025-08-15 03:07:17,580 - INFO - Fold 1, Epoch 230: Val Acc: 0.44%
2025-08-15 03:07:19,812 - INFO - Fold 1, Epoch 240: Val Acc: 0.56%
2025-08-15 03:07:20,510 - INFO - Early stopping at epoch 244
2025-08-15 03:07:24,440 - INFO - --- Starting Fold 2/3 ---
2025-08-15 03:07:24,442 - INFO - Generated pairs. Train: 1128 (Positive: 48). Val: 276 (Positive: 24)
2025-08-15 03:07:24,443 - INFO - Starting training for fold 2/3
2025-08-15 03:07:29,921 - INFO - Fold 2, Epoch 10: Val Acc: 0.47%
2025-08-15 03:07:32,173 - INFO - Fold 2, Epoch 20: Val Acc: 0.50%
2025-08-15 03:07:34,268 - INFO - Fold 2, Epoch 30: Val Acc: 0.62%
2025-08-15 03:07:36,527 - INFO - Fold 2, Epoch 40: Val Acc: 0.56%
2025-08-15 03:07:39,797 - INFO - Fold 2, Epoch 50: Val Acc: 0.62%
2025-08-15 03:07:43,176 - INFO - Fold 2, Epoch 60: Val Acc: 0.47%
2025-08-15 03:07:45,126 - INFO - Fold 2, Epoch 70: Val Acc: 0.47%
2025-08-15 03:07:47,109 - INFO - Fold 2, Epoch 80: Val Acc: 0.50%
2025-08-15 03:07:50,754 - INFO - Fold 2, Epoch 90: Val Acc: 0.47%
2025-08-15 03:07:53,034 - INFO - Fold 2, Epoch 100: Val Acc: 0.53%
2025-08-15 03:07:55,370 - INFO - Fold 2, Epoch 110: Val Acc: 0.50%
2025-08-15 03:07:57,708 - INFO - Fold 2, Epoch 120: Val Acc: 0.53%
2025-08-15 03:08:00,037 - INFO - Fold 2, Epoch 130: Val Acc: 0.53%
2025-08-15 03:08:02,381 - INFO - Fold 2, Epoch 140: Val Acc: 0.44%
2025-08-15 03:08:04,721 - INFO - Fold 2, Epoch 150: Val Acc: 0.50%
2025-08-15 03:08:06,938 - INFO - Fold 2, Epoch 160: Val Acc: 0.50%
2025-08-15 03:08:08,992 - INFO - Fold 2, Epoch 170: Val Acc: 0.47%
2025-08-15 03:08:11,112 - INFO - Fold 2, Epoch 180: Val Acc: 0.53%
2025-08-15 03:08:12,152 - INFO - Early stopping at epoch 185
2025-08-15 03:08:15,148 - INFO - --- Starting Fold 3/3 ---
2025-08-15 03:08:15,150 - INFO - Generated pairs. Train: 1128 (Positive: 48). Val: 276 (Positive: 24)
2025-08-15 03:08:15,150 - INFO - Starting training for fold 3/3
2025-08-15 03:08:20,353 - INFO - Fold 3, Epoch 10: Val Acc: 0.50%
2025-08-15 03:08:22,307 - INFO - Fold 3, Epoch 20: Val Acc: 0.50%
2025-08-15 03:08:24,245 - INFO - Fold 3, Epoch 30: Val Acc: 0.44%
2025-08-15 03:08:26,191 - INFO - Fold 3, Epoch 40: Val Acc: 0.44%
2025-08-15 03:08:31,129 - INFO - Fold 3, Epoch 50: Val Acc: 0.69%
2025-08-15 03:08:33,517 - INFO - Fold 3, Epoch 60: Val Acc: 0.56%
2025-08-15 03:08:35,812 - INFO - Fold 3, Epoch 70: Val Acc: 0.56%
2025-08-15 03:08:38,079 - INFO - Fold 3, Epoch 80: Val Acc: 0.47%
2025-08-15 03:08:40,342 - INFO - Fold 3, Epoch 90: Val Acc: 0.53%
2025-08-15 03:08:42,613 - INFO - Fold 3, Epoch 100: Val Acc: 0.47%
2025-08-15 03:08:44,872 - INFO - Fold 3, Epoch 110: Val Acc: 0.69%
2025-08-15 03:08:47,131 - INFO - Fold 3, Epoch 120: Val Acc: 0.50%
2025-08-15 03:08:49,402 - INFO - Fold 3, Epoch 130: Val Acc: 0.47%
2025-08-15 03:08:51,669 - INFO - Fold 3, Epoch 140: Val Acc: 0.53%
2025-08-15 03:08:53,936 - INFO - Early stopping at epoch 150
2025-08-15 03:08:54,971 - INFO - Cross-validation statistics for transformer: {'train_loss': {'mean': np.float64(4.144425921969943), 'std': np.float64(0.018131798834966597)}, 'train_accuracy': {'mean': np.float64(0.5416666666666666), 'std': np.float64(0.008505172717997162)}, 'val_loss': {'mean': np.float64(4.163521607716878), 'std': np.float64(0.02725200101994427)}, 'val_accuracy': {'mean': np.float64(0.7395833333333334), 'std': np.float64(0.03897559777889522)}, 'epoch': {'mean': np.float64(92.0), 'std': np.float64(38.79003308411411)}}
[I 2025-08-15 03:08:54,987] Trial 168 finished with value: -0.7395833333333334 and parameters: {'learning_rate': 0.00031990862422904664, 'batch_size': 32, 'num_epochs': 961, 'temperature': 0.3926347808719333, 'embedding_dim': 256, 'hidden_dim': 256, 'dropout': 0.2398602787062458, 'num_layers': 5, 'num_heads': 2, 'noise_enabled': True, 'shift_enabled': False, 'scale_enabled': True, 'crop_enabled': False, 'flip_enabled': False, 'permutation_enabled': True, 'noise_level': 0.08421750111512673}. Best is trial 92 with value: -0.9479166666666666.
Actual device being used: cuda
Attempting to load data from: /vol/ecrg-solar/woodj4/fishy-business/data/REIMS.xlsx
