[I 2025-08-14 19:43:25,489] Trial 5 finished with value: -0.6666666666666666 and parameters: {'learning_rate': 4.347436686761643e-05, 'batch_size': 16, 'num_epochs': 288, 'temperature': 0.13529300342393122, 'embedding_dim': 512, 'hidden_dim': 256, 'dropout': 0.2761605074057637, 'num_layers': 4, 'num_heads': 4, 'noise_enabled': False, 'shift_enabled': True, 'scale_enabled': True, 'crop_enabled': True, 'flip_enabled': True, 'permutation_enabled': False, 'crop_size': 0.8423675532324683}. Best is trial 3 with value: -0.7083333333333334.
Actual device being used: cuda
Attempting to load data from: /vol/ecrg-solar/woodj4/fishy-business/data/REIMS.xlsx
Trial 5 finished with value: -0.6666666666666666 and parameters: {'learning_rate': 4.347436686761643e-05, 'batch_size': 16, 'num_epochs': 288, 'temperature': 0.13529300342393122, 'embedding_dim': 512, 'hidden_dim': 256, 'dropout': 0.2761605074057637, 'num_layers': 4, 'num_heads': 4, 'noise_enabled': False, 'shift_enabled': True, 'scale_enabled': True, 'crop_enabled': True, 'flip_enabled': True, 'permutation_enabled': False, 'crop_size': 0.8423675532324683}. Best is trial 3 with value: -0.7083333333333334.
2025-08-14 19:43:25,490 - INFO - Using device: cuda
2025-08-14 19:43:35,080 - INFO - --- Starting Fold 1/3 ---
2025-08-14 19:43:35,082 - INFO - Generated pairs. Train: 1128 (Positive: 48). Val: 276 (Positive: 24)
2025-08-14 19:43:35,082 - INFO - Starting training for fold 1/3
2025-08-14 19:43:38,526 - INFO - Fold 1, Epoch 10: Val Acc: 0.59%
2025-08-14 19:43:39,847 - INFO - Fold 1, Epoch 20: Val Acc: 0.44%
2025-08-14 19:43:41,220 - INFO - Fold 1, Epoch 30: Val Acc: 0.44%
2025-08-14 19:43:42,492 - INFO - Fold 1, Epoch 40: Val Acc: 0.38%
2025-08-14 19:43:43,860 - INFO - Fold 1, Epoch 50: Val Acc: 0.50%
2025-08-14 19:43:45,214 - INFO - Fold 1, Epoch 60: Val Acc: 0.50%
2025-08-14 19:43:46,585 - INFO - Fold 1, Epoch 70: Val Acc: 0.44%
2025-08-14 19:43:48,024 - INFO - Fold 1, Epoch 80: Val Acc: 0.50%
2025-08-14 19:43:49,453 - INFO - Fold 1, Epoch 90: Val Acc: 0.44%
2025-08-14 19:43:50,872 - INFO - Fold 1, Epoch 100: Val Acc: 0.59%
2025-08-14 19:43:51,581 - INFO - Early stopping at epoch 105
2025-08-14 19:43:52,433 - INFO - --- Starting Fold 2/3 ---
2025-08-14 19:43:52,437 - INFO - Generated pairs. Train: 1128 (Positive: 48). Val: 276 (Positive: 24)
2025-08-14 19:43:52,437 - INFO - Starting training for fold 2/3
2025-08-14 19:43:55,722 - INFO - Fold 2, Epoch 10: Val Acc: 0.41%
2025-08-14 19:43:57,153 - INFO - Fold 2, Epoch 20: Val Acc: 0.50%
2025-08-14 19:43:58,569 - INFO - Fold 2, Epoch 30: Val Acc: 0.59%
2025-08-14 19:44:00,535 - INFO - Fold 2, Epoch 40: Val Acc: 0.47%
2025-08-14 19:44:02,542 - INFO - Fold 2, Epoch 50: Val Acc: 0.47%
2025-08-14 19:44:03,961 - INFO - Fold 2, Epoch 60: Val Acc: 0.56%
2025-08-14 19:44:05,373 - INFO - Fold 2, Epoch 70: Val Acc: 0.59%
2025-08-14 19:44:06,774 - INFO - Fold 2, Epoch 80: Val Acc: 0.38%
2025-08-14 19:44:08,200 - INFO - Fold 2, Epoch 90: Val Acc: 0.53%
2025-08-14 19:44:09,634 - INFO - Fold 2, Epoch 100: Val Acc: 0.47%
2025-08-14 19:44:11,088 - INFO - Fold 2, Epoch 110: Val Acc: 0.53%
2025-08-14 19:44:12,376 - INFO - Fold 2, Epoch 120: Val Acc: 0.47%
2025-08-14 19:44:13,534 - INFO - Fold 2, Epoch 130: Val Acc: 0.50%
2025-08-14 19:44:14,693 - INFO - Fold 2, Epoch 140: Val Acc: 0.41%
2025-08-14 19:44:15,390 - INFO - Early stopping at epoch 146
2025-08-14 19:44:16,152 - INFO - --- Starting Fold 3/3 ---
2025-08-14 19:44:16,155 - INFO - Generated pairs. Train: 1128 (Positive: 48). Val: 276 (Positive: 24)
2025-08-14 19:44:16,156 - INFO - Starting training for fold 3/3
2025-08-14 19:44:19,371 - INFO - Fold 3, Epoch 10: Val Acc: 0.50%
2025-08-14 19:44:21,202 - INFO - Fold 3, Epoch 20: Val Acc: 0.47%
2025-08-14 19:44:22,648 - INFO - Fold 3, Epoch 30: Val Acc: 0.44%
2025-08-14 19:44:24,095 - INFO - Fold 3, Epoch 40: Val Acc: 0.56%
2025-08-14 19:44:25,527 - INFO - Fold 3, Epoch 50: Val Acc: 0.50%
2025-08-14 19:44:26,959 - INFO - Fold 3, Epoch 60: Val Acc: 0.50%
2025-08-14 19:44:28,400 - INFO - Fold 3, Epoch 70: Val Acc: 0.50%
2025-08-14 19:44:29,851 - INFO - Fold 3, Epoch 80: Val Acc: 0.50%
2025-08-14 19:44:31,288 - INFO - Fold 3, Epoch 90: Val Acc: 0.50%
2025-08-14 19:44:32,728 - INFO - Fold 3, Epoch 100: Val Acc: 0.47%
2025-08-14 19:44:34,182 - INFO - Fold 3, Epoch 110: Val Acc: 0.53%
2025-08-14 19:44:34,611 - INFO - Early stopping at epoch 113
2025-08-14 19:44:34,869 - INFO - Cross-validation statistics for transformer: {'train_loss': {'mean': np.float64(4.6141982608371315), 'std': np.float64(0.07340258888758928)}, 'train_accuracy': {'mean': np.float64(0.5659722222222223), 'std': np.float64(0.012991865926298411)}, 'val_loss': {'mean': np.float64(4.993311723073323), 'std': np.float64(0.22851230657152904)}, 'val_accuracy': {'mean': np.float64(0.6875), 'std': np.float64(0.05103103630798288)}, 'epoch': {'mean': np.float64(20.333333333333332), 'std': np.float64(17.745108872274887)}}
[I 2025-08-14 19:44:34,877] Trial 6 finished with value: -0.6875 and parameters: {'learning_rate': 0.00014653810390239495, 'batch_size': 32, 'num_epochs': 935, 'temperature': 0.06277248541586865, 'embedding_dim': 256, 'hidden_dim': 512, 'dropout': 0.1808464141096743, 'num_layers': 1, 'num_heads': 2, 'noise_enabled': True, 'shift_enabled': False, 'scale_enabled': True, 'crop_enabled': False, 'flip_enabled': True, 'permutation_enabled': True, 'noise_level': 0.17254733239000994}. Best is trial 3 with value: -0.7083333333333334.
Actual device being used: cuda
Attempting to load data from: /vol/ecrg-solar/woodj4/fishy-business/data/REIMS.xlsx
Trial 6 finished with value: -0.6875 and parameters: {'learning_rate': 0.00014653810390239495, 'batch_size': 32, 'num_epochs': 935, 'temperature': 0.06277248541586865, 'embedding_dim': 256, 'hidden_dim': 512, 'dropout': 0.1808464141096743, 'num_layers': 1, 'num_heads': 2, 'noise_enabled': True, 'shift_enabled': False, 'scale_enabled': True, 'crop_enabled': False, 'flip_enabled': True, 'permutation_enabled': True, 'noise_level': 0.17254733239000994}. Best is trial 3 with value: -0.7083333333333334.
2025-08-14 19:44:34,880 - INFO - Using device: cuda
2025-08-14 19:44:44,678 - INFO - --- Starting Fold 1/3 ---
2025-08-14 19:44:44,680 - INFO - Generated pairs. Train: 1128 (Positive: 48). Val: 276 (Positive: 24)
2025-08-14 19:44:44,680 - INFO - Starting training for fold 1/3
2025-08-14 19:44:48,179 - INFO - Fold 1, Epoch 10: Val Acc: 0.56%
2025-08-14 19:44:50,738 - INFO - Fold 1, Epoch 20: Val Acc: 0.47%
2025-08-14 19:44:53,493 - INFO - Fold 1, Epoch 30: Val Acc: 0.38%
2025-08-14 19:44:55,117 - INFO - Fold 1, Epoch 40: Val Acc: 0.41%
2025-08-14 19:44:56,639 - INFO - Fold 1, Epoch 50: Val Acc: 0.41%
2025-08-14 19:44:58,254 - INFO - Fold 1, Epoch 60: Val Acc: 0.44%
2025-08-14 19:44:59,837 - INFO - Fold 1, Epoch 70: Val Acc: 0.38%
2025-08-14 19:45:01,419 - INFO - Fold 1, Epoch 80: Val Acc: 0.47%
2025-08-14 19:45:03,070 - INFO - Fold 1, Epoch 90: Val Acc: 0.53%
2025-08-14 19:45:05,692 - INFO - Fold 1, Epoch 100: Val Acc: 0.69%
2025-08-14 19:45:07,866 - INFO - --- Starting Fold 2/3 ---
2025-08-14 19:45:07,870 - INFO - Generated pairs. Train: 1128 (Positive: 48). Val: 276 (Positive: 24)
2025-08-14 19:45:07,871 - INFO - Starting training for fold 2/3
2025-08-14 19:45:11,038 - INFO - Fold 2, Epoch 10: Val Acc: 0.47%
2025-08-14 19:45:12,666 - INFO - Fold 2, Epoch 20: Val Acc: 0.50%
2025-08-14 19:45:14,292 - INFO - Fold 2, Epoch 30: Val Acc: 0.41%
2025-08-14 19:45:16,746 - INFO - Fold 2, Epoch 40: Val Acc: 0.41%
2025-08-14 19:45:18,333 - INFO - Fold 2, Epoch 50: Val Acc: 0.47%
2025-08-14 19:45:19,907 - INFO - Fold 2, Epoch 60: Val Acc: 0.56%
2025-08-14 19:45:21,492 - INFO - Fold 2, Epoch 70: Val Acc: 0.50%
2025-08-14 19:45:23,072 - INFO - Fold 2, Epoch 80: Val Acc: 0.44%
2025-08-14 19:45:24,658 - INFO - Fold 2, Epoch 90: Val Acc: 0.53%
2025-08-14 19:45:26,237 - INFO - Fold 2, Epoch 100: Val Acc: 0.53%
2025-08-14 19:45:27,335 - INFO - --- Starting Fold 3/3 ---
2025-08-14 19:45:27,338 - INFO - Generated pairs. Train: 1128 (Positive: 48). Val: 276 (Positive: 24)
2025-08-14 19:45:27,339 - INFO - Starting training for fold 3/3
2025-08-14 19:45:30,507 - INFO - Fold 3, Epoch 10: Val Acc: 0.53%
2025-08-14 19:45:32,775 - INFO - Fold 3, Epoch 20: Val Acc: 0.66%
2025-08-14 19:45:34,347 - INFO - Fold 3, Epoch 30: Val Acc: 0.50%
2025-08-14 19:45:35,936 - INFO - Fold 3, Epoch 40: Val Acc: 0.69%
2025-08-14 19:45:37,507 - INFO - Fold 3, Epoch 50: Val Acc: 0.44%
2025-08-14 19:45:39,016 - INFO - Fold 3, Epoch 60: Val Acc: 0.50%
2025-08-14 19:45:40,443 - INFO - Fold 3, Epoch 70: Val Acc: 0.47%
2025-08-14 19:45:42,015 - INFO - Fold 3, Epoch 80: Val Acc: 0.50%
2025-08-14 19:45:43,584 - INFO - Fold 3, Epoch 90: Val Acc: 0.53%
2025-08-14 19:45:45,156 - INFO - Fold 3, Epoch 100: Val Acc: 0.66%
2025-08-14 19:45:46,248 - INFO - Cross-validation statistics for transformer: {'train_loss': {'mean': np.float64(4.2697248458862305), 'std': np.float64(0.030837287384702157)}, 'train_accuracy': {'mean': np.float64(0.5625), 'std': np.float64(0.030665836341416113)}, 'val_loss': {'mean': np.float64(4.384115695953369), 'std': np.float64(0.0310073381553191)}, 'val_accuracy': {'mean': np.float64(0.6770833333333334), 'std': np.float64(0.01473139127471974)}, 'epoch': {'mean': np.float64(47.333333333333336), 'std': np.float64(37.52628708281999)}}
[I 2025-08-14 19:45:46,266] Trial 7 finished with value: -0.6770833333333334 and parameters: {'learning_rate': 2.1494274040322e-05, 'batch_size': 32, 'num_epochs': 104, 'temperature': 0.16037464736190887, 'embedding_dim': 128, 'hidden_dim': 128, 'dropout': 0.3657269847910106, 'num_layers': 2, 'num_heads': 8, 'noise_enabled': True, 'shift_enabled': True, 'scale_enabled': True, 'crop_enabled': False, 'flip_enabled': True, 'permutation_enabled': False, 'noise_level': 0.15116355927051212}. Best is trial 3 with value: -0.7083333333333334.
Actual device being used: cuda
Attempting to load data from: /vol/ecrg-solar/woodj4/fishy-business/data/REIMS.xlsx
Trial 7 finished with value: -0.6770833333333334 and parameters: {'learning_rate': 2.1494274040322e-05, 'batch_size': 32, 'num_epochs': 104, 'temperature': 0.16037464736190887, 'embedding_dim': 128, 'hidden_dim': 128, 'dropout': 0.3657269847910106, 'num_layers': 2, 'num_heads': 8, 'noise_enabled': True, 'shift_enabled': True, 'scale_enabled': True, 'crop_enabled': False, 'flip_enabled': True, 'permutation_enabled': False, 'noise_level': 0.15116355927051212}. Best is trial 3 with value: -0.7083333333333334.
2025-08-14 19:45:46,267 - INFO - Using device: cuda
2025-08-14 19:45:56,417 - INFO - --- Starting Fold 1/3 ---
2025-08-14 19:45:56,419 - INFO - Generated pairs. Train: 1128 (Positive: 48). Val: 276 (Positive: 24)
2025-08-14 19:45:56,419 - WARNING - Fold 1 has insufficient pairs to form a batch. Skipping.
2025-08-14 19:45:56,419 - INFO - --- Starting Fold 2/3 ---
2025-08-14 19:45:56,421 - INFO - Generated pairs. Train: 1128 (Positive: 48). Val: 276 (Positive: 24)
2025-08-14 19:45:56,421 - WARNING - Fold 2 has insufficient pairs to form a batch. Skipping.
2025-08-14 19:45:56,421 - INFO - --- Starting Fold 3/3 ---
2025-08-14 19:45:56,422 - INFO - Generated pairs. Train: 1128 (Positive: 48). Val: 276 (Positive: 24)
2025-08-14 19:45:56,422 - WARNING - Fold 3 has insufficient pairs to form a batch. Skipping.
2025-08-14 19:45:56,422 - WARNING - No folds completed successfully to aggregate metrics.
[I 2025-08-14 19:45:56,424] Trial 8 finished with value: inf and parameters: {'learning_rate': 1.5601525625755688e-05, 'batch_size': 64, 'num_epochs': 852, 'temperature': 0.3236642761246223, 'embedding_dim': 256, 'hidden_dim': 512, 'dropout': 0.35080262593078937, 'num_layers': 3, 'num_heads': 2, 'noise_enabled': True, 'shift_enabled': False, 'scale_enabled': True, 'crop_enabled': True, 'flip_enabled': False, 'permutation_enabled': True, 'noise_level': 0.022025949185146852, 'crop_size': 0.6614795632965551}. Best is trial 3 with value: -0.7083333333333334.
Actual device being used: cuda
Attempting to load data from: /vol/ecrg-solar/woodj4/fishy-business/data/REIMS.xlsx
Trial 8 finished with value: inf and parameters: {'learning_rate': 1.5601525625755688e-05, 'batch_size': 64, 'num_epochs': 852, 'temperature': 0.3236642761246223, 'embedding_dim': 256, 'hidden_dim': 512, 'dropout': 0.35080262593078937, 'num_layers': 3, 'num_heads': 2, 'noise_enabled': True, 'shift_enabled': False, 'scale_enabled': True, 'crop_enabled': True, 'flip_enabled': False, 'permutation_enabled': True, 'noise_level': 0.022025949185146852, 'crop_size': 0.6614795632965551}. Best is trial 3 with value: -0.7083333333333334.
2025-08-14 19:45:56,426 - INFO - Using device: cuda
2025-08-14 19:46:06,287 - INFO - --- Starting Fold 1/3 ---
2025-08-14 19:46:06,288 - INFO - Generated pairs. Train: 1128 (Positive: 48). Val: 276 (Positive: 24)
2025-08-14 19:46:06,288 - INFO - Starting training for fold 1/3
2025-08-14 19:46:15,193 - INFO - Fold 1, Epoch 10: Val Acc: 0.38%
2025-08-14 19:46:19,649 - INFO - Fold 1, Epoch 20: Val Acc: 0.59%
2025-08-14 19:46:26,159 - INFO - Fold 1, Epoch 30: Val Acc: 0.66%
2025-08-14 19:46:35,140 - INFO - Fold 1, Epoch 40: Val Acc: 0.59%
2025-08-14 19:46:37,403 - INFO - Fold 1, Epoch 50: Val Acc: 0.62%
2025-08-14 19:46:39,681 - INFO - Fold 1, Epoch 60: Val Acc: 0.78%
2025-08-14 19:46:44,211 - INFO - Fold 1, Epoch 70: Val Acc: 0.78%
2025-08-14 19:46:46,482 - INFO - Fold 1, Epoch 80: Val Acc: 0.69%
2025-08-14 19:46:51,077 - INFO - Fold 1, Epoch 90: Val Acc: 0.78%
2025-08-14 19:46:53,406 - INFO - Fold 1, Epoch 100: Val Acc: 0.78%
2025-08-14 19:46:55,704 - INFO - Fold 1, Epoch 110: Val Acc: 0.66%
2025-08-14 19:46:57,634 - INFO - Fold 1, Epoch 120: Val Acc: 0.69%
2025-08-14 19:46:59,479 - INFO - Fold 1, Epoch 130: Val Acc: 0.66%
2025-08-14 19:47:01,327 - INFO - Fold 1, Epoch 140: Val Acc: 0.78%
2025-08-14 19:47:03,171 - INFO - Fold 1, Epoch 150: Val Acc: 0.72%
2025-08-14 19:47:05,017 - INFO - Fold 1, Epoch 160: Val Acc: 0.81%
2025-08-14 19:47:06,862 - INFO - Fold 1, Epoch 170: Val Acc: 0.69%
2025-08-14 19:47:08,707 - INFO - Fold 1, Epoch 180: Val Acc: 0.78%
2025-08-14 19:47:09,077 - INFO - Early stopping at epoch 182
2025-08-14 19:47:12,973 - INFO - --- Starting Fold 2/3 ---
2025-08-14 19:47:12,976 - INFO - Generated pairs. Train: 1128 (Positive: 48). Val: 276 (Positive: 24)
2025-08-14 19:47:12,977 - INFO - Starting training for fold 2/3
2025-08-14 19:47:19,597 - INFO - Fold 2, Epoch 10: Val Acc: 0.59%
2025-08-14 19:47:23,322 - INFO - Fold 2, Epoch 20: Val Acc: 0.56%
2025-08-14 19:47:25,600 - INFO - Fold 2, Epoch 30: Val Acc: 0.66%
2025-08-14 19:47:32,095 - INFO - Fold 2, Epoch 40: Val Acc: 0.84%
2025-08-14 19:47:34,517 - INFO - Fold 2, Epoch 50: Val Acc: 0.69%
2025-08-14 19:47:36,884 - INFO - Fold 2, Epoch 60: Val Acc: 0.78%
2025-08-14 19:47:39,228 - INFO - Fold 2, Epoch 70: Val Acc: 0.72%
2025-08-14 19:47:42,997 - INFO - Fold 2, Epoch 80: Val Acc: 0.62%
2025-08-14 19:47:45,299 - INFO - Fold 2, Epoch 90: Val Acc: 0.69%
2025-08-14 19:47:47,578 - INFO - Fold 2, Epoch 100: Val Acc: 0.78%
2025-08-14 19:47:49,844 - INFO - Fold 2, Epoch 110: Val Acc: 0.72%
2025-08-14 19:47:52,123 - INFO - Fold 2, Epoch 120: Val Acc: 0.59%
2025-08-14 19:47:54,402 - INFO - Fold 2, Epoch 130: Val Acc: 0.69%
2025-08-14 19:47:56,679 - INFO - Fold 2, Epoch 140: Val Acc: 0.66%
2025-08-14 19:47:58,955 - INFO - Fold 2, Epoch 150: Val Acc: 0.75%
2025-08-14 19:48:01,223 - INFO - Fold 2, Epoch 160: Val Acc: 0.81%
2025-08-14 19:48:03,508 - INFO - Fold 2, Epoch 170: Val Acc: 0.69%
2025-08-14 19:48:04,930 - INFO - Early stopping at epoch 177
2025-08-14 19:48:06,030 - INFO - --- Starting Fold 3/3 ---
2025-08-14 19:48:06,033 - INFO - Generated pairs. Train: 1128 (Positive: 48). Val: 276 (Positive: 24)
2025-08-14 19:48:06,033 - INFO - Starting training for fold 3/3
2025-08-14 19:48:11,222 - INFO - Fold 3, Epoch 10: Val Acc: 0.59%
2025-08-14 19:48:15,137 - INFO - Fold 3, Epoch 20: Val Acc: 0.53%
2025-08-14 19:48:19,573 - INFO - Fold 3, Epoch 30: Val Acc: 0.69%
2025-08-14 19:48:23,432 - INFO - Fold 3, Epoch 40: Val Acc: 0.75%
2025-08-14 19:48:27,157 - INFO - Fold 3, Epoch 50: Val Acc: 0.62%
2025-08-14 19:48:29,450 - INFO - Fold 3, Epoch 60: Val Acc: 0.75%
2025-08-14 19:48:31,749 - INFO - Fold 3, Epoch 70: Val Acc: 0.72%
2025-08-14 19:48:35,305 - INFO - Fold 3, Epoch 80: Val Acc: 0.75%
2025-08-14 19:48:37,585 - INFO - Fold 3, Epoch 90: Val Acc: 0.69%
2025-08-14 19:48:39,875 - INFO - Fold 3, Epoch 100: Val Acc: 0.72%
2025-08-14 19:48:42,159 - INFO - Fold 3, Epoch 110: Val Acc: 0.81%
2025-08-14 19:48:44,426 - INFO - Fold 3, Epoch 120: Val Acc: 0.72%
2025-08-14 19:48:46,692 - INFO - Fold 3, Epoch 130: Val Acc: 0.78%
2025-08-14 19:48:48,954 - INFO - Fold 3, Epoch 140: Val Acc: 0.75%
2025-08-14 19:48:51,172 - INFO - Fold 3, Epoch 150: Val Acc: 0.66%
2025-08-14 19:48:53,187 - INFO - Fold 3, Epoch 160: Val Acc: 0.81%
2025-08-14 19:48:55,215 - INFO - Fold 3, Epoch 170: Val Acc: 0.81%
2025-08-14 19:48:55,401 - INFO - Early stopping at epoch 171
2025-08-14 19:48:58,398 - INFO - Cross-validation statistics for transformer: {'train_loss': {'mean': np.float64(3.9919493728213844), 'std': np.float64(0.050244580592274865)}, 'train_accuracy': {'mean': np.float64(0.7430555555555557), 'std': np.float64(0.009820927516479791)}, 'val_loss': {'mean': np.float64(4.218350410461426), 'std': np.float64(0.035041253451078294)}, 'val_accuracy': {'mean': np.float64(0.9270833333333334), 'std': np.float64(0.02946278254943948)}, 'epoch': {'mean': np.float64(75.66666666666667), 'std': np.float64(4.496912521077347)}}
[I 2025-08-14 19:48:58,412] Trial 9 finished with value: -0.9270833333333334 and parameters: {'learning_rate': 0.0005162280557072889, 'batch_size': 32, 'num_epochs': 983, 'temperature': 0.3589825261161098, 'embedding_dim': 128, 'hidden_dim': 256, 'dropout': 0.439518236410986, 'num_layers': 5, 'num_heads': 8, 'noise_enabled': True, 'shift_enabled': False, 'scale_enabled': True, 'crop_enabled': True, 'flip_enabled': False, 'permutation_enabled': False, 'noise_level': 0.19170869921339778, 'crop_size': 0.5511402191808151}. Best is trial 9 with value: -0.9270833333333334.
Actual device being used: cuda
Attempting to load data from: /vol/ecrg-solar/woodj4/fishy-business/data/REIMS.xlsx
