Trial 174 finished with value: -0.9270833333333334 and parameters: {'learning_rate': 0.0005837782174313051, 'batch_size': 32, 'num_epochs': 385, 'temperature': 0.36293411137664516, 'embedding_dim': 256, 'hidden_dim': 256, 'dropout': 0.14903714170660226, 'num_layers': 5, 'num_heads': 2, 'noise_enabled': True, 'shift_enabled': False, 'scale_enabled': True, 'crop_enabled': True, 'flip_enabled': False, 'permutation_enabled': False, 'noise_level': 0.1841299141272534, 'crop_size': 0.5475964029768856}. Best is trial 92 with value: -0.9479166666666666.
2025-08-15 03:25:45,765 - INFO - Using device: cuda
2025-08-15 03:25:55,363 - INFO - --- Starting Fold 1/3 ---
2025-08-15 03:25:55,365 - INFO - Generated pairs. Train: 1128 (Positive: 48). Val: 276 (Positive: 24)
2025-08-15 03:25:55,365 - INFO - Starting training for fold 1/3
2025-08-15 03:26:04,666 - INFO - Fold 1, Epoch 10: Val Acc: 0.50%
2025-08-15 03:26:09,193 - INFO - Fold 1, Epoch 20: Val Acc: 0.50%
2025-08-15 03:26:11,415 - INFO - Fold 1, Epoch 30: Val Acc: 0.56%
2025-08-15 03:26:13,628 - INFO - Fold 1, Epoch 40: Val Acc: 0.50%
2025-08-15 03:26:15,840 - INFO - Fold 1, Epoch 50: Val Acc: 0.56%
2025-08-15 03:26:20,210 - INFO - Fold 1, Epoch 60: Val Acc: 0.69%
2025-08-15 03:26:22,585 - INFO - Fold 1, Epoch 70: Val Acc: 0.50%
2025-08-15 03:26:26,900 - INFO - Fold 1, Epoch 80: Val Acc: 0.66%
2025-08-15 03:26:29,212 - INFO - Fold 1, Epoch 90: Val Acc: 0.72%
2025-08-15 03:26:31,136 - INFO - Fold 1, Epoch 100: Val Acc: 0.47%
2025-08-15 03:26:32,957 - INFO - Fold 1, Epoch 110: Val Acc: 0.62%
2025-08-15 03:26:34,784 - INFO - Fold 1, Epoch 120: Val Acc: 0.50%
2025-08-15 03:26:36,957 - INFO - Fold 1, Epoch 130: Val Acc: 0.50%
2025-08-15 03:26:39,279 - INFO - Fold 1, Epoch 140: Val Acc: 0.59%
2025-08-15 03:26:43,696 - INFO - Fold 1, Epoch 150: Val Acc: 0.78%
2025-08-15 03:26:48,110 - INFO - Fold 1, Epoch 160: Val Acc: 0.69%
2025-08-15 03:26:52,306 - INFO - Fold 1, Epoch 170: Val Acc: 0.53%
2025-08-15 03:26:54,624 - INFO - Fold 1, Epoch 180: Val Acc: 0.56%
2025-08-15 03:26:56,925 - INFO - Fold 1, Epoch 190: Val Acc: 0.72%
2025-08-15 03:26:59,228 - INFO - Fold 1, Epoch 200: Val Acc: 0.59%
2025-08-15 03:27:01,512 - INFO - Fold 1, Epoch 210: Val Acc: 0.50%
2025-08-15 03:27:03,799 - INFO - Fold 1, Epoch 220: Val Acc: 0.69%
2025-08-15 03:27:05,953 - INFO - Fold 1, Epoch 230: Val Acc: 0.59%
2025-08-15 03:27:11,557 - INFO - --- Starting Fold 2/3 ---
2025-08-15 03:27:11,561 - INFO - Generated pairs. Train: 1128 (Positive: 48). Val: 276 (Positive: 24)
2025-08-15 03:27:11,562 - INFO - Starting training for fold 2/3
2025-08-15 03:27:15,397 - INFO - Fold 2, Epoch 10: Val Acc: 0.50%
2025-08-15 03:27:17,369 - INFO - Fold 2, Epoch 20: Val Acc: 0.59%
2025-08-15 03:27:19,606 - INFO - Fold 2, Epoch 30: Val Acc: 0.53%
2025-08-15 03:27:23,170 - INFO - Fold 2, Epoch 40: Val Acc: 0.59%
2025-08-15 03:27:26,806 - INFO - Fold 2, Epoch 50: Val Acc: 0.59%
2025-08-15 03:27:29,079 - INFO - Fold 2, Epoch 60: Val Acc: 0.53%
2025-08-15 03:27:31,315 - INFO - Fold 2, Epoch 70: Val Acc: 0.50%
2025-08-15 03:27:33,044 - INFO - Fold 2, Epoch 80: Val Acc: 0.72%
2025-08-15 03:27:36,167 - INFO - Fold 2, Epoch 90: Val Acc: 0.62%
2025-08-15 03:27:38,276 - INFO - Fold 2, Epoch 100: Val Acc: 0.62%
2025-08-15 03:27:40,599 - INFO - Fold 2, Epoch 110: Val Acc: 0.47%
2025-08-15 03:27:42,845 - INFO - Fold 2, Epoch 120: Val Acc: 0.72%
2025-08-15 03:27:46,380 - INFO - Fold 2, Epoch 130: Val Acc: 0.88%
2025-08-15 03:27:48,700 - INFO - Fold 2, Epoch 140: Val Acc: 0.75%
2025-08-15 03:27:50,932 - INFO - Fold 2, Epoch 150: Val Acc: 0.56%
2025-08-15 03:27:53,096 - INFO - Fold 2, Epoch 160: Val Acc: 0.75%
2025-08-15 03:27:55,024 - INFO - Fold 2, Epoch 170: Val Acc: 0.53%
2025-08-15 03:27:57,073 - INFO - Fold 2, Epoch 180: Val Acc: 0.59%
2025-08-15 03:27:59,073 - INFO - Fold 2, Epoch 190: Val Acc: 0.62%
2025-08-15 03:28:01,053 - INFO - Fold 2, Epoch 200: Val Acc: 0.50%
2025-08-15 03:28:03,053 - INFO - Fold 2, Epoch 210: Val Acc: 0.53%
2025-08-15 03:28:05,293 - INFO - Fold 2, Epoch 220: Val Acc: 0.78%
2025-08-15 03:28:07,494 - INFO - Early stopping at epoch 230
2025-08-15 03:28:10,389 - INFO - --- Starting Fold 3/3 ---
2025-08-15 03:28:10,400 - INFO - Generated pairs. Train: 1128 (Positive: 48). Val: 276 (Positive: 24)
2025-08-15 03:28:10,401 - INFO - Starting training for fold 3/3
2025-08-15 03:28:16,956 - INFO - Fold 3, Epoch 10: Val Acc: 0.44%
2025-08-15 03:28:19,189 - INFO - Fold 3, Epoch 20: Val Acc: 0.53%
2025-08-15 03:28:21,433 - INFO - Fold 3, Epoch 30: Val Acc: 0.47%
2025-08-15 03:28:25,144 - INFO - Fold 3, Epoch 40: Val Acc: 0.56%
2025-08-15 03:28:27,154 - INFO - Fold 3, Epoch 50: Val Acc: 0.47%
2025-08-15 03:28:28,932 - INFO - Fold 3, Epoch 60: Val Acc: 0.50%
2025-08-15 03:28:32,706 - INFO - Fold 3, Epoch 70: Val Acc: 0.50%
2025-08-15 03:28:35,967 - INFO - Fold 3, Epoch 80: Val Acc: 0.56%
2025-08-15 03:28:37,683 - INFO - Fold 3, Epoch 90: Val Acc: 0.59%
2025-08-15 03:28:40,785 - INFO - Fold 3, Epoch 100: Val Acc: 0.50%
2025-08-15 03:28:44,075 - INFO - Fold 3, Epoch 110: Val Acc: 0.59%
2025-08-15 03:28:46,338 - INFO - Fold 3, Epoch 120: Val Acc: 0.59%
2025-08-15 03:28:48,634 - INFO - Fold 3, Epoch 130: Val Acc: 0.53%
2025-08-15 03:28:50,342 - INFO - Fold 3, Epoch 140: Val Acc: 0.50%
2025-08-15 03:28:52,047 - INFO - Fold 3, Epoch 150: Val Acc: 0.81%
2025-08-15 03:28:54,031 - INFO - Fold 3, Epoch 160: Val Acc: 0.50%
2025-08-15 03:28:55,949 - INFO - Fold 3, Epoch 170: Val Acc: 0.66%
2025-08-15 03:28:57,661 - INFO - Fold 3, Epoch 180: Val Acc: 0.53%
2025-08-15 03:28:59,375 - INFO - Fold 3, Epoch 190: Val Acc: 0.69%
2025-08-15 03:29:01,288 - INFO - Fold 3, Epoch 200: Val Acc: 0.75%
2025-08-15 03:29:02,627 - INFO - Early stopping at epoch 207
2025-08-15 03:29:03,637 - INFO - Cross-validation statistics for transformer: {'train_loss': {'mean': np.float64(3.979365428288778), 'std': np.float64(0.047003539506390066)}, 'train_accuracy': {'mean': np.float64(0.7777777777777777), 'std': np.float64(0.017704928866641618)}, 'val_loss': {'mean': np.float64(4.112397193908691), 'std': np.float64(0.01960820988255245)}, 'val_accuracy': {'mean': np.float64(0.8541666666666666), 'std': np.float64(0.01473139127471974)}, 'epoch': {'mean': np.float64(134.0), 'std': np.float64(25.152865973217974)}}
[I 2025-08-15 03:29:03,643] Trial 175 finished with value: -0.8541666666666666 and parameters: {'learning_rate': 0.0005215848115483555, 'batch_size': 32, 'num_epochs': 239, 'temperature': 0.32398746609949824, 'embedding_dim': 256, 'hidden_dim': 256, 'dropout': 0.17114265868097472, 'num_layers': 5, 'num_heads': 2, 'noise_enabled': True, 'shift_enabled': False, 'scale_enabled': True, 'crop_enabled': True, 'flip_enabled': True, 'permutation_enabled': False, 'noise_level': 0.0934837277659751, 'crop_size': 0.5227365932415156}. Best is trial 92 with value: -0.9479166666666666.
Actual device being used: cuda
Attempting to load data from: /vol/ecrg-solar/woodj4/fishy-business/data/REIMS.xlsx
Trial 175 finished with value: -0.8541666666666666 and parameters: {'learning_rate': 0.0005215848115483555, 'batch_size': 32, 'num_epochs': 239, 'temperature': 0.32398746609949824, 'embedding_dim': 256, 'hidden_dim': 256, 'dropout': 0.17114265868097472, 'num_layers': 5, 'num_heads': 2, 'noise_enabled': True, 'shift_enabled': False, 'scale_enabled': True, 'crop_enabled': True, 'flip_enabled': True, 'permutation_enabled': False, 'noise_level': 0.0934837277659751, 'crop_size': 0.5227365932415156}. Best is trial 92 with value: -0.9479166666666666.
2025-08-15 03:29:03,686 - INFO - Using device: cuda
2025-08-15 03:29:13,260 - INFO - --- Starting Fold 1/3 ---
2025-08-15 03:29:13,261 - INFO - Generated pairs. Train: 1128 (Positive: 48). Val: 276 (Positive: 24)
2025-08-15 03:29:13,261 - INFO - Starting training for fold 1/3
2025-08-15 03:29:24,365 - INFO - Fold 1, Epoch 10: Val Acc: 0.47%
2025-08-15 03:29:28,971 - INFO - Fold 1, Epoch 20: Val Acc: 0.75%
2025-08-15 03:29:31,195 - INFO - Fold 1, Epoch 30: Val Acc: 0.78%
2025-08-15 03:29:33,413 - INFO - Fold 1, Epoch 40: Val Acc: 0.81%
2025-08-15 03:29:35,637 - INFO - Fold 1, Epoch 50: Val Acc: 0.81%
2025-08-15 03:29:37,664 - INFO - Fold 1, Epoch 60: Val Acc: 0.75%
2025-08-15 03:29:42,408 - INFO - Fold 1, Epoch 70: Val Acc: 0.69%
2025-08-15 03:29:44,644 - INFO - Fold 1, Epoch 80: Val Acc: 0.66%
2025-08-15 03:29:46,873 - INFO - Fold 1, Epoch 90: Val Acc: 0.75%
2025-08-15 03:29:49,091 - INFO - Fold 1, Epoch 100: Val Acc: 0.59%
2025-08-15 03:29:50,836 - INFO - Fold 1, Epoch 110: Val Acc: 0.66%
2025-08-15 03:29:52,532 - INFO - Fold 1, Epoch 120: Val Acc: 0.66%
2025-08-15 03:29:54,685 - INFO - Fold 1, Epoch 130: Val Acc: 0.81%
2025-08-15 03:29:56,913 - INFO - Fold 1, Epoch 140: Val Acc: 0.66%
2025-08-15 03:29:59,141 - INFO - Fold 1, Epoch 150: Val Acc: 0.56%
2025-08-15 03:30:01,372 - INFO - Fold 1, Epoch 160: Val Acc: 0.56%
2025-08-15 03:30:02,932 - INFO - Early stopping at epoch 167
2025-08-15 03:30:06,803 - INFO - --- Starting Fold 2/3 ---
2025-08-15 03:30:06,806 - INFO - Generated pairs. Train: 1128 (Positive: 48). Val: 276 (Positive: 24)
2025-08-15 03:30:06,806 - INFO - Starting training for fold 2/3
2025-08-15 03:30:12,201 - INFO - Fold 2, Epoch 10: Val Acc: 0.59%
2025-08-15 03:30:15,767 - INFO - Fold 2, Epoch 20: Val Acc: 0.66%
2025-08-15 03:30:19,630 - INFO - Fold 2, Epoch 30: Val Acc: 0.75%
2025-08-15 03:30:21,848 - INFO - Fold 2, Epoch 40: Val Acc: 0.62%
2025-08-15 03:30:26,927 - INFO - Fold 2, Epoch 50: Val Acc: 0.88%
2025-08-15 03:30:29,236 - INFO - Fold 2, Epoch 60: Val Acc: 0.66%
2025-08-15 03:30:32,818 - INFO - Fold 2, Epoch 70: Val Acc: 0.84%
2025-08-15 03:30:35,027 - INFO - Fold 2, Epoch 80: Val Acc: 0.78%
2025-08-15 03:30:37,241 - INFO - Fold 2, Epoch 90: Val Acc: 0.72%
2025-08-15 03:30:39,394 - INFO - Fold 2, Epoch 100: Val Acc: 0.72%
2025-08-15 03:30:41,456 - INFO - Fold 2, Epoch 110: Val Acc: 0.75%
2025-08-15 03:30:43,681 - INFO - Fold 2, Epoch 120: Val Acc: 0.75%
2025-08-15 03:30:45,910 - INFO - Fold 2, Epoch 130: Val Acc: 0.69%
2025-08-15 03:30:48,140 - INFO - Fold 2, Epoch 140: Val Acc: 0.84%
2025-08-15 03:30:50,360 - INFO - Fold 2, Epoch 150: Val Acc: 0.78%
2025-08-15 03:30:53,881 - INFO - Fold 2, Epoch 160: Val Acc: 0.94%
2025-08-15 03:30:56,176 - INFO - Fold 2, Epoch 170: Val Acc: 0.91%
2025-08-15 03:30:58,374 - INFO - Fold 2, Epoch 180: Val Acc: 0.91%
2025-08-15 03:31:00,586 - INFO - Fold 2, Epoch 190: Val Acc: 0.81%
2025-08-15 03:31:02,865 - INFO - Fold 2, Epoch 200: Val Acc: 0.78%
2025-08-15 03:31:05,190 - INFO - Fold 2, Epoch 210: Val Acc: 0.81%
2025-08-15 03:31:07,474 - INFO - Fold 2, Epoch 220: Val Acc: 0.75%
2025-08-15 03:31:09,695 - INFO - Fold 2, Epoch 230: Val Acc: 0.69%
2025-08-15 03:31:11,867 - INFO - Fold 2, Epoch 240: Val Acc: 0.62%
2025-08-15 03:31:13,862 - INFO - Fold 2, Epoch 250: Val Acc: 0.66%
2025-08-15 03:31:15,754 - INFO - Early stopping at epoch 260
2025-08-15 03:31:18,600 - INFO - --- Starting Fold 3/3 ---
2025-08-15 03:31:18,602 - INFO - Generated pairs. Train: 1128 (Positive: 48). Val: 276 (Positive: 24)
2025-08-15 03:31:18,603 - INFO - Starting training for fold 3/3
2025-08-15 03:31:25,170 - INFO - Fold 3, Epoch 10: Val Acc: 0.53%
2025-08-15 03:31:30,050 - INFO - Fold 3, Epoch 20: Val Acc: 0.62%
2025-08-15 03:31:33,405 - INFO - Fold 3, Epoch 30: Val Acc: 0.75%
2025-08-15 03:31:36,752 - INFO - Fold 3, Epoch 40: Val Acc: 0.62%
2025-08-15 03:31:38,693 - INFO - Fold 3, Epoch 50: Val Acc: 0.81%
2025-08-15 03:31:42,078 - INFO - Fold 3, Epoch 60: Val Acc: 0.78%
2025-08-15 03:31:44,113 - INFO - Fold 3, Epoch 70: Val Acc: 0.81%
2025-08-15 03:31:47,272 - INFO - Fold 3, Epoch 80: Val Acc: 0.72%
2025-08-15 03:31:49,423 - INFO - Fold 3, Epoch 90: Val Acc: 0.72%
2025-08-15 03:31:51,629 - INFO - Fold 3, Epoch 100: Val Acc: 0.53%
2025-08-15 03:31:53,844 - INFO - Fold 3, Epoch 110: Val Acc: 0.75%
2025-08-15 03:31:55,735 - INFO - Fold 3, Epoch 120: Val Acc: 0.69%
2025-08-15 03:31:58,836 - INFO - Fold 3, Epoch 130: Val Acc: 0.72%
2025-08-15 03:32:01,050 - INFO - Fold 3, Epoch 140: Val Acc: 0.81%
2025-08-15 03:32:03,251 - INFO - Fold 3, Epoch 150: Val Acc: 0.84%
2025-08-15 03:32:05,258 - INFO - Fold 3, Epoch 160: Val Acc: 0.59%
2025-08-15 03:32:06,964 - INFO - Fold 3, Epoch 170: Val Acc: 0.69%
2025-08-15 03:32:08,675 - INFO - Fold 3, Epoch 180: Val Acc: 0.69%
2025-08-15 03:32:10,382 - INFO - Fold 3, Epoch 190: Val Acc: 0.72%
2025-08-15 03:32:12,178 - INFO - Fold 3, Epoch 200: Val Acc: 0.72%
2025-08-15 03:32:13,933 - INFO - Fold 3, Epoch 210: Val Acc: 0.91%
2025-08-15 03:32:15,643 - INFO - Fold 3, Epoch 220: Val Acc: 0.62%
2025-08-15 03:32:16,837 - INFO - Early stopping at epoch 227
2025-08-15 03:32:17,889 - INFO - Cross-validation statistics for transformer: {'train_loss': {'mean': np.float64(3.867461363474528), 'std': np.float64(0.02945107596198737)}, 'train_accuracy': {'mean': np.float64(0.8090277777777777), 'std': np.float64(0.06152793453704631)}, 'val_loss': {'mean': np.float64(4.2536624272664385), 'std': np.float64(0.031276270418469934)}, 'val_accuracy': {'mean': np.float64(0.9166666666666666), 'std': np.float64(0.01473139127471974)}, 'epoch': {'mean': np.float64(117.0), 'std': np.float64(38.49675310984031)}}
[I 2025-08-15 03:32:17,896] Trial 176 finished with value: -0.9166666666666666 and parameters: {'learning_rate': 0.0007508414875071166, 'batch_size': 32, 'num_epochs': 346, 'temperature': 0.4217957731999827, 'embedding_dim': 128, 'hidden_dim': 256, 'dropout': 0.4931645037057259, 'num_layers': 5, 'num_heads': 8, 'noise_enabled': True, 'shift_enabled': False, 'scale_enabled': True, 'crop_enabled': True, 'flip_enabled': False, 'permutation_enabled': False, 'noise_level': 0.06230093959014641, 'crop_size': 0.5389050218140213}. Best is trial 92 with value: -0.9479166666666666.
Actual device being used: cuda
Attempting to load data from: /vol/ecrg-solar/woodj4/fishy-business/data/REIMS.xlsx
Trial 176 finished with value: -0.9166666666666666 and parameters: {'learning_rate': 0.0007508414875071166, 'batch_size': 32, 'num_epochs': 346, 'temperature': 0.4217957731999827, 'embedding_dim': 128, 'hidden_dim': 256, 'dropout': 0.4931645037057259, 'num_layers': 5, 'num_heads': 8, 'noise_enabled': True, 'shift_enabled': False, 'scale_enabled': True, 'crop_enabled': True, 'flip_enabled': False, 'permutation_enabled': False, 'noise_level': 0.06230093959014641, 'crop_size': 0.5389050218140213}. Best is trial 92 with value: -0.9479166666666666.
2025-08-15 03:32:17,938 - INFO - Using device: cuda
2025-08-15 03:32:27,897 - INFO - --- Starting Fold 1/3 ---
2025-08-15 03:32:27,899 - INFO - Generated pairs. Train: 1128 (Positive: 48). Val: 276 (Positive: 24)
2025-08-15 03:32:27,899 - INFO - Starting training for fold 1/3
2025-08-15 03:32:38,370 - INFO - Fold 1, Epoch 10: Val Acc: 0.56%
2025-08-15 03:32:40,644 - INFO - Fold 1, Epoch 20: Val Acc: 0.50%
2025-08-15 03:32:42,908 - INFO - Fold 1, Epoch 30: Val Acc: 0.53%
2025-08-15 03:32:45,170 - INFO - Fold 1, Epoch 40: Val Acc: 0.44%
2025-08-15 03:32:47,437 - INFO - Fold 1, Epoch 50: Val Acc: 0.53%
2025-08-15 03:32:51,836 - INFO - Fold 1, Epoch 60: Val Acc: 0.56%
2025-08-15 03:32:54,097 - INFO - Fold 1, Epoch 70: Val Acc: 0.50%
2025-08-15 03:32:56,230 - INFO - Fold 1, Epoch 80: Val Acc: 0.50%
2025-08-15 03:33:00,738 - INFO - Fold 1, Epoch 90: Val Acc: 0.41%
2025-08-15 03:33:02,965 - INFO - Fold 1, Epoch 100: Val Acc: 0.47%
2025-08-15 03:33:04,811 - INFO - Fold 1, Epoch 110: Val Acc: 0.50%
2025-08-15 03:33:07,081 - INFO - Fold 1, Epoch 120: Val Acc: 0.47%
2025-08-15 03:33:09,350 - INFO - Fold 1, Epoch 130: Val Acc: 0.41%
2025-08-15 03:33:11,354 - INFO - Fold 1, Epoch 140: Val Acc: 0.50%
2025-08-15 03:33:13,103 - INFO - Fold 1, Epoch 150: Val Acc: 0.50%
2025-08-15 03:33:15,017 - INFO - Fold 1, Epoch 160: Val Acc: 0.50%
2025-08-15 03:33:16,764 - INFO - Fold 1, Epoch 170: Val Acc: 0.50%
2025-08-15 03:33:18,556 - INFO - Fold 1, Epoch 180: Val Acc: 0.47%
2025-08-15 03:33:19,693 - INFO - Early stopping at epoch 185
2025-08-15 03:33:23,221 - INFO - --- Starting Fold 2/3 ---
2025-08-15 03:33:23,224 - INFO - Generated pairs. Train: 1128 (Positive: 48). Val: 276 (Positive: 24)
2025-08-15 03:33:23,225 - INFO - Starting training for fold 2/3
2025-08-15 03:33:27,046 - INFO - Fold 2, Epoch 10: Val Acc: 0.56%
2025-08-15 03:33:30,789 - INFO - Fold 2, Epoch 20: Val Acc: 0.47%
2025-08-15 03:33:33,018 - INFO - Fold 2, Epoch 30: Val Acc: 0.56%
2025-08-15 03:33:35,274 - INFO - Fold 2, Epoch 40: Val Acc: 0.47%
2025-08-15 03:33:37,514 - INFO - Fold 2, Epoch 50: Val Acc: 0.38%
2025-08-15 03:33:41,026 - INFO - Fold 2, Epoch 60: Val Acc: 0.47%
2025-08-15 03:33:43,109 - INFO - Fold 2, Epoch 70: Val Acc: 0.53%
2025-08-15 03:33:45,341 - INFO - Fold 2, Epoch 80: Val Acc: 0.56%
2025-08-15 03:33:47,152 - INFO - Fold 2, Epoch 90: Val Acc: 0.47%
2025-08-15 03:33:49,421 - INFO - Fold 2, Epoch 100: Val Acc: 0.44%
2025-08-15 03:33:51,705 - INFO - Fold 2, Epoch 110: Val Acc: 0.53%
2025-08-15 03:33:53,979 - INFO - Fold 2, Epoch 120: Val Acc: 0.53%
2025-08-15 03:33:56,261 - INFO - Fold 2, Epoch 130: Val Acc: 0.53%
2025-08-15 03:33:58,580 - INFO - Fold 2, Epoch 140: Val Acc: 0.44%
2025-08-15 03:34:02,289 - INFO - Fold 2, Epoch 150: Val Acc: 0.50%
2025-08-15 03:34:04,562 - INFO - Fold 2, Epoch 160: Val Acc: 0.50%
2025-08-15 03:34:06,826 - INFO - Fold 2, Epoch 170: Val Acc: 0.47%
2025-08-15 03:34:09,101 - INFO - Fold 2, Epoch 180: Val Acc: 0.50%
2025-08-15 03:34:11,362 - INFO - Fold 2, Epoch 190: Val Acc: 0.50%
2025-08-15 03:34:13,619 - INFO - Fold 2, Epoch 200: Val Acc: 0.47%
2025-08-15 03:34:15,888 - INFO - Fold 2, Epoch 210: Val Acc: 0.62%
2025-08-15 03:34:18,163 - INFO - Fold 2, Epoch 220: Val Acc: 0.59%
2025-08-15 03:34:20,429 - INFO - Fold 2, Epoch 230: Val Acc: 0.59%
2025-08-15 03:34:22,704 - INFO - Fold 2, Epoch 240: Val Acc: 0.44%
2025-08-15 03:34:23,163 - INFO - Early stopping at epoch 242
2025-08-15 03:34:24,175 - INFO - --- Starting Fold 3/3 ---
2025-08-15 03:34:24,177 - INFO - Generated pairs. Train: 1128 (Positive: 48). Val: 276 (Positive: 24)
2025-08-15 03:34:24,177 - INFO - Starting training for fold 3/3
2025-08-15 03:34:32,417 - INFO - Fold 3, Epoch 10: Val Acc: 0.72%
2025-08-15 03:34:34,766 - INFO - Fold 3, Epoch 20: Val Acc: 0.53%
2025-08-15 03:34:37,022 - INFO - Fold 3, Epoch 30: Val Acc: 0.47%
2025-08-15 03:34:39,293 - INFO - Fold 3, Epoch 40: Val Acc: 0.47%
2025-08-15 03:34:41,547 - INFO - Fold 3, Epoch 50: Val Acc: 0.41%
2025-08-15 03:34:43,800 - INFO - Fold 3, Epoch 60: Val Acc: 0.44%
2025-08-15 03:34:46,053 - INFO - Fold 3, Epoch 70: Val Acc: 0.47%
2025-08-15 03:34:48,311 - INFO - Fold 3, Epoch 80: Val Acc: 0.50%
2025-08-15 03:34:50,577 - INFO - Fold 3, Epoch 90: Val Acc: 0.31%
2025-08-15 03:34:52,840 - INFO - Fold 3, Epoch 100: Val Acc: 0.47%
2025-08-15 03:34:55,100 - INFO - Early stopping at epoch 110
2025-08-15 03:34:57,996 - INFO - Cross-validation statistics for transformer: {'train_loss': {'mean': np.float64(4.169670846727159), 'std': np.float64(0.003385952257596999)}, 'train_accuracy': {'mean': np.float64(0.5590277777777778), 'std': np.float64(0.03220006422047121)}, 'val_loss': {'mean': np.float64(4.161435763041179), 'std': np.float64(0.04833897341233433)}, 'val_accuracy': {'mean': np.float64(0.6979166666666666), 'std': np.float64(0.01473139127471974)}, 'epoch': {'mean': np.float64(78.0), 'std': np.float64(54.055527006958314)}}
[I 2025-08-15 03:34:58,006] Trial 177 finished with value: -0.6979166666666666 and parameters: {'learning_rate': 0.0002827965181219658, 'batch_size': 32, 'num_epochs': 911, 'temperature': 0.3007694470874489, 'embedding_dim': 256, 'hidden_dim': 256, 'dropout': 0.159558269489068, 'num_layers': 5, 'num_heads': 8, 'noise_enabled': True, 'shift_enabled': True, 'scale_enabled': True, 'crop_enabled': True, 'flip_enabled': False, 'permutation_enabled': False, 'noise_level': 0.07151210868091015, 'crop_size': 0.511457369668455}. Best is trial 92 with value: -0.9479166666666666.
Actual device being used: cuda
Attempting to load data from: /vol/ecrg-solar/woodj4/fishy-business/data/REIMS.xlsx
