Trial 183 finished with value: -0.8854166666666666 and parameters: {'learning_rate': 0.0005590716449828175, 'batch_size': 32, 'num_epochs': 821, 'temperature': 0.3185107457961447, 'embedding_dim': 256, 'hidden_dim': 256, 'dropout': 0.28498085858033606, 'num_layers': 5, 'num_heads': 4, 'noise_enabled': True, 'shift_enabled': False, 'scale_enabled': True, 'crop_enabled': True, 'flip_enabled': False, 'permutation_enabled': False, 'noise_level': 0.056972377356407505, 'crop_size': 0.5172184307239748}. Best is trial 92 with value: -0.9479166666666666.
2025-08-15 03:52:36,575 - INFO - Using device: cuda
2025-08-15 03:52:46,476 - INFO - --- Starting Fold 1/3 ---
2025-08-15 03:52:46,486 - INFO - Generated pairs. Train: 1128 (Positive: 48). Val: 276 (Positive: 24)
2025-08-15 03:52:46,486 - INFO - Starting training for fold 1/3
2025-08-15 03:52:55,721 - INFO - Fold 1, Epoch 10: Val Acc: 0.47%
2025-08-15 03:53:00,142 - INFO - Fold 1, Epoch 20: Val Acc: 0.56%
2025-08-15 03:53:06,899 - INFO - Fold 1, Epoch 30: Val Acc: 0.72%
2025-08-15 03:53:11,288 - INFO - Fold 1, Epoch 40: Val Acc: 0.59%
2025-08-15 03:53:13,515 - INFO - Fold 1, Epoch 50: Val Acc: 0.75%
2025-08-15 03:53:17,932 - INFO - Fold 1, Epoch 60: Val Acc: 0.69%
2025-08-15 03:53:20,101 - INFO - Fold 1, Epoch 70: Val Acc: 0.62%
2025-08-15 03:53:22,013 - INFO - Fold 1, Epoch 80: Val Acc: 0.66%
2025-08-15 03:53:23,926 - INFO - Fold 1, Epoch 90: Val Acc: 0.66%
2025-08-15 03:53:26,157 - INFO - Fold 1, Epoch 100: Val Acc: 0.75%
2025-08-15 03:53:28,376 - INFO - Fold 1, Epoch 110: Val Acc: 0.75%
2025-08-15 03:53:30,594 - INFO - Fold 1, Epoch 120: Val Acc: 0.72%
2025-08-15 03:53:32,813 - INFO - Fold 1, Epoch 130: Val Acc: 0.66%
2025-08-15 03:53:34,899 - INFO - Fold 1, Epoch 140: Val Acc: 0.66%
2025-08-15 03:53:37,108 - INFO - Fold 1, Epoch 150: Val Acc: 0.56%
2025-08-15 03:53:39,099 - INFO - Early stopping at epoch 159
2025-08-15 03:53:42,640 - INFO - --- Starting Fold 2/3 ---
2025-08-15 03:53:42,644 - INFO - Generated pairs. Train: 1128 (Positive: 48). Val: 276 (Positive: 24)
2025-08-15 03:53:42,645 - INFO - Starting training for fold 2/3
2025-08-15 03:53:49,245 - INFO - Fold 2, Epoch 10: Val Acc: 0.53%
2025-08-15 03:53:53,968 - INFO - Fold 2, Epoch 20: Val Acc: 0.66%
2025-08-15 03:53:56,188 - INFO - Fold 2, Epoch 30: Val Acc: 0.69%
2025-08-15 03:53:58,357 - INFO - Fold 2, Epoch 40: Val Acc: 0.72%
2025-08-15 03:54:01,858 - INFO - Fold 2, Epoch 50: Val Acc: 0.81%
2025-08-15 03:54:04,076 - INFO - Fold 2, Epoch 60: Val Acc: 0.78%
2025-08-15 03:54:05,826 - INFO - Fold 2, Epoch 70: Val Acc: 0.66%
2025-08-15 03:54:07,539 - INFO - Fold 2, Epoch 80: Val Acc: 0.72%
2025-08-15 03:54:09,580 - INFO - Fold 2, Epoch 90: Val Acc: 0.84%
2025-08-15 03:54:11,722 - INFO - Fold 2, Epoch 100: Val Acc: 0.78%
2025-08-15 03:54:13,960 - INFO - Fold 2, Epoch 110: Val Acc: 0.84%
2025-08-15 03:54:16,198 - INFO - Fold 2, Epoch 120: Val Acc: 0.72%
2025-08-15 03:54:18,437 - INFO - Fold 2, Epoch 130: Val Acc: 0.75%
2025-08-15 03:54:20,684 - INFO - Fold 2, Epoch 140: Val Acc: 0.66%
2025-08-15 03:54:24,299 - INFO - Fold 2, Epoch 150: Val Acc: 0.81%
2025-08-15 03:54:26,519 - INFO - Fold 2, Epoch 160: Val Acc: 0.88%
2025-08-15 03:54:28,762 - INFO - Fold 2, Epoch 170: Val Acc: 0.81%
2025-08-15 03:54:31,009 - INFO - Fold 2, Epoch 180: Val Acc: 0.81%
2025-08-15 03:54:33,243 - INFO - Fold 2, Epoch 190: Val Acc: 0.78%
2025-08-15 03:54:35,465 - INFO - Fold 2, Epoch 200: Val Acc: 0.69%
2025-08-15 03:54:37,699 - INFO - Fold 2, Epoch 210: Val Acc: 0.81%
2025-08-15 03:54:39,927 - INFO - Fold 2, Epoch 220: Val Acc: 0.78%
2025-08-15 03:54:42,150 - INFO - Fold 2, Epoch 230: Val Acc: 0.72%
2025-08-15 03:54:44,375 - INFO - Fold 2, Epoch 240: Val Acc: 0.78%
2025-08-15 03:54:45,928 - INFO - Early stopping at epoch 247
2025-08-15 03:54:48,675 - INFO - --- Starting Fold 3/3 ---
2025-08-15 03:54:48,678 - INFO - Generated pairs. Train: 1128 (Positive: 48). Val: 276 (Positive: 24)
2025-08-15 03:54:48,679 - INFO - Starting training for fold 3/3
2025-08-15 03:54:55,321 - INFO - Fold 3, Epoch 10: Val Acc: 0.53%
2025-08-15 03:54:59,041 - INFO - Fold 3, Epoch 20: Val Acc: 0.69%
2025-08-15 03:55:02,717 - INFO - Fold 3, Epoch 30: Val Acc: 0.69%
2025-08-15 03:55:06,287 - INFO - Fold 3, Epoch 40: Val Acc: 0.66%
2025-08-15 03:55:09,931 - INFO - Fold 3, Epoch 50: Val Acc: 0.84%
2025-08-15 03:55:14,006 - INFO - Fold 3, Epoch 60: Val Acc: 0.78%
2025-08-15 03:55:16,233 - INFO - Fold 3, Epoch 70: Val Acc: 0.78%
2025-08-15 03:55:18,336 - INFO - Fold 3, Epoch 80: Val Acc: 0.69%
2025-08-15 03:55:20,046 - INFO - Fold 3, Epoch 90: Val Acc: 0.72%
2025-08-15 03:55:22,026 - INFO - Fold 3, Epoch 100: Val Acc: 0.84%
2025-08-15 03:55:24,138 - INFO - Fold 3, Epoch 110: Val Acc: 0.69%
2025-08-15 03:55:25,968 - INFO - Fold 3, Epoch 120: Val Acc: 0.69%
2025-08-15 03:55:27,903 - INFO - Fold 3, Epoch 130: Val Acc: 0.72%
2025-08-15 03:55:30,129 - INFO - Fold 3, Epoch 140: Val Acc: 0.66%
2025-08-15 03:55:32,140 - INFO - Fold 3, Epoch 150: Val Acc: 0.81%
2025-08-15 03:55:34,142 - INFO - Early stopping at epoch 159
2025-08-15 03:55:35,163 - INFO - Cross-validation statistics for transformer: {'train_loss': {'mean': np.float64(3.860471169153849), 'std': np.float64(0.08428024536965636)}, 'train_accuracy': {'mean': np.float64(0.7708333333333334), 'std': np.float64(0.017010345435994324)}, 'val_loss': {'mean': np.float64(4.221214294433594), 'std': np.float64(0.07115239476447996)}, 'val_accuracy': {'mean': np.float64(0.9375), 'std': np.float64(0.02551551815399144)}, 'epoch': {'mean': np.float64(87.33333333333333), 'std': np.float64(41.48359782961079)}}
[I 2025-08-15 03:55:35,169] Trial 184 finished with value: -0.9375 and parameters: {'learning_rate': 0.0008073980840094295, 'batch_size': 32, 'num_epochs': 871, 'temperature': 0.4585939926830271, 'embedding_dim': 256, 'hidden_dim': 256, 'dropout': 0.2519207845282748, 'num_layers': 5, 'num_heads': 4, 'noise_enabled': True, 'shift_enabled': False, 'scale_enabled': True, 'crop_enabled': True, 'flip_enabled': False, 'permutation_enabled': False, 'noise_level': 0.059610111708607166, 'crop_size': 0.538688252342324}. Best is trial 92 with value: -0.9479166666666666.
Actual device being used: cuda
Attempting to load data from: /vol/ecrg-solar/woodj4/fishy-business/data/REIMS.xlsx
Trial 184 finished with value: -0.9375 and parameters: {'learning_rate': 0.0008073980840094295, 'batch_size': 32, 'num_epochs': 871, 'temperature': 0.4585939926830271, 'embedding_dim': 256, 'hidden_dim': 256, 'dropout': 0.2519207845282748, 'num_layers': 5, 'num_heads': 4, 'noise_enabled': True, 'shift_enabled': False, 'scale_enabled': True, 'crop_enabled': True, 'flip_enabled': False, 'permutation_enabled': False, 'noise_level': 0.059610111708607166, 'crop_size': 0.538688252342324}. Best is trial 92 with value: -0.9479166666666666.
2025-08-15 03:55:35,213 - INFO - Using device: cuda
2025-08-15 03:55:45,030 - INFO - --- Starting Fold 1/3 ---
2025-08-15 03:55:45,031 - INFO - Generated pairs. Train: 1128 (Positive: 48). Val: 276 (Positive: 24)
2025-08-15 03:55:45,032 - INFO - Starting training for fold 1/3
2025-08-15 03:55:53,891 - INFO - Fold 1, Epoch 10: Val Acc: 0.59%
2025-08-15 03:56:02,761 - INFO - Fold 1, Epoch 20: Val Acc: 0.66%
2025-08-15 03:56:07,047 - INFO - Fold 1, Epoch 30: Val Acc: 0.78%
2025-08-15 03:56:13,724 - INFO - Fold 1, Epoch 40: Val Acc: 0.75%
2025-08-15 03:56:15,936 - INFO - Fold 1, Epoch 50: Val Acc: 0.88%
2025-08-15 03:56:17,767 - INFO - Fold 1, Epoch 60: Val Acc: 0.81%
2025-08-15 03:56:19,483 - INFO - Fold 1, Epoch 70: Val Acc: 0.78%
2025-08-15 03:56:21,461 - INFO - Fold 1, Epoch 80: Val Acc: 0.84%
2025-08-15 03:56:23,367 - INFO - Fold 1, Epoch 90: Val Acc: 0.66%
2025-08-15 03:56:25,239 - INFO - Fold 1, Epoch 100: Val Acc: 0.78%
2025-08-15 03:56:26,954 - INFO - Fold 1, Epoch 110: Val Acc: 0.75%
2025-08-15 03:56:28,757 - INFO - Fold 1, Epoch 120: Val Acc: 0.69%
2025-08-15 03:56:30,980 - INFO - Fold 1, Epoch 130: Val Acc: 0.56%
2025-08-15 03:56:32,978 - INFO - Early stopping at epoch 139
2025-08-15 03:56:36,473 - INFO - --- Starting Fold 2/3 ---
2025-08-15 03:56:36,476 - INFO - Generated pairs. Train: 1128 (Positive: 48). Val: 276 (Positive: 24)
2025-08-15 03:56:36,476 - INFO - Starting training for fold 2/3
2025-08-15 03:56:44,588 - INFO - Fold 2, Epoch 10: Val Acc: 0.66%
2025-08-15 03:56:49,743 - INFO - Fold 2, Epoch 20: Val Acc: 0.72%
2025-08-15 03:56:51,778 - INFO - Fold 2, Epoch 30: Val Acc: 0.59%
2025-08-15 03:56:55,351 - INFO - Fold 2, Epoch 40: Val Acc: 0.84%
2025-08-15 03:56:57,574 - INFO - Fold 2, Epoch 50: Val Acc: 0.88%
2025-08-15 03:56:59,485 - INFO - Fold 2, Epoch 60: Val Acc: 0.84%
2025-08-15 03:57:01,708 - INFO - Fold 2, Epoch 70: Val Acc: 0.84%
2025-08-15 03:57:03,935 - INFO - Fold 2, Epoch 80: Val Acc: 0.75%
2025-08-15 03:57:06,169 - INFO - Fold 2, Epoch 90: Val Acc: 0.59%
2025-08-15 03:57:08,404 - INFO - Fold 2, Epoch 100: Val Acc: 0.78%
2025-08-15 03:57:10,634 - INFO - Fold 2, Epoch 110: Val Acc: 0.81%
2025-08-15 03:57:12,864 - INFO - Fold 2, Epoch 120: Val Acc: 0.78%
2025-08-15 03:57:14,668 - INFO - Fold 2, Epoch 130: Val Acc: 0.62%
2025-08-15 03:57:16,063 - INFO - Early stopping at epoch 137
2025-08-15 03:57:17,097 - INFO - --- Starting Fold 3/3 ---
2025-08-15 03:57:17,099 - INFO - Generated pairs. Train: 1128 (Positive: 48). Val: 276 (Positive: 24)
2025-08-15 03:57:17,100 - INFO - Starting training for fold 3/3
2025-08-15 03:57:25,010 - INFO - Fold 3, Epoch 10: Val Acc: 0.47%
2025-08-15 03:57:26,996 - INFO - Fold 3, Epoch 20: Val Acc: 0.69%
2025-08-15 03:57:30,711 - INFO - Fold 3, Epoch 30: Val Acc: 0.69%
2025-08-15 03:57:32,950 - INFO - Fold 3, Epoch 40: Val Acc: 0.84%
2025-08-15 03:57:35,184 - INFO - Fold 3, Epoch 50: Val Acc: 0.62%
2025-08-15 03:57:37,416 - INFO - Fold 3, Epoch 60: Val Acc: 0.62%
2025-08-15 03:57:41,088 - INFO - Fold 3, Epoch 70: Val Acc: 0.78%
2025-08-15 03:57:43,325 - INFO - Fold 3, Epoch 80: Val Acc: 0.72%
2025-08-15 03:57:45,556 - INFO - Fold 3, Epoch 90: Val Acc: 0.81%
2025-08-15 03:57:47,740 - INFO - Fold 3, Epoch 100: Val Acc: 0.84%
2025-08-15 03:57:49,941 - INFO - Fold 3, Epoch 110: Val Acc: 0.69%
2025-08-15 03:57:52,171 - INFO - Fold 3, Epoch 120: Val Acc: 0.72%
2025-08-15 03:57:54,397 - INFO - Fold 3, Epoch 130: Val Acc: 0.72%
2025-08-15 03:57:56,635 - INFO - Fold 3, Epoch 140: Val Acc: 0.72%
2025-08-15 03:57:58,866 - INFO - Fold 3, Epoch 150: Val Acc: 0.62%
2025-08-15 03:58:01,095 - INFO - Fold 3, Epoch 160: Val Acc: 0.75%
2025-08-15 03:58:01,272 - INFO - Early stopping at epoch 161
2025-08-15 03:58:02,311 - INFO - Cross-validation statistics for transformer: {'train_loss': {'mean': np.float64(3.969249195522732), 'std': np.float64(0.038160069217631744)}, 'train_accuracy': {'mean': np.float64(0.7777777777777778), 'std': np.float64(0.02455231879119953)}, 'val_loss': {'mean': np.float64(4.246293862660726), 'std': np.float64(0.03198356066633279)}, 'val_accuracy': {'mean': np.float64(0.9166666666666666), 'std': np.float64(0.01473139127471974)}, 'epoch': {'mean': np.float64(44.666666666666664), 'std': np.float64(10.873004286866726)}}
[I 2025-08-15 03:58:02,319] Trial 185 finished with value: -0.9166666666666666 and parameters: {'learning_rate': 0.0009071413691656857, 'batch_size': 32, 'num_epochs': 898, 'temperature': 0.4492092665159474, 'embedding_dim': 256, 'hidden_dim': 256, 'dropout': 0.4813470273485472, 'num_layers': 5, 'num_heads': 4, 'noise_enabled': True, 'shift_enabled': False, 'scale_enabled': True, 'crop_enabled': True, 'flip_enabled': False, 'permutation_enabled': False, 'noise_level': 0.06401579485948097, 'crop_size': 0.5520225628568489}. Best is trial 92 with value: -0.9479166666666666.
Actual device being used: cuda
Attempting to load data from: /vol/ecrg-solar/woodj4/fishy-business/data/REIMS.xlsx
Trial 185 finished with value: -0.9166666666666666 and parameters: {'learning_rate': 0.0009071413691656857, 'batch_size': 32, 'num_epochs': 898, 'temperature': 0.4492092665159474, 'embedding_dim': 256, 'hidden_dim': 256, 'dropout': 0.4813470273485472, 'num_layers': 5, 'num_heads': 4, 'noise_enabled': True, 'shift_enabled': False, 'scale_enabled': True, 'crop_enabled': True, 'flip_enabled': False, 'permutation_enabled': False, 'noise_level': 0.06401579485948097, 'crop_size': 0.5520225628568489}. Best is trial 92 with value: -0.9479166666666666.
2025-08-15 03:58:02,364 - INFO - Using device: cuda
2025-08-15 03:58:12,447 - INFO - --- Starting Fold 1/3 ---
2025-08-15 03:58:12,449 - INFO - Generated pairs. Train: 1128 (Positive: 48). Val: 276 (Positive: 24)
2025-08-15 03:58:12,449 - INFO - Starting training for fold 1/3
2025-08-15 03:58:23,525 - INFO - Fold 1, Epoch 10: Val Acc: 0.53%
2025-08-15 03:58:27,741 - INFO - Fold 1, Epoch 20: Val Acc: 0.78%
2025-08-15 03:58:34,501 - INFO - Fold 1, Epoch 30: Val Acc: 0.81%
2025-08-15 03:58:36,667 - INFO - Fold 1, Epoch 40: Val Acc: 0.56%
2025-08-15 03:58:38,895 - INFO - Fold 1, Epoch 50: Val Acc: 0.84%
2025-08-15 03:58:40,978 - INFO - Fold 1, Epoch 60: Val Acc: 0.81%
2025-08-15 03:58:42,950 - INFO - Fold 1, Epoch 70: Val Acc: 0.75%
2025-08-15 03:58:45,182 - INFO - Fold 1, Epoch 80: Val Acc: 0.66%
2025-08-15 03:58:47,261 - INFO - Fold 1, Epoch 90: Val Acc: 0.69%
2025-08-15 03:58:49,498 - INFO - Fold 1, Epoch 100: Val Acc: 0.72%
2025-08-15 03:58:51,452 - INFO - Fold 1, Epoch 110: Val Acc: 0.69%
2025-08-15 03:58:53,567 - INFO - Fold 1, Epoch 120: Val Acc: 0.69%
2025-08-15 03:58:54,899 - INFO - Early stopping at epoch 126
2025-08-15 03:58:58,607 - INFO - --- Starting Fold 2/3 ---
2025-08-15 03:58:58,610 - INFO - Generated pairs. Train: 1128 (Positive: 48). Val: 276 (Positive: 24)
2025-08-15 03:58:58,611 - INFO - Starting training for fold 2/3
2025-08-15 03:59:03,870 - INFO - Fold 2, Epoch 10: Val Acc: 0.69%
2025-08-15 03:59:07,716 - INFO - Fold 2, Epoch 20: Val Acc: 0.75%
2025-08-15 03:59:12,752 - INFO - Fold 2, Epoch 30: Val Acc: 0.81%
2025-08-15 03:59:14,980 - INFO - Fold 2, Epoch 40: Val Acc: 0.75%
2025-08-15 03:59:17,201 - INFO - Fold 2, Epoch 50: Val Acc: 0.78%
2025-08-15 03:59:19,259 - INFO - Fold 2, Epoch 60: Val Acc: 0.69%
2025-08-15 03:59:21,408 - INFO - Fold 2, Epoch 70: Val Acc: 0.69%
2025-08-15 03:59:23,625 - INFO - Fold 2, Epoch 80: Val Acc: 0.72%
2025-08-15 03:59:25,679 - INFO - Fold 2, Epoch 90: Val Acc: 0.72%
2025-08-15 03:59:27,393 - INFO - Fold 2, Epoch 100: Val Acc: 0.69%
2025-08-15 03:59:29,400 - INFO - Fold 2, Epoch 110: Val Acc: 0.84%
2025-08-15 03:59:31,447 - INFO - Fold 2, Epoch 120: Val Acc: 0.81%
2025-08-15 03:59:32,786 - INFO - Early stopping at epoch 127
2025-08-15 03:59:33,805 - INFO - --- Starting Fold 3/3 ---
2025-08-15 03:59:33,807 - INFO - Generated pairs. Train: 1128 (Positive: 48). Val: 276 (Positive: 24)
2025-08-15 03:59:33,807 - INFO - Starting training for fold 3/3
2025-08-15 03:59:41,938 - INFO - Fold 3, Epoch 10: Val Acc: 0.69%
2025-08-15 03:59:45,560 - INFO - Fold 3, Epoch 20: Val Acc: 0.72%
2025-08-15 03:59:49,228 - INFO - Fold 3, Epoch 30: Val Acc: 0.81%
2025-08-15 03:59:52,740 - INFO - Fold 3, Epoch 40: Val Acc: 0.81%
2025-08-15 03:59:54,968 - INFO - Fold 3, Epoch 50: Val Acc: 0.81%
2025-08-15 03:59:57,195 - INFO - Fold 3, Epoch 60: Val Acc: 0.72%
2025-08-15 03:59:59,426 - INFO - Fold 3, Epoch 70: Val Acc: 0.69%
2025-08-15 04:00:01,665 - INFO - Fold 3, Epoch 80: Val Acc: 0.75%
2025-08-15 04:00:03,897 - INFO - Fold 3, Epoch 90: Val Acc: 0.78%
2025-08-15 04:00:06,122 - INFO - Fold 3, Epoch 100: Val Acc: 0.75%
2025-08-15 04:00:07,984 - INFO - Fold 3, Epoch 110: Val Acc: 0.69%
2025-08-15 04:00:09,688 - INFO - Fold 3, Epoch 120: Val Acc: 0.75%
2025-08-15 04:00:11,564 - INFO - Fold 3, Epoch 130: Val Acc: 0.72%
2025-08-15 04:00:12,758 - INFO - Early stopping at epoch 137
2025-08-15 04:00:13,786 - INFO - Cross-validation statistics for transformer: {'train_loss': {'mean': np.float64(3.947284539540609), 'std': np.float64(0.03319030677611227)}, 'train_accuracy': {'mean': np.float64(0.7256944444444445), 'std': np.float64(0.0177049288666416)}, 'val_loss': {'mean': np.float64(4.220925172170003), 'std': np.float64(0.05462136727708463)}, 'val_accuracy': {'mean': np.float64(0.8958333333333334), 'std': np.float64(0.01473139127471974)}, 'epoch': {'mean': np.float64(29.0), 'std': np.float64(4.96655480858378)}}
[I 2025-08-15 04:00:13,792] Trial 186 finished with value: -0.8958333333333334 and parameters: {'learning_rate': 0.0007900226527455622, 'batch_size': 32, 'num_epochs': 877, 'temperature': 0.4573602597778863, 'embedding_dim': 256, 'hidden_dim': 256, 'dropout': 0.449165302622857, 'num_layers': 5, 'num_heads': 8, 'noise_enabled': True, 'shift_enabled': False, 'scale_enabled': True, 'crop_enabled': True, 'flip_enabled': False, 'permutation_enabled': False, 'noise_level': 0.07003292471842433, 'crop_size': 0.562702320686159}. Best is trial 92 with value: -0.9479166666666666.
Actual device being used: cuda
Attempting to load data from: /vol/ecrg-solar/woodj4/fishy-business/data/REIMS.xlsx
