Trial 112 finished with value: -0.8854166666666666 and parameters: {'learning_rate': 0.0004972874605381656, 'batch_size': 32, 'num_epochs': 844, 'temperature': 0.37242221570182243, 'embedding_dim': 128, 'hidden_dim': 256, 'dropout': 0.46468027705287673, 'num_layers': 4, 'num_heads': 8, 'noise_enabled': True, 'shift_enabled': False, 'scale_enabled': True, 'crop_enabled': True, 'flip_enabled': False, 'permutation_enabled': False, 'noise_level': 0.19749583890690717, 'crop_size': 0.5904272079202576}. Best is trial 92 with value: -0.9479166666666666.
2025-08-15 00:28:03,296 - INFO - Using device: cuda
2025-08-15 00:28:13,204 - INFO - --- Starting Fold 1/3 ---
2025-08-15 00:28:13,205 - INFO - Generated pairs. Train: 1128 (Positive: 48). Val: 276 (Positive: 24)
2025-08-15 00:28:13,205 - INFO - Starting training for fold 1/3
2025-08-15 00:28:23,395 - INFO - Fold 1, Epoch 10: Val Acc: 0.56%
2025-08-15 00:28:27,828 - INFO - Fold 1, Epoch 20: Val Acc: 0.53%
2025-08-15 00:28:30,058 - INFO - Fold 1, Epoch 30: Val Acc: 0.59%
2025-08-15 00:28:34,590 - INFO - Fold 1, Epoch 40: Val Acc: 0.72%
2025-08-15 00:28:38,837 - INFO - Fold 1, Epoch 50: Val Acc: 0.62%
2025-08-15 00:28:41,049 - INFO - Fold 1, Epoch 60: Val Acc: 0.72%
2025-08-15 00:28:43,259 - INFO - Fold 1, Epoch 70: Val Acc: 0.81%
2025-08-15 00:28:47,758 - INFO - Fold 1, Epoch 80: Val Acc: 0.75%
2025-08-15 00:28:49,934 - INFO - Fold 1, Epoch 90: Val Acc: 0.62%
2025-08-15 00:28:52,157 - INFO - Fold 1, Epoch 100: Val Acc: 0.69%
2025-08-15 00:28:56,645 - INFO - Fold 1, Epoch 110: Val Acc: 0.69%
2025-08-15 00:28:58,871 - INFO - Fold 1, Epoch 120: Val Acc: 0.81%
2025-08-15 00:29:01,102 - INFO - Fold 1, Epoch 130: Val Acc: 0.84%
2025-08-15 00:29:03,332 - INFO - Fold 1, Epoch 140: Val Acc: 0.69%
2025-08-15 00:29:05,561 - INFO - Fold 1, Epoch 150: Val Acc: 0.84%
2025-08-15 00:29:07,789 - INFO - Fold 1, Epoch 160: Val Acc: 0.88%
2025-08-15 00:29:10,008 - INFO - Fold 1, Epoch 170: Val Acc: 0.69%
2025-08-15 00:29:14,472 - INFO - Fold 1, Epoch 180: Val Acc: 0.84%
2025-08-15 00:29:16,690 - INFO - Fold 1, Epoch 190: Val Acc: 0.66%
2025-08-15 00:29:18,909 - INFO - Fold 1, Epoch 200: Val Acc: 0.56%
2025-08-15 00:29:20,980 - INFO - Fold 1, Epoch 210: Val Acc: 0.69%
2025-08-15 00:29:23,039 - INFO - Fold 1, Epoch 220: Val Acc: 0.78%
2025-08-15 00:29:25,006 - INFO - Fold 1, Epoch 230: Val Acc: 0.72%
2025-08-15 00:29:27,218 - INFO - Fold 1, Epoch 240: Val Acc: 0.69%
2025-08-15 00:29:29,422 - INFO - Fold 1, Epoch 250: Val Acc: 0.72%
2025-08-15 00:29:31,469 - INFO - Fold 1, Epoch 260: Val Acc: 0.66%
2025-08-15 00:29:33,626 - INFO - Fold 1, Epoch 270: Val Acc: 0.78%
2025-08-15 00:29:35,629 - INFO - Early stopping at epoch 279
2025-08-15 00:29:39,249 - INFO - --- Starting Fold 2/3 ---
2025-08-15 00:29:39,252 - INFO - Generated pairs. Train: 1128 (Positive: 48). Val: 276 (Positive: 24)
2025-08-15 00:29:39,252 - INFO - Starting training for fold 2/3
2025-08-15 00:29:44,253 - INFO - Fold 2, Epoch 10: Val Acc: 0.50%
2025-08-15 00:29:45,958 - INFO - Fold 2, Epoch 20: Val Acc: 0.59%
2025-08-15 00:29:52,387 - INFO - Fold 2, Epoch 30: Val Acc: 0.59%
2025-08-15 00:29:56,005 - INFO - Fold 2, Epoch 40: Val Acc: 0.75%
2025-08-15 00:29:59,642 - INFO - Fold 2, Epoch 50: Val Acc: 0.66%
2025-08-15 00:30:03,264 - INFO - Fold 2, Epoch 60: Val Acc: 0.75%
2025-08-15 00:30:06,990 - INFO - Fold 2, Epoch 70: Val Acc: 0.94%
2025-08-15 00:30:09,313 - INFO - Fold 2, Epoch 80: Val Acc: 0.78%
2025-08-15 00:30:11,477 - INFO - Fold 2, Epoch 90: Val Acc: 0.75%
2025-08-15 00:30:13,764 - INFO - Fold 2, Epoch 100: Val Acc: 0.78%
2025-08-15 00:30:15,975 - INFO - Fold 2, Epoch 110: Val Acc: 0.81%
2025-08-15 00:30:18,187 - INFO - Fold 2, Epoch 120: Val Acc: 0.75%
2025-08-15 00:30:20,387 - INFO - Fold 2, Epoch 130: Val Acc: 0.81%
2025-08-15 00:30:22,622 - INFO - Fold 2, Epoch 140: Val Acc: 0.75%
2025-08-15 00:30:24,828 - INFO - Fold 2, Epoch 150: Val Acc: 0.84%
2025-08-15 00:30:27,041 - INFO - Fold 2, Epoch 160: Val Acc: 0.72%
2025-08-15 00:30:28,981 - INFO - Early stopping at epoch 170
2025-08-15 00:30:30,064 - INFO - --- Starting Fold 3/3 ---
2025-08-15 00:30:30,066 - INFO - Generated pairs. Train: 1128 (Positive: 48). Val: 276 (Positive: 24)
2025-08-15 00:30:30,066 - INFO - Starting training for fold 3/3
2025-08-15 00:30:36,863 - INFO - Fold 3, Epoch 10: Val Acc: 0.69%
2025-08-15 00:30:40,472 - INFO - Fold 3, Epoch 20: Val Acc: 0.75%
2025-08-15 00:30:42,790 - INFO - Fold 3, Epoch 30: Val Acc: 0.59%
2025-08-15 00:30:46,356 - INFO - Fold 3, Epoch 40: Val Acc: 0.78%
2025-08-15 00:30:51,579 - INFO - Fold 3, Epoch 50: Val Acc: 0.94%
2025-08-15 00:30:53,891 - INFO - Fold 3, Epoch 60: Val Acc: 0.72%
2025-08-15 00:30:56,116 - INFO - Fold 3, Epoch 70: Val Acc: 0.72%
2025-08-15 00:30:58,336 - INFO - Fold 3, Epoch 80: Val Acc: 0.88%
2025-08-15 00:31:00,558 - INFO - Fold 3, Epoch 90: Val Acc: 0.78%
2025-08-15 00:31:02,776 - INFO - Fold 3, Epoch 100: Val Acc: 0.88%
2025-08-15 00:31:05,004 - INFO - Fold 3, Epoch 110: Val Acc: 0.81%
2025-08-15 00:31:07,229 - INFO - Fold 3, Epoch 120: Val Acc: 0.78%
2025-08-15 00:31:09,457 - INFO - Fold 3, Epoch 130: Val Acc: 0.84%
2025-08-15 00:31:11,665 - INFO - Fold 3, Epoch 140: Val Acc: 0.78%
2025-08-15 00:31:13,884 - INFO - Early stopping at epoch 150
2025-08-15 00:31:14,932 - INFO - Cross-validation statistics for transformer: {'train_loss': {'mean': np.float64(3.9450378153059216), 'std': np.float64(0.048240260928501956)}, 'train_accuracy': {'mean': np.float64(0.7569444444444445), 'std': np.float64(0.025983731852596822)}, 'val_loss': {'mean': np.float64(4.21873410542806), 'std': np.float64(0.054827831914124756)}, 'val_accuracy': {'mean': np.float64(0.9375), 'std': np.float64(0.0)}, 'epoch': {'mean': np.float64(98.66666666666667), 'std': np.float64(56.68823119092318)}}
[I 2025-08-15 00:31:14,939] Trial 113 finished with value: -0.9375 and parameters: {'learning_rate': 0.00042864413019607815, 'batch_size': 32, 'num_epochs': 954, 'temperature': 0.4315309998418187, 'embedding_dim': 128, 'hidden_dim': 256, 'dropout': 0.49053351973757864, 'num_layers': 5, 'num_heads': 8, 'noise_enabled': True, 'shift_enabled': False, 'scale_enabled': True, 'crop_enabled': True, 'flip_enabled': False, 'permutation_enabled': False, 'noise_level': 0.19492728399145917, 'crop_size': 0.5315667877747347}. Best is trial 92 with value: -0.9479166666666666.
Actual device being used: cuda
Attempting to load data from: /vol/ecrg-solar/woodj4/fishy-business/data/REIMS.xlsx
Trial 113 finished with value: -0.9375 and parameters: {'learning_rate': 0.00042864413019607815, 'batch_size': 32, 'num_epochs': 954, 'temperature': 0.4315309998418187, 'embedding_dim': 128, 'hidden_dim': 256, 'dropout': 0.49053351973757864, 'num_layers': 5, 'num_heads': 8, 'noise_enabled': True, 'shift_enabled': False, 'scale_enabled': True, 'crop_enabled': True, 'flip_enabled': False, 'permutation_enabled': False, 'noise_level': 0.19492728399145917, 'crop_size': 0.5315667877747347}. Best is trial 92 with value: -0.9479166666666666.
2025-08-15 00:31:14,977 - INFO - Using device: cuda
2025-08-15 00:31:24,648 - INFO - --- Starting Fold 1/3 ---
2025-08-15 00:31:24,649 - INFO - Generated pairs. Train: 1128 (Positive: 48). Val: 276 (Positive: 24)
2025-08-15 00:31:24,649 - INFO - Starting training for fold 1/3
2025-08-15 00:31:31,433 - INFO - Fold 1, Epoch 10: Val Acc: 0.34%
2025-08-15 00:31:42,524 - INFO - Fold 1, Epoch 20: Val Acc: 0.84%
2025-08-15 00:31:44,839 - INFO - Fold 1, Epoch 30: Val Acc: 0.62%
2025-08-15 00:31:47,063 - INFO - Fold 1, Epoch 40: Val Acc: 0.72%
2025-08-15 00:31:51,446 - INFO - Fold 1, Epoch 50: Val Acc: 0.88%
2025-08-15 00:31:53,562 - INFO - Fold 1, Epoch 60: Val Acc: 0.72%
2025-08-15 00:31:55,727 - INFO - Fold 1, Epoch 70: Val Acc: 0.75%
2025-08-15 00:31:57,730 - INFO - Fold 1, Epoch 80: Val Acc: 0.66%
2025-08-15 00:31:59,945 - INFO - Fold 1, Epoch 90: Val Acc: 0.72%
2025-08-15 00:32:02,161 - INFO - Fold 1, Epoch 100: Val Acc: 0.72%
2025-08-15 00:32:04,377 - INFO - Fold 1, Epoch 110: Val Acc: 0.78%
2025-08-15 00:32:06,599 - INFO - Fold 1, Epoch 120: Val Acc: 0.84%
2025-08-15 00:32:08,820 - INFO - Fold 1, Epoch 130: Val Acc: 0.78%
2025-08-15 00:32:11,040 - INFO - Fold 1, Epoch 140: Val Acc: 0.75%
2025-08-15 00:32:13,254 - INFO - Early stopping at epoch 150
2025-08-15 00:32:16,722 - INFO - --- Starting Fold 2/3 ---
2025-08-15 00:32:16,725 - INFO - Generated pairs. Train: 1128 (Positive: 48). Val: 276 (Positive: 24)
2025-08-15 00:32:16,726 - INFO - Starting training for fold 2/3
2025-08-15 00:32:24,836 - INFO - Fold 2, Epoch 10: Val Acc: 0.66%
2025-08-15 00:32:27,050 - INFO - Fold 2, Epoch 20: Val Acc: 0.66%
2025-08-15 00:32:32,083 - INFO - Fold 2, Epoch 30: Val Acc: 0.84%
2025-08-15 00:32:34,387 - INFO - Fold 2, Epoch 40: Val Acc: 0.75%
2025-08-15 00:32:36,093 - INFO - Fold 2, Epoch 50: Val Acc: 0.59%
2025-08-15 00:32:37,848 - INFO - Fold 2, Epoch 60: Val Acc: 0.75%
2025-08-15 00:32:40,078 - INFO - Fold 2, Epoch 70: Val Acc: 0.69%
2025-08-15 00:32:42,302 - INFO - Fold 2, Epoch 80: Val Acc: 0.69%
2025-08-15 00:32:44,008 - INFO - Fold 2, Epoch 90: Val Acc: 0.72%
2025-08-15 00:32:47,263 - INFO - Fold 2, Epoch 100: Val Acc: 0.84%
2025-08-15 00:32:48,970 - INFO - Fold 2, Epoch 110: Val Acc: 0.72%
2025-08-15 00:32:50,805 - INFO - Fold 2, Epoch 120: Val Acc: 0.72%
2025-08-15 00:32:52,919 - INFO - Fold 2, Epoch 130: Val Acc: 0.69%
2025-08-15 00:32:55,136 - INFO - Fold 2, Epoch 140: Val Acc: 0.75%
2025-08-15 00:32:58,728 - INFO - Fold 2, Epoch 150: Val Acc: 0.75%
2025-08-15 00:33:00,957 - INFO - Fold 2, Epoch 160: Val Acc: 0.72%
2025-08-15 00:33:03,162 - INFO - Fold 2, Epoch 170: Val Acc: 0.72%
2025-08-15 00:33:05,394 - INFO - Fold 2, Epoch 180: Val Acc: 0.78%
2025-08-15 00:33:07,656 - INFO - Fold 2, Epoch 190: Val Acc: 0.81%
2025-08-15 00:33:09,873 - INFO - Fold 2, Epoch 200: Val Acc: 0.66%
2025-08-15 00:33:12,090 - INFO - Fold 2, Epoch 210: Val Acc: 0.81%
2025-08-15 00:33:14,313 - INFO - Fold 2, Epoch 220: Val Acc: 0.84%
2025-08-15 00:33:16,326 - INFO - Fold 2, Epoch 230: Val Acc: 0.72%
2025-08-15 00:33:18,233 - INFO - Fold 2, Epoch 240: Val Acc: 0.72%
2025-08-15 00:33:19,561 - INFO - Early stopping at epoch 246
2025-08-15 00:33:22,465 - INFO - --- Starting Fold 3/3 ---
2025-08-15 00:33:22,467 - INFO - Generated pairs. Train: 1128 (Positive: 48). Val: 276 (Positive: 24)
2025-08-15 00:33:22,468 - INFO - Starting training for fold 3/3
2025-08-15 00:33:33,440 - INFO - Fold 3, Epoch 10: Val Acc: 0.62%
2025-08-15 00:33:37,031 - INFO - Fold 3, Epoch 20: Val Acc: 0.59%
2025-08-15 00:33:40,669 - INFO - Fold 3, Epoch 30: Val Acc: 0.56%
2025-08-15 00:33:44,431 - INFO - Fold 3, Epoch 40: Val Acc: 0.72%
2025-08-15 00:33:46,663 - INFO - Fold 3, Epoch 50: Val Acc: 0.81%
2025-08-15 00:33:50,060 - INFO - Fold 3, Epoch 60: Val Acc: 0.84%
2025-08-15 00:33:51,871 - INFO - Fold 3, Epoch 70: Val Acc: 0.59%
2025-08-15 00:33:55,461 - INFO - Fold 3, Epoch 80: Val Acc: 0.62%
2025-08-15 00:33:57,749 - INFO - Fold 3, Epoch 90: Val Acc: 0.75%
2025-08-15 00:34:00,055 - INFO - Fold 3, Epoch 100: Val Acc: 0.66%
2025-08-15 00:34:02,198 - INFO - Fold 3, Epoch 110: Val Acc: 0.78%
2025-08-15 00:34:04,186 - INFO - Fold 3, Epoch 120: Val Acc: 0.78%
2025-08-15 00:34:07,728 - INFO - Fold 3, Epoch 130: Val Acc: 0.88%
2025-08-15 00:34:09,952 - INFO - Fold 3, Epoch 140: Val Acc: 0.75%
2025-08-15 00:34:12,062 - INFO - Fold 3, Epoch 150: Val Acc: 0.72%
2025-08-15 00:34:14,301 - INFO - Fold 3, Epoch 160: Val Acc: 0.72%
2025-08-15 00:34:16,530 - INFO - Fold 3, Epoch 170: Val Acc: 0.81%
2025-08-15 00:34:18,757 - INFO - Fold 3, Epoch 180: Val Acc: 0.75%
2025-08-15 00:34:21,005 - INFO - Fold 3, Epoch 190: Val Acc: 0.59%
2025-08-15 00:34:23,260 - INFO - Fold 3, Epoch 200: Val Acc: 0.69%
2025-08-15 00:34:25,481 - INFO - Fold 3, Epoch 210: Val Acc: 0.69%
2025-08-15 00:34:27,694 - INFO - Fold 3, Epoch 220: Val Acc: 0.78%
2025-08-15 00:34:28,135 - INFO - Early stopping at epoch 222
2025-08-15 00:34:29,198 - INFO - Cross-validation statistics for transformer: {'train_loss': {'mean': np.float64(3.952895402908325), 'std': np.float64(0.044131836797246776)}, 'train_accuracy': {'mean': np.float64(0.7708333333333334), 'std': np.float64(0.022502571869471796)}, 'val_loss': {'mean': np.float64(4.100129286448161), 'std': np.float64(0.010070751880738154)}, 'val_accuracy': {'mean': np.float64(0.8958333333333334), 'std': np.float64(0.01473139127471974)}, 'epoch': {'mean': np.float64(105.0), 'std': np.float64(40.792156108742276)}}
[I 2025-08-15 00:34:29,205] Trial 114 finished with value: -0.8958333333333334 and parameters: {'learning_rate': 0.00042939033260609797, 'batch_size': 32, 'num_epochs': 947, 'temperature': 0.44538735893009285, 'embedding_dim': 128, 'hidden_dim': 256, 'dropout': 0.4915926344132548, 'num_layers': 5, 'num_heads': 8, 'noise_enabled': True, 'shift_enabled': False, 'scale_enabled': True, 'crop_enabled': True, 'flip_enabled': False, 'permutation_enabled': False, 'noise_level': 0.1943045087472735, 'crop_size': 0.5322728176322039}. Best is trial 92 with value: -0.9479166666666666.
Actual device being used: cuda
Attempting to load data from: /vol/ecrg-solar/woodj4/fishy-business/data/REIMS.xlsx
Trial 114 finished with value: -0.8958333333333334 and parameters: {'learning_rate': 0.00042939033260609797, 'batch_size': 32, 'num_epochs': 947, 'temperature': 0.44538735893009285, 'embedding_dim': 128, 'hidden_dim': 256, 'dropout': 0.4915926344132548, 'num_layers': 5, 'num_heads': 8, 'noise_enabled': True, 'shift_enabled': False, 'scale_enabled': True, 'crop_enabled': True, 'flip_enabled': False, 'permutation_enabled': False, 'noise_level': 0.1943045087472735, 'crop_size': 0.5322728176322039}. Best is trial 92 with value: -0.9479166666666666.
2025-08-15 00:34:29,244 - INFO - Using device: cuda
2025-08-15 00:34:39,070 - INFO - --- Starting Fold 1/3 ---
2025-08-15 00:34:39,072 - INFO - Generated pairs. Train: 1128 (Positive: 48). Val: 276 (Positive: 24)
2025-08-15 00:34:39,072 - INFO - Starting training for fold 1/3
2025-08-15 00:34:50,210 - INFO - Fold 1, Epoch 10: Val Acc: 0.59%
2025-08-15 00:34:52,440 - INFO - Fold 1, Epoch 20: Val Acc: 0.41%
2025-08-15 00:34:59,047 - INFO - Fold 1, Epoch 30: Val Acc: 0.69%
2025-08-15 00:35:01,280 - INFO - Fold 1, Epoch 40: Val Acc: 0.72%
2025-08-15 00:35:05,621 - INFO - Fold 1, Epoch 50: Val Acc: 0.59%
2025-08-15 00:35:07,837 - INFO - Fold 1, Epoch 60: Val Acc: 0.72%
2025-08-15 00:35:10,061 - INFO - Fold 1, Epoch 70: Val Acc: 0.66%
2025-08-15 00:35:12,284 - INFO - Fold 1, Epoch 80: Val Acc: 0.78%
2025-08-15 00:35:14,511 - INFO - Fold 1, Epoch 90: Val Acc: 0.75%
2025-08-15 00:35:16,744 - INFO - Fold 1, Epoch 100: Val Acc: 0.69%
2025-08-15 00:35:18,976 - INFO - Fold 1, Epoch 110: Val Acc: 0.75%
2025-08-15 00:35:21,210 - INFO - Fold 1, Epoch 120: Val Acc: 0.84%
2025-08-15 00:35:23,463 - INFO - Fold 1, Epoch 130: Val Acc: 0.78%
2025-08-15 00:35:25,756 - INFO - Fold 1, Epoch 140: Val Acc: 0.72%
2025-08-15 00:35:27,762 - INFO - Early stopping at epoch 149
2025-08-15 00:35:31,368 - INFO - --- Starting Fold 2/3 ---
2025-08-15 00:35:31,370 - INFO - Generated pairs. Train: 1128 (Positive: 48). Val: 276 (Positive: 24)
2025-08-15 00:35:31,371 - INFO - Starting training for fold 2/3
2025-08-15 00:35:38,083 - INFO - Fold 2, Epoch 10: Val Acc: 0.62%
2025-08-15 00:35:41,577 - INFO - Fold 2, Epoch 20: Val Acc: 0.69%
2025-08-15 00:35:45,238 - INFO - Fold 2, Epoch 30: Val Acc: 0.56%
2025-08-15 00:35:48,886 - INFO - Fold 2, Epoch 40: Val Acc: 0.72%
2025-08-15 00:35:52,603 - INFO - Fold 2, Epoch 50: Val Acc: 0.78%
2025-08-15 00:35:56,243 - INFO - Fold 2, Epoch 60: Val Acc: 0.84%
2025-08-15 00:35:58,490 - INFO - Fold 2, Epoch 70: Val Acc: 0.72%
2025-08-15 00:36:00,776 - INFO - Fold 2, Epoch 80: Val Acc: 0.75%
2025-08-15 00:36:03,086 - INFO - Fold 2, Epoch 90: Val Acc: 0.75%
2025-08-15 00:36:06,812 - INFO - Fold 2, Epoch 100: Val Acc: 0.81%
2025-08-15 00:36:10,579 - INFO - Fold 2, Epoch 110: Val Acc: 0.62%
2025-08-15 00:36:12,890 - INFO - Fold 2, Epoch 120: Val Acc: 0.69%
2025-08-15 00:36:15,208 - INFO - Fold 2, Epoch 130: Val Acc: 0.88%
2025-08-15 00:36:17,528 - INFO - Fold 2, Epoch 140: Val Acc: 0.78%
2025-08-15 00:36:19,843 - INFO - Fold 2, Epoch 150: Val Acc: 0.72%
2025-08-15 00:36:22,153 - INFO - Fold 2, Epoch 160: Val Acc: 0.56%
2025-08-15 00:36:24,467 - INFO - Fold 2, Epoch 170: Val Acc: 0.69%
2025-08-15 00:36:26,744 - INFO - Fold 2, Epoch 180: Val Acc: 0.75%
2025-08-15 00:36:28,718 - INFO - Fold 2, Epoch 190: Val Acc: 0.69%
2025-08-15 00:36:30,684 - INFO - Fold 2, Epoch 200: Val Acc: 0.81%
2025-08-15 00:36:31,130 - INFO - Early stopping at epoch 202
2025-08-15 00:36:34,241 - INFO - --- Starting Fold 3/3 ---
2025-08-15 00:36:34,244 - INFO - Generated pairs. Train: 1128 (Positive: 48). Val: 276 (Positive: 24)
2025-08-15 00:36:34,244 - INFO - Starting training for fold 3/3
2025-08-15 00:36:40,781 - INFO - Fold 3, Epoch 10: Val Acc: 0.50%
2025-08-15 00:36:44,283 - INFO - Fold 3, Epoch 20: Val Acc: 0.50%
2025-08-15 00:36:47,864 - INFO - Fold 3, Epoch 30: Val Acc: 0.78%
2025-08-15 00:36:51,566 - INFO - Fold 3, Epoch 40: Val Acc: 0.75%
2025-08-15 00:36:53,799 - INFO - Fold 3, Epoch 50: Val Acc: 0.72%
2025-08-15 00:36:55,921 - INFO - Fold 3, Epoch 60: Val Acc: 0.81%
2025-08-15 00:36:59,483 - INFO - Fold 3, Epoch 70: Val Acc: 0.66%
2025-08-15 00:37:01,695 - INFO - Fold 3, Epoch 80: Val Acc: 0.84%
2025-08-15 00:37:05,136 - INFO - Fold 3, Epoch 90: Val Acc: 0.88%
2025-08-15 00:37:07,453 - INFO - Fold 3, Epoch 100: Val Acc: 0.56%
2025-08-15 00:37:09,671 - INFO - Fold 3, Epoch 110: Val Acc: 0.75%
2025-08-15 00:37:11,888 - INFO - Fold 3, Epoch 120: Val Acc: 0.78%
2025-08-15 00:37:14,107 - INFO - Fold 3, Epoch 130: Val Acc: 0.59%
2025-08-15 00:37:16,301 - INFO - Fold 3, Epoch 140: Val Acc: 0.78%
2025-08-15 00:37:18,600 - INFO - Fold 3, Epoch 150: Val Acc: 0.72%
2025-08-15 00:37:22,266 - INFO - Fold 3, Epoch 160: Val Acc: 0.59%
2025-08-15 00:37:24,561 - INFO - Fold 3, Epoch 170: Val Acc: 0.69%
2025-08-15 00:37:26,870 - INFO - Fold 3, Epoch 180: Val Acc: 0.66%
2025-08-15 00:37:29,197 - INFO - Fold 3, Epoch 190: Val Acc: 0.72%
2025-08-15 00:37:31,447 - INFO - Fold 3, Epoch 200: Val Acc: 0.72%
2025-08-15 00:37:33,680 - INFO - Fold 3, Epoch 210: Val Acc: 0.62%
2025-08-15 00:37:35,907 - INFO - Fold 3, Epoch 220: Val Acc: 0.69%
2025-08-15 00:37:38,125 - INFO - Fold 3, Epoch 230: Val Acc: 0.72%
2025-08-15 00:37:40,310 - INFO - Fold 3, Epoch 240: Val Acc: 0.62%
2025-08-15 00:37:42,359 - INFO - Fold 3, Epoch 250: Val Acc: 0.91%
2025-08-15 00:37:43,708 - INFO - Early stopping at epoch 257
2025-08-15 00:37:44,782 - INFO - Cross-validation statistics for transformer: {'train_loss': {'mean': np.float64(3.9059254858228893), 'std': np.float64(0.05328570885315432)}, 'train_accuracy': {'mean': np.float64(0.7881944444444443), 'std': np.float64(0.043645156562418456)}, 'val_loss': {'mean': np.float64(4.153213818868001), 'std': np.float64(0.08243280774555017)}, 'val_accuracy': {'mean': np.float64(0.8958333333333334), 'std': np.float64(0.03897559777889522)}, 'epoch': {'mean': np.float64(101.66666666666667), 'std': np.float64(44.0933353492591)}}
[I 2025-08-15 00:37:44,789] Trial 115 finished with value: -0.8958333333333334 and parameters: {'learning_rate': 0.0007299936041013703, 'batch_size': 32, 'num_epochs': 937, 'temperature': 0.46858250245215705, 'embedding_dim': 128, 'hidden_dim': 256, 'dropout': 0.48237914302458496, 'num_layers': 5, 'num_heads': 8, 'noise_enabled': True, 'shift_enabled': False, 'scale_enabled': True, 'crop_enabled': True, 'flip_enabled': False, 'permutation_enabled': False, 'noise_level': 0.18014148182655865, 'crop_size': 0.5205235719375194}. Best is trial 92 with value: -0.9479166666666666.
Actual device being used: cuda
Attempting to load data from: /vol/ecrg-solar/woodj4/fishy-business/data/REIMS.xlsx
